<?xml version="1.0" encoding="UTF-8"?>
<testsuite xmlns:xsi="http://www.w3.org/2001/XMLSchema-instance" xsi:noNamespaceSchemaLocation="https://maven.apache.org/surefire/maven-surefire-plugin/xsd/surefire-test-report-3.0.xsd" version="3.0" name="TestSuite" time="4,804.613" tests="581" errors="0" skipped="0" failures="41">
  <properties>
    <property name="java.specification.version" value="18"/>
    <property name="sun.cpu.isalist" value="amd64"/>
    <property name="sun.jnu.encoding" value="Cp1252"/>
    <property name="java.class.path" value="C:\Users\SQE Labs\Desktop\Comcate-Framework\target\test-classes;C:\Users\SQE Labs\Desktop\Comcate-Framework\target\classes;C:\Users\SQE Labs\.m2\repository\org\seleniumhq\selenium\selenium-java\4.11.0\selenium-java-4.11.0.jar;C:\Users\SQE Labs\.m2\repository\org\seleniumhq\selenium\selenium-api\4.11.0\selenium-api-4.11.0.jar;C:\Users\SQE Labs\.m2\repository\org\seleniumhq\selenium\selenium-chrome-driver\4.11.0\selenium-chrome-driver-4.11.0.jar;C:\Users\SQE Labs\.m2\repository\com\google\auto\service\auto-service-annotations\1.0.1\auto-service-annotations-1.0.1.jar;C:\Users\SQE Labs\.m2\repository\org\seleniumhq\selenium\selenium-chromium-driver\4.11.0\selenium-chromium-driver-4.11.0.jar;C:\Users\SQE Labs\.m2\repository\org\seleniumhq\selenium\selenium-json\4.11.0\selenium-json-4.11.0.jar;C:\Users\SQE Labs\.m2\repository\org\seleniumhq\selenium\selenium-manager\4.11.0\selenium-manager-4.11.0.jar;C:\Users\SQE Labs\.m2\repository\org\seleniumhq\selenium\selenium-devtools-v113\4.11.0\selenium-devtools-v113-4.11.0.jar;C:\Users\SQE Labs\.m2\repository\org\seleniumhq\selenium\selenium-devtools-v114\4.11.0\selenium-devtools-v114-4.11.0.jar;C:\Users\SQE Labs\.m2\repository\org\seleniumhq\selenium\selenium-devtools-v115\4.11.0\selenium-devtools-v115-4.11.0.jar;C:\Users\SQE Labs\.m2\repository\org\seleniumhq\selenium\selenium-devtools-v85\4.11.0\selenium-devtools-v85-4.11.0.jar;C:\Users\SQE Labs\.m2\repository\org\seleniumhq\selenium\selenium-edge-driver\4.11.0\selenium-edge-driver-4.11.0.jar;C:\Users\SQE Labs\.m2\repository\org\seleniumhq\selenium\selenium-firefox-driver\4.11.0\selenium-firefox-driver-4.11.0.jar;C:\Users\SQE Labs\.m2\repository\org\seleniumhq\selenium\selenium-http\4.11.0\selenium-http-4.11.0.jar;C:\Users\SQE Labs\.m2\repository\dev\failsafe\failsafe\3.3.1\failsafe-3.3.1.jar;C:\Users\SQE Labs\.m2\repository\org\seleniumhq\selenium\selenium-ie-driver\4.11.0\selenium-ie-driver-4.11.0.jar;C:\Users\SQE Labs\.m2\repository\org\seleniumhq\selenium\selenium-remote-driver\4.11.0\selenium-remote-driver-4.11.0.jar;C:\Users\SQE Labs\.m2\repository\io\netty\netty-buffer\4.1.92.Final\netty-buffer-4.1.92.Final.jar;C:\Users\SQE Labs\.m2\repository\io\netty\netty-codec-http\4.1.92.Final\netty-codec-http-4.1.92.Final.jar;C:\Users\SQE Labs\.m2\repository\io\netty\netty-codec\4.1.92.Final\netty-codec-4.1.92.Final.jar;C:\Users\SQE Labs\.m2\repository\io\netty\netty-handler\4.1.92.Final\netty-handler-4.1.92.Final.jar;C:\Users\SQE Labs\.m2\repository\io\netty\netty-common\4.1.92.Final\netty-common-4.1.92.Final.jar;C:\Users\SQE Labs\.m2\repository\io\netty\netty-transport-classes-epoll\4.1.92.Final\netty-transport-classes-epoll-4.1.92.Final.jar;C:\Users\SQE Labs\.m2\repository\io\netty\netty-transport-classes-kqueue\4.1.92.Final\netty-transport-classes-kqueue-4.1.92.Final.jar;C:\Users\SQE Labs\.m2\repository\io\netty\netty-transport-native-epoll\4.1.92.Final\netty-transport-native-epoll-4.1.92.Final.jar;C:\Users\SQE Labs\.m2\repository\io\netty\netty-transport-native-kqueue\4.1.92.Final\netty-transport-native-kqueue-4.1.92.Final.jar;C:\Users\SQE Labs\.m2\repository\io\netty\netty-transport-native-unix-common\4.1.92.Final\netty-transport-native-unix-common-4.1.92.Final.jar;C:\Users\SQE Labs\.m2\repository\io\netty\netty-transport\4.1.92.Final\netty-transport-4.1.92.Final.jar;C:\Users\SQE Labs\.m2\repository\io\netty\netty-resolver\4.1.92.Final\netty-resolver-4.1.92.Final.jar;C:\Users\SQE Labs\.m2\repository\io\opentelemetry\opentelemetry-api\1.26.0\opentelemetry-api-1.26.0.jar;C:\Users\SQE Labs\.m2\repository\io\opentelemetry\opentelemetry-context\1.26.0\opentelemetry-context-1.26.0.jar;C:\Users\SQE Labs\.m2\repository\io\opentelemetry\opentelemetry-exporter-logging\1.26.0\opentelemetry-exporter-logging-1.26.0.jar;C:\Users\SQE Labs\.m2\repository\io\opentelemetry\opentelemetry-sdk-metrics\1.26.0\opentelemetry-sdk-metrics-1.26.0.jar;C:\Users\SQE Labs\.m2\repository\io\opentelemetry\opentelemetry-extension-incubator\1.26.0-alpha\opentelemetry-extension-incubator-1.26.0-alpha.jar;C:\Users\SQE Labs\.m2\repository\io\opentelemetry\opentelemetry-sdk-logs\1.26.0-alpha\opentelemetry-sdk-logs-1.26.0-alpha.jar;C:\Users\SQE Labs\.m2\repository\io\opentelemetry\opentelemetry-api-logs\1.26.0-alpha\opentelemetry-api-logs-1.26.0-alpha.jar;C:\Users\SQE Labs\.m2\repository\io\opentelemetry\opentelemetry-api-events\1.26.0-alpha\opentelemetry-api-events-1.26.0-alpha.jar;C:\Users\SQE Labs\.m2\repository\io\opentelemetry\opentelemetry-sdk-common\1.26.0\opentelemetry-sdk-common-1.26.0.jar;C:\Users\SQE Labs\.m2\repository\io\opentelemetry\opentelemetry-sdk-extension-autoconfigure-spi\1.26.0\opentelemetry-sdk-extension-autoconfigure-spi-1.26.0.jar;C:\Users\SQE Labs\.m2\repository\io\opentelemetry\opentelemetry-sdk-extension-autoconfigure\1.26.0-alpha\opentelemetry-sdk-extension-autoconfigure-1.26.0-alpha.jar;C:\Users\SQE Labs\.m2\repository\io\opentelemetry\opentelemetry-sdk-trace\1.26.0\opentelemetry-sdk-trace-1.26.0.jar;C:\Users\SQE Labs\.m2\repository\io\opentelemetry\opentelemetry-sdk\1.26.0\opentelemetry-sdk-1.26.0.jar;C:\Users\SQE Labs\.m2\repository\io\opentelemetry\opentelemetry-semconv\1.26.0-alpha\opentelemetry-semconv-1.26.0-alpha.jar;C:\Users\SQE Labs\.m2\repository\net\bytebuddy\byte-buddy\1.14.4\byte-buddy-1.14.4.jar;C:\Users\SQE Labs\.m2\repository\org\apache\commons\commons-exec\1.3\commons-exec-1.3.jar;C:\Users\SQE Labs\.m2\repository\org\asynchttpclient\async-http-client\2.12.3\async-http-client-2.12.3.jar;C:\Users\SQE Labs\.m2\repository\org\asynchttpclient\async-http-client-netty-utils\2.12.3\async-http-client-netty-utils-2.12.3.jar;C:\Users\SQE Labs\.m2\repository\io\netty\netty-codec-socks\4.1.60.Final\netty-codec-socks-4.1.60.Final.jar;C:\Users\SQE Labs\.m2\repository\io\netty\netty-handler-proxy\4.1.60.Final\netty-handler-proxy-4.1.60.Final.jar;C:\Users\SQE Labs\.m2\repository\io\netty\netty-transport-native-epoll\4.1.60.Final\netty-transport-native-epoll-4.1.60.Final-linux-x86_64.jar;C:\Users\SQE Labs\.m2\repository\io\netty\netty-transport-native-kqueue\4.1.60.Final\netty-transport-native-kqueue-4.1.60.Final-osx-x86_64.jar;C:\Users\SQE Labs\.m2\repository\com\typesafe\netty\netty-reactive-streams\2.0.4\netty-reactive-streams-2.0.4.jar;C:\Users\SQE Labs\.m2\repository\com\sun\activation\jakarta.activation\1.2.2\jakarta.activation-1.2.2.jar;C:\Users\SQE Labs\.m2\repository\org\seleniumhq\selenium\selenium-safari-driver\4.11.0\selenium-safari-driver-4.11.0.jar;C:\Users\SQE Labs\.m2\repository\org\seleniumhq\selenium\selenium-support\4.11.0\selenium-support-4.11.0.jar;C:\Users\SQE Labs\.m2\repository\org\testng\testng\7.5\testng-7.5.jar;C:\Users\SQE Labs\.m2\repository\com\google\code\findbugs\jsr305\3.0.1\jsr305-3.0.1.jar;C:\Users\SQE Labs\.m2\repository\org\slf4j\slf4j-api\1.7.32\slf4j-api-1.7.32.jar;C:\Users\SQE Labs\.m2\repository\com\beust\jcommander\1.78\jcommander-1.78.jar;C:\Users\SQE Labs\.m2\repository\org\webjars\jquery\3.5.1\jquery-3.5.1.jar;C:\Users\SQE Labs\.m2\repository\io\github\bonigarcia\webdrivermanager\5.3.3\webdrivermanager-5.3.3.jar;C:\Users\SQE Labs\.m2\repository\com\google\code\gson\gson\2.10.1\gson-2.10.1.jar;C:\Users\SQE Labs\.m2\repository\com\github\docker-java\docker-java\3.3.0\docker-java-3.3.0.jar;C:\Users\SQE Labs\.m2\repository\com\github\docker-java\docker-java-core\3.3.0\docker-java-core-3.3.0.jar;C:\Users\SQE Labs\.m2\repository\com\github\docker-java\docker-java-api\3.3.0\docker-java-api-3.3.0.jar;C:\Users\SQE Labs\.m2\repository\org\bouncycastle\bcpkix-jdk15on\1.64\bcpkix-jdk15on-1.64.jar;C:\Users\SQE Labs\.m2\repository\org\bouncycastle\bcprov-jdk15on\1.64\bcprov-jdk15on-1.64.jar;C:\Users\SQE Labs\.m2\repository\org\slf4j\jcl-over-slf4j\1.7.30\jcl-over-slf4j-1.7.30.jar;C:\Users\SQE Labs\.m2\repository\com\github\docker-java\docker-java-transport-httpclient5\3.3.0\docker-java-transport-httpclient5-3.3.0.jar;C:\Users\SQE Labs\.m2\repository\com\github\docker-java\docker-java-transport\3.3.0\docker-java-transport-3.3.0.jar;C:\Users\SQE Labs\.m2\repository\net\java\dev\jna\jna\5.12.1\jna-5.12.1.jar;C:\Users\SQE Labs\.m2\repository\org\brotli\dec\0.1.2\dec-0.1.2.jar;C:\Users\SQE Labs\.m2\repository\org\apache\commons\commons-lang3\3.12.0\commons-lang3-3.12.0.jar;C:\Users\SQE Labs\.m2\repository\org\apache\httpcomponents\client5\httpclient5\5.2.1\httpclient5-5.2.1.jar;C:\Users\SQE Labs\.m2\repository\org\apache\httpcomponents\core5\httpcore5\5.2\httpcore5-5.2.jar;C:\Users\SQE Labs\.m2\repository\org\apache\httpcomponents\core5\httpcore5-h2\5.2\httpcore5-h2-5.2.jar;C:\Users\SQE Labs\.m2\repository\junit\junit-dep\4.8.2\junit-dep-4.8.2.jar;C:\Users\SQE Labs\.m2\repository\org\hamcrest\hamcrest-core\1.1\hamcrest-core-1.1.jar;C:\Users\SQE Labs\.m2\repository\io\reactivex\rxjava3\rxjava\3.0.4\rxjava-3.0.4.jar;C:\Users\SQE Labs\.m2\repository\org\reactivestreams\reactive-streams\1.0.3\reactive-streams-1.0.3.jar;C:\Users\SQE Labs\.m2\repository\org\apache\poi\poi\4.1.2\poi-4.1.2.jar;C:\Users\SQE Labs\.m2\repository\commons-codec\commons-codec\1.13\commons-codec-1.13.jar;C:\Users\SQE Labs\.m2\repository\org\apache\commons\commons-collections4\4.4\commons-collections4-4.4.jar;C:\Users\SQE Labs\.m2\repository\org\apache\commons\commons-math3\3.6.1\commons-math3-3.6.1.jar;C:\Users\SQE Labs\.m2\repository\com\zaxxer\SparseBitSet\1.2\SparseBitSet-1.2.jar;C:\Users\SQE Labs\.m2\repository\org\apache\poi\poi-ooxml\4.1.2\poi-ooxml-4.1.2.jar;C:\Users\SQE Labs\.m2\repository\org\apache\poi\poi-ooxml-schemas\4.1.2\poi-ooxml-schemas-4.1.2.jar;C:\Users\SQE Labs\.m2\repository\org\apache\xmlbeans\xmlbeans\3.1.0\xmlbeans-3.1.0.jar;C:\Users\SQE Labs\.m2\repository\org\apache\commons\commons-compress\1.19\commons-compress-1.19.jar;C:\Users\SQE Labs\.m2\repository\com\github\virtuald\curvesapi\1.06\curvesapi-1.06.jar;C:\Users\SQE Labs\.m2\repository\com\twilio\sdk\twilio\9.1.4\twilio-9.1.4.jar;C:\Users\SQE Labs\.m2\repository\commons-io\commons-io\2.7\commons-io-2.7.jar;C:\Users\SQE Labs\.m2\repository\io\jsonwebtoken\jjwt-api\0.11.2\jjwt-api-0.11.2.jar;C:\Users\SQE Labs\.m2\repository\io\jsonwebtoken\jjwt-jackson\0.11.2\jjwt-jackson-0.11.2.jar;C:\Users\SQE Labs\.m2\repository\io\jsonwebtoken\jjwt-impl\0.11.2\jjwt-impl-0.11.2.jar;C:\Users\SQE Labs\.m2\repository\org\apache\httpcomponents\httpclient\4.5.13\httpclient-4.5.13.jar;C:\Users\SQE Labs\.m2\repository\commons-logging\commons-logging\1.2\commons-logging-1.2.jar;C:\Users\SQE Labs\.m2\repository\org\apache\httpcomponents\httpcore\4.4.13\httpcore-4.4.13.jar;C:\Users\SQE Labs\.m2\repository\com\fasterxml\jackson\core\jackson-core\2.14.0\jackson-core-2.14.0.jar;C:\Users\SQE Labs\.m2\repository\com\fasterxml\jackson\core\jackson-annotations\2.14.0\jackson-annotations-2.14.0.jar;C:\Users\SQE Labs\.m2\repository\com\fasterxml\jackson\core\jackson-databind\2.14.0\jackson-databind-2.14.0.jar;C:\Users\SQE Labs\.m2\repository\com\fasterxml\jackson\datatype\jackson-datatype-jsr310\2.14.0\jackson-datatype-jsr310-2.14.0.jar;C:\Users\SQE Labs\.m2\repository\com\fasterxml\jackson\dataformat\jackson-dataformat-xml\2.14.0\jackson-dataformat-xml-2.14.0.jar;C:\Users\SQE Labs\.m2\repository\org\codehaus\woodstox\stax2-api\4.2.1\stax2-api-4.2.1.jar;C:\Users\SQE Labs\.m2\repository\com\fasterxml\woodstox\woodstox-core\6.4.0\woodstox-core-6.4.0.jar;C:\Users\SQE Labs\.m2\repository\org\json\json\20220320\json-20220320.jar;C:\Users\SQE Labs\.m2\repository\com\google\api-client\google-api-client\2.1.0\google-api-client-2.1.0.jar;C:\Users\SQE Labs\.m2\repository\com\google\oauth-client\google-oauth-client\1.34.1\google-oauth-client-1.34.1.jar;C:\Users\SQE Labs\.m2\repository\com\google\http-client\google-http-client-gson\1.42.3\google-http-client-gson-1.42.3.jar;C:\Users\SQE Labs\.m2\repository\com\google\guava\guava\31.1-jre\guava-31.1-jre.jar;C:\Users\SQE Labs\.m2\repository\com\google\guava\failureaccess\1.0.1\failureaccess-1.0.1.jar;C:\Users\SQE Labs\.m2\repository\com\google\guava\listenablefuture\9999.0-empty-to-avoid-conflict-with-guava\listenablefuture-9999.0-empty-to-avoid-conflict-with-guava.jar;C:\Users\SQE Labs\.m2\repository\org\checkerframework\checker-qual\3.12.0\checker-qual-3.12.0.jar;C:\Users\SQE Labs\.m2\repository\com\google\errorprone\error_prone_annotations\2.11.0\error_prone_annotations-2.11.0.jar;C:\Users\SQE Labs\.m2\repository\com\google\j2objc\j2objc-annotations\1.3\j2objc-annotations-1.3.jar;C:\Users\SQE Labs\.m2\repository\com\google\http-client\google-http-client-apache-v2\1.42.3\google-http-client-apache-v2-1.42.3.jar;C:\Users\SQE Labs\.m2\repository\com\google\http-client\google-http-client\1.42.3\google-http-client-1.42.3.jar;C:\Users\SQE Labs\.m2\repository\io\opencensus\opencensus-api\0.31.1\opencensus-api-0.31.1.jar;C:\Users\SQE Labs\.m2\repository\io\grpc\grpc-context\1.27.2\grpc-context-1.27.2.jar;C:\Users\SQE Labs\.m2\repository\io\opencensus\opencensus-contrib-http-util\0.31.1\opencensus-contrib-http-util-0.31.1.jar;C:\Users\SQE Labs\.m2\repository\io\rest-assured\json-path\5.3.0\json-path-5.3.0.jar;C:\Users\SQE Labs\.m2\repository\org\apache\groovy\groovy-json\4.0.6\groovy-json-4.0.6.jar;C:\Users\SQE Labs\.m2\repository\org\apache\groovy\groovy\4.0.6\groovy-4.0.6.jar;C:\Users\SQE Labs\.m2\repository\com\google\oauth-client\google-oauth-client-jetty\1.34.1\google-oauth-client-jetty-1.34.1.jar;C:\Users\SQE Labs\.m2\repository\com\google\oauth-client\google-oauth-client-java6\1.34.1\google-oauth-client-java6-1.34.1.jar;C:\Users\SQE Labs\.m2\repository\com\google\apis\google-api-services-gmail\v1-rev20220404-2.0.0\google-api-services-gmail-v1-rev20220404-2.0.0.jar;C:\Users\SQE Labs\.m2\repository\javax\mail\javax.mail-api\1.6.2\javax.mail-api-1.6.2.jar;C:\Users\SQE Labs\.m2\repository\org\jsoup\jsoup\1.15.3\jsoup-1.15.3.jar;C:\Users\SQE Labs\.m2\repository\io\rest-assured\rest-assured\5.3.0\rest-assured-5.3.0.jar;C:\Users\SQE Labs\.m2\repository\org\apache\groovy\groovy-xml\4.0.6\groovy-xml-4.0.6.jar;C:\Users\SQE Labs\.m2\repository\org\apache\httpcomponents\httpmime\4.5.13\httpmime-4.5.13.jar;C:\Users\SQE Labs\.m2\repository\org\hamcrest\hamcrest\2.1\hamcrest-2.1.jar;C:\Users\SQE Labs\.m2\repository\org\ccil\cowan\tagsoup\tagsoup\1.2.1\tagsoup-1.2.1.jar;C:\Users\SQE Labs\.m2\repository\io\rest-assured\xml-path\5.3.0\xml-path-5.3.0.jar;C:\Users\SQE Labs\.m2\repository\io\rest-assured\rest-assured-common\5.3.0\rest-assured-common-5.3.0.jar;C:\Users\SQE Labs\.m2\repository\com\sun\mail\javax.mail\1.6.2\javax.mail-1.6.2.jar;C:\Users\SQE Labs\.m2\repository\javax\activation\activation\1.1\activation-1.1.jar;C:\Users\SQE Labs\.m2\repository\com\aventstack\extentreports\5.1.1\extentreports-5.1.1.jar;C:\Users\SQE Labs\.m2\repository\org\freemarker\freemarker\2.3.32\freemarker-2.3.32.jar;C:\Users\SQE Labs\.m2\repository\org\projectlombok\lombok\1.18.26\lombok-1.18.26.jar;C:\Users\SQE Labs\.m2\repository\junit\junit\4.13.1\junit-4.13.1.jar;C:\Users\SQE Labs\.m2\repository\org\apache\logging\log4j\log4j-core\2.20.0\log4j-core-2.20.0.jar;C:\Users\SQE Labs\.m2\repository\org\apache\logging\log4j\log4j-api\2.20.0\log4j-api-2.20.0.jar;C:\Users\SQE Labs\.m2\repository\log4j\log4j\1.2.17\log4j-1.2.17.jar;C:\Users\SQE Labs\.m2\repository\org\sonarsource\scanner\maven\sonar-maven-plugin\3.8.0.2131\sonar-maven-plugin-3.8.0.2131.jar;C:\Users\SQE Labs\.m2\repository\org\sonatype\plexus\plexus-sec-dispatcher\1.4\plexus-sec-dispatcher-1.4.jar;C:\Users\SQE Labs\.m2\repository\org\sonatype\plexus\plexus-cipher\1.4\plexus-cipher-1.4.jar;C:\Users\SQE Labs\.m2\repository\org\codehaus\plexus\plexus-utils\3.2.1\plexus-utils-3.2.1.jar;C:\Users\SQE Labs\.m2\repository\org\sonarsource\scanner\api\sonar-scanner-api\2.16.0.226\sonar-scanner-api-2.16.0.226.jar;C:\Users\SQE Labs\.m2\repository\commons-lang\commons-lang\2.6\commons-lang-2.6.jar;"/>
    <property name="java.vm.vendor" value="Oracle Corporation"/>
    <property name="sun.arch.data.model" value="64"/>
    <property name="user.variant" value=""/>
    <property name="java.vendor.url" value="https://java.oracle.com/"/>
    <property name="user.timezone" value="Asia/Calcutta"/>
    <property name="os.name" value="Windows 11"/>
    <property name="java.vm.specification.version" value="18"/>
    <property name="sun.java.launcher" value="SUN_STANDARD"/>
    <property name="user.country" value="US"/>
    <property name="sun.boot.library.path" value="C:\Program Files\Java\jdk-18.0.2.1\bin"/>
    <property name="sun.java.command" value="C:\Users\SQE Labs\AppData\Local\Temp\surefire15489640868185552143\surefirebooter10588150533752561406.jar C:\Users\SQE Labs\AppData\Local\Temp\surefire15489640868185552143 2024-07-25T23-47-38_729-jvmRun1 surefire17315651424343841574tmp surefire_06322552695208799204tmp"/>
    <property name="jdk.debug" value="release"/>
    <property name="surefire.test.class.path" value="C:\Users\SQE Labs\Desktop\Comcate-Framework\target\test-classes;C:\Users\SQE Labs\Desktop\Comcate-Framework\target\classes;C:\Users\SQE Labs\.m2\repository\org\seleniumhq\selenium\selenium-java\4.11.0\selenium-java-4.11.0.jar;C:\Users\SQE Labs\.m2\repository\org\seleniumhq\selenium\selenium-api\4.11.0\selenium-api-4.11.0.jar;C:\Users\SQE Labs\.m2\repository\org\seleniumhq\selenium\selenium-chrome-driver\4.11.0\selenium-chrome-driver-4.11.0.jar;C:\Users\SQE Labs\.m2\repository\com\google\auto\service\auto-service-annotations\1.0.1\auto-service-annotations-1.0.1.jar;C:\Users\SQE Labs\.m2\repository\org\seleniumhq\selenium\selenium-chromium-driver\4.11.0\selenium-chromium-driver-4.11.0.jar;C:\Users\SQE Labs\.m2\repository\org\seleniumhq\selenium\selenium-json\4.11.0\selenium-json-4.11.0.jar;C:\Users\SQE Labs\.m2\repository\org\seleniumhq\selenium\selenium-manager\4.11.0\selenium-manager-4.11.0.jar;C:\Users\SQE Labs\.m2\repository\org\seleniumhq\selenium\selenium-devtools-v113\4.11.0\selenium-devtools-v113-4.11.0.jar;C:\Users\SQE Labs\.m2\repository\org\seleniumhq\selenium\selenium-devtools-v114\4.11.0\selenium-devtools-v114-4.11.0.jar;C:\Users\SQE Labs\.m2\repository\org\seleniumhq\selenium\selenium-devtools-v115\4.11.0\selenium-devtools-v115-4.11.0.jar;C:\Users\SQE Labs\.m2\repository\org\seleniumhq\selenium\selenium-devtools-v85\4.11.0\selenium-devtools-v85-4.11.0.jar;C:\Users\SQE Labs\.m2\repository\org\seleniumhq\selenium\selenium-edge-driver\4.11.0\selenium-edge-driver-4.11.0.jar;C:\Users\SQE Labs\.m2\repository\org\seleniumhq\selenium\selenium-firefox-driver\4.11.0\selenium-firefox-driver-4.11.0.jar;C:\Users\SQE Labs\.m2\repository\org\seleniumhq\selenium\selenium-http\4.11.0\selenium-http-4.11.0.jar;C:\Users\SQE Labs\.m2\repository\dev\failsafe\failsafe\3.3.1\failsafe-3.3.1.jar;C:\Users\SQE Labs\.m2\repository\org\seleniumhq\selenium\selenium-ie-driver\4.11.0\selenium-ie-driver-4.11.0.jar;C:\Users\SQE Labs\.m2\repository\org\seleniumhq\selenium\selenium-remote-driver\4.11.0\selenium-remote-driver-4.11.0.jar;C:\Users\SQE Labs\.m2\repository\io\netty\netty-buffer\4.1.92.Final\netty-buffer-4.1.92.Final.jar;C:\Users\SQE Labs\.m2\repository\io\netty\netty-codec-http\4.1.92.Final\netty-codec-http-4.1.92.Final.jar;C:\Users\SQE Labs\.m2\repository\io\netty\netty-codec\4.1.92.Final\netty-codec-4.1.92.Final.jar;C:\Users\SQE Labs\.m2\repository\io\netty\netty-handler\4.1.92.Final\netty-handler-4.1.92.Final.jar;C:\Users\SQE Labs\.m2\repository\io\netty\netty-common\4.1.92.Final\netty-common-4.1.92.Final.jar;C:\Users\SQE Labs\.m2\repository\io\netty\netty-transport-classes-epoll\4.1.92.Final\netty-transport-classes-epoll-4.1.92.Final.jar;C:\Users\SQE Labs\.m2\repository\io\netty\netty-transport-classes-kqueue\4.1.92.Final\netty-transport-classes-kqueue-4.1.92.Final.jar;C:\Users\SQE Labs\.m2\repository\io\netty\netty-transport-native-epoll\4.1.92.Final\netty-transport-native-epoll-4.1.92.Final.jar;C:\Users\SQE Labs\.m2\repository\io\netty\netty-transport-native-kqueue\4.1.92.Final\netty-transport-native-kqueue-4.1.92.Final.jar;C:\Users\SQE Labs\.m2\repository\io\netty\netty-transport-native-unix-common\4.1.92.Final\netty-transport-native-unix-common-4.1.92.Final.jar;C:\Users\SQE Labs\.m2\repository\io\netty\netty-transport\4.1.92.Final\netty-transport-4.1.92.Final.jar;C:\Users\SQE Labs\.m2\repository\io\netty\netty-resolver\4.1.92.Final\netty-resolver-4.1.92.Final.jar;C:\Users\SQE Labs\.m2\repository\io\opentelemetry\opentelemetry-api\1.26.0\opentelemetry-api-1.26.0.jar;C:\Users\SQE Labs\.m2\repository\io\opentelemetry\opentelemetry-context\1.26.0\opentelemetry-context-1.26.0.jar;C:\Users\SQE Labs\.m2\repository\io\opentelemetry\opentelemetry-exporter-logging\1.26.0\opentelemetry-exporter-logging-1.26.0.jar;C:\Users\SQE Labs\.m2\repository\io\opentelemetry\opentelemetry-sdk-metrics\1.26.0\opentelemetry-sdk-metrics-1.26.0.jar;C:\Users\SQE Labs\.m2\repository\io\opentelemetry\opentelemetry-extension-incubator\1.26.0-alpha\opentelemetry-extension-incubator-1.26.0-alpha.jar;C:\Users\SQE Labs\.m2\repository\io\opentelemetry\opentelemetry-sdk-logs\1.26.0-alpha\opentelemetry-sdk-logs-1.26.0-alpha.jar;C:\Users\SQE Labs\.m2\repository\io\opentelemetry\opentelemetry-api-logs\1.26.0-alpha\opentelemetry-api-logs-1.26.0-alpha.jar;C:\Users\SQE Labs\.m2\repository\io\opentelemetry\opentelemetry-api-events\1.26.0-alpha\opentelemetry-api-events-1.26.0-alpha.jar;C:\Users\SQE Labs\.m2\repository\io\opentelemetry\opentelemetry-sdk-common\1.26.0\opentelemetry-sdk-common-1.26.0.jar;C:\Users\SQE Labs\.m2\repository\io\opentelemetry\opentelemetry-sdk-extension-autoconfigure-spi\1.26.0\opentelemetry-sdk-extension-autoconfigure-spi-1.26.0.jar;C:\Users\SQE Labs\.m2\repository\io\opentelemetry\opentelemetry-sdk-extension-autoconfigure\1.26.0-alpha\opentelemetry-sdk-extension-autoconfigure-1.26.0-alpha.jar;C:\Users\SQE Labs\.m2\repository\io\opentelemetry\opentelemetry-sdk-trace\1.26.0\opentelemetry-sdk-trace-1.26.0.jar;C:\Users\SQE Labs\.m2\repository\io\opentelemetry\opentelemetry-sdk\1.26.0\opentelemetry-sdk-1.26.0.jar;C:\Users\SQE Labs\.m2\repository\io\opentelemetry\opentelemetry-semconv\1.26.0-alpha\opentelemetry-semconv-1.26.0-alpha.jar;C:\Users\SQE Labs\.m2\repository\net\bytebuddy\byte-buddy\1.14.4\byte-buddy-1.14.4.jar;C:\Users\SQE Labs\.m2\repository\org\apache\commons\commons-exec\1.3\commons-exec-1.3.jar;C:\Users\SQE Labs\.m2\repository\org\asynchttpclient\async-http-client\2.12.3\async-http-client-2.12.3.jar;C:\Users\SQE Labs\.m2\repository\org\asynchttpclient\async-http-client-netty-utils\2.12.3\async-http-client-netty-utils-2.12.3.jar;C:\Users\SQE Labs\.m2\repository\io\netty\netty-codec-socks\4.1.60.Final\netty-codec-socks-4.1.60.Final.jar;C:\Users\SQE Labs\.m2\repository\io\netty\netty-handler-proxy\4.1.60.Final\netty-handler-proxy-4.1.60.Final.jar;C:\Users\SQE Labs\.m2\repository\io\netty\netty-transport-native-epoll\4.1.60.Final\netty-transport-native-epoll-4.1.60.Final-linux-x86_64.jar;C:\Users\SQE Labs\.m2\repository\io\netty\netty-transport-native-kqueue\4.1.60.Final\netty-transport-native-kqueue-4.1.60.Final-osx-x86_64.jar;C:\Users\SQE Labs\.m2\repository\com\typesafe\netty\netty-reactive-streams\2.0.4\netty-reactive-streams-2.0.4.jar;C:\Users\SQE Labs\.m2\repository\com\sun\activation\jakarta.activation\1.2.2\jakarta.activation-1.2.2.jar;C:\Users\SQE Labs\.m2\repository\org\seleniumhq\selenium\selenium-safari-driver\4.11.0\selenium-safari-driver-4.11.0.jar;C:\Users\SQE Labs\.m2\repository\org\seleniumhq\selenium\selenium-support\4.11.0\selenium-support-4.11.0.jar;C:\Users\SQE Labs\.m2\repository\org\testng\testng\7.5\testng-7.5.jar;C:\Users\SQE Labs\.m2\repository\com\google\code\findbugs\jsr305\3.0.1\jsr305-3.0.1.jar;C:\Users\SQE Labs\.m2\repository\org\slf4j\slf4j-api\1.7.32\slf4j-api-1.7.32.jar;C:\Users\SQE Labs\.m2\repository\com\beust\jcommander\1.78\jcommander-1.78.jar;C:\Users\SQE Labs\.m2\repository\org\webjars\jquery\3.5.1\jquery-3.5.1.jar;C:\Users\SQE Labs\.m2\repository\io\github\bonigarcia\webdrivermanager\5.3.3\webdrivermanager-5.3.3.jar;C:\Users\SQE Labs\.m2\repository\com\google\code\gson\gson\2.10.1\gson-2.10.1.jar;C:\Users\SQE Labs\.m2\repository\com\github\docker-java\docker-java\3.3.0\docker-java-3.3.0.jar;C:\Users\SQE Labs\.m2\repository\com\github\docker-java\docker-java-core\3.3.0\docker-java-core-3.3.0.jar;C:\Users\SQE Labs\.m2\repository\com\github\docker-java\docker-java-api\3.3.0\docker-java-api-3.3.0.jar;C:\Users\SQE Labs\.m2\repository\org\bouncycastle\bcpkix-jdk15on\1.64\bcpkix-jdk15on-1.64.jar;C:\Users\SQE Labs\.m2\repository\org\bouncycastle\bcprov-jdk15on\1.64\bcprov-jdk15on-1.64.jar;C:\Users\SQE Labs\.m2\repository\org\slf4j\jcl-over-slf4j\1.7.30\jcl-over-slf4j-1.7.30.jar;C:\Users\SQE Labs\.m2\repository\com\github\docker-java\docker-java-transport-httpclient5\3.3.0\docker-java-transport-httpclient5-3.3.0.jar;C:\Users\SQE Labs\.m2\repository\com\github\docker-java\docker-java-transport\3.3.0\docker-java-transport-3.3.0.jar;C:\Users\SQE Labs\.m2\repository\net\java\dev\jna\jna\5.12.1\jna-5.12.1.jar;C:\Users\SQE Labs\.m2\repository\org\brotli\dec\0.1.2\dec-0.1.2.jar;C:\Users\SQE Labs\.m2\repository\org\apache\commons\commons-lang3\3.12.0\commons-lang3-3.12.0.jar;C:\Users\SQE Labs\.m2\repository\org\apache\httpcomponents\client5\httpclient5\5.2.1\httpclient5-5.2.1.jar;C:\Users\SQE Labs\.m2\repository\org\apache\httpcomponents\core5\httpcore5\5.2\httpcore5-5.2.jar;C:\Users\SQE Labs\.m2\repository\org\apache\httpcomponents\core5\httpcore5-h2\5.2\httpcore5-h2-5.2.jar;C:\Users\SQE Labs\.m2\repository\junit\junit-dep\4.8.2\junit-dep-4.8.2.jar;C:\Users\SQE Labs\.m2\repository\org\hamcrest\hamcrest-core\1.1\hamcrest-core-1.1.jar;C:\Users\SQE Labs\.m2\repository\io\reactivex\rxjava3\rxjava\3.0.4\rxjava-3.0.4.jar;C:\Users\SQE Labs\.m2\repository\org\reactivestreams\reactive-streams\1.0.3\reactive-streams-1.0.3.jar;C:\Users\SQE Labs\.m2\repository\org\apache\poi\poi\4.1.2\poi-4.1.2.jar;C:\Users\SQE Labs\.m2\repository\commons-codec\commons-codec\1.13\commons-codec-1.13.jar;C:\Users\SQE Labs\.m2\repository\org\apache\commons\commons-collections4\4.4\commons-collections4-4.4.jar;C:\Users\SQE Labs\.m2\repository\org\apache\commons\commons-math3\3.6.1\commons-math3-3.6.1.jar;C:\Users\SQE Labs\.m2\repository\com\zaxxer\SparseBitSet\1.2\SparseBitSet-1.2.jar;C:\Users\SQE Labs\.m2\repository\org\apache\poi\poi-ooxml\4.1.2\poi-ooxml-4.1.2.jar;C:\Users\SQE Labs\.m2\repository\org\apache\poi\poi-ooxml-schemas\4.1.2\poi-ooxml-schemas-4.1.2.jar;C:\Users\SQE Labs\.m2\repository\org\apache\xmlbeans\xmlbeans\3.1.0\xmlbeans-3.1.0.jar;C:\Users\SQE Labs\.m2\repository\org\apache\commons\commons-compress\1.19\commons-compress-1.19.jar;C:\Users\SQE Labs\.m2\repository\com\github\virtuald\curvesapi\1.06\curvesapi-1.06.jar;C:\Users\SQE Labs\.m2\repository\com\twilio\sdk\twilio\9.1.4\twilio-9.1.4.jar;C:\Users\SQE Labs\.m2\repository\commons-io\commons-io\2.7\commons-io-2.7.jar;C:\Users\SQE Labs\.m2\repository\io\jsonwebtoken\jjwt-api\0.11.2\jjwt-api-0.11.2.jar;C:\Users\SQE Labs\.m2\repository\io\jsonwebtoken\jjwt-jackson\0.11.2\jjwt-jackson-0.11.2.jar;C:\Users\SQE Labs\.m2\repository\io\jsonwebtoken\jjwt-impl\0.11.2\jjwt-impl-0.11.2.jar;C:\Users\SQE Labs\.m2\repository\org\apache\httpcomponents\httpclient\4.5.13\httpclient-4.5.13.jar;C:\Users\SQE Labs\.m2\repository\commons-logging\commons-logging\1.2\commons-logging-1.2.jar;C:\Users\SQE Labs\.m2\repository\org\apache\httpcomponents\httpcore\4.4.13\httpcore-4.4.13.jar;C:\Users\SQE Labs\.m2\repository\com\fasterxml\jackson\core\jackson-core\2.14.0\jackson-core-2.14.0.jar;C:\Users\SQE Labs\.m2\repository\com\fasterxml\jackson\core\jackson-annotations\2.14.0\jackson-annotations-2.14.0.jar;C:\Users\SQE Labs\.m2\repository\com\fasterxml\jackson\core\jackson-databind\2.14.0\jackson-databind-2.14.0.jar;C:\Users\SQE Labs\.m2\repository\com\fasterxml\jackson\datatype\jackson-datatype-jsr310\2.14.0\jackson-datatype-jsr310-2.14.0.jar;C:\Users\SQE Labs\.m2\repository\com\fasterxml\jackson\dataformat\jackson-dataformat-xml\2.14.0\jackson-dataformat-xml-2.14.0.jar;C:\Users\SQE Labs\.m2\repository\org\codehaus\woodstox\stax2-api\4.2.1\stax2-api-4.2.1.jar;C:\Users\SQE Labs\.m2\repository\com\fasterxml\woodstox\woodstox-core\6.4.0\woodstox-core-6.4.0.jar;C:\Users\SQE Labs\.m2\repository\org\json\json\20220320\json-20220320.jar;C:\Users\SQE Labs\.m2\repository\com\google\api-client\google-api-client\2.1.0\google-api-client-2.1.0.jar;C:\Users\SQE Labs\.m2\repository\com\google\oauth-client\google-oauth-client\1.34.1\google-oauth-client-1.34.1.jar;C:\Users\SQE Labs\.m2\repository\com\google\http-client\google-http-client-gson\1.42.3\google-http-client-gson-1.42.3.jar;C:\Users\SQE Labs\.m2\repository\com\google\guava\guava\31.1-jre\guava-31.1-jre.jar;C:\Users\SQE Labs\.m2\repository\com\google\guava\failureaccess\1.0.1\failureaccess-1.0.1.jar;C:\Users\SQE Labs\.m2\repository\com\google\guava\listenablefuture\9999.0-empty-to-avoid-conflict-with-guava\listenablefuture-9999.0-empty-to-avoid-conflict-with-guava.jar;C:\Users\SQE Labs\.m2\repository\org\checkerframework\checker-qual\3.12.0\checker-qual-3.12.0.jar;C:\Users\SQE Labs\.m2\repository\com\google\errorprone\error_prone_annotations\2.11.0\error_prone_annotations-2.11.0.jar;C:\Users\SQE Labs\.m2\repository\com\google\j2objc\j2objc-annotations\1.3\j2objc-annotations-1.3.jar;C:\Users\SQE Labs\.m2\repository\com\google\http-client\google-http-client-apache-v2\1.42.3\google-http-client-apache-v2-1.42.3.jar;C:\Users\SQE Labs\.m2\repository\com\google\http-client\google-http-client\1.42.3\google-http-client-1.42.3.jar;C:\Users\SQE Labs\.m2\repository\io\opencensus\opencensus-api\0.31.1\opencensus-api-0.31.1.jar;C:\Users\SQE Labs\.m2\repository\io\grpc\grpc-context\1.27.2\grpc-context-1.27.2.jar;C:\Users\SQE Labs\.m2\repository\io\opencensus\opencensus-contrib-http-util\0.31.1\opencensus-contrib-http-util-0.31.1.jar;C:\Users\SQE Labs\.m2\repository\io\rest-assured\json-path\5.3.0\json-path-5.3.0.jar;C:\Users\SQE Labs\.m2\repository\org\apache\groovy\groovy-json\4.0.6\groovy-json-4.0.6.jar;C:\Users\SQE Labs\.m2\repository\org\apache\groovy\groovy\4.0.6\groovy-4.0.6.jar;C:\Users\SQE Labs\.m2\repository\com\google\oauth-client\google-oauth-client-jetty\1.34.1\google-oauth-client-jetty-1.34.1.jar;C:\Users\SQE Labs\.m2\repository\com\google\oauth-client\google-oauth-client-java6\1.34.1\google-oauth-client-java6-1.34.1.jar;C:\Users\SQE Labs\.m2\repository\com\google\apis\google-api-services-gmail\v1-rev20220404-2.0.0\google-api-services-gmail-v1-rev20220404-2.0.0.jar;C:\Users\SQE Labs\.m2\repository\javax\mail\javax.mail-api\1.6.2\javax.mail-api-1.6.2.jar;C:\Users\SQE Labs\.m2\repository\org\jsoup\jsoup\1.15.3\jsoup-1.15.3.jar;C:\Users\SQE Labs\.m2\repository\io\rest-assured\rest-assured\5.3.0\rest-assured-5.3.0.jar;C:\Users\SQE Labs\.m2\repository\org\apache\groovy\groovy-xml\4.0.6\groovy-xml-4.0.6.jar;C:\Users\SQE Labs\.m2\repository\org\apache\httpcomponents\httpmime\4.5.13\httpmime-4.5.13.jar;C:\Users\SQE Labs\.m2\repository\org\hamcrest\hamcrest\2.1\hamcrest-2.1.jar;C:\Users\SQE Labs\.m2\repository\org\ccil\cowan\tagsoup\tagsoup\1.2.1\tagsoup-1.2.1.jar;C:\Users\SQE Labs\.m2\repository\io\rest-assured\xml-path\5.3.0\xml-path-5.3.0.jar;C:\Users\SQE Labs\.m2\repository\io\rest-assured\rest-assured-common\5.3.0\rest-assured-common-5.3.0.jar;C:\Users\SQE Labs\.m2\repository\com\sun\mail\javax.mail\1.6.2\javax.mail-1.6.2.jar;C:\Users\SQE Labs\.m2\repository\javax\activation\activation\1.1\activation-1.1.jar;C:\Users\SQE Labs\.m2\repository\com\aventstack\extentreports\5.1.1\extentreports-5.1.1.jar;C:\Users\SQE Labs\.m2\repository\org\freemarker\freemarker\2.3.32\freemarker-2.3.32.jar;C:\Users\SQE Labs\.m2\repository\org\projectlombok\lombok\1.18.26\lombok-1.18.26.jar;C:\Users\SQE Labs\.m2\repository\junit\junit\4.13.1\junit-4.13.1.jar;C:\Users\SQE Labs\.m2\repository\org\apache\logging\log4j\log4j-core\2.20.0\log4j-core-2.20.0.jar;C:\Users\SQE Labs\.m2\repository\org\apache\logging\log4j\log4j-api\2.20.0\log4j-api-2.20.0.jar;C:\Users\SQE Labs\.m2\repository\log4j\log4j\1.2.17\log4j-1.2.17.jar;C:\Users\SQE Labs\.m2\repository\org\sonarsource\scanner\maven\sonar-maven-plugin\3.8.0.2131\sonar-maven-plugin-3.8.0.2131.jar;C:\Users\SQE Labs\.m2\repository\org\sonatype\plexus\plexus-sec-dispatcher\1.4\plexus-sec-dispatcher-1.4.jar;C:\Users\SQE Labs\.m2\repository\org\sonatype\plexus\plexus-cipher\1.4\plexus-cipher-1.4.jar;C:\Users\SQE Labs\.m2\repository\org\codehaus\plexus\plexus-utils\3.2.1\plexus-utils-3.2.1.jar;C:\Users\SQE Labs\.m2\repository\org\sonarsource\scanner\api\sonar-scanner-api\2.16.0.226\sonar-scanner-api-2.16.0.226.jar;C:\Users\SQE Labs\.m2\repository\commons-lang\commons-lang\2.6\commons-lang-2.6.jar;"/>
    <property name="sun.cpu.endian" value="little"/>
    <property name="user.home" value="C:\Users\SQE Labs"/>
    <property name="user.language" value="en"/>
    <property name="java.specification.vendor" value="Oracle Corporation"/>
    <property name="java.version.date" value="2022-08-18"/>
    <property name="java.home" value="C:\Program Files\Java\jdk-18.0.2.1"/>
    <property name="file.separator" value="\"/>
    <property name="basedir" value="C:\Users\SQE Labs\Desktop\Comcate-Framework"/>
    <property name="java.vm.compressedOopsMode" value="Zero based"/>
    <property name="line.separator" value="&#10;"/>
    <property name="java.vm.specification.vendor" value="Oracle Corporation"/>
    <property name="java.specification.name" value="Java Platform API Specification"/>
    <property name="surefire.real.class.path" value="C:\Users\SQE Labs\AppData\Local\Temp\surefire15489640868185552143\surefirebooter10588150533752561406.jar"/>
    <property name="user.script" value=""/>
    <property name="sun.management.compiler" value="HotSpot 64-Bit Tiered Compilers"/>
    <property name="java.runtime.version" value="18.0.2.1+1-1"/>
    <property name="user.name" value="SQE Labs"/>
    <property name="path.separator" value=";"/>
    <property name="os.version" value="10.0"/>
    <property name="java.runtime.name" value="Java(TM) SE Runtime Environment"/>
    <property name="file.encoding" value="UTF-8"/>
    <property name="java.vm.name" value="Java HotSpot(TM) 64-Bit Server VM"/>
    <property name="localRepository" value="C:\Users\SQE Labs\.m2\repository"/>
    <property name="java.vendor.url.bug" value="https://bugreport.java.com/bugreport/"/>
    <property name="java.io.tmpdir" value="C:\Users\SQELAB~1\AppData\Local\Temp\"/>
    <property name="java.version" value="18.0.2.1"/>
    <property name="user.dir" value="C:\Users\SQE Labs\Desktop\Comcate-Framework"/>
    <property name="os.arch" value="amd64"/>
    <property name="java.vm.specification.name" value="Java Virtual Machine Specification"/>
    <property name="sun.os.patch.level" value=""/>
    <property name="native.encoding" value="Cp1252"/>
    <property name="java.library.path" value="C:\Program Files\Java\jdk-18.0.2.1\bin;C:\WINDOWS\Sun\Java\bin;C:\WINDOWS\system32;C:\WINDOWS;C:\Program Files (x86)\VMware\VMware Player\bin\;C:\Program Files\Common Files\Oracle\Java\javapath;C:\WINDOWS\system32;C:\WINDOWS;C:\WINDOWS\System32\Wbem;C:\WINDOWS\System32\WindowsPowerShell\v1.0\;C:\WINDOWS\System32\OpenSSH\;C:\Program Files\Git\cmd;C:\Program Files\Java\jdk-18.0.2.1\bin;C:\Program Files\MySQL\MySQL Server 8.0\bin;C:\Program Files\nodejs\;C:\Program Files\nodejs;C:\Program Files\apache-maven-3.9.3\bin;C:\Users\SQE Labs\AppData\Local\android\android-sdk-26-1-1\android-sdk-26-1-1\tools\bin;C:\Users\SQE Labs\AppData\Local\android\android-sdk-26-1-1\android-sdk-26-1-1\tools;C:\Users\SQE Labs\AppData\Local\android\android-sdk-26-1-1\android-sdk-26-1-1\platform-tools;C:\Program Files\nodejs\node_modules\npm\bin;C:\Program Files\MySQL\MySQL Shell 8.0\bin\;C:\Users\SQE Labs\AppData\Local\Microsoft\WindowsApps;;C:\Users\SQE Labs\AppData\Local\Programs\Microsoft VS Code\bin;C:\Users\SQE Labs\AppData\Roaming\npm;."/>
    <property name="java.vm.info" value="mixed mode, sharing"/>
    <property name="java.vendor" value="Oracle Corporation"/>
    <property name="java.vm.version" value="18.0.2.1+1-1"/>
    <property name="sun.io.unicode.encoding" value="UnicodeLittle"/>
    <property name="java.class.version" value="62.0"/>
  </properties>
  <testcase name="LoginAdmin" classname="TestCases.AgencyCreation" time="26.53">
    <system-out><![CDATA[File does not exist.
File does not exist.
File does not exist.
File does not exist.
Operating System: Windows 11
Operating System: Windows 11
Operating System: Windows 11
Operating System: Windows 11
https://admin-stage.comcate.com/agencies
220
https://admin-stage.comcate.com/agencies
220
https://admin-stage.comcate.com/agencies
220
https://admin-stage.comcate.com/agencies
220
https://admin-stage.comcate.com/agencies
220
https://admin-stage.comcate.com/agencies
220
https://admin-stage.comcate.com/agencies
220
https://admin-stage.comcate.com/agencies
220
https://admin-stage.comcate.com/agencies
220
https://admin-stage.comcate.com/agencies
220
https://admin-stage.comcate.com/agencies
220
https://admin-stage.comcate.com/agencies
220
https://app-stage.comcate.com/agencies/220/login
https://app-stage.comcate.com/agencies/220/login
https://app-stage.comcate.com/agencies/220/login
https://app-stage.comcate.com/agencies/220/login
https://app-stage.comcate.com/agencies/220/login
https://app-stage.comcate.com/agencies/220/login
https://app-stage.comcate.com/agencies/220/login
https://app-stage.comcate.com/agencies/220/login
https://app-stage.comcate.com/agencies/220/login
https://app-stage.comcate.com/agencies/220/login
https://app-stage.comcate.com/agencies/220/login
https://app-stage.comcate.com/agencies/220/login
https://admin-stage.comcate.com/agencies
220
https://app-stage.comcate.com/agencies/220/login
https://admin-stage.comcate.com/agencies
220
https://app-stage.comcate.com/agencies/220/login
Window size is: 1552 x 832
Window size is: 1552 x 832
Window size is: 1552 x 832
Window size is: 1552 x 832
Window size is: 1552 x 832
Window size is: 1552 x 832
Window size is: 1552 x 832
Window size is: 1552 x 832
Window size is: 1552 x 832
Window size is: 1552 x 832
Window size is: 1552 x 832
Window size is: 1552 x 832
Window size is: 1552 x 832
Window size is: 1552 x 832
2024-07-25 23:48:20,807 [info]: Sendkeys on By.xpath: //input[@placeholder='Enter Email'] with value support@comcate.com
2024-07-25 23:48:25,385 [info]: Sendkeys on By.id: idp-discovery-username with value MarkShane123@yopmail.com
2024-07-25 23:48:27,486 [info]: Sendkeys on By.id: idp-discovery-username with value MarkShane123@yopmail.com
2024-07-25 23:48:29,515 [info]: Clicked on By.id: idp-discovery-submit
2024-07-25 23:48:29,539 [info]: Sendkeys on By.xpath: //input[@placeholder='Enter Password'] with value C0de#432!
2024-07-25 23:48:29,856 [info]: Clicked on By.id: idp-discovery-submit
2024-07-25 23:48:30,502 [info]: Sendkeys on By.id: idp-discovery-username with value MarkShane123@yopmail.com
2024-07-25 23:48:30,865 [info]: Sendkeys on By.id: idp-discovery-username with value MarkShane123@yopmail.com
2024-07-25 23:48:31,436 [info]: Clicked on By.xpath: //button[text()='Login']
Test Passed: LoginAdmin
]]></system-out>
    <system-err><![CDATA[SLF4J: Failed to load class "org.slf4j.impl.StaticLoggerBinder".
SLF4J: Defaulting to no-operation (NOP) logger implementation
SLF4J: See http://www.slf4j.org/codes.html#StaticLoggerBinder for further details.
]]></system-err>
  </testcase>
  <testcase name="AgencyCreation_OpenCreateAgencyPopup" classname="TestCases.AgencyCreation" time="7.825">
    <system-out><![CDATA[2024-07-25 23:48:31,584 [info]: Clicked on By.id: idp-discovery-submit
2024-07-25 23:48:31,900 [info]: Clicked on By.id: idp-discovery-submit
2024-07-25 23:48:33,312 [info]: Sendkeys on By.id: okta-signin-password with value Hello@1234
2024-07-25 23:48:33,596 [info]: Sendkeys on By.id: okta-signin-password with value Hello@1234
2024-07-25 23:48:33,672 [info]: Clicked on By.id: okta-signin-submit
2024-07-25 23:48:34,696 [info]: Sendkeys on By.id: idp-discovery-username with value MarkShane123@yopmail.com
2024-07-25 23:48:35,456 [info]: Clicked on By.id: okta-signin-submit
2024-07-25 23:48:35,892 [info]: Sendkeys on By.id: idp-discovery-username with value MarkShane123@yopmail.com
2024-07-25 23:48:35,902 [info]: Sendkeys on By.id: idp-discovery-username with value MarkShane123@yopmail.com
2024-07-25 23:48:36,528 [info]: Sendkeys on By.id: okta-signin-password with value Hello@1234
2024-07-25 23:48:36,927 [info]: Clicked on By.id: idp-discovery-submit
2024-07-25 23:48:37,134 [info]: Clicked on By.id: idp-discovery-submit
2024-07-25 23:48:37,306 [info]: Sendkeys on By.id: idp-discovery-username with value MarkShane123@yopmail.com
2024-07-25 23:48:37,433 [info]: Sendkeys on By.id: idp-discovery-username with value BasicSuperviserStage@yopmail.com
2024-07-25 23:48:37,583 [info]: Clicked on By.id: idp-discovery-submit
2024-07-25 23:48:37,674 [info]: Clicked on By.id: okta-signin-submit
2024-07-25 23:48:37,691 [info]: Clicked on By.id: idp-discovery-submit
2024-07-25 23:48:37,980 [info]: Clicked on By.id: idp-discovery-submit
2024-07-25 23:48:38,128 [info]: Sendkeys on By.id: okta-signin-password with value Hello@1234
2024-07-25 23:48:39,030 [info]: GetText fromBy.xpath: //h1[text()='Create Agency']
2024-07-25 23:48:39,274 [info]: Clicked on By.id: okta-signin-submit
2024-07-25 23:48:39,274 [info]: Click By JS By.xpath: //h1[text()='Create Agency']/following::button[2]
Test Passed: AgencyCreation_OpenCreateAgencyPopup
]]></system-out>
    <system-err><![CDATA[org.openqa.selenium.TimeoutException: timeout: Timed out receiving message from renderer: 20.000
  (Session info: chrome=115.0.5790.170)
Build info: version: '4.11.0', revision: '040bc5406b'
System info: os.name: 'Windows 11', os.arch: 'amd64', os.version: '10.0', java.version: '18.0.2.1'
Driver info: org.openqa.selenium.chrome.ChromeDriver
Command: [1f1f04a6f08024c1038596c06e50eb56, findElement {using=id, value=idp-discovery-username}]
Capabilities {acceptInsecureCerts: false, browserName: chrome, browserVersion: 115.0.5790.170, chrome: {chromedriverVersion: 115.0.5790.170 (cc0d30c2ca5..., userDataDir: C:\Users\SQELAB~1\AppData\L...}, goog:chromeOptions: {debuggerAddress: localhost:51494}, networkConnectionEnabled: false, pageLoadStrategy: normal, platformName: windows, proxy: Proxy(), se:cdp: ws://localhost:51494/devtoo..., se:cdpVersion: 115.0.5790.170, setWindowRect: true, strictFileInteractability: false, timeouts: {implicit: 0, pageLoad: 300000, script: 30000}, unhandledPromptBehavior: dismiss and notify, webauthn:extension:credBlob: true, webauthn:extension:largeBlob: true, webauthn:extension:minPinLength: true, webauthn:extension:prf: true, webauthn:virtualAuthenticators: true}
Session ID: 1f1f04a6f08024c1038596c06e50eb56
	at java.base/jdk.internal.reflect.DirectConstructorHandleAccessor.newInstance(DirectConstructorHandleAccessor.java:67)
	at java.base/java.lang.reflect.Constructor.newInstanceWithCaller(Constructor.java:499)
	at java.base/java.lang.reflect.Constructor.newInstance(Constructor.java:483)
	at org.openqa.selenium.remote.codec.w3c.W3CHttpResponseCodec.createException(W3CHttpResponseCodec.java:200)
	at org.openqa.selenium.remote.codec.w3c.W3CHttpResponseCodec.decode(W3CHttpResponseCodec.java:133)
	at org.openqa.selenium.remote.codec.w3c.W3CHttpResponseCodec.decode(W3CHttpResponseCodec.java:52)
	at org.openqa.selenium.remote.HttpCommandExecutor.execute(HttpCommandExecutor.java:191)
	at org.openqa.selenium.remote.service.DriverCommandExecutor.invokeExecute(DriverCommandExecutor.java:196)
	at org.openqa.selenium.remote.service.DriverCommandExecutor.execute(DriverCommandExecutor.java:171)
	at org.openqa.selenium.remote.RemoteWebDriver.execute(RemoteWebDriver.java:518)
	at org.openqa.selenium.remote.ElementLocation$ElementFinder$2.findElement(ElementLocation.java:165)
	at org.openqa.selenium.remote.ElementLocation.findElement(ElementLocation.java:59)
	at org.openqa.selenium.remote.RemoteWebDriver.findElement(RemoteWebDriver.java:355)
	at org.openqa.selenium.remote.RemoteWebDriver.findElement(RemoteWebDriver.java:349)
	at org.openqa.selenium.support.ui.ExpectedConditions$7.apply(ExpectedConditions.java:194)
	at org.openqa.selenium.support.ui.ExpectedConditions$7.apply(ExpectedConditions.java:190)
	at org.openqa.selenium.support.ui.FluentWait.until(FluentWait.java:205)
	at CommonMethods.Helper.waitUntilElementIsVisible(Helper.java:148)
	at POM.LoginUtility.LoginAgency(LoginUtility.java:72)
	at POM.ForcedAbatementUtility.LoginAgency(ForcedAbatementUtility.java:287)
	at TestCases.ForcedAbatement.LoginAgency(ForcedAbatement.java:34)
	at java.base/jdk.internal.reflect.DirectMethodHandleAccessor.invoke(DirectMethodHandleAccessor.java:104)
	at java.base/java.lang.reflect.Method.invoke(Method.java:577)
	at org.testng.internal.invokers.MethodInvocationHelper.invokeMethod(MethodInvocationHelper.java:135)
	at org.testng.internal.invokers.TestInvoker.invokeMethod(TestInvoker.java:673)
	at org.testng.internal.invokers.TestInvoker.invokeTestMethod(TestInvoker.java:220)
	at org.testng.internal.invokers.MethodRunner.runInSequence(MethodRunner.java:50)
	at org.testng.internal.invokers.TestInvoker$MethodInvocationAgent.invoke(TestInvoker.java:945)
	at org.testng.internal.invokers.TestInvoker.invokeTestMethods(TestInvoker.java:193)
	at org.testng.internal.invokers.TestMethodWorker.invokeTestMethods(TestMethodWorker.java:146)
	at org.testng.internal.invokers.TestMethodWorker.run(TestMethodWorker.java:128)
	at java.base/java.util.concurrent.ThreadPoolExecutor.runWorker(ThreadPoolExecutor.java:1136)
	at java.base/java.util.concurrent.ThreadPoolExecutor$Worker.run(ThreadPoolExecutor.java:635)
	at java.base/java.lang.Thread.run(Thread.java:833)
org.openqa.selenium.TimeoutException: timeout: Timed out receiving message from renderer: 20.000
  (Session info: chrome=115.0.5790.170)
Build info: version: '4.11.0', revision: '040bc5406b'
System info: os.name: 'Windows 11', os.arch: 'amd64', os.version: '10.0', java.version: '18.0.2.1'
Driver info: org.openqa.selenium.chrome.ChromeDriver
Command: [5f4afb677906f729e84432f342669fc1, findElement {using=id, value=idp-discovery-username}]
Capabilities {acceptInsecureCerts: false, browserName: chrome, browserVersion: 115.0.5790.170, chrome: {chromedriverVersion: 115.0.5790.170 (cc0d30c2ca5..., userDataDir: C:\Users\SQELAB~1\AppData\L...}, goog:chromeOptions: {debuggerAddress: localhost:51136}, networkConnectionEnabled: false, pageLoadStrategy: normal, platformName: windows, proxy: Proxy(), se:cdp: ws://localhost:51136/devtoo..., se:cdpVersion: 115.0.5790.170, setWindowRect: true, strictFileInteractability: false, timeouts: {implicit: 0, pageLoad: 300000, script: 30000}, unhandledPromptBehavior: dismiss and notify, webauthn:extension:credBlob: true, webauthn:extension:largeBlob: true, webauthn:extension:minPinLength: true, webauthn:extension:prf: true, webauthn:virtualAuthenticators: true}
Session ID: 5f4afb677906f729e84432f342669fc1
	at java.base/jdk.internal.reflect.DirectConstructorHandleAccessor.newInstance(DirectConstructorHandleAccessor.java:67)
	at java.base/java.lang.reflect.Constructor.newInstanceWithCaller(Constructor.java:499)
	at java.base/java.lang.reflect.Constructor.newInstance(Constructor.java:483)
	at org.openqa.selenium.remote.codec.w3c.W3CHttpResponseCodec.createException(W3CHttpResponseCodec.java:200)
	at org.openqa.selenium.remote.codec.w3c.W3CHttpResponseCodec.decode(W3CHttpResponseCodec.java:133)
	at org.openqa.selenium.remote.codec.w3c.W3CHttpResponseCodec.decode(W3CHttpResponseCodec.java:52)
	at org.openqa.selenium.remote.HttpCommandExecutor.execute(HttpCommandExecutor.java:191)
	at org.openqa.selenium.remote.service.DriverCommandExecutor.invokeExecute(DriverCommandExecutor.java:196)
	at org.openqa.selenium.remote.service.DriverCommandExecutor.execute(DriverCommandExecutor.java:171)
	at org.openqa.selenium.remote.RemoteWebDriver.execute(RemoteWebDriver.java:518)
	at org.openqa.selenium.remote.ElementLocation$ElementFinder$2.findElement(ElementLocation.java:165)
	at org.openqa.selenium.remote.ElementLocation.findElement(ElementLocation.java:59)
	at org.openqa.selenium.remote.RemoteWebDriver.findElement(RemoteWebDriver.java:355)
	at org.openqa.selenium.remote.RemoteWebDriver.findElement(RemoteWebDriver.java:349)
	at org.openqa.selenium.support.ui.ExpectedConditions$7.apply(ExpectedConditions.java:194)
	at org.openqa.selenium.support.ui.ExpectedConditions$7.apply(ExpectedConditions.java:190)
	at org.openqa.selenium.support.ui.FluentWait.until(FluentWait.java:205)
	at CommonMethods.Helper.waitUntilElementIsVisible(Helper.java:148)
	at POM.LoginUtility.LoginAgency(LoginUtility.java:72)
	at POM.FinesUtility.LoginAgency(FinesUtility.java:77)
	at TestCases.FlatFineWithNotice.LoginAgency(FlatFineWithNotice.java:34)
	at java.base/jdk.internal.reflect.DirectMethodHandleAccessor.invoke(DirectMethodHandleAccessor.java:104)
	at java.base/java.lang.reflect.Method.invoke(Method.java:577)
	at org.testng.internal.invokers.MethodInvocationHelper.invokeMethod(MethodInvocationHelper.java:135)
	at org.testng.internal.invokers.TestInvoker.invokeMethod(TestInvoker.java:673)
	at org.testng.internal.invokers.TestInvoker.invokeTestMethod(TestInvoker.java:220)
	at org.testng.internal.invokers.MethodRunner.runInSequence(MethodRunner.java:50)
	at org.testng.internal.invokers.TestInvoker$MethodInvocationAgent.invoke(TestInvoker.java:945)
	at org.testng.internal.invokers.TestInvoker.invokeTestMethods(TestInvoker.java:193)
	at org.testng.internal.invokers.TestMethodWorker.invokeTestMethods(TestMethodWorker.java:146)
	at org.testng.internal.invokers.TestMethodWorker.run(TestMethodWorker.java:128)
	at java.base/java.util.concurrent.ThreadPoolExecutor.runWorker(ThreadPoolExecutor.java:1136)
	at java.base/java.util.concurrent.ThreadPoolExecutor$Worker.run(ThreadPoolExecutor.java:635)
	at java.base/java.lang.Thread.run(Thread.java:833)
]]></system-err>
  </testcase>
  <testcase name="AgencyCreation_ConfigureCE" classname="TestCases.AgencyCreation" time="2.405">
    <system-out><![CDATA[2024-07-25 23:48:57,955 [info]: Sendkeys on By.id: okta-signin-password with value Hello@1234
2024-07-25 23:48:58,073 [info]: Clicked on By.xpath: //span[text()='General']
2024-07-25 23:48:58,316 [info]: Sendkeys on By.id: okta-signin-password with value Hello@1234
2024-07-25 23:48:58,529 [info]: Clicked on By.xpath: //span[text()='Animal']
2024-07-25 23:48:58,586 [info]: Clicked on By.id: okta-signin-submit
2024-07-25 23:48:58,771 [info]: Clicked on By.id: okta-signin-submit
2024-07-25 23:48:58,935 [info]: Click By JS By.xpath: //span[contains(text(),'Fines Tracking')]
2024-07-25 23:48:59,387 [info]: Sendkeys on By.id: idp-discovery-username with value MarkShane123@yopmail.com
2024-07-25 23:48:59,564 [info]: Clicked on By.xpath: //button[text()='Add Code Enforcement']
2024-07-25 23:48:59,679 [info]: Clicked on By.id: idp-discovery-submit
2024-07-25 23:48:59,825 [info]: GetText fromBy.xpath: //div[@class='agency-form__product-header-title']/h4[1]
2024-07-25 23:48:59,984 [info]: GetText fromBy.xpath: //label[contains(text(),'Fines Tracking:')]//span
Test Passed: AgencyCreation_ConfigureCE
]]></system-out>
    <system-err><![CDATA[org.openqa.selenium.TimeoutException: timeout: Timed out receiving message from renderer: 20.000
  (Session info: chrome=115.0.5790.170)
Build info: version: '4.11.0', revision: '040bc5406b'
System info: os.name: 'Windows 11', os.arch: 'amd64', os.version: '10.0', java.version: '18.0.2.1'
Driver info: org.openqa.selenium.chrome.ChromeDriver
Command: [c869a4667cf73c963cb6f9816b1b786a, findElement {using=id, value=idp-discovery-username}]
Capabilities {acceptInsecureCerts: false, browserName: chrome, browserVersion: 115.0.5790.170, chrome: {chromedriverVersion: 115.0.5790.170 (cc0d30c2ca5..., userDataDir: C:\Users\SQELAB~1\AppData\L...}, goog:chromeOptions: {debuggerAddress: localhost:51354}, networkConnectionEnabled: false, pageLoadStrategy: normal, platformName: windows, proxy: Proxy(), se:cdp: ws://localhost:51354/devtoo..., se:cdpVersion: 115.0.5790.170, setWindowRect: true, strictFileInteractability: false, timeouts: {implicit: 0, pageLoad: 300000, script: 30000}, unhandledPromptBehavior: dismiss and notify, webauthn:extension:credBlob: true, webauthn:extension:largeBlob: true, webauthn:extension:minPinLength: true, webauthn:extension:prf: true, webauthn:virtualAuthenticators: true}
Session ID: c869a4667cf73c963cb6f9816b1b786a
	at java.base/jdk.internal.reflect.DirectConstructorHandleAccessor.newInstance(DirectConstructorHandleAccessor.java:67)
	at java.base/java.lang.reflect.Constructor.newInstanceWithCaller(Constructor.java:499)
	at java.base/java.lang.reflect.Constructor.newInstance(Constructor.java:483)
	at org.openqa.selenium.remote.codec.w3c.W3CHttpResponseCodec.createException(W3CHttpResponseCodec.java:200)
	at org.openqa.selenium.remote.codec.w3c.W3CHttpResponseCodec.decode(W3CHttpResponseCodec.java:133)
	at org.openqa.selenium.remote.codec.w3c.W3CHttpResponseCodec.decode(W3CHttpResponseCodec.java:52)
	at org.openqa.selenium.remote.HttpCommandExecutor.execute(HttpCommandExecutor.java:191)
	at org.openqa.selenium.remote.service.DriverCommandExecutor.invokeExecute(DriverCommandExecutor.java:196)
	at org.openqa.selenium.remote.service.DriverCommandExecutor.execute(DriverCommandExecutor.java:171)
	at org.openqa.selenium.remote.RemoteWebDriver.execute(RemoteWebDriver.java:518)
	at org.openqa.selenium.remote.ElementLocation$ElementFinder$2.findElement(ElementLocation.java:165)
	at org.openqa.selenium.remote.ElementLocation.findElement(ElementLocation.java:59)
	at org.openqa.selenium.remote.RemoteWebDriver.findElement(RemoteWebDriver.java:355)
	at org.openqa.selenium.remote.RemoteWebDriver.findElement(RemoteWebDriver.java:349)
	at org.openqa.selenium.support.ui.ExpectedConditions$7.apply(ExpectedConditions.java:194)
	at org.openqa.selenium.support.ui.ExpectedConditions$7.apply(ExpectedConditions.java:190)
	at org.openqa.selenium.support.ui.FluentWait.until(FluentWait.java:205)
	at CommonMethods.Helper.waitUntilElementIsVisible(Helper.java:148)
	at POM.LoginUtility.LoginAgency(LoginUtility.java:72)
	at POM.SubmissionAssignmentUtility.LoginAgency(SubmissionAssignmentUtility.java:44)
	at TestCases.SubmissionAssignment.LoginAgency(SubmissionAssignment.java:35)
	at java.base/jdk.internal.reflect.DirectMethodHandleAccessor.invoke(DirectMethodHandleAccessor.java:104)
	at java.base/java.lang.reflect.Method.invoke(Method.java:577)
	at org.testng.internal.invokers.MethodInvocationHelper.invokeMethod(MethodInvocationHelper.java:135)
	at org.testng.internal.invokers.TestInvoker.invokeMethod(TestInvoker.java:673)
	at org.testng.internal.invokers.TestInvoker.invokeTestMethod(TestInvoker.java:220)
	at org.testng.internal.invokers.MethodRunner.runInSequence(MethodRunner.java:50)
	at org.testng.internal.invokers.TestInvoker$MethodInvocationAgent.invoke(TestInvoker.java:945)
	at org.testng.internal.invokers.TestInvoker.invokeTestMethods(TestInvoker.java:193)
	at org.testng.internal.invokers.TestMethodWorker.invokeTestMethods(TestMethodWorker.java:146)
	at org.testng.internal.invokers.TestMethodWorker.run(TestMethodWorker.java:128)
	at java.base/java.util.concurrent.ThreadPoolExecutor.runWorker(ThreadPoolExecutor.java:1136)
	at java.base/java.util.concurrent.ThreadPoolExecutor$Worker.run(ThreadPoolExecutor.java:635)
	at java.base/java.lang.Thread.run(Thread.java:833)
]]></system-err>
  </testcase>
  <testcase name="AgencyCreation_ConfigureCRM" classname="TestCases.AgencyCreation" time="7.021">
    <system-out><![CDATA[2024-07-25 23:49:03,305 [info]: Click By JS By.cssSelector: #header div.app-header__new
2024-07-25 23:49:03,416 [info]: Sendkeys on By.id: okta-signin-password with value Hello@1234
2024-07-25 23:49:03,517 [info]: Scroll Into View By.xpath: //a[text()='Cases']
2024-07-25 23:49:03,613 [info]: Click By JS By.xpath: //label[text()='Agency Setup']//preceding-sibling::a
2024-07-25 23:49:03,734 [info]: GetText fromBy.xpath: //div[text()='Add & Configure CRM']
2024-07-25 23:49:04,001 [info]: Clicked on By.id: okta-signin-submit
2024-07-25 23:49:04,419 [info]: Clicked on By.xpath: //button[text()='Add CRM']
2024-07-25 23:49:04,706 [info]: GetText fromBy.xpath: //div[@class='product-form__info crm']//span
2024-07-25 23:49:05,853 [info]: Sendkeys on By.id: okta-signin-password with value Hello@1234
2024-07-25 23:49:06,211 [info]: Sendkeys on By.xpath: //div[@class='product-form__info crm']//input with value JoQnKYGqyNQiBkxgSSYGBPUdSmJzIFzAGxdINfWZymsWixXvpbc
2024-07-25 23:49:06,390 [info]: Clicked on By.id: okta-signin-submit
2024-07-25 23:49:06,458 [info]: Scroll Into View By.xpath: //label[text()='Audit Trail']
2024-07-25 23:49:06,549 [info]: Click By JS By.xpath: //div[@class='app-header__menu__icon']
2024-07-25 23:49:06,701 [info]: Scroll Into View By.xpath: //h6[text()='PRODUCT SETTINGS']/following::label[1]
2024-07-25 23:49:06,759 [info]: Scroll Into View By.xpath: //label[text()='Agency Setup']//preceding-sibling::a
2024-07-25 23:49:06,824 [info]: Scroll Into View By.xpath: //div[@class='app-header__menu__icon']
2024-07-25 23:49:06,874 [info]: Click By JS By.xpath: //div[@class='app-header__menu__icon']
2024-07-25 23:49:06,902 [info]: Click By JS By.xpath: //label[text()='Code Enforcement Case']
2024-07-25 23:49:06,902 [info]: Scroll Into View By.xpath: //h6[text()='PRODUCT SETTINGS']/following::label[1]
2024-07-25 23:49:06,915 [info]: Clicked on By.xpath: //button[text()='Add CRM']
2024-07-25 23:49:06,948 [info]: Scroll Into View By.xpath: //label[text()='Agency Setup']//preceding-sibling::a
2024-07-25 23:49:07,039 [info]: GetText fromBy.xpath: //div[@class='product-form__info crm']//span
2024-07-25 23:49:07,163 [info]: Click By JS By.xpath: //h6[text()='PRODUCT SETTINGS']/following::label[1]
2024-07-25 23:49:07,359 [info]: Scroll Into View By.xpath: //label[text()='Fines']
2024-07-25 23:49:07,635 [info]: Click By JS By.xpath: //label[text()='Fines']
2024-07-25 23:49:07,729 [info]: Scroll Into View By.cssSelector: #header div.app-header__new
2024-07-25 23:49:07,851 [info]: Click By JS By.cssSelector: #header div.app-header__new
2024-07-25 23:49:07,982 [info]: GetText fromBy.xpath: //div[@class='app-header__user-name']/label
2024-07-25 23:49:08,000 [info]: Sendkeys on By.xpath: //div[@class='product-form__info crm']//input with value CRM
2024-07-25 23:49:08,053 [info]: Click By JS By.xpath: //label[text()='Code Enforcement Case']
2024-07-25 23:49:08,136 [info]: Click By JS By.xpath: //label[text()='User Management']
2024-07-25 23:49:08,314 [info]: Scroll Into View By.cssSelector: #header div.app-header__new
2024-07-25 23:49:08,367 [info]: Cleared value from By.xpath: //input[@name='citizenPortalHomeLinkURL']
2024-07-25 23:49:08,467 [info]: Click By JS By.cssSelector: #header div.app-header__new
2024-07-25 23:49:08,692 [info]: Click By JS By.xpath: //label[text()='Code Enforcement Case']
2024-07-25 23:49:09,151 [info]: Sendkeys on By.xpath: //input[@name='citizenPortalHomeLinkURL'] with value https://app-stage.comcate.com/agencies/181/setup
2024-07-25 23:49:09,271 [info]: Click By JS By.xpath: //label[text()='Agency Setup']//preceding-sibling::a
2024-07-25 23:49:09,464 [info]: Click By JS By.xpath: //label[text()='Agency Setup']//preceding-sibling::a
2024-07-25 23:49:09,892 [info]: Clicked on By.xpath: //button[text()='Add CRM']
2024-07-25 23:49:10,117 [info]: Click By JS By.xpath: //div[text()='Roles']
2024-07-25 23:49:10,195 [info]: Scroll Into View By.xpath: //button[text()='Create Fine']
2024-07-25 23:49:10,289 [info]: GetText fromBy.xpath: (//div[@class='agency-form__product-header-title']/h4[1])[2]
Test Passed: AgencyCreation_ConfigureCRM
]]></system-out>
  </testcase>
  <testcase name="AgencyCreation_VerifyNewAgencyCreation" classname="TestCases.AgencyCreation" time="0.458">
    <system-out><![CDATA[2024-07-25 23:49:58,147 [info]: GetText fromBy.xpath: //div[@class='rt-tr -odd']/div[2]
Test Passed: AgencyCreation_VerifyNewAgencyCreation
]]></system-out>
  </testcase>
  <testcase name="agencyCreation_setPaymentPortal" classname="TestCases.AgencyCreation" time="5.221">
    <system-out><![CDATA[2024-07-25 23:52:00,022 [info]: Click By JS By.xpath: //button[text()='Yes']
2024-07-25 23:52:00,111 [info]: Click By JS By.xpath: //button[text()='Save Changes']
2024-07-25 23:52:00,674 [info]: Scroll Into View By.xpath: (//div[@class='pagination-bottom']//button)[2]
2024-07-25 23:52:00,713 [info]: Switched to Window E17BC5CCDE9EDD7ED021C6553CC0DCEA
enteer in try ..
2024-07-25 23:52:00,914 [info]: Sendkeys on By.xpath: //input[@name='firstName'] with value Role37343SupervisorManager
2024-07-25 23:52:00,951 [info]: Click By JS By.xpath: (//div[@class='pagination-bottom']//button)[2]
2024-07-25 23:52:01,326 [info]: Clicked on By.xpath: //div/input[@placeholder='Start typing name of violation, article number or issue description']
2024-07-25 23:52:02,020 [info]: Scroll Into View By.xpath: (//div[@class='pagination-bottom']//button)[2]
2024-07-25 23:52:02,108 [info]: Click By JS By.xpath: (//div[@class='pagination-bottom']//button)[2]
2024-07-25 23:52:03,152 [info]: Sendkeys on By.xpath: //input[@name='lastName'] with value Z
2024-07-25 23:52:03,182 [info]: Scroll Into View By.xpath: (//div[@class='pagination-bottom']//button)[2]
2024-07-25 23:52:03,272 [info]: Click By JS By.xpath: (//div[@class='pagination-bottom']//button)[2]
2024-07-25 23:52:04,346 [info]: Scroll Into View By.xpath: (//div[@class='pagination-bottom']//button)[2]
2024-07-25 23:52:04,429 [info]: Click By JS By.xpath: (//div[@class='pagination-bottom']//button)[2]
Test Passed: agencyCreation_setPaymentPortal
]]></system-out>
    <system-err><![CDATA[org.openqa.selenium.TimeoutException: Expected condition failed: waiting for element to no longer be visible: By.xpath: //h1[text()='Edit Agency']//following::button[text()='Save'] (tried for 60 second(s) with 1000 milliseconds interval)
Build info: version: '4.11.0', revision: '040bc5406b'
System info: os.name: 'Windows 11', os.arch: 'amd64', os.version: '10.0', java.version: '18.0.2.1'
Driver info: driver.version: unknown
	at org.openqa.selenium.support.ui.FluentWait.timeoutException(FluentWait.java:262)
	at org.openqa.selenium.support.ui.FluentWait.until(FluentWait.java:230)
	at CommonMethods.Helper.waitUntilElementInvisibleLocated(Helper.java:237)
	at POM.AgencyCreationUtility.agencyCreation_setPaymentPortal(AgencyCreationUtility.java:425)
	at TestCases.AgencyCreation.agencyCreation_setPaymentPortal(AgencyCreation.java:93)
	at java.base/jdk.internal.reflect.DirectMethodHandleAccessor.invoke(DirectMethodHandleAccessor.java:104)
	at java.base/java.lang.reflect.Method.invoke(Method.java:577)
	at org.testng.internal.invokers.MethodInvocationHelper.invokeMethod(MethodInvocationHelper.java:135)
	at org.testng.internal.invokers.TestInvoker.invokeMethod(TestInvoker.java:673)
	at org.testng.internal.invokers.TestInvoker.invokeTestMethod(TestInvoker.java:220)
	at org.testng.internal.invokers.MethodRunner.runInSequence(MethodRunner.java:50)
	at org.testng.internal.invokers.TestInvoker$MethodInvocationAgent.invoke(TestInvoker.java:945)
	at org.testng.internal.invokers.TestInvoker.invokeTestMethods(TestInvoker.java:193)
	at org.testng.internal.invokers.TestMethodWorker.invokeTestMethods(TestMethodWorker.java:146)
	at org.testng.internal.invokers.TestMethodWorker.run(TestMethodWorker.java:128)
	at java.base/java.util.concurrent.ThreadPoolExecutor.runWorker(ThreadPoolExecutor.java:1136)
	at java.base/java.util.concurrent.ThreadPoolExecutor$Worker.run(ThreadPoolExecutor.java:635)
	at java.base/java.lang.Thread.run(Thread.java:833)
]]></system-err>
  </testcase>
  <testcase name="VerifyActiveInactiveAgencyCount" classname="TestCases.AgencyCreation" time="3.476">
    <system-out><![CDATA[2024-07-25 23:52:22,466 [info]: Sendkeys on By.xpath: //textarea[@name='issueDescription'] with value vANZNMOQms4PK0002Jkl
2024-07-25 23:52:22,619 [info]: Click By JS By.xpath: //*[@class='tabs__names']//div[text()='Groups']
2024-07-25 23:52:22,764 [info]: Click By JS By.xpath: //button[text()='Create New Group']
2024-07-25 23:52:22,884 [info]: Sendkeys on By.xpath: //label[@class='contact-tile__searchbox-label']/following::input[1] with value Amandeep Singh
2024-07-25 23:52:23,482 [info]: Clicked on By.xpath: //li[@id='react-autowhatever-1-section-0-item-0']
2024-07-25 23:52:24,347 [info]: Click By JS By.xpath: //button[text()='Add Rule']
2024-07-25 23:52:24,815 [info]: Click By JS By.xpath: //div[text()='Attachments ']/following::button
2024-07-25 23:52:25,162 [info]: Clicked on By.xpath: (//div[@class='react-autosuggest__suggestion-element']/div)
2024-07-25 23:52:25,244 [info]: Get Attribute value from By.xpath: //input[@name='phoneNumber']
2024-07-25 23:52:25,328 [info]: Get Attribute value from By.xpath: //*[@name='email']
2024-07-25 23:52:25,559 [info]: Sendkeys on By.xpath: //div[@class='tags-input__chips']/input with value vOlv,
2024-07-25 23:52:25,695 [info]: Sendkeys on By.xpath: //div[@class='tags-input__chips']/input with value LcdK,
2024-07-25 23:52:25,816 [info]: Sendkeys on By.xpath: //div[@class='tags-input__chips']/input with value Yp3u,
2024-07-25 23:52:25,915 [info]: Sendkeys on By.xpath: //div[@class='tags-input__chips']/input with value V0dT,
2024-07-25 23:52:25,917 [info]: GetText fromBy.cssSelector: div.table__pagination-summary label:nth-child(1)
Test Passed: VerifyActiveInactiveAgencyCount
]]></system-out>
  </testcase>
  <testcase name="VerifyCDBGfileandReplaceButton" classname="TestCases.AgencyCreation" time="1.042">
    <system-out><![CDATA[2024-07-25 23:52:26,029 [info]: Click By JS By.cssSelector: a[href*='cdbg']
2024-07-25 23:52:26,075 [info]: Sendkeys on By.xpath: //div[@class='tags-input__chips']/input with value EueS,
2024-07-25 23:52:26,144 [info]: Click By JS By.xpath: //div[text()='Attachments ']/following::button
2024-07-25 23:52:26,539 [info]: Scroll Into View By.xpath: //button[text()='Add Rule']
Test Passed: VerifyCDBGfileandReplaceButton
]]></system-out>
  </testcase>
  <testcase name="AgencySetup_VerifyAppConfigurations" classname="TestCases.AgencyCreation" time="5.861">
    <system-out><![CDATA[2024-07-25 23:52:35,101 [info]: Clicked on By.xpath: //div[@class='Select-menu-outer']//div[@aria-label='Send To']
2024-07-25 23:52:35,206 [info]: Click By JS By.xpath: //button[text()='Create New Group']
2024-07-25 23:52:35,293 [info]: Clicked on By.xpath: (//label[@title='Recipient']//parent::div//parent::div//span[@class='Select-arrow'])[2]
2024-07-25 23:52:35,507 [info]: Clicked on By.cssSelector: div.Select-menu-outer div[aria-label='Collaborator/s']
2024-07-25 23:52:35,690 [info]: Clicked on By.xpath: (//label[@title='Use Email Template']//parent::div//parent::div//span[@class='Select-arrow'])[2]
2024-07-25 23:52:35,816 [info]: Click By JS By.xpath: //button[text()='Add Rule']
2024-07-25 23:52:35,884 [info]: Clicked on By.xpath: //div[@class='Select-menu-outer']//div[@aria-label='Notice Issued']
2024-07-25 23:52:35,910 [info]: Scroll Into View By.xpath: (//h1[text()='Create Rule']//parent::div//following-sibling::div//button)[2]
2024-07-25 23:52:35,952 [info]: Sendkeys on By.xpath: //input[@name='searchQuery'] with value 24-1834
2024-07-25 23:52:36,008 [info]: Click By JS By.xpath: (//h1[text()='Create Rule']//parent::div//following-sibling::div//button)[2]
2024-07-25 23:52:37,280 [info]: Clicked on By.xpath: //label[@title='Attribute']/following::div[@class='Select-placeholder'][1]
2024-07-25 23:52:37,598 [info]: Clicked on By.xpath: //div[text()='Submission Category']
2024-07-25 23:52:37,853 [info]: Sendkeys on By.xpath: //div[@class='field__input row']/input[@placeholder='Enter Text'] with value GroupWithSupervisorManager65123
2024-07-25 23:52:37,882 [info]: Scroll Into View By.xpath: //div[@class='dropdown__selector__selected']/label
2024-07-25 23:52:37,914 [info]: Click By JS By.xpath: //div[@class='dropdown__selector__selected']/label
2024-07-25 23:52:37,932 [info]: Clicked on By.xpath: //label[@title='Attribute']/following::div[@class='Select-placeholder'][1]
2024-07-25 23:52:38,230 [info]: Clicked on By.xpath: //div[text()='Equals']
2024-07-25 23:52:38,642 [info]: Clicked on By.xpath: //label[@title='Attribute']/following::div[@class='Select-placeholder'][1]
2024-07-25 23:52:38,752 [info]: Scroll Into View By.xpath: //div[text()='Location Not Required']
2024-07-25 23:52:38,971 [info]: Clicked on By.xpath: //div[text()='Location Not Required']
2024-07-25 23:52:39,073 [info]: Scroll Into View By.xpath: //label[@for='assignee']/following::label[1]
2024-07-25 23:52:39,386 [info]: Clicked on By.xpath: //label[@for='assignee']/following::label[1]
2024-07-25 23:52:39,432 [info]: Sendkeys on By.xpath: //*[@name='query'] with value Supervisor Manager
2024-07-25 23:52:40,755 [info]: Sendkeys on By.xpath: //input[@name='label'] with value NotifmQh
2024-07-25 23:52:40,963 [info]: GetText fromBy.xpath: //div[@class='multi-choice-buttons']/button[2]
Test Passed: AgencySetup_VerifyAppConfigurations
]]></system-out>
    <system-err><![CDATA[org.openqa.selenium.InvalidSelectorException: invalid selector: Unable to locate an element with the xpath expression div.Select-menu-outer div[aria-label='Collaborator/s'] because of the following error:
SyntaxError: Failed to execute 'evaluate' on 'Document': The string 'div.Select-menu-outer div[aria-label='Collaborator/s']' is not a valid XPath expression.
  (Session info: chrome=115.0.5790.170)
For documentation on this error, please visit: https://www.selenium.dev/documentation/webdriver/troubleshooting/errors#invalid-selector-exception
Build info: version: '4.11.0', revision: '040bc5406b'
System info: os.name: 'Windows 11', os.arch: 'amd64', os.version: '10.0', java.version: '18.0.2.1'
Driver info: org.openqa.selenium.chrome.ChromeDriver
Command: [ea9a999b1a83a1977af0e670c88dfd03, findElement {using=xpath, value=div.Select-menu-outer div[aria-label='Collaborator/s']}]
Capabilities {acceptInsecureCerts: false, browserName: chrome, browserVersion: 115.0.5790.170, chrome: {chromedriverVersion: 115.0.5790.170 (cc0d30c2ca5..., userDataDir: C:\Users\SQELAB~1\AppData\L...}, goog:chromeOptions: {debuggerAddress: localhost:50964}, networkConnectionEnabled: false, pageLoadStrategy: normal, platformName: windows, proxy: Proxy(), se:cdp: ws://localhost:50964/devtoo..., se:cdpVersion: 115.0.5790.170, setWindowRect: true, strictFileInteractability: false, timeouts: {implicit: 0, pageLoad: 300000, script: 30000}, unhandledPromptBehavior: dismiss and notify, webauthn:extension:credBlob: true, webauthn:extension:largeBlob: true, webauthn:extension:minPinLength: true, webauthn:extension:prf: true, webauthn:virtualAuthenticators: true}
Session ID: ea9a999b1a83a1977af0e670c88dfd03
	at java.base/jdk.internal.reflect.DirectConstructorHandleAccessor.newInstance(DirectConstructorHandleAccessor.java:67)
	at java.base/java.lang.reflect.Constructor.newInstanceWithCaller(Constructor.java:499)
	at java.base/java.lang.reflect.Constructor.newInstance(Constructor.java:483)
	at org.openqa.selenium.remote.codec.w3c.W3CHttpResponseCodec.createException(W3CHttpResponseCodec.java:200)
	at org.openqa.selenium.remote.codec.w3c.W3CHttpResponseCodec.decode(W3CHttpResponseCodec.java:133)
	at org.openqa.selenium.remote.codec.w3c.W3CHttpResponseCodec.decode(W3CHttpResponseCodec.java:52)
	at org.openqa.selenium.remote.HttpCommandExecutor.execute(HttpCommandExecutor.java:191)
	at org.openqa.selenium.remote.service.DriverCommandExecutor.invokeExecute(DriverCommandExecutor.java:196)
	at org.openqa.selenium.remote.service.DriverCommandExecutor.execute(DriverCommandExecutor.java:171)
	at org.openqa.selenium.remote.RemoteWebDriver.execute(RemoteWebDriver.java:518)
	at org.openqa.selenium.remote.ElementLocation$ElementFinder$2.findElement(ElementLocation.java:165)
	at org.openqa.selenium.remote.ElementLocation.findElement(ElementLocation.java:59)
	at org.openqa.selenium.remote.RemoteWebDriver.findElement(RemoteWebDriver.java:355)
	at org.openqa.selenium.remote.RemoteWebDriver.findElement(RemoteWebDriver.java:349)
	at org.openqa.selenium.support.ui.ExpectedConditions$7.apply(ExpectedConditions.java:194)
	at org.openqa.selenium.support.ui.ExpectedConditions$7.apply(ExpectedConditions.java:190)
	at org.openqa.selenium.support.ui.ExpectedConditions$22.apply(ExpectedConditions.java:627)
	at org.openqa.selenium.support.ui.ExpectedConditions$22.apply(ExpectedConditions.java:624)
	at org.openqa.selenium.support.ui.FluentWait.until(FluentWait.java:205)
	at CommonMethods.Helper.waitForElementIsInteractable(Helper.java:199)
	at POM.NotificationManagementUtility.AddRuleWithMultipleCriteraAndDelivery(NotificationManagementUtility.java:738)
	at POM.NotificationManagementUtility.AgencySetup_CreateNotifictionMultipleCriteriaDeliveryOption(NotificationManagementUtility.java:769)
	at TestCases.NotificationManagement.AgencySetup_CreateNotifictionMultipleCriteriaDeliveryOption(NotificationManagement.java:77)
	at java.base/jdk.internal.reflect.DirectMethodHandleAccessor.invoke(DirectMethodHandleAccessor.java:104)
	at java.base/java.lang.reflect.Method.invoke(Method.java:577)
	at org.testng.internal.invokers.MethodInvocationHelper.invokeMethod(MethodInvocationHelper.java:135)
	at org.testng.internal.invokers.TestInvoker.invokeMethod(TestInvoker.java:673)
	at org.testng.internal.invokers.TestInvoker.invokeTestMethod(TestInvoker.java:220)
	at org.testng.internal.invokers.MethodRunner.runInSequence(MethodRunner.java:50)
	at org.testng.internal.invokers.TestInvoker$MethodInvocationAgent.invoke(TestInvoker.java:945)
	at org.testng.internal.invokers.TestInvoker.invokeTestMethods(TestInvoker.java:193)
	at org.testng.internal.invokers.TestMethodWorker.invokeTestMethods(TestMethodWorker.java:146)
	at org.testng.internal.invokers.TestMethodWorker.run(TestMethodWorker.java:128)
	at java.base/java.util.concurrent.ThreadPoolExecutor.runWorker(ThreadPoolExecutor.java:1136)
	at java.base/java.util.concurrent.ThreadPoolExecutor$Worker.run(ThreadPoolExecutor.java:635)
	at java.base/java.lang.Thread.run(Thread.java:833)
]]></system-err>
  </testcase>
  <testcase name="AgencySetup_VerifyUploadedMapLayer" classname="TestCases.AgencyCreation" time="0.163">
    <system-out><![CDATA[2024-07-25 23:54:01,270 [info]: Clicked on By.xpath: //span/label[text()='Property Owner']
successfully see the active map layers 
2024-07-25 23:54:01,293 [info]: GetText fromBy.xpath: //label[@title='FAA Document Issue Date']
2024-07-25 23:54:01,330 [info]: GetText fromBy.xpath: (//div[@class='agency-setup-tab__section__header']/h2)[1]
Test Passed: AgencySetup_VerifyUploadedMapLayer
]]></system-out>
  </testcase>
  <testcase name="AgencySetup_VerifyUploadedAgencyBoundary" classname="TestCases.AgencyCreation" time="5.225">
    <system-out><![CDATA[2024-07-25 23:55:23,499 [info]: GetText fromBy.xpath: //label[text()='Associated Submission']/following::a[1]
2024-07-25 23:55:23,505 [info]: Scroll Into View By.xpath: //div[@class='progressive-form active']//button[text()='Continue']
2024-07-25 23:55:23,716 [info]: Click By JS By.xpath: //div[@class='progressive-form active']//button[text()='Continue']
2024-07-25 23:55:23,969 [info]: Click By JS By.xpath: //label[text()='Code Enforcement Case']
2024-07-25 23:55:24,049 [info]: Clicked on By.xpath: //button[text()='Perform Inspection']
2024-07-25 23:55:24,881 [info]: Scroll Into View By.xpath: //div[@class='progressive-form__footer']//button[text()='Generate Notice']
2024-07-25 23:55:24,938 [info]: Scroll Into View failed.
2024-07-25 23:55:25,859 [info]: Clicked on By.xpath: //button[text()='Add']
Found fine with name Fine (Flat Fine With Notice: Due 08/24/2024)
2024-07-25 23:55:26,382 [info]: Clicked on By.xpath: //div[@class='multi-choice-buttons']/button[text()='Invalid']
2024-07-25 23:55:26,518 [info]: Click By JS By.xpath: //button[@aria-label='Close']
2024-07-25 23:55:26,639 [info]: Clicked on By.xpath: //div[@class='footer_actions']/button
2024-07-25 23:55:27,651 [info]: GetText fromBy.xpath: //h2[@class='customer-submission-print-details__number']
PrintPageSubmissionHeader: -> Customer Submission #24-962
2024-07-25 23:55:28,222 [info]: Move to element and Click on [[ChromeDriver: chrome on windows (347b60e6bf7773e3a772c9359cf2ff4a)] -> xpath: //div[@class='progressive-form__footer']//button[text()='Generate Notice']]
2024-07-25 23:55:28,617 [info]: Scroll Into View By.xpath: //div[@class='file-upload']//b
2024-07-25 23:55:28,675 [info]: GetText fromBy.xpath: //div[@class='file-upload']//b
Test Passed: AgencySetup_VerifyUploadedAgencyBoundary
]]></system-out>
    <system-err><![CDATA[org.openqa.selenium.TimeoutException: Expected condition failed: waiting for visibility of element located by By.xpath: //input[@name='name'] (tried for 60 second(s) with 1000 milliseconds interval)
Build info: version: '4.11.0', revision: '040bc5406b'
System info: os.name: 'Windows 11', os.arch: 'amd64', os.version: '10.0', java.version: '18.0.2.1'
Driver info: driver.version: unknown
	at org.openqa.selenium.support.ui.FluentWait.timeoutException(FluentWait.java:262)
	at org.openqa.selenium.support.ui.FluentWait.until(FluentWait.java:230)
	at CommonMethods.Helper.waitUntilElementIsVisible(Helper.java:148)
	at POM.TemplateManagementUtility.TemplateMangement_VerifyEmailPreviewPopDataAutoPopulated(TemplateManagementUtility.java:238)
	at TestCases.TemplateManagement.TemplateMangement_VerifyEmailPreviewPopDataAutoPopulated(TemplateManagement.java:63)
	at java.base/jdk.internal.reflect.DirectMethodHandleAccessor.invoke(DirectMethodHandleAccessor.java:104)
	at java.base/java.lang.reflect.Method.invoke(Method.java:577)
	at org.testng.internal.invokers.MethodInvocationHelper.invokeMethod(MethodInvocationHelper.java:135)
	at org.testng.internal.invokers.TestInvoker.invokeMethod(TestInvoker.java:673)
	at org.testng.internal.invokers.TestInvoker.invokeTestMethod(TestInvoker.java:220)
	at org.testng.internal.invokers.MethodRunner.runInSequence(MethodRunner.java:50)
	at org.testng.internal.invokers.TestInvoker$MethodInvocationAgent.invoke(TestInvoker.java:945)
	at org.testng.internal.invokers.TestInvoker.invokeTestMethods(TestInvoker.java:193)
	at org.testng.internal.invokers.TestMethodWorker.invokeTestMethods(TestMethodWorker.java:146)
	at org.testng.internal.invokers.TestMethodWorker.run(TestMethodWorker.java:128)
	at java.base/java.util.concurrent.ThreadPoolExecutor.runWorker(ThreadPoolExecutor.java:1136)
	at java.base/java.util.concurrent.ThreadPoolExecutor$Worker.run(ThreadPoolExecutor.java:635)
	at java.base/java.lang.Thread.run(Thread.java:833)
org.openqa.selenium.NoSuchElementException: no such element: Unable to locate element: {"method":"xpath","selector":"//input[@name='name']"}
  (Session info: chrome=115.0.5790.170)
For documentation on this error, please visit: https://www.selenium.dev/documentation/webdriver/troubleshooting/errors#no-such-element-exception
Build info: version: '4.11.0', revision: '040bc5406b'
System info: os.name: 'Windows 11', os.arch: 'amd64', os.version: '10.0', java.version: '18.0.2.1'
Driver info: org.openqa.selenium.chrome.ChromeDriver
Command: [ce5a891fc7051da9189a266828f63841, findElement {using=xpath, value=//input[@name='name']}]
Capabilities {acceptInsecureCerts: false, browserName: chrome, browserVersion: 115.0.5790.170, chrome: {chromedriverVersion: 115.0.5790.170 (cc0d30c2ca5..., userDataDir: C:\Users\SQELAB~1\AppData\L...}, goog:chromeOptions: {debuggerAddress: localhost:51036}, networkConnectionEnabled: false, pageLoadStrategy: normal, platformName: windows, proxy: Proxy(), se:cdp: ws://localhost:51036/devtoo..., se:cdpVersion: 115.0.5790.170, setWindowRect: true, strictFileInteractability: false, timeouts: {implicit: 0, pageLoad: 300000, script: 30000}, unhandledPromptBehavior: dismiss and notify, webauthn:extension:credBlob: true, webauthn:extension:largeBlob: true, webauthn:extension:minPinLength: true, webauthn:extension:prf: true, webauthn:virtualAuthenticators: true}
Session ID: ce5a891fc7051da9189a266828f63841
	at java.base/jdk.internal.reflect.DirectConstructorHandleAccessor.newInstance(DirectConstructorHandleAccessor.java:67)
	at java.base/java.lang.reflect.Constructor.newInstanceWithCaller(Constructor.java:499)
	at java.base/java.lang.reflect.Constructor.newInstance(Constructor.java:483)
	at org.openqa.selenium.remote.codec.w3c.W3CHttpResponseCodec.createException(W3CHttpResponseCodec.java:200)
	at org.openqa.selenium.remote.codec.w3c.W3CHttpResponseCodec.decode(W3CHttpResponseCodec.java:133)
	at org.openqa.selenium.remote.codec.w3c.W3CHttpResponseCodec.decode(W3CHttpResponseCodec.java:52)
	at org.openqa.selenium.remote.HttpCommandExecutor.execute(HttpCommandExecutor.java:191)
	at org.openqa.selenium.remote.service.DriverCommandExecutor.invokeExecute(DriverCommandExecutor.java:196)
	at org.openqa.selenium.remote.service.DriverCommandExecutor.execute(DriverCommandExecutor.java:171)
	at org.openqa.selenium.remote.RemoteWebDriver.execute(RemoteWebDriver.java:518)
	at org.openqa.selenium.remote.ElementLocation$ElementFinder$2.findElement(ElementLocation.java:165)
	at org.openqa.selenium.remote.ElementLocation.findElement(ElementLocation.java:59)
	at org.openqa.selenium.remote.RemoteWebDriver.findElement(RemoteWebDriver.java:355)
	at org.openqa.selenium.remote.RemoteWebDriver.findElement(RemoteWebDriver.java:349)
	at CommonMethods.Helper.scrollIntoView(Helper.java:467)
	at POM.TemplateManagementUtility.TemplateMangement_VerifyEmailPreviewPopDataAutoPopulated(TemplateManagementUtility.java:239)
	at TestCases.TemplateManagement.TemplateMangement_VerifyEmailPreviewPopDataAutoPopulated(TemplateManagement.java:63)
	at java.base/jdk.internal.reflect.DirectMethodHandleAccessor.invoke(DirectMethodHandleAccessor.java:104)
	at java.base/java.lang.reflect.Method.invoke(Method.java:577)
	at org.testng.internal.invokers.MethodInvocationHelper.invokeMethod(MethodInvocationHelper.java:135)
	at org.testng.internal.invokers.TestInvoker.invokeMethod(TestInvoker.java:673)
	at org.testng.internal.invokers.TestInvoker.invokeTestMethod(TestInvoker.java:220)
	at org.testng.internal.invokers.MethodRunner.runInSequence(MethodRunner.java:50)
	at org.testng.internal.invokers.TestInvoker$MethodInvocationAgent.invoke(TestInvoker.java:945)
	at org.testng.internal.invokers.TestInvoker.invokeTestMethods(TestInvoker.java:193)
	at org.testng.internal.invokers.TestMethodWorker.invokeTestMethods(TestMethodWorker.java:146)
	at org.testng.internal.invokers.TestMethodWorker.run(TestMethodWorker.java:128)
	at java.base/java.util.concurrent.ThreadPoolExecutor.runWorker(ThreadPoolExecutor.java:1136)
	at java.base/java.util.concurrent.ThreadPoolExecutor$Worker.run(ThreadPoolExecutor.java:635)
	at java.base/java.lang.Thread.run(Thread.java:833)
org.openqa.selenium.TimeoutException: Expected condition failed: waiting for visibility of element located by By.xpath: //a[text()='Refresh'] (tried for 60 second(s) with 1000 milliseconds interval)
Build info: version: '4.11.0', revision: '040bc5406b'
System info: os.name: 'Windows 11', os.arch: 'amd64', os.version: '10.0', java.version: '18.0.2.1'
Driver info: driver.version: unknown
	at org.openqa.selenium.support.ui.FluentWait.timeoutException(FluentWait.java:262)
	at org.openqa.selenium.support.ui.FluentWait.until(FluentWait.java:230)
	at CommonMethods.Helper.waitUntilElementIsVisible(Helper.java:148)
	at CommonMethods.Helper.waitForPresenceandVisiblity(Helper.java:658)
	at POM.AppPreRequisiteUtility.AgencySetup_VerifyUploadedAgencyBoundary(AppPreRequisiteUtility.java:669)
	at TestCases.AgencyCreation.AgencySetup_VerifyUploadedAgencyBoundary(AgencyCreation.java:127)
	at java.base/jdk.internal.reflect.DirectMethodHandleAccessor.invoke(DirectMethodHandleAccessor.java:104)
	at java.base/java.lang.reflect.Method.invoke(Method.java:577)
	at org.testng.internal.invokers.MethodInvocationHelper.invokeMethod(MethodInvocationHelper.java:135)
	at org.testng.internal.invokers.TestInvoker.invokeMethod(TestInvoker.java:673)
	at org.testng.internal.invokers.TestInvoker.invokeTestMethod(TestInvoker.java:220)
	at org.testng.internal.invokers.MethodRunner.runInSequence(MethodRunner.java:50)
	at org.testng.internal.invokers.TestInvoker$MethodInvocationAgent.invoke(TestInvoker.java:945)
	at org.testng.internal.invokers.TestInvoker.invokeTestMethods(TestInvoker.java:193)
	at org.testng.internal.invokers.TestMethodWorker.invokeTestMethods(TestMethodWorker.java:146)
	at org.testng.internal.invokers.TestMethodWorker.run(TestMethodWorker.java:128)
	at java.base/java.util.concurrent.ThreadPoolExecutor.runWorker(ThreadPoolExecutor.java:1136)
	at java.base/java.util.concurrent.ThreadPoolExecutor$Worker.run(ThreadPoolExecutor.java:635)
	at java.base/java.lang.Thread.run(Thread.java:833)
org.openqa.selenium.NoSuchElementException: no such element: Unable to locate element: {"method":"xpath","selector":"//a[text()='Refresh']"}
  (Session info: chrome=115.0.5790.170)
For documentation on this error, please visit: https://www.selenium.dev/documentation/webdriver/troubleshooting/errors#no-such-element-exception
Build info: version: '4.11.0', revision: '040bc5406b'
System info: os.name: 'Windows 11', os.arch: 'amd64', os.version: '10.0', java.version: '18.0.2.1'
Driver info: org.openqa.selenium.chrome.ChromeDriver
Command: [d64c4e8dfb07668baacf27adaf85147e, findElement {using=xpath, value=//a[text()='Refresh']}]
Capabilities {acceptInsecureCerts: false, browserName: chrome, browserVersion: 115.0.5790.170, chrome: {chromedriverVersion: 115.0.5790.170 (cc0d30c2ca5..., userDataDir: C:\Users\SQELAB~1\AppData\L...}, goog:chromeOptions: {debuggerAddress: localhost:51446}, networkConnectionEnabled: false, pageLoadStrategy: normal, platformName: windows, proxy: Proxy(), se:cdp: ws://localhost:51446/devtoo..., se:cdpVersion: 115.0.5790.170, setWindowRect: true, strictFileInteractability: false, timeouts: {implicit: 0, pageLoad: 300000, script: 30000}, unhandledPromptBehavior: dismiss and notify, webauthn:extension:credBlob: true, webauthn:extension:largeBlob: true, webauthn:extension:minPinLength: true, webauthn:extension:prf: true, webauthn:virtualAuthenticators: true}
Session ID: d64c4e8dfb07668baacf27adaf85147e
	at java.base/jdk.internal.reflect.DirectConstructorHandleAccessor.newInstance(DirectConstructorHandleAccessor.java:67)
	at java.base/java.lang.reflect.Constructor.newInstanceWithCaller(Constructor.java:499)
	at java.base/java.lang.reflect.Constructor.newInstance(Constructor.java:483)
	at org.openqa.selenium.remote.codec.w3c.W3CHttpResponseCodec.createException(W3CHttpResponseCodec.java:200)
	at org.openqa.selenium.remote.codec.w3c.W3CHttpResponseCodec.decode(W3CHttpResponseCodec.java:133)
	at org.openqa.selenium.remote.codec.w3c.W3CHttpResponseCodec.decode(W3CHttpResponseCodec.java:52)
	at org.openqa.selenium.remote.HttpCommandExecutor.execute(HttpCommandExecutor.java:191)
	at org.openqa.selenium.remote.service.DriverCommandExecutor.invokeExecute(DriverCommandExecutor.java:196)
	at org.openqa.selenium.remote.service.DriverCommandExecutor.execute(DriverCommandExecutor.java:171)
	at org.openqa.selenium.remote.RemoteWebDriver.execute(RemoteWebDriver.java:518)
	at org.openqa.selenium.remote.ElementLocation$ElementFinder$2.findElement(ElementLocation.java:165)
	at org.openqa.selenium.remote.ElementLocation.findElement(ElementLocation.java:59)
	at org.openqa.selenium.remote.RemoteWebDriver.findElement(RemoteWebDriver.java:355)
	at org.openqa.selenium.remote.RemoteWebDriver.findElement(RemoteWebDriver.java:349)
	at org.openqa.selenium.support.ui.ExpectedConditions$6.apply(ExpectedConditions.java:171)
	at org.openqa.selenium.support.ui.ExpectedConditions$6.apply(ExpectedConditions.java:168)
	at org.openqa.selenium.support.ui.FluentWait.until(FluentWait.java:205)
	at CommonMethods.Helper.waitUntilElementPresent(Helper.java:103)
	at CommonMethods.Helper.waitForPresenceandVisiblity(Helper.java:659)
	at POM.AppPreRequisiteUtility.AgencySetup_VerifyUploadedAgencyBoundary(AppPreRequisiteUtility.java:669)
	at TestCases.AgencyCreation.AgencySetup_VerifyUploadedAgencyBoundary(AgencyCreation.java:127)
	at java.base/jdk.internal.reflect.DirectMethodHandleAccessor.invoke(DirectMethodHandleAccessor.java:104)
	at java.base/java.lang.reflect.Method.invoke(Method.java:577)
	at org.testng.internal.invokers.MethodInvocationHelper.invokeMethod(MethodInvocationHelper.java:135)
	at org.testng.internal.invokers.TestInvoker.invokeMethod(TestInvoker.java:673)
	at org.testng.internal.invokers.TestInvoker.invokeTestMethod(TestInvoker.java:220)
	at org.testng.internal.invokers.MethodRunner.runInSequence(MethodRunner.java:50)
	at org.testng.internal.invokers.TestInvoker$MethodInvocationAgent.invoke(TestInvoker.java:945)
	at org.testng.internal.invokers.TestInvoker.invokeTestMethods(TestInvoker.java:193)
	at org.testng.internal.invokers.TestMethodWorker.invokeTestMethods(TestMethodWorker.java:146)
	at org.testng.internal.invokers.TestMethodWorker.run(TestMethodWorker.java:128)
	at java.base/java.util.concurrent.ThreadPoolExecutor.runWorker(ThreadPoolExecutor.java:1136)
	at java.base/java.util.concurrent.ThreadPoolExecutor$Worker.run(ThreadPoolExecutor.java:635)
	at java.base/java.lang.Thread.run(Thread.java:833)
]]></system-err>
  </testcase>
  <testcase name="AgencySetup_VerifyUploadedAgencyParcelFile" classname="TestCases.AgencyCreation" time="4.009">
    <system-out><![CDATA[https://admin-stage.comcate.com/agencies
220
https://app-stage.comcate.com/agencies/220/login
2024-07-25 23:56:57,477 [info]: Scroll Into View By.xpath: //h1[text()='Create Rule']//parent::div//button[text()='Create Rule']
2024-07-25 23:56:57,646 [info]: Click By JS By.xpath: //div[@class='cs-tasks__header']//button
2024-07-25 23:56:57,690 [info]: Clicked on By.xpath: //h1[text()='Create Rule']//parent::div//button[text()='Create Rule']
2024-07-25 23:56:57,953 [info]: Scroll Into View By.xpath: //h2[text()='Specify Action']//ancestor::div[@class='fields-container tile']//span[@class='field__error']
2024-07-25 23:56:58,097 [info]: Scroll Into View By.xpath: (//div[@class='close-icon'])[2]
2024-07-25 23:56:58,204 [info]: Sendkeys on By.xpath: //input[@name='name'] with value TaskToDelete
2024-07-25 23:56:58,258 [info]: Click By JS By.xpath: //label[@for='assigneeId']/following::span[1]
2024-07-25 23:56:58,316 [info]: Click By JS By.xpath: //label[@for='assigneeId']/following::ul/li[1]
2024-07-25 23:56:58,338 [info]: Clicked on By.xpath: (//div[@class='close-icon'])[2]
2024-07-25 23:56:59,245 [info]: Click By JS By.xpath: //button[text()='Add Task']
Window size is: 1552 x 832
2024-07-25 23:56:59,475 [info]: GetText fromBy.xpath: //span[@class='clipped-text']/a
2024-07-25 23:56:59,557 [info]: Clicked on By.xpath: //label[@title='Value']//parent::div//parent::div//span[@class='Select-arrow']
2024-07-25 23:56:59,773 [info]: Click By JS By.xpath: //button[@class='delete-btn space-right btn btn-primary']
2024-07-25 23:57:00,383 [info]: Move to element and Click on [[ChromeDriver: chrome on windows (5f4afb677906f729e84432f342669fc1)] -> xpath: //*[@class='abatement-activities__documents']//*[@class='dropdown__arrow']]
2024-07-25 23:57:02,692 [info]: Click By JS By.xpath: //button[text()='Yes, Delete']
2024-07-25 23:57:03,286 [info]: GetText fromBy.xpath: //div[@class='file-upload']//b
Test Passed: AgencySetup_VerifyUploadedAgencyParcelFile
]]></system-out>
  </testcase>
  <testcase name="AgencySetup_VerifyCreationOfLCFs" classname="TestCases.AgencyCreation" time="3.227">
    <system-out><![CDATA[2024-07-25 23:57:27,686 [info]: Clicked on By.xpath: //div[text()='Picklist']
2024-07-25 23:57:27,954 [info]: Sendkeys on By.id: okta-signin-password with value Hello@1234
2024-07-25 23:57:28,122 [info]: Clicked on By.xpath: //a[@class='picklist-options__add']
2024-07-25 23:57:28,153 [info]: Click By JS By.xpath: //a[@class='picklist-options__add']
2024-07-25 23:57:28,202 [info]: Clicked on By.id: okta-signin-submit
2024-07-25 23:57:28,567 [info]: Sendkeys on By.xpath: (//input[@placeholder='Enter Text'][@name='option'])[1] with value A
2024-07-25 23:57:28,579 [info]: Scroll Into View By.xpath: //div[@class='app-header__menu__icon']
2024-07-25 23:57:28,620 [info]: Click By JS By.xpath: //div[@class='app-header__menu__icon']
2024-07-25 23:57:28,656 [info]: Scroll Into View By.xpath: //label[text()='Agency Setup']//preceding-sibling::a
2024-07-25 23:57:28,853 [info]: Sendkeys on By.xpath: (//input[@placeholder='Enter Text'][@name='option'])[2] with value B
2024-07-25 23:57:29,266 [info]: Clicked on By.xpath: //div[@class='modal-footer']//button[2]
2024-07-25 23:57:30,547 [info]: GetText fromBy.xpath: (//div[@class='agency-setup-tab__section__header']/h2)[1]
Test Passed: AgencySetup_VerifyCreationOfLCFs
]]></system-out>
  </testcase>
  <testcase name="AgencySetup_VerifyContactCustomFields" classname="TestCases.AgencyCreation" time="4.669">
    <system-out><![CDATA[2024-07-25 23:57:57,686 [info]: Sendkeys on By.xpath: //input[@name='email'] with value vHOfmXnz@yopmail.com
2024-07-25 23:57:57,809 [info]: Click By JS By.xpath: (//*[@class='dropdown__selector__selected']//span)[4]
2024-07-25 23:57:57,848 [info]: Clicked on By.xpath: //div[@class='Select-placeholder']
2024-07-25 23:57:58,024 [info]: Scroll Into View By.xpath: //div[text()='Status']
2024-07-25 23:57:58,066 [info]: Sendkeys on By.xpath: //input[@name='workPhone'] with value 5746790832
2024-07-25 23:57:58,101 [info]: Scroll Into View By.xpath: (//div[@class='full-page-modal__header']//button[2])[2]
2024-07-25 23:57:58,332 [info]: Clicked on By.xpath: (//div[@class='full-page-modal__header']//button[2])[2]
2024-07-25 23:57:58,353 [info]: Scroll Into View By.xpath: //div[contains(text(),'Closed')]//parent::div//parent::div//preceding-sibling::div//span[@class='checkbox-holder']/following::a[1]
2024-07-25 23:57:58,483 [info]: Click By JS By.xpath: //div[contains(text(),'Closed')]//parent::div//parent::div//preceding-sibling::div//span[@class='checkbox-holder']/following::a[1]
2024-07-25 23:57:58,823 [info]: Clicked on By.xpath: //img[@class='delete-button']
150
2024-07-25 23:58:00,353 [info]: Click By JS By.xpath: (//li[@class='multi']//input[@type='checkbox'])[1]
2024-07-25 23:58:00,375 [info]: Clicked on By.xpath: //div[text()='Text']
2024-07-25 23:58:00,485 [info]: GetText fromBy.xpath: (//input[@name='attribute']//parent::div//span)[1]
2024-07-25 23:58:00,531 [info]: GetText fromBy.xpath: (//input[@name='value']//parent::div//span)[1]
2024-07-25 23:58:00,553 [info]: Clicked on By.xpath: //div[@class='modal-footer']//button[2]
2024-07-25 23:58:00,617 [info]: Click By JS By.xpath: //div[@class='pagination-top']//div[@class='table__pagination-nav-btns']/button[2]
2024-07-25 23:58:00,864 [info]: Clicked on By.xpath: //label[@title='Escalate To']//parent::div//parent::div//span[@class='Select-arrow']
2024-07-25 23:58:02,285 [info]: GetText fromBy.xpath: (//div[@class='agency-setup-tab__section__header']/h2)[1]
Test Passed: AgencySetup_VerifyContactCustomFields
]]></system-out>
    <system-err><![CDATA[org.openqa.selenium.TimeoutException: Expected condition failed: waiting for visibility of element located by By.xpath: (//li[@class='multi']//input[@type='checkbox'])[1] (tried for 60 second(s) with 1000 milliseconds interval)
Build info: version: '4.11.0', revision: '040bc5406b'
System info: os.name: 'Windows 11', os.arch: 'amd64', os.version: '10.0', java.version: '18.0.2.1'
Driver info: driver.version: unknown
	at org.openqa.selenium.support.ui.FluentWait.timeoutException(FluentWait.java:262)
	at org.openqa.selenium.support.ui.FluentWait.until(FluentWait.java:230)
	at CommonMethods.Helper.waitUntilElementIsVisible(Helper.java:148)
	at POM.SLAUtility.AgencySetup_CreateSLA_AddRule(SLAUtility.java:264)
	at POM.SLAUtility.AgencySetup_ErrorMessageAppearCreatingExistingSLAName(SLAUtility.java:508)
	at TestCases.SLA.AgencySetup_ErrorMessageAppearCreatingExistingSLAName(SLA.java:105)
	at java.base/jdk.internal.reflect.DirectMethodHandleAccessor.invoke(DirectMethodHandleAccessor.java:104)
	at java.base/java.lang.reflect.Method.invoke(Method.java:577)
	at org.testng.internal.invokers.MethodInvocationHelper.invokeMethod(MethodInvocationHelper.java:135)
	at org.testng.internal.invokers.TestInvoker.invokeMethod(TestInvoker.java:673)
	at org.testng.internal.invokers.TestInvoker.invokeTestMethod(TestInvoker.java:220)
	at org.testng.internal.invokers.MethodRunner.runInSequence(MethodRunner.java:50)
	at org.testng.internal.invokers.TestInvoker$MethodInvocationAgent.invoke(TestInvoker.java:945)
	at org.testng.internal.invokers.TestInvoker.invokeTestMethods(TestInvoker.java:193)
	at org.testng.internal.invokers.TestMethodWorker.invokeTestMethods(TestMethodWorker.java:146)
	at org.testng.internal.invokers.TestMethodWorker.run(TestMethodWorker.java:128)
	at java.base/java.util.concurrent.ThreadPoolExecutor.runWorker(ThreadPoolExecutor.java:1136)
	at java.base/java.util.concurrent.ThreadPoolExecutor$Worker.run(ThreadPoolExecutor.java:635)
	at java.base/java.lang.Thread.run(Thread.java:833)
]]></system-err>
  </testcase>
  <testcase name="AgencySetup_CreatedRoles" classname="TestCases.AgencyCreation" time="3.594">
    <system-out><![CDATA[2024-07-25 23:58:49,841 [info]: Clicked on By.xpath: //span[text()='CRM']//parent::label//following-sibling::div//button[text()='Overwrite']
2024-07-25 23:58:49,851 [info]: Sendkeys on By.xpath: //div[@id='collaborators']//input[@placeholder='Search...'][@name='query'] with value Amandeep Singh
2024-07-25 23:58:49,868 [info]: Scroll Into View By.xpath: //div[@class='modal-header']//following::button[text() ='Create Role']
2024-07-25 23:58:49,939 [info]: Click By JS By.xpath: //input[@name='Amandeep Singh']//parent::span//label
2024-07-25 23:58:50,092 [info]: Clicked on By.xpath: //div[@class='modal-header']//following::button[text() ='Create Role']
2024-07-25 23:58:50,314 [info]: Clicked on By.xpath: //button[text()='Create Rule']
800
2024-07-25 23:58:51,615 [info]: Click By JS By.xpath: //div[@class='pagination-top']//div[@class='table__pagination-nav-btns']/button[2]
2024-07-25 23:58:51,903 [info]: Click By JS By.xpath: //button[text()='Add Rule']
2024-07-25 23:58:53,273 [info]: Clicked on By.xpath: //label[@title='Attribute']/following::div[@class='Select-placeholder'][1]
2024-07-25 23:58:53,320 [info]: GetText fromBy.xpath: //span[text()='Role created']
Test Passed: AgencySetup_CreatedRoles
]]></system-out>
  </testcase>
  <testcase name="AgencySetup_VerifyCreatedUser" classname="TestCases.AgencyCreation" time="30.017">
    <system-out><![CDATA[2024-07-26 00:03:03,812 [info]: Clicked on By.xpath: //li[@id='react-autowhatever-1-section-0-item-0']
2024-07-26 00:03:05,874 [info]: Clicked on By.xpath: //span/label[text()='Property Owner']
2024-07-26 00:03:06,130 [info]: Clicked on By.xpath: //button[text()='Apply']
2024-07-26 00:03:06,414 [info]: Clicked on By.xpath: //div/input[@placeholder='Start typing name of violation, article number or issue description']
2024-07-26 00:03:06,565 [info]: Sendkeys on By.xpath: //div/input[@placeholder='Start typing name of violation, article number or issue description'] with value Animal
2024-07-26 00:03:06,809 [info]: Clicked on By.xpath: //div[@class="react-autosuggest__suggestion-element"]/div
2024-07-26 00:03:09,217 [info]: Sendkeys on By.xpath: //div/input[@name='Animal Colour'] with value Black
2024-07-26 00:03:09,301 [info]: Click By JS By.xpath: //button[text()='Mine']
2024-07-26 00:03:09,470 [info]: Clicked on By.xpath: //button[text()='Add']
2024-07-26 00:03:09,870 [info]: Clicked on By.xpath: //div/button[text()='Create Case']
2024-07-26 00:03:09,929 [info]: Scroll Into View By.xpath: //button[text()='Create User']
2024-07-26 00:03:12,049 [info]: Click By JS By.xpath: //button[text()='Create User']
2024-07-26 00:03:12,075 [info]: Clicked on By.xpath: //div/input[@placeholder='Start typing name of violation, article number or issue description']
2024-07-26 00:03:13,369 [info]: Sendkeys on By.xpath: //input[@name='firstName'] with value Basic
2024-07-26 00:03:13,604 [info]: Sendkeys on By.xpath: //input[@name='lastName'] with value Supervisor
2024-07-26 00:03:13,984 [info]: Sendkeys on By.xpath: //input[@name='email'] with value BasicSupervisor3705MPyxYb@yopmail.com
2024-07-26 00:03:14,160 [info]: Clicked on By.xpath: //label[text()='Role']/following::span[1]
2024-07-26 00:03:14,322 [info]: Clicked on By.xpath: //*[text()='Basic Supervisor']
2024-07-26 00:03:16,159 [info]: Clicked on By.xpath: //div/input[@placeholder='Start typing name of violation, article number or issue description']
2024-07-26 00:03:17,280 [info]: Sendkeys on By.xpath: //div/input[@placeholder='Start typing name of violation, article number or issue description'] with value Wa
2024-07-26 00:03:17,519 [info]: Clicked on By.xpath: //div[@class='react-autosuggest__suggestion-element']/div
2024-07-26 00:03:18,523 [info]: Clicked on By.xpath: //div[@class='user-form__header full-page-modal__header']//button[text()='Create User']
2024-07-26 00:03:20,575 [info]: Scroll Into View By.xpath: //div[@class='contact-tile tile']//input
2024-07-26 00:03:20,820 [info]: Clicked on By.xpath: //div[@class='contact-tile tile']//input
2024-07-26 00:03:21,027 [info]: Click By JS By.xpath: //div[@class='contact-tile tile']//div[@class='react-autosuggest__function']
2024-07-26 00:03:21,322 [info]: Sendkeys on By.id: idp-discovery-username with value SupervisorManagerStage@yopmail.com
2024-07-26 00:03:21,338 [info]: Sendkeys on By.xpath: //input[@name='name'] with value RDtqgqDy
2024-07-26 00:03:21,493 [info]: Clicked on By.id: idp-discovery-submit
2024-07-26 00:03:21,498 [info]: Sendkeys on By.xpath: //div/input[@placeholder='Start typing name of violation, article number or issue description'] with value Wa
2024-07-26 00:03:21,571 [info]: Sendkeys on By.xpath: //input[@name='email'] with value RDtqgqDy@yopmail.com
2024-07-26 00:03:21,846 [info]: Sendkeys on By.xpath: //input[@name='workPhone'] with value 1697850349
2024-07-26 00:03:21,888 [info]: Scroll Into View By.xpath: (//div[@class='full-page-modal__header']//button[2])[2]
2024-07-26 00:03:21,954 [info]: Clicked on By.xpath: //div[@class='react-autosuggest__suggestion-element']/div
2024-07-26 00:03:22,057 [info]: Clicked on By.xpath: (//div[@class='full-page-modal__header']//button[2])[2]
2024-07-26 00:03:24,333 [info]: Sendkeys on By.id: okta-signin-password with value Hello@1234
2024-07-26 00:03:24,536 [info]: Clicked on By.id: okta-signin-submit
2024-07-26 00:03:25,318 [info]: Clicked on By.xpath: //span/label[text()='Property Owner']
2024-07-26 00:03:25,558 [info]: Clicked on By.xpath: //button[text()='Apply']
2024-07-26 00:03:25,593 [info]: Scroll Into View By.xpath: //span[contains(text(),'Attachments')]//following-sibling::button
2024-07-26 00:03:25,693 [info]: Click By JS By.xpath: //span[contains(text(),'Attachments')]//following-sibling::button
2024-07-26 00:03:27,043 [info]: Scroll Into View By.xpath: //div[@class='contact-tile tile']//input
2024-07-26 00:03:27,450 [info]: Clicked on By.xpath: //div[@class='contact-tile tile']//input
2024-07-26 00:03:27,747 [info]: Click By JS By.xpath: //div[@class='contact-tile tile']//div[@class='react-autosuggest__function']
2024-07-26 00:03:29,640 [info]: Sendkeys on By.xpath: //input[@name='name'] with value AFpRftpv
2024-07-26 00:03:30,021 [info]: Sendkeys on By.xpath: //input[@name='email'] with value AFpRftpv@yopmail.com
2024-07-26 00:03:30,225 [info]: Clicked on By.xpath: //h5[text()='Assign Case To']//parent::div//span[@class='dropdown__arrow']
2024-07-26 00:03:30,325 [info]: Sendkeys on By.xpath: //input[@name='workPhone'] with value 5586946823
2024-07-26 00:03:30,365 [info]: Scroll Into View By.xpath: (//div[@class='full-page-modal__header']//button[2])[2]
2024-07-26 00:03:30,644 [info]: Clicked on By.xpath: (//div[@class='full-page-modal__header']//button[2])[2]
2024-07-26 00:03:30,689 [info]: Sendkeys on By.xpath: //h5[text()='Assign Case To']//parent::div//input[@placeholder='Start typing name of the assignee'] with value Mark Shane
2024-07-26 00:03:30,968 [info]: Clicked on By.xpath: //div[@class='react-autosuggest__suggestion-element']//b
2024-07-26 00:03:32,105 [info]: Clicked on By.xpath: //h5[text()='Assign Case To']//parent::div//span[@class='dropdown__arrow']
2024-07-26 00:03:32,286 [info]: Clicked on By.xpath: //h5[text()='Assign Inspection To']//parent::div//span[@class='dropdown__arrow']
Test Passed: AgencySetup_VerifyCreatedUser
]]></system-out>
    <system-err><![CDATA[org.openqa.selenium.TimeoutException: Expected condition failed: waiting for visibility of element located by By.id: okta-signin-username (tried for 60 second(s) with 1000 milliseconds interval)
Build info: version: '4.11.0', revision: '040bc5406b'
System info: os.name: 'Windows 11', os.arch: 'amd64', os.version: '10.0', java.version: '18.0.2.1'
Driver info: driver.version: unknown
	at org.openqa.selenium.support.ui.FluentWait.timeoutException(FluentWait.java:262)
	at org.openqa.selenium.support.ui.FluentWait.until(FluentWait.java:230)
	at CommonMethods.Helper.waitUntilElementIsVisible(Helper.java:148)
	at POM.LoginUtility.LoginAgencyUser(LoginUtility.java:1132)
	at POM.LoginUtility.loginSupervisorManager_QAProdStage(LoginUtility.java:1189)
	at POM.CDP_Utility.VerifyEsclatedNoticeStatusAppearToSupervisorManager(CDP_Utility.java:1356)
	at TestCases.EscalatedNoticesCDP.EscalatedNoticesCDP_VerifyEsclatedNoticeStatusAppearToSupervisorManager(EscalatedNoticesCDP.java:75)
	at java.base/jdk.internal.reflect.DirectMethodHandleAccessor.invoke(DirectMethodHandleAccessor.java:104)
	at java.base/java.lang.reflect.Method.invoke(Method.java:577)
	at org.testng.internal.invokers.MethodInvocationHelper.invokeMethod(MethodInvocationHelper.java:135)
	at org.testng.internal.invokers.TestInvoker.invokeMethod(TestInvoker.java:673)
	at org.testng.internal.invokers.TestInvoker.invokeTestMethod(TestInvoker.java:220)
	at org.testng.internal.invokers.MethodRunner.runInSequence(MethodRunner.java:50)
	at org.testng.internal.invokers.TestInvoker$MethodInvocationAgent.invoke(TestInvoker.java:945)
	at org.testng.internal.invokers.TestInvoker.invokeTestMethods(TestInvoker.java:193)
	at org.testng.internal.invokers.TestMethodWorker.invokeTestMethods(TestMethodWorker.java:146)
	at org.testng.internal.invokers.TestMethodWorker.run(TestMethodWorker.java:128)
	at java.base/java.util.concurrent.ThreadPoolExecutor.runWorker(ThreadPoolExecutor.java:1136)
	at java.base/java.util.concurrent.ThreadPoolExecutor$Worker.run(ThreadPoolExecutor.java:635)
	at java.base/java.lang.Thread.run(Thread.java:833)
]]></system-err>
  </testcase>
  <testcase name="AgencySetup_VerifyCreateGroup" classname="TestCases.AgencyCreation" time="26.453">
    <failure message="expected [Group created] but found []" type="java.lang.AssertionError"><![CDATA[java.lang.AssertionError: expected [Group created] but found []
	at org.testng.Assert.fail(Assert.java:110)
	at org.testng.Assert.failNotEquals(Assert.java:1413)
	at org.testng.Assert.assertEqualsImpl(Assert.java:149)
	at org.testng.Assert.assertEquals(Assert.java:131)
	at org.testng.Assert.assertEquals(Assert.java:655)
	at org.testng.Assert.assertEquals(Assert.java:665)
	at POM.UserManagementUtility.createGroupWithUser(UserManagementUtility.java:625)
	at POM.AppPreRequisiteUtility.createGroups(AppPreRequisiteUtility.java:2072)
	at TestCases.AgencyCreation.AgencySetup_VerifyCreateGroup(AgencyCreation.java:305)
	at java.base/jdk.internal.reflect.DirectMethodHandleAccessor.invoke(DirectMethodHandleAccessor.java:104)
	at java.base/java.lang.reflect.Method.invoke(Method.java:577)
	at org.testng.internal.invokers.MethodInvocationHelper.invokeMethod(MethodInvocationHelper.java:135)
	at org.testng.internal.invokers.TestInvoker.invokeMethod(TestInvoker.java:673)
	at org.testng.internal.invokers.TestInvoker.invokeTestMethod(TestInvoker.java:220)
	at org.testng.internal.invokers.MethodRunner.runInSequence(MethodRunner.java:50)
	at org.testng.internal.invokers.TestInvoker$MethodInvocationAgent.invoke(TestInvoker.java:945)
	at org.testng.internal.invokers.TestInvoker.invokeTestMethods(TestInvoker.java:193)
	at org.testng.internal.invokers.TestMethodWorker.invokeTestMethods(TestMethodWorker.java:146)
	at org.testng.internal.invokers.TestMethodWorker.run(TestMethodWorker.java:128)
	at java.base/java.util.concurrent.ThreadPoolExecutor.runWorker(ThreadPoolExecutor.java:1136)
	at java.base/java.util.concurrent.ThreadPoolExecutor$Worker.run(ThreadPoolExecutor.java:635)
	at java.base/java.lang.Thread.run(Thread.java:833)
]]></failure>
    <system-out><![CDATA[2024-07-26 00:03:33,557 [info]: Click By JS By.xpath: //div[contains(text(),'Groups')]
2024-07-26 00:03:33,714 [info]: Scroll Into View By.xpath: //button[text()='Create New Group']
2024-07-26 00:03:33,763 [info]: Click By JS By.xpath: //button[text()='Create New Group']
2024-07-26 00:03:33,954 [info]: Sendkeys on By.xpath: //h5[text()='Assign Inspection To']//parent::div//input[@placeholder='Start typing name of the assignee'] with value Mark Shane
2024-07-26 00:03:34,222 [info]: Clicked on By.xpath: //div[@class='react-autosuggest__suggestion-element']//b
2024-07-26 00:03:34,526 [info]: Clicked on By.xpath: //button[text()='Add']
2024-07-26 00:03:34,623 [info]: Scroll Into View By.xpath: //span[contains(text(),'Attachments')]//following-sibling::button
2024-07-26 00:03:34,812 [info]: Click By JS By.xpath: //span[contains(text(),'Attachments')]//following-sibling::button
2024-07-26 00:03:34,976 [info]: GetText fromBy.xpath: //div[@class='app-header__user-name']/label
2024-07-26 00:03:35,364 [info]: Clicked on By.xpath: //h5[text()='Assign Inspection To']//parent::div//span[@class='dropdown__arrow']
2024-07-26 00:03:35,661 [info]: Clicked on By.xpath: //div[@class='modal-footer']//button[2]
2024-07-26 00:03:36,033 [info]: Clicked on By.xpath: //span/label[text()='Property Owner']
2024-07-26 00:03:36,407 [info]: Clicked on By.xpath: //button[text()='Apply']
case id is 24-1842
2024-07-26 00:03:37,076 [info]: Scroll Into View By.xpath: //a[text()='Cases']
2024-07-26 00:03:37,082 [info]: Clicked on By.xpath: //div/button[text()='Create Case']
2024-07-26 00:03:37,229 [info]: Click By JS By.xpath: //a[text()='Cases']
2024-07-26 00:03:37,856 [info]: Scroll Into View failed.
2024-07-26 00:03:38,323 [info]: Sendkeys on By.xpath: //input[@name='label'] with value BasicUserDummyUser
2024-07-26 00:03:38,682 [info]: Sendkeys on By.xpath: //textarea[@name='description'] with value Basic and Dummy User Group
2024-07-26 00:03:38,785 [info]: Clicked on By.xpath: (//h2[text()='Site Settings']//ancestor::div[@class='tile-header-container']//following-sibling::div//button[text()='Yes'])[2]
2024-07-26 00:03:38,871 [info]: Clicked on By.xpath: (//h2[text()='Site Settings']//ancestor::div[@class='tile-header-container']//following-sibling::div//button[text()='Yes'])[1]
2024-07-26 00:03:39,017 [info]: Clicked on By.xpath: //span[@class='toggle__children']
2024-07-26 00:03:39,115 [info]: Clicked on By.xpath: (//button[text()='Yes'])[3]
2024-07-26 00:03:39,211 [info]: Clicked on By.xpath: //button[text()='All Staff']
2024-07-26 00:03:39,318 [info]: Clicked on By.xpath: //button[text()='All Staff Dashboard']
2024-07-26 00:03:39,457 [info]: Clicked on By.xpath: //button[text()='Can Void / Waive']
2024-07-26 00:03:39,572 [info]: Clicked on By.xpath: (//button[text()='Yes'])[4]
2024-07-26 00:03:39,688 [info]: Clicked on By.xpath: (//button[text()='Yes'])[5]
2024-07-26 00:03:39,784 [info]: Clicked on By.xpath: //label[@title='Animal']//parent::div//parent::div//button[text()='Basic']
2024-07-26 00:03:39,872 [info]: Clicked on By.xpath: //label[@title='General']//parent::div//parent::div//button[text()='Basic']
2024-07-26 00:03:40,019 [info]: Clicked on By.xpath: //span[@class='toggle__children'][text()='CRM']
2024-07-26 00:03:40,141 [info]: Clicked on By.xpath: (//span[text()='CRM']//parent::label//following-sibling::div//button[text()='Yes'])[1]
2024-07-26 00:03:40,245 [info]: Clicked on By.xpath: (//span[text()='CRM']//parent::label//following-sibling::div//button[text()='Yes'])[2]
2024-07-26 00:03:40,357 [info]: Clicked on By.xpath: //span[text()='CRM']//parent::label//following-sibling::div//button[text()='Basic']
2024-07-26 00:03:40,532 [info]: Clicked on By.xpath: //label[text()='Add Users']//parent::div//span
2024-07-26 00:03:42,080 [info]: Sendkeys on By.xpath: //input[@name='query'][@type='TEXT'] with value Basic Supervisor
2024-07-26 00:03:42,220 [info]: Sendkeys on By.xpath: //input[@name='searchQuery'] with value 24-1842
2024-07-26 00:03:44,278 [info]: Clicked on By.xpath: //ul//li[@class='option']//span//label
2024-07-26 00:03:45,389 [info]: Click By JS By.xpath: //button[text()='Apply']
2024-07-26 00:03:45,424 [info]: Clicked on By.xpath: //button[text()='Add']
2024-07-26 00:03:47,599 [info]: Clicked on By.xpath: //label[text()='Add Users']//parent::div//span
2024-07-26 00:03:48,433 [info]: Clicked on By.xpath: //h5[text()='Assign Case To']//parent::div//span[@class='dropdown__arrow']
2024-07-26 00:03:49,031 [info]: Sendkeys on By.xpath: //input[@name='query'][@type='TEXT'] with value dummy User
2024-07-26 00:03:49,355 [info]: Sendkeys on By.xpath: //h5[text()='Assign Case To']//parent::div//input[@placeholder='Start typing name of the assignee'] with value Mark Shane
2024-07-26 00:03:49,808 [info]: Clicked on By.xpath: //div[@class='react-autosuggest__suggestion-element']//b
2024-07-26 00:03:50,496 [info]: Scroll Into View By.xpath: //div/button[text()='Create Case']
2024-07-26 00:03:50,847 [info]: Clicked on By.xpath: //div/button[text()='Create Case']
2024-07-26 00:03:50,993 [info]: Clicked on By.xpath: //h5[text()='Assign Case To']//parent::div//span[@class='dropdown__arrow']
2024-07-26 00:03:51,220 [info]: Clicked on By.xpath: //ul//li[@class='option']//span//label
2024-07-26 00:03:51,255 [info]: Clicked on By.xpath: //h5[text()='Assign Inspection To']//parent::div//span[@class='dropdown__arrow']
2024-07-26 00:03:52,346 [info]: Click By JS By.xpath: //button[text()='Apply']
2024-07-26 00:03:53,133 [info]: Sendkeys on By.xpath: //h5[text()='Assign Inspection To']//parent::div//input[@placeholder='Start typing name of the assignee'] with value Mark Shane
2024-07-26 00:03:53,460 [info]: Clicked on By.xpath: //div[@class='react-autosuggest__suggestion-element']//b
2024-07-26 00:03:53,465 [info]: Clicked on By.xpath: //button[text()='Perform Inspection']
2024-07-26 00:03:53,592 [info]: Scroll Into View By.xpath: //button[text()='Create & Perform Inspection']
2024-07-26 00:03:53,780 [info]: Clicked on By.xpath: //button[text()='Create & Perform Inspection']
2024-07-26 00:03:54,641 [info]: Click By JS By.xpath: //a[text()='24-1842']
2024-07-26 00:03:54,786 [info]: Clicked on By.xpath: //label[text()='Add Users']//parent::div//span
2024-07-26 00:03:54,821 [info]: Clicked on By.xpath: //h5[text()='Assign Inspection To']//parent::div//span[@class='dropdown__arrow']
2024-07-26 00:03:55,090 [info]: Clicked on By.xpath: //button[text()='Create Group']
2024-07-26 00:03:55,231 [info]: Clicked on By.xpath: //div[@class='modal-footer']//button[2]
2024-07-26 00:03:57,717 [info]: GetText fromBy.xpath: //span[text()='Group created']
Test Failed: AgencySetup_VerifyCreateGroup
2024-07-26 00:03:58,630 [info]: Scroll Into View By.cssSelector: div.case-details__close-icon img
2024-07-26 00:03:59,029 [info]: Click By JS By.cssSelector: div.case-details__close-icon img
]]></system-out>
    <system-err><![CDATA[org.openqa.selenium.TimeoutException: Expected condition failed: waiting for visibility of element located by By.xpath: //h2[contains(text(),'Active')] (tried for 60 second(s) with 1000 milliseconds interval)
Build info: version: '4.11.0', revision: '040bc5406b'
System info: os.name: 'Windows 11', os.arch: 'amd64', os.version: '10.0', java.version: '18.0.2.1'
Driver info: driver.version: unknown
	at org.openqa.selenium.support.ui.FluentWait.timeoutException(FluentWait.java:262)
	at org.openqa.selenium.support.ui.FluentWait.until(FluentWait.java:230)
	at CommonMethods.Helper.waitUntilElementIsVisible(Helper.java:148)
	at POM.TemplateManagementUtility.TemplateMangement_VerifyActivateAndDeActivateTemplate(TemplateManagementUtility.java:415)
	at TestCases.TemplateManagement.TemplateMangement_VerifyActivateAndDeActivateTemplate(TemplateManagement.java:89)
	at java.base/jdk.internal.reflect.DirectMethodHandleAccessor.invoke(DirectMethodHandleAccessor.java:104)
	at java.base/java.lang.reflect.Method.invoke(Method.java:577)
	at org.testng.internal.invokers.MethodInvocationHelper.invokeMethod(MethodInvocationHelper.java:135)
	at org.testng.internal.invokers.TestInvoker.invokeMethod(TestInvoker.java:673)
	at org.testng.internal.invokers.TestInvoker.invokeTestMethod(TestInvoker.java:220)
	at org.testng.internal.invokers.MethodRunner.runInSequence(MethodRunner.java:50)
	at org.testng.internal.invokers.TestInvoker$MethodInvocationAgent.invoke(TestInvoker.java:945)
	at org.testng.internal.invokers.TestInvoker.invokeTestMethods(TestInvoker.java:193)
	at org.testng.internal.invokers.TestMethodWorker.invokeTestMethods(TestMethodWorker.java:146)
	at org.testng.internal.invokers.TestMethodWorker.run(TestMethodWorker.java:128)
	at java.base/java.util.concurrent.ThreadPoolExecutor.runWorker(ThreadPoolExecutor.java:1136)
	at java.base/java.util.concurrent.ThreadPoolExecutor$Worker.run(ThreadPoolExecutor.java:635)
	at java.base/java.lang.Thread.run(Thread.java:833)
org.openqa.selenium.NoSuchElementException: no such element: Unable to locate element: {"method":"xpath","selector":"//h2[contains(text(),'Active')]"}
  (Session info: chrome=115.0.5790.170)
For documentation on this error, please visit: https://www.selenium.dev/documentation/webdriver/troubleshooting/errors#no-such-element-exception
Build info: version: '4.11.0', revision: '040bc5406b'
System info: os.name: 'Windows 11', os.arch: 'amd64', os.version: '10.0', java.version: '18.0.2.1'
Driver info: org.openqa.selenium.chrome.ChromeDriver
Command: [ce5a891fc7051da9189a266828f63841, findElement {using=xpath, value=//h2[contains(text(),'Active')]}]
Capabilities {acceptInsecureCerts: false, browserName: chrome, browserVersion: 115.0.5790.170, chrome: {chromedriverVersion: 115.0.5790.170 (cc0d30c2ca5..., userDataDir: C:\Users\SQELAB~1\AppData\L...}, goog:chromeOptions: {debuggerAddress: localhost:51036}, networkConnectionEnabled: false, pageLoadStrategy: normal, platformName: windows, proxy: Proxy(), se:cdp: ws://localhost:51036/devtoo..., se:cdpVersion: 115.0.5790.170, setWindowRect: true, strictFileInteractability: false, timeouts: {implicit: 0, pageLoad: 300000, script: 30000}, unhandledPromptBehavior: dismiss and notify, webauthn:extension:credBlob: true, webauthn:extension:largeBlob: true, webauthn:extension:minPinLength: true, webauthn:extension:prf: true, webauthn:virtualAuthenticators: true}
Session ID: ce5a891fc7051da9189a266828f63841
	at java.base/jdk.internal.reflect.DirectConstructorHandleAccessor.newInstance(DirectConstructorHandleAccessor.java:67)
	at java.base/java.lang.reflect.Constructor.newInstanceWithCaller(Constructor.java:499)
	at java.base/java.lang.reflect.Constructor.newInstance(Constructor.java:483)
	at org.openqa.selenium.remote.codec.w3c.W3CHttpResponseCodec.createException(W3CHttpResponseCodec.java:200)
	at org.openqa.selenium.remote.codec.w3c.W3CHttpResponseCodec.decode(W3CHttpResponseCodec.java:133)
	at org.openqa.selenium.remote.codec.w3c.W3CHttpResponseCodec.decode(W3CHttpResponseCodec.java:52)
	at org.openqa.selenium.remote.HttpCommandExecutor.execute(HttpCommandExecutor.java:191)
	at org.openqa.selenium.remote.service.DriverCommandExecutor.invokeExecute(DriverCommandExecutor.java:196)
	at org.openqa.selenium.remote.service.DriverCommandExecutor.execute(DriverCommandExecutor.java:171)
	at org.openqa.selenium.remote.RemoteWebDriver.execute(RemoteWebDriver.java:518)
	at org.openqa.selenium.remote.ElementLocation$ElementFinder$2.findElement(ElementLocation.java:165)
	at org.openqa.selenium.remote.ElementLocation.findElement(ElementLocation.java:59)
	at org.openqa.selenium.remote.RemoteWebDriver.findElement(RemoteWebDriver.java:355)
	at org.openqa.selenium.remote.RemoteWebDriver.findElement(RemoteWebDriver.java:349)
	at CommonMethods.Helper.scrollIntoView(Helper.java:467)
	at POM.TemplateManagementUtility.TemplateMangement_VerifyActivateAndDeActivateTemplate(TemplateManagementUtility.java:416)
	at TestCases.TemplateManagement.TemplateMangement_VerifyActivateAndDeActivateTemplate(TemplateManagement.java:89)
	at java.base/jdk.internal.reflect.DirectMethodHandleAccessor.invoke(DirectMethodHandleAccessor.java:104)
	at java.base/java.lang.reflect.Method.invoke(Method.java:577)
	at org.testng.internal.invokers.MethodInvocationHelper.invokeMethod(MethodInvocationHelper.java:135)
	at org.testng.internal.invokers.TestInvoker.invokeMethod(TestInvoker.java:673)
	at org.testng.internal.invokers.TestInvoker.invokeTestMethod(TestInvoker.java:220)
	at org.testng.internal.invokers.MethodRunner.runInSequence(MethodRunner.java:50)
	at org.testng.internal.invokers.TestInvoker$MethodInvocationAgent.invoke(TestInvoker.java:945)
	at org.testng.internal.invokers.TestInvoker.invokeTestMethods(TestInvoker.java:193)
	at org.testng.internal.invokers.TestMethodWorker.invokeTestMethods(TestMethodWorker.java:146)
	at org.testng.internal.invokers.TestMethodWorker.run(TestMethodWorker.java:128)
	at java.base/java.util.concurrent.ThreadPoolExecutor.runWorker(ThreadPoolExecutor.java:1136)
	at java.base/java.util.concurrent.ThreadPoolExecutor$Worker.run(ThreadPoolExecutor.java:635)
	at java.base/java.lang.Thread.run(Thread.java:833)
org.openqa.selenium.TimeoutException: Expected condition failed: waiting for element to be clickable: By.xpath: //input[@name='firstName'] (tried for 60 second(s) with 1000 milliseconds interval)
Build info: version: '4.11.0', revision: '040bc5406b'
System info: os.name: 'Windows 11', os.arch: 'amd64', os.version: '10.0', java.version: '18.0.2.1'
Driver info: driver.version: unknown
	at org.openqa.selenium.support.ui.FluentWait.timeoutException(FluentWait.java:262)
	at org.openqa.selenium.support.ui.FluentWait.until(FluentWait.java:230)
	at CommonMethods.Helper.waitForElementIsInteractable(Helper.java:199)
	at POM.UserManagementUtility.UserManagement_VerifyUpdatedUserDetails(UserManagementUtility.java:301)
	at TestCases.UserManagement.UserManagement_VerifyUpdatedUserDetails(UserManagement.java:99)
	at java.base/jdk.internal.reflect.DirectMethodHandleAccessor.invoke(DirectMethodHandleAccessor.java:104)
	at java.base/java.lang.reflect.Method.invoke(Method.java:577)
	at org.testng.internal.invokers.MethodInvocationHelper.invokeMethod(MethodInvocationHelper.java:135)
	at org.testng.internal.invokers.TestInvoker.invokeMethod(TestInvoker.java:673)
	at org.testng.internal.invokers.TestInvoker.invokeTestMethod(TestInvoker.java:220)
	at org.testng.internal.invokers.MethodRunner.runInSequence(MethodRunner.java:50)
	at org.testng.internal.invokers.TestInvoker$MethodInvocationAgent.invoke(TestInvoker.java:945)
	at org.testng.internal.invokers.TestInvoker.invokeTestMethods(TestInvoker.java:193)
	at org.testng.internal.invokers.TestMethodWorker.invokeTestMethods(TestMethodWorker.java:146)
	at org.testng.internal.invokers.TestMethodWorker.run(TestMethodWorker.java:128)
	at java.base/java.util.concurrent.ThreadPoolExecutor.runWorker(ThreadPoolExecutor.java:1136)
	at java.base/java.util.concurrent.ThreadPoolExecutor$Worker.run(ThreadPoolExecutor.java:635)
	at java.base/java.lang.Thread.run(Thread.java:833)
org.openqa.selenium.TimeoutException: Expected condition failed: waiting for visibility of element located by By.xpath: //div[@class='dropdown__selector__selected']/label (tried for 60 second(s) with 1000 milliseconds interval)
Build info: version: '4.11.0', revision: '040bc5406b'
System info: os.name: 'Windows 11', os.arch: 'amd64', os.version: '10.0', java.version: '18.0.2.1'
Driver info: driver.version: unknown
	at org.openqa.selenium.support.ui.FluentWait.timeoutException(FluentWait.java:262)
	at org.openqa.selenium.support.ui.FluentWait.until(FluentWait.java:230)
	at CommonMethods.Helper.waitUntilElementIsVisible(Helper.java:148)
	at CommonMethods.Helper.waitForPresenceandVisiblity(Helper.java:658)
	at CommonMethods.CRMCommonMethods.createSubmission(CRMCommonMethods.java:208)
	at POM.CSDPUtility.CSDP_SubmissionDetails(CSDPUtility.java:849)
	at TestCases.CSDP.CSDP_SubmissionDetails(CSDP.java:187)
	at java.base/jdk.internal.reflect.DirectMethodHandleAccessor.invoke(DirectMethodHandleAccessor.java:104)
	at java.base/java.lang.reflect.Method.invoke(Method.java:577)
	at org.testng.internal.invokers.MethodInvocationHelper.invokeMethod(MethodInvocationHelper.java:135)
	at org.testng.internal.invokers.TestInvoker.invokeMethod(TestInvoker.java:673)
	at org.testng.internal.invokers.TestInvoker.invokeTestMethod(TestInvoker.java:220)
	at org.testng.internal.invokers.MethodRunner.runInSequence(MethodRunner.java:50)
	at org.testng.internal.invokers.TestInvoker$MethodInvocationAgent.invoke(TestInvoker.java:945)
	at org.testng.internal.invokers.TestInvoker.invokeTestMethods(TestInvoker.java:193)
	at org.testng.internal.invokers.TestMethodWorker.invokeTestMethods(TestMethodWorker.java:146)
	at org.testng.internal.invokers.TestMethodWorker.run(TestMethodWorker.java:128)
	at java.base/java.util.concurrent.ThreadPoolExecutor.runWorker(ThreadPoolExecutor.java:1136)
	at java.base/java.util.concurrent.ThreadPoolExecutor$Worker.run(ThreadPoolExecutor.java:635)
	at java.base/java.lang.Thread.run(Thread.java:833)
org.openqa.selenium.NoSuchElementException: no such element: Unable to locate element: {"method":"xpath","selector":"//div[@class='dropdown__selector__selected']/label"}
  (Session info: chrome=115.0.5790.170)
For documentation on this error, please visit: https://www.selenium.dev/documentation/webdriver/troubleshooting/errors#no-such-element-exception
Build info: version: '4.11.0', revision: '040bc5406b'
System info: os.name: 'Windows 11', os.arch: 'amd64', os.version: '10.0', java.version: '18.0.2.1'
Driver info: org.openqa.selenium.chrome.ChromeDriver
Command: [d912ad183baba31645c5abb6ebff7616, findElement {using=xpath, value=//div[@class='dropdown__selector__selected']/label}]
Capabilities {acceptInsecureCerts: false, browserName: chrome, browserVersion: 115.0.5790.170, chrome: {chromedriverVersion: 115.0.5790.170 (cc0d30c2ca5..., userDataDir: C:\Users\SQELAB~1\AppData\L...}, goog:chromeOptions: {debuggerAddress: localhost:54245}, networkConnectionEnabled: false, pageLoadStrategy: normal, platformName: windows, proxy: Proxy(), se:cdp: ws://localhost:54245/devtoo..., se:cdpVersion: 115.0.5790.170, setWindowRect: true, strictFileInteractability: false, timeouts: {implicit: 0, pageLoad: 300000, script: 30000}, unhandledPromptBehavior: dismiss and notify, webauthn:extension:credBlob: true, webauthn:extension:largeBlob: true, webauthn:extension:minPinLength: true, webauthn:extension:prf: true, webauthn:virtualAuthenticators: true}
Session ID: d912ad183baba31645c5abb6ebff7616
	at java.base/jdk.internal.reflect.DirectConstructorHandleAccessor.newInstance(DirectConstructorHandleAccessor.java:67)
	at java.base/java.lang.reflect.Constructor.newInstanceWithCaller(Constructor.java:499)
	at java.base/java.lang.reflect.Constructor.newInstance(Constructor.java:483)
	at org.openqa.selenium.remote.codec.w3c.W3CHttpResponseCodec.createException(W3CHttpResponseCodec.java:200)
	at org.openqa.selenium.remote.codec.w3c.W3CHttpResponseCodec.decode(W3CHttpResponseCodec.java:133)
	at org.openqa.selenium.remote.codec.w3c.W3CHttpResponseCodec.decode(W3CHttpResponseCodec.java:52)
	at org.openqa.selenium.remote.HttpCommandExecutor.execute(HttpCommandExecutor.java:191)
	at org.openqa.selenium.remote.service.DriverCommandExecutor.invokeExecute(DriverCommandExecutor.java:196)
	at org.openqa.selenium.remote.service.DriverCommandExecutor.execute(DriverCommandExecutor.java:171)
	at org.openqa.selenium.remote.RemoteWebDriver.execute(RemoteWebDriver.java:518)
	at org.openqa.selenium.remote.ElementLocation$ElementFinder$2.findElement(ElementLocation.java:165)
	at org.openqa.selenium.remote.ElementLocation.findElement(ElementLocation.java:59)
	at org.openqa.selenium.remote.RemoteWebDriver.findElement(RemoteWebDriver.java:355)
	at org.openqa.selenium.remote.RemoteWebDriver.findElement(RemoteWebDriver.java:349)
	at org.openqa.selenium.support.ui.ExpectedConditions$6.apply(ExpectedConditions.java:171)
	at org.openqa.selenium.support.ui.ExpectedConditions$6.apply(ExpectedConditions.java:168)
	at org.openqa.selenium.support.ui.FluentWait.until(FluentWait.java:205)
	at CommonMethods.Helper.waitUntilElementPresent(Helper.java:103)
	at CommonMethods.Helper.waitForPresenceandVisiblity(Helper.java:659)
	at CommonMethods.CRMCommonMethods.createSubmission(CRMCommonMethods.java:208)
	at POM.CSDPUtility.CSDP_SubmissionDetails(CSDPUtility.java:849)
	at TestCases.CSDP.CSDP_SubmissionDetails(CSDP.java:187)
	at java.base/jdk.internal.reflect.DirectMethodHandleAccessor.invoke(DirectMethodHandleAccessor.java:104)
	at java.base/java.lang.reflect.Method.invoke(Method.java:577)
	at org.testng.internal.invokers.MethodInvocationHelper.invokeMethod(MethodInvocationHelper.java:135)
	at org.testng.internal.invokers.TestInvoker.invokeMethod(TestInvoker.java:673)
	at org.testng.internal.invokers.TestInvoker.invokeTestMethod(TestInvoker.java:220)
	at org.testng.internal.invokers.MethodRunner.runInSequence(MethodRunner.java:50)
	at org.testng.internal.invokers.TestInvoker$MethodInvocationAgent.invoke(TestInvoker.java:945)
	at org.testng.internal.invokers.TestInvoker.invokeTestMethods(TestInvoker.java:193)
	at org.testng.internal.invokers.TestMethodWorker.invokeTestMethods(TestMethodWorker.java:146)
	at org.testng.internal.invokers.TestMethodWorker.run(TestMethodWorker.java:128)
	at java.base/java.util.concurrent.ThreadPoolExecutor.runWorker(ThreadPoolExecutor.java:1136)
	at java.base/java.util.concurrent.ThreadPoolExecutor$Worker.run(ThreadPoolExecutor.java:635)
	at java.base/java.lang.Thread.run(Thread.java:833)
]]></system-err>
  </testcase>
  <testcase name="AgencySetup_VerifyAdditionOfFAActivity" classname="TestCases.AgencyCreation" time="7.666">
    <system-out><![CDATA[2024-07-26 00:04:41,988 [info]: Scroll Into View By.xpath: //div[@class='agency-form__product-config']/a
2024-07-26 00:04:42,194 [info]: Click By JS By.xpath: //div[@class='agency-form__product-config']/a
hello true 1
0
2024-07-26 00:04:44,118 [info]: GetText fromBy.xpath: //nav[@class='crm-submission__navigation-bar']/h1
2024-07-26 00:04:44,192 [info]: Scroll Into View By.xpath: //h2[contains(text(),'Category')]//parent::div//div[@class='dropdown__label']
2024-07-26 00:04:44,338 [info]: Clicked on By.xpath: //h2[contains(text(),'Category')]//parent::div//div[@class='dropdown__label']
2024-07-26 00:04:44,587 [info]: Scroll to the Top.
2024-07-26 00:04:44,654 [info]: Sendkeys on By.xpath: //div[@class='dropdown-content__search-container']//input[@type='text'] with value Location Not Required
2024-07-26 00:04:44,658 [info]: Click By JS By.xpath: //button[text()='Create Forced Abatement Activity']
2024-07-26 00:04:46,111 [info]: Sendkeys on By.xpath: //input[@name='label'] with value Responsive
2024-07-26 00:04:46,576 [info]: Sendkeys on By.xpath: //textarea[@name='description'] with value TDfoNbftvZ4JZaSrqNPo
2024-07-26 00:04:46,703 [info]: Click By JS By.xpath: //a[@class='fields-container__add-field']
2024-07-26 00:04:47,003 [info]: Click By JS By.xpath: //a[text()='24-1845']
2024-07-26 00:04:47,108 [info]: Sendkeys on By.xpath: //div[@class='tile-header']/following::input[@name='label'] with value Response
2024-07-26 00:04:47,144 [info]: Click By JS By.xpath: //h1[text()='Create Forced Abatement Activity']/following::button[2]
2024-07-26 00:04:47,253 [info]: GetText fromBy.xpath: //div[@class='sortable-table__body__td'][1]
Test Passed: AgencySetup_VerifyAdditionOfFAActivity
]]></system-out>
  </testcase>
  <testcase name="AgencySetup_VerifyCreationOfMunicipalCode" classname="TestCases.AgencyCreation" time="1.587">
    <system-out><![CDATA[2024-07-26 00:05:01,868 [info]: Click By JS By.xpath: //button[text()='Email']
2024-07-26 00:05:01,996 [info]: Scroll Into View By.xpath: //button[text()='Text Message']
2024-07-26 00:05:02,100 [info]: Click By JS By.xpath: //button[text()='Text Message']
2024-07-26 00:05:02,293 [info]: GetText fromBy.xpath: //div[contains(text(),'8282')]
Test Passed: AgencySetup_VerifyCreationOfMunicipalCode
]]></system-out>
  </testcase>
  <testcase name="AgencySetup_VerifyCreationOfViolations" classname="TestCases.AgencyCreation" time="4.221">
    <system-out><![CDATA[2024-07-26 00:05:30,378 [info]: Sendkeys on By.xpath: //input[@name='label'] with value WaterFF
2024-07-26 00:05:30,426 [info]: Scroll Into View By.xpath: //label[@title='Violation Type']/following::div[@class='Select-placeholder']
2024-07-26 00:05:30,673 [info]: Clicked on By.xpath: //label[@title='Violation Type']/following::div[@class='Select-placeholder']
2024-07-26 00:05:30,837 [info]: Clicked on By.xpath: //div[@aria-label='General']
2024-07-26 00:05:31,026 [info]: Clicked on By.xpath: //label[text()='Municipal Code']/following::span[1]
2024-07-26 00:05:31,125 [info]: GetText fromBy.xpath: (//div[@role='gridcell'])[1]
2024-07-26 00:05:31,200 [info]: Clicked on By.xpath: //ul[@class='picklist-with-handler__picklist-section']/li
2024-07-26 00:05:31,326 [info]: Click By JS By.xpath: (//button[text()='Create Violation'])[2]
2024-07-26 00:05:31,757 [info]: Click By JS By.xpath: //div[@class='table__pagination-nav-btns']//button[@class='square-btn btn btn-default'][2]
2024-07-26 00:05:31,821 [info]: Click By JS By.xpath: //button[text()='Fines']
Test Passed: AgencySetup_VerifyCreationOfViolations
]]></system-out>
  </testcase>
  <testcase name="AgencySetup_VerifyInvalidDispositionCreation" classname="TestCases.AgencyCreation" time="3.099">
    <system-out><![CDATA[2024-07-26 00:05:50,406 [info]: Click By JS By.xpath: //div[text()='Dispositions']
2024-07-26 00:05:51,110 [info]: Click By JS By.xpath: //label[text()='Open cases assigned to me']
2024-07-26 00:05:51,379 [info]: Click By JS By.xpath: (//div[@class='table__pagination-nav-btns']//button)[2]
Notice approved by Supervisor is --Case #24-1847
2024-07-26 00:05:51,805 [info]: Click By JS By.xpath: //button[text()='Invalid Dispositions']
2024-07-26 00:05:51,830 [info]: Click By JS By.xpath: //*[@class='case-details__close-icon']/img
2024-07-26 00:05:51,897 [info]: Click By JS By.xpath: //*[@class='app-header__user-name']/div
2024-07-26 00:05:51,939 [info]: GetText fromBy.xpath: //div[text()='Dispositions']/following::h2
Test Passed: AgencySetup_VerifyInvalidDispositionCreation
]]></system-out>
  </testcase>
  <testcase name="AgencySetup_AgencySetup_AgencySetup_VerifyCreationOfFADocument" classname="TestCases.AgencyCreation" time="1.002">
    <system-out><![CDATA[2024-07-26 00:14:11,693 [info]: Clicked on By.id: idp-discovery-submit
Test Passed: AgencySetup_AgencySetup_AgencySetup_VerifyCreationOfFADocument
]]></system-out>
  </testcase>
  <testcase name="AgencySetup_VerifyCreationOfCategories" classname="TestCases.AgencyCreation" time="10.167">
    <system-out><![CDATA[2024-07-26 00:16:49,468 [info]: Scroll Into View By.xpath: //*[@class='case-details__close-icon']/img
2024-07-26 00:16:49,472 [info]: Click By JS By.xpath: //button[text()='Complete Inspection & Generate Notice for Approval']
2024-07-26 00:16:49,555 [info]: Click By JS By.xpath: //*[@class='case-details__close-icon']/img
2024-07-26 00:16:51,730 [info]: Click By JS By.xpath: //label[text()='Location Required']
2024-07-26 00:16:53,409 [info]: Sendkeys on By.xpath: //input[@name='name'] with value Category SaVL0
2024-07-26 00:16:53,434 [info]: Scroll Into View By.cssSelector: #header div.app-header__new
2024-07-26 00:16:53,491 [info]: Click By JS By.xpath: //div[@class='full-page-modal__header']//following::button[text()='Create Category']
2024-07-26 00:16:53,516 [info]: Click By JS By.cssSelector: #header div.app-header__new
2024-07-26 00:16:54,574 [info]: Sendkeys on By.xpath: //input[@name='searchQuery'] with value XhGztOOHulFROsn
2024-07-26 00:16:54,671 [info]: Click By JS By.xpath: //label[text()='Code Enforcement Case']
2024-07-26 00:16:58,460 [info]: Sendkeys on By.xpath: //div[@class='location-tile__inputs-container']//input with value TEXAS CITY Museum
Test Passed: AgencySetup_VerifyCreationOfCategories
]]></system-out>
  </testcase>
  <testcase name="AgencySetup_VerifySavedSubmissionSettings" classname="TestCases.AgencyCreation" time="11.896">
    <system-out><![CDATA[2024-07-26 00:17:07,053 [info]: Click By JS By.xpath: //a[text()='Clear all filters']
2024-07-26 00:17:07,155 [info]: Scroll Into View By.xpath: //div[@class='app-header__menu__icon']
2024-07-26 00:17:07,199 [info]: Click By JS By.xpath: //div[@class='app-header__menu__icon']
2024-07-26 00:17:07,240 [info]: Scroll Into View By.xpath: //label[text()='Agency Setup']//preceding-sibling::a
2024-07-26 00:17:08,439 [info]: Click By JS By.xpath: //label[text()='Agency Setup']//preceding-sibling::a
hello true 1
2024-07-26 00:17:11,426 [info]: Clicked on By.xpath: //div[@class='contact-tile tile']//input
2024-07-26 00:17:11,608 [info]: Click By JS By.xpath: //div[@class='contact-tile tile']//div[@class='react-autosuggest__function']
2024-07-26 00:17:11,806 [info]: Sendkeys on By.xpath: //input[@name='name'] with value acIcHsRW
2024-07-26 00:17:12,171 [info]: Sendkeys on By.xpath: //input[@name='email'] with value acIcHsRW@yopmail.com
Continue not clicked
2024-07-26 00:17:12,342 [info]: Sendkeys on By.xpath: //input[@name='workPhone'] with value 2886717243
2024-07-26 00:17:12,363 [info]: Scroll Into View By.xpath: (//div[@class='full-page-modal__header']//button[2])[2]
2024-07-26 00:17:12,565 [info]: Clicked on By.xpath: (//div[@class='full-page-modal__header']//button[2])[2]
2024-07-26 00:17:13,455 [info]: Scroll Into View By.xpath: //label[text()='Audit Trail']
2024-07-26 00:17:13,658 [info]: Scroll Into View By.xpath: //label[text()='Submission Settings']
2024-07-26 00:17:13,712 [info]: Click By JS By.xpath: //label[text()='Submission Settings']
2024-07-26 00:17:13,847 [info]: Scroll Into View By.xpath: //button[text()='No']
2024-07-26 00:17:13,929 [info]: Click By JS By.xpath: //button[text()='No']
2024-07-26 00:17:13,971 [info]: Scroll Into View By.xpath: (//button[text()='Yes'])[2]
2024-07-26 00:17:14,253 [info]: Click By JS By.xpath: (//button[text()='Yes'])[2]
2024-07-26 00:17:14,384 [info]: Click By JS By.xpath: //button[text()='Save Changes']
2024-07-26 00:17:14,508 [info]: Sendkeys on By.id: idp-discovery-username with value SupervisorManagerStage@yopmail.com
2024-07-26 00:17:14,641 [info]: Clicked on By.id: idp-discovery-submit
2024-07-26 00:17:14,773 [info]: Clicked on By.xpath: //span/label[text()='Property Owner']
2024-07-26 00:17:15,006 [info]: Clicked on By.xpath: //button[text()='Apply']
2024-07-26 00:17:15,370 [info]: Scroll Into View By.xpath: (//button[text()='Continue'])[3]
2024-07-26 00:17:16,544 [info]: Sendkeys on By.id: okta-signin-password with value Hello@1234
2024-07-26 00:17:16,885 [info]: Clicked on By.id: okta-signin-submit
2024-07-26 00:17:16,991 [info]: Click By JS By.xpath: //*[@name='skipFollowUpInspection']
2024-07-26 00:17:18,070 [info]: Clicked on By.xpath: //label[text()='More...']
2024-07-26 00:17:18,213 [info]: Clicked on By.xpath: //div/input[@placeholder='Start typing name of violation, article number or issue description']
Test Passed: AgencySetup_VerifySavedSubmissionSettings
]]></system-out>
    <system-err><![CDATA[org.openqa.selenium.TimeoutException: Expected condition failed: waiting for visibility of element located by By.cssSelector: #skip-inspection (tried for 60 second(s) with 1000 milliseconds interval)
Build info: version: '4.11.0', revision: '040bc5406b'
System info: os.name: 'Windows 11', os.arch: 'amd64', os.version: '10.0', java.version: '18.0.2.1'
Driver info: driver.version: unknown
	at org.openqa.selenium.support.ui.FluentWait.timeoutException(FluentWait.java:262)
	at org.openqa.selenium.support.ui.FluentWait.until(FluentWait.java:230)
	at CommonMethods.Helper.waitUntilElementIsVisible(Helper.java:148)
	at POM.CDP_Utility.CDP_VerifyUserAbleToDeleteAndReissueNotice(CDP_Utility.java:751)
	at TestCases.CDP.CDP_VerifyUserAbleToDeleteAndReissueNotice(CDP.java:166)
	at java.base/jdk.internal.reflect.DirectMethodHandleAccessor.invoke(DirectMethodHandleAccessor.java:104)
	at java.base/java.lang.reflect.Method.invoke(Method.java:577)
	at org.testng.internal.invokers.MethodInvocationHelper.invokeMethod(MethodInvocationHelper.java:135)
	at org.testng.internal.invokers.TestInvoker.invokeMethod(TestInvoker.java:673)
	at org.testng.internal.invokers.TestInvoker.invokeTestMethod(TestInvoker.java:220)
	at org.testng.internal.invokers.MethodRunner.runInSequence(MethodRunner.java:50)
	at org.testng.internal.invokers.TestInvoker$MethodInvocationAgent.invoke(TestInvoker.java:945)
	at org.testng.internal.invokers.TestInvoker.invokeTestMethods(TestInvoker.java:193)
	at org.testng.internal.invokers.TestMethodWorker.invokeTestMethods(TestMethodWorker.java:146)
	at org.testng.internal.invokers.TestMethodWorker.run(TestMethodWorker.java:128)
	at java.base/java.util.concurrent.ThreadPoolExecutor.runWorker(ThreadPoolExecutor.java:1136)
	at java.base/java.util.concurrent.ThreadPoolExecutor$Worker.run(ThreadPoolExecutor.java:635)
	at java.base/java.lang.Thread.run(Thread.java:833)
]]></system-err>
  </testcase>
  <testcase name="AgencySetup_VerifyCaseAssignmentRules" classname="TestCases.AgencyCreation" time="11.703">
    <system-out><![CDATA[2024-07-26 00:19:07,798 [info]: Click By JS By.xpath: //button[text()='Cancel']
2024-07-26 00:19:10,841 [info]: Clicked on By.xpath: //button[text()='Save']
2024-07-26 00:19:13,203 [info]: Clicked on By.xpath: //button[text()='Download']
2024-07-26 00:19:13,873 [info]: Clicked on By.xpath: //li[text()='CSV']
Test Passed: AgencySetup_VerifyCaseAssignmentRules
]]></system-out>
  </testcase>
  <testcase name="AgencySetup_VerifySubmissionAssignmentRules" classname="TestCases.AgencyCreation" time="57.525">
    <system-out><![CDATA[2024-07-26 00:21:17,313 [info]: Clicked on By.xpath: //div[@class='modal-footer']//button[2]
2024-07-26 00:21:17,435 [info]: Scroll Into View By.xpath: //div/button[text()='Create Case']
2024-07-26 00:21:17,609 [info]: Clicked on By.xpath: //div/button[text()='Create Case']
2024-07-26 00:21:18,575 [info]: Clicked on By.xpath: //button[text()='Save']
2024-07-26 00:21:18,988 [info]: Clicked on By.xpath: //button[text()='Perform Inspection']
2024-07-26 00:21:19,111 [info]: Scroll Into View By.xpath: //button[text()='Create & Perform Inspection']
2024-07-26 00:21:19,304 [info]: Clicked on By.xpath: //button[text()='Create & Perform Inspection']
Test Passed: AgencySetup_VerifySubmissionAssignmentRules
]]></system-out>
  </testcase>
  <testcase name="AgencySetup_VerifyCaseCreationWithEntityViolation" classname="TestCases.AgencyCreation" time="57.317">
    <failure message="Expected condition failed: waiting for presence of element located by: By.xpath: //div[@class=&apos;location-tile__inputs-container&apos;]//input (tried for 60 second(s) with 500 milliseconds interval)" type="org.openqa.selenium.TimeoutException"><![CDATA[org.openqa.selenium.TimeoutException: Expected condition failed: waiting for presence of element located by: By.xpath: //div[@class='location-tile__inputs-container']//input (tried for 60 second(s) with 500 milliseconds interval)
	at org.openqa.selenium.support.ui.WebDriverWait.timeoutException(WebDriverWait.java:84)
	at org.openqa.selenium.support.ui.FluentWait.until(FluentWait.java:230)
	at CommonMethods.Helper.sendKeysWithWait(Helper.java:385)
	at CommonMethods.CRMCommonMethods.serachLocationCCP(CRMCommonMethods.java:762)
	at CommonMethods.CRMCommonMethods.addLocation(CRMCommonMethods.java:779)
	at POM.AppPreRequisiteUtility.AgencySetup_VerifyCaseCreationWithEntityViolation(AppPreRequisiteUtility.java:1445)
	at TestCases.AgencyCreation.AgencySetup_VerifyCaseCreationWithEntityViolation(AgencyCreation.java:403)
	at java.base/jdk.internal.reflect.DirectMethodHandleAccessor.invoke(DirectMethodHandleAccessor.java:104)
	at java.base/java.lang.reflect.Method.invoke(Method.java:577)
	at org.testng.internal.invokers.MethodInvocationHelper.invokeMethod(MethodInvocationHelper.java:135)
	at org.testng.internal.invokers.TestInvoker.invokeMethod(TestInvoker.java:673)
	at org.testng.internal.invokers.TestInvoker.invokeTestMethod(TestInvoker.java:220)
	at org.testng.internal.invokers.MethodRunner.runInSequence(MethodRunner.java:50)
	at org.testng.internal.invokers.TestInvoker$MethodInvocationAgent.invoke(TestInvoker.java:945)
	at org.testng.internal.invokers.TestInvoker.invokeTestMethods(TestInvoker.java:193)
	at org.testng.internal.invokers.TestMethodWorker.invokeTestMethods(TestMethodWorker.java:146)
	at org.testng.internal.invokers.TestMethodWorker.run(TestMethodWorker.java:128)
	at java.base/java.util.concurrent.ThreadPoolExecutor.runWorker(ThreadPoolExecutor.java:1136)
	at java.base/java.util.concurrent.ThreadPoolExecutor$Worker.run(ThreadPoolExecutor.java:635)
	at java.base/java.lang.Thread.run(Thread.java:833)
Caused by: org.openqa.selenium.NoSuchElementException: no such element: Unable to locate element: {"method":"xpath","selector":"//div[@class='location-tile__inputs-container']//input"}
  (Session info: chrome=115.0.5790.170)
For documentation on this error, please visit: https://www.selenium.dev/documentation/webdriver/troubleshooting/errors#no-such-element-exception
Build info: version: '4.11.0', revision: '040bc5406b'
System info: os.name: 'Windows 11', os.arch: 'amd64', os.version: '10.0', java.version: '18.0.2.1'
Driver info: org.openqa.selenium.chrome.ChromeDriver
Command: [d64c4e8dfb07668baacf27adaf85147e, findElement {using=xpath, value=//div[@class='location-tile__inputs-container']//input}]
Capabilities {acceptInsecureCerts: false, browserName: chrome, browserVersion: 115.0.5790.170, chrome: {chromedriverVersion: 115.0.5790.170 (cc0d30c2ca5..., userDataDir: C:\Users\SQELAB~1\AppData\L...}, goog:chromeOptions: {debuggerAddress: localhost:51446}, networkConnectionEnabled: false, pageLoadStrategy: normal, platformName: windows, proxy: Proxy(), se:cdp: ws://localhost:51446/devtoo..., se:cdpVersion: 115.0.5790.170, setWindowRect: true, strictFileInteractability: false, timeouts: {implicit: 0, pageLoad: 300000, script: 30000}, unhandledPromptBehavior: dismiss and notify, webauthn:extension:credBlob: true, webauthn:extension:largeBlob: true, webauthn:extension:minPinLength: true, webauthn:extension:prf: true, webauthn:virtualAuthenticators: true}
Session ID: d64c4e8dfb07668baacf27adaf85147e
	at java.base/jdk.internal.reflect.DirectConstructorHandleAccessor.newInstance(DirectConstructorHandleAccessor.java:67)
	at java.base/java.lang.reflect.Constructor.newInstanceWithCaller(Constructor.java:499)
	at java.base/java.lang.reflect.Constructor.newInstance(Constructor.java:483)
	at org.openqa.selenium.remote.codec.w3c.W3CHttpResponseCodec.createException(W3CHttpResponseCodec.java:200)
	at org.openqa.selenium.remote.codec.w3c.W3CHttpResponseCodec.decode(W3CHttpResponseCodec.java:133)
	at org.openqa.selenium.remote.codec.w3c.W3CHttpResponseCodec.decode(W3CHttpResponseCodec.java:52)
	at org.openqa.selenium.remote.HttpCommandExecutor.execute(HttpCommandExecutor.java:191)
	at org.openqa.selenium.remote.service.DriverCommandExecutor.invokeExecute(DriverCommandExecutor.java:196)
	at org.openqa.selenium.remote.service.DriverCommandExecutor.execute(DriverCommandExecutor.java:171)
	at org.openqa.selenium.remote.RemoteWebDriver.execute(RemoteWebDriver.java:518)
	at org.openqa.selenium.remote.ElementLocation$ElementFinder$2.findElement(ElementLocation.java:165)
	at org.openqa.selenium.remote.ElementLocation.findElement(ElementLocation.java:59)
	at org.openqa.selenium.remote.RemoteWebDriver.findElement(RemoteWebDriver.java:355)
	at org.openqa.selenium.remote.RemoteWebDriver.findElement(RemoteWebDriver.java:349)
	at org.openqa.selenium.support.ui.ExpectedConditions$6.apply(ExpectedConditions.java:171)
	at org.openqa.selenium.support.ui.ExpectedConditions$6.apply(ExpectedConditions.java:168)
	at org.openqa.selenium.support.ui.FluentWait.until(FluentWait.java:205)
	... 18 more
]]></failure>
    <system-out><![CDATA[Test Failed: AgencySetup_VerifyCaseCreationWithEntityViolation
]]></system-out>
    <system-err><![CDATA[org.openqa.selenium.NoSuchElementException: no such element: Unable to locate element: {"method":"xpath","selector":"//h2[text()='Verify Violations']/preceding-sibling::div"}
  (Session info: chrome=115.0.5790.170)
For documentation on this error, please visit: https://www.selenium.dev/documentation/webdriver/troubleshooting/errors#no-such-element-exception
Build info: version: '4.11.0', revision: '040bc5406b'
System info: os.name: 'Windows 11', os.arch: 'amd64', os.version: '10.0', java.version: '18.0.2.1'
Driver info: org.openqa.selenium.chrome.ChromeDriver
Command: [111408be0ccb80cf16b2c4ac8874894e, findElement {using=xpath, value=//h2[text()='Verify Violations']/preceding-sibling::div}]
Capabilities {acceptInsecureCerts: false, browserName: chrome, browserVersion: 115.0.5790.170, chrome: {chromedriverVersion: 115.0.5790.170 (cc0d30c2ca5..., userDataDir: C:\Users\SQELAB~1\AppData\L...}, goog:chromeOptions: {debuggerAddress: localhost:55486}, networkConnectionEnabled: false, pageLoadStrategy: normal, platformName: windows, proxy: Proxy(), se:cdp: ws://localhost:55486/devtoo..., se:cdpVersion: 115.0.5790.170, setWindowRect: true, strictFileInteractability: false, timeouts: {implicit: 0, pageLoad: 300000, script: 30000}, unhandledPromptBehavior: dismiss and notify, webauthn:extension:credBlob: true, webauthn:extension:largeBlob: true, webauthn:extension:minPinLength: true, webauthn:extension:prf: true, webauthn:virtualAuthenticators: true}
Session ID: 111408be0ccb80cf16b2c4ac8874894e
	at java.base/jdk.internal.reflect.DirectConstructorHandleAccessor.newInstance(DirectConstructorHandleAccessor.java:67)
	at java.base/java.lang.reflect.Constructor.newInstanceWithCaller(Constructor.java:499)
	at java.base/java.lang.reflect.Constructor.newInstance(Constructor.java:483)
	at org.openqa.selenium.remote.codec.w3c.W3CHttpResponseCodec.createException(W3CHttpResponseCodec.java:200)
	at org.openqa.selenium.remote.codec.w3c.W3CHttpResponseCodec.decode(W3CHttpResponseCodec.java:133)
	at org.openqa.selenium.remote.codec.w3c.W3CHttpResponseCodec.decode(W3CHttpResponseCodec.java:52)
	at org.openqa.selenium.remote.HttpCommandExecutor.execute(HttpCommandExecutor.java:191)
	at org.openqa.selenium.remote.service.DriverCommandExecutor.invokeExecute(DriverCommandExecutor.java:196)
	at org.openqa.selenium.remote.service.DriverCommandExecutor.execute(DriverCommandExecutor.java:171)
	at org.openqa.selenium.remote.RemoteWebDriver.execute(RemoteWebDriver.java:518)
	at org.openqa.selenium.remote.ElementLocation$ElementFinder$2.findElement(ElementLocation.java:165)
	at org.openqa.selenium.remote.ElementLocation.findElement(ElementLocation.java:59)
	at org.openqa.selenium.remote.RemoteWebDriver.findElement(RemoteWebDriver.java:355)
	at org.openqa.selenium.remote.RemoteWebDriver.findElement(RemoteWebDriver.java:349)
	at org.openqa.selenium.support.ui.ExpectedConditions$6.apply(ExpectedConditions.java:171)
	at org.openqa.selenium.support.ui.ExpectedConditions$6.apply(ExpectedConditions.java:168)
	at org.openqa.selenium.support.ui.FluentWait.until(FluentWait.java:205)
	at CommonMethods.Helper.waitUntilElementPresent(Helper.java:103)
	at POM.PerformInspectionUtility.PerformInspection_EditVerifyViolationSection(PerformInspectionUtility.java:772)
	at TestCases.PerformInspection.PerformInspection_EditVerifyViolationSection(PerformInspection.java:166)
	at java.base/jdk.internal.reflect.DirectMethodHandleAccessor.invoke(DirectMethodHandleAccessor.java:104)
	at java.base/java.lang.reflect.Method.invoke(Method.java:577)
	at org.testng.internal.invokers.MethodInvocationHelper.invokeMethod(MethodInvocationHelper.java:135)
	at org.testng.internal.invokers.TestInvoker.invokeMethod(TestInvoker.java:673)
	at org.testng.internal.invokers.TestInvoker.invokeTestMethod(TestInvoker.java:220)
	at org.testng.internal.invokers.MethodRunner.runInSequence(MethodRunner.java:50)
	at org.testng.internal.invokers.TestInvoker$MethodInvocationAgent.invoke(TestInvoker.java:945)
	at org.testng.internal.invokers.TestInvoker.invokeTestMethods(TestInvoker.java:193)
	at org.testng.internal.invokers.TestMethodWorker.invokeTestMethods(TestMethodWorker.java:146)
	at org.testng.internal.invokers.TestMethodWorker.run(TestMethodWorker.java:128)
	at java.base/java.util.concurrent.ThreadPoolExecutor.runWorker(ThreadPoolExecutor.java:1136)
	at java.base/java.util.concurrent.ThreadPoolExecutor$Worker.run(ThreadPoolExecutor.java:635)
	at java.base/java.lang.Thread.run(Thread.java:833)
]]></system-err>
  </testcase>
  <testcase name="AgencySetup_VerifyCreateFinePopup" classname="TestCases.AgencyCreation" time="10.322">
    <system-out><![CDATA[2024-07-26 00:27:21,113 [info]: Scroll Into View By.xpath: //div[@class='app-header__menu__icon']
2024-07-26 00:27:21,151 [info]: Click By JS By.xpath: //div[@class='app-header__menu__icon']
2024-07-26 00:27:21,184 [info]: Scroll Into View By.xpath: //label[text()='Agency Setup']//preceding-sibling::a
2024-07-26 00:27:23,367 [info]: Click By JS By.xpath: //label[text()='Agency Setup']//preceding-sibling::a
2024-07-26 00:27:27,072 [info]: Scroll Into View By.xpath: //label[text()='Audit Trail']
2024-07-26 00:27:27,094 [info]: Scroll Into View By.xpath: //h6[text()='PRODUCT SETTINGS']/following::label[1]
2024-07-26 00:27:27,173 [info]: Scroll Into View By.xpath: //h6[text()='PRODUCT SETTINGS']/following::label[1]
2024-07-26 00:27:27,282 [info]: Click By JS By.xpath: //h6[text()='PRODUCT SETTINGS']/following::label[1]
2024-07-26 00:27:27,337 [info]: Scroll Into View By.xpath: //label[text()='Fines']
2024-07-26 00:27:27,445 [info]: Click By JS By.xpath: //label[text()='Fines']
Test Failed: PerformInspection_EditVerifyViolationSection
2024-07-26 00:27:31,704 [info]: Scroll Into View By.xpath: //button[text()='Create Fine']
2024-07-26 00:27:31,733 [info]: Click By JS By.xpath: //button[text()='Create Fine']
2024-07-26 00:27:33,917 [info]: GetText fromBy.xpath: //div[@class='modal-header']
2024-07-26 00:27:33,951 [info]: Scroll Into View By.xpath: //button[text()='Cancel']
2024-07-26 00:27:33,999 [info]: Click By JS By.xpath: //button[text()='Cancel']
Test Passed: AgencySetup_VerifyCreateFinePopup
]]></system-out>
    <system-err><![CDATA[org.openqa.selenium.TimeoutException: Expected condition failed: waiting for visibility of element located by By.xpath: //div[@class='rt-td']//span[contains(text(),'Payment')]//parent::div//following-sibling::div[@role='gridcell']//img[@class='void-icon'] (tried for 60 second(s) with 1000 milliseconds interval)
Build info: version: '4.11.0', revision: '040bc5406b'
System info: os.name: 'Windows 11', os.arch: 'amd64', os.version: '10.0', java.version: '18.0.2.1'
Driver info: driver.version: unknown
	at org.openqa.selenium.support.ui.FluentWait.timeoutException(FluentWait.java:262)
	at org.openqa.selenium.support.ui.FluentWait.until(FluentWait.java:230)
	at CommonMethods.Helper.waitUntilElementIsVisible(Helper.java:148)
	at POM.CDP_Utility.CDP_VerifyUserAbletoMakePaymentAsVoid(CDP_Utility.java:1187)
	at TestCases.CDP.CDP_VerifyUserAbletoMakePaymentAsVoid(CDP.java:223)
	at java.base/jdk.internal.reflect.DirectMethodHandleAccessor.invoke(DirectMethodHandleAccessor.java:104)
	at java.base/java.lang.reflect.Method.invoke(Method.java:577)
	at org.testng.internal.invokers.MethodInvocationHelper.invokeMethod(MethodInvocationHelper.java:135)
	at org.testng.internal.invokers.TestInvoker.invokeMethod(TestInvoker.java:673)
	at org.testng.internal.invokers.TestInvoker.invokeTestMethod(TestInvoker.java:220)
	at org.testng.internal.invokers.MethodRunner.runInSequence(MethodRunner.java:50)
	at org.testng.internal.invokers.TestInvoker$MethodInvocationAgent.invoke(TestInvoker.java:945)
	at org.testng.internal.invokers.TestInvoker.invokeTestMethods(TestInvoker.java:193)
	at org.testng.internal.invokers.TestMethodWorker.invokeTestMethods(TestMethodWorker.java:146)
	at org.testng.internal.invokers.TestMethodWorker.run(TestMethodWorker.java:128)
	at java.base/java.util.concurrent.ThreadPoolExecutor.runWorker(ThreadPoolExecutor.java:1136)
	at java.base/java.util.concurrent.ThreadPoolExecutor$Worker.run(ThreadPoolExecutor.java:635)
	at java.base/java.lang.Thread.run(Thread.java:833)
org.openqa.selenium.TimeoutException: Expected condition failed: waiting for element to be clickable: By.xpath: //h2[text()='Verify Violations']/preceding-sibling::div (tried for 60 second(s) with 1000 milliseconds interval)
Build info: version: '4.11.0', revision: '040bc5406b'
System info: os.name: 'Windows 11', os.arch: 'amd64', os.version: '10.0', java.version: '18.0.2.1'
Driver info: driver.version: unknown
	at org.openqa.selenium.support.ui.FluentWait.timeoutException(FluentWait.java:262)
	at org.openqa.selenium.support.ui.FluentWait.until(FluentWait.java:230)
	at CommonMethods.Helper.waitForElementIsInteractable(Helper.java:199)
	at POM.PerformInspectionUtility.PerformInspection_EditVerifyViolationSection(PerformInspectionUtility.java:773)
	at TestCases.PerformInspection.PerformInspection_EditVerifyViolationSection(PerformInspection.java:166)
	at java.base/jdk.internal.reflect.DirectMethodHandleAccessor.invoke(DirectMethodHandleAccessor.java:104)
	at java.base/java.lang.reflect.Method.invoke(Method.java:577)
	at org.testng.internal.invokers.MethodInvocationHelper.invokeMethod(MethodInvocationHelper.java:135)
	at org.testng.internal.invokers.TestInvoker.invokeMethod(TestInvoker.java:673)
	at org.testng.internal.invokers.TestInvoker.invokeTestMethod(TestInvoker.java:220)
	at org.testng.internal.invokers.MethodRunner.runInSequence(MethodRunner.java:50)
	at org.testng.internal.invokers.TestInvoker$MethodInvocationAgent.invoke(TestInvoker.java:945)
	at org.testng.internal.invokers.TestInvoker.invokeTestMethods(TestInvoker.java:193)
	at org.testng.internal.invokers.TestMethodWorker.invokeTestMethods(TestMethodWorker.java:146)
	at org.testng.internal.invokers.TestMethodWorker.run(TestMethodWorker.java:128)
	at java.base/java.util.concurrent.ThreadPoolExecutor.runWorker(ThreadPoolExecutor.java:1136)
	at java.base/java.util.concurrent.ThreadPoolExecutor$Worker.run(ThreadPoolExecutor.java:635)
	at java.base/java.lang.Thread.run(Thread.java:833)
]]></system-err>
  </testcase>
  <testcase name="AgencySetup_VerifyFlatFineCreationDoNotAttachedNotices" classname="TestCases.AgencyCreation" time="26.711">
    <system-out><![CDATA[2024-07-26 00:27:41,189 [info]: GetText fromBy.xpath: (//div[@class='agency-setup-tab__section__header']//h2)[1]
2024-07-26 00:27:41,219 [info]: Scroll Into View By.xpath: //button[text()='Create Fine']
2024-07-26 00:27:41,345 [info]: Click By JS By.xpath: //button[text()='Create Fine']
2024-07-26 00:27:45,540 [info]: Click By JS By.xpath: //label[text()='Do not associate a notice']
2024-07-26 00:27:46,588 [info]: Click By JS By.xpath: //div[text()='Create Fine'][@class='modal-header']//parent::div//button[text()='Create Fine']
2024-07-26 00:27:50,708 [info]: GetText fromBy.xpath: (//span[@class='field__error'])[1]
2024-07-26 00:27:50,761 [info]: GetText fromBy.xpath: //span[normalize-space()='Number should be greater than 0']
2024-07-26 00:27:51,004 [info]: Sendkeys on By.xpath: //input[@name='label'] with value 3tKFine
2024-07-26 00:27:51,212 [info]: Sendkeys on By.xpath: //input[@name='defaultAmount'] with value 0810
2024-07-26 00:27:51,248 [info]: Click By JS By.xpath: //div[text()='Create Fine'][@class='modal-header']//parent::div//button[text()='Create Fine']
2024-07-26 00:27:55,467 [info]: GetText fromBy.xpath: (//div[@class='agency-setup-tab__section__header']//h2)[1]
2024-07-26 00:27:55,511 [info]: GetText fromBy.xpath: (//div[@class='agency-setup-tab__section__header']//h2)[1]
2024-07-26 00:27:55,537 [info]: Scroll Into View By.xpath: //button[text()='Create Fine']
2024-07-26 00:27:55,670 [info]: Click By JS By.xpath: //button[text()='Create Fine']
2024-07-26 00:27:59,840 [info]: Click By JS By.xpath: //label[text()='Do not associate a notice']
2024-07-26 00:27:59,874 [info]: Click By JS By.xpath: //div[text()='Create Fine'][@class='modal-header']//parent::div//button[text()='Create Fine']
2024-07-26 00:28:02,982 [info]: GetText fromBy.xpath: (//span[@class='field__error'])[1]
2024-07-26 00:28:03,035 [info]: GetText fromBy.xpath: //span[normalize-space()='Number should be greater than 0']
2024-07-26 00:28:03,412 [info]: Sendkeys on By.xpath: //input[@name='label'] with value Flat Fine With No Notice And No FA
2024-07-26 00:28:03,618 [info]: Sendkeys on By.xpath: //input[@name='defaultAmount'] with value 10000
2024-07-26 00:28:03,657 [info]: Click By JS By.xpath: //div[text()='Create Fine'][@class='modal-header']//parent::div//button[text()='Create Fine']
2024-07-26 00:28:07,848 [info]: GetText fromBy.xpath: (//div[@class='agency-setup-tab__section__header']//h2)[1]
Test Passed: AgencySetup_VerifyFlatFineCreationDoNotAttachedNotices
]]></system-out>
  </testcase>
  <testcase name="AgencySetup_VerifyFlatFineEdit" classname="TestCases.AgencyCreation" time="10.255">
    <system-out><![CDATA[2024-07-26 00:28:07,933 [info]: GetText fromBy.xpath: (//div[@class='agency-setup-tab__section__header']//h2)[1]
2024-07-26 00:28:08,030 [info]: Scroll Into View By.xpath: //button[text()='Create Fine']
2024-07-26 00:28:08,159 [info]: Click By JS By.xpath: //button[text()='Create Fine']
2024-07-26 00:28:10,379 [info]: Click By JS By.xpath: //div[text()='Create Fine'][@class='modal-header']//parent::div//button[text()='Create Fine']
2024-07-26 00:28:10,489 [info]: GetText fromBy.xpath: (//span[@class='field__error'])[3]
2024-07-26 00:28:10,721 [info]: Sendkeys on By.xpath: //input[@name='label'] with value aHbFine
2024-07-26 00:28:10,923 [info]: Sendkeys on By.xpath: //input[@name='defaultAmount'] with value 2082
2024-07-26 00:28:11,015 [info]: Click By JS By.xpath: //span[text()='Select Notice']
Test Failed: CDP_VerifyUserAbletoMakePaymentAsVoid
2024-07-26 00:28:19,898 [info]: Clicked on By.xpath: //div[contains(text(),'Fines & Payments Details')]//parent::div//button[text()='Close']
2024-07-26 00:28:23,271 [info]: GetText fromBy.xpath: //label[text()='Outstanding Balance']//parent::div//label[@class='field__label-data-field']//span
2024-07-26 00:28:23,321 [info]: Scroll Into View By.cssSelector: div.case-details__close-icon img
2024-07-26 00:28:23,476 [info]: Click By JS By.cssSelector: div.case-details__close-icon img
2024-07-26 00:29:11,806 [info]: Click By JS By.xpath: (//input[@name='associatedNoticeIds'][@type='checkbox'][not (@disabled)])[1]
2024-07-26 00:29:11,904 [info]: Click By JS By.xpath: //button[text()='Apply']
2024-07-26 00:29:12,006 [info]: Click By JS By.xpath: //div[text()='Create Fine'][@class='modal-header']//parent::div//button[text()='Create Fine']
2024-07-26 00:29:19,192 [info]: GetText fromBy.xpath: (//div[@class='agency-setup-tab__section__header']//h2)[1]
2024-07-26 00:29:19,240 [info]: GetText fromBy.xpath: (//div[@class='agency-setup-tab__section__header']//h2)[1]
2024-07-26 00:29:19,333 [info]: Scroll Into View By.xpath: //button[text()='Create Fine']
2024-07-26 00:29:19,457 [info]: Click By JS By.xpath: //button[text()='Create Fine']
2024-07-26 00:29:21,695 [info]: Click By JS By.xpath: //div[text()='Create Fine'][@class='modal-header']//parent::div//button[text()='Create Fine']
2024-07-26 00:29:21,798 [info]: GetText fromBy.xpath: (//span[@class='field__error'])[3]
2024-07-26 00:29:22,111 [info]: Sendkeys on By.xpath: //input[@name='label'] with value HTML Mandatory Notice Fine
2024-07-26 00:29:22,341 [info]: Sendkeys on By.xpath: //input[@name='defaultAmount'] with value 10000
2024-07-26 00:29:22,437 [info]: Click By JS By.xpath: //span[text()='Select Notice']
Test Failed: PerformInspection_VerifyFirstNoticeState
Test Failed: CDP_VerifyOustandingBalWithCLP
2024-07-26 00:30:32,287 [info]: Scroll Into View failed.
Test Failed: AgencySetup_VerifyFlatFineCreationAttachedNotices
2024-07-26 00:30:36,689 [info]: GetText fromBy.xpath: (//div[@class='agency-setup-tab__section__header']//h2)[1]
2024-07-26 00:30:36,766 [info]: Scroll Into View By.xpath: //button[text()='Create Fine']
2024-07-26 00:30:36,879 [info]: Click By JS By.xpath: //button[text()='Create Fine']
Test Failed: AgencySetup_VerifyCreationViolationSpecificFine
2024-07-26 00:31:42,216 [info]: Scroll Into View By.xpath: //h2[contains(text(),'Active')]//ancestor::div[@class='agency-setup-tab__section']//button[@class='edit-btn space-right btn btn-primary']
2024-07-26 00:31:42,352 [info]: Click By JS By.xpath: //h2[contains(text(),'Active')]//ancestor::div[@class='agency-setup-tab__section']//button[@class='edit-btn space-right btn btn-primary']
Test Failed: PerformInspection_SelectAnyNotice
2024-07-26 00:31:49,119 [info]: Cleared value from By.xpath: //input[@name='defaultAmount']
2024-07-26 00:31:49,323 [info]: Sendkeys on By.xpath: //input[@name='defaultAmount'] with value 63
2024-07-26 00:31:49,459 [info]: Click By JS By.xpath: //button[text()='Save']
2024-07-26 00:31:54,351 [info]: GetText fromBy.xpath: (//div[@class='rt-tr-group']//div[@class='rt-td']//div)[1]
2024-07-26 00:31:54,414 [info]: GetText fromBy.xpath: (//div[@class='rt-tr-group']//div[@class='rt-td'])[4]
Test Passed: AgencySetup_VerifyFlatFineEdit
]]></system-out>
    <system-err><![CDATA[org.openqa.selenium.TimeoutException: Expected condition failed: waiting for element to be clickable: By.xpath: //div[@class='rt-td']//span[contains(text(),'Payment')]//parent::div//following-sibling::div[@role='gridcell']//img[@class='void-icon'] (tried for 60 second(s) with 1000 milliseconds interval)
Build info: version: '4.11.0', revision: '040bc5406b'
System info: os.name: 'Windows 11', os.arch: 'amd64', os.version: '10.0', java.version: '18.0.2.1'
Driver info: driver.version: unknown
	at org.openqa.selenium.support.ui.FluentWait.timeoutException(FluentWait.java:262)
	at org.openqa.selenium.support.ui.FluentWait.until(FluentWait.java:230)
	at CommonMethods.Helper.waitForElementIsInteractable(Helper.java:199)
	at POM.CDP_Utility.CDP_VerifyUserAbletoMakePaymentAsVoid(CDP_Utility.java:1188)
	at TestCases.CDP.CDP_VerifyUserAbletoMakePaymentAsVoid(CDP.java:223)
	at java.base/jdk.internal.reflect.DirectMethodHandleAccessor.invoke(DirectMethodHandleAccessor.java:104)
	at java.base/java.lang.reflect.Method.invoke(Method.java:577)
	at org.testng.internal.invokers.MethodInvocationHelper.invokeMethod(MethodInvocationHelper.java:135)
	at org.testng.internal.invokers.TestInvoker.invokeMethod(TestInvoker.java:673)
	at org.testng.internal.invokers.TestInvoker.invokeTestMethod(TestInvoker.java:220)
	at org.testng.internal.invokers.MethodRunner.runInSequence(MethodRunner.java:50)
	at org.testng.internal.invokers.TestInvoker$MethodInvocationAgent.invoke(TestInvoker.java:945)
	at org.testng.internal.invokers.TestInvoker.invokeTestMethods(TestInvoker.java:193)
	at org.testng.internal.invokers.TestMethodWorker.invokeTestMethods(TestMethodWorker.java:146)
	at org.testng.internal.invokers.TestMethodWorker.run(TestMethodWorker.java:128)
	at java.base/java.util.concurrent.ThreadPoolExecutor.runWorker(ThreadPoolExecutor.java:1136)
	at java.base/java.util.concurrent.ThreadPoolExecutor$Worker.run(ThreadPoolExecutor.java:635)
	at java.base/java.lang.Thread.run(Thread.java:833)
org.openqa.selenium.TimeoutException: Expected condition failed: waiting for visibility of element located by By.xpath: (//div[@class='notice-list row']//button)[2] (tried for 60 second(s) with 1000 milliseconds interval)
Build info: version: '4.11.0', revision: '040bc5406b'
System info: os.name: 'Windows 11', os.arch: 'amd64', os.version: '10.0', java.version: '18.0.2.1'
Driver info: driver.version: unknown
	at org.openqa.selenium.support.ui.FluentWait.timeoutException(FluentWait.java:262)
	at org.openqa.selenium.support.ui.FluentWait.until(FluentWait.java:230)
	at CommonMethods.Helper.waitUntilElementIsVisible(Helper.java:148)
	at POM.PerformInspectionUtility.PerformInspection_VerifyFirstNoticeState(PerformInspectionUtility.java:809)
	at TestCases.PerformInspection.PerformInspection_VerifyFirstNoticeState(PerformInspection.java:171)
	at java.base/jdk.internal.reflect.DirectMethodHandleAccessor.invoke(DirectMethodHandleAccessor.java:104)
	at java.base/java.lang.reflect.Method.invoke(Method.java:577)
	at org.testng.internal.invokers.MethodInvocationHelper.invokeMethod(MethodInvocationHelper.java:135)
	at org.testng.internal.invokers.TestInvoker.invokeMethod(TestInvoker.java:673)
	at org.testng.internal.invokers.TestInvoker.invokeTestMethod(TestInvoker.java:220)
	at org.testng.internal.invokers.MethodRunner.runInSequence(MethodRunner.java:50)
	at org.testng.internal.invokers.TestInvoker$MethodInvocationAgent.invoke(TestInvoker.java:945)
	at org.testng.internal.invokers.TestInvoker.invokeTestMethods(TestInvoker.java:193)
	at org.testng.internal.invokers.TestMethodWorker.invokeTestMethods(TestMethodWorker.java:146)
	at org.testng.internal.invokers.TestMethodWorker.run(TestMethodWorker.java:128)
	at java.base/java.util.concurrent.ThreadPoolExecutor.runWorker(ThreadPoolExecutor.java:1136)
	at java.base/java.util.concurrent.ThreadPoolExecutor$Worker.run(ThreadPoolExecutor.java:635)
	at java.base/java.lang.Thread.run(Thread.java:833)
org.openqa.selenium.NoSuchElementException: no such element: Unable to locate element: {"method":"xpath","selector":"(//div[@class='notice-list row']//button)[2]"}
  (Session info: chrome=115.0.5790.170)
For documentation on this error, please visit: https://www.selenium.dev/documentation/webdriver/troubleshooting/errors#no-such-element-exception
Build info: version: '4.11.0', revision: '040bc5406b'
System info: os.name: 'Windows 11', os.arch: 'amd64', os.version: '10.0', java.version: '18.0.2.1'
Driver info: org.openqa.selenium.chrome.ChromeDriver
Command: [111408be0ccb80cf16b2c4ac8874894e, findElement {using=xpath, value=(//div[@class='notice-list row']//button)[2]}]
Capabilities {acceptInsecureCerts: false, browserName: chrome, browserVersion: 115.0.5790.170, chrome: {chromedriverVersion: 115.0.5790.170 (cc0d30c2ca5..., userDataDir: C:\Users\SQELAB~1\AppData\L...}, goog:chromeOptions: {debuggerAddress: localhost:55486}, networkConnectionEnabled: false, pageLoadStrategy: normal, platformName: windows, proxy: Proxy(), se:cdp: ws://localhost:55486/devtoo..., se:cdpVersion: 115.0.5790.170, setWindowRect: true, strictFileInteractability: false, timeouts: {implicit: 0, pageLoad: 300000, script: 30000}, unhandledPromptBehavior: dismiss and notify, webauthn:extension:credBlob: true, webauthn:extension:largeBlob: true, webauthn:extension:minPinLength: true, webauthn:extension:prf: true, webauthn:virtualAuthenticators: true}
Session ID: 111408be0ccb80cf16b2c4ac8874894e
	at java.base/jdk.internal.reflect.DirectConstructorHandleAccessor.newInstance(DirectConstructorHandleAccessor.java:67)
	at java.base/java.lang.reflect.Constructor.newInstanceWithCaller(Constructor.java:499)
	at java.base/java.lang.reflect.Constructor.newInstance(Constructor.java:483)
	at org.openqa.selenium.remote.codec.w3c.W3CHttpResponseCodec.createException(W3CHttpResponseCodec.java:200)
	at org.openqa.selenium.remote.codec.w3c.W3CHttpResponseCodec.decode(W3CHttpResponseCodec.java:133)
	at org.openqa.selenium.remote.codec.w3c.W3CHttpResponseCodec.decode(W3CHttpResponseCodec.java:52)
	at org.openqa.selenium.remote.HttpCommandExecutor.execute(HttpCommandExecutor.java:191)
	at org.openqa.selenium.remote.service.DriverCommandExecutor.invokeExecute(DriverCommandExecutor.java:196)
	at org.openqa.selenium.remote.service.DriverCommandExecutor.execute(DriverCommandExecutor.java:171)
	at org.openqa.selenium.remote.RemoteWebDriver.execute(RemoteWebDriver.java:518)
	at org.openqa.selenium.remote.ElementLocation$ElementFinder$2.findElement(ElementLocation.java:165)
	at org.openqa.selenium.remote.ElementLocation.findElement(ElementLocation.java:59)
	at org.openqa.selenium.remote.RemoteWebDriver.findElement(RemoteWebDriver.java:355)
	at org.openqa.selenium.remote.RemoteWebDriver.findElement(RemoteWebDriver.java:349)
	at org.openqa.selenium.support.ui.ExpectedConditions$6.apply(ExpectedConditions.java:171)
	at org.openqa.selenium.support.ui.ExpectedConditions$6.apply(ExpectedConditions.java:168)
	at org.openqa.selenium.support.ui.FluentWait.until(FluentWait.java:205)
	at CommonMethods.Helper.waitUntilElementPresent(Helper.java:103)
	at POM.PerformInspectionUtility.PerformInspection_VerifyFirstNoticeState(PerformInspectionUtility.java:810)
	at TestCases.PerformInspection.PerformInspection_VerifyFirstNoticeState(PerformInspection.java:171)
	at java.base/jdk.internal.reflect.DirectMethodHandleAccessor.invoke(DirectMethodHandleAccessor.java:104)
	at java.base/java.lang.reflect.Method.invoke(Method.java:577)
	at org.testng.internal.invokers.MethodInvocationHelper.invokeMethod(MethodInvocationHelper.java:135)
	at org.testng.internal.invokers.TestInvoker.invokeMethod(TestInvoker.java:673)
	at org.testng.internal.invokers.TestInvoker.invokeTestMethod(TestInvoker.java:220)
	at org.testng.internal.invokers.MethodRunner.runInSequence(MethodRunner.java:50)
	at org.testng.internal.invokers.TestInvoker$MethodInvocationAgent.invoke(TestInvoker.java:945)
	at org.testng.internal.invokers.TestInvoker.invokeTestMethods(TestInvoker.java:193)
	at org.testng.internal.invokers.TestMethodWorker.invokeTestMethods(TestMethodWorker.java:146)
	at org.testng.internal.invokers.TestMethodWorker.run(TestMethodWorker.java:128)
	at java.base/java.util.concurrent.ThreadPoolExecutor.runWorker(ThreadPoolExecutor.java:1136)
	at java.base/java.util.concurrent.ThreadPoolExecutor$Worker.run(ThreadPoolExecutor.java:635)
	at java.base/java.lang.Thread.run(Thread.java:833)
org.openqa.selenium.TimeoutException: Expected condition failed: waiting for visibility of element located by By.xpath: (//input[@name='associatedNoticeIds'][@type='checkbox'][not (@disabled)])[1] (tried for 60 second(s) with 1000 milliseconds interval)
Build info: version: '4.11.0', revision: '040bc5406b'
System info: os.name: 'Windows 11', os.arch: 'amd64', os.version: '10.0', java.version: '18.0.2.1'
Driver info: driver.version: unknown
	at org.openqa.selenium.support.ui.FluentWait.timeoutException(FluentWait.java:262)
	at org.openqa.selenium.support.ui.FluentWait.until(FluentWait.java:230)
	at CommonMethods.Helper.waitUntilElementIsVisible(Helper.java:148)
	at CommonMethods.Helper.waitForPresenceandVisiblity(Helper.java:658)
	at POM.AppPreRequisiteUtility.AgencySetup_VerifyFlatFineCreationAttachedNotices(AppPreRequisiteUtility.java:1683)
	at TestCases.AgencyCreation.AgencySetup_VerifyFlatFineCreationAttachedNotices(AgencyCreation.java:423)
	at java.base/jdk.internal.reflect.DirectMethodHandleAccessor.invoke(DirectMethodHandleAccessor.java:104)
	at java.base/java.lang.reflect.Method.invoke(Method.java:577)
	at org.testng.internal.invokers.MethodInvocationHelper.invokeMethod(MethodInvocationHelper.java:135)
	at org.testng.internal.invokers.TestInvoker.invokeMethod(TestInvoker.java:673)
	at org.testng.internal.invokers.TestInvoker.invokeTestMethod(TestInvoker.java:220)
	at org.testng.internal.invokers.MethodRunner.runInSequence(MethodRunner.java:50)
	at org.testng.internal.invokers.TestInvoker$MethodInvocationAgent.invoke(TestInvoker.java:945)
	at org.testng.internal.invokers.TestInvoker.invokeTestMethods(TestInvoker.java:193)
	at org.testng.internal.invokers.TestMethodWorker.invokeTestMethods(TestMethodWorker.java:146)
	at org.testng.internal.invokers.TestMethodWorker.run(TestMethodWorker.java:128)
	at java.base/java.util.concurrent.ThreadPoolExecutor.runWorker(ThreadPoolExecutor.java:1136)
	at java.base/java.util.concurrent.ThreadPoolExecutor$Worker.run(ThreadPoolExecutor.java:635)
	at java.base/java.lang.Thread.run(Thread.java:833)
org.openqa.selenium.TimeoutException: Expected condition failed: waiting for element to be clickable: By.xpath: //i[@class='fa fa-2 fa-cog'] (tried for 60 second(s) with 1000 milliseconds interval)
Build info: version: '4.11.0', revision: '040bc5406b'
System info: os.name: 'Windows 11', os.arch: 'amd64', os.version: '10.0', java.version: '18.0.2.1'
Driver info: driver.version: unknown
	at org.openqa.selenium.support.ui.FluentWait.timeoutException(FluentWait.java:262)
	at org.openqa.selenium.support.ui.FluentWait.until(FluentWait.java:230)
	at CommonMethods.Helper.waitForElementIsInteractable(Helper.java:199)
	at POM.CDP_Utility.CDP_VerifyOustandingBalWithCLP(CDP_Utility.java:1211)
	at TestCases.CDP.CDP_VerifyOustandingBalWithCLP(CDP.java:230)
	at java.base/jdk.internal.reflect.DirectMethodHandleAccessor.invoke(DirectMethodHandleAccessor.java:104)
	at java.base/java.lang.reflect.Method.invoke(Method.java:577)
	at org.testng.internal.invokers.MethodInvocationHelper.invokeMethod(MethodInvocationHelper.java:135)
	at org.testng.internal.invokers.TestInvoker.invokeMethod(TestInvoker.java:673)
	at org.testng.internal.invokers.TestInvoker.invokeTestMethod(TestInvoker.java:220)
	at org.testng.internal.invokers.MethodRunner.runInSequence(MethodRunner.java:50)
	at org.testng.internal.invokers.TestInvoker$MethodInvocationAgent.invoke(TestInvoker.java:945)
	at org.testng.internal.invokers.TestInvoker.invokeTestMethods(TestInvoker.java:193)
	at org.testng.internal.invokers.TestMethodWorker.invokeTestMethods(TestMethodWorker.java:146)
	at org.testng.internal.invokers.TestMethodWorker.run(TestMethodWorker.java:128)
	at java.base/java.util.concurrent.ThreadPoolExecutor.runWorker(ThreadPoolExecutor.java:1136)
	at java.base/java.util.concurrent.ThreadPoolExecutor$Worker.run(ThreadPoolExecutor.java:635)
	at java.base/java.lang.Thread.run(Thread.java:833)
org.openqa.selenium.TimeoutException: Expected condition failed: waiting for visibility of element located by By.xpath: //input[@name='associatedNoticeIds'][@type='checkbox'][not (@disabled)]//parent::span//label[contains(text(),'HTML Mandatory Notice')] (tried for 60 second(s) with 1000 milliseconds interval)
Build info: version: '4.11.0', revision: '040bc5406b'
System info: os.name: 'Windows 11', os.arch: 'amd64', os.version: '10.0', java.version: '18.0.2.1'
Driver info: driver.version: unknown
	at org.openqa.selenium.support.ui.FluentWait.timeoutException(FluentWait.java:262)
	at org.openqa.selenium.support.ui.FluentWait.until(FluentWait.java:230)
	at CommonMethods.Helper.waitUntilElementIsVisible(Helper.java:148)
	at CommonMethods.Helper.waitForPresenceandVisiblity(Helper.java:658)
	at POM.AppPreRequisiteUtility.create_FlatFineAttachedNotices(AppPreRequisiteUtility.java:1578)
	at POM.AppPreRequisiteUtility.AgencySetup_VerifyFlatFineCreationAttachedNotices(AppPreRequisiteUtility.java:1698)
	at TestCases.AgencyCreation.AgencySetup_VerifyFlatFineCreationAttachedNotices(AgencyCreation.java:423)
	at java.base/jdk.internal.reflect.DirectMethodHandleAccessor.invoke(DirectMethodHandleAccessor.java:104)
	at java.base/java.lang.reflect.Method.invoke(Method.java:577)
	at org.testng.internal.invokers.MethodInvocationHelper.invokeMethod(MethodInvocationHelper.java:135)
	at org.testng.internal.invokers.TestInvoker.invokeMethod(TestInvoker.java:673)
	at org.testng.internal.invokers.TestInvoker.invokeTestMethod(TestInvoker.java:220)
	at org.testng.internal.invokers.MethodRunner.runInSequence(MethodRunner.java:50)
	at org.testng.internal.invokers.TestInvoker$MethodInvocationAgent.invoke(TestInvoker.java:945)
	at org.testng.internal.invokers.TestInvoker.invokeTestMethods(TestInvoker.java:193)
	at org.testng.internal.invokers.TestMethodWorker.invokeTestMethods(TestMethodWorker.java:146)
	at org.testng.internal.invokers.TestMethodWorker.run(TestMethodWorker.java:128)
	at java.base/java.util.concurrent.ThreadPoolExecutor.runWorker(ThreadPoolExecutor.java:1136)
	at java.base/java.util.concurrent.ThreadPoolExecutor$Worker.run(ThreadPoolExecutor.java:635)
	at java.base/java.lang.Thread.run(Thread.java:833)
org.openqa.selenium.NoSuchElementException: no such element: Unable to locate element: {"method":"xpath","selector":"//input[@name='associatedNoticeIds'][@type='checkbox'][not (@disabled)]//parent::span//label[contains(text(),'HTML Mandatory Notice')]"}
  (Session info: chrome=115.0.5790.170)
For documentation on this error, please visit: https://www.selenium.dev/documentation/webdriver/troubleshooting/errors#no-such-element-exception
Build info: version: '4.11.0', revision: '040bc5406b'
System info: os.name: 'Windows 11', os.arch: 'amd64', os.version: '10.0', java.version: '18.0.2.1'
Driver info: org.openqa.selenium.chrome.ChromeDriver
Command: [d64c4e8dfb07668baacf27adaf85147e, findElement {using=xpath, value=//input[@name='associatedNoticeIds'][@type='checkbox'][not (@disabled)]//parent::span//label[contains(text(),'HTML Mandatory Notice')]}]
Capabilities {acceptInsecureCerts: false, browserName: chrome, browserVersion: 115.0.5790.170, chrome: {chromedriverVersion: 115.0.5790.170 (cc0d30c2ca5..., userDataDir: C:\Users\SQELAB~1\AppData\L...}, goog:chromeOptions: {debuggerAddress: localhost:51446}, networkConnectionEnabled: false, pageLoadStrategy: normal, platformName: windows, proxy: Proxy(), se:cdp: ws://localhost:51446/devtoo..., se:cdpVersion: 115.0.5790.170, setWindowRect: true, strictFileInteractability: false, timeouts: {implicit: 0, pageLoad: 300000, script: 30000}, unhandledPromptBehavior: dismiss and notify, webauthn:extension:credBlob: true, webauthn:extension:largeBlob: true, webauthn:extension:minPinLength: true, webauthn:extension:prf: true, webauthn:virtualAuthenticators: true}
Session ID: d64c4e8dfb07668baacf27adaf85147e
	at java.base/jdk.internal.reflect.DirectConstructorHandleAccessor.newInstance(DirectConstructorHandleAccessor.java:67)
	at java.base/java.lang.reflect.Constructor.newInstanceWithCaller(Constructor.java:499)
	at java.base/java.lang.reflect.Constructor.newInstance(Constructor.java:483)
	at org.openqa.selenium.remote.codec.w3c.W3CHttpResponseCodec.createException(W3CHttpResponseCodec.java:200)
	at org.openqa.selenium.remote.codec.w3c.W3CHttpResponseCodec.decode(W3CHttpResponseCodec.java:133)
	at org.openqa.selenium.remote.codec.w3c.W3CHttpResponseCodec.decode(W3CHttpResponseCodec.java:52)
	at org.openqa.selenium.remote.HttpCommandExecutor.execute(HttpCommandExecutor.java:191)
	at org.openqa.selenium.remote.service.DriverCommandExecutor.invokeExecute(DriverCommandExecutor.java:196)
	at org.openqa.selenium.remote.service.DriverCommandExecutor.execute(DriverCommandExecutor.java:171)
	at org.openqa.selenium.remote.RemoteWebDriver.execute(RemoteWebDriver.java:518)
	at org.openqa.selenium.remote.ElementLocation$ElementFinder$2.findElement(ElementLocation.java:165)
	at org.openqa.selenium.remote.ElementLocation.findElement(ElementLocation.java:59)
	at org.openqa.selenium.remote.RemoteWebDriver.findElement(RemoteWebDriver.java:355)
	at org.openqa.selenium.remote.RemoteWebDriver.findElement(RemoteWebDriver.java:349)
	at org.openqa.selenium.support.ui.ExpectedConditions$6.apply(ExpectedConditions.java:171)
	at org.openqa.selenium.support.ui.ExpectedConditions$6.apply(ExpectedConditions.java:168)
	at org.openqa.selenium.support.ui.FluentWait.until(FluentWait.java:205)
	at CommonMethods.Helper.waitUntilElementPresent(Helper.java:103)
	at CommonMethods.Helper.waitForPresenceandVisiblity(Helper.java:659)
	at POM.AppPreRequisiteUtility.create_FlatFineAttachedNotices(AppPreRequisiteUtility.java:1578)
	at POM.AppPreRequisiteUtility.AgencySetup_VerifyFlatFineCreationAttachedNotices(AppPreRequisiteUtility.java:1698)
	at TestCases.AgencyCreation.AgencySetup_VerifyFlatFineCreationAttachedNotices(AgencyCreation.java:423)
	at java.base/jdk.internal.reflect.DirectMethodHandleAccessor.invoke(DirectMethodHandleAccessor.java:104)
	at java.base/java.lang.reflect.Method.invoke(Method.java:577)
	at org.testng.internal.invokers.MethodInvocationHelper.invokeMethod(MethodInvocationHelper.java:135)
	at org.testng.internal.invokers.TestInvoker.invokeMethod(TestInvoker.java:673)
	at org.testng.internal.invokers.TestInvoker.invokeTestMethod(TestInvoker.java:220)
	at org.testng.internal.invokers.MethodRunner.runInSequence(MethodRunner.java:50)
	at org.testng.internal.invokers.TestInvoker$MethodInvocationAgent.invoke(TestInvoker.java:945)
	at org.testng.internal.invokers.TestInvoker.invokeTestMethods(TestInvoker.java:193)
	at org.testng.internal.invokers.TestMethodWorker.invokeTestMethods(TestMethodWorker.java:146)
	at org.testng.internal.invokers.TestMethodWorker.run(TestMethodWorker.java:128)
	at java.base/java.util.concurrent.ThreadPoolExecutor.runWorker(ThreadPoolExecutor.java:1136)
	at java.base/java.util.concurrent.ThreadPoolExecutor$Worker.run(ThreadPoolExecutor.java:635)
	at java.base/java.lang.Thread.run(Thread.java:833)
org.openqa.selenium.NoSuchElementException: no such element: Unable to locate element: {"method":"xpath","selector":"//input[@name='associatedNoticeIds'][@type='checkbox'][not (@disabled)]//parent::span//label[contains(text(),'HTML Mandatory Notice')]"}
  (Session info: chrome=115.0.5790.170)
For documentation on this error, please visit: https://www.selenium.dev/documentation/webdriver/troubleshooting/errors#no-such-element-exception
Build info: version: '4.11.0', revision: '040bc5406b'
System info: os.name: 'Windows 11', os.arch: 'amd64', os.version: '10.0', java.version: '18.0.2.1'
Driver info: org.openqa.selenium.chrome.ChromeDriver
Command: [d64c4e8dfb07668baacf27adaf85147e, findElement {using=xpath, value=//input[@name='associatedNoticeIds'][@type='checkbox'][not (@disabled)]//parent::span//label[contains(text(),'HTML Mandatory Notice')]}]
Capabilities {acceptInsecureCerts: false, browserName: chrome, browserVersion: 115.0.5790.170, chrome: {chromedriverVersion: 115.0.5790.170 (cc0d30c2ca5..., userDataDir: C:\Users\SQELAB~1\AppData\L...}, goog:chromeOptions: {debuggerAddress: localhost:51446}, networkConnectionEnabled: false, pageLoadStrategy: normal, platformName: windows, proxy: Proxy(), se:cdp: ws://localhost:51446/devtoo..., se:cdpVersion: 115.0.5790.170, setWindowRect: true, strictFileInteractability: false, timeouts: {implicit: 0, pageLoad: 300000, script: 30000}, unhandledPromptBehavior: dismiss and notify, webauthn:extension:credBlob: true, webauthn:extension:largeBlob: true, webauthn:extension:minPinLength: true, webauthn:extension:prf: true, webauthn:virtualAuthenticators: true}
Session ID: d64c4e8dfb07668baacf27adaf85147e
	at java.base/jdk.internal.reflect.DirectConstructorHandleAccessor.newInstance(DirectConstructorHandleAccessor.java:67)
	at java.base/java.lang.reflect.Constructor.newInstanceWithCaller(Constructor.java:499)
	at java.base/java.lang.reflect.Constructor.newInstance(Constructor.java:483)
	at org.openqa.selenium.remote.codec.w3c.W3CHttpResponseCodec.createException(W3CHttpResponseCodec.java:200)
	at org.openqa.selenium.remote.codec.w3c.W3CHttpResponseCodec.decode(W3CHttpResponseCodec.java:133)
	at org.openqa.selenium.remote.codec.w3c.W3CHttpResponseCodec.decode(W3CHttpResponseCodec.java:52)
	at org.openqa.selenium.remote.HttpCommandExecutor.execute(HttpCommandExecutor.java:191)
	at org.openqa.selenium.remote.service.DriverCommandExecutor.invokeExecute(DriverCommandExecutor.java:196)
	at org.openqa.selenium.remote.service.DriverCommandExecutor.execute(DriverCommandExecutor.java:171)
	at org.openqa.selenium.remote.RemoteWebDriver.execute(RemoteWebDriver.java:518)
	at org.openqa.selenium.remote.ElementLocation$ElementFinder$2.findElement(ElementLocation.java:165)
	at org.openqa.selenium.remote.ElementLocation.findElement(ElementLocation.java:59)
	at org.openqa.selenium.remote.RemoteWebDriver.findElement(RemoteWebDriver.java:355)
	at org.openqa.selenium.remote.RemoteWebDriver.findElement(RemoteWebDriver.java:349)
	at CommonMethods.Helper.scrollIntoView(Helper.java:467)
	at POM.AppPreRequisiteUtility.create_FlatFineAttachedNotices(AppPreRequisiteUtility.java:1579)
	at POM.AppPreRequisiteUtility.AgencySetup_VerifyFlatFineCreationAttachedNotices(AppPreRequisiteUtility.java:1698)
	at TestCases.AgencyCreation.AgencySetup_VerifyFlatFineCreationAttachedNotices(AgencyCreation.java:423)
	at java.base/jdk.internal.reflect.DirectMethodHandleAccessor.invoke(DirectMethodHandleAccessor.java:104)
	at java.base/java.lang.reflect.Method.invoke(Method.java:577)
	at org.testng.internal.invokers.MethodInvocationHelper.invokeMethod(MethodInvocationHelper.java:135)
	at org.testng.internal.invokers.TestInvoker.invokeMethod(TestInvoker.java:673)
	at org.testng.internal.invokers.TestInvoker.invokeTestMethod(TestInvoker.java:220)
	at org.testng.internal.invokers.MethodRunner.runInSequence(MethodRunner.java:50)
	at org.testng.internal.invokers.TestInvoker$MethodInvocationAgent.invoke(TestInvoker.java:945)
	at org.testng.internal.invokers.TestInvoker.invokeTestMethods(TestInvoker.java:193)
	at org.testng.internal.invokers.TestMethodWorker.invokeTestMethods(TestMethodWorker.java:146)
	at org.testng.internal.invokers.TestMethodWorker.run(TestMethodWorker.java:128)
	at java.base/java.util.concurrent.ThreadPoolExecutor.runWorker(ThreadPoolExecutor.java:1136)
	at java.base/java.util.concurrent.ThreadPoolExecutor$Worker.run(ThreadPoolExecutor.java:635)
	at java.base/java.lang.Thread.run(Thread.java:833)
org.openqa.selenium.TimeoutException: Expected condition failed: waiting for visibility of element located by By.xpath: //div[@class='notice-list row']//button[2] (tried for 60 second(s) with 1000 milliseconds interval)
Build info: version: '4.11.0', revision: '040bc5406b'
System info: os.name: 'Windows 11', os.arch: 'amd64', os.version: '10.0', java.version: '18.0.2.1'
Driver info: driver.version: unknown
	at org.openqa.selenium.support.ui.FluentWait.timeoutException(FluentWait.java:262)
	at org.openqa.selenium.support.ui.FluentWait.until(FluentWait.java:230)
	at CommonMethods.Helper.waitUntilElementIsVisible(Helper.java:148)
	at POM.PerformInspectionUtility.PerformInspection_SelectAnyNotice(PerformInspectionUtility.java:822)
	at TestCases.PerformInspection.PerformInspection_SelectAnyNotice(PerformInspection.java:176)
	at java.base/jdk.internal.reflect.DirectMethodHandleAccessor.invoke(DirectMethodHandleAccessor.java:104)
	at java.base/java.lang.reflect.Method.invoke(Method.java:577)
	at org.testng.internal.invokers.MethodInvocationHelper.invokeMethod(MethodInvocationHelper.java:135)
	at org.testng.internal.invokers.TestInvoker.invokeMethod(TestInvoker.java:673)
	at org.testng.internal.invokers.TestInvoker.invokeTestMethod(TestInvoker.java:220)
	at org.testng.internal.invokers.MethodRunner.runInSequence(MethodRunner.java:50)
	at org.testng.internal.invokers.TestInvoker$MethodInvocationAgent.invoke(TestInvoker.java:945)
	at org.testng.internal.invokers.TestInvoker.invokeTestMethods(TestInvoker.java:193)
	at org.testng.internal.invokers.TestMethodWorker.invokeTestMethods(TestMethodWorker.java:146)
	at org.testng.internal.invokers.TestMethodWorker.run(TestMethodWorker.java:128)
	at java.base/java.util.concurrent.ThreadPoolExecutor.runWorker(ThreadPoolExecutor.java:1136)
	at java.base/java.util.concurrent.ThreadPoolExecutor$Worker.run(ThreadPoolExecutor.java:635)
	at java.base/java.lang.Thread.run(Thread.java:833)
org.openqa.selenium.TimeoutException: Expected condition failed: waiting for element to be clickable: By.xpath: //button[text()='Violation Specific'] (tried for 60 second(s) with 1000 milliseconds interval)
Build info: version: '4.11.0', revision: '040bc5406b'
System info: os.name: 'Windows 11', os.arch: 'amd64', os.version: '10.0', java.version: '18.0.2.1'
Driver info: driver.version: unknown
	at org.openqa.selenium.support.ui.FluentWait.timeoutException(FluentWait.java:262)
	at org.openqa.selenium.support.ui.FluentWait.until(FluentWait.java:230)
	at CommonMethods.Helper.waitForElementIsInteractable(Helper.java:199)
	at POM.FinesUtility.selectViolationSpecifcToggelButton(FinesUtility.java:706)
	at POM.AppPreRequisiteUtility.CreationViolationSpecificOnlyFine(AppPreRequisiteUtility.java:1607)
	at TestCases.AgencyCreation.AgencySetup_VerifyCreationViolationSpecificFine(AgencyCreation.java:433)
	at java.base/jdk.internal.reflect.DirectMethodHandleAccessor.invoke(DirectMethodHandleAccessor.java:104)
	at java.base/java.lang.reflect.Method.invoke(Method.java:577)
	at org.testng.internal.invokers.MethodInvocationHelper.invokeMethod(MethodInvocationHelper.java:135)
	at org.testng.internal.invokers.TestInvoker.invokeMethod(TestInvoker.java:673)
	at org.testng.internal.invokers.TestInvoker.invokeTestMethod(TestInvoker.java:220)
	at org.testng.internal.invokers.MethodRunner.runInSequence(MethodRunner.java:50)
	at org.testng.internal.invokers.TestInvoker$MethodInvocationAgent.invoke(TestInvoker.java:945)
	at org.testng.internal.invokers.TestInvoker.invokeTestMethods(TestInvoker.java:193)
	at org.testng.internal.invokers.TestMethodWorker.invokeTestMethods(TestMethodWorker.java:146)
	at org.testng.internal.invokers.TestMethodWorker.run(TestMethodWorker.java:128)
	at java.base/java.util.concurrent.ThreadPoolExecutor.runWorker(ThreadPoolExecutor.java:1136)
	at java.base/java.util.concurrent.ThreadPoolExecutor$Worker.run(ThreadPoolExecutor.java:635)
	at java.base/java.lang.Thread.run(Thread.java:833)
org.openqa.selenium.TimeoutException: Expected condition failed: waiting for element to be clickable: By.xpath: //div[@class='notice-list row']//button[2] (tried for 60 second(s) with 1000 milliseconds interval)
Build info: version: '4.11.0', revision: '040bc5406b'
System info: os.name: 'Windows 11', os.arch: 'amd64', os.version: '10.0', java.version: '18.0.2.1'
Driver info: driver.version: unknown
	at org.openqa.selenium.support.ui.FluentWait.timeoutException(FluentWait.java:262)
	at org.openqa.selenium.support.ui.FluentWait.until(FluentWait.java:230)
	at CommonMethods.Helper.waitForElementIsInteractable(Helper.java:199)
	at POM.PerformInspectionUtility.PerformInspection_SelectAnyNotice(PerformInspectionUtility.java:823)
	at TestCases.PerformInspection.PerformInspection_SelectAnyNotice(PerformInspection.java:176)
	at java.base/jdk.internal.reflect.DirectMethodHandleAccessor.invoke(DirectMethodHandleAccessor.java:104)
	at java.base/java.lang.reflect.Method.invoke(Method.java:577)
	at org.testng.internal.invokers.MethodInvocationHelper.invokeMethod(MethodInvocationHelper.java:135)
	at org.testng.internal.invokers.TestInvoker.invokeMethod(TestInvoker.java:673)
	at org.testng.internal.invokers.TestInvoker.invokeTestMethod(TestInvoker.java:220)
	at org.testng.internal.invokers.MethodRunner.runInSequence(MethodRunner.java:50)
	at org.testng.internal.invokers.TestInvoker$MethodInvocationAgent.invoke(TestInvoker.java:945)
	at org.testng.internal.invokers.TestInvoker.invokeTestMethods(TestInvoker.java:193)
	at org.testng.internal.invokers.TestMethodWorker.invokeTestMethods(TestMethodWorker.java:146)
	at org.testng.internal.invokers.TestMethodWorker.run(TestMethodWorker.java:128)
	at java.base/java.util.concurrent.ThreadPoolExecutor.runWorker(ThreadPoolExecutor.java:1136)
	at java.base/java.util.concurrent.ThreadPoolExecutor$Worker.run(ThreadPoolExecutor.java:635)
	at java.base/java.lang.Thread.run(Thread.java:833)
]]></system-err>
  </testcase>
  <testcase name="AgencySetup_VerifyInactivateActiveFines" classname="TestCases.AgencyCreation" time="14.103">
    <system-out><![CDATA[2024-07-26 00:31:54,530 [info]: GetText fromBy.xpath: (//div[@class='agency-setup-tab__section__header']//h2)[2]
2024-07-26 00:31:54,556 [info]: Scroll Into View By.xpath: //h2[contains(text(),'Active')]//ancestor::div[@class='agency-setup-tab__section']//button[@class='edit-btn space-right btn btn-primary']
2024-07-26 00:31:54,685 [info]: Click By JS By.xpath: //h2[contains(text(),'Active')]//ancestor::div[@class='agency-setup-tab__section']//button[@class='edit-btn space-right btn btn-primary']
2024-07-26 00:31:56,922 [info]: Scroll Into View By.xpath: //button[text()='Inactive']
2024-07-26 00:31:59,014 [info]: Click By JS By.xpath: //button[text()='Inactive']
2024-07-26 00:31:59,044 [info]: Scroll Into View By.xpath: //button[text()='Save']
2024-07-26 00:31:59,144 [info]: Click By JS By.xpath: //button[text()='Save']
2024-07-26 00:32:08,401 [info]: GetText fromBy.xpath: (//div[@class='agency-setup-tab__section__header']//h2)[2]
Test Passed: AgencySetup_VerifyInactivateActiveFines
]]></system-out>
  </testcase>
  <testcase name="AgencySetup_VerifyActivateInactiveFines" classname="TestCases.AgencyCreation" time="14.184">
    <system-out><![CDATA[2024-07-26 00:32:08,604 [info]: Scroll Into View By.xpath: (//div[@class='agency-setup-tab__section__header']//h2)[1]
2024-07-26 00:32:08,713 [info]: GetText fromBy.xpath: (//div[@class='agency-setup-tab__section__header']//h2)[1]
2024-07-26 00:32:08,790 [info]: Click By JS By.xpath: //h2[contains(text(),'Inactive')]//ancestor::div[@class='agency-setup-tab__section']//button[@class='edit-btn space-right btn btn-primary']
2024-07-26 00:32:12,938 [info]: Scroll Into View By.xpath: //button[text()='Active']
2024-07-26 00:32:13,017 [info]: Click By JS By.xpath: //button[text()='Active']
2024-07-26 00:32:13,101 [info]: Click By JS By.xpath: //button[text()='Save']
2024-07-26 00:32:22,324 [info]: Scroll Into View By.xpath: (//div[@class='agency-setup-tab__section__header']//h2)[1]
2024-07-26 00:32:22,370 [info]: GetText fromBy.xpath: (//div[@class='agency-setup-tab__section__header']//h2)[1]
Test Passed: AgencySetup_VerifyActivateInactiveFines
]]></system-out>
  </testcase>
  <testcase name="AgencySetup_VerifyOpenCloseCreateLateFeePopup" classname="TestCases.AgencyCreation" time="16.17">
    <system-out><![CDATA[2024-07-26 00:32:22,737 [info]: Scroll Into View By.xpath: //h6[text()='PRODUCT SETTINGS']/following::label[1]
2024-07-26 00:32:22,876 [info]: Scroll Into View By.xpath: //label[text()='Fines']
2024-07-26 00:32:23,097 [info]: Click By JS By.xpath: //label[text()='Fines']
2024-07-26 00:32:26,249 [info]: Scroll Into View By.xpath: //div[text()='Late Fees']
2024-07-26 00:32:26,304 [info]: Click By JS By.xpath: //div[text()='Late Fees']
2024-07-26 00:32:26,346 [info]: Scroll Into View By.xpath: //button[text()='Create Late Fee']
2024-07-26 00:32:26,439 [info]: Click By JS By.xpath: //button[text()='Create Late Fee']
2024-07-26 00:32:28,606 [info]: GetText fromBy.xpath: //div[text()='Create Late Fee']
2024-07-26 00:32:28,631 [info]: Scroll Into View By.xpath: //div[text()='Create Late Fee']//ancestor::div//button[text()='Create Late Fee']
2024-07-26 00:32:28,650 [info]: Click By JS By.xpath: //div[text()='Create Late Fee']//ancestor::div//button[text()='Create Late Fee']
2024-07-26 00:32:31,696 [info]: Scroll Into View By.xpath: (//span[@class='field__error'])[1]
2024-07-26 00:32:31,725 [info]: GetText fromBy.xpath: (//span[@class='field__error'])[1]
2024-07-26 00:32:31,745 [info]: Scroll Into View By.xpath: //button[text()='Cancel']
2024-07-26 00:32:31,770 [info]: Click By JS By.xpath: //button[text()='Cancel']
Test Passed: AgencySetup_VerifyOpenCloseCreateLateFeePopup
]]></system-out>
  </testcase>
  <testcase name="AgencySetup_VerifyCreateFixedManualFlatFineLateFee" classname="TestCases.AgencyCreation" time="13.818">
    <system-out><![CDATA[2024-07-26 00:32:38,898 [info]: Scroll Into View By.xpath: //h6[text()='PRODUCT SETTINGS']/following::label[1]
2024-07-26 00:32:39,027 [info]: Scroll Into View By.xpath: //label[text()='Fines']
2024-07-26 00:32:39,191 [info]: Click By JS By.xpath: //label[text()='Fines']
2024-07-26 00:32:42,323 [info]: Scroll Into View By.xpath: //div[text()='Late Fees']
2024-07-26 00:32:42,352 [info]: Click By JS By.xpath: //div[text()='Late Fees']
2024-07-26 00:32:42,403 [info]: GetText fromBy.xpath: (//div[@class='agency-setup-tab__section__header']//h2)[1]
2024-07-26 00:32:42,430 [info]: Scroll Into View By.xpath: //button[text()='Create Late Fee']
2024-07-26 00:32:42,491 [info]: Click By JS By.xpath: //button[text()='Create Late Fee']
2024-07-26 00:32:44,800 [info]: Sendkeys on By.xpath: //div[text()='Create Late Fee']//parent::div//input[@name='label'] with value CxI LateFine
2024-07-26 00:32:44,958 [info]: Sendkeys on By.xpath: //div[text()='Create Late Fee']//parent::div//input[@name='description'] with value EKB LateFineDesc
2024-07-26 00:32:44,982 [info]: Click By JS By.xpath: //div[text()='Create Late Fee']//parent::div//button[text()='Manual Late Fee']
2024-07-26 00:32:45,017 [info]: Click By JS By.xpath: //div[text()='Create Late Fee']//parent::div//button[text()='Flat Late Fee']
2024-07-26 00:32:45,048 [info]: Click By JS By.xpath: //div[text()='Create Late Fee']//parent::div//button[text()='Fixed Amount']
2024-07-26 00:32:45,085 [info]: Scroll Into View By.xpath: //div[text()='Create Late Fee']//parent::div//input[@name='amount']
2024-07-26 00:32:45,236 [info]: Sendkeys on By.xpath: //div[text()='Create Late Fee']//parent::div//input[@name='amount'] with value 5097
2024-07-26 00:32:45,372 [info]: Sendkeys on By.xpath: //div[text()='Create Late Fee']//parent::div//input[@name='payByDays'] with value 5
2024-07-26 00:32:45,398 [info]: Click By JS By.xpath: //div[text()='Create Late Fee']//ancestor::div//button[text()='Create Late Fee']
2024-07-26 00:32:52,571 [info]: GetText fromBy.xpath: (//div[@class='agency-setup-tab__section__header']//h2)[1]
Test Passed: AgencySetup_VerifyCreateFixedManualFlatFineLateFee
]]></system-out>
  </testcase>
  <testcase name="AgencySetup_VerifyCreateOutStdManualFlatFineLateFee" classname="TestCases.AgencyCreation" time="13.421">
    <system-out><![CDATA[2024-07-26 00:32:52,721 [info]: Scroll Into View By.xpath: //h6[text()='PRODUCT SETTINGS']/following::label[1]
2024-07-26 00:32:52,850 [info]: Scroll Into View By.xpath: //label[text()='Fines']
2024-07-26 00:32:53,024 [info]: Click By JS By.xpath: //label[text()='Fines']
2024-07-26 00:32:56,190 [info]: Scroll Into View By.xpath: //div[text()='Late Fees']
2024-07-26 00:32:56,224 [info]: Click By JS By.xpath: //div[text()='Late Fees']
2024-07-26 00:32:56,275 [info]: GetText fromBy.xpath: (//div[@class='agency-setup-tab__section__header']//h2)[1]
2024-07-26 00:32:56,302 [info]: Scroll Into View By.xpath: //button[text()='Create Late Fee']
2024-07-26 00:32:56,380 [info]: Click By JS By.xpath: //button[text()='Create Late Fee']
2024-07-26 00:32:58,203 [info]: Sendkeys on By.xpath: //div[text()='Create Late Fee']//parent::div//input[@name='label'] with value KkM LateFine
2024-07-26 00:32:58,392 [info]: Sendkeys on By.xpath: //div[text()='Create Late Fee']//parent::div//input[@name='description'] with value bzs LateFineDesc
2024-07-26 00:32:58,414 [info]: Click By JS By.xpath: //div[text()='Create Late Fee']//parent::div//button[text()='Manual Late Fee']
2024-07-26 00:32:58,438 [info]: Click By JS By.xpath: //div[text()='Create Late Fee']//parent::div//button[text()='Flat Late Fee']
2024-07-26 00:32:58,462 [info]: Click By JS By.xpath: //div[text()='Create Late Fee']//parent::div//button[text()='% of outstanding balance']
2024-07-26 00:32:58,483 [info]: Scroll Into View By.xpath: //div[text()='Create Late Fee']//parent::div//input[@name='amount']
2024-07-26 00:32:58,597 [info]: Sendkeys on By.xpath: //div[text()='Create Late Fee']//parent::div//input[@name='amount'] with value 2651
2024-07-26 00:32:58,705 [info]: Sendkeys on By.xpath: //div[text()='Create Late Fee']//parent::div//input[@name='payByDays'] with value 1
2024-07-26 00:32:58,731 [info]: Click By JS By.xpath: //div[text()='Create Late Fee']//ancestor::div//button[text()='Create Late Fee']
2024-07-26 00:33:05,890 [info]: GetText fromBy.xpath: (//div[@class='agency-setup-tab__section__header']//h2)[1]
Test Passed: AgencySetup_VerifyCreateOutStdManualFlatFineLateFee
]]></system-out>
  </testcase>
  <testcase name="AgencySetup_VerifyInactivateActiveLateFee" classname="TestCases.AgencyCreation" time="11.765">
    <system-out><![CDATA[2024-07-26 00:33:06,139 [info]: Scroll Into View By.xpath: //h6[text()='PRODUCT SETTINGS']/following::label[1]
2024-07-26 00:33:06,240 [info]: Scroll Into View By.xpath: //label[text()='Fines']
2024-07-26 00:33:06,342 [info]: Click By JS By.xpath: //label[text()='Fines']
2024-07-26 00:33:09,474 [info]: Scroll Into View By.xpath: //div[text()='Late Fees']
2024-07-26 00:33:09,500 [info]: Click By JS By.xpath: //div[text()='Late Fees']
2024-07-26 00:33:09,551 [info]: GetText fromBy.xpath: (//div[@class='agency-setup-tab__section__header']//h2)[2]
2024-07-26 00:33:09,600 [info]: Click By JS By.xpath: //h2[contains(text(),'Active')]//ancestor::div[@class='agency-setup-tab__section']//button[@class='edit-btn space-right btn btn-primary']
2024-07-26 00:33:11,656 [info]: Scroll Into View By.xpath: //button[text()='Inactive']
2024-07-26 00:33:11,672 [info]: Click By JS By.xpath: //button[text()='Inactive']
2024-07-26 00:33:11,692 [info]: Click By JS By.xpath: //button[text()='Save']
2024-07-26 00:33:17,778 [info]: GetText fromBy.xpath: (//div[@class='agency-setup-tab__section__header']//h2)[2]
Test Passed: AgencySetup_VerifyInactivateActiveLateFee
]]></system-out>
  </testcase>
  <testcase name="AgencySetup_VerifyActivateInActiveLateFee" classname="TestCases.AgencyCreation" time="14.066">
    <system-out><![CDATA[2024-07-26 00:33:17,904 [info]: Scroll Into View By.xpath: //h6[text()='PRODUCT SETTINGS']/following::label[1]
2024-07-26 00:33:18,025 [info]: Scroll Into View By.xpath: //label[text()='Fines']
2024-07-26 00:33:18,129 [info]: Click By JS By.xpath: //label[text()='Fines']
2024-07-26 00:33:21,203 [info]: Scroll Into View By.xpath: //div[text()='Late Fees']
2024-07-26 00:33:21,232 [info]: Click By JS By.xpath: //div[text()='Late Fees']
2024-07-26 00:33:21,310 [info]: GetText fromBy.xpath: (//div[@class='agency-setup-tab__section__header']//h2)[1]
2024-07-26 00:33:21,354 [info]: Click By JS By.xpath: //h2[contains(text(),'Inactive')]//ancestor::div[@class='agency-setup-tab__section']//button[@class='edit-btn space-right btn btn-primary']
2024-07-26 00:33:23,428 [info]: Scroll Into View By.xpath: //button[text()='Active']
2024-07-26 00:33:25,567 [info]: Clicked on By.xpath: //button[text()='Active']
2024-07-26 00:33:25,592 [info]: Click By JS By.xpath: //button[text()='Save']
2024-07-26 00:33:31,728 [info]: GetText fromBy.xpath: (//div[@class='agency-setup-tab__section__header']//h2)[1]
Test Passed: AgencySetup_VerifyActivateInActiveLateFee
]]></system-out>
  </testcase>
  <testcase name="deleteCreatedAgency" classname="TestCases.AgencyCreation" time="48.946">
    <system-out><![CDATA[2024-07-26 00:33:47,466 [info]: GetText fromBy.xpath: //div[text()='Add & Configure CRM']
2024-07-26 00:33:47,679 [info]: Clicked on By.xpath: //button[text()='Add CRM']
2024-07-26 00:33:47,761 [info]: GetText fromBy.xpath: //div[@class='product-form__info crm']//span
2024-07-26 00:33:48,087 [info]: Sendkeys on By.xpath: //div[@class='product-form__info crm']//input with value ZMXEGKVbWTjRDJfxNdndvHVEsfZPNZadzetRxzpFCcNMlkQOyFA
2024-07-26 00:33:48,264 [info]: Clicked on By.xpath: //button[text()='Add CRM']
2024-07-26 00:33:48,348 [info]: GetText fromBy.xpath: //div[@class='product-form__info crm']//span
2024-07-26 00:33:48,763 [info]: Sendkeys on By.xpath: //div[@class='product-form__info crm']//input with value CRM
2024-07-26 00:33:48,933 [info]: Cleared value from By.xpath: //input[@name='citizenPortalHomeLinkURL']
2024-07-26 00:33:49,279 [info]: Sendkeys on By.xpath: //input[@name='citizenPortalHomeLinkURL'] with value https://app-stage.comcate.com/agencies/181/setup
2024-07-26 00:33:49,441 [info]: Clicked on By.xpath: //button[text()='Add CRM']
2024-07-26 00:33:49,523 [info]: GetText fromBy.xpath: (//div[@class='agency-form__product-header-title']/h4[1])[2]
2024-07-26 00:33:52,798 [info]: Sendkeys on By.xpath: //input[@name='name'] with value NAVA_RFFhmvbP
2024-07-26 00:33:53,051 [info]: Sendkeys on By.xpath: //input[@name='streetAddress'] with value 21 Lane
2024-07-26 00:33:53,306 [info]: Sendkeys on By.xpath: //input[@name='city'] with value Austin
2024-07-26 00:33:53,516 [info]: Clicked on By.xpath: //label[text()='Select Option']
2024-07-26 00:33:54,803 [info]: Sendkeys on By.xpath: //input[@name='query'] with value Texas
2024-07-26 00:33:55,002 [info]: Clicked on By.xpath: //ul[@class='dropdown__options--single']//span
2024-07-26 00:33:55,199 [info]: Sendkeys on By.xpath: //input[@name='zip'] with value 77494
2024-07-26 00:33:55,384 [info]: Clicked on By.xpath: //div[@class='Select-placeholder']
2024-07-26 00:33:55,570 [info]: Clicked on By.xpath: //*[text()='PST']
2024-07-26 00:33:55,966 [info]: Sendkeys on By.xpath: //input[@name='email'] with value newagencyviaautomation@yopmail.com
2024-07-26 00:33:56,284 [info]: Sendkeys on By.xpath: //input[@name='websiteURL'] with value https://demo.comcate.com
2024-07-26 00:33:57,587 [info]: Sendkeys on By.xpath: //input[@name='sendFromEmail'] with value team-comcate
2024-07-26 00:33:57,625 [info]: Click By JS By.xpath: (//div[@class='react-toggle-thumb'])[3]
2024-07-26 00:33:57,890 [info]: Sendkeys on By.xpath: //input[@name='sendFromPhoneNumber'] with value 4142864141
2024-07-26 00:33:57,982 [info]: Click By JS By.xpath: //button[text()='True']
2024-07-26 00:33:58,061 [info]: Scroll Into View By.xpath: //h1[text()='Create Agency']/following::button[2]
2024-07-26 00:33:58,178 [info]: Click By JS By.xpath: //h1[text()='Create Agency']/following::button[2]
2024-07-26 00:34:11,961 [info]: Sendkeys on By.xpath: //input[@placeholder='Search by keyword'] with value NAVA_RFFhmvbP
2024-07-26 00:34:16,163 [info]: GetText fromBy.xpath: //div[@class='rt-tr -odd']/div[2]
2024-07-26 00:34:16,308 [info]: Click By JS By.xpath: //button[@class='delete-btn  btn btn-primary']
2024-07-26 00:34:20,817 [info]: Sendkeys on By.xpath: //input[@name='deleteText'] with value DELETE
2024-07-26 00:34:20,855 [info]: Click By JS By.xpath: //button[text()='Delete Agency']
2024-07-26 00:34:34,312 [info]: Sendkeys on By.xpath: //input[@placeholder='Search by keyword'] with value NAVA_RFFhmvbP
2024-07-26 00:34:35,612 [info]: GetText fromBy.xpath: //div[@class='rt-noData']
Test Passed: deleteCreatedAgency
]]></system-out>
  </testcase>
  <testcase name="LoginAgency" classname="TestCases.BasicSupervisor" time="4.08">
    <system-out><![CDATA[2024-07-25 23:48:40,810 [info]: Clicked on By.xpath: //div[text()='Code Enforcement']
2024-07-25 23:48:41,571 [info]: Sendkeys on By.id: okta-signin-password with value Hello@1234
2024-07-25 23:48:41,764 [info]: Sendkeys on By.id: okta-signin-password with value Hello@1234
2024-07-25 23:48:42,011 [info]: Sendkeys on By.id: okta-signin-password with value Hello@1234
2024-07-25 23:48:42,244 [info]: Clicked on By.id: okta-signin-submit
2024-07-25 23:48:42,839 [info]: Sendkeys on By.id: okta-signin-password with value Hello@1234
2024-07-25 23:48:43,046 [info]: GetText fromBy.xpath: //div[text()='Add & Configure Code Enforcement']
2024-07-25 23:48:43,333 [info]: Sendkeys on By.id: okta-signin-password with value Hello@1234
2024-07-25 23:48:43,365 [info]: Clicked on By.id: okta-signin-submit
Test Passed: LoginAgency
]]></system-out>
  </testcase>
  <testcase name="VerifySupervisorToggle" classname="TestCases.BasicSupervisor" time="0.507">
    <system-out><![CDATA[2024-07-25 23:49:16,183 [info]: Sendkeys on By.xpath: //input[@name='name'] with value NAVA_qFjSQylV
2024-07-25 23:49:16,256 [info]: Scroll Into View By.xpath: //label[text()='Audit Trail']
2024-07-25 23:49:16,292 [info]: Click By JS By.xpath: (//div[@class='react-toggle-thumb'])[1]
2024-07-25 23:49:16,307 [info]: Scroll Into View By.xpath: //label[text()='Fines']
2024-07-25 23:49:16,460 [info]: Scroll Into View By.xpath: //label[text()='Notification Management']
2024-07-25 23:49:16,479 [info]: Sendkeys on By.xpath: //input[@name='label'] with value IXJYkFlatFine
Test Passed: VerifySupervisorToggle
]]></system-out>
  </testcase>
  <testcase name="VerifyThatUserIsAbleToCreateARoleWithBasicSupervisorPermission" classname="TestCases.BasicSupervisor" time="1.217">
    <system-out><![CDATA[2024-07-25 23:50:32,933 [info]: Clicked on By.xpath: //label[@title='Attribute']/following::div[@class='Select-placeholder'][1]
2024-07-25 23:50:32,941 [info]: Clicked on By.xpath: //div[@class='flex-row--center']/button[text()='Yes']
2024-07-25 23:50:33,397 [info]: Clicked on By.xpath: //li[@id='react-autowhatever-1-section-0-item-0']
2024-07-25 23:50:33,519 [info]: Click By JS By.xpath: //div[@id='violation-tile']//input
2024-07-25 23:50:33,671 [info]: GetText fromBy.xpath: //h1[text()='Create Rule']
2024-07-25 23:50:33,711 [info]: Scroll Into View By.xpath: //h1[text()='Create Rule']//parent::div//button[text()='Cancel']
Test Passed: VerifyThatUserIsAbleToCreateARoleWithBasicSupervisorPermission
]]></system-out>
  </testcase>
  <testcase name="VerifyThatUserIsAbleToCreateARoleWithSupervisorManagerPermission" classname="TestCases.BasicSupervisor" time="3.697">
    <system-out><![CDATA[2024-07-25 23:50:40,759 [info]: Sendkeys on By.xpath: //input[@name='value'] with value 77590
2024-07-25 23:50:40,809 [info]: Scroll Into View By.xpath: (//div[@class='close-icon'])[2]
2024-07-25 23:50:41,040 [info]: Clicked on By.xpath: (//div[@class='close-icon'])[2]
2024-07-25 23:50:41,090 [info]: Clicked on By.xpath: //a[text()='Add Criteria']
2024-07-25 23:50:41,357 [info]: Clicked on By.xpath: //label[@title='Value']//parent::div//parent::div//span[@class='Select-arrow']
2024-07-25 23:50:41,445 [info]: Clicked on By.xpath: //label[@title='Attribute']/following::div[@class='Select-placeholder'][1]
2024-07-25 23:50:41,993 [info]: Clicked on By.xpath: //*[text()='Block']
2024-07-25 23:50:42,079 [info]: Click By JS By.cssSelector: button.square-btn.space-left.btn.btn-primary
2024-07-25 23:50:42,277 [info]: Clicked on By.xpath: //label[@title='Attribute']/following::div[@class='Select-placeholder'][1]
2024-07-25 23:50:42,349 [info]: Click By JS By.xpath: //button[contains(text(),'More...')]
2024-07-25 23:50:42,838 [info]: Clicked on By.xpath: (//*[text()='Equals'])[2]
2024-07-25 23:50:43,007 [info]: Move to element and Click on [[ChromeDriver: chrome on windows (8756fc42a7892db972226591766dc183)] -> xpath: //div[@class='progressive-form__footer']//button[text()='Generate Notice']]
2024-07-25 23:50:43,030 [info]: Click By JS By.xpath: //li[text()='Reopen Case']
2024-07-25 23:50:43,295 [info]: Click By JS By.xpath: //button[text()='Non-Compliant']
2024-07-25 23:50:43,469 [info]: Click By JS By.xpath: //button[text()='Reopen Case']
2024-07-25 23:50:43,524 [info]: Sendkeys on By.xpath: (//input[@name='value'])[2] with value 1
2024-07-25 23:50:43,792 [info]: Clicked on By.xpath: //label[@for='assignee']/following::label[1]
Test Passed: VerifyThatUserIsAbleToCreateARoleWithSupervisorManagerPermission
]]></system-out>
  </testcase>
  <testcase name="VerifyUserIsAbleToAssignRoleNoSupervisor" classname="TestCases.BasicSupervisor" time="0.94">
    <system-out><![CDATA[2024-07-25 23:51:20,587 [info]: Click By JS By.xpath: //div[@class='dropdown__selector__selected']/label
2024-07-25 23:51:21,153 [info]: Cleared value from By.xpath: //*[@placeholder='Filter by name or email']
1
Test Passed: VerifyUserIsAbleToAssignRoleNoSupervisor
]]></system-out>
  </testcase>
  <testcase name="VerifyUserIsAbleToAssignRoleBasicSupervisor" classname="TestCases.BasicSupervisor" time="4.27">
    <system-out><![CDATA[2024-07-25 23:51:48,809 [info]: Sendkeys on By.xpath: //input[@name='description'] with value NDescYrO
2024-07-25 23:51:49,037 [info]: Clicked on By.xpath: //div[@class='flex-row--middle']/button[2]
2024-07-25 23:51:50,220 [info]: Clicked on By.xpath: //label[@title='Action']//parent::div//parent::div//span[@class='Select-arrow']
2024-07-25 23:51:50,401 [info]: Clicked on By.xpath: //div[@class='Select-menu-outer']//div[@aria-label='Submission Received']
2024-07-25 23:51:50,434 [info]: Scroll Into View By.xpath: (//h1[text()='Create Notification']//parent::div//button)[2]
2024-07-25 23:51:50,643 [info]: Clicked on By.xpath: (//h1[text()='Create Notification']//parent::div//button)[2]
2024-07-25 23:51:50,731 [info]: Sendkeys on By.xpath: //*[@placeholder='Filter by name or email'] with value Role05903BasicSupervisor
referesh 1
0
2024-07-25 23:51:52,929 [info]: Cleared value from By.xpath: //*[@placeholder='Filter by name or email']
Test Passed: VerifyUserIsAbleToAssignRoleBasicSupervisor
]]></system-out>
  </testcase>
  <testcase name="VerifyUserIsAbleToAssignRoleSupervisorManager" classname="TestCases.BasicSupervisor" time="2.413">
    <system-out><![CDATA[2024-07-25 23:52:13,559 [info]: Clicked on By.xpath: (//div[@class='full-page-modal__header']//button[2])[2]
2024-07-25 23:52:16,415 [info]: Sendkeys on By.id: idp-discovery-username with value BasicSuperviserStage@yopmail.com
2024-07-25 23:52:16,542 [info]: Scroll Into View By.xpath: //div[@class='dropdown__selector__selected']/label
2024-07-25 23:52:16,575 [info]: Clicked on By.xpath: //span/label[text()='Property Owner']
2024-07-25 23:52:16,591 [info]: Clicked on By.id: idp-discovery-submit
2024-07-25 23:52:16,640 [info]: Click By JS By.xpath: //div[@class='dropdown__selector__selected']/label
2024-07-25 23:52:16,697 [info]: Clicked on By.xpath: //ul[@class='dropdown__options--single']//li//b
2024-07-25 23:52:16,818 [info]: Clicked on By.xpath: //button[text()='Apply']
2024-07-25 23:52:17,015 [info]: Sendkeys on By.xpath: //input[@name='query'] with value Location Not Required
2024-07-25 23:52:17,070 [info]: Sendkeys on By.xpath: //textarea[@name='issueDescription'] with value voiSN2RVAWzAu2pILv3f
2024-07-25 23:52:17,407 [info]: Sendkeys on By.xpath: //label[@class='contact-tile__searchbox-label']/following::input[1] with value Amandeep Singh
2024-07-25 23:52:17,411 [info]: GetText fromBy.cssSelector: div.table__pagination-summary label:nth-child(1)
2024-07-25 23:52:17,543 [info]: Click By JS By.cssSelector: div.agencies-listing__filter button:nth-child(3)
Test Failed: CCP_OpenViolationWithEntityPopup
2024-07-25 23:52:18,714 [info]: Scroll Into View By.xpath: //button[text()='Create Notification']
2024-07-25 23:52:18,946 [info]: Click By JS By.xpath: //button[text()='Create Notification']
2024-07-25 23:52:19,571 [info]: Sendkeys on By.id: okta-signin-password with value Hello@1234
2024-07-25 23:52:19,899 [info]: Clicked on By.id: okta-signin-submit
2024-07-25 23:52:19,964 [info]: Clicked on By.xpath: (//div[@class='react-autosuggest__suggestion-element']/div)
2024-07-25 23:52:20,120 [info]: Get Attribute value from By.xpath: //input[@name='phoneNumber']
2024-07-25 23:52:20,230 [info]: Scroll Into View failed.
2024-07-25 23:52:20,254 [info]: Get Attribute value from By.xpath: //*[@name='email']
2024-07-25 23:52:20,389 [info]: Sendkeys on By.xpath: //*[@placeholder='Filter by name or email'] with value Role37343SupervisorManager
2024-07-25 23:52:20,588 [info]: Sendkeys on By.xpath: //div[@class='tags-input__chips']/input with value MqR8,
2024-07-25 23:52:20,763 [info]: Sendkeys on By.xpath: //div[@class='tags-input__chips']/input with value 6Unr,
2024-07-25 23:52:20,942 [info]: Sendkeys on By.xpath: //div[@class='tags-input__chips']/input with value RMIN,
2024-07-25 23:52:21,154 [info]: Sendkeys on By.xpath: //div[@class='tags-input__chips']/input with value yYeI,
2024-07-25 23:52:21,218 [info]: Clicked on By.xpath: //label[@title='Action']//parent::div//parent::div//span[@class='Select-arrow']
2024-07-25 23:52:21,332 [info]: Sendkeys on By.xpath: //div[@class='tags-input__chips']/input with value EI0m,
2024-07-25 23:52:21,433 [info]: Clicked on By.xpath: //div[@class='Select-menu-outer']//div[@aria-label='Code Case Management']
2024-07-25 23:52:21,752 [info]: Sendkeys on By.xpath: //div[@class='location-tile__inputs-container']//input with value TEXAS CITY Museum
2024-07-25 23:52:21,892 [info]: Scroll Into View By.xpath: //div/button[text()='Create Case']
2024-07-25 23:52:22,165 [info]: Clicked on By.xpath: //ul[@class='dropdown__options--single']//li//b
2024-07-25 23:52:22,303 [info]: Clicked on By.xpath: //div/button[text()='Create Case']
0
Test Passed: VerifyUserIsAbleToAssignRoleSupervisorManager
]]></system-out>
    <system-err><![CDATA[org.openqa.selenium.TimeoutException: Expected condition failed: waiting for visibility of element located by By.id: okta-signin-username (tried for 60 second(s) with 1000 milliseconds interval)
Build info: version: '4.11.0', revision: '040bc5406b'
System info: os.name: 'Windows 11', os.arch: 'amd64', os.version: '10.0', java.version: '18.0.2.1'
Driver info: driver.version: unknown
	at org.openqa.selenium.support.ui.FluentWait.timeoutException(FluentWait.java:262)
	at org.openqa.selenium.support.ui.FluentWait.until(FluentWait.java:230)
	at CommonMethods.Helper.waitUntilElementIsVisible(Helper.java:148)
	at POM.LoginUtility.LoginAgencyUser(LoginUtility.java:1132)
	at POM.LoginUtility.loginBasicSupervisor_QAProdStage(LoginUtility.java:1241)
	at POM.CDP_Utility.VerifyApproveNoticeAppearBasicSupervisor(CDP_Utility.java:1240)
	at TestCases.EscalatedNoticesCDP.EscalatedNoticesCDP_VerifyApproveNoticeAppearBasicSupervisor(EscalatedNoticesCDP.java:51)
	at java.base/jdk.internal.reflect.DirectMethodHandleAccessor.invoke(DirectMethodHandleAccessor.java:104)
	at java.base/java.lang.reflect.Method.invoke(Method.java:577)
	at org.testng.internal.invokers.MethodInvocationHelper.invokeMethod(MethodInvocationHelper.java:135)
	at org.testng.internal.invokers.TestInvoker.invokeMethod(TestInvoker.java:673)
	at org.testng.internal.invokers.TestInvoker.invokeTestMethod(TestInvoker.java:220)
	at org.testng.internal.invokers.MethodRunner.runInSequence(MethodRunner.java:50)
	at org.testng.internal.invokers.TestInvoker$MethodInvocationAgent.invoke(TestInvoker.java:945)
	at org.testng.internal.invokers.TestInvoker.invokeTestMethods(TestInvoker.java:193)
	at org.testng.internal.invokers.TestMethodWorker.invokeTestMethods(TestMethodWorker.java:146)
	at org.testng.internal.invokers.TestMethodWorker.run(TestMethodWorker.java:128)
	at java.base/java.util.concurrent.ThreadPoolExecutor.runWorker(ThreadPoolExecutor.java:1136)
	at java.base/java.util.concurrent.ThreadPoolExecutor$Worker.run(ThreadPoolExecutor.java:635)
	at java.base/java.lang.Thread.run(Thread.java:833)
org.openqa.selenium.TimeoutException: Expected condition failed: waiting for element to no longer be visible: By.xpath: //div[text()='Submission Received']//following::button[1] (tried for 60 second(s) with 1000 milliseconds interval)
Build info: version: '4.11.0', revision: '040bc5406b'
System info: os.name: 'Windows 11', os.arch: 'amd64', os.version: '10.0', java.version: '18.0.2.1'
Driver info: driver.version: unknown
	at org.openqa.selenium.support.ui.FluentWait.timeoutException(FluentWait.java:262)
	at org.openqa.selenium.support.ui.FluentWait.until(FluentWait.java:230)
	at CommonMethods.Helper.waitUntilElementInvisibleLocated(Helper.java:237)
	at POM.SubmissionAssignmentUtility.SubmissionAssignmentBaseOnAddedRule(SubmissionAssignmentUtility.java:371)
	at TestCases.SubmissionAssignment.SubmissionAssignmentBaseOnAddedRule(SubmissionAssignment.java:81)
	at java.base/jdk.internal.reflect.DirectMethodHandleAccessor.invoke(DirectMethodHandleAccessor.java:104)
	at java.base/java.lang.reflect.Method.invoke(Method.java:577)
	at org.testng.internal.invokers.MethodInvocationHelper.invokeMethod(MethodInvocationHelper.java:135)
	at org.testng.internal.invokers.TestInvoker.invokeMethod(TestInvoker.java:673)
	at org.testng.internal.invokers.TestInvoker.invokeTestMethod(TestInvoker.java:220)
	at org.testng.internal.invokers.MethodRunner.runInSequence(MethodRunner.java:50)
	at org.testng.internal.invokers.TestInvoker$MethodInvocationAgent.invoke(TestInvoker.java:945)
	at org.testng.internal.invokers.TestInvoker.invokeTestMethods(TestInvoker.java:193)
	at org.testng.internal.invokers.TestMethodWorker.invokeTestMethods(TestMethodWorker.java:146)
	at org.testng.internal.invokers.TestMethodWorker.run(TestMethodWorker.java:128)
	at java.base/java.util.concurrent.ThreadPoolExecutor.runWorker(ThreadPoolExecutor.java:1136)
	at java.base/java.util.concurrent.ThreadPoolExecutor$Worker.run(ThreadPoolExecutor.java:635)
	at java.base/java.lang.Thread.run(Thread.java:833)
org.openqa.selenium.TimeoutException: Expected condition failed: waiting for visibility of element located by By.xpath: //h2[contains(text(),'Active')]//parent::div//button (tried for 60 second(s) with 1000 milliseconds interval)
Build info: version: '4.11.0', revision: '040bc5406b'
System info: os.name: 'Windows 11', os.arch: 'amd64', os.version: '10.0', java.version: '18.0.2.1'
Driver info: driver.version: unknown
	at org.openqa.selenium.support.ui.FluentWait.timeoutException(FluentWait.java:262)
	at org.openqa.selenium.support.ui.FluentWait.until(FluentWait.java:230)
	at CommonMethods.Helper.waitUntilElementIsVisible(Helper.java:148)
	at POM.TemplateManagementUtility.TemplateMangement_VerifyValidationsOnCreateTemplatePOpup(TemplateManagementUtility.java:162)
	at TestCases.TemplateManagement.TemplateMangement_VerifyValidationsOnCreateTemplatePOpup(TemplateManagement.java:51)
	at java.base/jdk.internal.reflect.DirectMethodHandleAccessor.invoke(DirectMethodHandleAccessor.java:104)
	at java.base/java.lang.reflect.Method.invoke(Method.java:577)
	at org.testng.internal.invokers.MethodInvocationHelper.invokeMethod(MethodInvocationHelper.java:135)
	at org.testng.internal.invokers.TestInvoker.invokeMethod(TestInvoker.java:673)
	at org.testng.internal.invokers.TestInvoker.invokeTestMethod(TestInvoker.java:220)
	at org.testng.internal.invokers.MethodRunner.runInSequence(MethodRunner.java:50)
	at org.testng.internal.invokers.TestInvoker$MethodInvocationAgent.invoke(TestInvoker.java:945)
	at org.testng.internal.invokers.TestInvoker.invokeTestMethods(TestInvoker.java:193)
	at org.testng.internal.invokers.TestMethodWorker.invokeTestMethods(TestMethodWorker.java:146)
	at org.testng.internal.invokers.TestMethodWorker.run(TestMethodWorker.java:128)
	at java.base/java.util.concurrent.ThreadPoolExecutor.runWorker(ThreadPoolExecutor.java:1136)
	at java.base/java.util.concurrent.ThreadPoolExecutor$Worker.run(ThreadPoolExecutor.java:635)
	at java.base/java.lang.Thread.run(Thread.java:833)
org.openqa.selenium.NoSuchElementException: no such element: Unable to locate element: {"method":"xpath","selector":"//h2[contains(text(),'Active')]//parent::div//button"}
  (Session info: chrome=115.0.5790.170)
For documentation on this error, please visit: https://www.selenium.dev/documentation/webdriver/troubleshooting/errors#no-such-element-exception
Build info: version: '4.11.0', revision: '040bc5406b'
System info: os.name: 'Windows 11', os.arch: 'amd64', os.version: '10.0', java.version: '18.0.2.1'
Driver info: org.openqa.selenium.chrome.ChromeDriver
Command: [ce5a891fc7051da9189a266828f63841, findElement {using=xpath, value=//h2[contains(text(),'Active')]//parent::div//button}]
Capabilities {acceptInsecureCerts: false, browserName: chrome, browserVersion: 115.0.5790.170, chrome: {chromedriverVersion: 115.0.5790.170 (cc0d30c2ca5..., userDataDir: C:\Users\SQELAB~1\AppData\L...}, goog:chromeOptions: {debuggerAddress: localhost:51036}, networkConnectionEnabled: false, pageLoadStrategy: normal, platformName: windows, proxy: Proxy(), se:cdp: ws://localhost:51036/devtoo..., se:cdpVersion: 115.0.5790.170, setWindowRect: true, strictFileInteractability: false, timeouts: {implicit: 0, pageLoad: 300000, script: 30000}, unhandledPromptBehavior: dismiss and notify, webauthn:extension:credBlob: true, webauthn:extension:largeBlob: true, webauthn:extension:minPinLength: true, webauthn:extension:prf: true, webauthn:virtualAuthenticators: true}
Session ID: ce5a891fc7051da9189a266828f63841
	at java.base/jdk.internal.reflect.DirectConstructorHandleAccessor.newInstance(DirectConstructorHandleAccessor.java:67)
	at java.base/java.lang.reflect.Constructor.newInstanceWithCaller(Constructor.java:499)
	at java.base/java.lang.reflect.Constructor.newInstance(Constructor.java:483)
	at org.openqa.selenium.remote.codec.w3c.W3CHttpResponseCodec.createException(W3CHttpResponseCodec.java:200)
	at org.openqa.selenium.remote.codec.w3c.W3CHttpResponseCodec.decode(W3CHttpResponseCodec.java:133)
	at org.openqa.selenium.remote.codec.w3c.W3CHttpResponseCodec.decode(W3CHttpResponseCodec.java:52)
	at org.openqa.selenium.remote.HttpCommandExecutor.execute(HttpCommandExecutor.java:191)
	at org.openqa.selenium.remote.service.DriverCommandExecutor.invokeExecute(DriverCommandExecutor.java:196)
	at org.openqa.selenium.remote.service.DriverCommandExecutor.execute(DriverCommandExecutor.java:171)
	at org.openqa.selenium.remote.RemoteWebDriver.execute(RemoteWebDriver.java:518)
	at org.openqa.selenium.remote.ElementLocation$ElementFinder$2.findElement(ElementLocation.java:165)
	at org.openqa.selenium.remote.ElementLocation.findElement(ElementLocation.java:59)
	at org.openqa.selenium.remote.RemoteWebDriver.findElement(RemoteWebDriver.java:355)
	at org.openqa.selenium.remote.RemoteWebDriver.findElement(RemoteWebDriver.java:349)
	at CommonMethods.Helper.scrollIntoView(Helper.java:467)
	at POM.TemplateManagementUtility.TemplateMangement_VerifyValidationsOnCreateTemplatePOpup(TemplateManagementUtility.java:163)
	at TestCases.TemplateManagement.TemplateMangement_VerifyValidationsOnCreateTemplatePOpup(TemplateManagement.java:51)
	at java.base/jdk.internal.reflect.DirectMethodHandleAccessor.invoke(DirectMethodHandleAccessor.java:104)
	at java.base/java.lang.reflect.Method.invoke(Method.java:577)
	at org.testng.internal.invokers.MethodInvocationHelper.invokeMethod(MethodInvocationHelper.java:135)
	at org.testng.internal.invokers.TestInvoker.invokeMethod(TestInvoker.java:673)
	at org.testng.internal.invokers.TestInvoker.invokeTestMethod(TestInvoker.java:220)
	at org.testng.internal.invokers.MethodRunner.runInSequence(MethodRunner.java:50)
	at org.testng.internal.invokers.TestInvoker$MethodInvocationAgent.invoke(TestInvoker.java:945)
	at org.testng.internal.invokers.TestInvoker.invokeTestMethods(TestInvoker.java:193)
	at org.testng.internal.invokers.TestMethodWorker.invokeTestMethods(TestMethodWorker.java:146)
	at org.testng.internal.invokers.TestMethodWorker.run(TestMethodWorker.java:128)
	at java.base/java.util.concurrent.ThreadPoolExecutor.runWorker(ThreadPoolExecutor.java:1136)
	at java.base/java.util.concurrent.ThreadPoolExecutor$Worker.run(ThreadPoolExecutor.java:635)
	at java.base/java.lang.Thread.run(Thread.java:833)
]]></system-err>
  </testcase>
  <testcase name="VerifyUserIsAbleToCreateGrpWith1BasicSupervisor" classname="TestCases.BasicSupervisor" time="8.14">
    <system-out><![CDATA[2024-07-25 23:52:27,052 [info]: Clicked on By.xpath: //label[@title='Attribute']/following::div[@class='Select-placeholder'][1]
2024-07-25 23:52:27,490 [info]: Clicked on By.xpath: //a[text()='Agencies']
2024-07-25 23:52:27,655 [info]: Clicked on By.xpath: //div[text()='Submission Category']
2024-07-25 23:52:27,671 [info]: GetText fromBy.xpath: //div[@class='app-header__user-name']/label
2024-07-25 23:52:27,723 [info]: Sendkeys on By.xpath: //div[@class='field__input row']/input[@placeholder='Enter Text'] with value GroupWithBasicSupervisor44572
2024-07-25 23:52:27,773 [info]: Scroll Into View By.xpath: //div[@class='dropdown__selector__selected']/label
2024-07-25 23:52:27,813 [info]: Click By JS By.xpath: //div[@class='dropdown__selector__selected']/label
2024-07-25 23:52:27,967 [info]: Scroll Into View By.xpath: //button[text()='Add']
2024-07-25 23:52:27,967 [info]: Clicked on By.xpath: //label[@title='Attribute']/following::div[@class='Select-placeholder'][1]
2024-07-25 23:52:28,353 [info]: Clicked on By.xpath: //div[text()='Equals']
2024-07-25 23:52:28,671 [info]: Clicked on By.xpath: //label[@title='Attribute']/following::div[@class='Select-placeholder'][1]
2024-07-25 23:52:28,774 [info]: Scroll Into View By.xpath: //div[text()='Location Required']
2024-07-25 23:52:28,791 [info]: Clicked on By.xpath: //button[text()='Add']
2024-07-25 23:52:28,928 [info]: Scroll Into View By.xpath: //span[@class='agencies-listing__search']/input
2024-07-25 23:52:29,089 [info]: Clicked on By.xpath: //div[text()='Location Required']
2024-07-25 23:52:29,205 [info]: Scroll Into View By.xpath: //label[@for='assignee']/following::label[1]
2024-07-25 23:52:29,243 [info]: Scroll Into View By.xpath: //button[text()='Add']
2024-07-25 23:52:29,412 [info]: Sendkeys on By.xpath: //*[@name='query'] with value Basic Supervisor
2024-07-25 23:52:29,463 [info]: Clicked on By.xpath: //button[text()='Add']
2024-07-25 23:52:29,516 [info]: Clicked on By.xpath: //label[@for='assignee']/following::label[1]
2024-07-25 23:52:29,670 [info]: Click By JS By.xpath: //button[text()='Add Rule']
case id is 24-1834
2024-07-25 23:52:29,792 [info]: Scroll Into View By.xpath: //a[text()='Cases']
2024-07-25 23:52:29,918 [info]: Click By JS By.xpath: //a[text()='Cases']
2024-07-25 23:52:30,012 [info]: Scroll Into View By.xpath: //button[text()='Create Submission']
2024-07-25 23:52:30,118 [info]: Click By JS By.xpath: //button[text()='Create Submission']
2024-07-25 23:52:30,127 [info]: Sendkeys on By.xpath: //div[@id='assignee']//input[@placeholder='Search...'][@name='query'] with value Mark Shane
2024-07-25 23:52:30,347 [info]: Sendkeys on By.xpath: //span[@class='agencies-listing__search']/input with value NAVA_qFjSQylV
2024-07-25 23:52:30,498 [info]: Clicked on By.xpath: //div[@id='assignee']//ul//li//span//b
2024-07-25 23:52:30,612 [info]: Scroll Into View By.xpath: //button[text()='Create Submission']
2024-07-25 23:52:30,692 [info]: Click By JS By.xpath: //button[text()='Create Submission']
2024-07-25 23:52:30,832 [info]: Scroll Into View By.xpath: //a[text()='Add Criteria']
2024-07-25 23:52:30,914 [info]: Click By JS By.xpath: //a[text()='Add Criteria']
2024-07-25 23:52:30,984 [info]: Scroll Into View By.xpath: //button[text()='Submit Anyway']
2024-07-25 23:52:31,039 [info]: Clicked on By.xpath: //label[@for='collaborators']/following::label[1]
2024-07-25 23:52:31,112 [info]: Click By JS By.xpath: //button[text()='Submit Anyway']
2024-07-25 23:52:31,146 [info]: Clicked on By.xpath: (//label[@title='Attribute']//parent::div//parent::div//span[@class='Select-arrow-zone'])[1]
2024-07-25 23:52:31,351 [info]: Clicked on By.xpath: //div[@class='Select-menu-outer']//div[@aria-label='Case Assignee']
2024-07-25 23:52:31,550 [info]: GetText fromBy.xpath: (//div[@role='grid']//div[@role='gridcell'])[1]
Agency Details

Created Agency : 475
Agency Name : NAVA_qFjSQylV
Agency Details

2024-07-25 23:52:31,579 [info]: Clicked on By.xpath: (//label[@title='Operator']//parent::div//parent::div//span[@class='Select-arrow'])[1]
2024-07-25 23:52:31,584 [info]: Scroll Into View By.xpath: //div[@class='agencies-listing__agency-actions']/button[2]
2024-07-25 23:52:31,599 [info]: Move to element and Click on [[ChromeDriver: chrome on windows (2dbf5389ac4ceff2ed6474b658e50e71)] -> xpath: //span//b[text()='Basic Supervisor']]
2024-07-25 23:52:31,652 [info]: Click By JS By.xpath: //button[text()='Apply']
2024-07-25 23:52:31,714 [info]: Scroll Into View By.xpath: //button[text()='Create Group']
2024-07-25 23:52:31,725 [info]: Click By JS By.xpath: //div[@class='agencies-listing__agency-actions']/button[2]
1
2024-07-25 23:52:31,764 [info]: Click By JS By.xpath: //button[text()='Create Group']
2024-07-25 23:52:31,796 [info]: Clicked on By.xpath: //div[@class='Select-menu-outer']//div[@aria-label='Equals']
2024-07-25 23:52:31,873 [info]: Clicked on By.xpath: //button[text()='Perform Inspection']
2024-07-25 23:52:31,966 [info]: Clicked on By.xpath: (//label[@title='Value']//parent::div//parent::div//span[@class='Select-arrow'])[1]
2024-07-25 23:52:31,989 [info]: Scroll Into View By.xpath: //button[text()='Create & Perform Inspection']
2024-07-25 23:52:32,149 [info]: Clicked on By.xpath: //div[@class='Select-menu-outer']//div[@aria-label='Logged In User']
2024-07-25 23:52:32,215 [info]: Clicked on By.xpath: //button[text()='Create & Perform Inspection']
2024-07-25 23:52:32,331 [info]: Clicked on By.xpath: (//label[@title='Attribute']//parent::div//parent::div//span[@class='Select-arrow-zone'])[2]
2024-07-25 23:52:32,544 [info]: Clicked on By.xpath: //div[@class='Select-menu-outer']//div[@aria-label='Case Notification']
2024-07-25 23:52:32,740 [info]: Clicked on By.xpath: (//label[@title='Operator']//parent::div//parent::div//span[@class='Select-arrow'])[2]
2024-07-25 23:52:32,785 [info]: Sendkeys on By.xpath: //div[@id='collaborators']//input[@placeholder='Search...'][@name='query'] with value Amandeep Singh
2024-07-25 23:52:32,920 [info]: Click By JS By.xpath: //input[@name='Amandeep Singh']//parent::span//label
2024-07-25 23:52:32,946 [info]: Clicked on By.xpath: //div[@class='Select-menu-outer']//div[@aria-label='Equals']
2024-07-25 23:52:33,197 [info]: Clicked on By.xpath: (//label[@title='Value']//parent::div//parent::div//span[@class='Select-arrow'])[2]
2024-07-25 23:52:33,366 [info]: Clicked on By.xpath: //div[@class='Select-menu-outer']//div[@aria-label='Inspection Assigned']
2024-07-25 23:52:33,393 [info]: Scroll Into View By.xpath: //a[text()='Add Delivery option']
2024-07-25 23:52:33,470 [info]: Click By JS By.xpath: //a[text()='Add Delivery option']
2024-07-25 23:52:33,494 [info]: Scroll Into View By.xpath: //a[text()='Add Delivery option']
2024-07-25 23:52:33,572 [info]: Click By JS By.xpath: //a[text()='Add Delivery option']
2024-07-25 23:52:33,710 [info]: Clicked on By.xpath: //button[text()='Create Rule']
2024-07-25 23:52:33,776 [info]: Clicked on By.xpath: (//label[@title='Send Options']//parent::div//parent::div//span[@class='Select-arrow'])[1]
2
2024-07-25 23:52:34,098 [info]: Clicked on By.xpath: //div[@class='Select-menu-outer']//div[@aria-label='Send To']
2024-07-25 23:52:34,293 [info]: Clicked on By.xpath: (//label[@title='Use Email Template']//parent::div//parent::div//span[@class='Select-arrow'])[1]
2024-07-25 23:52:34,493 [info]: Clicked on By.xpath: //div[@class='Select-menu-outer']//div[@aria-label='Submission Created']
2024-07-25 23:52:34,700 [info]: Clicked on By.xpath: (//label[@title='Send Options']//parent::div//parent::div//span[@class='Select-arrow'])[2]
Test Passed: VerifyUserIsAbleToCreateGrpWith1BasicSupervisor
]]></system-out>
  </testcase>
  <testcase name="VerifyUserIsAbleToCreateGrpWith1SupervisorManager" classname="TestCases.BasicSupervisor" time="1.199">
    <system-out><![CDATA[2024-07-25 23:52:50,276 [info]: Scroll Into View By.xpath: //div[@class='flex-row--center']/button[text()='Cancel']
2024-07-25 23:52:50,488 [info]: Clicked on By.xpath: //label[@title='Attribute']/following::div[@class='Select-placeholder'][1]
2024-07-25 23:52:50,511 [info]: GetText fromBy.xpath: //div[@class='modal-header']
2024-07-25 23:52:50,565 [info]: Clicked on By.xpath: //div[@class='flex-row--center']/button[text()='Cancel']
2024-07-25 23:52:50,618 [info]: Scroll Into View By.xpath: //div[text()='Location Not Included']
2024-07-25 23:52:50,849 [info]: Sendkeys on By.xpath: //input[@name='label'] with value HmkvqK
2024-07-25 23:52:50,870 [info]: Clicked on By.xpath: //div[text()='Location Not Included']
2024-07-25 23:52:50,967 [info]: Scroll Into View By.xpath: //label[@for='assignee']/following::label[1]
2024-07-25 23:52:51,065 [info]: Scroll Into View By.xpath: //h2[contains(text(),'Active')]
2024-07-25 23:52:51,127 [info]: GetText fromBy.xpath: //h2[contains(text(),'Active')]
2024-07-25 23:52:51,137 [info]: Click By JS By.xpath: //button[text()='Create Map Layer']
2024-07-25 23:52:51,247 [info]: Clicked on By.xpath: //label[@for='assignee']/following::label[1]
2024-07-25 23:52:51,291 [info]: Scroll Into View By.xpath: (//div[@class='pagination-bottom']//button)[2]
GroupWithSupervisorManager65123
Test Passed: VerifyUserIsAbleToCreateGrpWith1SupervisorManager
]]></system-out>
  </testcase>
  <testcase name="LoginAgency" classname="TestCases.VSFineLinkedToNotices" time="9.256">
    <system-out><![CDATA[2024-07-25 23:48:43,498 [info]: Clicked on By.id: okta-signin-submit
2024-07-25 23:48:43,692 [info]: Clicked on By.xpath: //button[text()='Add Code Enforcement']
2024-07-25 23:48:43,729 [info]: Clicked on By.id: okta-signin-submit
2024-07-25 23:48:43,758 [info]: GetText fromBy.xpath: //div[@class='product-form__info']//span
2024-07-25 23:48:44,143 [info]: Clicked on By.id: okta-signin-submit
2024-07-25 23:48:45,666 [info]: Sendkeys on By.xpath: //div[@class='product-form__info']//input with value OLXoclZjgeUoOqCivyeoq
2024-07-25 23:48:46,034 [info]: Clicked on By.xpath: //button[text()='Add Code Enforcement']
2024-07-25 23:48:46,268 [info]: GetText fromBy.xpath: //div[@class='product-form__info']//span
Current IST time: 2024-07-25 23:48:49
2024-07-25 23:48:49,677 [info]: Timestamp 2024-07-25 23:48:49
Current IST time: 2024-07-25 23:48:51
2024-07-25 23:48:51,636 [info]: Timestamp 2024-07-25 23:48:51
2024-07-25 23:48:52,580 [info]: Sendkeys on By.id: idp-discovery-username with value MarkShane123@yopmail.com
2024-07-25 23:48:52,617 [info]: GetText fromBy.xpath: //div[@class='app-header__user-name']/label
Test Passed: LoginAgency
]]></system-out>
  </testcase>
  <testcase name="verifyValidationMessageForAssociateNoticeAndFADocumentField" classname="TestCases.VSFineLinkedToNotices" time="1.821">
    <system-out><![CDATA[2024-07-25 23:50:12,365 [info]: Click By JS By.xpath: //div[@id='violation-tile']/div[2]/div/div[2]/button
2024-07-25 23:50:12,392 [info]: Click By JS By.xpath: //div/input[@placeholder='Start typing name of violation, article number or issue description']
2024-07-25 23:50:12,420 [info]: Scroll Into View By.xpath: //div/input[@placeholder='Start typing name of violation, article number or issue description']
2024-07-25 23:50:12,563 [info]: Sendkeys on By.xpath: //h5[text()='Assign Inspection To']//parent::div//input[@placeholder='Start typing name of the assignee'] with value Mark Shane
2024-07-25 23:50:12,643 [info]: Sendkeys on By.xpath: //div/input[@placeholder='Start typing name of violation, article number or issue description'] with value Wa
2024-07-25 23:50:12,909 [info]: Clicked on By.xpath: //div[@class='react-autosuggest__suggestion-element']//b
Test Failed: CCP_AddViolationWithoutEntity
no of fines on page 10
UpdatedFine Without NoticebHmkk
9Nmh6ViolationSpecific
2024-07-25 23:50:14,138 [info]: Clicked on By.xpath: //h5[text()='Assign Inspection To']//parent::div//span[@class='dropdown__arrow']
UpdatedFine Without NoticeSkPbJ
UpdatedFine Without NoticexVqmL
4qoPCViolationSpecific
fBu6sViolationSpecific
UpdatedFine Without NoticetykSm
qbixpViolationSpecific
UpdatedFine Without NoticeMjEHc
qx3W2ViolationSpecific
2024-07-25 23:50:14,426 [info]: Click By JS By.xpath: //div[@class='table__pagination-nav-btns']/button[2]
2024-07-25 23:50:14,507 [info]: Clicked on By.xpath: //div[@class='modal-footer']//button[2]
2024-07-25 23:50:15,446 [info]: Scroll Into View By.xpath: //div/button[text()='Create Case']
2024-07-25 23:50:15,849 [info]: Clicked on By.xpath: //div/button[text()='Create Case']
2024-07-25 23:50:16,891 [info]: Clicked on By.xpath: //div/input[@placeholder='Start typing name of violation, article number or issue description']
2024-07-25 23:50:17,048 [info]: Sendkeys on By.xpath: //div/input[@placeholder='Start typing name of violation, article number or issue description'] with value An
2024-07-25 23:50:17,119 [info]: Click By JS By.xpath: //*[@class='checkbox-holder']/input
2024-07-25 23:50:17,481 [info]: Move to element and Click on [[ChromeDriver: chrome on windows (347b60e6bf7773e3a772c9359cf2ff4a)] -> xpath: //button[text()='Apply']]
no of fines on page 10
Fine Without NoticeycrAy
tRuBQViolationSpecific
UpdatedFine Without NoticetYxHm
2024-07-25 23:50:17,578 [info]: Click By JS By.xpath: //div[text()='Create Fine'][@class='modal-header']//parent::div//button[text()='Create Fine']
UpdatedFine Without NoticeugfmK
mKVKFViolationSpecific
UpdatedFine Without NoticeHCabv
AYa4GViolationSpecific
UpdatedFine Without NoticeLGAoM
2024-07-25 23:50:17,732 [info]: Click By JS By.xpath: //button[text()='Cancel']
Test Passed: verifyValidationMessageForAssociateNoticeAndFADocumentField
]]></system-out>
    <system-err><![CDATA[org.openqa.selenium.TimeoutException: Expected condition failed: waiting for element to be clickable: By.xpath: //*[@class='checkbox-holder']/input (tried for 60 second(s) with 1000 milliseconds interval)
Build info: version: '4.11.0', revision: '040bc5406b'
System info: os.name: 'Windows 11', os.arch: 'amd64', os.version: '10.0', java.version: '18.0.2.1'
Driver info: driver.version: unknown
	at org.openqa.selenium.support.ui.FluentWait.timeoutException(FluentWait.java:262)
	at org.openqa.selenium.support.ui.FluentWait.until(FluentWait.java:230)
	at CommonMethods.Helper.waitForElementIsInteractable(Helper.java:199)
	at POM.FinesUtility.selectValueInAssociatedViolationDropdown(FinesUtility.java:799)
	at TestCases.VSFineLinkedToNotices.verifyValidationMessageForAssociateNoticeAndFADocumentField(VSFineLinkedToNotices.java:41)
	at java.base/jdk.internal.reflect.DirectMethodHandleAccessor.invoke(DirectMethodHandleAccessor.java:104)
	at java.base/java.lang.reflect.Method.invoke(Method.java:577)
	at org.testng.internal.invokers.MethodInvocationHelper.invokeMethod(MethodInvocationHelper.java:135)
	at org.testng.internal.invokers.TestInvoker.invokeMethod(TestInvoker.java:673)
	at org.testng.internal.invokers.TestInvoker.invokeTestMethod(TestInvoker.java:220)
	at org.testng.internal.invokers.MethodRunner.runInSequence(MethodRunner.java:50)
	at org.testng.internal.invokers.TestInvoker$MethodInvocationAgent.invoke(TestInvoker.java:945)
	at org.testng.internal.invokers.TestInvoker.invokeTestMethods(TestInvoker.java:193)
	at org.testng.internal.invokers.TestMethodWorker.invokeTestMethods(TestMethodWorker.java:146)
	at org.testng.internal.invokers.TestMethodWorker.run(TestMethodWorker.java:128)
	at java.base/java.util.concurrent.ThreadPoolExecutor.runWorker(ThreadPoolExecutor.java:1136)
	at java.base/java.util.concurrent.ThreadPoolExecutor$Worker.run(ThreadPoolExecutor.java:635)
	at java.base/java.lang.Thread.run(Thread.java:833)
]]></system-err>
  </testcase>
  <testcase name="verifyVSFineLinkedToViolation_AmountIsDisplayedOnPI" classname="TestCases.VSFineLinkedToNotices" time="0.09">
    <system-out><![CDATA[2024-07-25 23:54:17,176 [info]: Sendkeys on By.xpath: //input[@name='query'] with value Location Not Required
2024-07-25 23:54:18,213 [info]: Get Attribute value from By.xpath: //*[@name='amount']
100.00
Test Passed: verifyVSFineLinkedToViolation_AmountIsDisplayedOnPI
]]></system-out>
  </testcase>
  <testcase name="verifyUserIsAbleToEditVSFineLinkedToViolationsOnPI" classname="TestCases.VSFineLinkedToNotices" time="3.224">
    <system-out><![CDATA[2024-07-25 23:54:19,802 [info]: Click By JS By.xpath: (//input[@name='billableContact'])[2]
2024-07-25 23:54:21,161 [info]: Clicked on By.xpath: //label[@title='Attribute']//parent::div//parent::div//span[@class='Select-arrow-zone']
2024-07-25 23:54:21,316 [info]: Clicked on By.xpath: //div[@class='Select-menu-outer']//div[@aria-label='Approval Status']
2024-07-25 23:54:21,520 [info]: Clicked on By.xpath: //label[@title='Operator']//parent::div//parent::div//span[@class='Select-arrow']
2024-07-25 23:54:21,691 [info]: Clicked on By.xpath: //div[@class='Select-menu-outer']//div[@aria-label='Equals']
2024-07-25 23:54:21,856 [info]: Move to element and Click on [[ChromeDriver: chrome on windows (347b60e6bf7773e3a772c9359cf2ff4a)] -> xpath: //*[@name='amount']]
2024-07-25 23:54:21,874 [info]: Clicked on By.xpath: //label[@title='Value']//parent::div//parent::div//span[@class='Select-arrow']
2024-07-25 23:54:22,103 [info]: Click By JS By.xpath: //ul[@class='picklist-with-handler__picklist-section multi-picklist']//label[@for='all']
2024-07-25 23:54:22,160 [info]: Scroll Into View By.xpath: //a[text()='Add Delivery option']
2024-07-25 23:54:22,294 [info]: Click By JS By.xpath: //a[text()='Add Delivery option']
2024-07-25 23:54:22,397 [info]: Sendkeys on By.xpath: //*[@name='amount'] with value 20000
2024-07-25 23:54:22,450 [info]: Clicked on By.xpath: //ul[@class='dropdown__options--single']//li//b
2024-07-25 23:54:22,527 [info]: Clicked on By.xpath: (//label[@title='Send Options']//parent::div//parent::div//span[@class='Select-arrow'])[1]
2024-07-25 23:54:22,532 [info]: Get Attribute value from By.xpath: //*[@name='amount']
Test Passed: verifyUserIsAbleToEditVSFineLinkedToViolationsOnPI
]]></system-out>
  </testcase>
  <testcase name="verifyDoNotIssueTheFineCheckboxIsDisplayed" classname="TestCases.VSFineLinkedToNotices" time="2.124">
    <system-out><![CDATA[2024-07-25 23:55:21,851 [info]: Click By JS By.xpath: //*[@class='view-details']
2024-07-25 23:55:22,678 [info]: Scroll Into View By.cssSelector: #header div.app-header__new
2024-07-25 23:55:22,795 [info]: Click By JS By.cssSelector: #header div.app-header__new
2024-07-25 23:55:23,180 [info]: Click By JS By.xpath: //*[@class='checkbox-holder checkbox-holder--radio col-md-12']//*[@type='checkbox']
true
2024-07-25 23:55:23,450 [info]: Click By JS By.xpath: //*[@class='checkbox-holder checkbox-holder--radio col-md-12']//*[@type='checkbox']
Test Passed: verifyDoNotIssueTheFineCheckboxIsDisplayed
]]></system-out>
    <system-err><![CDATA[org.openqa.selenium.TimeoutException: Expected condition failed: waiting for element to be clickable: By.xpath: //*[@class='checkbox-holder checkbox-holder--radio col-md-12']//*[@type='checkbox'] (tried for 60 second(s) with 1000 milliseconds interval)
Build info: version: '4.11.0', revision: '040bc5406b'
System info: os.name: 'Windows 11', os.arch: 'amd64', os.version: '10.0', java.version: '18.0.2.1'
Driver info: driver.version: unknown
	at org.openqa.selenium.support.ui.FluentWait.timeoutException(FluentWait.java:262)
	at org.openqa.selenium.support.ui.FluentWait.until(FluentWait.java:230)
	at CommonMethods.Helper.waitForElementIsInteractable(Helper.java:199)
	at POM.FinesUtility.verifyDoNotIssueFineCheckboxDisplayed(FinesUtility.java:271)
	at TestCases.VSFineLinkedToNotices.verifyDoNotIssueTheFineCheckboxIsDisplayed(VSFineLinkedToNotices.java:71)
	at java.base/jdk.internal.reflect.DirectMethodHandleAccessor.invoke(DirectMethodHandleAccessor.java:104)
	at java.base/java.lang.reflect.Method.invoke(Method.java:577)
	at org.testng.internal.invokers.MethodInvocationHelper.invokeMethod(MethodInvocationHelper.java:135)
	at org.testng.internal.invokers.TestInvoker.invokeMethod(TestInvoker.java:673)
	at org.testng.internal.invokers.TestInvoker.invokeTestMethod(TestInvoker.java:220)
	at org.testng.internal.invokers.MethodRunner.runInSequence(MethodRunner.java:50)
	at org.testng.internal.invokers.TestInvoker$MethodInvocationAgent.invoke(TestInvoker.java:945)
	at org.testng.internal.invokers.TestInvoker.invokeTestMethods(TestInvoker.java:193)
	at org.testng.internal.invokers.TestMethodWorker.invokeTestMethods(TestMethodWorker.java:146)
	at org.testng.internal.invokers.TestMethodWorker.run(TestMethodWorker.java:128)
	at java.base/java.util.concurrent.ThreadPoolExecutor.runWorker(ThreadPoolExecutor.java:1136)
	at java.base/java.util.concurrent.ThreadPoolExecutor$Worker.run(ThreadPoolExecutor.java:635)
	at java.base/java.lang.Thread.run(Thread.java:833)
]]></system-err>
  </testcase>
  <testcase name="verifyViolationSpecificFineAmountIsAddedUnderOutstandingBalance" classname="TestCases.VSFineLinkedToNotices" time="5.149">
    <system-out><![CDATA[2024-07-25 23:55:39,147 [info]: Scroll to the Top.
2024-07-25 23:55:42,891 [info]: GetText fromBy.xpath: //h2[@class='case-details__case-status']
2024-07-25 23:55:42,923 [info]: Scroll Into View By.xpath: //label[text()='Associated Submission']/following::a[1]
2024-07-25 23:55:42,948 [info]: Sendkeys on By.xpath: //div/input[@placeholder='Start typing name of violation, article number or issue description'] with value Wa
2024-07-25 23:55:43,420 [info]: Clicked on By.xpath: //label[text()='Associated Submission']/following::a[1]
2024-07-25 23:55:43,494 [info]: Clicked on By.xpath: //div[@class='react-autosuggest__suggestion-element']/div
2024-07-25 23:55:43,952 [info]: Clicked on By.xpath: //button[text()='Add']
2024-07-25 23:55:44,035 [info]: GetText fromBy.xpath: (//div[text()='Responsible Party']//parent::div//span[@class='contact-name'])[1]
200
Test Passed: verifyViolationSpecificFineAmountIsAddedUnderOutstandingBalance
]]></system-out>
    <system-err><![CDATA[org.openqa.selenium.TimeoutException: Expected condition failed: waiting for element to be clickable: By.xpath: //div[@class='attachments-modal__footer']/button[1] (tried for 60 second(s) with 1000 milliseconds interval)
Build info: version: '4.11.0', revision: '040bc5406b'
System info: os.name: 'Windows 11', os.arch: 'amd64', os.version: '10.0', java.version: '18.0.2.1'
Driver info: driver.version: unknown
	at org.openqa.selenium.support.ui.FluentWait.timeoutException(FluentWait.java:262)
	at org.openqa.selenium.support.ui.FluentWait.until(FluentWait.java:230)
	at CommonMethods.Helper.waitForElementIsInteractable(Helper.java:199)
	at POM.CCPUtility.CCP_ReopenAddAttachmentsPopup(CCPUtility.java:1447)
	at TestCases.CCP.CCP_ReopenAddAttachmentsPopup(CCP.java:272)
	at java.base/jdk.internal.reflect.DirectMethodHandleAccessor.invoke(DirectMethodHandleAccessor.java:104)
	at java.base/java.lang.reflect.Method.invoke(Method.java:577)
	at org.testng.internal.invokers.MethodInvocationHelper.invokeMethod(MethodInvocationHelper.java:135)
	at org.testng.internal.invokers.TestInvoker.invokeMethod(TestInvoker.java:673)
	at org.testng.internal.invokers.TestInvoker.invokeTestMethod(TestInvoker.java:220)
	at org.testng.internal.invokers.MethodRunner.runInSequence(MethodRunner.java:50)
	at org.testng.internal.invokers.TestInvoker$MethodInvocationAgent.invoke(TestInvoker.java:945)
	at org.testng.internal.invokers.TestInvoker.invokeTestMethods(TestInvoker.java:193)
	at org.testng.internal.invokers.TestMethodWorker.invokeTestMethods(TestMethodWorker.java:146)
	at org.testng.internal.invokers.TestMethodWorker.run(TestMethodWorker.java:128)
	at java.base/java.util.concurrent.ThreadPoolExecutor.runWorker(ThreadPoolExecutor.java:1136)
	at java.base/java.util.concurrent.ThreadPoolExecutor$Worker.run(ThreadPoolExecutor.java:635)
	at java.base/java.lang.Thread.run(Thread.java:833)
]]></system-err>
  </testcase>
  <testcase name="verifyViolationSpecificFineIsDisplayedOnFinesAndPaymentsPage" classname="TestCases.VSFineLinkedToNotices" time="1.36">
    <system-out><![CDATA[2024-07-25 23:55:55,143 [info]: Clicked on By.xpath: //span[@aria-selected='true']//ancestor::div[@class='Select-multi-value-wrapper']//following-sibling::span
2024-07-25 23:55:55,178 [info]: Clicked on By.xpath: //span/label[text()='Property Owner']
2024-07-25 23:55:55,457 [info]: Clicked on By.xpath: //button[text()='Apply']
2024-07-25 23:55:55,842 [info]: Clicked on By.xpath: //div/button[text()='Create Case']
Test Passed: verifyViolationSpecificFineIsDisplayedOnFinesAndPaymentsPage
]]></system-out>
  </testcase>
  <testcase name="verifyFlatFineWithNoticeAmountIsDisplayedForGenerateNotice" classname="TestCases.VSFineLinkedToNotices" time="0.958">
    <failure message="expected [100] but found [200]" type="java.lang.AssertionError"><![CDATA[java.lang.AssertionError: expected [100] but found [200]
	at org.testng.Assert.fail(Assert.java:110)
	at org.testng.Assert.failNotEquals(Assert.java:1413)
	at org.testng.Assert.assertEqualsImpl(Assert.java:149)
	at org.testng.Assert.assertEquals(Assert.java:131)
	at org.testng.Assert.assertEquals(Assert.java:1240)
	at org.testng.Assert.assertEquals(Assert.java:1274)
	at POM.FinesUtility.verifyFineAmountIsDisplayed(FinesUtility.java:250)
	at TestCases.VSFineLinkedToNotices.verifyFlatFineWithNoticeAmountIsDisplayedForGenerateNotice(VSFineLinkedToNotices.java:102)
	at java.base/jdk.internal.reflect.DirectMethodHandleAccessor.invoke(DirectMethodHandleAccessor.java:104)
	at java.base/java.lang.reflect.Method.invoke(Method.java:577)
	at org.testng.internal.invokers.MethodInvocationHelper.invokeMethod(MethodInvocationHelper.java:135)
	at org.testng.internal.invokers.TestInvoker.invokeMethod(TestInvoker.java:673)
	at org.testng.internal.invokers.TestInvoker.invokeTestMethod(TestInvoker.java:220)
	at org.testng.internal.invokers.MethodRunner.runInSequence(MethodRunner.java:50)
	at org.testng.internal.invokers.TestInvoker$MethodInvocationAgent.invoke(TestInvoker.java:945)
	at org.testng.internal.invokers.TestInvoker.invokeTestMethods(TestInvoker.java:193)
	at org.testng.internal.invokers.TestMethodWorker.invokeTestMethods(TestMethodWorker.java:146)
	at org.testng.internal.invokers.TestMethodWorker.run(TestMethodWorker.java:128)
	at java.base/java.util.concurrent.ThreadPoolExecutor.runWorker(ThreadPoolExecutor.java:1136)
	at java.base/java.util.concurrent.ThreadPoolExecutor$Worker.run(ThreadPoolExecutor.java:635)
	at java.base/java.lang.Thread.run(Thread.java:833)
]]></failure>
    <system-out><![CDATA[2024-07-25 23:56:19,742 [info]: Click By JS By.xpath: //button[text()='Yes']
2024-07-25 23:56:19,797 [info]: Get Attribute value from By.xpath: //*[@name='amount']
200
Test Failed: verifyFlatFineWithNoticeAmountIsDisplayedForGenerateNotice
https://admin-stage.comcate.com/agencies
220
https://app-stage.comcate.com/agencies/220/login
]]></system-out>
  </testcase>
  <testcase name="verifyUserIsAbleToEditFlatFineAmount" classname="TestCases.VSFineLinkedToNotices" time="3.376">
    <system-out><![CDATA[2024-07-25 23:56:20,690 [info]: Scroll Into View By.xpath: //h2[contains(text(),'Active')]
2024-07-25 23:56:20,741 [info]: GetText fromBy.xpath: //h2[contains(text(),'Active')]
2024-07-25 23:56:20,830 [info]: GetText fromBy.xpath: (//h2[contains(text(),'Active')]//ancestor::div[@class='agency-setup-tab__section']//div[@class='rt-td'])[37]
2024-07-25 23:56:20,929 [info]: GetText fromBy.xpath: (//h2[contains(text(),'Active')]//ancestor::div[@class='agency-setup-tab__section']//div[@class='rt-td'])[38]
2024-07-25 23:56:21,106 [info]: Click By JS By.xpath: (//h2[contains(text(),'Active')]//ancestor::div[@class='agency-setup-tab__section']//div[@class='rt-td']//button)[10]
Window size is: 1552 x 832
sLALableName : EditSLAMniI
Test Failed: SubmissionSettings_VerifyPostAnonymouslyForNoToggle
2024-07-25 23:56:24,464 [info]: Move to element and Click on [[ChromeDriver: chrome on windows (347b60e6bf7773e3a772c9359cf2ff4a)] -> xpath: //*[@name='amount']]
2024-07-25 23:56:24,549 [info]: GetText fromBy.xpath: //h2[@class='case-details__case-number']
2024-07-25 23:56:24,637 [info]: Scroll Into View By.cssSelector: div.case-details__close-icon img
2024-07-25 23:56:24,923 [info]: Sendkeys on By.xpath: //*[@name='amount'] with value 20000
2024-07-25 23:56:25,011 [info]: Click By JS By.cssSelector: div.case-details__close-icon img
2024-07-25 23:56:25,060 [info]: Get Attribute value from By.xpath: //*[@name='amount']
Test Passed: verifyUserIsAbleToEditFlatFineAmount
]]></system-out>
  </testcase>
  <testcase name="verifyOutstandingBalanceIsUpdatedAfterNoticeGeneratedIsApplied" classname="TestCases.VSFineLinkedToNotices" time="2.383">
    <system-out><![CDATA[2024-07-25 23:56:55,017 [info]: Scroll Into View By.xpath: (//button[text()='Next'])[1]
2024-07-25 23:56:55,048 [info]: Clicked on [org.openqa.selenium.remote.RemoteWebElement@7511fdf3 -> unknown locator]
2024-07-25 23:56:55,150 [info]: Click By JS By.xpath: (//button[text()='Next'])[1]
2024-07-25 23:56:55,230 [info]: Scroll Into View By.xpath: //span[@class='field__error']
2024-07-25 23:56:55,356 [info]: GetText fromBy.xpath: //span[@class='field__error']
2024-07-25 23:56:55,407 [info]: GetText fromBy.xpath: //h2[@class='error-h2']
2024-07-25 23:56:55,564 [info]: Click By JS By.xpath: //div[contains(text(),'Select One')]
2024-07-25 23:56:55,779 [info]: Sendkeys on By.xpath: //input[@name='name'] with value  Edited
2024-07-25 23:56:55,849 [info]: Sendkeys on By.xpath: //div[@class='dropdown-content__search-container']//input[@type='text'] with value Other
2024-07-25 23:56:55,914 [info]: Click By JS By.xpath: //div[text()='Edit a Task']/following::button[2]
2024-07-25 23:56:56,416 [info]: Clicked on By.xpath: //div[@class='option-black']
2024-07-25 23:56:57,377 [info]: GetText fromBy.xpath: //div[@class='tasks-table']//div[@class='rt-td'][2]/div
2024-07-25 23:56:57,394 [info]: Clicked on By.xpath: //a[text()='Add Criteria']
400
Test Passed: verifyOutstandingBalanceIsUpdatedAfterNoticeGeneratedIsApplied
]]></system-out>
  </testcase>
  <testcase name="LoginAgency" classname="TestCases.TemplateManagement" time="1.463">
    <system-out><![CDATA[2024-07-25 23:48:53,603 [info]: Clicked on By.id: idp-discovery-submit
2024-07-25 23:48:53,729 [info]: Scroll Into View By.xpath: //div[@class='app-header__menu__icon']
2024-07-25 23:48:53,832 [info]: Click By JS By.xpath: //div[@class='app-header__menu__icon']
2024-07-25 23:48:53,838 [info]: Sendkeys on By.id: idp-discovery-username with value MarkShane123@yopmail.com
2024-07-25 23:48:53,875 [info]: Scroll Into View By.xpath: //label[text()='Agency Setup']//preceding-sibling::a
Current IST time: 2024-07-25 23:48:53
2024-07-25 23:48:53,884 [info]: Timestamp 2024-07-25 23:48:53
2024-07-25 23:48:54,004 [info]: GetText fromBy.xpath: //div[@class='app-header__user-name']/label
Test Passed: LoginAgency
]]></system-out>
  </testcase>
  <testcase name="TemplateMangement_VerifyEmailPreviewPopDataAutoPopulated" classname="TestCases.TemplateManagement" time="1.592">
    <failure message="Expected condition failed: waiting for presence of element located by: By.xpath: //input[@name=&apos;name&apos;] (tried for 60 second(s) with 500 milliseconds interval)" type="org.openqa.selenium.TimeoutException"><![CDATA[org.openqa.selenium.TimeoutException: Expected condition failed: waiting for presence of element located by: By.xpath: //input[@name='name'] (tried for 60 second(s) with 500 milliseconds interval)
	at org.openqa.selenium.support.ui.WebDriverWait.timeoutException(WebDriverWait.java:84)
	at org.openqa.selenium.support.ui.FluentWait.until(FluentWait.java:230)
	at CommonMethods.Helper.sendKeysWithWait(Helper.java:385)
	at POM.TemplateManagementUtility.TemplateMangement_VerifyEmailPreviewPopDataAutoPopulated(TemplateManagementUtility.java:242)
	at TestCases.TemplateManagement.TemplateMangement_VerifyEmailPreviewPopDataAutoPopulated(TemplateManagement.java:63)
	at java.base/jdk.internal.reflect.DirectMethodHandleAccessor.invoke(DirectMethodHandleAccessor.java:104)
	at java.base/java.lang.reflect.Method.invoke(Method.java:577)
	at org.testng.internal.invokers.MethodInvocationHelper.invokeMethod(MethodInvocationHelper.java:135)
	at org.testng.internal.invokers.TestInvoker.invokeMethod(TestInvoker.java:673)
	at org.testng.internal.invokers.TestInvoker.invokeTestMethod(TestInvoker.java:220)
	at org.testng.internal.invokers.MethodRunner.runInSequence(MethodRunner.java:50)
	at org.testng.internal.invokers.TestInvoker$MethodInvocationAgent.invoke(TestInvoker.java:945)
	at org.testng.internal.invokers.TestInvoker.invokeTestMethods(TestInvoker.java:193)
	at org.testng.internal.invokers.TestMethodWorker.invokeTestMethods(TestMethodWorker.java:146)
	at org.testng.internal.invokers.TestMethodWorker.run(TestMethodWorker.java:128)
	at java.base/java.util.concurrent.ThreadPoolExecutor.runWorker(ThreadPoolExecutor.java:1136)
	at java.base/java.util.concurrent.ThreadPoolExecutor$Worker.run(ThreadPoolExecutor.java:635)
	at java.base/java.lang.Thread.run(Thread.java:833)
Caused by: org.openqa.selenium.NoSuchElementException: no such element: Unable to locate element: {"method":"xpath","selector":"//input[@name='name']"}
  (Session info: chrome=115.0.5790.170)
For documentation on this error, please visit: https://www.selenium.dev/documentation/webdriver/troubleshooting/errors#no-such-element-exception
Build info: version: '4.11.0', revision: '040bc5406b'
System info: os.name: 'Windows 11', os.arch: 'amd64', os.version: '10.0', java.version: '18.0.2.1'
Driver info: org.openqa.selenium.chrome.ChromeDriver
Command: [ce5a891fc7051da9189a266828f63841, findElement {using=xpath, value=//input[@name='name']}]
Capabilities {acceptInsecureCerts: false, browserName: chrome, browserVersion: 115.0.5790.170, chrome: {chromedriverVersion: 115.0.5790.170 (cc0d30c2ca5..., userDataDir: C:\Users\SQELAB~1\AppData\L...}, goog:chromeOptions: {debuggerAddress: localhost:51036}, networkConnectionEnabled: false, pageLoadStrategy: normal, platformName: windows, proxy: Proxy(), se:cdp: ws://localhost:51036/devtoo..., se:cdpVersion: 115.0.5790.170, setWindowRect: true, strictFileInteractability: false, timeouts: {implicit: 0, pageLoad: 300000, script: 30000}, unhandledPromptBehavior: dismiss and notify, webauthn:extension:credBlob: true, webauthn:extension:largeBlob: true, webauthn:extension:minPinLength: true, webauthn:extension:prf: true, webauthn:virtualAuthenticators: true}
Session ID: ce5a891fc7051da9189a266828f63841
	at java.base/jdk.internal.reflect.DirectConstructorHandleAccessor.newInstance(DirectConstructorHandleAccessor.java:67)
	at java.base/java.lang.reflect.Constructor.newInstanceWithCaller(Constructor.java:499)
	at java.base/java.lang.reflect.Constructor.newInstance(Constructor.java:483)
	at org.openqa.selenium.remote.codec.w3c.W3CHttpResponseCodec.createException(W3CHttpResponseCodec.java:200)
	at org.openqa.selenium.remote.codec.w3c.W3CHttpResponseCodec.decode(W3CHttpResponseCodec.java:133)
	at org.openqa.selenium.remote.codec.w3c.W3CHttpResponseCodec.decode(W3CHttpResponseCodec.java:52)
	at org.openqa.selenium.remote.HttpCommandExecutor.execute(HttpCommandExecutor.java:191)
	at org.openqa.selenium.remote.service.DriverCommandExecutor.invokeExecute(DriverCommandExecutor.java:196)
	at org.openqa.selenium.remote.service.DriverCommandExecutor.execute(DriverCommandExecutor.java:171)
	at org.openqa.selenium.remote.RemoteWebDriver.execute(RemoteWebDriver.java:518)
	at org.openqa.selenium.remote.ElementLocation$ElementFinder$2.findElement(ElementLocation.java:165)
	at org.openqa.selenium.remote.ElementLocation.findElement(ElementLocation.java:59)
	at org.openqa.selenium.remote.RemoteWebDriver.findElement(RemoteWebDriver.java:355)
	at org.openqa.selenium.remote.RemoteWebDriver.findElement(RemoteWebDriver.java:349)
	at org.openqa.selenium.support.ui.ExpectedConditions$6.apply(ExpectedConditions.java:171)
	at org.openqa.selenium.support.ui.ExpectedConditions$6.apply(ExpectedConditions.java:168)
	at org.openqa.selenium.support.ui.FluentWait.until(FluentWait.java:205)
	... 16 more
]]></failure>
    <system-out><![CDATA[Test Failed: TemplateMangement_VerifyEmailPreviewPopDataAutoPopulated
2024-07-25 23:57:25,836 [info]: Click By JS By.xpath: //button[text()='Delete Submission']
2024-07-25 23:57:25,858 [info]: Scroll Into View By.cssSelector: div.customer-submission-details__close-icon img
2024-07-25 23:57:26,199 [info]: GetText fromBy.xpath: //div[@class='modal-base__error modal-base__error--show']
2024-07-25 23:57:26,287 [info]: Click By JS By.cssSelector: div.customer-submission-details__close-icon img
]]></system-out>
  </testcase>
  <testcase name="TemplateMangement_VerifyEditTheTemplate" classname="TestCases.TemplateManagement" time="5.317">
    <failure message="Expected condition failed: waiting for presence of element located by: By.xpath: //h2[contains(text(),&apos;Active&apos;)] (tried for 60 second(s) with 500 milliseconds interval)" type="org.openqa.selenium.TimeoutException"><![CDATA[org.openqa.selenium.TimeoutException: Expected condition failed: waiting for presence of element located by: By.xpath: //h2[contains(text(),'Active')] (tried for 60 second(s) with 500 milliseconds interval)
	at org.openqa.selenium.support.ui.WebDriverWait.timeoutException(WebDriverWait.java:84)
	at org.openqa.selenium.support.ui.FluentWait.until(FluentWait.java:230)
	at CommonMethods.Helper.getTextElement(Helper.java:426)
	at POM.TemplateManagementUtility.TemplateMangement_VerifyEditTheTemplate(TemplateManagementUtility.java:369)
	at TestCases.TemplateManagement.TemplateMangement_VerifyEditTheTemplate(TemplateManagement.java:76)
	at java.base/jdk.internal.reflect.DirectMethodHandleAccessor.invoke(DirectMethodHandleAccessor.java:104)
	at java.base/java.lang.reflect.Method.invoke(Method.java:577)
	at org.testng.internal.invokers.MethodInvocationHelper.invokeMethod(MethodInvocationHelper.java:135)
	at org.testng.internal.invokers.TestInvoker.invokeMethod(TestInvoker.java:673)
	at org.testng.internal.invokers.TestInvoker.invokeTestMethod(TestInvoker.java:220)
	at org.testng.internal.invokers.MethodRunner.runInSequence(MethodRunner.java:50)
	at org.testng.internal.invokers.TestInvoker$MethodInvocationAgent.invoke(TestInvoker.java:945)
	at org.testng.internal.invokers.TestInvoker.invokeTestMethods(TestInvoker.java:193)
	at org.testng.internal.invokers.TestMethodWorker.invokeTestMethods(TestMethodWorker.java:146)
	at org.testng.internal.invokers.TestMethodWorker.run(TestMethodWorker.java:128)
	at java.base/java.util.concurrent.ThreadPoolExecutor.runWorker(ThreadPoolExecutor.java:1136)
	at java.base/java.util.concurrent.ThreadPoolExecutor$Worker.run(ThreadPoolExecutor.java:635)
	at java.base/java.lang.Thread.run(Thread.java:833)
Caused by: org.openqa.selenium.NoSuchElementException: no such element: Unable to locate element: {"method":"xpath","selector":"//h2[contains(text(),'Active')]"}
  (Session info: chrome=115.0.5790.170)
For documentation on this error, please visit: https://www.selenium.dev/documentation/webdriver/troubleshooting/errors#no-such-element-exception
Build info: version: '4.11.0', revision: '040bc5406b'
System info: os.name: 'Windows 11', os.arch: 'amd64', os.version: '10.0', java.version: '18.0.2.1'
Driver info: org.openqa.selenium.chrome.ChromeDriver
Command: [ce5a891fc7051da9189a266828f63841, findElement {using=xpath, value=//h2[contains(text(),'Active')]}]
Capabilities {acceptInsecureCerts: false, browserName: chrome, browserVersion: 115.0.5790.170, chrome: {chromedriverVersion: 115.0.5790.170 (cc0d30c2ca5..., userDataDir: C:\Users\SQELAB~1\AppData\L...}, goog:chromeOptions: {debuggerAddress: localhost:51036}, networkConnectionEnabled: false, pageLoadStrategy: normal, platformName: windows, proxy: Proxy(), se:cdp: ws://localhost:51036/devtoo..., se:cdpVersion: 115.0.5790.170, setWindowRect: true, strictFileInteractability: false, timeouts: {implicit: 0, pageLoad: 300000, script: 30000}, unhandledPromptBehavior: dismiss and notify, webauthn:extension:credBlob: true, webauthn:extension:largeBlob: true, webauthn:extension:minPinLength: true, webauthn:extension:prf: true, webauthn:virtualAuthenticators: true}
Session ID: ce5a891fc7051da9189a266828f63841
	at java.base/jdk.internal.reflect.DirectConstructorHandleAccessor.newInstance(DirectConstructorHandleAccessor.java:67)
	at java.base/java.lang.reflect.Constructor.newInstanceWithCaller(Constructor.java:499)
	at java.base/java.lang.reflect.Constructor.newInstance(Constructor.java:483)
	at org.openqa.selenium.remote.codec.w3c.W3CHttpResponseCodec.createException(W3CHttpResponseCodec.java:200)
	at org.openqa.selenium.remote.codec.w3c.W3CHttpResponseCodec.decode(W3CHttpResponseCodec.java:133)
	at org.openqa.selenium.remote.codec.w3c.W3CHttpResponseCodec.decode(W3CHttpResponseCodec.java:52)
	at org.openqa.selenium.remote.HttpCommandExecutor.execute(HttpCommandExecutor.java:191)
	at org.openqa.selenium.remote.service.DriverCommandExecutor.invokeExecute(DriverCommandExecutor.java:196)
	at org.openqa.selenium.remote.service.DriverCommandExecutor.execute(DriverCommandExecutor.java:171)
	at org.openqa.selenium.remote.RemoteWebDriver.execute(RemoteWebDriver.java:518)
	at org.openqa.selenium.remote.ElementLocation$ElementFinder$2.findElement(ElementLocation.java:165)
	at org.openqa.selenium.remote.ElementLocation.findElement(ElementLocation.java:59)
	at org.openqa.selenium.remote.RemoteWebDriver.findElement(RemoteWebDriver.java:355)
	at org.openqa.selenium.remote.RemoteWebDriver.findElement(RemoteWebDriver.java:349)
	at org.openqa.selenium.support.ui.ExpectedConditions$6.apply(ExpectedConditions.java:171)
	at org.openqa.selenium.support.ui.ExpectedConditions$6.apply(ExpectedConditions.java:168)
	at org.openqa.selenium.support.ui.FluentWait.until(FluentWait.java:205)
	... 16 more
]]></failure>
    <system-out><![CDATA[2024-07-26 00:00:25,179 [info]: GetText fromBy.xpath: //h2[@class='case-details__case-number']
2024-07-26 00:00:25,296 [info]: Scroll Into View By.cssSelector: div.case-details__close-icon img
2024-07-26 00:00:25,653 [info]: Click By JS By.cssSelector: div.case-details__close-icon img
2024-07-26 00:00:25,759 [info]: Click By JS By.xpath: //button[text()='Create User']
2024-07-26 00:00:27,097 [info]: Sendkeys on By.xpath: //input[@name='firstName'] with value Mark
2024-07-26 00:00:27,294 [info]: Sendkeys on By.xpath: //input[@name='lastName'] with value Shane
2024-07-26 00:00:27,745 [info]: Sendkeys on By.xpath: //input[@name='email'] with value MarkShane6218MPyxYb@yopmail.com
2024-07-26 00:00:28,024 [info]: Clicked on By.xpath: //label[text()='Role']/following::span[1]
2024-07-26 00:00:28,259 [info]: Clicked on By.xpath: //*[text()='Agency Admin CRM and CEM']
Test Failed: TemplateMangement_VerifyEditTheTemplate
2024-07-26 00:00:30,042 [info]: Click By JS By.xpath: //*[@class='app-header__user-name']/div
2024-07-26 00:00:30,176 [info]: Click By JS By.xpath: //label[text()='Logout']
]]></system-out>
  </testcase>
  <testcase name="TemplateMangement_VerifyErrorMessgeOnAdditionOfExistingTemplate" classname="TestCases.TemplateManagement" time="0.609">
    <failure message="Expected condition failed: waiting for presence of element located by: By.xpath: //h2[contains(text(),&apos;Active&apos;)] (tried for 60 second(s) with 500 milliseconds interval)" type="org.openqa.selenium.TimeoutException"><![CDATA[org.openqa.selenium.TimeoutException: Expected condition failed: waiting for presence of element located by: By.xpath: //h2[contains(text(),'Active')] (tried for 60 second(s) with 500 milliseconds interval)
	at org.openqa.selenium.support.ui.WebDriverWait.timeoutException(WebDriverWait.java:84)
	at org.openqa.selenium.support.ui.FluentWait.until(FluentWait.java:230)
	at CommonMethods.Helper.getTextElement(Helper.java:426)
	at POM.TemplateManagementUtility.TemplateMangement_VerifyErrorMessgeOnAdditionOfExistingTemplate(TemplateManagementUtility.java:493)
	at TestCases.TemplateManagement.TemplateMangement_VerifyErrorMessgeOnAdditionOfExistingTemplate(TemplateManagement.java:83)
	at java.base/jdk.internal.reflect.DirectMethodHandleAccessor.invoke(DirectMethodHandleAccessor.java:104)
	at java.base/java.lang.reflect.Method.invoke(Method.java:577)
	at org.testng.internal.invokers.MethodInvocationHelper.invokeMethod(MethodInvocationHelper.java:135)
	at org.testng.internal.invokers.TestInvoker.invokeMethod(TestInvoker.java:673)
	at org.testng.internal.invokers.TestInvoker.invokeTestMethod(TestInvoker.java:220)
	at org.testng.internal.invokers.MethodRunner.runInSequence(MethodRunner.java:50)
	at org.testng.internal.invokers.TestInvoker$MethodInvocationAgent.invoke(TestInvoker.java:945)
	at org.testng.internal.invokers.TestInvoker.invokeTestMethods(TestInvoker.java:193)
	at org.testng.internal.invokers.TestMethodWorker.invokeTestMethods(TestMethodWorker.java:146)
	at org.testng.internal.invokers.TestMethodWorker.run(TestMethodWorker.java:128)
	at java.base/java.util.concurrent.ThreadPoolExecutor.runWorker(ThreadPoolExecutor.java:1136)
	at java.base/java.util.concurrent.ThreadPoolExecutor$Worker.run(ThreadPoolExecutor.java:635)
	at java.base/java.lang.Thread.run(Thread.java:833)
Caused by: org.openqa.selenium.NoSuchElementException: no such element: Unable to locate element: {"method":"xpath","selector":"//h2[contains(text(),'Active')]"}
  (Session info: chrome=115.0.5790.170)
For documentation on this error, please visit: https://www.selenium.dev/documentation/webdriver/troubleshooting/errors#no-such-element-exception
Build info: version: '4.11.0', revision: '040bc5406b'
System info: os.name: 'Windows 11', os.arch: 'amd64', os.version: '10.0', java.version: '18.0.2.1'
Driver info: org.openqa.selenium.chrome.ChromeDriver
Command: [ce5a891fc7051da9189a266828f63841, findElement {using=xpath, value=//h2[contains(text(),'Active')]}]
Capabilities {acceptInsecureCerts: false, browserName: chrome, browserVersion: 115.0.5790.170, chrome: {chromedriverVersion: 115.0.5790.170 (cc0d30c2ca5..., userDataDir: C:\Users\SQELAB~1\AppData\L...}, goog:chromeOptions: {debuggerAddress: localhost:51036}, networkConnectionEnabled: false, pageLoadStrategy: normal, platformName: windows, proxy: Proxy(), se:cdp: ws://localhost:51036/devtoo..., se:cdpVersion: 115.0.5790.170, setWindowRect: true, strictFileInteractability: false, timeouts: {implicit: 0, pageLoad: 300000, script: 30000}, unhandledPromptBehavior: dismiss and notify, webauthn:extension:credBlob: true, webauthn:extension:largeBlob: true, webauthn:extension:minPinLength: true, webauthn:extension:prf: true, webauthn:virtualAuthenticators: true}
Session ID: ce5a891fc7051da9189a266828f63841
	at java.base/jdk.internal.reflect.DirectConstructorHandleAccessor.newInstance(DirectConstructorHandleAccessor.java:67)
	at java.base/java.lang.reflect.Constructor.newInstanceWithCaller(Constructor.java:499)
	at java.base/java.lang.reflect.Constructor.newInstance(Constructor.java:483)
	at org.openqa.selenium.remote.codec.w3c.W3CHttpResponseCodec.createException(W3CHttpResponseCodec.java:200)
	at org.openqa.selenium.remote.codec.w3c.W3CHttpResponseCodec.decode(W3CHttpResponseCodec.java:133)
	at org.openqa.selenium.remote.codec.w3c.W3CHttpResponseCodec.decode(W3CHttpResponseCodec.java:52)
	at org.openqa.selenium.remote.HttpCommandExecutor.execute(HttpCommandExecutor.java:191)
	at org.openqa.selenium.remote.service.DriverCommandExecutor.invokeExecute(DriverCommandExecutor.java:196)
	at org.openqa.selenium.remote.service.DriverCommandExecutor.execute(DriverCommandExecutor.java:171)
	at org.openqa.selenium.remote.RemoteWebDriver.execute(RemoteWebDriver.java:518)
	at org.openqa.selenium.remote.ElementLocation$ElementFinder$2.findElement(ElementLocation.java:165)
	at org.openqa.selenium.remote.ElementLocation.findElement(ElementLocation.java:59)
	at org.openqa.selenium.remote.RemoteWebDriver.findElement(RemoteWebDriver.java:355)
	at org.openqa.selenium.remote.RemoteWebDriver.findElement(RemoteWebDriver.java:349)
	at org.openqa.selenium.support.ui.ExpectedConditions$6.apply(ExpectedConditions.java:171)
	at org.openqa.selenium.support.ui.ExpectedConditions$6.apply(ExpectedConditions.java:168)
	at org.openqa.selenium.support.ui.FluentWait.until(FluentWait.java:205)
	... 16 more
]]></failure>
  </testcase>
  <testcase name="TemplateMangement_VerifyActivateAndDeActivateTemplate" classname="TestCases.TemplateManagement" time="4.88">
    <failure message="Expected condition failed: waiting for presence of element located by: By.xpath: //h2[contains(text(),&apos;Active&apos;)] (tried for 60 second(s) with 500 milliseconds interval)" type="org.openqa.selenium.TimeoutException"><![CDATA[org.openqa.selenium.TimeoutException: Expected condition failed: waiting for presence of element located by: By.xpath: //h2[contains(text(),'Active')] (tried for 60 second(s) with 500 milliseconds interval)
	at org.openqa.selenium.support.ui.WebDriverWait.timeoutException(WebDriverWait.java:84)
	at org.openqa.selenium.support.ui.FluentWait.until(FluentWait.java:230)
	at CommonMethods.Helper.getTextElement(Helper.java:426)
	at POM.TemplateManagementUtility.TemplateMangement_VerifyActivateAndDeActivateTemplate(TemplateManagementUtility.java:417)
	at TestCases.TemplateManagement.TemplateMangement_VerifyActivateAndDeActivateTemplate(TemplateManagement.java:89)
	at java.base/jdk.internal.reflect.DirectMethodHandleAccessor.invoke(DirectMethodHandleAccessor.java:104)
	at java.base/java.lang.reflect.Method.invoke(Method.java:577)
	at org.testng.internal.invokers.MethodInvocationHelper.invokeMethod(MethodInvocationHelper.java:135)
	at org.testng.internal.invokers.TestInvoker.invokeMethod(TestInvoker.java:673)
	at org.testng.internal.invokers.TestInvoker.invokeTestMethod(TestInvoker.java:220)
	at org.testng.internal.invokers.MethodRunner.runInSequence(MethodRunner.java:50)
	at org.testng.internal.invokers.TestInvoker$MethodInvocationAgent.invoke(TestInvoker.java:945)
	at org.testng.internal.invokers.TestInvoker.invokeTestMethods(TestInvoker.java:193)
	at org.testng.internal.invokers.TestMethodWorker.invokeTestMethods(TestMethodWorker.java:146)
	at org.testng.internal.invokers.TestMethodWorker.run(TestMethodWorker.java:128)
	at java.base/java.util.concurrent.ThreadPoolExecutor.runWorker(ThreadPoolExecutor.java:1136)
	at java.base/java.util.concurrent.ThreadPoolExecutor$Worker.run(ThreadPoolExecutor.java:635)
	at java.base/java.lang.Thread.run(Thread.java:833)
Caused by: org.openqa.selenium.NoSuchElementException: no such element: Unable to locate element: {"method":"xpath","selector":"//h2[contains(text(),'Active')]"}
  (Session info: chrome=115.0.5790.170)
For documentation on this error, please visit: https://www.selenium.dev/documentation/webdriver/troubleshooting/errors#no-such-element-exception
Build info: version: '4.11.0', revision: '040bc5406b'
System info: os.name: 'Windows 11', os.arch: 'amd64', os.version: '10.0', java.version: '18.0.2.1'
Driver info: org.openqa.selenium.chrome.ChromeDriver
Command: [ce5a891fc7051da9189a266828f63841, findElement {using=xpath, value=//h2[contains(text(),'Active')]}]
Capabilities {acceptInsecureCerts: false, browserName: chrome, browserVersion: 115.0.5790.170, chrome: {chromedriverVersion: 115.0.5790.170 (cc0d30c2ca5..., userDataDir: C:\Users\SQELAB~1\AppData\L...}, goog:chromeOptions: {debuggerAddress: localhost:51036}, networkConnectionEnabled: false, pageLoadStrategy: normal, platformName: windows, proxy: Proxy(), se:cdp: ws://localhost:51036/devtoo..., se:cdpVersion: 115.0.5790.170, setWindowRect: true, strictFileInteractability: false, timeouts: {implicit: 0, pageLoad: 300000, script: 30000}, unhandledPromptBehavior: dismiss and notify, webauthn:extension:credBlob: true, webauthn:extension:largeBlob: true, webauthn:extension:minPinLength: true, webauthn:extension:prf: true, webauthn:virtualAuthenticators: true}
Session ID: ce5a891fc7051da9189a266828f63841
	at java.base/jdk.internal.reflect.DirectConstructorHandleAccessor.newInstance(DirectConstructorHandleAccessor.java:67)
	at java.base/java.lang.reflect.Constructor.newInstanceWithCaller(Constructor.java:499)
	at java.base/java.lang.reflect.Constructor.newInstance(Constructor.java:483)
	at org.openqa.selenium.remote.codec.w3c.W3CHttpResponseCodec.createException(W3CHttpResponseCodec.java:200)
	at org.openqa.selenium.remote.codec.w3c.W3CHttpResponseCodec.decode(W3CHttpResponseCodec.java:133)
	at org.openqa.selenium.remote.codec.w3c.W3CHttpResponseCodec.decode(W3CHttpResponseCodec.java:52)
	at org.openqa.selenium.remote.HttpCommandExecutor.execute(HttpCommandExecutor.java:191)
	at org.openqa.selenium.remote.service.DriverCommandExecutor.invokeExecute(DriverCommandExecutor.java:196)
	at org.openqa.selenium.remote.service.DriverCommandExecutor.execute(DriverCommandExecutor.java:171)
	at org.openqa.selenium.remote.RemoteWebDriver.execute(RemoteWebDriver.java:518)
	at org.openqa.selenium.remote.ElementLocation$ElementFinder$2.findElement(ElementLocation.java:165)
	at org.openqa.selenium.remote.ElementLocation.findElement(ElementLocation.java:59)
	at org.openqa.selenium.remote.RemoteWebDriver.findElement(RemoteWebDriver.java:355)
	at org.openqa.selenium.remote.RemoteWebDriver.findElement(RemoteWebDriver.java:349)
	at org.openqa.selenium.support.ui.ExpectedConditions$6.apply(ExpectedConditions.java:171)
	at org.openqa.selenium.support.ui.ExpectedConditions$6.apply(ExpectedConditions.java:168)
	at org.openqa.selenium.support.ui.FluentWait.until(FluentWait.java:205)
	... 16 more
]]></failure>
    <system-out><![CDATA[2024-07-26 00:04:34,943 [info]: Click By JS By.xpath: //*[@class='case-details__close-icon']/img
2024-07-26 00:04:34,974 [info]: Sendkeys on By.xpath: //span[@class='agencies-listing__search']/input with value 220
2024-07-26 00:04:34,990 [info]: Click By JS By.xpath: //*[@class='app-header__user-name']/div
2024-07-26 00:04:36,529 [info]: Sendkeys on By.xpath: //input[@name='label'] with value Activity Two
2024-07-26 00:04:36,561 [info]: Sendkeys on By.xpath: //input[@name='searchQuery'] with value 24-1845
2024-07-26 00:04:36,884 [info]: Sendkeys on By.xpath: //textarea[@name='description'] with value OY1m0mUSDpD2LEVGfG9Y
2024-07-26 00:04:36,924 [info]: Click By JS By.xpath: //a[@class='fields-container__add-field']
2024-07-26 00:04:37,030 [info]: Click By JS By.xpath: //label[text()='Logout']
2024-07-26 00:04:37,187 [info]: Sendkeys on By.xpath: //div[@class='tile-header']/following::input[@name='label'] with value Label
2024-07-26 00:04:37,211 [info]: Click By JS By.xpath: //div[@class='agencies-listing__agency-actions']/button[3]
2024-07-26 00:04:37,237 [info]: Click By JS By.xpath: //h1[text()='Create Forced Abatement Activity']/following::button[2]
2024-07-26 00:04:37,378 [info]: GetText fromBy.xpath: //div[@class='sortable-table__body__td'][1]
Test Failed: TemplateMangement_VerifyActivateAndDeActivateTemplate
]]></system-out>
  </testcase>
  <testcase name="TemplateMangement_VerifyDefaultEsclatedNoticeTemplate" classname="TestCases.TemplateManagement" time="0.357">
    <failure message="Escalated Notice Generated template is not Present. expected [true] but found [false]" type="java.lang.AssertionError"><![CDATA[java.lang.AssertionError: Escalated Notice Generated template is not Present. expected [true] but found [false]
	at org.testng.Assert.fail(Assert.java:110)
	at org.testng.Assert.failNotEquals(Assert.java:1413)
	at org.testng.Assert.assertTrue(Assert.java:56)
	at POM.TemplateManagementUtility.TemplateMangement_VerifyDefaultEsclatedNoticeTemplate(TemplateManagementUtility.java:521)
	at TestCases.TemplateManagement.TemplateMangement_VerifyDefaultEsclatedNoticeTemplate(TemplateManagement.java:95)
	at java.base/jdk.internal.reflect.DirectMethodHandleAccessor.invoke(DirectMethodHandleAccessor.java:104)
	at java.base/java.lang.reflect.Method.invoke(Method.java:577)
	at org.testng.internal.invokers.MethodInvocationHelper.invokeMethod(MethodInvocationHelper.java:135)
	at org.testng.internal.invokers.TestInvoker.invokeMethod(TestInvoker.java:673)
	at org.testng.internal.invokers.TestInvoker.invokeTestMethod(TestInvoker.java:220)
	at org.testng.internal.invokers.MethodRunner.runInSequence(MethodRunner.java:50)
	at org.testng.internal.invokers.TestInvoker$MethodInvocationAgent.invoke(TestInvoker.java:945)
	at org.testng.internal.invokers.TestInvoker.invokeTestMethods(TestInvoker.java:193)
	at org.testng.internal.invokers.TestMethodWorker.invokeTestMethods(TestMethodWorker.java:146)
	at org.testng.internal.invokers.TestMethodWorker.run(TestMethodWorker.java:128)
	at java.base/java.util.concurrent.ThreadPoolExecutor.runWorker(ThreadPoolExecutor.java:1136)
	at java.base/java.util.concurrent.ThreadPoolExecutor$Worker.run(ThreadPoolExecutor.java:635)
	at java.base/java.lang.Thread.run(Thread.java:833)
]]></failure>
    <system-out><![CDATA[AgencyID : 220
]]></system-out>
  </testcase>
  <testcase name="Login" classname="TestCases.EscalatedNoticesCDP" time="2.123">
    <system-out><![CDATA[2024-07-25 23:48:54,012 [info]: Cleared value from By.xpath: //div[@class='product-form__info']//input
2024-07-25 23:48:54,276 [info]: Clicked on By.id: idp-discovery-submit
Current IST time: 2024-07-25 23:48:55
2024-07-25 23:48:55,803 [info]: Timestamp 2024-07-25 23:48:55
Current IST time: 2024-07-25 23:48:55
2024-07-25 23:48:55,907 [info]: Timestamp 2024-07-25 23:48:55
2024-07-25 23:48:56,207 [info]: GetText fromBy.xpath: //div[@class='app-header__user-name']/label
Test Passed: Login
]]></system-out>
  </testcase>
  <testcase name="EscalatedNoticesCDP_VerifyApproveNoticeAppearBasicSupervisor" classname="TestCases.EscalatedNoticesCDP" time="3.545">
    <system-out><![CDATA[2024-07-25 23:52:55,357 [info]: Scroll Into View By.xpath: //p[text()='Attachments']//preceding-sibling::button
2024-07-25 23:52:55,582 [info]: Sendkeys on By.xpath: //div[@id='collaborators']//input[@placeholder='Search...'][@name='query'] with value Amandeep Singh
2024-07-25 23:52:55,644 [info]: Click By JS By.xpath: //p[text()='Attachments']//preceding-sibling::button
2024-07-25 23:52:55,713 [info]: Click By JS By.xpath: //input[@name='Amandeep Singh']//parent::span//label
2024-07-25 23:52:56,123 [info]: Scroll Into View By.xpath: (//div[@class='pagination-bottom']//button)[2]
2024-07-25 23:52:56,245 [info]: Click By JS By.xpath: (//div[@class='pagination-bottom']//button)[2]
2024-07-25 23:52:56,388 [info]: Clicked on By.xpath: //button[text()='Create Rule']
2024-07-25 23:52:57,332 [info]: Scroll Into View By.xpath: (//div[@class='pagination-bottom']//button)[2]
2024-07-25 23:52:57,444 [info]: Click By JS By.xpath: (//div[@class='pagination-bottom']//button)[2]
2024-07-25 23:52:57,642 [info]: GetText fromBy.xpath: //div[text()='Change Due By']
2024-07-25 23:52:57,856 [info]: Clicked on By.xpath: //button[text()='Save']
2024-07-25 23:52:57,858 [info]: Clicked on By.xpath: //button[text()='Save']
2024-07-25 23:52:57,982 [info]: GetText fromBy.xpath: //textarea[@name='reason']/following::span
2024-07-25 23:52:58,076 [info]: GetText fromBy.xpath: //h1[text()='Create A Case']
2024-07-25 23:52:58,429 [info]: Sendkeys on By.xpath: //div[@class='location-tile__inputs-container']//input with value TEXAS CITY Museum
2024-07-25 23:52:58,513 [info]: Scroll Into View By.xpath: (//div[@class='pagination-bottom']//button)[2]
2024-07-25 23:52:58,597 [info]: Click By JS By.xpath: (//div[@class='pagination-bottom']//button)[2]
0
2024-07-25 23:52:58,724 [info]: Move to element and Click on [[ChromeDriver: chrome on windows (2dbf5389ac4ceff2ed6474b658e50e71)] -> xpath: //*[text()='GroupWithBasicSupervisor44572']//parent::div//div//button[1]]
Test Passed: EscalatedNoticesCDP_VerifyApproveNoticeAppearBasicSupervisor
]]></system-out>
  </testcase>
  <testcase name="EscalatedNoticesCDP_VerifyApproveNoticeNotAppear" classname="TestCases.EscalatedNoticesCDP" time="3.22">
    <failure message="Approve Notice is button Appears. expected [false] but found [true]" type="java.lang.AssertionError"><![CDATA[java.lang.AssertionError: Approve Notice is button Appears. expected [false] but found [true]
	at org.testng.Assert.fail(Assert.java:110)
	at org.testng.Assert.failNotEquals(Assert.java:1413)
	at org.testng.Assert.assertFalse(Assert.java:78)
	at POM.CDP_Utility.VerifyApproveNoticeNotAppear(CDP_Utility.java:1284)
	at TestCases.EscalatedNoticesCDP.EscalatedNoticesCDP_VerifyApproveNoticeNotAppear(EscalatedNoticesCDP.java:57)
	at java.base/jdk.internal.reflect.DirectMethodHandleAccessor.invoke(DirectMethodHandleAccessor.java:104)
	at java.base/java.lang.reflect.Method.invoke(Method.java:577)
	at org.testng.internal.invokers.MethodInvocationHelper.invokeMethod(MethodInvocationHelper.java:135)
	at org.testng.internal.invokers.TestInvoker.invokeMethod(TestInvoker.java:673)
	at org.testng.internal.invokers.TestInvoker.invokeTestMethod(TestInvoker.java:220)
	at org.testng.internal.invokers.MethodRunner.runInSequence(MethodRunner.java:50)
	at org.testng.internal.invokers.TestInvoker$MethodInvocationAgent.invoke(TestInvoker.java:945)
	at org.testng.internal.invokers.TestInvoker.invokeTestMethods(TestInvoker.java:193)
	at org.testng.internal.invokers.TestMethodWorker.invokeTestMethods(TestMethodWorker.java:146)
	at org.testng.internal.invokers.TestMethodWorker.run(TestMethodWorker.java:128)
	at java.base/java.util.concurrent.ThreadPoolExecutor.runWorker(ThreadPoolExecutor.java:1136)
	at java.base/java.util.concurrent.ThreadPoolExecutor$Worker.run(ThreadPoolExecutor.java:635)
	at java.base/java.lang.Thread.run(Thread.java:833)
]]></failure>
    <system-out><![CDATA[2024-07-25 23:58:02,978 [info]: GetText fromBy.xpath: //h2[@class='case-details__case-status']
200
2024-07-25 23:58:04,194 [info]: Click By JS By.xpath: //div[@class='pagination-top']//div[@class='table__pagination-nav-btns']/button[2]
Test Failed: EscalatedNoticesCDP_VerifyApproveNoticeNotAppear
]]></system-out>
  </testcase>
  <testcase name="EscalatedNoticesCDPVerifyApproveNoticeOutsideGroup" classname="TestCases.EscalatedNoticesCDP" time="10.001">
    <system-out><![CDATA[2024-07-26 00:00:15,171 [info]: Click By JS By.xpath: (//div[@id='collaboratorIds']//span)[1]
2024-07-26 00:00:18,278 [info]: Click By JS By.xpath: (//div[@id='collaboratorIds']//ul[@class='dropdown__options--single']//li[@class='option'])[1]
2024-07-26 00:00:19,862 [info]: Sendkeys on By.xpath: //input[@name='searchQuery'] with value Anonymous
AnonymousTextList:->  4
CountIds:->  50
CompareSearchResultsCount: -> false
2024-07-26 00:00:23,640 [info]: Scroll Into View By.xpath: //button[text()='Create User']
Test Passed: EscalatedNoticesCDPVerifyApproveNoticeOutsideGroup
]]></system-out>
  </testcase>
  <testcase name="EscalatedNoticesCDP_VerifyApprovedNoticeStatusAppearNonSuperviosr" classname="TestCases.EscalatedNoticesCDP" time="6.988">
    <system-out><![CDATA[https://admin-stage.comcate.com/agencies
220
https://app-stage.comcate.com/agencies/220/login
Window size is: 1552 x 832
case id is 24-1842
2024-07-26 00:01:51,981 [info]: Scroll Into View By.xpath: //a[text()='Cases']
2024-07-26 00:01:52,088 [info]: Click By JS By.xpath: //a[text()='Cases']
2024-07-26 00:01:54,369 [info]: Sendkeys on By.xpath: //input[@name='searchQuery'] with value 24-1842
2024-07-26 00:01:57,420 [info]: Scroll Into View By.xpath: //button[text()='Create User']
2024-07-26 00:01:59,545 [info]: Click By JS By.xpath: //button[text()='Create User']
2024-07-26 00:01:59,643 [info]: Click By JS By.xpath: //a[text()='24-1842']
2024-07-26 00:02:00,668 [info]: Sendkeys on By.id: idp-discovery-username with value MarkShane123@yopmail.com
2024-07-26 00:02:00,789 [info]: Clicked on By.id: idp-discovery-submit
2024-07-26 00:02:00,904 [info]: Sendkeys on By.xpath: //input[@name='firstName'] with value dummy
2024-07-26 00:02:01,196 [info]: Sendkeys on By.xpath: //input[@name='lastName'] with value User
2024-07-26 00:02:01,599 [info]: Sendkeys on By.xpath: //input[@name='email'] with value dummyUser2172MPyxYb@yopmail.com
2024-07-26 00:02:01,807 [info]: Clicked on By.xpath: //label[text()='Role']/following::span[1]
Test Failed: PerformInspection_SelectAnyToggleButtonForViolation
2024-07-26 00:02:02,095 [info]: Clicked on By.xpath: //*[text()='Agency Admin CRM and CEM']
2024-07-26 00:02:02,550 [info]: Sendkeys on By.id: okta-signin-password with value Hello@1234
2024-07-26 00:02:02,697 [info]: Clicked on By.id: okta-signin-submit
2024-07-26 00:02:06,423 [info]: Clicked on By.xpath: //div[@class='user-form__header full-page-modal__header']//button[text()='Create User']
Test Passed: EscalatedNoticesCDP_VerifyApprovedNoticeStatusAppearNonSuperviosr
]]></system-out>
  </testcase>
  <testcase name="EscalatedNoticesCDP_VerifyEsclatedNoticeStatusAppearToSupervisorManager" classname="TestCases.EscalatedNoticesCDP" time="2.626">
    <system-out><![CDATA[2024-07-26 00:05:15,640 [info]: Scroll Into View By.cssSelector: div.case-details__close-icon img
2024-07-26 00:05:15,911 [info]: Click By JS By.cssSelector: div.case-details__close-icon img
2024-07-26 00:05:16,856 [info]: Click By JS By.xpath: //*[@class='checkbox-holder']//../a
2024-07-26 00:05:16,871 [info]: Sendkeys on By.id: okta-signin-password with value Hello@1234
2024-07-26 00:05:17,053 [info]: Clicked on By.id: okta-signin-submit
2024-07-26 00:05:17,419 [info]: GetText fromBy.xpath: //span[@class='table__pagination-of-text']
Test Passed: EscalatedNoticesCDP_VerifyEsclatedNoticeStatusAppearToSupervisorManager
]]></system-out>
  </testcase>
  <testcase name="EscalatedNoticesCDP_VerifyEsclatedNoticeStatusAppearToNonSupervisorManager" classname="TestCases.EscalatedNoticesCDP" time="0.798">
    <system-out><![CDATA[Test Failed: PerformInspection_VerifyContinueButtonPresence
2024-07-26 00:07:08,762 [info]: Click By JS By.cssSelector: div.actions button.btn-primary
2024-07-26 00:07:09,042 [info]: Click By JS By.xpath: //div[@class='table__pagination-nav-btns']//button[@class='square-btn btn btn-default'][2]
Test Passed: EscalatedNoticesCDP_VerifyEsclatedNoticeStatusAppearToNonSupervisorManager
]]></system-out>
  </testcase>
  <testcase name="LoginAgency" classname="TestCases.ForcedAbatement" time="0.799">
    <system-out><![CDATA[2024-07-25 23:48:56,321 [info]: Sendkeys on By.xpath: //div[@class='product-form__info']//input with value CE
Current IST time: 2024-07-25 23:48:56
2024-07-25 23:48:56,831 [info]: Timestamp 2024-07-25 23:48:56
2024-07-25 23:48:57,011 [info]: GetText fromBy.xpath: //div[@class='app-header__user-name']/label
Current IST time: 2024-07-25 23:48:57
Test Passed: LoginAgency
]]></system-out>
  </testcase>
  <testcase name="ForcedAbatement_OpenInitiateForcedAbabtementPopup" classname="TestCases.ForcedAbatement" time="0.335">
    <system-out><![CDATA[2024-07-25 23:50:31,990 [info]: Sendkeys on By.xpath: //div[@class='location-tile__inputs-container']//input with value TEXAS CITY Museum
2024-07-25 23:50:32,192 [info]: GetText fromBy.xpath: //div[text()='Initiate Forced Abatement']
Test Passed: ForcedAbatement_OpenInitiateForcedAbabtementPopup
]]></system-out>
  </testcase>
  <testcase name="ForcedAbatement_ValidationMsgForEmptyNote" classname="TestCases.ForcedAbatement" time="0.203">
    <system-out><![CDATA[2024-07-25 23:50:32,297 [info]: Click By JS By.xpath: //div[@class='modal-footer']//button[2]
2024-07-25 23:50:32,396 [info]: GetText fromBy.xpath: //*[@class='field-section field-section--error field-section--required  col-md-12 col-12']//span
Test Passed: ForcedAbatement_ValidationMsgForEmptyNote
]]></system-out>
  </testcase>
  <testcase name="ForcedAbatement_ValidationMsgForCharactersOver500InNote" classname="TestCases.ForcedAbatement" time="0.515">
    <system-out><![CDATA[2024-07-25 23:50:44,451 [info]: Scroll Into View By.xpath: //div[@class='case-inspection__print-notice']//button[text()='Do Not Print']
2024-07-25 23:50:44,563 [info]: Sendkeys on By.xpath: //textarea[@placeholder='Enter Note'] with value sUsnyETXEO3MGVRqSRV2SeQWPg0TSULgibor8SazMLAQ6vZ8cltbsAYXkVzLN1YkRWd85vDW1ljrWSBcyiS1jOPL8PN5gCKsItqfYJAacZtfUpKeJU9yiMpvdcQkRUrfVjQVm8pdoIxf8mlOXqjsU0udyU8mNdaNvYqtChrVX8LXncuzqhon1bnV7p0Esr4S3hCVHfNmIJXExsTC7fMf2427seuIW17CGFBisFAqrau3lLKdO2HY9rry7sAWZY05aP8D9PvFHaybAUJBo69p2u90xCtu7jesqDsRZbudDkyr9xh6tySqviaGcKkz1Iy98jpbfVFkos1VFL8D4xHqLI3s1I1PcgDmIPWBl3yQxYv3dd99IH7WDlcNRTkcRGZTosNDnpBVIASupheJM05x8WxstSiP1D34MOnrPdRjLhL9CALzYI52nRfTzFUe1nH3pU58pK0uTDoBqHYo9IqUCX0ybUQTYCNkKBAdr8tk86yCyeRapXRVuA9Fj
2024-07-25 23:50:44,695 [info]: Click By JS By.xpath: //div[text()='Users']
2024-07-25 23:50:44,871 [info]: Clicked on By.xpath: //div[@class='modal-footer']//button[2]
2024-07-25 23:50:44,942 [info]: GetText fromBy.xpath: //span[text()='500 character limit.']
Test Passed: ForcedAbatement_ValidationMsgForCharactersOver500InNote
]]></system-out>
  </testcase>
  <testcase name="ForcedAbatement_InitiateForcedAbatement" classname="TestCases.ForcedAbatement" time="0.16">
    <system-out><![CDATA[2024-07-25 23:50:53,582 [info]: Scroll Into View By.xpath: //button[contains(text(),'More...')]
Test Passed: ForcedAbatement_InitiateForcedAbatement
]]></system-out>
  </testcase>
  <testcase name="ForcedAbatement_VerifyForcedStageBadge" classname="TestCases.ForcedAbatement" time="0.064">
    <system-out><![CDATA[2024-07-25 23:50:53,670 [info]: Click By JS By.xpath: //button[contains(text(),'More...')]
Test Passed: ForcedAbatement_VerifyForcedStageBadge
]]></system-out>
  </testcase>
  <testcase name="ForcedAbatement_OpenEditFaNotePopup" classname="TestCases.ForcedAbatement" time="0.462">
    <system-out><![CDATA[2024-07-25 23:50:56,695 [info]: Click By JS By.xpath: //button[text()='Close Case']
2024-07-25 23:50:57,097 [info]: GetText fromBy.xpath: //div[text()='Edit FA Note']
Test Passed: ForcedAbatement_OpenEditFaNotePopup
]]></system-out>
  </testcase>
  <testcase name="ForcedAbatement_EditNoteInEditFaNoteField" classname="TestCases.ForcedAbatement" time="0.401">
    <system-out><![CDATA[2024-07-25 23:50:57,166 [info]: Sendkeys on By.xpath: //input[@name='label'] with value UpdatedFine Without NoticefMeRl
2024-07-25 23:50:57,182 [info]: Click By JS By.xpath: //button[text()='Create Category']
enter in try for category ...
2024-07-25 23:50:57,296 [info]: Click By JS By.xpath: //button[text()='No']
2024-07-25 23:50:57,409 [info]: Click By JS By.xpath: //button[text()='Add Rule']
2024-07-25 23:50:57,453 [info]: Sendkeys on By.xpath: //textarea[@placeholder='Enter Note'] with value  Edited*
2024-07-25 23:50:57,500 [info]: GetText fromBy.xpath: //textarea[@placeholder='Enter Note']
Test Passed: ForcedAbatement_EditNoteInEditFaNoteField
]]></system-out>
  </testcase>
  <testcase name="ForcedAbatement_VerifyTheUpdatedNote" classname="TestCases.ForcedAbatement" time="3.245">
    <system-out><![CDATA[2024-07-25 23:50:57,606 [info]: Sendkeys on By.xpath: //input[@name='email'] with value Role70871NoSupervisor@yopmail.com
2024-07-25 23:50:57,710 [info]: Sendkeys on By.xpath: //input[@name='name'] with value Location Not Included
2024-07-25 23:50:57,772 [info]: Scroll Into View By.xpath: //div[@class='full-page-modal__header']//following::button[text()='Create Category']
2024-07-25 23:50:57,777 [info]: Clicked on By.xpath: //button[text()='Save']
2024-07-25 23:50:57,803 [info]: Click By JS By.xpath: //div[@class='full-page-modal__header']//following::button[text()='Create Category']
2024-07-25 23:50:58,320 [info]: Move to element and Click on [[ChromeDriver: chrome on windows (2dbf5389ac4ceff2ed6474b658e50e71)] -> xpath: (//div[text()='Select Option'])[2]]
2024-07-25 23:50:58,779 [info]: Clicked on By.xpath: //label[@title='Attribute']/following::div[@class='Select-placeholder'][1]
2024-07-25 23:50:59,113 [info]: Clicked on By.xpath: //*[text()='Zip']
2024-07-25 23:50:59,362 [info]: Clicked on By.xpath: //label[@title='Attribute']/following::div[@class='Select-placeholder'][1]
2024-07-25 23:50:59,370 [info]: Sendkeys on By.xpath: //input[@name='defaultAmount'] with value 10000
2024-07-25 23:50:59,462 [info]: Click By JS By.xpath: //label[text()='Do not associate a notice']
2024-07-25 23:50:59,498 [info]: Clicked on By.xpath: //div/input[@placeholder='Start typing name of violation, article number or issue description']
2024-07-25 23:50:59,553 [info]: Click By JS By.xpath: //div[text()='Create Fine'][@class='modal-header']//parent::div//button[text()='Create Fine']
2024-07-25 23:50:59,756 [info]: Clicked on By.xpath: //*[text()='Equals']
2024-07-25 23:51:00,309 [info]: Sendkeys on By.xpath: //input[@name='value'] with value 77590
2024-07-25 23:51:00,565 [info]: Clicked on By.xpath: //label[@for='assignee']/following::label[1]
2024-07-25 23:51:00,720 [info]: Scroll Into View By.xpath: //label[@class='fa-note__label']/following::p
Test Passed: ForcedAbatement_VerifyTheUpdatedNote
]]></system-out>
  </testcase>
  <testcase name="ForcedAbatement_VerifyAddActivityBtn" classname="TestCases.ForcedAbatement" time="0.115">
    <system-out><![CDATA[2024-07-25 23:51:00,812 [info]: Scroll Into View By.xpath: //button[text()='Add Activity']
2024-07-25 23:51:00,859 [info]: GetText fromBy.xpath: //button[text()='Add Activity']
Test Passed: ForcedAbatement_VerifyAddActivityBtn
]]></system-out>
  </testcase>
  <testcase name="ForcedAbatement_OpenAddForcedAbatementActivityPopup" classname="TestCases.ForcedAbatement" time="3.63">
    <system-out><![CDATA[2024-07-25 23:51:00,957 [info]: Scroll Into View By.xpath: //button[text()='Perform Inspection']
2024-07-25 23:51:01,242 [info]: Click By JS By.xpath: //button[text()='Add Activity']
2024-07-25 23:51:02,010 [info]: Clicked on By.xpath: //label[@for='assignee']/following::ul/li[1]
2024-07-25 23:51:02,249 [info]: Clicked on By.xpath: //label[@for='collaborators']/following::label[1]
2024-07-25 23:51:03,428 [info]: Scroll Into View By.xpath: //div[text()='No Supervisor']
2024-07-25 23:51:03,617 [info]: Clicked on By.xpath: //label[@for='collaborators']/following::ul/li[1]
2024-07-25 23:51:03,680 [info]: GetText fromBy.xpath: //h2[@class='case-details__case-status']
2024-07-25 23:51:03,773 [info]: Scroll Into View By.cssSelector: div.case-details__close-icon img
2024-07-25 23:51:03,977 [info]: Clicked on By.xpath: //button[text()='Create Rule']
2024-07-25 23:51:04,135 [info]: Click By JS By.cssSelector: div.case-details__close-icon img
2024-07-25 23:51:04,252 [info]: Click By JS By.xpath: //button[text()='Inactive']
2024-07-25 23:51:04,467 [info]: Clicked on By.xpath: //button[text()='Save']
2024-07-25 23:51:04,489 [info]: GetText fromBy.xpath: //h1[text()='Add Forced Abatement Activity']
Test Passed: ForcedAbatement_OpenAddForcedAbatementActivityPopup
]]></system-out>
  </testcase>
  <testcase name="ForcedAbatement_VerifyFirstActivityBtnState" classname="TestCases.ForcedAbatement" time="0.052">
    <system-out><![CDATA[Test Passed: ForcedAbatement_VerifyFirstActivityBtnState
]]></system-out>
  </testcase>
  <testcase name="ForcedAbatement_ValidationMsgForNoDataOfActivity" classname="TestCases.ForcedAbatement" time="3.929">
    <system-out><![CDATA[2024-07-25 23:51:11,523 [info]: Clicked on By.xpath: //div/input[@placeholder='Start typing name of violation, article number or issue description']
2024-07-25 23:51:11,610 [info]: Sendkeys on By.xpath: //input[@name='workPhone'] with value 6246388853
2024-07-25 23:51:11,613 [info]: GetText fromBy.xpath: //h2[@class='case-details__case-number']
2024-07-25 23:51:11,637 [info]: Sendkeys on By.xpath: //div/input[@placeholder='Start typing name of violation, article number or issue description'] with value Wa
2024-07-25 23:51:11,652 [info]: Scroll Into View By.xpath: (//div[@class='full-page-modal__header']//button[2])[2]
2024-07-25 23:51:11,849 [info]: Click By JS By.xpath: //label[text()='Associated Submission']/following::a[1]
2024-07-25 23:51:12,030 [info]: Clicked on By.xpath: (//div[@class='full-page-modal__header']//button[2])[2]
2024-07-25 23:51:12,270 [info]: Click By JS By.xpath: //div[@class='react-autosuggest__suggestion-element']/div
2024-07-25 23:51:12,784 [info]: Clicked on By.xpath: //button[text()='Active']
2024-07-25 23:51:13,044 [info]: Clicked on By.xpath: //button[text()='Save']
2024-07-25 23:51:15,284 [info]: Clicked on By.xpath: //button[text()='Add Forced Abatement Activity']
Test Passed: ForcedAbatement_ValidationMsgForNoDataOfActivity
]]></system-out>
  </testcase>
  <testcase name="ForcedAbatement_AddForcedAbatementActivity" classname="TestCases.ForcedAbatement" time="3.169">
    <system-out><![CDATA[2024-07-25 23:51:31,574 [info]: Scroll Into View By.xpath: //*[@class='contact-tile__searchbox searchbox-container']/div/div
2024-07-25 23:51:31,924 [info]: Clicked on By.xpath: //*[@class='contact-tile__searchbox searchbox-container']/div/div
2024-07-25 23:51:32,627 [info]: Sendkeys on By.xpath: //input[@name='lastName'] with value Z
2024-07-25 23:51:32,638 [info]: Clicked on By.xpath: //span[text()='Create a  new contact']
2024-07-25 23:51:33,000 [info]: Clicked on By.xpath: //button[text()='Perform Inspection']
2024-07-25 23:51:33,204 [info]: Scroll Into View By.xpath: //button[text()='Create & Perform Inspection']
2024-07-25 23:51:33,559 [info]: Clicked on By.xpath: //button[text()='Create & Perform Inspection']
2024-07-25 23:51:34,327 [info]: Sendkeys on By.id: idp-discovery-username with value MarkShane123@yopmail.com
Test Passed: ForcedAbatement_AddForcedAbatementActivity
]]></system-out>
  </testcase>
  <testcase name="ForcedAbatement_OpenEditForcedAbatementActivityPopup1" classname="TestCases.ForcedAbatement" time="2.965">
    <system-out><![CDATA[2024-07-25 23:51:34,586 [info]: Clicked on By.id: idp-discovery-submit
2024-07-25 23:51:34,665 [info]: Scroll Into View By.xpath: //div[@class='abatement-activities__fa-activity__actions']/button[1]
2024-07-25 23:51:34,886 [info]: Click By JS By.xpath: //div[@class='abatement-activities__fa-activity__actions']/button[1]
2024-07-25 23:51:35,426 [info]: Sendkeys on By.xpath: //input[@name='email'] with value Role05903BasicSupervisor@yopmail.com
2024-07-25 23:51:35,946 [info]: Click By JS By.xpath: (//li[@class='multi']//input[@type='checkbox'])[1]
2024-07-25 23:51:36,044 [info]: GetText fromBy.xpath: (//input[@name='value']//parent::div//span)[1]
2024-07-25 23:51:36,071 [info]: Scroll Into View By.xpath: //a[text()='Add Delivery option']
2024-07-25 23:51:36,170 [info]: Click By JS By.xpath: //a[text()='Add Delivery option']
2024-07-25 23:51:36,198 [info]: Sendkeys on By.xpath: //input[@name='name'] with value jYnKKsxk
2024-07-25 23:51:36,426 [info]: Move to element and Click on [[ChromeDriver: chrome on windows (2dbf5389ac4ceff2ed6474b658e50e71)] -> xpath: (//div[text()='Select Option'])[2]]
2024-07-25 23:51:36,560 [info]: Scroll Into View By.xpath: //div[contains(text(),'Basic Supervisor')]
2024-07-25 23:51:36,964 [info]: Clicked on By.xpath: //label[@title='Send Options']//parent::div//parent::div//span[@class='Select-arrow']
2024-07-25 23:51:36,996 [info]: Sendkeys on By.xpath: //input[@name='name'] with value jYnKKsxk
2024-07-25 23:51:37,381 [info]: Clicked on By.xpath: //div[@class='Select-menu-outer']//div[@aria-label='Send To']
2024-07-25 23:51:37,510 [info]: Move to element and Click on [[ChromeDriver: chrome on windows (2dbf5389ac4ceff2ed6474b658e50e71)] -> xpath: //div[contains(text(),'Basic Supervisor')]]
2024-07-25 23:51:37,525 [info]: GetText fromBy.xpath: (//div[@class='modal-header'])[2]//div[@class='abatement-activities__title-text']//h1
Test Passed: ForcedAbatement_OpenEditForcedAbatementActivityPopup1
]]></system-out>
    <system-err><![CDATA[org.openqa.selenium.TimeoutException: Expected condition failed: waiting for element to be clickable: By.xpath: (//li[@class='multi']//input[@type='checkbox'])[1] (tried for 60 second(s) with 1000 milliseconds interval)
Build info: version: '4.11.0', revision: '040bc5406b'
System info: os.name: 'Windows 11', os.arch: 'amd64', os.version: '10.0', java.version: '18.0.2.1'
Driver info: driver.version: unknown
	at org.openqa.selenium.support.ui.FluentWait.timeoutException(FluentWait.java:262)
	at org.openqa.selenium.support.ui.FluentWait.until(FluentWait.java:230)
	at CommonMethods.Helper.waitForElementIsInteractable(Helper.java:199)
	at POM.NotificationManagementUtility.AgencySetup_CreateNotificationAddRule(NotificationManagementUtility.java:528)
	at TestCases.NotificationManagement.AgencySetup_CreateNotificationAddRule(NotificationManagement.java:59)
	at java.base/jdk.internal.reflect.DirectMethodHandleAccessor.invoke(DirectMethodHandleAccessor.java:104)
	at java.base/java.lang.reflect.Method.invoke(Method.java:577)
	at org.testng.internal.invokers.MethodInvocationHelper.invokeMethod(MethodInvocationHelper.java:135)
	at org.testng.internal.invokers.TestInvoker.invokeMethod(TestInvoker.java:673)
	at org.testng.internal.invokers.TestInvoker.invokeTestMethod(TestInvoker.java:220)
	at org.testng.internal.invokers.MethodRunner.runInSequence(MethodRunner.java:50)
	at org.testng.internal.invokers.TestInvoker$MethodInvocationAgent.invoke(TestInvoker.java:945)
	at org.testng.internal.invokers.TestInvoker.invokeTestMethods(TestInvoker.java:193)
	at org.testng.internal.invokers.TestMethodWorker.invokeTestMethods(TestMethodWorker.java:146)
	at org.testng.internal.invokers.TestMethodWorker.run(TestMethodWorker.java:128)
	at java.base/java.util.concurrent.ThreadPoolExecutor.runWorker(ThreadPoolExecutor.java:1136)
	at java.base/java.util.concurrent.ThreadPoolExecutor$Worker.run(ThreadPoolExecutor.java:635)
	at java.base/java.lang.Thread.run(Thread.java:833)
]]></system-err>
  </testcase>
  <testcase name="ForcedAbatement_EditAddedActivity" classname="TestCases.ForcedAbatement" time="1.015">
    <system-out><![CDATA[2024-07-25 23:51:44,136 [info]: GetText fromBy.xpath: (//label[@class='field__value'])[2]
Test Passed: ForcedAbatement_EditAddedActivity
]]></system-out>
  </testcase>
  <testcase name="ForcedAbatement_ConfirmationPopupForDeletingActivity" classname="TestCases.ForcedAbatement" time="1.144">
    <system-out><![CDATA[2024-07-25 23:51:47,546 [info]: Sendkeys on By.xpath: //input[@name='label'] with value NotifDWG
2024-07-25 23:51:47,596 [info]: GetText fromBy.xpath: //div[@class='app-header__user-name']/label
enteer in try ..
Test Passed: ForcedAbatement_ConfirmationPopupForDeletingActivity
]]></system-out>
  </testcase>
  <testcase name="ForcedAbatement_DeleteAddedActivity" classname="TestCases.ForcedAbatement" time="1.092">
    <system-out><![CDATA[2024-07-25 23:52:54,186 [info]: Scroll Into View By.xpath: (//button[@class='square-btn btn btn-default'])[2]
2024-07-25 23:52:54,221 [info]: Click By JS By.xpath: (//button[@class='square-btn btn btn-default'])[2]
2024-07-25 23:52:54,260 [info]: Scroll Into View By.xpath: (//button[@class='square-btn btn btn-default'])[2]
2024-07-25 23:52:54,298 [info]: Click By JS By.xpath: (//button[@class='square-btn btn btn-default'])[2]
2024-07-25 23:52:54,339 [info]: Scroll Into View By.xpath: (//button[@class='square-btn btn btn-default'])[2]
2024-07-25 23:52:54,372 [info]: Click By JS By.xpath: (//button[@class='square-btn btn btn-default'])[2]
2024-07-25 23:52:54,400 [info]: Clicked on By.xpath: //a[text()='Change']
2024-07-25 23:52:54,413 [info]: Scroll Into View By.xpath: (//button[@class='square-btn btn btn-default'])[2]
2024-07-25 23:52:54,444 [info]: Click By JS By.xpath: (//button[@class='square-btn btn btn-default'])[2]
2024-07-25 23:52:54,485 [info]: Scroll Into View By.xpath: (//button[@class='square-btn btn btn-default'])[2]
2024-07-25 23:52:54,518 [info]: Click By JS By.xpath: (//button[@class='square-btn btn btn-default'])[2]
2024-07-25 23:52:54,559 [info]: Scroll Into View By.xpath: (//button[@class='square-btn btn btn-default'])[2]
2024-07-25 23:52:54,601 [info]: Click By JS By.xpath: (//button[@class='square-btn btn btn-default'])[2]
2024-07-25 23:52:54,648 [info]: Scroll Into View By.xpath: (//button[@class='square-btn btn btn-default'])[2]
2024-07-25 23:52:54,688 [info]: Click By JS By.xpath: (//button[@class='square-btn btn btn-default'])[2]
2024-07-25 23:52:54,753 [info]: Scroll Into View By.xpath: (//button[@class='square-btn btn btn-default'])[2]
2024-07-25 23:52:54,794 [info]: Click By JS By.xpath: (//button[@class='square-btn btn btn-default'])[2]
2024-07-25 23:52:54,974 [info]: Scroll Into View By.xpath: (//div[@class='pagination-bottom']//button)[2]
2024-07-25 23:52:55,051 [info]: Click By JS By.xpath: (//div[@class='pagination-bottom']//button)[2]
Test Passed: ForcedAbatement_DeleteAddedActivity
]]></system-out>
    <system-err><![CDATA[org.openqa.selenium.TimeoutException: Expected condition failed: waiting for visibility of element located by By.xpath: //div[@class='abatement-activities__fa-activity__header'] (tried for 60 second(s) with 1000 milliseconds interval)
Build info: version: '4.11.0', revision: '040bc5406b'
System info: os.name: 'Windows 11', os.arch: 'amd64', os.version: '10.0', java.version: '18.0.2.1'
Driver info: driver.version: unknown
	at org.openqa.selenium.support.ui.FluentWait.timeoutException(FluentWait.java:262)
	at org.openqa.selenium.support.ui.FluentWait.until(FluentWait.java:230)
	at CommonMethods.Helper.waitUntilElementIsVisible(Helper.java:148)
	at POM.ForcedAbatementUtility.ForcedAbatement_DeleteAddedActivity(ForcedAbatementUtility.java:612)
	at TestCases.ForcedAbatement.ForcedAbatement_DeleteAddedActivity(ForcedAbatement.java:124)
	at java.base/jdk.internal.reflect.DirectMethodHandleAccessor.invoke(DirectMethodHandleAccessor.java:104)
	at java.base/java.lang.reflect.Method.invoke(Method.java:577)
	at org.testng.internal.invokers.MethodInvocationHelper.invokeMethod(MethodInvocationHelper.java:135)
	at org.testng.internal.invokers.TestInvoker.invokeMethod(TestInvoker.java:673)
	at org.testng.internal.invokers.TestInvoker.invokeTestMethod(TestInvoker.java:220)
	at org.testng.internal.invokers.MethodRunner.runInSequence(MethodRunner.java:50)
	at org.testng.internal.invokers.TestInvoker$MethodInvocationAgent.invoke(TestInvoker.java:945)
	at org.testng.internal.invokers.TestInvoker.invokeTestMethods(TestInvoker.java:193)
	at org.testng.internal.invokers.TestMethodWorker.invokeTestMethods(TestMethodWorker.java:146)
	at org.testng.internal.invokers.TestMethodWorker.run(TestMethodWorker.java:128)
	at java.base/java.util.concurrent.ThreadPoolExecutor.runWorker(ThreadPoolExecutor.java:1136)
	at java.base/java.util.concurrent.ThreadPoolExecutor$Worker.run(ThreadPoolExecutor.java:635)
	at java.base/java.lang.Thread.run(Thread.java:833)
]]></system-err>
  </testcase>
  <testcase name="ForcedAbatement_VerifyAbleToSelectActivityType" classname="TestCases.ForcedAbatement" time="0.578">
    <system-out><![CDATA[2024-07-25 23:53:51,653 [info]: Clicked on By.xpath: //button[text()='Add Rule']
2024-07-25 23:53:51,832 [info]: Click By JS By.xpath: //div[@id='cs-attachments']//button
2024-07-25 23:53:51,854 [info]: Scroll Into View By.xpath: //div[@class='footer_actions']/button[2]
2024-07-25 23:53:52,090 [info]: Clicked on By.xpath: //button[text()='Add']
Test Passed: ForcedAbatement_VerifyAbleToSelectActivityType
]]></system-out>
    <system-err><![CDATA[org.openqa.selenium.TimeoutException: Expected condition failed: waiting for visibility of element located by By.xpath: //h1[contains(text(),'verification inspection')] (tried for 60 second(s) with 1000 milliseconds interval)
Build info: version: '4.11.0', revision: '040bc5406b'
System info: os.name: 'Windows 11', os.arch: 'amd64', os.version: '10.0', java.version: '18.0.2.1'
Driver info: driver.version: unknown
	at org.openqa.selenium.support.ui.FluentWait.timeoutException(FluentWait.java:262)
	at org.openqa.selenium.support.ui.FluentWait.until(FluentWait.java:230)
	at CommonMethods.Helper.waitUntilElementIsVisible(Helper.java:148)
	at CommonMethods.CECommonMethods.createCaseAndPerformInspectionWithoutAttachment(CECommonMethods.java:261)
	at POM.FinesUtility.createCaseAndPerformInspection(FinesUtility.java:177)
	at TestCases.FlatFineWithNotice.flatFineWithNotice_verifyFlatFineWithNoticeIsDisplayedOnPI(FlatFineWithNotice.java:81)
	at java.base/jdk.internal.reflect.DirectMethodHandleAccessor.invoke(DirectMethodHandleAccessor.java:104)
	at java.base/java.lang.reflect.Method.invoke(Method.java:577)
	at org.testng.internal.invokers.MethodInvocationHelper.invokeMethod(MethodInvocationHelper.java:135)
	at org.testng.internal.invokers.TestInvoker.invokeMethod(TestInvoker.java:673)
	at org.testng.internal.invokers.TestInvoker.invokeTestMethod(TestInvoker.java:220)
	at org.testng.internal.invokers.MethodRunner.runInSequence(MethodRunner.java:50)
	at org.testng.internal.invokers.TestInvoker$MethodInvocationAgent.invoke(TestInvoker.java:945)
	at org.testng.internal.invokers.TestInvoker.invokeTestMethods(TestInvoker.java:193)
	at org.testng.internal.invokers.TestMethodWorker.invokeTestMethods(TestMethodWorker.java:146)
	at org.testng.internal.invokers.TestMethodWorker.run(TestMethodWorker.java:128)
	at java.base/java.util.concurrent.ThreadPoolExecutor.runWorker(ThreadPoolExecutor.java:1136)
	at java.base/java.util.concurrent.ThreadPoolExecutor$Worker.run(ThreadPoolExecutor.java:635)
	at java.base/java.lang.Thread.run(Thread.java:833)
]]></system-err>
  </testcase>
  <testcase name="ForceAbatement_AbatementDetailsPopupopen" classname="TestCases.ForcedAbatement" time="0.591">
    <system-out><![CDATA[2024-07-25 23:54:00,901 [info]: Clicked on By.xpath: //button[text()='Continue to Generate Document']
2024-07-25 23:54:01,007 [info]: Scroll Into View By.xpath: //h2[text()='Abatement Activity']
2024-07-25 23:54:01,063 [info]: GetText fromBy.xpath: //h2[text()='Abatement Activity']//parent::div//label
2024-07-25 23:54:01,168 [info]: GetText fromBy.xpath: //div[text()='2']//following-sibling::label
Test Passed: ForceAbatement_AbatementDetailsPopupopen
]]></system-out>
  </testcase>
  <testcase name="ForceAbatement_AbatementDetailsDetails" classname="TestCases.ForcedAbatement" time="1.31">
    <system-out><![CDATA[2024-07-25 23:54:01,547 [info]: Clicked on By.xpath: //button[text()='Apply']
2024-07-25 23:54:01,849 [info]: Clicked on By.xpath: //div[@class='contact-tile tile']//input
2024-07-25 23:54:01,997 [info]: Sendkeys on By.xpath: //textarea[@placeholder='Enter Note'] with value Document Note
2024-07-25 23:54:02,057 [info]: Clicked on By.xpath: //div[@class='contact-tile tile']//div[@class='react-autosuggest__function']
2024-07-25 23:54:02,066 [info]: GetText fromBy.xpath: //div[@class='tile fine-section']//h5
2024-07-25 23:54:02,138 [info]: GetText fromBy.xpath: (//div[text()='Recipients']//parent::div//span[@class='contact-name'])[1]
2024-07-25 23:54:02,239 [info]: GetText fromBy.xpath: (//div[text()='Recipients']//parent::div//span[@class='contact-name'])[2]
2024-07-25 23:54:02,302 [info]: GetText fromBy.xpath: (//div[text()='Responsible Party']//parent::div//span[@class='contact-name'])[1]
2024-07-25 23:54:02,424 [info]: GetText fromBy.xpath: (//div[text()='Responsible Party']//parent::div//span[@class='contact-name'])[2]
2024-07-25 23:54:02,543 [info]: GetText fromBy.xpath: //label[@title='Select an FAA Document']
Test Passed: ForceAbatement_AbatementDetailsDetails
]]></system-out>
  </testcase>
  <testcase name="ForceAbatement_AttachmentSectionAppearFAADocSelected" classname="TestCases.ForcedAbatement" time="2.333">
    <system-out><![CDATA[2024-07-25 23:54:04,256 [info]: Scroll Into View By.xpath: //button[text()='Create Notification']
2024-07-25 23:54:04,536 [info]: Click By JS By.xpath: //button[text()='Create Notification']
2024-07-25 23:54:04,562 [info]: Sendkeys on By.xpath: //input[@name='email'] with value mYOVemzi@yopmail.com
referesh 1
2024-07-25 23:54:05,029 [info]: Sendkeys on By.xpath: //input[@name='workPhone'] with value 2033937185
2024-07-25 23:54:05,350 [info]: GetText fromBy.xpath: (//div[@class='modal-header'])[3]
2024-07-25 23:54:05,377 [info]: Scroll Into View By.xpath: //div[text()='Agency Boundary']
2024-07-25 23:54:05,485 [info]: Clicked on By.xpath: //button[text()='Create Contact']
2024-07-25 23:54:05,532 [info]: Click By JS By.xpath: //div[text()='Agency Boundary']
2024-07-25 23:54:05,804 [info]: Clicked on By.xpath: //button[text()='Close']
2024-07-25 23:54:05,933 [info]: GetText fromBy.xpath: //div[@class='flex-column--left agency-boundary__title']//h4
3
Test Passed: ForceAbatement_AttachmentSectionAppearFAADocSelected
]]></system-out>
  </testcase>
  <testcase name="ForceAbatement_ContactAppearUnderResponsibleParty" classname="TestCases.ForcedAbatement" time="0.189">
    <system-out><![CDATA[2024-07-25 23:55:44,468 [info]: GetText fromBy.xpath: (//div[text()='Responsible Party']//parent::div//span[@class='contact-name'])[2]
Test Passed: ForceAbatement_ContactAppearUnderResponsibleParty
]]></system-out>
  </testcase>
  <testcase name="ForceAbatement_SelectedAttachmentPopulatedonPrintPreview" classname="TestCases.ForcedAbatement" time="0.226">
    <system-out><![CDATA[2024-07-25 23:57:08,827 [info]: Scroll Into View By.xpath: //div[text()='Location Custom Fields']
2024-07-25 23:57:08,872 [info]: Click By JS By.xpath: //div[text()='Location Custom Fields']
2024-07-25 23:57:08,930 [info]: Clicked on By.id: idp-discovery-submit
Test Passed: ForceAbatement_SelectedAttachmentPopulatedonPrintPreview
]]></system-out>
    <system-err><![CDATA[org.openqa.selenium.TimeoutException: Expected condition failed: waiting for visibility of element located by By.xpath: //div[@class='abatement-activities__fa-activity__header'] (tried for 60 second(s) with 1000 milliseconds interval)
Build info: version: '4.11.0', revision: '040bc5406b'
System info: os.name: 'Windows 11', os.arch: 'amd64', os.version: '10.0', java.version: '18.0.2.1'
Driver info: driver.version: unknown
	at org.openqa.selenium.support.ui.FluentWait.timeoutException(FluentWait.java:262)
	at org.openqa.selenium.support.ui.FluentWait.until(FluentWait.java:230)
	at CommonMethods.Helper.waitUntilElementIsVisible(Helper.java:148)
	at POM.ForcedAbatementUtility.ForcedAbatement_DeleteAddedActivity(ForcedAbatementUtility.java:612)
	at POM.ForcedAbatementUtility.ForceAbatement_SelectedAttachmentPopulatedonPrintPreview(ForcedAbatementUtility.java:875)
	at TestCases.ForcedAbatement.ForceAbatement_SelectedAttachmentPopulatedonPrintPreview(ForcedAbatement.java:155)
	at java.base/jdk.internal.reflect.DirectMethodHandleAccessor.invoke(DirectMethodHandleAccessor.java:104)
	at java.base/java.lang.reflect.Method.invoke(Method.java:577)
	at org.testng.internal.invokers.MethodInvocationHelper.invokeMethod(MethodInvocationHelper.java:135)
	at org.testng.internal.invokers.TestInvoker.invokeMethod(TestInvoker.java:673)
	at org.testng.internal.invokers.TestInvoker.invokeTestMethod(TestInvoker.java:220)
	at org.testng.internal.invokers.MethodRunner.runInSequence(MethodRunner.java:50)
	at org.testng.internal.invokers.TestInvoker$MethodInvocationAgent.invoke(TestInvoker.java:945)
	at org.testng.internal.invokers.TestInvoker.invokeTestMethods(TestInvoker.java:193)
	at org.testng.internal.invokers.TestMethodWorker.invokeTestMethods(TestMethodWorker.java:146)
	at org.testng.internal.invokers.TestMethodWorker.run(TestMethodWorker.java:128)
	at java.base/java.util.concurrent.ThreadPoolExecutor.runWorker(ThreadPoolExecutor.java:1136)
	at java.base/java.util.concurrent.ThreadPoolExecutor$Worker.run(ThreadPoolExecutor.java:635)
	at java.base/java.lang.Thread.run(Thread.java:833)
]]></system-err>
  </testcase>
  <testcase name="LoginAgency" classname="TestCases.CCP" time="0.564">
    <system-out><![CDATA[2024-07-25 23:48:57,011 [info]: Timestamp 2024-07-25 23:48:57
2024-07-25 23:48:57,252 [info]: Click By JS By.cssSelector: .app-header__menu__icon
2024-07-25 23:48:57,573 [info]: GetText fromBy.xpath: //div[@class='app-header__user-name']/label
Test Passed: LoginAgency
]]></system-out>
  </testcase>
  <testcase name="CCP_GlobalValidationMsgForNoData" classname="TestCases.CCP" time="0.353">
    <system-out><![CDATA[2024-07-25 23:49:17,681 [info]: Switched to Window C527C508E8FAD38C3F14CEC6D8B771E1
enteer in try ..
2024-07-25 23:49:17,978 [info]: Sendkeys on By.xpath: //input[@name='city'] with value Austin
2024-07-25 23:49:18,330 [info]: Sendkeys on By.xpath: //div[@class='field__input row']/input with value Role_NoSupervisor24446
2024-07-25 23:49:18,371 [info]: Clicked on By.xpath: //label[text()='Select Option']
2024-07-25 23:49:18,409 [info]: Click By JS By.xpath: (//button[text()='Create Role'])[2]
2024-07-25 23:49:18,844 [info]: GetText fromBy.xpath: //div[@class='create-case__global-error']
Test Passed: CCP_GlobalValidationMsgForNoData
]]></system-out>
  </testcase>
  <testcase name="CCP_DefaultInfoMsgOnLOcationTile" classname="TestCases.CCP" time="0.098">
    <system-out><![CDATA[2024-07-25 23:49:18,878 [info]: GetText fromBy.xpath: //div[text()='SLA']
2024-07-25 23:49:18,915 [info]: GetText fromBy.xpath: //div[text()='Notifications']
2024-07-25 23:49:18,939 [info]: GetText fromBy.xpath: //div[@class='location-tile__display-data-empty-message tile-empty-msg']
Test Passed: CCP_DefaultInfoMsgOnLOcationTile
]]></system-out>
  </testcase>
  <testcase name="CCP_SearchAndAddAddress" classname="TestCases.CCP" time="2.445">
    <system-out><![CDATA[2024-07-25 23:49:26,640 [info]: Click By JS By.xpath: //label[text()='Customer Submission']
2024-07-25 23:49:26,640 [info]: Scroll Into View By.xpath: //button[text()='Add Rule']
2024-07-25 23:49:27,822 [info]: Sendkeys on By.xpath: //input[@name='sendFromEmail'] with value team-comcate
2024-07-25 23:49:27,879 [info]: Click By JS By.xpath: (//div[@class='react-toggle-thumb'])[3]
2024-07-25 23:49:28,284 [info]: Click By JS By.xpath: //div/input[@placeholder='Start typing name of violation, article number or issue description']
2024-07-25 23:49:28,354 [info]: Sendkeys on By.xpath: //input[@name='sendFromPhoneNumber'] with value 4142864141
2024-07-25 23:49:28,556 [info]: Click By JS By.xpath: //button[text()='True']
Execute successfully
Link .... https://app-stage.comcate.com/agencies/220/products/customer-submission/create
2024-07-25 23:49:28,691 [info]: Clicked on By.xpath: //li[@id='react-autowhatever-1-section-0-item-0']
2024-07-25 23:49:28,706 [info]: Scroll Into View By.xpath: //h1[text()='Create Agency']/following::button[2]
2024-07-25 23:49:28,876 [info]: Click By JS By.xpath: //button[text()='Add Rule']
2024-07-25 23:49:28,921 [info]: GetText fromBy.xpath: //label[text()='Street Address']//following-sibling::label
2024-07-25 23:49:28,969 [info]: GetText fromBy.xpath: (//label[text()='Zip']//following-sibling::label)[1]
Test Passed: CCP_SearchAndAddAddress
]]></system-out>
  </testcase>
  <testcase name="CCP_OpenAddAddressManuallyPopup" classname="TestCases.CCP" time="0.982">
    <system-out><![CDATA[2024-07-25 23:49:31,061 [info]: Scroll Into View By.xpath: //a[text()='Add Criteria']
2024-07-25 23:49:31,139 [info]: Click By JS By.xpath: //a[text()='Add Criteria']
2024-07-25 23:49:31,209 [info]: Scroll Into View By.xpath: (//h1[text()='Create Rule']//parent::div//following-sibling::div//button)[2]
2024-07-25 23:49:31,291 [info]: Click By JS By.xpath: (//h1[text()='Create Rule']//parent::div//following-sibling::div//button)[2]
2024-07-25 23:49:31,379 [info]: GetText fromBy.xpath: (//div[@class='modal-body']/div)[3]
2024-07-25 23:49:31,489 [info]: GetText fromBy.xpath: (//div[@class='modal-header'])[2]
Test Passed: CCP_OpenAddAddressManuallyPopup
]]></system-out>
  </testcase>
  <testcase name="CCP_CloseAddAddressManuallyPopup" classname="TestCases.CCP" time="5.039">
    <system-out><![CDATA[2024-07-25 23:49:32,042 [info]: Scroll Into View By.xpath: //button[text()='Add Rule']
2024-07-25 23:49:32,071 [info]: Clicked on By.xpath: //div/input[@placeholder='Start typing name of violation, article number or issue description']
2024-07-25 23:49:32,263 [info]: Clicked on By.xpath: //button[text()='Add Rule']
2024-07-25 23:49:32,271 [info]: Sendkeys on By.xpath: //input[@name='label'] with value Fine Without NoticefMeRl
2024-07-25 23:49:32,444 [info]: Sendkeys on By.xpath: //input[@name='defaultAmount'] with value 10000
2024-07-25 23:49:32,529 [info]: Click By JS By.xpath: //label[text()='Do not associate a notice']
2024-07-25 23:49:32,643 [info]: Click By JS By.xpath: //div[text()='Create Fine'][@class='modal-header']//parent::div//button[text()='Create Fine']
2024-07-25 23:49:33,548 [info]: Clicked on By.xpath: //label[@title='Attribute']//parent::div//parent::div//span[@class='Select-arrow-zone']
2024-07-25 23:49:33,642 [info]: Sendkeys on By.xpath: //div/input[@placeholder='Start typing name of violation, article number or issue description'] with value Wa
2024-07-25 23:49:33,793 [info]: Clicked on By.xpath: //div[@class='Select-menu-outer']//div[@aria-label='Submission Category']
2024-07-25 23:49:33,870 [info]: GetText fromBy.xpath: (//input[@name='attribute']//parent::div//span)[1]
2024-07-25 23:49:34,055 [info]: Clicked on By.xpath: //label[@title='Operator']//parent::div//parent::div//span[@class='Select-arrow']
2024-07-25 23:49:34,100 [info]: Clicked on By.xpath: //div[@class='react-autosuggest__suggestion-element']/div
2024-07-25 23:49:34,244 [info]: Clicked on By.xpath: //div[@class='Select-menu-outer']//div[@aria-label='Equals']
2024-07-25 23:49:34,460 [info]: Clicked on By.xpath: //label[@title='Value']//parent::div//parent::div//span[@class='Select-arrow']
2024-07-25 23:49:35,862 [info]: Click By JS By.xpath: //div[@class='manual-address-modal__footer']/button[1]
Test Passed: CCP_CloseAddAddressManuallyPopup
]]></system-out>
  </testcase>
  <testcase name="CCP_AddTheAddressManually" classname="TestCases.CCP" time="11.276">
    <system-out><![CDATA[2024-07-25 23:49:37,222 [info]: Clicked on By.xpath: //div[@class='location-tile__inputs-container']//input
2024-07-25 23:49:37,376 [info]: Sendkeys on By.xpath: //div/input[@placeholder='Start typing name of violation, article number or issue description'] with value Wa
2024-07-25 23:49:37,384 [info]: Clicked on By.xpath: //div[@class='react-autosuggest__function__sticky']
2024-07-25 23:49:37,427 [info]: Click By JS By.xpath: //div/input[@placeholder='Start typing name of violation, article number or issue description']
2024-07-25 23:49:37,823 [info]: Clicked on By.xpath: //div[@class='react-autosuggest__suggestion-element']/div
2024-07-25 23:49:39,198 [info]: Scroll Into View By.xpath: //div[@class='contact-tile tile']//input
2024-07-25 23:49:39,658 [info]: Clicked on By.xpath: //div[@class='contact-tile tile']//input
2024-07-25 23:49:39,819 [info]: Sendkeys on By.xpath: //div[@class='manual-address-modal__body']//input[@name='streetAddress'] with value Manual Street
2024-07-25 23:49:40,066 [info]: Click By JS By.xpath: //div[@class='contact-tile tile']//div[@class='react-autosuggest__function']
2024-07-25 23:49:40,136 [info]: Sendkeys on By.xpath: //div[@class='manual-address-modal__body']//input[@name='city'] with value Manual City
2024-07-25 23:49:40,425 [info]: Sendkeys on By.xpath: //div[@class='manual-address-modal__body']//input[@name='zip'] with value 77590
2024-07-25 23:49:40,762 [info]: Sendkeys on By.xpath: //div/input[@name='apn'] with value 7030-0122-0011-000
2024-07-25 23:49:41,085 [info]: Clicked on By.xpath: //div[@class='manual-address-modal__footer']/button[2]
2024-07-25 23:49:41,497 [info]: Sendkeys on By.xpath: //input[@name='name'] with value UPhMBCiA
2024-07-25 23:49:41,866 [info]: Sendkeys on By.xpath: //input[@name='email'] with value UPhMBCiA@yopmail.com
2024-07-25 23:49:42,167 [info]: Sendkeys on By.xpath: //input[@name='workPhone'] with value 4186059239
2024-07-25 23:49:42,214 [info]: Scroll Into View By.xpath: (//div[@class='full-page-modal__header']//button[2])[2]
2024-07-25 23:49:42,479 [info]: Clicked on By.xpath: (//div[@class='full-page-modal__header']//button[2])[2]
2024-07-25 23:49:42,702 [info]: Sendkeys on By.xpath: //div/input[@placeholder='Start typing name of violation, article number or issue description'] with value Wa
2024-07-25 23:49:42,835 [info]: Scroll Into View By.xpath: //*[@class='table__pagination-of-text']
No of pages on fines page 14
no of fines on page 10
OSnFineEdited
2024-07-25 23:49:42,910 [info]: Scroll Into View By.xpath: //div[@class='contact-tile tile']//input
r9fFine
2024-07-25 23:49:42,967 [info]: Clicked on By.xpath: //div[@class='react-autosuggest__suggestion-element']/div
HTML Mandatory Notice Fine
Flat Fine With Notice
Flat Fine With FA Document
Flat Fine With No Notice And No FA
Violation Specific Fine Linked To Violations Only
Violation Specific Fine Linked To Notice Only
UpdatedFine Without NoticeYMaNc
18ZGsViolationSpecific
2024-07-25 23:49:43,261 [info]: Click By JS By.xpath: //div[@class='table__pagination-nav-btns']/button[2]
2024-07-25 23:49:44,931 [info]: Scroll Into View By.xpath: //div[@class='dropdown__selector__selected']/label
2024-07-25 23:49:45,014 [info]: Click By JS By.xpath: //div[@class='dropdown__selector__selected']/label
2024-07-25 23:49:46,024 [info]: Scroll Into View By.xpath: //div[@class='contact-tile tile']//input
2024-07-25 23:49:46,272 [info]: Clicked on By.xpath: //div[@class='contact-tile tile']//input
no of fines on page 10
UpdatedFine Without NoticeBTIlh
abcdTesting
2024-07-25 23:49:46,419 [info]: Sendkeys on By.xpath: //input[@name='query'] with value Location Not Required
Testing2
Zipiningi
2024-07-25 23:49:46,491 [info]: Click By JS By.xpath: //div[@class='contact-tile tile']//div[@class='react-autosuggest__function']
UpdatedFine Without NoticeYKflz
N2cn1ViolationSpecific
vQTmmViolationSpecific
3S075ViolationSpecific
UpdatedFine Without NoticekSgWv
UJXkFViolationSpecific
2024-07-25 23:49:46,716 [info]: Sendkeys on By.xpath: //input[@name='name'] with value sNxLMoDT
2024-07-25 23:49:46,738 [info]: Click By JS By.xpath: //div[@class='table__pagination-nav-btns']/button[2]
2024-07-25 23:49:47,037 [info]: Sendkeys on By.xpath: //input[@name='email'] with value sNxLMoDT@yopmail.com
2024-07-25 23:49:47,263 [info]: Sendkeys on By.xpath: //input[@name='workPhone'] with value 8783528089
2024-07-25 23:49:47,284 [info]: Scroll Into View By.xpath: (//div[@class='full-page-modal__header']//button[2])[2]
2024-07-25 23:49:47,431 [info]: Clicked on By.xpath: (//div[@class='full-page-modal__header']//button[2])[2]
2024-07-25 23:49:48,291 [info]: GetText fromBy.xpath: //label[text()='Street Address']//following-sibling::label
Test Passed: CCP_AddTheAddressManually
]]></system-out>
  </testcase>
  <testcase name="CCP_EditAddedAddress" classname="TestCases.CCP" time="1.257">
    <system-out><![CDATA[2024-07-25 23:49:48,659 [info]: Clicked on By.xpath: //div[@class='edit-address__actions']/button
2024-07-25 23:49:48,902 [info]: Clicked on By.xpath: //span/label[text()='Property Owner']
2024-07-25 23:49:49,007 [info]: Sendkeys on By.xpath: //input[@name='streetAddress'] with value 409 6TH ST N
2024-07-25 23:49:49,304 [info]: Clicked on By.xpath: //button[text()='Apply']
Test Passed: CCP_EditAddedAddress
]]></system-out>
  </testcase>
  <testcase name="CCP_UpdateAddressOnSaveButton" classname="TestCases.CCP" time="7.333">
    <system-out><![CDATA[2024-07-25 23:49:49,609 [info]: Clicked on By.xpath: //div[@class='contact-tile tile']//input
2024-07-25 23:49:49,665 [info]: Clicked on By.xpath: //span/label[text()='Property Owner']
no of fines on page 10
UpdatedFine Without NoticeTrDQI
2024-07-25 23:49:49,833 [info]: Clicked on By.xpath: //div[@class='edit-address__header']/child::div/button[2]
UpdatedFine Without NoticesAhDb
2024-07-25 23:49:49,885 [info]: Clicked on By.xpath: //button[text()='Apply']
UpdatedFine Without NoticeMoUyy
2024-07-25 23:49:49,916 [info]: Scroll Into View By.xpath: //span[contains(text(),'Attachments')]//following-sibling::button
iPccQViolationSpecific
2024-07-25 23:49:49,926 [info]: Click By JS By.xpath: //div[@class='contact-tile tile']//div[@class='react-autosuggest__function']
UpdatedFine Without Noticebnkor
Mz7D4ViolationSpecific
2024-07-25 23:49:50,035 [info]: Clicked on By.xpath: //div/button[text()='Create Case']
hp9yMViolationSpecific
2024-07-25 23:49:50,072 [info]: Click By JS By.xpath: //span[contains(text(),'Attachments')]//following-sibling::button
UpdatedFine Without NoticecENNc
DFzLaViolationSpecific
5OTDMViolationSpecific
2024-07-25 23:49:50,176 [info]: Click By JS By.xpath: //div[@class='table__pagination-nav-btns']/button[2]
2024-07-25 23:49:51,605 [info]: Clicked on By.xpath: //ul[@class='dropdown__options--single']//li//b
2024-07-25 23:49:51,855 [info]: Sendkeys on By.xpath: //textarea[@name='issueDescription'] with value zWpA62tHVh4mGLjxvtZl
2024-07-25 23:49:51,886 [info]: Sendkeys on By.xpath: //input[@name='name'] with value NoDPMZYO
2024-07-25 23:49:52,101 [info]: Sendkeys on By.xpath: //label[@class='contact-tile__searchbox-label']/following::input[1] with value Amandeep Singh
2024-07-25 23:49:52,255 [info]: Sendkeys on By.xpath: //input[@name='email'] with value NoDPMZYO@yopmail.com
2024-07-25 23:49:52,547 [info]: Sendkeys on By.xpath: //input[@name='workPhone'] with value 2613372454
2024-07-25 23:49:52,582 [info]: Scroll Into View By.xpath: (//div[@class='full-page-modal__header']//button[2])[2]
2024-07-25 23:49:52,842 [info]: Clicked on By.xpath: (//div[@class='full-page-modal__header']//button[2])[2]
no of fines on page 10
UpdatedFine Without NoticeclIrk
8uABsViolationSpecific
UpdatedFine Without NoticeVWibL
UpdatedFine Without NoticeEanzq
gE9psViolationSpecific
46RQpViolationSpecific
J4H3eViolationSpecific
tZ47vViolationSpecific
uqDD3ViolationSpecific
vOLHHViolationSpecific
2024-07-25 23:49:53,553 [info]: Click By JS By.xpath: //div[@class='table__pagination-nav-btns']/button[2]
2024-07-25 23:49:54,359 [info]: Clicked on By.xpath: (//div[@class='react-autosuggest__suggestion-element']/div)
2024-07-25 23:49:54,446 [info]: Get Attribute value from By.xpath: //input[@name='phoneNumber']
2024-07-25 23:49:54,550 [info]: Get Attribute value from By.xpath: //*[@name='email']
2024-07-25 23:49:54,741 [info]: Sendkeys on By.xpath: //div[@class='tags-input__chips']/input with value LeQD,
2024-07-25 23:49:54,881 [info]: Sendkeys on By.xpath: //div[@class='tags-input__chips']/input with value APgR,
2024-07-25 23:49:55,031 [info]: Sendkeys on By.xpath: //div[@class='tags-input__chips']/input with value 7Ajb,
2024-07-25 23:49:55,165 [info]: Sendkeys on By.xpath: //div[@class='tags-input__chips']/input with value ATf5,
2024-07-25 23:49:55,300 [info]: Sendkeys on By.xpath: //div[@class='tags-input__chips']/input with value tKId,
2024-07-25 23:49:55,371 [info]: Click By JS By.xpath: //div[text()='Attachments ']/following::button
2024-07-25 23:49:55,807 [info]: Sendkeys on By.xpath: //input[@placeholder='Search by keyword'] with value NAVA_qFjSQylV
no of fines on page 10
Fine Without NoticebEYhk
5WqljViolationSpecific
qwerty
2024-07-25 23:49:56,760 [info]: GetText fromBy.xpath: //label[text()='Street Address']//following-sibling::label
UpdatedFine Without NoticenVObo
2024-07-25 23:49:56,799 [info]: GetText fromBy.xpath: //label[text()='City']//following-sibling::label
Af8eaViolationSpecific
Fine Without NoticehBvVi
2024-07-25 23:49:56,875 [info]: GetText fromBy.xpath: (//label[text()='Zip']//following-sibling::label)[1]
Test Passed: CCP_UpdateAddressOnSaveButton
]]></system-out>
  </testcase>
  <testcase name="CCP_AddressShouldntGetUpdatedOnCancelButton" classname="TestCases.CCP" time="0.856">
    <system-out><![CDATA[hleLnViolationSpecific
Fine Without NoticeuEKje
Fine Without NoticetoyKk
oza1pViolationSpecific
2024-07-25 23:49:57,108 [info]: Click By JS By.xpath: //div[@class='table__pagination-nav-btns']/button[2]
2024-07-25 23:49:57,135 [info]: Clicked on By.xpath: //h5[text()='Assign Case To']//parent::div//span[@class='dropdown__arrow']
2024-07-25 23:49:57,313 [info]: Clicked on By.xpath: //div[@class='edit-address__actions']/button
2024-07-25 23:49:57,581 [info]: Clicked on By.xpath: //div[@class='edit-address__header']/child::div/button[1]
2024-07-25 23:49:57,627 [info]: GetText fromBy.xpath: //label[text()='Street Address']//following-sibling::label
2024-07-25 23:49:57,690 [info]: GetText fromBy.xpath: //label[text()='City']//following-sibling::label
2024-07-25 23:49:57,737 [info]: GetText fromBy.xpath: (//label[text()='Zip']//following-sibling::label)[1]
Test Passed: CCP_AddressShouldntGetUpdatedOnCancelButton
]]></system-out>
  </testcase>
  <testcase name="CCP_OpenFlagAddressPopup" classname="TestCases.CCP" time="6.123">
    <system-out><![CDATA[2024-07-25 23:49:58,490 [info]: Scroll Into View By.xpath: //button[text()='Add']
2024-07-25 23:49:58,605 [info]: Clicked on By.xpath: //button[@class='edit-btn agencies-listing__agency-action-edit btn btn-primary']
2024-07-25 23:49:58,729 [info]: Sendkeys on By.xpath: //h5[text()='Assign Case To']//parent::div//input[@placeholder='Start typing name of the assignee'] with value Mark Shane
2024-07-25 23:49:59,243 [info]: Clicked on By.xpath: //div[@class='react-autosuggest__suggestion-element']//b
no of fines on page 10
BvQtEViolationSpecific
UpdatedFine Without NoticeiWyiX
2024-07-25 23:50:00,315 [info]: Clicked on By.xpath: //div[@class='agency-form__product-listing'][text()='Online Payments']
UpdatedFine Without NoticevUMiF
UpdatedFine Without NoticeAPlOk
WyIrAViolationSpecific
2024-07-25 23:50:00,410 [info]: Clicked on By.xpath: //h5[text()='Assign Case To']//parent::div//span[@class='dropdown__arrow']
UpdatedFine Without NoticesJIcD
smITCViolationSpecific
UpdatedFine Without NoticeSFjJt
2024-07-25 23:50:00,487 [info]: Clicked on By.xpath: //span/label[text()='Property Owner']
ursijViolationSpecific
Fine Without NoticeMuetQ
2024-07-25 23:50:00,607 [info]: Click By JS By.xpath: //div[@class='table__pagination-nav-btns']/button[2]
2024-07-25 23:50:00,640 [info]: Clicked on By.xpath: //h5[text()='Assign Inspection To']//parent::div//span[@class='dropdown__arrow']
2024-07-25 23:50:00,864 [info]: Clicked on By.xpath: //button[text()='Apply']
2024-07-25 23:50:00,909 [info]: Clicked on By.xpath: //button[text()='Add']
2024-07-25 23:50:00,933 [info]: Scroll Into View By.xpath: //span[contains(text(),'Attachments')]//following-sibling::button
2024-07-25 23:50:01,012 [info]: Click By JS By.xpath: //span[contains(text(),'Attachments')]//following-sibling::button
2024-07-25 23:50:01,583 [info]: Clicked on By.xpath: //div/button[text()='Create Case']
2024-07-25 23:50:02,014 [info]: Sendkeys on By.xpath: //h5[text()='Assign Inspection To']//parent::div//input[@placeholder='Start typing name of the assignee'] with value Mark Shane
2024-07-25 23:50:02,133 [info]: Click By JS By.xpath: (//div[@class='react-toggle-thumb'])[1]
2024-07-25 23:50:02,366 [info]: Clicked on By.xpath: //div[@class='react-autosuggest__suggestion-element']//b
2024-07-25 23:50:02,596 [info]: Clicked on By.xpath: //label[@title='Payment Gateway']//parent::div//following-sibling::div//span[@class='Select-arrow']
2024-07-25 23:50:02,765 [info]: Clicked on By.xpath: (//div[@class='Select-menu-outer']//div)[1]
2024-07-25 23:50:03,038 [info]: Sendkeys on By.xpath: //input[@name='apiKeyId'] with value 4TH6d6sB
2024-07-25 23:50:03,342 [info]: Sendkeys on By.xpath: //input[@name='apiKeySecret'] with value 7w4F4Q4KhB63qt4j
2024-07-25 23:50:03,558 [info]: Clicked on By.xpath: //h5[text()='Assign Inspection To']//parent::div//span[@class='dropdown__arrow']
2024-07-25 23:50:03,583 [info]: Sendkeys on By.xpath: //input[@name='transactionFeeValue'] with value 10
no of fines on page 10
Fine Without NoticeesISR
2024-07-25 23:50:03,785 [info]: Sendkeys on By.xpath: //input[@name='minimumPaymentAmount'] with value 10
UpdatedFine Without NoticeesISR
UpdatedFine Without NoticevvFEb
UpdatedFine Without NoticezngSB
UpdatedFine Without NoticexlBMh
2024-07-25 23:50:03,959 [info]: Clicked on By.xpath: //div[@class='modal-footer']//button[2]
UpdatedFine Without NoticexHlcJ
UpdatedFine Without NoticeRkPUi
2024-07-25 23:50:04,000 [info]: Clicked on By.xpath: //button[text()='On']
UpdatedFine Without NoticeuKBbu
WQAJNViolationSpecific
tWZDXViolationSpecific
2024-07-25 23:50:04,117 [info]: Click By JS By.xpath: //div[@class='table__pagination-nav-btns']/button[2]
2024-07-25 23:50:04,176 [info]: Clicked on By.xpath: //button[text()='Add Integration']
2024-07-25 23:50:04,304 [info]: Clicked on By.xpath: //button[text()='Add']
2024-07-25 23:50:04,308 [info]: GetText fromBy.xpath: (//div[@class='modal-header'])[2]
Test Passed: CCP_OpenFlagAddressPopup
]]></system-out>
  </testcase>
  <testcase name="CCP_CloseFlagAddressPopup" classname="TestCases.CCP" time="1.566">
    <system-out><![CDATA[2024-07-25 23:50:04,546 [info]: Clicked on By.xpath: //h1[text()='Edit Agency']//following::button[text()='Save']
2024-07-25 23:50:04,770 [info]: Clicked on By.xpath: (//button[@class='square-btn btn btn-default'])[2]
2024-07-25 23:50:05,482 [info]: Scroll Into View By.xpath: //button[text()='Create Submission']
2024-07-25 23:50:05,517 [info]: Click By JS By.xpath: //button[text()='Create Submission']
Test Passed: CCP_CloseFlagAddressPopup
]]></system-out>
  </testcase>
  <testcase name="CCP_VerifyFlagAddressButtonState" classname="TestCases.CCP" time="3.169">
    <system-out><![CDATA[2024-07-25 23:50:06,850 [info]: Clicked on By.xpath: //h5[text()='Assign Case To']//parent::div//span[@class='dropdown__arrow']
2024-07-25 23:50:07,094 [info]: Click By JS By.xpath: (//div[@class='react-toggle-thumb'])[1]
no of fines on page 10
6eNf4ViolationSpecific
Xq5iTViolationSpecific
sbGeCViolationSpecific
UpdatedFine Without Noticeziorl
RstNFViolationSpecific
UpdatedFine Without NoticeaCcsn
ynkQtViolationSpecific
KNnlCViolationSpecific
sJYLyViolationSpecific
UpdatedFine Without NoticeVmqWR
2024-07-25 23:50:07,518 [info]: Click By JS By.xpath: //div[@class='table__pagination-nav-btns']/button[2]
2024-07-25 23:50:08,833 [info]: Sendkeys on By.xpath: //h5[text()='Assign Case To']//parent::div//input[@placeholder='Start typing name of the assignee'] with value Mark Shane
2024-07-25 23:50:08,981 [info]: Sendkeys on By.xpath: //textarea[@name='reasonForFlagging'] with value vGsPtPTz3u8BK3ksAkXa
Test Passed: CCP_VerifyFlagAddressButtonState
]]></system-out>
  </testcase>
  <testcase name="CCP_VerifyFlaggedButtonState" classname="TestCases.CCP" time="1.178">
    <system-out><![CDATA[2024-07-25 23:50:09,260 [info]: Clicked on By.xpath: //div[@class='react-autosuggest__suggestion-element']//b
2024-07-25 23:50:10,163 [info]: Clicked on By.xpath: //button[text()='Flag address']
2024-07-25 23:50:10,235 [info]: GetText fromBy.xpath: (//label[@class='field__label-data-field field__label-data-field--toggle'])[1]
Test Passed: CCP_VerifyFlaggedButtonState
]]></system-out>
  </testcase>
  <testcase name="CCP_InfoMsgForNoViolation" classname="TestCases.CCP" time="0.058">
    <system-out><![CDATA[Test Passed: CCP_InfoMsgForNoViolation
]]></system-out>
  </testcase>
  <testcase name="CCP_ValidationMsgForNoViolation" classname="TestCases.CCP" time="1.315">
    <system-out><![CDATA[2024-07-25 23:50:10,380 [info]: Clicked on By.xpath: //h5[text()='Assign Case To']//parent::div//span[@class='dropdown__arrow']
2024-07-25 23:50:10,384 [info]: Clicked on By.xpath: //button[text()='Add']
no of fines on page 10
2024-07-25 23:50:10,600 [info]: Clicked on By.xpath: //h5[text()='Assign Inspection To']//parent::div//span[@class='dropdown__arrow']
UpdatedFine Without NoticeTNYMX
oSV3PViolationSpecific
unYtzViolationSpecific
UpdatedFine Without NoticemLAlu
bPIUWViolationSpecific
UpdatedFine Without NoticegRaio
7xFZWViolationSpecific
UpdatedFine Without NoticenpgMz
UpdatedFine Without NoticeegcDq
UpdatedFine Without NoticeajdoJ
2024-07-25 23:50:10,937 [info]: Click By JS By.xpath: //div[@class='table__pagination-nav-btns']/button[2]
2024-07-25 23:50:11,550 [info]: Click By JS By.xpath: //div/button[text()='Create Case']
Test Passed: CCP_ValidationMsgForNoViolation
]]></system-out>
  </testcase>
  <testcase name="CCP_InfoMsgForNonExistingData" classname="TestCases.CCP" time="0.264">
    <system-out><![CDATA[2024-07-25 23:50:11,821 [info]: Sendkeys on By.xpath: //div/input[@placeholder='Start typing name of violation, article number or issue description'] with value 1j0D5dgXAV
2024-07-25 23:50:11,872 [info]: GetText fromBy.xpath: //div[@class='react-autosuggest__empty-message']
Test Passed: CCP_InfoMsgForNonExistingData
]]></system-out>
  </testcase>
  <testcase name="CCP_AddCustomIssueDescriptionField" classname="TestCases.CCP" time="0.167">
    <system-out><![CDATA[2024-07-25 23:50:12,002 [info]: Click By JS By.xpath: (//div/i[@class='react-autosuggest__add-icon'])[2]
Test Passed: CCP_AddCustomIssueDescriptionField
]]></system-out>
  </testcase>
  <testcase name="CCP_validationMsgForEmptyCustomIssueDescriptionField" classname="TestCases.CCP" time="0.255">
    <system-out><![CDATA[2024-07-25 23:50:12,113 [info]: Click By JS By.xpath: //div[@id='violation-tile']/div[2]/div/div[2]/button
2024-07-25 23:50:12,148 [info]: Click By JS By.xpath: //div/input[@placeholder='Start typing name of violation, article number or issue description']
2024-07-25 23:50:12,223 [info]: Click By JS By.xpath: (//div/i[@class='react-autosuggest__add-icon'])[2]
2024-07-25 23:50:12,295 [info]: GetText fromBy.xpath: //span[@class='field__error']
Test Passed: CCP_validationMsgForEmptyCustomIssueDescriptionField
]]></system-out>
  </testcase>
  <testcase name="CCP_AddViolationWithEntity" classname="TestCases.CCP" time="0.589">
    <system-out><![CDATA[2024-07-25 23:53:24,470 [info]: Scroll Into View By.xpath: //h2[contains(text(),'Inactive')]
2024-07-25 23:53:24,509 [info]: GetText fromBy.xpath: //h2[contains(text(),'Inactive')]
2024-07-25 23:53:24,610 [info]: Scroll Into View By.xpath: //h2[contains(text(),'Inactive')]
2024-07-25 23:53:24,654 [info]: GetText fromBy.xpath: //h2[contains(text(),'Inactive')]
2024-07-25 23:53:24,691 [info]: GetText fromBy.xpath: (//h2[contains(text(),'Inactive')]//ancestor::div[@class='agency-setup-tab__section']//div[@class='rt-td'])[26]
2024-07-25 23:53:24,771 [info]: Scroll Into View By.xpath: //h2[contains(text(),'Active')]
2024-07-25 23:53:24,819 [info]: GetText fromBy.xpath: //h2[contains(text(),'Active')]
2024-07-25 23:53:24,820 [info]: Sendkeys on By.xpath: //div/input[@name='Animal Colour'] with value Black
2024-07-25 23:53:24,874 [info]: Scroll Into View By.xpath: //h2[contains(text(),'Inactive')]
2024-07-25 23:53:24,915 [info]: GetText fromBy.xpath: //h2[contains(text(),'Inactive')]
2024-07-25 23:53:24,963 [info]: Scroll Into View By.xpath: (//h2[contains(text(),'Inactive')]//ancestor::div[@class='agency-setup-tab__section']//div[@class='rt-td']//button)[6]
2024-07-25 23:53:24,989 [info]: Clicked on By.xpath: //button[text()='Add']
Test Passed: CCP_AddViolationWithEntity
]]></system-out>
  </testcase>
  <testcase name="CCP_SearchAndAddViolation" classname="TestCases.CCP" time="4.457">
    <system-out><![CDATA[2024-07-25 23:53:25,069 [info]: Click By JS By.xpath: (//h2[contains(text(),'Inactive')]//ancestor::div[@class='agency-setup-tab__section']//div[@class='rt-td']//button)[6]
2024-07-25 23:53:25,207 [info]: Clicked on By.xpath: //div/input[@placeholder='Start typing name of violation, article number or issue description']
2024-07-25 23:53:25,263 [info]: Click By JS By.xpath: //li[@id='react-autowhatever-1-section-0-item-0']
2024-07-25 23:53:25,323 [info]: Sendkeys on By.xpath: //div/input[@placeholder='Start typing name of violation, article number or issue description'] with value An
2024-07-25 23:53:25,352 [info]: GetText fromBy.xpath: //label[text()='Associated Submission']/following::a[1]
2024-07-25 23:53:25,495 [info]: Clicked on By.xpath: //div[@class="react-autosuggest__suggestion-element"]/div
2024-07-25 23:53:25,788 [info]: Clicked on By.xpath: //button[text()='Perform Inspection']
2024-07-25 23:53:25,887 [info]: Click By JS By.xpath: //div/button[text()='Create Case']
2024-07-25 23:53:26,014 [info]: Clicked on By.xpath: //div[@class='multi-choice-buttons']/button[text()='Invalid']
2024-07-25 23:53:26,152 [info]: Sendkeys on By.xpath: //textarea[@name='reason'] with value aUMkX0h9j7gYmq6PFG5GulmxceM5EFmXekOKLnQCWaFSYQvKkQ
2024-07-25 23:53:26,341 [info]: Clicked on By.xpath: //div[@class='footer_actions']/button
2024-07-25 23:53:26,591 [info]: Clicked on By.xpath: //div[@class='flex-row--center']/button[text()='Yes']
2024-07-25 23:53:26,936 [info]: Sendkeys on By.xpath: //div[@class='searchbox-container']//input with value Wh
2024-07-25 23:53:27,351 [info]: Clicked on By.xpath: //button[text()='Active']
2024-07-25 23:53:28,439 [info]: Scroll Into View By.xpath: //div[@class='modal-footer']//button[2]
2024-07-25 23:53:28,651 [info]: Click By JS By.xpath: //div[text()='Attachments ']/following::button
2024-07-25 23:53:28,733 [info]: Click By JS By.xpath: //div[@class='modal-footer']//button[2]
2024-07-25 23:53:29,162 [info]: Clicked on By.xpath: //li[@role='option']//div[@class='list-label']//b[text()='Wh']
2024-07-25 23:53:29,380 [info]: Clicked on By.xpath: //button[text()='Add']
2024-07-25 23:53:29,421 [info]: Clicked on By.xpath: //button[text()='Cancel']
2024-07-25 23:53:29,431 [info]: Scroll Into View By.xpath: //button[text()='Save']
Test Passed: CCP_SearchAndAddViolation
]]></system-out>
  </testcase>
  <testcase name="CCP_VerifyAddAnotherViolationLink" classname="TestCases.CCP" time="0.054">
    <system-out><![CDATA[2024-07-25 23:53:29,511 [info]: GetText fromBy.xpath: //div[@class='violation-tile__entity-disclaimer']/a
Test Passed: CCP_VerifyAddAnotherViolationLink
]]></system-out>
  </testcase>
  <testcase name="CCP_DeleteAddedViolation" classname="TestCases.CCP" time="0.301">
    <system-out><![CDATA[2024-07-25 23:53:29,632 [info]: Clicked on By.xpath: //button[text()='Save']
2024-07-25 23:53:29,799 [info]: Clicked on By.xpath: //div[@class='violation-tile__item-info']/following::button[1]
Test Passed: CCP_DeleteAddedViolation
]]></system-out>
  </testcase>
  <testcase name="CCP_OpenEditViolationPopup" classname="TestCases.CCP" time="1.692">
    <system-out><![CDATA[2024-07-25 23:53:30,618 [info]: GetText fromBy.xpath: //label[text()='Customer Name']/following::a[1]
2024-07-25 23:53:30,753 [info]: Click By JS By.xpath: //label[text()='Customer Name']/following::a[1]
Test Passed: CCP_OpenEditViolationPopup
]]></system-out>
  </testcase>
  <testcase name="CCP_UploadPhotoForViolation" classname="TestCases.CCP" time="3.264">
    <system-out><![CDATA[2024-07-25 23:53:32,843 [info]: GetText fromBy.xpath: //h2[@class='case-details__case-status']
2024-07-25 23:53:33,000 [info]: Clicked on By.xpath: //button[text()='Add']
2024-07-25 23:53:33,698 [info]: Clicked on By.xpath: //button[text()='Add']
2024-07-25 23:53:33,887 [info]: Scroll Into View By.xpath: //button[text()='Create Submission']
2024-07-25 23:53:34,048 [info]: Scroll Into View By.xpath: //h2[contains(text(),'Active')]
2024-07-25 23:53:34,055 [info]: Click By JS By.xpath: //button[text()='Create Submission']
2024-07-25 23:53:34,098 [info]: GetText fromBy.xpath: //h2[contains(text(),'Active')]
2024-07-25 23:53:34,158 [info]: Scroll Into View By.xpath: //h2[contains(text(),'Active')]
2024-07-25 23:53:34,198 [info]: GetText fromBy.xpath: //h2[contains(text(),'Active')]
2024-07-25 23:53:35,392 [info]: Click By JS By.xpath: //div[@class='entity-modal__footer']/button[2]
Test Passed: CCP_UploadPhotoForViolation
]]></system-out>
  </testcase>
  <testcase name="CCP_VerifyReplaceButtonPresence" classname="TestCases.CCP" time="0.454">
    <system-out><![CDATA[2024-07-25 23:53:36,443 [info]: Scroll Into View By.xpath: //button[text()='Create Notification']
2024-07-25 23:53:36,560 [info]: Click By JS By.xpath: //button[text()='Create Notification']
2024-07-25 23:53:36,815 [info]: GetText fromBy.xpath: //div[@class='file-upload__actions']//label[text()='Replace']
Test Passed: CCP_VerifyReplaceButtonPresence
]]></system-out>
  </testcase>
  <testcase name="CCP_DeleteAddedPhoto" classname="TestCases.CCP" time="0.663">
    <system-out><![CDATA[2024-07-25 23:53:36,891 [info]: Scroll Into View By.xpath: //label[text()='Associated Submission']/following::a[1]
2024-07-25 23:53:37,023 [info]: Clicked on By.xpath: //div[@class='file-upload__actions']/button
2024-07-25 23:53:37,233 [info]: Clicked on By.xpath: //label[text()='Associated Submission']/following::a[1]
2024-07-25 23:53:37,477 [info]: Clicked on By.xpath: //div[@class='entity-modal__footer']/button[1]
Test Passed: CCP_DeleteAddedPhoto
]]></system-out>
  </testcase>
  <testcase name="CCP_VerifyTotalViolationsCount" classname="TestCases.CCP" time="0.151">
    <system-out><![CDATA[2024-07-25 23:53:37,614 [info]: GetText fromBy.xpath: //div[@id='violation-tile']/div/div/h2/span
Test Passed: CCP_VerifyTotalViolationsCount
]]></system-out>
  </testcase>
  <testcase name="CCP_OpenViolationListingPopup" classname="TestCases.CCP" time="2.543">
    <system-out><![CDATA[2024-07-25 23:53:37,961 [info]: Clicked on By.xpath: //div[@id='violation-tile']/div/div/h2/a[1]
2024-07-25 23:53:38,170 [info]: Clicked on By.xpath: //button[text()='Submit Anyway']
2024-07-25 23:53:39,965 [info]: Clicked on By.xpath: //label[@title='Action']//parent::div//parent::div//span[@class='Select-arrow']
2024-07-25 23:53:40,057 [info]: Scroll Into View By.xpath: //div[@class='Select-menu-outer']//div[@aria-label='Escalated Notice Generated']
2024-07-25 23:53:40,124 [info]: GetText fromBy.xpath: //span[@class='violation-label']
2024-07-25 23:53:40,171 [info]: GetText fromBy.xpath: (//div[@class='modal-header'])[2]
Test Passed: CCP_OpenViolationListingPopup
]]></system-out>
  </testcase>
  <testcase name="CCP_CloseViolationListingPopup" classname="TestCases.CCP" time="1.304">
    <system-out><![CDATA[2024-07-25 23:53:40,194 [info]: GetText fromBy.xpath: (//div[@class='contact__name-role']//b)[1]
2024-07-25 23:53:40,284 [info]: GetText fromBy.xpath: (//div[@class='contact__name-role']//b)[2]
2024-07-25 23:53:40,338 [info]: Clicked on By.xpath: //div[@class='entity-modal__footer']/button[1]
2024-07-25 23:53:40,378 [info]: Clicked on By.xpath: //div[@class='Select-menu-outer']//div[@aria-label='Escalated Notice Generated']
2024-07-25 23:53:40,662 [info]: Clicked on By.xpath: //button[text()='Add Activity']
2024-07-25 23:53:41,136 [info]: GetText fromBy.xpath: //div[@class='contact-details__header__main']/h2[1]
2024-07-25 23:53:41,465 [info]: Clicked on By.xpath: //div[@class='contact-details__header__close-icon']/img
Test Passed: CCP_CloseViolationListingPopup
]]></system-out>
  </testcase>
  <testcase name="CCP_OpenCreateAContactPopup" classname="TestCases.CCP" time="0.007">
    <system-out><![CDATA[2024-07-25 23:53:44,239 [info]: GetText fromBy.xpath: //div[@class='full-page-modal__header']/h1[text()='Create a Contact']
Test Passed: CCP_OpenCreateAContactPopup
]]></system-out>
  </testcase>
  <testcase name="CCP_ValidationMsgForNodataInNameField" classname="TestCases.CCP" time="0.377">
    <system-out><![CDATA[2024-07-25 23:53:44,462 [info]: Clicked on By.xpath: //button[text()='Create Contact']
2024-07-25 23:53:44,619 [info]: Scroll Into View By.xpath: //button[text()='Perform Inspection']
Test Passed: CCP_ValidationMsgForNodataInNameField
]]></system-out>
  </testcase>
  <testcase name="CCP_CloseCreateAContactPopup" classname="TestCases.CCP" time="1.413">
    <system-out><![CDATA[2024-07-25 23:53:44,844 [info]: Sendkeys on By.xpath: //input[@name='label'] with value EsclatedNotifJRK
2024-07-25 23:53:44,891 [info]: Clicked on By.xpath: (//div[@class='full-page-modal__header']//button)[3]
2024-07-25 23:53:44,930 [info]: Clicked on By.xpath: //button[text()='Perform Inspection']
Test Passed: CCP_CloseCreateAContactPopup
]]></system-out>
  </testcase>
  <testcase name="CCP_AddNewContact" classname="TestCases.CCP" time="4.816">
    <system-out><![CDATA[2024-07-25 23:54:06,877 [info]: Scroll Into View By.xpath: //button[text()='Exit']
2024-07-25 23:54:07,140 [info]: Clicked on By.xpath: //label[@title='Action']//parent::div//parent::div//span[@class='Select-arrow']
2024-07-25 23:54:07,213 [info]: Scroll Into View By.xpath: //div[@class='Select-menu-outer']//div[@aria-label='Escalated Notice Reviewed by Supervisor']
Execute successfully
Link .... https://app-stage.comcate.com/agencies/220/products/customer-submission/create
2024-07-25 23:54:07,489 [info]: Sendkeys on By.id: idp-discovery-username with value MarkShane123@yopmail.com
2024-07-25 23:54:07,679 [info]: Clicked on By.xpath: //div[@class='Select-menu-outer']//div[@aria-label='Escalated Notice Reviewed by Supervisor']
2024-07-25 23:54:07,741 [info]: Clicked on By.id: idp-discovery-submit
2024-07-25 23:54:07,943 [info]: Clicked on By.xpath: //button[text()='Exit']
2024-07-25 23:54:09,970 [info]: Sendkeys on By.id: okta-signin-password with value Hello@1234
2024-07-25 23:54:10,061 [info]: Clicked on By.xpath: //button[text()='Yes']
2024-07-25 23:54:10,449 [info]: Clicked on By.id: okta-signin-submit
2024-07-25 23:54:10,647 [info]: Clicked on By.xpath: //span/label[text()='Property Owner']
2024-07-25 23:54:10,749 [info]: Scroll Into View By.xpath: //label[text()='Add contact']//parent::div//input
2024-07-25 23:54:10,952 [info]: Sendkeys on By.id: idp-discovery-username with value DummyUser1235@yopmail.com
2024-07-25 23:54:11,174 [info]: Clicked on By.xpath: //button[text()='Apply']
2024-07-25 23:54:11,270 [info]: Clicked on By.xpath: //label[text()='Add contact']//parent::div//input
Test Passed: CCP_AddNewContact
]]></system-out>
    <system-err><![CDATA[org.openqa.selenium.TimeoutException: Expected condition failed: waiting for visibility of element located by By.id: okta-signin-username (tried for 60 second(s) with 1000 milliseconds interval)
Build info: version: '4.11.0', revision: '040bc5406b'
System info: os.name: 'Windows 11', os.arch: 'amd64', os.version: '10.0', java.version: '18.0.2.1'
Driver info: driver.version: unknown
	at org.openqa.selenium.support.ui.FluentWait.timeoutException(FluentWait.java:262)
	at org.openqa.selenium.support.ui.FluentWait.until(FluentWait.java:230)
	at CommonMethods.Helper.waitUntilElementIsVisible(Helper.java:148)
	at POM.LoginUtility.LoginAgencyUser(LoginUtility.java:1132)
	at POM.LoginUtility.loginUserOutsideOfGroup_QAStageProd(LoginUtility.java:1344)
	at POM.CDP_Utility.VerifyApproveNoticeNotAppear(CDP_Utility.java:1265)
	at TestCases.EscalatedNoticesCDP.EscalatedNoticesCDP_VerifyApproveNoticeNotAppear(EscalatedNoticesCDP.java:57)
	at java.base/jdk.internal.reflect.DirectMethodHandleAccessor.invoke(DirectMethodHandleAccessor.java:104)
	at java.base/java.lang.reflect.Method.invoke(Method.java:577)
	at org.testng.internal.invokers.MethodInvocationHelper.invokeMethod(MethodInvocationHelper.java:135)
	at org.testng.internal.invokers.TestInvoker.invokeMethod(TestInvoker.java:673)
	at org.testng.internal.invokers.TestInvoker.invokeTestMethod(TestInvoker.java:220)
	at org.testng.internal.invokers.MethodRunner.runInSequence(MethodRunner.java:50)
	at org.testng.internal.invokers.TestInvoker$MethodInvocationAgent.invoke(TestInvoker.java:945)
	at org.testng.internal.invokers.TestInvoker.invokeTestMethods(TestInvoker.java:193)
	at org.testng.internal.invokers.TestMethodWorker.invokeTestMethods(TestMethodWorker.java:146)
	at org.testng.internal.invokers.TestMethodWorker.run(TestMethodWorker.java:128)
	at java.base/java.util.concurrent.ThreadPoolExecutor.runWorker(ThreadPoolExecutor.java:1136)
	at java.base/java.util.concurrent.ThreadPoolExecutor$Worker.run(ThreadPoolExecutor.java:635)
	at java.base/java.lang.Thread.run(Thread.java:833)
org.openqa.selenium.TimeoutException: Expected condition failed: waiting for visibility of element located by By.xpath: //*[@class='tile propose-fine-tile']//*[text()='Violation Specific Fine Linked To Notice Only'] (tried for 60 second(s) with 1000 milliseconds interval)
Build info: version: '4.11.0', revision: '040bc5406b'
System info: os.name: 'Windows 11', os.arch: 'amd64', os.version: '10.0', java.version: '18.0.2.1'
Driver info: driver.version: unknown
	at org.openqa.selenium.support.ui.FluentWait.timeoutException(FluentWait.java:262)
	at org.openqa.selenium.support.ui.FluentWait.until(FluentWait.java:230)
	at CommonMethods.Helper.waitUntilElementIsVisible(Helper.java:148)
	at CommonMethods.Helper.waitForPresenceandVisiblity(Helper.java:658)
	at POM.FinesUtility.verifyVSFineLinkedToNoticeIsDisplayed(FinesUtility.java:786)
	at TestCases.VSFineLinkedToNotices.verifyViolationSpecificFineIsDisplayedOnPerformInspection(VSFineLinkedToNotices.java:53)
	at java.base/jdk.internal.reflect.DirectMethodHandleAccessor.invoke(DirectMethodHandleAccessor.java:104)
	at java.base/java.lang.reflect.Method.invoke(Method.java:577)
	at org.testng.internal.invokers.MethodInvocationHelper.invokeMethod(MethodInvocationHelper.java:135)
	at org.testng.internal.invokers.TestInvoker.invokeMethod(TestInvoker.java:673)
	at org.testng.internal.invokers.TestInvoker.invokeTestMethod(TestInvoker.java:220)
	at org.testng.internal.invokers.MethodRunner.runInSequence(MethodRunner.java:50)
	at org.testng.internal.invokers.TestInvoker$MethodInvocationAgent.invoke(TestInvoker.java:945)
	at org.testng.internal.invokers.TestInvoker.invokeTestMethods(TestInvoker.java:193)
	at org.testng.internal.invokers.TestMethodWorker.invokeTestMethods(TestMethodWorker.java:146)
	at org.testng.internal.invokers.TestMethodWorker.run(TestMethodWorker.java:128)
	at java.base/java.util.concurrent.ThreadPoolExecutor.runWorker(ThreadPoolExecutor.java:1136)
	at java.base/java.util.concurrent.ThreadPoolExecutor$Worker.run(ThreadPoolExecutor.java:635)
	at java.base/java.lang.Thread.run(Thread.java:833)
]]></system-err>
  </testcase>
  <testcase name="CCP_OpenEditContactPopup" classname="TestCases.CCP" time="2.616">
    <system-out><![CDATA[2024-07-25 23:54:11,476 [info]: Clicked on By.id: idp-discovery-submit
2024-07-25 23:54:11,815 [info]: Clicked on By.xpath: //div[@class='contact__actions']/button[1]
2024-07-25 23:54:11,875 [info]: Clicked on By.xpath: //span[text()='Create a  new contact']
2024-07-25 23:54:12,118 [info]: Sendkeys on By.xpath: //input[@name='label'] with value EsclatedReviewNotifBlE
2024-07-25 23:54:13,666 [info]: GetText fromBy.xpath: //div[@class='full-page-modal__header']/h1[text()='Edit Contact']
2024-07-25 23:54:13,945 [info]: Clicked on By.xpath: (//div[@class='full-page-modal__header']//button)[3]
Test Passed: CCP_OpenEditContactPopup
]]></system-out>
    <system-err><![CDATA[org.openqa.selenium.NoSuchElementException: no such element: Unable to locate element: {"method":"xpath","selector":"//*[@class='tile propose-fine-tile']//*[text()='Violation Specific Fine Linked To Notice Only']"}
  (Session info: chrome=115.0.5790.170)
For documentation on this error, please visit: https://www.selenium.dev/documentation/webdriver/troubleshooting/errors#no-such-element-exception
Build info: version: '4.11.0', revision: '040bc5406b'
System info: os.name: 'Windows 11', os.arch: 'amd64', os.version: '10.0', java.version: '18.0.2.1'
Driver info: org.openqa.selenium.chrome.ChromeDriver
Command: [347b60e6bf7773e3a772c9359cf2ff4a, findElement {using=xpath, value=//*[@class='tile propose-fine-tile']//*[text()='Violation Specific Fine Linked To Notice Only']}]
Capabilities {acceptInsecureCerts: false, browserName: chrome, browserVersion: 115.0.5790.170, chrome: {chromedriverVersion: 115.0.5790.170 (cc0d30c2ca5..., userDataDir: C:\Users\SQELAB~1\AppData\L...}, goog:chromeOptions: {debuggerAddress: localhost:50972}, networkConnectionEnabled: false, pageLoadStrategy: normal, platformName: windows, proxy: Proxy(), se:cdp: ws://localhost:50972/devtoo..., se:cdpVersion: 115.0.5790.170, setWindowRect: true, strictFileInteractability: false, timeouts: {implicit: 0, pageLoad: 300000, script: 30000}, unhandledPromptBehavior: dismiss and notify, webauthn:extension:credBlob: true, webauthn:extension:largeBlob: true, webauthn:extension:minPinLength: true, webauthn:extension:prf: true, webauthn:virtualAuthenticators: true}
Session ID: 347b60e6bf7773e3a772c9359cf2ff4a
	at java.base/jdk.internal.reflect.DirectConstructorHandleAccessor.newInstance(DirectConstructorHandleAccessor.java:67)
	at java.base/java.lang.reflect.Constructor.newInstanceWithCaller(Constructor.java:499)
	at java.base/java.lang.reflect.Constructor.newInstance(Constructor.java:483)
	at org.openqa.selenium.remote.codec.w3c.W3CHttpResponseCodec.createException(W3CHttpResponseCodec.java:200)
	at org.openqa.selenium.remote.codec.w3c.W3CHttpResponseCodec.decode(W3CHttpResponseCodec.java:133)
	at org.openqa.selenium.remote.codec.w3c.W3CHttpResponseCodec.decode(W3CHttpResponseCodec.java:52)
	at org.openqa.selenium.remote.HttpCommandExecutor.execute(HttpCommandExecutor.java:191)
	at org.openqa.selenium.remote.service.DriverCommandExecutor.invokeExecute(DriverCommandExecutor.java:196)
	at org.openqa.selenium.remote.service.DriverCommandExecutor.execute(DriverCommandExecutor.java:171)
	at org.openqa.selenium.remote.RemoteWebDriver.execute(RemoteWebDriver.java:518)
	at org.openqa.selenium.remote.ElementLocation$ElementFinder$2.findElement(ElementLocation.java:165)
	at org.openqa.selenium.remote.ElementLocation.findElement(ElementLocation.java:59)
	at org.openqa.selenium.remote.RemoteWebDriver.findElement(RemoteWebDriver.java:355)
	at org.openqa.selenium.remote.RemoteWebDriver.findElement(RemoteWebDriver.java:349)
	at org.openqa.selenium.support.ui.ExpectedConditions$6.apply(ExpectedConditions.java:171)
	at org.openqa.selenium.support.ui.ExpectedConditions$6.apply(ExpectedConditions.java:168)
	at org.openqa.selenium.support.ui.FluentWait.until(FluentWait.java:205)
	at CommonMethods.Helper.waitUntilElementPresent(Helper.java:103)
	at CommonMethods.Helper.waitForPresenceandVisiblity(Helper.java:659)
	at POM.FinesUtility.verifyVSFineLinkedToNoticeIsDisplayed(FinesUtility.java:786)
	at TestCases.VSFineLinkedToNotices.verifyViolationSpecificFineIsDisplayedOnPerformInspection(VSFineLinkedToNotices.java:53)
	at java.base/jdk.internal.reflect.DirectMethodHandleAccessor.invoke(DirectMethodHandleAccessor.java:104)
	at java.base/java.lang.reflect.Method.invoke(Method.java:577)
	at org.testng.internal.invokers.MethodInvocationHelper.invokeMethod(MethodInvocationHelper.java:135)
	at org.testng.internal.invokers.TestInvoker.invokeMethod(TestInvoker.java:673)
	at org.testng.internal.invokers.TestInvoker.invokeTestMethod(TestInvoker.java:220)
	at org.testng.internal.invokers.MethodRunner.runInSequence(MethodRunner.java:50)
	at org.testng.internal.invokers.TestInvoker$MethodInvocationAgent.invoke(TestInvoker.java:945)
	at org.testng.internal.invokers.TestInvoker.invokeTestMethods(TestInvoker.java:193)
	at org.testng.internal.invokers.TestMethodWorker.invokeTestMethods(TestMethodWorker.java:146)
	at org.testng.internal.invokers.TestMethodWorker.run(TestMethodWorker.java:128)
	at java.base/java.util.concurrent.ThreadPoolExecutor.runWorker(ThreadPoolExecutor.java:1136)
	at java.base/java.util.concurrent.ThreadPoolExecutor$Worker.run(ThreadPoolExecutor.java:635)
	at java.base/java.lang.Thread.run(Thread.java:833)
]]></system-err>
  </testcase>
  <testcase name="CCP_DeleteAddedContact" classname="TestCases.CCP" time="0.328">
    <system-out><![CDATA[2024-07-25 23:54:14,215 [info]: Click By JS By.xpath: //div[@class='contact__actions']/button[2]
Test Passed: CCP_DeleteAddedContact
]]></system-out>
  </testcase>
  <testcase name="CCP_VerifyTotalContactCount" classname="TestCases.CCP" time="0.306">
    <system-out><![CDATA[2024-07-25 23:54:14,341 [info]: Sendkeys on By.id: okta-signin-password with value Hello@1234
2024-07-25 23:54:14,350 [info]: GetText fromBy.xpath: //div[@class='contact-tile tile']//h2
2024-07-25 23:54:14,396 [info]: Sendkeys on By.xpath: //input[@name='name'] with value UAaName
2024-07-25 23:54:14,477 [info]: Scroll Into View By.xpath: (//div[@class='full-page-modal__header']//button[2])
2024-07-25 23:54:14,488 [info]: Sendkeys on By.xpath: //input[@name='description'] with value EsclatedReviewNDescFDZ
Test Passed: CCP_VerifyTotalContactCount
]]></system-out>
  </testcase>
  <testcase name="CCP_VerifyViolationAttachmentsPresence" classname="TestCases.CCP" time="2.265">
    <system-out><![CDATA[2024-07-25 23:54:14,697 [info]: Clicked on By.id: okta-signin-submit
2024-07-25 23:54:14,827 [info]: Clicked on By.xpath: (//div[@class='full-page-modal__header']//button[2])
2024-07-25 23:54:15,329 [info]: Scroll Into View By.xpath: //div[@class='dropdown__selector__selected']/label
2024-07-25 23:54:15,414 [info]: Click By JS By.xpath: //div[@class='dropdown__selector__selected']/label
Test Failed: verifyViolationSpecificFineIsDisplayedOnPerformInspection
Test Passed: CCP_VerifyViolationAttachmentsPresence
]]></system-out>
  </testcase>
  <testcase name="CCP_OpenAddAttachmentsPopup" classname="TestCases.CCP" time="1.129">
    <system-out><![CDATA[2024-07-25 23:54:18,294 [info]: Clicked on By.xpath: //span/label[text()='Property Owner']
2024-07-25 23:54:18,552 [info]: Clicked on By.xpath: //button[text()='Apply']
2024-07-25 23:54:18,556 [info]: Scroll Into View By.xpath: //button[text()='Add Rule']
2024-07-25 23:54:18,877 [info]: Clicked on By.xpath: //button[text()='Add Rule']
2024-07-25 23:54:19,343 [info]: GetText fromBy.xpath: //div[@class='modal-header' and text()='Add Attachments']
Test Passed: CCP_OpenAddAttachmentsPopup
]]></system-out>
  </testcase>
  <testcase name="CCP_VerifyAttachmentsPreview" classname="TestCases.CCP" time="3.667">
    <system-out><![CDATA[2024-07-25 23:54:25,640 [info]: Clicked on By.xpath: (//div[@class='react-autosuggest__suggestion-element']/div)
2024-07-25 23:54:25,792 [info]: Get Attribute value from By.xpath: //input[@name='phoneNumber']
2024-07-25 23:54:25,883 [info]: Get Attribute value from By.xpath: //*[@name='email']
2024-07-25 23:54:26,157 [info]: Sendkeys on By.xpath: //div[@class='tags-input__chips']/input with value sKCO,
2024-07-25 23:54:26,308 [info]: Sendkeys on By.xpath: //div[@class='tags-input__chips']/input with value nILC,
2024-07-25 23:54:26,441 [info]: Sendkeys on By.xpath: //div[@class='tags-input__chips']/input with value 0d7j,
2024-07-25 23:54:26,586 [info]: Sendkeys on By.xpath: //div[@class='tags-input__chips']/input with value J5GJ,
2024-07-25 23:54:26,729 [info]: Sendkeys on By.xpath: //div[@class='tags-input__chips']/input with value aOy0,
2024-07-25 23:54:26,882 [info]: Click By JS By.xpath: //div[text()='Attachments ']/following::button
2024-07-25 23:54:27,152 [info]: Scroll Into View By.cssSelector: #header div.app-header__new
2024-07-25 23:54:27,293 [info]: Click By JS By.cssSelector: #header div.app-header__new
2024-07-25 23:54:27,967 [info]: Scroll Into View By.cssSelector: #header div.app-header__new
2024-07-25 23:54:28,050 [info]: Click By JS By.cssSelector: #header div.app-header__new
2024-07-25 23:54:28,182 [info]: Click By JS By.xpath: //label[text()='Code Enforcement Case']
2024-07-25 23:54:28,510 [info]: Click By JS By.xpath: //label[text()='Code Enforcement Case']
2024-07-25 23:54:29,157 [info]: Scroll Into View By.xpath: //h2[contains(text(),'Active')]
Test Passed: CCP_VerifyAttachmentsPreview
]]></system-out>
  </testcase>
  <testcase name="CCP_OpenCloseAddAttachmentsPopup" classname="TestCases.CCP" time="2.5">
    <system-out><![CDATA[2024-07-25 23:54:29,475 [info]: Clicked on By.xpath: //div[@class='attachments-modal__footer']/button[1]
2024-07-25 23:54:29,693 [info]: GetText fromBy.xpath: (//input[@name='billableContact'])[2]//ancestor::div[@class='contact__bill-to-contact']//preceding-sibling::div[@class='contact__name']
2024-07-25 23:54:29,759 [info]: GetText fromBy.xpath: (//input[@name='billableContact'])[3]//ancestor::div[@class='contact__bill-to-contact']//preceding-sibling::div[@class='contact__name']
2024-07-25 23:54:29,794 [info]: Scroll Into View By.xpath: //button[text()='Add Activity']
2024-07-25 23:54:29,992 [info]: Scroll Into View By.xpath: //button[text()='Add']
2024-07-25 23:54:30,093 [info]: Click By JS By.xpath: //button[text()='Add Activity']
2024-07-25 23:54:31,314 [info]: Clicked on By.xpath: //button[text()='Add']
2024-07-25 23:54:31,709 [info]: GetText fromBy.xpath: //div[@class='modal-header' and text()='Close Add Attachments']
Test Passed: CCP_OpenCloseAddAttachmentsPopup
]]></system-out>
  </testcase>
  <testcase name="CCP_CloseAddAttachmentsPopup" classname="TestCases.CCP" time="1.711">
    <system-out><![CDATA[2024-07-25 23:54:33,362 [info]: Scroll Into View By.xpath: //button[text()='Create Notification']
2024-07-25 23:54:33,547 [info]: Click By JS By.xpath: //button[text()='Create Notification']
2024-07-25 23:54:34,602 [info]: Clicked on By.xpath: //li[@id='react-autowhatever-1-section-0-item-0']
Test Passed: CCP_CloseAddAttachmentsPopup
]]></system-out>
  </testcase>
  <testcase name="CCP_AddMultipleAttachments" classname="TestCases.CCP" time="6.543">
    <system-out><![CDATA[2024-07-25 23:59:10,706 [info]: Click By JS By.xpath: //label[text()='Category']
2024-07-25 23:59:10,797 [info]: Scroll Into View By.xpath: //h2[contains(text(),'Inactive')]
2024-07-25 23:59:10,839 [info]: GetText fromBy.xpath: //h2[contains(text(),'Inactive')]
2024-07-25 23:59:10,861 [info]: Scroll Into View By.xpath: //h2[contains(text(),'Active')]
2024-07-25 23:59:10,894 [info]: Click By JS By.xpath: //button[@class='drawer__close']
2024-07-25 23:59:10,906 [info]: GetText fromBy.xpath: //h2[contains(text(),'Active')]
2024-07-25 23:59:10,989 [info]: GetText fromBy.xpath: (//h2[contains(text(),'Active')]//ancestor::div[@class='agency-setup-tab__section']//div[@class='rt-td'])[37]
2024-07-25 23:59:11,097 [info]: Click By JS By.xpath: (//h2[contains(text(),'Active')]//ancestor::div[@class='agency-setup-tab__section']//div[@class='rt-td']//button)[10]
2024-07-25 23:59:11,152 [info]: Click By JS By.xpath: //button[normalize-space()='Save']
2024-07-25 23:59:13,278 [info]: Scroll Into View By.xpath: //button[text()='Inactive']
2024-07-25 23:59:13,341 [info]: GetText fromBy.xpath: //div[@class='agency-setup-tab__section__header']/h2
2024-07-25 23:59:13,372 [info]: GetText fromBy.xpath: //div[@class='agency-setup-tab__section__header']/h2
2024-07-25 23:59:13,451 [info]: Scroll Into View By.xpath: //button[text()='Create User']
2024-07-25 23:59:13,622 [info]: Click By JS By.xpath: //button[text()='Create User']
2024-07-25 23:59:13,866 [info]: Click By JS By.xpath: //button[text()='Create Non-HTML Notice']
2024-07-25 23:59:14,153 [info]: Sendkeys on By.id: idp-discovery-username with value MarkShane123@yopmail.com
2024-07-25 23:59:14,264 [info]: Clicked on By.id: idp-discovery-submit
2024-07-25 23:59:14,804 [info]: Clicked on By.xpath: //button[text()='Inactive']
2024-07-25 23:59:16,081 [info]: Sendkeys on By.id: okta-signin-password with value Hello@1234
2024-07-25 23:59:16,473 [info]: Clicked on By.id: okta-signin-submit
2024-07-25 23:59:16,479 [info]: Sendkeys on By.xpath: //input[@name='firstName'] with value Prod AdminCRMhlCUxH
2024-07-25 23:59:16,732 [info]: Sendkeys on By.xpath: //input[@name='lastName'] with value MPyxYb
2024-07-25 23:59:16,852 [info]: Scroll Into View By.xpath: //div[@class='modal-header']//button[text()='Save']
2024-07-25 23:59:17,090 [info]: Clicked on By.xpath: //div[@class='modal-header']//button[text()='Save']
2024-07-25 23:59:17,112 [info]: Scroll Into View By.xpath: //*[@class='app-header__new']
2024-07-25 23:59:17,219 [info]: Click By JS By.xpath: //*[@class='app-header__new']
Test Passed: CCP_AddMultipleAttachments
]]></system-out>
    <system-err><![CDATA[org.openqa.selenium.NoSuchElementException: no such element: Unable to locate element: {"method":"xpath","selector":"div.sortable-table__body__td"}
  (Session info: chrome=115.0.5790.170)
For documentation on this error, please visit: https://www.selenium.dev/documentation/webdriver/troubleshooting/errors#no-such-element-exception
Build info: version: '4.11.0', revision: '040bc5406b'
System info: os.name: 'Windows 11', os.arch: 'amd64', os.version: '10.0', java.version: '18.0.2.1'
Driver info: org.openqa.selenium.chrome.ChromeDriver
Command: [a255be6b82ff3c4e9fdf3277de960b07, findElement {using=xpath, value=div.sortable-table__body__td}]
Capabilities {acceptInsecureCerts: false, browserName: chrome, browserVersion: 115.0.5790.170, chrome: {chromedriverVersion: 115.0.5790.170 (cc0d30c2ca5..., userDataDir: C:\Users\SQELAB~1\AppData\L...}, goog:chromeOptions: {debuggerAddress: localhost:57338}, networkConnectionEnabled: false, pageLoadStrategy: normal, platformName: windows, proxy: Proxy(), se:cdp: ws://localhost:57338/devtoo..., se:cdpVersion: 115.0.5790.170, setWindowRect: true, strictFileInteractability: false, timeouts: {implicit: 0, pageLoad: 300000, script: 30000}, unhandledPromptBehavior: dismiss and notify, webauthn:extension:credBlob: true, webauthn:extension:largeBlob: true, webauthn:extension:minPinLength: true, webauthn:extension:prf: true, webauthn:virtualAuthenticators: true}
Session ID: a255be6b82ff3c4e9fdf3277de960b07
	at java.base/jdk.internal.reflect.DirectConstructorHandleAccessor.newInstance(DirectConstructorHandleAccessor.java:67)
	at java.base/java.lang.reflect.Constructor.newInstanceWithCaller(Constructor.java:499)
	at java.base/java.lang.reflect.Constructor.newInstance(Constructor.java:483)
	at org.openqa.selenium.remote.codec.w3c.W3CHttpResponseCodec.createException(W3CHttpResponseCodec.java:200)
	at org.openqa.selenium.remote.codec.w3c.W3CHttpResponseCodec.decode(W3CHttpResponseCodec.java:133)
	at org.openqa.selenium.remote.codec.w3c.W3CHttpResponseCodec.decode(W3CHttpResponseCodec.java:52)
	at org.openqa.selenium.remote.HttpCommandExecutor.execute(HttpCommandExecutor.java:191)
	at org.openqa.selenium.remote.service.DriverCommandExecutor.invokeExecute(DriverCommandExecutor.java:196)
	at org.openqa.selenium.remote.service.DriverCommandExecutor.execute(DriverCommandExecutor.java:171)
	at org.openqa.selenium.remote.RemoteWebDriver.execute(RemoteWebDriver.java:518)
	at org.openqa.selenium.remote.ElementLocation$ElementFinder$2.findElement(ElementLocation.java:165)
	at org.openqa.selenium.remote.ElementLocation.findElement(ElementLocation.java:59)
	at org.openqa.selenium.remote.RemoteWebDriver.findElement(RemoteWebDriver.java:355)
	at org.openqa.selenium.remote.RemoteWebDriver.findElement(RemoteWebDriver.java:349)
	at org.openqa.selenium.support.ui.ExpectedConditions$6.apply(ExpectedConditions.java:171)
	at org.openqa.selenium.support.ui.ExpectedConditions$6.apply(ExpectedConditions.java:168)
	at org.openqa.selenium.support.ui.FluentWait.until(FluentWait.java:205)
	at CommonMethods.Helper.waitUntilElementPresent(Helper.java:103)
	at POM.NoticesUtility.Notices_CreateNonHTMLNotice(NoticesUtility.java:160)
	at TestCases.Notices.Notices_CreateNonHTMLNotice(Notices.java:46)
	at java.base/jdk.internal.reflect.DirectMethodHandleAccessor.invoke(DirectMethodHandleAccessor.java:104)
	at java.base/java.lang.reflect.Method.invoke(Method.java:577)
	at org.testng.internal.invokers.MethodInvocationHelper.invokeMethod(MethodInvocationHelper.java:135)
	at org.testng.internal.invokers.TestInvoker.invokeMethod(TestInvoker.java:673)
	at org.testng.internal.invokers.TestInvoker.invokeTestMethod(TestInvoker.java:220)
	at org.testng.internal.invokers.MethodRunner.runInSequence(MethodRunner.java:50)
	at org.testng.internal.invokers.TestInvoker$MethodInvocationAgent.invoke(TestInvoker.java:945)
	at org.testng.internal.invokers.TestInvoker.invokeTestMethods(TestInvoker.java:193)
	at org.testng.internal.invokers.TestMethodWorker.invokeTestMethods(TestMethodWorker.java:146)
	at org.testng.internal.invokers.TestMethodWorker.run(TestMethodWorker.java:128)
	at java.base/java.util.concurrent.ThreadPoolExecutor.runWorker(ThreadPoolExecutor.java:1136)
	at java.base/java.util.concurrent.ThreadPoolExecutor$Worker.run(ThreadPoolExecutor.java:635)
	at java.base/java.lang.Thread.run(Thread.java:833)
]]></system-err>
  </testcase>
  <testcase name="CCP_OpenAttachmentsDetailsPopup" classname="TestCases.CCP" time="1.364">
    <system-out><![CDATA[2024-07-25 23:59:17,256 [info]: Sendkeys on By.xpath: //input[@name='email'] with value prodadminCRMhlCUxHMPyxYb@yopmail.com
2024-07-25 23:59:17,413 [info]: Clicked on By.xpath: //label[text()='Role']/following::span[1]
2024-07-25 23:59:17,453 [info]: Click By JS By.xpath: //div[@class='attachments-tile__photo-container']/img
2024-07-25 23:59:17,650 [info]: Clicked on By.xpath: //*[text()='Product Admin CRM']
2024-07-25 23:59:17,848 [info]: Clicked on By.xpath: //label[text()='Add Group']
2024-07-25 23:59:18,379 [info]: Click By JS By.xpath: //label[text()='Customer Submission']
2024-07-25 23:59:18,590 [info]: GetText fromBy.xpath: //div[@class='modal-header' and text()='Attachments Details']
Test Passed: CCP_OpenAttachmentsDetailsPopup
]]></system-out>
    <system-err><![CDATA[org.openqa.selenium.TimeoutException: Expected condition failed: waiting for visibility of element located by By.id: okta-signin-username (tried for 60 second(s) with 1000 milliseconds interval)
Build info: version: '4.11.0', revision: '040bc5406b'
System info: os.name: 'Windows 11', os.arch: 'amd64', os.version: '10.0', java.version: '18.0.2.1'
Driver info: driver.version: unknown
	at org.openqa.selenium.support.ui.FluentWait.timeoutException(FluentWait.java:262)
	at org.openqa.selenium.support.ui.FluentWait.until(FluentWait.java:230)
	at CommonMethods.Helper.waitUntilElementIsVisible(Helper.java:148)
	at POM.LoginUtility.LoginAgencyUser(LoginUtility.java:1132)
	at POM.LoginUtility.loginSupervisorManager_QAProdStage(LoginUtility.java:1189)
	at POM.CDP_Utility.VerifyApproveNoticeOutsideGroup(CDP_Utility.java:1302)
	at TestCases.EscalatedNoticesCDP.EscalatedNoticesCDPVerifyApproveNoticeOutsideGroup(EscalatedNoticesCDP.java:63)
	at java.base/jdk.internal.reflect.DirectMethodHandleAccessor.invoke(DirectMethodHandleAccessor.java:104)
	at java.base/java.lang.reflect.Method.invoke(Method.java:577)
	at org.testng.internal.invokers.MethodInvocationHelper.invokeMethod(MethodInvocationHelper.java:135)
	at org.testng.internal.invokers.TestInvoker.invokeMethod(TestInvoker.java:673)
	at org.testng.internal.invokers.TestInvoker.invokeTestMethod(TestInvoker.java:220)
	at org.testng.internal.invokers.MethodRunner.runInSequence(MethodRunner.java:50)
	at org.testng.internal.invokers.TestInvoker$MethodInvocationAgent.invoke(TestInvoker.java:945)
	at org.testng.internal.invokers.TestInvoker.invokeTestMethods(TestInvoker.java:193)
	at org.testng.internal.invokers.TestMethodWorker.invokeTestMethods(TestMethodWorker.java:146)
	at org.testng.internal.invokers.TestMethodWorker.run(TestMethodWorker.java:128)
	at java.base/java.util.concurrent.ThreadPoolExecutor.runWorker(ThreadPoolExecutor.java:1136)
	at java.base/java.util.concurrent.ThreadPoolExecutor$Worker.run(ThreadPoolExecutor.java:635)
	at java.base/java.lang.Thread.run(Thread.java:833)
]]></system-err>
  </testcase>
  <testcase name="CCP_UpdateAttachmentDetails" classname="TestCases.CCP" time="0.988">
    <system-out><![CDATA[2024-07-25 23:59:18,789 [info]: Sendkeys on By.id: idp-discovery-username with value SupervisorManagerStage@yopmail.com
2024-07-25 23:59:19,122 [info]: Clicked on By.id: idp-discovery-submit
2024-07-25 23:59:19,149 [info]: Sendkeys on By.xpath: //input[@name='description'] with value IRsAy4RXrSaQsec
2024-07-25 23:59:19,220 [info]: Clicked on By.xpath: //label[text()='Admin Group']
2024-07-25 23:59:19,329 [info]: Sendkeys on By.xpath: //input[@name='label'] with value Non-HTML CcdEZYQh
2024-07-25 23:59:19,480 [info]: Scroll Into View By.xpath: //button[text()='Create Notice']
2024-07-25 23:59:19,569 [info]: Clicked on By.xpath: //div[@class='attachments-edit__footer']/button[2]
Test Passed: CCP_UpdateAttachmentDetails
]]></system-out>
  </testcase>
  <testcase name="CCP_DeleteAnAttachment" classname="TestCases.CCP" time="0.31">
    <system-out><![CDATA[Test Passed: CCP_DeleteAnAttachment
]]></system-out>
  </testcase>
  <testcase name="CCP_OpenCreateCasePopup" classname="TestCases.CCP" time="0.244">
    <system-out><![CDATA[2024-07-26 00:01:11,584 [info]: Scroll Into View By.xpath: //button[text()='Generate Notice']
2024-07-26 00:01:11,787 [info]: GetText fromBy.xpath: //div[@class='modal-header' and text()='Create Case']
Test Passed: CCP_OpenCreateCasePopup
]]></system-out>
  </testcase>
  <testcase name="CCP_VerifyTotalAttachmentsCount" classname="TestCases.CCP" time="10.216">
    <system-out><![CDATA[2024-07-26 00:01:11,881 [info]: Click By JS By.xpath: //button[text()='Generate Notice']
2024-07-26 00:01:11,930 [info]: Scroll Into View By.xpath: //*[@class='footer_actions']//button[text()='Continue']
2024-07-26 00:01:13,255 [info]: Click By JS By.xpath: //button[text()='Create User']
2024-07-26 00:01:14,552 [info]: Sendkeys on By.xpath: //input[@name='firstName'] with value CE
2024-07-26 00:01:14,721 [info]: Sendkeys on By.xpath: //input[@name='lastName'] with value User
2024-07-26 00:01:15,053 [info]: Sendkeys on By.xpath: //input[@name='email'] with value CEUser8064MPyxYb@yopmail.com
2024-07-26 00:01:15,267 [info]: Clicked on By.xpath: //label[text()='Role']/following::span[1]
2024-07-26 00:01:15,422 [info]: Click By JS By.xpath: //*[@class='footer_actions']//button[text()='Continue']
2024-07-26 00:01:15,520 [info]: Clicked on By.xpath: //*[text()='Product Admin CEM']
2024-07-26 00:01:19,777 [info]: Clicked on By.xpath: //div[@class='user-form__header full-page-modal__header']//button[text()='Create User']
2024-07-26 00:01:20,352 [info]: Click By JS By.xpath: //*[text()='Notice For Violation Fine Linked To Violations']
2024-07-26 00:01:21,946 [info]: GetText fromBy.xpath: //div[@class='attachment-tile tile']//h2/span
Test Passed: CCP_VerifyTotalAttachmentsCount
]]></system-out>
    <system-err><![CDATA[org.openqa.selenium.TimeoutException: Expected condition failed: waiting for visibility of element located by By.xpath: (//div[@id='collaboratorIds']//ul[@class='dropdown__options--single']//li[@class='option selected'])[1] (tried for 60 second(s) with 1000 milliseconds interval)
Build info: version: '4.11.0', revision: '040bc5406b'
System info: os.name: 'Windows 11', os.arch: 'amd64', os.version: '10.0', java.version: '18.0.2.1'
Driver info: driver.version: unknown
	at org.openqa.selenium.support.ui.FluentWait.timeoutException(FluentWait.java:262)
	at org.openqa.selenium.support.ui.FluentWait.until(FluentWait.java:230)
	at CommonMethods.Helper.waitUntilElementIsVisible(Helper.java:148)
	at POM.CSDPUtility.CSDP_VerifySubmissionCollaboratorDeselect(CSDPUtility.java:740)
	at TestCases.CSDP.CSDP_VerifySubmissionCollaboratorDeselect(CSDP.java:159)
	at java.base/jdk.internal.reflect.DirectMethodHandleAccessor.invoke(DirectMethodHandleAccessor.java:104)
	at java.base/java.lang.reflect.Method.invoke(Method.java:577)
	at org.testng.internal.invokers.MethodInvocationHelper.invokeMethod(MethodInvocationHelper.java:135)
	at org.testng.internal.invokers.TestInvoker.invokeMethod(TestInvoker.java:673)
	at org.testng.internal.invokers.TestInvoker.invokeTestMethod(TestInvoker.java:220)
	at org.testng.internal.invokers.MethodRunner.runInSequence(MethodRunner.java:50)
	at org.testng.internal.invokers.TestInvoker$MethodInvocationAgent.invoke(TestInvoker.java:945)
	at org.testng.internal.invokers.TestInvoker.invokeTestMethods(TestInvoker.java:193)
	at org.testng.internal.invokers.TestMethodWorker.invokeTestMethods(TestMethodWorker.java:146)
	at org.testng.internal.invokers.TestMethodWorker.run(TestMethodWorker.java:128)
	at java.base/java.util.concurrent.ThreadPoolExecutor.runWorker(ThreadPoolExecutor.java:1136)
	at java.base/java.util.concurrent.ThreadPoolExecutor$Worker.run(ThreadPoolExecutor.java:635)
	at java.base/java.lang.Thread.run(Thread.java:833)
]]></system-err>
  </testcase>
  <testcase name="CCP_VerifyCreateAndScheduleInspectionButton" classname="TestCases.CCP" time="0.095">
    <system-out><![CDATA[2024-07-26 00:01:22,096 [info]: GetText fromBy.xpath: //div[@class='modal-footer']//button[2]
Test Passed: CCP_VerifyCreateAndScheduleInspectionButton
]]></system-out>
    <system-err><![CDATA[org.openqa.selenium.TimeoutException: Expected condition failed: waiting for visibility of element located by By.cssSelector: div.table-container__table table_disabled (tried for 60 second(s) with 1000 milliseconds interval)
Build info: version: '4.11.0', revision: '040bc5406b'
System info: os.name: 'Windows 11', os.arch: 'amd64', os.version: '10.0', java.version: '18.0.2.1'
Driver info: driver.version: unknown
	at org.openqa.selenium.support.ui.FluentWait.timeoutException(FluentWait.java:262)
	at org.openqa.selenium.support.ui.FluentWait.until(FluentWait.java:230)
	at CommonMethods.Helper.waitUntilElementIsVisible(Helper.java:148)
	at POM.CSLPUtility.CSLP_VerifyFilterAndSearch(CSLPUtility.java:491)
	at TestCases.CSLP.CSLP_VerifyFilterAndSearch(CSLP.java:112)
	at java.base/jdk.internal.reflect.DirectMethodHandleAccessor.invoke(DirectMethodHandleAccessor.java:104)
	at java.base/java.lang.reflect.Method.invoke(Method.java:577)
	at org.testng.internal.invokers.MethodInvocationHelper.invokeMethod(MethodInvocationHelper.java:135)
	at org.testng.internal.invokers.TestInvoker.invokeMethod(TestInvoker.java:673)
	at org.testng.internal.invokers.TestInvoker.invokeTestMethod(TestInvoker.java:220)
	at org.testng.internal.invokers.MethodRunner.runInSequence(MethodRunner.java:50)
	at org.testng.internal.invokers.TestInvoker$MethodInvocationAgent.invoke(TestInvoker.java:945)
	at org.testng.internal.invokers.TestInvoker.invokeTestMethods(TestInvoker.java:193)
	at org.testng.internal.invokers.TestMethodWorker.invokeTestMethods(TestMethodWorker.java:146)
	at org.testng.internal.invokers.TestMethodWorker.run(TestMethodWorker.java:128)
	at java.base/java.util.concurrent.ThreadPoolExecutor.runWorker(ThreadPoolExecutor.java:1136)
	at java.base/java.util.concurrent.ThreadPoolExecutor$Worker.run(ThreadPoolExecutor.java:635)
	at java.base/java.lang.Thread.run(Thread.java:833)
]]></system-err>
  </testcase>
  <testcase name="CCP_VerifyNextInspectionSectionState" classname="TestCases.CCP" time="0.06">
    <system-out><![CDATA[Test Passed: CCP_VerifyNextInspectionSectionState
]]></system-out>
  </testcase>
  <testcase name="CCP_VerifyCaseCreation" classname="TestCases.CCP" time="2.867">
    <system-out><![CDATA[2024-07-26 00:01:27,687 [info]: Click By JS By.xpath: //div[@class='modal-footer']//button[2]
2024-07-26 00:01:27,779 [info]: Click By JS By.xpath: (//*[@class='progressive-form__footer']/button)[1]
2024-07-26 00:01:29,345 [info]: Click By JS By.xpath: (//*[@class='progressive-form__footer']/button[text()='Continue'])[2]
2024-07-26 00:01:29,429 [info]: Scroll Into View By.xpath: (//button[text()='Generate Notice'])[2]
2024-07-26 00:01:29,621 [info]: Click By JS By.xpath: (//button[text()='Generate Notice'])[2]
2024-07-26 00:01:32,958 [info]: Click By JS By.xpath: //div[@class='case-inspection__print-notice']//button[text()='Do Not Print']
2024-07-26 00:01:33,133 [info]: Click By JS By.xpath: //*[@class='case-inspection__notice-action-buttons']//*[text()='Generate Notice']
2024-07-26 00:01:33,324 [info]: Scroll Into View failed.
2024-07-26 00:01:33,780 [info]: Scroll Into View By.xpath: //button[text()='Create User']
2024-07-26 00:01:35,872 [info]: Click By JS By.xpath: //button[text()='Create User']
2024-07-26 00:01:37,225 [info]: Sendkeys on By.xpath: //input[@name='firstName'] with value CRM
2024-07-26 00:01:37,415 [info]: Sendkeys on By.xpath: //input[@name='lastName'] with value User
2024-07-26 00:01:37,694 [info]: Sendkeys on By.id: idp-discovery-username with value nonsupervisorStage@yopmail.com
2024-07-26 00:01:37,764 [info]: Sendkeys on By.xpath: //input[@name='email'] with value CRMUser3797MPyxYb@yopmail.com
2024-07-26 00:01:37,908 [info]: Clicked on By.id: idp-discovery-submit
2024-07-26 00:01:37,943 [info]: Clicked on By.xpath: //label[text()='Role']/following::span[1]
2024-07-26 00:01:38,129 [info]: Clicked on By.xpath: //*[text()='Product Admin CRM']
2024-07-26 00:01:38,173 [info]: Scroll Into View By.xpath: //button[text()='Apply Notice']
2024-07-26 00:01:38,414 [info]: Click By JS By.xpath: //button[text()='Apply Notice']
2024-07-26 00:01:40,660 [info]: Click By JS By.xpath: //button[text()='Continue']
2024-07-26 00:01:40,868 [info]: Sendkeys on By.id: okta-signin-password with value Hello@1234
2024-07-26 00:01:41,083 [info]: Clicked on By.id: okta-signin-submit
2024-07-26 00:01:42,415 [info]: Clicked on By.xpath: //div[@class='user-form__header full-page-modal__header']//button[text()='Create User']
Test Failed: verifyCreateViolationSpecficfineFADocument
2024-07-26 00:01:43,921 [info]: Click By JS By.xpath: //button[text()='Yes']
2024-07-26 00:01:46,330 [info]: GetText fromBy.xpath: //h2[@class='case-details__case-number']
2024-07-26 00:01:46,378 [info]: GetText fromBy.xpath: //h2[@class='case-details__case-number']
Test Passed: CCP_VerifyCaseCreation
]]></system-out>
    <system-err><![CDATA[org.openqa.selenium.TimeoutException: Expected condition failed: waiting for visibility of element located by By.xpath: //h2[contains(text(),'Active')] (tried for 60 second(s) with 1000 milliseconds interval)
Build info: version: '4.11.0', revision: '040bc5406b'
System info: os.name: 'Windows 11', os.arch: 'amd64', os.version: '10.0', java.version: '18.0.2.1'
Driver info: driver.version: unknown
	at org.openqa.selenium.support.ui.FluentWait.timeoutException(FluentWait.java:262)
	at org.openqa.selenium.support.ui.FluentWait.until(FluentWait.java:230)
	at CommonMethods.Helper.waitUntilElementIsVisible(Helper.java:148)
	at POM.TemplateManagementUtility.TemplateMangement_VerifyErrorMessgeOnAdditionOfExistingTemplate(TemplateManagementUtility.java:491)
	at TestCases.TemplateManagement.TemplateMangement_VerifyErrorMessgeOnAdditionOfExistingTemplate(TemplateManagement.java:83)
	at java.base/jdk.internal.reflect.DirectMethodHandleAccessor.invoke(DirectMethodHandleAccessor.java:104)
	at java.base/java.lang.reflect.Method.invoke(Method.java:577)
	at org.testng.internal.invokers.MethodInvocationHelper.invokeMethod(MethodInvocationHelper.java:135)
	at org.testng.internal.invokers.TestInvoker.invokeMethod(TestInvoker.java:673)
	at org.testng.internal.invokers.TestInvoker.invokeTestMethod(TestInvoker.java:220)
	at org.testng.internal.invokers.MethodRunner.runInSequence(MethodRunner.java:50)
	at org.testng.internal.invokers.TestInvoker$MethodInvocationAgent.invoke(TestInvoker.java:945)
	at org.testng.internal.invokers.TestInvoker.invokeTestMethods(TestInvoker.java:193)
	at org.testng.internal.invokers.TestMethodWorker.invokeTestMethods(TestMethodWorker.java:146)
	at org.testng.internal.invokers.TestMethodWorker.run(TestMethodWorker.java:128)
	at java.base/java.util.concurrent.ThreadPoolExecutor.runWorker(ThreadPoolExecutor.java:1136)
	at java.base/java.util.concurrent.ThreadPoolExecutor$Worker.run(ThreadPoolExecutor.java:635)
	at java.base/java.lang.Thread.run(Thread.java:833)
org.openqa.selenium.NoSuchElementException: no such element: Unable to locate element: {"method":"xpath","selector":"//h2[contains(text(),'Active')]"}
  (Session info: chrome=115.0.5790.170)
For documentation on this error, please visit: https://www.selenium.dev/documentation/webdriver/troubleshooting/errors#no-such-element-exception
Build info: version: '4.11.0', revision: '040bc5406b'
System info: os.name: 'Windows 11', os.arch: 'amd64', os.version: '10.0', java.version: '18.0.2.1'
Driver info: org.openqa.selenium.chrome.ChromeDriver
Command: [ce5a891fc7051da9189a266828f63841, findElement {using=xpath, value=//h2[contains(text(),'Active')]}]
Capabilities {acceptInsecureCerts: false, browserName: chrome, browserVersion: 115.0.5790.170, chrome: {chromedriverVersion: 115.0.5790.170 (cc0d30c2ca5..., userDataDir: C:\Users\SQELAB~1\AppData\L...}, goog:chromeOptions: {debuggerAddress: localhost:51036}, networkConnectionEnabled: false, pageLoadStrategy: normal, platformName: windows, proxy: Proxy(), se:cdp: ws://localhost:51036/devtoo..., se:cdpVersion: 115.0.5790.170, setWindowRect: true, strictFileInteractability: false, timeouts: {implicit: 0, pageLoad: 300000, script: 30000}, unhandledPromptBehavior: dismiss and notify, webauthn:extension:credBlob: true, webauthn:extension:largeBlob: true, webauthn:extension:minPinLength: true, webauthn:extension:prf: true, webauthn:virtualAuthenticators: true}
Session ID: ce5a891fc7051da9189a266828f63841
	at java.base/jdk.internal.reflect.DirectConstructorHandleAccessor.newInstance(DirectConstructorHandleAccessor.java:67)
	at java.base/java.lang.reflect.Constructor.newInstanceWithCaller(Constructor.java:499)
	at java.base/java.lang.reflect.Constructor.newInstance(Constructor.java:483)
	at org.openqa.selenium.remote.codec.w3c.W3CHttpResponseCodec.createException(W3CHttpResponseCodec.java:200)
	at org.openqa.selenium.remote.codec.w3c.W3CHttpResponseCodec.decode(W3CHttpResponseCodec.java:133)
	at org.openqa.selenium.remote.codec.w3c.W3CHttpResponseCodec.decode(W3CHttpResponseCodec.java:52)
	at org.openqa.selenium.remote.HttpCommandExecutor.execute(HttpCommandExecutor.java:191)
	at org.openqa.selenium.remote.service.DriverCommandExecutor.invokeExecute(DriverCommandExecutor.java:196)
	at org.openqa.selenium.remote.service.DriverCommandExecutor.execute(DriverCommandExecutor.java:171)
	at org.openqa.selenium.remote.RemoteWebDriver.execute(RemoteWebDriver.java:518)
	at org.openqa.selenium.remote.ElementLocation$ElementFinder$2.findElement(ElementLocation.java:165)
	at org.openqa.selenium.remote.ElementLocation.findElement(ElementLocation.java:59)
	at org.openqa.selenium.remote.RemoteWebDriver.findElement(RemoteWebDriver.java:355)
	at org.openqa.selenium.remote.RemoteWebDriver.findElement(RemoteWebDriver.java:349)
	at CommonMethods.Helper.scrollIntoView(Helper.java:467)
	at POM.TemplateManagementUtility.TemplateMangement_VerifyErrorMessgeOnAdditionOfExistingTemplate(TemplateManagementUtility.java:492)
	at TestCases.TemplateManagement.TemplateMangement_VerifyErrorMessgeOnAdditionOfExistingTemplate(TemplateManagement.java:83)
	at java.base/jdk.internal.reflect.DirectMethodHandleAccessor.invoke(DirectMethodHandleAccessor.java:104)
	at java.base/java.lang.reflect.Method.invoke(Method.java:577)
	at org.testng.internal.invokers.MethodInvocationHelper.invokeMethod(MethodInvocationHelper.java:135)
	at org.testng.internal.invokers.TestInvoker.invokeMethod(TestInvoker.java:673)
	at org.testng.internal.invokers.TestInvoker.invokeTestMethod(TestInvoker.java:220)
	at org.testng.internal.invokers.MethodRunner.runInSequence(MethodRunner.java:50)
	at org.testng.internal.invokers.TestInvoker$MethodInvocationAgent.invoke(TestInvoker.java:945)
	at org.testng.internal.invokers.TestInvoker.invokeTestMethods(TestInvoker.java:193)
	at org.testng.internal.invokers.TestMethodWorker.invokeTestMethods(TestMethodWorker.java:146)
	at org.testng.internal.invokers.TestMethodWorker.run(TestMethodWorker.java:128)
	at java.base/java.util.concurrent.ThreadPoolExecutor.runWorker(ThreadPoolExecutor.java:1136)
	at java.base/java.util.concurrent.ThreadPoolExecutor$Worker.run(ThreadPoolExecutor.java:635)
	at java.base/java.lang.Thread.run(Thread.java:833)
org.openqa.selenium.TimeoutException: Expected condition failed: waiting for visibility of element located by By.xpath: //label[contains(text(),'Water')]//parent::span//input[@name='associatedViolationIds'][@type='checkbox'][not (@disabled)] (tried for 60 second(s) with 1000 milliseconds interval)
Build info: version: '4.11.0', revision: '040bc5406b'
System info: os.name: 'Windows 11', os.arch: 'amd64', os.version: '10.0', java.version: '18.0.2.1'
Driver info: driver.version: unknown
	at org.openqa.selenium.support.ui.FluentWait.timeoutException(FluentWait.java:262)
	at org.openqa.selenium.support.ui.FluentWait.until(FluentWait.java:230)
	at CommonMethods.Helper.waitUntilElementIsVisible(Helper.java:148)
	at CommonMethods.Helper.waitForPresenceandVisiblity(Helper.java:658)
	at POM.FinesUtility.SelectViolationSpecification(FinesUtility.java:731)
	at TestCases.VSFineLinkedFADoc.verifyCreateViolationSpecficfineFADocument(VSFineLinkedFADoc.java:69)
	at java.base/jdk.internal.reflect.DirectMethodHandleAccessor.invoke(DirectMethodHandleAccessor.java:104)
	at java.base/java.lang.reflect.Method.invoke(Method.java:577)
	at org.testng.internal.invokers.MethodInvocationHelper.invokeMethod(MethodInvocationHelper.java:135)
	at org.testng.internal.invokers.TestInvoker.invokeMethod(TestInvoker.java:673)
	at org.testng.internal.invokers.TestInvoker.invokeTestMethod(TestInvoker.java:220)
	at org.testng.internal.invokers.MethodRunner.runInSequence(MethodRunner.java:50)
	at org.testng.internal.invokers.TestInvoker$MethodInvocationAgent.invoke(TestInvoker.java:945)
	at org.testng.internal.invokers.TestInvoker.invokeTestMethods(TestInvoker.java:193)
	at org.testng.internal.invokers.TestMethodWorker.invokeTestMethods(TestMethodWorker.java:146)
	at org.testng.internal.invokers.TestMethodWorker.run(TestMethodWorker.java:128)
	at java.base/java.util.concurrent.ThreadPoolExecutor.runWorker(ThreadPoolExecutor.java:1136)
	at java.base/java.util.concurrent.ThreadPoolExecutor$Worker.run(ThreadPoolExecutor.java:635)
	at java.base/java.lang.Thread.run(Thread.java:833)
org.openqa.selenium.TimeoutException: Expected condition failed: waiting for visibility of element located by By.id: okta-signin-username (tried for 60 second(s) with 1000 milliseconds interval)
Build info: version: '4.11.0', revision: '040bc5406b'
System info: os.name: 'Windows 11', os.arch: 'amd64', os.version: '10.0', java.version: '18.0.2.1'
Driver info: driver.version: unknown
	at org.openqa.selenium.support.ui.FluentWait.timeoutException(FluentWait.java:262)
	at org.openqa.selenium.support.ui.FluentWait.until(FluentWait.java:230)
	at CommonMethods.Helper.waitUntilElementIsVisible(Helper.java:148)
	at POM.LoginUtility.LoginAgencyUser(LoginUtility.java:1132)
	at POM.LoginUtility.loginNoSupervisor_QAProdStage(LoginUtility.java:1293)
	at POM.CDP_Utility.VerifyApprovedNoticeStatusAppearNonSuperviosr(CDP_Utility.java:1332)
	at TestCases.EscalatedNoticesCDP.EscalatedNoticesCDP_VerifyApprovedNoticeStatusAppearNonSuperviosr(EscalatedNoticesCDP.java:69)
	at java.base/jdk.internal.reflect.DirectMethodHandleAccessor.invoke(DirectMethodHandleAccessor.java:104)
	at java.base/java.lang.reflect.Method.invoke(Method.java:577)
	at org.testng.internal.invokers.MethodInvocationHelper.invokeMethod(MethodInvocationHelper.java:135)
	at org.testng.internal.invokers.TestInvoker.invokeMethod(TestInvoker.java:673)
	at org.testng.internal.invokers.TestInvoker.invokeTestMethod(TestInvoker.java:220)
	at org.testng.internal.invokers.MethodRunner.runInSequence(MethodRunner.java:50)
	at org.testng.internal.invokers.TestInvoker$MethodInvocationAgent.invoke(TestInvoker.java:945)
	at org.testng.internal.invokers.TestInvoker.invokeTestMethods(TestInvoker.java:193)
	at org.testng.internal.invokers.TestMethodWorker.invokeTestMethods(TestMethodWorker.java:146)
	at org.testng.internal.invokers.TestMethodWorker.run(TestMethodWorker.java:128)
	at java.base/java.util.concurrent.ThreadPoolExecutor.runWorker(ThreadPoolExecutor.java:1136)
	at java.base/java.util.concurrent.ThreadPoolExecutor$Worker.run(ThreadPoolExecutor.java:635)
	at java.base/java.lang.Thread.run(Thread.java:833)
org.openqa.selenium.NoSuchElementException: no such element: Unable to locate element: {"method":"xpath","selector":"//label[contains(text(),'Water')]//parent::span//input[@name='associatedViolationIds'][@type='checkbox'][not (@disabled)]"}
  (Session info: chrome=115.0.5790.170)
For documentation on this error, please visit: https://www.selenium.dev/documentation/webdriver/troubleshooting/errors#no-such-element-exception
Build info: version: '4.11.0', revision: '040bc5406b'
System info: os.name: 'Windows 11', os.arch: 'amd64', os.version: '10.0', java.version: '18.0.2.1'
Driver info: org.openqa.selenium.chrome.ChromeDriver
Command: [4fdbe4840d53dc0a25485e551cd464ed, findElement {using=xpath, value=//label[contains(text(),'Water')]//parent::span//input[@name='associatedViolationIds'][@type='checkbox'][not (@disabled)]}]
Capabilities {acceptInsecureCerts: false, browserName: chrome, browserVersion: 115.0.5790.170, chrome: {chromedriverVersion: 115.0.5790.170 (cc0d30c2ca5..., userDataDir: C:\Users\SQELAB~1\AppData\L...}, goog:chromeOptions: {debuggerAddress: localhost:57669}, networkConnectionEnabled: false, pageLoadStrategy: normal, platformName: windows, proxy: Proxy(), se:cdp: ws://localhost:57669/devtoo..., se:cdpVersion: 115.0.5790.170, setWindowRect: true, strictFileInteractability: false, timeouts: {implicit: 0, pageLoad: 300000, script: 30000}, unhandledPromptBehavior: dismiss and notify, webauthn:extension:credBlob: true, webauthn:extension:largeBlob: true, webauthn:extension:minPinLength: true, webauthn:extension:prf: true, webauthn:virtualAuthenticators: true}
Session ID: 4fdbe4840d53dc0a25485e551cd464ed
	at java.base/jdk.internal.reflect.DirectConstructorHandleAccessor.newInstance(DirectConstructorHandleAccessor.java:67)
	at java.base/java.lang.reflect.Constructor.newInstanceWithCaller(Constructor.java:499)
	at java.base/java.lang.reflect.Constructor.newInstance(Constructor.java:483)
	at org.openqa.selenium.remote.codec.w3c.W3CHttpResponseCodec.createException(W3CHttpResponseCodec.java:200)
	at org.openqa.selenium.remote.codec.w3c.W3CHttpResponseCodec.decode(W3CHttpResponseCodec.java:133)
	at org.openqa.selenium.remote.codec.w3c.W3CHttpResponseCodec.decode(W3CHttpResponseCodec.java:52)
	at org.openqa.selenium.remote.HttpCommandExecutor.execute(HttpCommandExecutor.java:191)
	at org.openqa.selenium.remote.service.DriverCommandExecutor.invokeExecute(DriverCommandExecutor.java:196)
	at org.openqa.selenium.remote.service.DriverCommandExecutor.execute(DriverCommandExecutor.java:171)
	at org.openqa.selenium.remote.RemoteWebDriver.execute(RemoteWebDriver.java:518)
	at org.openqa.selenium.remote.ElementLocation$ElementFinder$2.findElement(ElementLocation.java:165)
	at org.openqa.selenium.remote.ElementLocation.findElement(ElementLocation.java:59)
	at org.openqa.selenium.remote.RemoteWebDriver.findElement(RemoteWebDriver.java:355)
	at org.openqa.selenium.remote.RemoteWebDriver.findElement(RemoteWebDriver.java:349)
	at org.openqa.selenium.support.ui.ExpectedConditions$6.apply(ExpectedConditions.java:171)
	at org.openqa.selenium.support.ui.ExpectedConditions$6.apply(ExpectedConditions.java:168)
	at org.openqa.selenium.support.ui.FluentWait.until(FluentWait.java:205)
	at CommonMethods.Helper.waitUntilElementPresent(Helper.java:103)
	at CommonMethods.Helper.waitForPresenceandVisiblity(Helper.java:659)
	at POM.FinesUtility.SelectViolationSpecification(FinesUtility.java:731)
	at TestCases.VSFineLinkedFADoc.verifyCreateViolationSpecficfineFADocument(VSFineLinkedFADoc.java:69)
	at java.base/jdk.internal.reflect.DirectMethodHandleAccessor.invoke(DirectMethodHandleAccessor.java:104)
	at java.base/java.lang.reflect.Method.invoke(Method.java:577)
	at org.testng.internal.invokers.MethodInvocationHelper.invokeMethod(MethodInvocationHelper.java:135)
	at org.testng.internal.invokers.TestInvoker.invokeMethod(TestInvoker.java:673)
	at org.testng.internal.invokers.TestInvoker.invokeTestMethod(TestInvoker.java:220)
	at org.testng.internal.invokers.MethodRunner.runInSequence(MethodRunner.java:50)
	at org.testng.internal.invokers.TestInvoker$MethodInvocationAgent.invoke(TestInvoker.java:945)
	at org.testng.internal.invokers.TestInvoker.invokeTestMethods(TestInvoker.java:193)
	at org.testng.internal.invokers.TestMethodWorker.invokeTestMethods(TestMethodWorker.java:146)
	at org.testng.internal.invokers.TestMethodWorker.run(TestMethodWorker.java:128)
	at java.base/java.util.concurrent.ThreadPoolExecutor.runWorker(ThreadPoolExecutor.java:1136)
	at java.base/java.util.concurrent.ThreadPoolExecutor$Worker.run(ThreadPoolExecutor.java:635)
	at java.base/java.lang.Thread.run(Thread.java:833)
]]></system-err>
  </testcase>
  <testcase name="CCP_CDP_CountVerifications" classname="TestCases.CCP" time="0.235">
    <system-out><![CDATA[2024-07-26 00:01:46,541 [info]: Scroll Into View By.xpath: //div[@class='contact flex-row--center']
Test Passed: CCP_CDP_CountVerifications
]]></system-out>
  </testcase>
  <testcase name="CCP_CaseCreationWithMultipleViolationSameEntity" classname="TestCases.CCP" time="1.73">
    <system-out><![CDATA[2024-07-26 00:04:17,543 [info]: Click By JS By.xpath: //div[@class='progressive-form active']//button[text()='Continue']
2024-07-26 00:04:17,633 [info]: Scroll Into View By.xpath: //div[@class='progressive-form__footer']//button[text()='Generate Notice']
2024-07-26 00:04:19,215 [info]: Switched to Window 1DE296226F9C15BF7888E1BF2963B586
Test Passed: CCP_CaseCreationWithMultipleViolationSameEntity
]]></system-out>
  </testcase>
  <testcase name="CCP_SearchCaseAndNavigatetoCDP" classname="TestCases.CCP" time="0.995">
    <system-out><![CDATA[2024-07-26 00:05:01,219 [info]: Clicked on By.xpath: //div[@class='list-label']
2024-07-26 00:05:01,289 [info]: Clicked on By.xpath: //button[text()='Generate FAA Document']
2024-07-26 00:05:01,345 [info]: Scroll Into View By.xpath: (//button[text()='Next'])[2]
2024-07-26 00:05:01,486 [info]: Click By JS By.xpath: (//button[text()='Next'])[2]
2024-07-26 00:05:01,667 [info]: Scroll Into View By.xpath: //button[text()='Text Message']
2024-07-26 00:05:01,696 [info]: GetText fromBy.xpath: //h2[@class='case-details__case-number']
Test Passed: CCP_SearchCaseAndNavigatetoCDP
]]></system-out>
  </testcase>
  <testcase name="LoginAgency" classname="TestCases.FlatFineWithNotice" time="2.114">
    <system-out><![CDATA[2024-07-25 23:49:00,546 [info]: Clicked on By.xpath: //div[text()='CRM']
2024-07-25 23:49:01,446 [info]: Sendkeys on By.id: idp-discovery-username with value MarkShane123@yopmail.com
2024-07-25 23:49:01,641 [info]: Clicked on By.id: idp-discovery-submit
2024-07-25 23:49:02,087 [info]: GetText fromBy.xpath: //div[@class='app-header__user-name']/label
Test Passed: LoginAgency
]]></system-out>
  </testcase>
  <testcase name="flatFineWithNotice_verifyValidationMessageOnCreateFineForLabelField" classname="TestCases.FlatFineWithNotice" time="5.301">
    <system-out><![CDATA[2024-07-25 23:49:19,377 [info]: Scroll Into View By.xpath: //button[text()='Create Notification']
2024-07-25 23:49:19,763 [info]: Click By JS By.xpath: //button[text()='Create Notification']
2024-07-25 23:49:20,129 [info]: Scroll Into View By.xpath: //button[text()='Create Fine']
2024-07-25 23:49:20,600 [info]: Clicked on By.xpath: //li[@id='react-autowhatever-1-section-0-item-0']
2024-07-25 23:49:20,621 [info]: Click By JS By.xpath: //button[text()='Create Fine']
2024-07-25 23:49:20,638 [info]: Sendkeys on By.xpath: //div[@class='location-tile__inputs-container']//input with value TEXAS CITY Museum
2024-07-25 23:49:21,588 [info]: Click By JS By.xpath: //button[text()='Create SLA']
2024-07-25 23:49:22,000 [info]: GetText fromBy.xpath: //div[@class='modal-header']//h1
2024-07-25 23:49:22,148 [info]: Sendkeys on By.xpath: //input[@name='query'] with value Texas
2024-07-25 23:49:22,244 [info]: Scroll Into View By.xpath: (//h1[text()='Create Notification']//parent::div//button)[1]
2024-07-25 23:49:22,479 [info]: Sendkeys on By.xpath: //div[@class='location-tile__inputs-container']//input with value TEXAS CITY Museum
2024-07-25 23:49:22,534 [info]: Click By JS By.xpath: (//h1[text()='Create Notification']//parent::div//button)[1]
2024-07-25 23:49:22,714 [info]: Clicked on By.xpath: //ul[@class='dropdown__options--single']//span
2024-07-25 23:49:23,268 [info]: Scroll Into View By.xpath: //button[text()='Create Notification']
2024-07-25 23:49:23,453 [info]: Sendkeys on By.xpath: //input[@name='defaultAmount'] with value 20000
2024-07-25 23:49:23,489 [info]: Click By JS By.xpath: //button[text()='Create Notification']
2024-07-25 23:49:23,626 [info]: Click By JS By.xpath: //div[text()='Submission Received']//following::button[1]
2024-07-25 23:49:23,716 [info]: Clicked on By.xpath: //li[@id='react-autowhatever-1-section-0-item-0']
2024-07-25 23:49:23,794 [info]: Click By JS By.xpath: //label[text()='Do not associate a notice']
2024-07-25 23:49:24,293 [info]: Sendkeys on By.xpath: //input[@name='zip'] with value 77494
2024-07-25 23:49:24,427 [info]: Click By JS By.xpath: //div[text()='Create Fine'][@class='modal-header']//parent::div//button[text()='Create Fine']
2024-07-25 23:49:24,613 [info]: Click By JS By.xpath: //button[text()='Cancel']
Test Passed: flatFineWithNotice_verifyValidationMessageOnCreateFineForLabelField
]]></system-out>
  </testcase>
  <testcase name="flatFineWithNotice_verifyUserAbleToCreateFlatFineWithoutNotice" classname="TestCases.FlatFineWithNotice" time="0.548">
    <system-out><![CDATA[2024-07-25 23:50:27,570 [info]: Scroll Into View By.xpath: //button[text()='Create SLA']
2024-07-25 23:50:27,736 [info]: Click By JS By.xpath: //button[text()='Create SLA']
no of fines on page 6
UpdatedFine Without NoticeEyFzC
Fine Without NoticeLnuzt
UpdatedFine Without NoticeklOOa
UpdatedFine Without NoticenBtGn
UpdatedFine Without NoticeafuPr
Fine Without NoticefMeRl
Fine Without NoticefMeRl
Test Passed: flatFineWithNotice_verifyUserAbleToCreateFlatFineWithoutNotice
]]></system-out>
  </testcase>
  <testcase name="flatFineWithNotice_verifyUserAbleToEditFlatFineWithoutNotice" classname="TestCases.FlatFineWithNotice" time="1.94">
    <system-out><![CDATA[2024-07-25 23:50:45,224 [info]: GetText fromBy.xpath: //div[text()='Create Case']
2024-07-25 23:50:45,345 [info]: Clicked on By.xpath: //label[@for='assignee']/following::ul/li[1]
2024-07-25 23:50:45,443 [info]: Sendkeys on By.xpath: //textarea[@placeholder='Enter Note'] with value Notes for FA
2024-07-25 23:50:45,490 [info]: Click By JS By.xpath: //div[@class='case-inspection__print-notice']//button[text()='Do Not Print']
2024-07-25 23:50:45,637 [info]: Clicked on By.xpath: //label[@for='collaborators']/following::label[1]
2024-07-25 23:50:45,645 [info]: Clicked on By.xpath: //div[@class='modal-footer']//button[2]
2024-07-25 23:50:46,546 [info]: Click By JS By.xpath: //button[text()='Complete Inspection & Generate Notice for Approval']
Test Passed: flatFineWithNotice_verifyUserAbleToEditFlatFineWithoutNotice
]]></system-out>
  </testcase>
  <testcase name="flatFineWithNotice_verifyValidationMessageDisplayedForDuplicateFine" classname="TestCases.FlatFineWithNotice" time="5.637">
    <system-out><![CDATA[2024-07-25 23:51:05,464 [info]: Scroll Into View By.xpath: //div[text()='No Supervisor']
2024-07-25 23:51:05,509 [info]: Scroll Into View By.cssSelector: #header div.app-header__new
2024-07-25 23:51:05,528 [info]: GetText fromBy.xpath: //h2[@class='case-details__case-number']
false case id
2024-07-25 23:51:05,583 [info]: Scroll Into View By.cssSelector: div.case-details__close-icon img
2024-07-25 23:51:05,629 [info]: Click By JS By.cssSelector: #header div.app-header__new
2024-07-25 23:51:05,660 [info]: Move to element and Click on [[ChromeDriver: chrome on windows (2dbf5389ac4ceff2ed6474b658e50e71)] -> xpath: //div[text()='No Supervisor']]
2024-07-25 23:51:05,672 [info]: Scroll to the Top.
2024-07-25 23:51:05,773 [info]: Click By JS By.cssSelector: div.case-details__close-icon img
2024-07-25 23:51:05,789 [info]: Click By JS By.xpath: (//button[text()='Create User'])[2]
2024-07-25 23:51:06,824 [info]: Click By JS By.xpath: //label[text()='Code Enforcement Case']
2024-07-25 23:51:07,655 [info]: Click By JS By.xpath: //button[text()='Create Category']
2024-07-25 23:51:08,051 [info]: Click By JS By.xpath: //*[@class='app-header__user-name']/div
2024-07-25 23:51:08,104 [info]: Click By JS By.xpath: //label[text()='Logout']
2024-07-25 23:51:08,281 [info]: Scroll Into View By.xpath: //div[@class='contact-tile tile']//input
2024-07-25 23:51:08,852 [info]: Clicked on By.xpath: //div[@class='contact-tile tile']//input
2024-07-25 23:51:08,852 [info]: Click By JS By.xpath: //label[text()='Location Required']
2024-07-25 23:51:09,213 [info]: Click By JS By.xpath: //div[@class='contact-tile tile']//div[@class='react-autosuggest__function']
2024-07-25 23:51:09,590 [info]: Sendkeys on By.xpath: //input[@name='name'] with value Location Not Required
2024-07-25 23:51:09,687 [info]: Scroll Into View By.xpath: //div[@class='full-page-modal__header']//following::button[text()='Create Category']
2024-07-25 23:51:09,764 [info]: Sendkeys on By.xpath: //div[@class='location-tile__inputs-container']//input with value TEXAS CITY Museum
2024-07-25 23:51:09,765 [info]: Click By JS By.xpath: //div[@class='full-page-modal__header']//following::button[text()='Create Category']
2024-07-25 23:51:10,727 [info]: Click By JS By.xpath: //div[text()='Submission Received']//following::button[1]
2024-07-25 23:51:10,730 [info]: Sendkeys on By.xpath: //input[@name='name'] with value rdKVRdNJ
2024-07-25 23:51:10,854 [info]: Click By JS By.xpath: //button[text()='Cancel']
Test Passed: flatFineWithNotice_verifyValidationMessageDisplayedForDuplicateFine
]]></system-out>
  </testcase>
  <testcase name="flatFineWithNotice_verifyValidationMessageOnCreateFineForAmountField" classname="TestCases.FlatFineWithNotice" time="1.123">
    <system-out><![CDATA[2024-07-25 23:51:18,174 [info]: GetText fromBy.xpath: //label[text()='Associated Case']/following::a[1]
2024-07-25 23:51:18,431 [info]: Click By JS By.xpath: //label[text()='Associated Case']/following::a[1]
2024-07-25 23:51:18,810 [info]: Sendkeys on By.xpath: //input[@name='label'] with value Tr9KNFlatFine
Test Failed: TemplateMangement_CloseandOpenCreateTemplatePOpup
2024-07-25 23:51:18,898 [info]: Click By JS By.xpath: //label[text()='Do not associate a notice']
2024-07-25 23:51:18,931 [info]: Sendkeys on By.xpath: //*[@placeholder='Filter by name or email'] with value Role70871NoSupervisor
2024-07-25 23:51:19,035 [info]: Click By JS By.xpath: //div[text()='Create Fine'][@class='modal-header']//parent::div//button[text()='Create Fine']
2024-07-25 23:51:19,205 [info]: Click By JS By.xpath: //button[text()='Cancel']
Test Passed: flatFineWithNotice_verifyValidationMessageOnCreateFineForAmountField
]]></system-out>
    <system-err><![CDATA[org.openqa.selenium.TimeoutException: Expected condition failed: waiting for element to be clickable: By.xpath: //h2[contains(text(),'Active')]//parent::div//button (tried for 60 second(s) with 1000 milliseconds interval)
Build info: version: '4.11.0', revision: '040bc5406b'
System info: os.name: 'Windows 11', os.arch: 'amd64', os.version: '10.0', java.version: '18.0.2.1'
Driver info: driver.version: unknown
	at org.openqa.selenium.support.ui.FluentWait.timeoutException(FluentWait.java:262)
	at org.openqa.selenium.support.ui.FluentWait.until(FluentWait.java:230)
	at CommonMethods.Helper.waitForElementIsInteractable(Helper.java:199)
	at POM.TemplateManagementUtility.TemplateMangement_CloseandOpenCreateTemplatePOpup(TemplateManagementUtility.java:137)
	at TestCases.TemplateManagement.TemplateMangement_CloseandOpenCreateTemplatePOpup(TemplateManagement.java:45)
	at java.base/jdk.internal.reflect.DirectMethodHandleAccessor.invoke(DirectMethodHandleAccessor.java:104)
	at java.base/java.lang.reflect.Method.invoke(Method.java:577)
	at org.testng.internal.invokers.MethodInvocationHelper.invokeMethod(MethodInvocationHelper.java:135)
	at org.testng.internal.invokers.TestInvoker.invokeMethod(TestInvoker.java:673)
	at org.testng.internal.invokers.TestInvoker.invokeTestMethod(TestInvoker.java:220)
	at org.testng.internal.invokers.MethodRunner.runInSequence(MethodRunner.java:50)
	at org.testng.internal.invokers.TestInvoker$MethodInvocationAgent.invoke(TestInvoker.java:945)
	at org.testng.internal.invokers.TestInvoker.invokeTestMethods(TestInvoker.java:193)
	at org.testng.internal.invokers.TestMethodWorker.invokeTestMethods(TestMethodWorker.java:146)
	at org.testng.internal.invokers.TestMethodWorker.run(TestMethodWorker.java:128)
	at java.base/java.util.concurrent.ThreadPoolExecutor.runWorker(ThreadPoolExecutor.java:1136)
	at java.base/java.util.concurrent.ThreadPoolExecutor$Worker.run(ThreadPoolExecutor.java:635)
	at java.base/java.lang.Thread.run(Thread.java:833)
]]></system-err>
  </testcase>
  <testcase name="flatFineWithNotice_verifyFlatFineWithNoticeIsDisplayedOnPI" classname="TestCases.FlatFineWithNotice" time="0.235">
    <system-out><![CDATA[2024-07-25 23:53:55,607 [info]: Scroll Into View By.xpath: //div[@class='customer-submission-details__close-icon']/img
2024-07-25 23:53:55,658 [info]: Click By JS By.xpath: //*[text()='HTML Flat Fine Notice']
Test Passed: flatFineWithNotice_verifyFlatFineWithNoticeIsDisplayedOnPI
]]></system-out>
  </testcase>
  <testcase name="flatFineWithNotice_verifyFlatFineWithNoticeAmountIsDisplayedOnPI" classname="TestCases.FlatFineWithNotice" time="0.183">
    <system-out><![CDATA[2024-07-25 23:53:55,895 [info]: Click By JS By.xpath: //div[@class='customer-submission-details__close-icon']/img
2024-07-25 23:53:55,940 [info]: Get Attribute value from By.xpath: //*[@name='amount']
100.00
Test Passed: flatFineWithNotice_verifyFlatFineWithNoticeAmountIsDisplayedOnPI
]]></system-out>
  </testcase>
  <testcase name="flatFineWithNotice_verifyUserIsAbleToEditFlatFineWithNoticeOnPI" classname="TestCases.FlatFineWithNotice" time="0.388">
    <system-out><![CDATA[2024-07-25 23:54:00,310 [info]: Scroll Into View By.xpath: //div[@id='cs-notes']//button[@class='compose-note-icon btn btn-primary']
2024-07-25 23:54:00,328 [info]: Clicked on By.xpath: //div[text()='Yes']
2024-07-25 23:54:00,400 [info]: Sendkeys on By.xpath: //*[@name='amount'] with value 20000
2024-07-25 23:54:00,421 [info]: Scroll Into View By.xpath: //button[text()='Continue to Generate Document']
2024-07-25 23:54:00,560 [info]: Click By JS By.xpath: //div[@id='cs-notes']//button[@class='compose-note-icon btn btn-primary']
2024-07-25 23:54:00,568 [info]: Get Attribute value from By.xpath: //*[@name='amount']
Test Passed: flatFineWithNotice_verifyUserIsAbleToEditFlatFineWithNoticeOnPI
]]></system-out>
  </testcase>
  <testcase name="flatFineWithNotice_verifyDoNotIssueTheFineCheckboxIsDisplayed" classname="TestCases.FlatFineWithNotice" time="7.112">
    <system-out><![CDATA[2024-07-25 23:55:01,171 [info]: Scroll Into View By.xpath: //div[@class='contact-tile tile']//input
2024-07-25 23:55:01,208 [info]: Click By JS By.xpath: //*[@class='checkbox-holder checkbox-holder--radio col-md-12']//*[@type='checkbox']
true
2024-07-25 23:55:01,315 [info]: Click By JS By.xpath: //*[@class='checkbox-holder checkbox-holder--radio col-md-12']//*[@type='checkbox']
Test Passed: flatFineWithNotice_verifyDoNotIssueTheFineCheckboxIsDisplayed
]]></system-out>
    <system-err><![CDATA[org.openqa.selenium.TimeoutException: Expected condition failed: waiting for element to be clickable: By.xpath: //*[@class='checkbox-holder checkbox-holder--radio col-md-12']//*[@type='checkbox'] (tried for 60 second(s) with 1000 milliseconds interval)
Build info: version: '4.11.0', revision: '040bc5406b'
System info: os.name: 'Windows 11', os.arch: 'amd64', os.version: '10.0', java.version: '18.0.2.1'
Driver info: driver.version: unknown
	at org.openqa.selenium.support.ui.FluentWait.timeoutException(FluentWait.java:262)
	at org.openqa.selenium.support.ui.FluentWait.until(FluentWait.java:230)
	at CommonMethods.Helper.waitForElementIsInteractable(Helper.java:199)
	at POM.FinesUtility.verifyDoNotIssueFineCheckboxDisplayed(FinesUtility.java:271)
	at TestCases.FlatFineWithNotice.flatFineWithNotice_verifyDoNotIssueTheFineCheckboxIsDisplayed(FlatFineWithNotice.java:101)
	at java.base/jdk.internal.reflect.DirectMethodHandleAccessor.invoke(DirectMethodHandleAccessor.java:104)
	at java.base/java.lang.reflect.Method.invoke(Method.java:577)
	at org.testng.internal.invokers.MethodInvocationHelper.invokeMethod(MethodInvocationHelper.java:135)
	at org.testng.internal.invokers.TestInvoker.invokeMethod(TestInvoker.java:673)
	at org.testng.internal.invokers.TestInvoker.invokeTestMethod(TestInvoker.java:220)
	at org.testng.internal.invokers.MethodRunner.runInSequence(MethodRunner.java:50)
	at org.testng.internal.invokers.TestInvoker$MethodInvocationAgent.invoke(TestInvoker.java:945)
	at org.testng.internal.invokers.TestInvoker.invokeTestMethods(TestInvoker.java:193)
	at org.testng.internal.invokers.TestMethodWorker.invokeTestMethods(TestMethodWorker.java:146)
	at org.testng.internal.invokers.TestMethodWorker.run(TestMethodWorker.java:128)
	at java.base/java.util.concurrent.ThreadPoolExecutor.runWorker(ThreadPoolExecutor.java:1136)
	at java.base/java.util.concurrent.ThreadPoolExecutor$Worker.run(ThreadPoolExecutor.java:635)
	at java.base/java.lang.Thread.run(Thread.java:833)
]]></system-err>
  </testcase>
  <testcase name="flatFineWithNotice_verifyFlatFineAmountWithNoticeIsAddedUnderOutstandingBalance" classname="TestCases.FlatFineWithNotice" time="15.008">
    <system-out><![CDATA[2024-07-25 23:55:06,374 [info]: GetText fromBy.xpath: //h2[@class='customer-submission-details__number']
2024-07-25 23:55:07,529 [info]: Sendkeys on By.xpath: //div[@id='inspectionAssignee']//input[@placeholder='Search...'][@name='query'] with value Amandeep Singh
2024-07-25 23:55:07,751 [info]: Clicked on By.xpath: //label[@for='inspectionAssignee']/following::ul/li//b
2024-07-25 23:55:08,201 [info]: Clicked on By.xpath: //button[text()='Create Rule']
2024-07-25 23:55:08,531 [info]: Scroll Into View By.xpath: //button[text()='Print']
2024-07-25 23:55:08,691 [info]: GetText fromBy.xpath: //div[text()='Create Case']
2024-07-25 23:55:08,732 [info]: Clicked on By.xpath: //button[text()='Print']
2024-07-25 23:55:09,114 [info]: Clicked on By.xpath: //span/label[text()='Property Owner']
2024-07-25 23:55:09,405 [info]: GetText fromBy.xpath: (//div[@class='sortable-table__body__tr']//div)[2]
2024-07-25 23:55:09,494 [info]: Clicked on By.xpath: //button[text()='Apply']
2024-07-25 23:55:09,529 [info]: Scroll Into View By.xpath: //span[contains(text(),'Attachments')]//following-sibling::button
2024-07-25 23:55:09,587 [info]: Clicked on By.xpath: //button[text()='Save']
2024-07-25 23:55:09,725 [info]: Click By JS By.xpath: //span[contains(text(),'Attachments')]//following-sibling::button
2024-07-25 23:55:10,108 [info]: Click By JS By.xpath: //div[@class='case-inspection__print-notice']//button[text()='Do Not Print']
2024-07-25 23:55:10,240 [info]: Click By JS By.xpath: //button[text()='Issue Notice & Complete Inspection']
2024-07-25 23:55:10,943 [info]: GetText fromBy.xpath: //div[text()='Print Settings']
PrintSettingsPopupTitle: -> Print Settings
2024-07-25 23:55:11,515 [info]: Click By JS By.xpath: //div[text()='Print Settings']/following::button[text()='Print']
2024-07-25 23:55:12,422 [info]: Click By JS By.xpath: //div[@class='flex-row--center']/button[text()='Yes']
2024-07-25 23:55:13,122 [info]: Click By JS By.xpath: //button[text()='Create & Schedule Inspection']
2024-07-25 23:55:18,898 [info]: Clicked on By.xpath: //button[text()='Add']
2024-07-25 23:55:18,932 [info]: Scroll Into View By.xpath: //span[contains(text(),'Attachments')]//following-sibling::button
2024-07-25 23:55:19,096 [info]: Click By JS By.xpath: //span[contains(text(),'Attachments')]//following-sibling::button
200
Test Passed: flatFineWithNotice_verifyFlatFineAmountWithNoticeIsAddedUnderOutstandingBalance
]]></system-out>
  </testcase>
  <testcase name="flatFineWithNotice_verifyFlatFineWithNoticeDisplayedOnFinesAndPaymentsPage" classname="TestCases.FlatFineWithNotice" time="1.736">
    <system-out><![CDATA[2024-07-25 23:55:30,855 [info]: Sendkeys on By.xpath: //input[@placeholder='Enter Text'] with value C123C456
2024-07-25 23:55:30,944 [info]: Scroll Into View By.xpath: //div/button[text()='Create Case']
2024-07-25 23:55:31,020 [info]: Click By JS By.xpath: //button[text()='Manage Tags']
2024-07-25 23:55:31,091 [info]: Sendkeys on By.xpath: //input[@placeholder='Enter Number'] with value 12345
2024-07-25 23:55:31,315 [info]: Clicked on By.xpath: //div[@class='Select-placeholder']
2024-07-25 23:55:31,596 [info]: Clicked on By.xpath: //div[text()='Yes']
2024-07-25 23:55:31,648 [info]: Scroll Into View By.xpath: //button[text()='Continue to Generate Document']
2024-07-25 23:55:31,728 [info]: Clicked on By.xpath: //div/button[text()='Create Case']
2024-07-25 23:55:32,088 [info]: Clicked on By.xpath: //button[text()='Continue to Generate Document']
2024-07-25 23:55:32,291 [info]: Scroll Into View By.xpath: (//div[contains(text(),'Attachments')]//parent::h2//div//button)
2024-07-25 23:55:32,518 [info]: Click By JS By.xpath: (//div[contains(text(),'Attachments')]//parent::h2//div//button)
Test Passed: flatFineWithNotice_verifyFlatFineWithNoticeDisplayedOnFinesAndPaymentsPage
]]></system-out>
  </testcase>
  <testcase name="flatFineWithNotice_verifyFlatFineWithNoticeAmountIsDisplayedForGenerateNotice" classname="TestCases.FlatFineWithNotice" time="0.933">
    <failure message="expected [100] but found [200]" type="java.lang.AssertionError"><![CDATA[java.lang.AssertionError: expected [100] but found [200]
	at org.testng.Assert.fail(Assert.java:110)
	at org.testng.Assert.failNotEquals(Assert.java:1413)
	at org.testng.Assert.assertEqualsImpl(Assert.java:149)
	at org.testng.Assert.assertEquals(Assert.java:131)
	at org.testng.Assert.assertEquals(Assert.java:1240)
	at org.testng.Assert.assertEquals(Assert.java:1274)
	at POM.FinesUtility.verifyFineAmountIsDisplayed(FinesUtility.java:250)
	at TestCases.FlatFineWithNotice.flatFineWithNotice_verifyFlatFineWithNoticeAmountIsDisplayedForGenerateNotice(FlatFineWithNotice.java:132)
	at java.base/jdk.internal.reflect.DirectMethodHandleAccessor.invoke(DirectMethodHandleAccessor.java:104)
	at java.base/java.lang.reflect.Method.invoke(Method.java:577)
	at org.testng.internal.invokers.MethodInvocationHelper.invokeMethod(MethodInvocationHelper.java:135)
	at org.testng.internal.invokers.TestInvoker.invokeMethod(TestInvoker.java:673)
	at org.testng.internal.invokers.TestInvoker.invokeTestMethod(TestInvoker.java:220)
	at org.testng.internal.invokers.MethodRunner.runInSequence(MethodRunner.java:50)
	at org.testng.internal.invokers.TestInvoker$MethodInvocationAgent.invoke(TestInvoker.java:945)
	at org.testng.internal.invokers.TestInvoker.invokeTestMethods(TestInvoker.java:193)
	at org.testng.internal.invokers.TestMethodWorker.invokeTestMethods(TestMethodWorker.java:146)
	at org.testng.internal.invokers.TestMethodWorker.run(TestMethodWorker.java:128)
	at java.base/java.util.concurrent.ThreadPoolExecutor.runWorker(ThreadPoolExecutor.java:1136)
	at java.base/java.util.concurrent.ThreadPoolExecutor$Worker.run(ThreadPoolExecutor.java:635)
	at java.base/java.lang.Thread.run(Thread.java:833)
]]></failure>
    <system-out><![CDATA[2024-07-25 23:55:44,517 [info]: Scroll Into View By.xpath: (//div[@class='tick--not-selected']//following-sibling::img)[1]
2024-07-25 23:55:44,580 [info]: Click By JS By.xpath: (//div[@class='tick--not-selected']//following-sibling::img)[1]
2024-07-25 23:55:44,744 [info]: Click By JS By.xpath: (//div[@class='tick--not-selected']//following-sibling::img)[2]
2024-07-25 23:55:44,789 [info]: Click By JS By.xpath: //*[@class='view-details']
2024-07-25 23:55:46,585 [info]: Click By JS By.xpath: //*[text()='HTML Flat Fine Notice']
2024-07-25 23:55:47,900 [info]: Scroll Into View By.xpath: //button[text()='Generate FAA Document']
2024-07-25 23:55:48,191 [info]: Clicked on By.xpath: //button[text()='Generate FAA Document']
2024-07-25 23:55:48,572 [info]: Scroll Into View By.xpath: //div[@class='contact-tile tile']//input
2024-07-25 23:55:48,906 [info]: Clicked on By.xpath: //div[@class='contact-tile tile']//input
2024-07-25 23:55:49,031 [info]: Scroll Into View By.xpath: //div[@class='footer_actions']/button[2]
Found fine with name Fine ( Violation Specific Fine Linked To Notice Only: Due 08/01/2024)
2024-07-25 23:55:49,235 [info]: Click By JS By.xpath: //div[@class='contact-tile tile']//div[@class='react-autosuggest__function']
2024-07-25 23:55:49,293 [info]: Scroll Into View By.xpath: //h2[contains(text(),'Active')]
2024-07-25 23:55:49,430 [info]: Click By JS By.xpath: //button[@aria-label='Close']
2024-07-25 23:55:49,493 [info]: Scroll Into View By.xpath: //input[@name='label']
2024-07-25 23:55:49,867 [info]: Click By JS By.xpath: //div[@class='footer_actions']/button[2]
2024-07-25 23:55:49,906 [info]: Clicked on By.xpath: //input[@name='label']
2024-07-25 23:55:50,242 [info]: Click By JS By.xpath: //div[text()='Map Settings']
2024-07-25 23:55:50,245 [info]: Scroll Into View failed.
2024-07-25 23:55:51,256 [info]: Sendkeys on By.xpath: //input[@name='name'] with value oleZUaNE
2024-07-25 23:55:51,272 [info]: Clicked on By.xpath: //button[text()='Do Not Print']
2024-07-25 23:55:51,470 [info]: Sendkeys on By.xpath: //input[@name='email'] with value oleZUaNE@yopmail.com
2024-07-25 23:55:51,672 [info]: Sendkeys on By.xpath: //input[@name='workPhone'] with value 5327026286
2024-07-25 23:55:51,696 [info]: Scroll Into View By.xpath: (//div[@class='full-page-modal__header']//button[2])[2]
2024-07-25 23:55:51,874 [info]: Clicked on By.xpath: (//div[@class='full-page-modal__header']//button[2])[2]
Test Failed: CCP_ReopenAddAttachmentsPopup
Test Failed: flatFineWithNotice_verifyFlatFineWithNoticeDisplayedForGenerateNotice
Current Tab URL: https://app-stage.comcate.com/agencies/220/products/customer-submission/251776
2024-07-25 23:55:52,892 [info]: GetText fromBy.xpath: //h2[@class='customer-submission-details__status']
2024-07-25 23:55:54,010 [info]: Get Attribute value from By.xpath: //*[@name='amount']
200
Test Failed: flatFineWithNotice_verifyFlatFineWithNoticeAmountIsDisplayedForGenerateNotice
2024-07-25 23:55:54,154 [info]: Sendkeys on By.xpath: //input[@name='label'] with value SLAceQD
2024-07-25 23:55:54,564 [info]: Clicked on By.xpath: //input[@name='description']
2024-07-25 23:55:54,619 [info]: Clicked on By.xpath: //div[@class='case-inspection__notice-action-buttons']/button[2]
]]></system-out>
    <system-err><![CDATA[org.openqa.selenium.TimeoutException: Expected condition failed: waiting for visibility of element located by By.xpath: //button[text()='Perform Inspection'] (tried for 60 second(s) with 1000 milliseconds interval)
Build info: version: '4.11.0', revision: '040bc5406b'
System info: os.name: 'Windows 11', os.arch: 'amd64', os.version: '10.0', java.version: '18.0.2.1'
Driver info: driver.version: unknown
	at org.openqa.selenium.support.ui.FluentWait.timeoutException(FluentWait.java:262)
	at org.openqa.selenium.support.ui.FluentWait.until(FluentWait.java:230)
	at CommonMethods.Helper.waitUntilElementIsVisible(Helper.java:148)
	at POM.PerformInspectionUtility.PerformInspection_OpenVerificationInspectionInProgressPage(PerformInspectionUtility.java:454)
	at TestCases.PerformInspection.PerformInspection_OpenVerificationInspectionInProgressPage(PerformInspection.java:57)
	at java.base/jdk.internal.reflect.DirectMethodHandleAccessor.invoke(DirectMethodHandleAccessor.java:104)
	at java.base/java.lang.reflect.Method.invoke(Method.java:577)
	at org.testng.internal.invokers.MethodInvocationHelper.invokeMethod(MethodInvocationHelper.java:135)
	at org.testng.internal.invokers.TestInvoker.invokeMethod(TestInvoker.java:673)
	at org.testng.internal.invokers.TestInvoker.invokeTestMethod(TestInvoker.java:220)
	at org.testng.internal.invokers.MethodRunner.runInSequence(MethodRunner.java:50)
	at org.testng.internal.invokers.TestInvoker$MethodInvocationAgent.invoke(TestInvoker.java:945)
	at org.testng.internal.invokers.TestInvoker.invokeTestMethods(TestInvoker.java:193)
	at org.testng.internal.invokers.TestMethodWorker.invokeTestMethods(TestMethodWorker.java:146)
	at org.testng.internal.invokers.TestMethodWorker.run(TestMethodWorker.java:128)
	at java.base/java.util.concurrent.ThreadPoolExecutor.runWorker(ThreadPoolExecutor.java:1136)
	at java.base/java.util.concurrent.ThreadPoolExecutor$Worker.run(ThreadPoolExecutor.java:635)
	at java.base/java.lang.Thread.run(Thread.java:833)
org.openqa.selenium.TimeoutException: Expected condition failed: waiting for visibility of element located by By.xpath: //h2[contains(text(),'Active')] (tried for 60 second(s) with 1000 milliseconds interval)
Build info: version: '4.11.0', revision: '040bc5406b'
System info: os.name: 'Windows 11', os.arch: 'amd64', os.version: '10.0', java.version: '18.0.2.1'
Driver info: driver.version: unknown
	at org.openqa.selenium.support.ui.FluentWait.timeoutException(FluentWait.java:262)
	at org.openqa.selenium.support.ui.FluentWait.until(FluentWait.java:230)
	at CommonMethods.Helper.waitUntilElementIsVisible(Helper.java:148)
	at POM.SLAUtility.AgencySetup_CreateSLA(SLAUtility.java:368)
	at TestCases.SLA.AgencySetup_CreateSLA(SLA.java:88)
	at java.base/jdk.internal.reflect.DirectMethodHandleAccessor.invoke(DirectMethodHandleAccessor.java:104)
	at java.base/java.lang.reflect.Method.invoke(Method.java:577)
	at org.testng.internal.invokers.MethodInvocationHelper.invokeMethod(MethodInvocationHelper.java:135)
	at org.testng.internal.invokers.TestInvoker.invokeMethod(TestInvoker.java:673)
	at org.testng.internal.invokers.TestInvoker.invokeTestMethod(TestInvoker.java:220)
	at org.testng.internal.invokers.MethodRunner.runInSequence(MethodRunner.java:50)
	at org.testng.internal.invokers.TestInvoker$MethodInvocationAgent.invoke(TestInvoker.java:945)
	at org.testng.internal.invokers.TestInvoker.invokeTestMethods(TestInvoker.java:193)
	at org.testng.internal.invokers.TestMethodWorker.invokeTestMethods(TestMethodWorker.java:146)
	at org.testng.internal.invokers.TestMethodWorker.run(TestMethodWorker.java:128)
	at java.base/java.util.concurrent.ThreadPoolExecutor.runWorker(ThreadPoolExecutor.java:1136)
	at java.base/java.util.concurrent.ThreadPoolExecutor$Worker.run(ThreadPoolExecutor.java:635)
	at java.base/java.lang.Thread.run(Thread.java:833)
org.openqa.selenium.NoSuchElementException: no such element: Unable to locate element: {"method":"xpath","selector":"//button[text()='Perform Inspection']"}
  (Session info: chrome=115.0.5790.170)
For documentation on this error, please visit: https://www.selenium.dev/documentation/webdriver/troubleshooting/errors#no-such-element-exception
Build info: version: '4.11.0', revision: '040bc5406b'
System info: os.name: 'Windows 11', os.arch: 'amd64', os.version: '10.0', java.version: '18.0.2.1'
Driver info: org.openqa.selenium.chrome.ChromeDriver
Command: [111408be0ccb80cf16b2c4ac8874894e, findElement {using=xpath, value=//button[text()='Perform Inspection']}]
Capabilities {acceptInsecureCerts: false, browserName: chrome, browserVersion: 115.0.5790.170, chrome: {chromedriverVersion: 115.0.5790.170 (cc0d30c2ca5..., userDataDir: C:\Users\SQELAB~1\AppData\L...}, goog:chromeOptions: {debuggerAddress: localhost:55486}, networkConnectionEnabled: false, pageLoadStrategy: normal, platformName: windows, proxy: Proxy(), se:cdp: ws://localhost:55486/devtoo..., se:cdpVersion: 115.0.5790.170, setWindowRect: true, strictFileInteractability: false, timeouts: {implicit: 0, pageLoad: 300000, script: 30000}, unhandledPromptBehavior: dismiss and notify, webauthn:extension:credBlob: true, webauthn:extension:largeBlob: true, webauthn:extension:minPinLength: true, webauthn:extension:prf: true, webauthn:virtualAuthenticators: true}
Session ID: 111408be0ccb80cf16b2c4ac8874894e
	at java.base/jdk.internal.reflect.DirectConstructorHandleAccessor.newInstance(DirectConstructorHandleAccessor.java:67)
	at java.base/java.lang.reflect.Constructor.newInstanceWithCaller(Constructor.java:499)
	at java.base/java.lang.reflect.Constructor.newInstance(Constructor.java:483)
	at org.openqa.selenium.remote.codec.w3c.W3CHttpResponseCodec.createException(W3CHttpResponseCodec.java:200)
	at org.openqa.selenium.remote.codec.w3c.W3CHttpResponseCodec.decode(W3CHttpResponseCodec.java:133)
	at org.openqa.selenium.remote.codec.w3c.W3CHttpResponseCodec.decode(W3CHttpResponseCodec.java:52)
	at org.openqa.selenium.remote.HttpCommandExecutor.execute(HttpCommandExecutor.java:191)
	at org.openqa.selenium.remote.service.DriverCommandExecutor.invokeExecute(DriverCommandExecutor.java:196)
	at org.openqa.selenium.remote.service.DriverCommandExecutor.execute(DriverCommandExecutor.java:171)
	at org.openqa.selenium.remote.RemoteWebDriver.execute(RemoteWebDriver.java:518)
	at org.openqa.selenium.remote.ElementLocation$ElementFinder$2.findElement(ElementLocation.java:165)
	at org.openqa.selenium.remote.ElementLocation.findElement(ElementLocation.java:59)
	at org.openqa.selenium.remote.RemoteWebDriver.findElement(RemoteWebDriver.java:355)
	at org.openqa.selenium.remote.RemoteWebDriver.findElement(RemoteWebDriver.java:349)
	at CommonMethods.Helper.scrollIntoView(Helper.java:467)
	at POM.PerformInspectionUtility.PerformInspection_OpenVerificationInspectionInProgressPage(PerformInspectionUtility.java:455)
	at TestCases.PerformInspection.PerformInspection_OpenVerificationInspectionInProgressPage(PerformInspection.java:57)
	at java.base/jdk.internal.reflect.DirectMethodHandleAccessor.invoke(DirectMethodHandleAccessor.java:104)
	at java.base/java.lang.reflect.Method.invoke(Method.java:577)
	at org.testng.internal.invokers.MethodInvocationHelper.invokeMethod(MethodInvocationHelper.java:135)
	at org.testng.internal.invokers.TestInvoker.invokeMethod(TestInvoker.java:673)
	at org.testng.internal.invokers.TestInvoker.invokeTestMethod(TestInvoker.java:220)
	at org.testng.internal.invokers.MethodRunner.runInSequence(MethodRunner.java:50)
	at org.testng.internal.invokers.TestInvoker$MethodInvocationAgent.invoke(TestInvoker.java:945)
	at org.testng.internal.invokers.TestInvoker.invokeTestMethods(TestInvoker.java:193)
	at org.testng.internal.invokers.TestMethodWorker.invokeTestMethods(TestMethodWorker.java:146)
	at org.testng.internal.invokers.TestMethodWorker.run(TestMethodWorker.java:128)
	at java.base/java.util.concurrent.ThreadPoolExecutor.runWorker(ThreadPoolExecutor.java:1136)
	at java.base/java.util.concurrent.ThreadPoolExecutor$Worker.run(ThreadPoolExecutor.java:635)
	at java.base/java.lang.Thread.run(Thread.java:833)
]]></system-err>
  </testcase>
  <testcase name="flatFineWithNotice_verifyUserIsAbleToEditFlatFineAmount" classname="TestCases.FlatFineWithNotice" time="2.699">
    <system-out><![CDATA[2024-07-25 23:55:56,276 [info]: Scroll Into View By.xpath: //button[text()='Generate Notice']
2024-07-25 23:55:56,523 [info]: Click By JS By.xpath: //button[text()='Generate Notice']
2024-07-25 23:55:56,620 [info]: Scroll Into View By.xpath: //*[@class='footer_actions']//button[text()='Continue']
2024-07-25 23:55:56,750 [info]: Scroll Into View By.xpath: //div[@class='abatement-activities__fa-activity__actions']/button[2]
2024-07-25 23:55:56,802 [info]: Sendkeys on By.xpath: //input[@name='description'] with value SLADescceQD
2024-07-25 23:55:56,837 [info]: Scroll Into View By.xpath: //div[@class='modal-header']//button[text()='Create SLA']
2024-07-25 23:55:56,877 [info]: Click By JS By.xpath: //div[@class='abatement-activities__fa-activity__actions']/button[2]
2024-07-25 23:55:57,077 [info]: Clicked on By.xpath: //div[@class='modal-header']//button[text()='Create SLA']
2024-07-25 23:55:57,921 [info]: Click By JS By.xpath: //*[@class='footer_actions']//button[text()='Continue']
2024-07-25 23:55:58,208 [info]: Scroll Into View By JS [[ChromeDriver: chrome on windows (8756fc42a7892db972226591766dc183)] -> xpath: //*[text()='EscalatedNotice']]
2024-07-25 23:55:58,392 [info]: Move to element and Click on [[ChromeDriver: chrome on windows (5f4afb677906f729e84432f342669fc1)] -> xpath: //*[@name='amount']]
2024-07-25 23:55:58,768 [info]: Sendkeys on By.xpath: //*[@name='amount'] with value 20000
2024-07-25 23:55:58,930 [info]: Get Attribute value from By.xpath: //*[@name='amount']
Test Passed: flatFineWithNotice_verifyUserIsAbleToEditFlatFineAmount
]]></system-out>
  </testcase>
  <testcase name="flatFineWithNotice_verifyOutstandingBalanceIsUpdatedAfterNoticeGeneratedIsApplied" classname="TestCases.FlatFineWithNotice" time="1.826">
    <system-out><![CDATA[https://admin-stage.comcate.com/agencies
220
https://app-stage.comcate.com/agencies/220/login
2024-07-25 23:56:25,219 [info]: Click By JS By.xpath: (//*[@class='progressive-form__footer']/button)[1]
Window size is: 1552 x 832
2024-07-25 23:56:26,679 [info]: Click By JS By.xpath: (//*[@class='progressive-form__footer']/button[text()='Continue'])[2]
2024-07-25 23:56:27,031 [info]: Scroll Into View By.xpath: (//button[text()='Generate Notice'])[2]
2024-07-25 23:56:27,110 [info]: Click By JS By.xpath: //*[@class='app-header__user-name']/div
2024-07-25 23:56:27,197 [info]: Click By JS By.xpath: //label[text()='Logout']
2024-07-25 23:56:27,305 [info]: Click By JS By.xpath: (//button[text()='Generate Notice'])[2]
2024-07-25 23:56:28,079 [info]: Sendkeys on By.xpath: //input[@name='label'] with value EditSLAMniI
2024-07-25 23:56:28,302 [info]: Cleared value from By.xpath: //input[@name='description']
sLADesription: EditSLADescbnYr
400
Test Passed: flatFineWithNotice_verifyOutstandingBalanceIsUpdatedAfterNoticeGeneratedIsApplied
]]></system-out>
    <system-err><![CDATA[org.openqa.selenium.TimeoutException: Expected condition failed: waiting for element to be clickable: By.xpath: //input[@name='name'] (tried for 60 second(s) with 1000 milliseconds interval)
Build info: version: '4.11.0', revision: '040bc5406b'
System info: os.name: 'Windows 11', os.arch: 'amd64', os.version: '10.0', java.version: '18.0.2.1'
Driver info: driver.version: unknown
	at org.openqa.selenium.support.ui.FluentWait.timeoutException(FluentWait.java:262)
	at org.openqa.selenium.support.ui.FluentWait.until(FluentWait.java:230)
	at CommonMethods.Helper.waitForElementIsInteractable(Helper.java:199)
	at POM.TemplateManagementUtility.TemplateMangement_VerifyEmailPreviewPopDataAutoPopulated(TemplateManagementUtility.java:240)
	at TestCases.TemplateManagement.TemplateMangement_VerifyEmailPreviewPopDataAutoPopulated(TemplateManagement.java:63)
	at java.base/jdk.internal.reflect.DirectMethodHandleAccessor.invoke(DirectMethodHandleAccessor.java:104)
	at java.base/java.lang.reflect.Method.invoke(Method.java:577)
	at org.testng.internal.invokers.MethodInvocationHelper.invokeMethod(MethodInvocationHelper.java:135)
	at org.testng.internal.invokers.TestInvoker.invokeMethod(TestInvoker.java:673)
	at org.testng.internal.invokers.TestInvoker.invokeTestMethod(TestInvoker.java:220)
	at org.testng.internal.invokers.MethodRunner.runInSequence(MethodRunner.java:50)
	at org.testng.internal.invokers.TestInvoker$MethodInvocationAgent.invoke(TestInvoker.java:945)
	at org.testng.internal.invokers.TestInvoker.invokeTestMethods(TestInvoker.java:193)
	at org.testng.internal.invokers.TestMethodWorker.invokeTestMethods(TestMethodWorker.java:146)
	at org.testng.internal.invokers.TestMethodWorker.run(TestMethodWorker.java:128)
	at java.base/java.util.concurrent.ThreadPoolExecutor.runWorker(ThreadPoolExecutor.java:1136)
	at java.base/java.util.concurrent.ThreadPoolExecutor$Worker.run(ThreadPoolExecutor.java:635)
	at java.base/java.lang.Thread.run(Thread.java:833)
]]></system-err>
  </testcase>
  <testcase name="flatFineWithNotice_verifyFlatFineLinkedToFADocumentIsDisplayedOnFAA" classname="TestCases.FlatFineWithNotice" time="0.928">
    <system-out><![CDATA[2024-07-25 23:57:07,371 [info]: Clicked on By.xpath: //label[text()='Location and Maps']
2024-07-25 23:57:07,525 [info]: Scroll Into View By.xpath: //button[text()='More...']
2024-07-25 23:57:07,810 [info]: Move to element and Click on [[ChromeDriver: chrome on windows (5f4afb677906f729e84432f342669fc1)] -> xpath: //*[@class='abatement-activities__documents']//ul[@class='dropdown__options--single']/li/span]
2024-07-25 23:57:08,028 [info]: GetText fromBy.xpath: //span[@class='checkbox-holder']/following::a[1]
Test Passed: flatFineWithNotice_verifyFlatFineLinkedToFADocumentIsDisplayedOnFAA
]]></system-out>
  </testcase>
  <testcase name="flatFineWithNotice_verifyCorrectAmountOfFlatFineLinkedToFADocumentIsDisplayedOnFAA" classname="TestCases.FlatFineWithNotice" time="0.651">
    <system-out><![CDATA[2024-07-25 23:57:08,200 [info]: Clicked on By.xpath: //button[text()='More...']
2024-07-25 23:57:08,587 [info]: Sendkeys on By.id: idp-discovery-username with value MarkShane123@yopmail.com
2024-07-25 23:57:08,712 [info]: Get Attribute value from By.xpath: //*[@name='amount']
100.00
Test Passed: flatFineWithNotice_verifyCorrectAmountOfFlatFineLinkedToFADocumentIsDisplayedOnFAA
]]></system-out>
  </testcase>
  <testcase name="flatFineWithNotice_verifyDoNotIssueFineCheckboxIsDisplayed" classname="TestCases.FlatFineWithNotice" time="1.583">
    <system-out><![CDATA[2024-07-25 23:58:07,939 [info]: Scroll to the Top.
2024-07-25 23:58:07,963 [info]: Scroll Into View By.xpath: //h2[contains(text(),'Category')]//parent::div//div[@class='dropdown__label']
2024-07-25 23:58:08,007 [info]: Click By JS By.xpath: //h2[contains(text(),'Category')]//parent::div//div[@class='dropdown__label']
2024-07-25 23:58:08,094 [info]: Click By JS By.xpath: //button[contains(text(),'More...')]
2024-07-25 23:58:09,009 [info]: Sendkeys on By.xpath: //div[@class='dropdown-content__search-container']//input[@type='text'] with value Location Not Included
2024-07-25 23:58:09,012 [info]: Click By JS By.xpath: //label[text()='Agency Setup']//preceding-sibling::a
2024-07-25 23:58:09,274 [info]: Click By JS By.xpath: //*[@class='checkbox-holder checkbox-holder--radio col-md-12']//*[@type='checkbox']
true
2024-07-25 23:58:09,467 [info]: Click By JS By.xpath: //*[@class='checkbox-holder checkbox-holder--radio col-md-12']//*[@type='checkbox']
Test Passed: flatFineWithNotice_verifyDoNotIssueFineCheckboxIsDisplayed
]]></system-out>
    <system-err><![CDATA[org.openqa.selenium.TimeoutException: Expected condition failed: waiting for element to be clickable: By.xpath: //*[@class='checkbox-holder checkbox-holder--radio col-md-12']//*[@type='checkbox'] (tried for 60 second(s) with 1000 milliseconds interval)
Build info: version: '4.11.0', revision: '040bc5406b'
System info: os.name: 'Windows 11', os.arch: 'amd64', os.version: '10.0', java.version: '18.0.2.1'
Driver info: driver.version: unknown
	at org.openqa.selenium.support.ui.FluentWait.timeoutException(FluentWait.java:262)
	at org.openqa.selenium.support.ui.FluentWait.until(FluentWait.java:230)
	at CommonMethods.Helper.waitForElementIsInteractable(Helper.java:199)
	at POM.FinesUtility.verifyDoNotIssueFineCheckboxDisplayed(FinesUtility.java:271)
	at TestCases.FlatFineWithNotice.flatFineWithNotice_verifyDoNotIssueFineCheckboxIsDisplayed(FlatFineWithNotice.java:181)
	at java.base/jdk.internal.reflect.DirectMethodHandleAccessor.invoke(DirectMethodHandleAccessor.java:104)
	at java.base/java.lang.reflect.Method.invoke(Method.java:577)
	at org.testng.internal.invokers.MethodInvocationHelper.invokeMethod(MethodInvocationHelper.java:135)
	at org.testng.internal.invokers.TestInvoker.invokeMethod(TestInvoker.java:673)
	at org.testng.internal.invokers.TestInvoker.invokeTestMethod(TestInvoker.java:220)
	at org.testng.internal.invokers.MethodRunner.runInSequence(MethodRunner.java:50)
	at org.testng.internal.invokers.TestInvoker$MethodInvocationAgent.invoke(TestInvoker.java:945)
	at org.testng.internal.invokers.TestInvoker.invokeTestMethods(TestInvoker.java:193)
	at org.testng.internal.invokers.TestMethodWorker.invokeTestMethods(TestMethodWorker.java:146)
	at org.testng.internal.invokers.TestMethodWorker.run(TestMethodWorker.java:128)
	at java.base/java.util.concurrent.ThreadPoolExecutor.runWorker(ThreadPoolExecutor.java:1136)
	at java.base/java.util.concurrent.ThreadPoolExecutor$Worker.run(ThreadPoolExecutor.java:635)
	at java.base/java.lang.Thread.run(Thread.java:833)
]]></system-err>
  </testcase>
  <testcase name="flatFineWithNotice_verifyFADocumentFineIsAddedUnderOutstandingBalance" classname="TestCases.FlatFineWithNotice" time="3.55">
    <system-out><![CDATA[2024-07-25 23:58:17,909 [info]: Scroll Into View By.xpath: //h2[contains(text(),'Category')]//parent::div//div[@class='dropdown__label']
400
2024-07-25 23:58:18,064 [info]: Clicked on By.xpath: //h2[contains(text(),'Category')]//parent::div//div[@class='dropdown__label']
2024-07-25 23:58:18,150 [info]: Clicked on By.xpath: //li[text()='Reopen Case']
2024-07-25 23:58:18,467 [info]: Clicked on By.xpath: //button[text()='Non-Compliant']
2024-07-25 23:58:18,996 [info]: Sendkeys on By.xpath: //div[@class='dropdown-content__search-container']//input[@type='text'] with value Location Required
2024-07-25 23:58:19,200 [info]: Clicked on By.xpath: //button[text()='Reopen Case']
2024-07-25 23:58:19,614 [info]: Sendkeys on By.xpath: //input[@placeholder='Enter Text'] with value No Supervisor
2024-07-25 23:58:19,928 [info]: Click By JS By.xpath: //div[@class='pagination-top']//div[@class='table__pagination-nav-btns']/button[2]
2024-07-25 23:58:20,001 [info]: Sendkeys on By.xpath: //textarea[@name='description'] with value This Role is Non Supervisore.
2024-07-25 23:58:20,067 [info]: Clicked on By.xpath: //div[@class='option-black'][contains(text(),'Location Required')]
2024-07-25 23:58:20,251 [info]: Clicked on By.xpath: (//h2[text()='Site Settings']//ancestor::div[@class='tile-header-container']//following-sibling::div//button[text()='Yes'])[2]
2024-07-25 23:58:20,283 [info]: Scroll Into View By.xpath: (//button[text()='Next'])[1]
2024-07-25 23:58:20,407 [info]: Click By JS By.xpath: (//button[text()='Next'])[1]
2024-07-25 23:58:20,424 [info]: Clicked on By.xpath: (//h2[text()='Site Settings']//ancestor::div[@class='tile-header-container']//following-sibling::div//button[text()='Yes'])[1]
2024-07-25 23:58:20,570 [info]: Clicked on By.xpath: //span[@class='toggle__children']
2024-07-25 23:58:20,755 [info]: Clicked on By.xpath: //span[@class='toggle__children'][text()='CRM']
2024-07-25 23:58:20,785 [info]: Scroll Into View By.xpath: //div[@class='modal-header']//following::button[text() ='Create Role']
2024-07-25 23:58:20,928 [info]: Clicked on By.xpath: //div[@class='modal-header']//following::button[text() ='Create Role']
500
Test Passed: flatFineWithNotice_verifyFADocumentFineIsAddedUnderOutstandingBalance
]]></system-out>
  </testcase>
  <testcase name="flatFineWithNotice_verifyFLatFineWithoutNoticeIsDisplayedOnFineAndPaymentsPage" classname="TestCases.FlatFineWithNotice" time="12.592">
    <system-out><![CDATA[https://admin-stage.comcate.com/agencies
220
https://app-stage.comcate.com/agencies/220/login
Window size is: 1552 x 832
550
2024-07-25 23:58:30,975 [info]: Click By JS By.xpath: //div[@class='pagination-top']//div[@class='table__pagination-nav-btns']/button[2]
2024-07-25 23:58:32,309 [info]: Click By JS By.xpath: //div[@class='list-label']
2024-07-25 23:58:32,609 [info]: Sendkeys on By.xpath: //input[@placeholder='Enter Text'] with value Basic Supervisor
2024-07-25 23:58:32,965 [info]: Sendkeys on By.xpath: //textarea[@name='description'] with value This Role is Basic Supervisore.
2024-07-25 23:58:33,106 [info]: Clicked on By.xpath: (//h2[text()='Site Settings']//ancestor::div[@class='tile-header-container']//following-sibling::div//button[text()='Yes'])[2]
2024-07-25 23:58:33,242 [info]: Clicked on By.xpath: (//h2[text()='Site Settings']//ancestor::div[@class='tile-header-container']//following-sibling::div//button[text()='Yes'])[1]
2024-07-25 23:58:33,462 [info]: Clicked on By.xpath: //span[@class='toggle__children']
2024-07-25 23:58:33,661 [info]: Clicked on By.xpath: //span[@class='toggle__children'][text()='CRM']
2024-07-25 23:58:33,844 [info]: Clicked on By.xpath: (//button[text()='Yes'])[3]
2024-07-25 23:58:34,028 [info]: Clicked on By.xpath: //button[text()='Supervisor (basic)']
600
2024-07-25 23:58:34,244 [info]: Clicked on By.xpath: //button[text()='All Staff']
2024-07-25 23:58:34,308 [info]: Clicked on By.xpath: //*[@class='Select-arrow-zone']
2024-07-25 23:58:34,418 [info]: Clicked on By.xpath: //button[text()='All Staff Dashboard']
2024-07-25 23:58:34,605 [info]: Clicked on By.xpath: //button[text()='Can Void / Waive']
2024-07-25 23:58:34,707 [info]: Click By JS By.xpath: //div[@class='pagination-top']//div[@class='table__pagination-nav-btns']/button[2]
2024-07-25 23:58:34,818 [info]: Clicked on By.xpath: (//button[text()='Yes'])[4]
2024-07-25 23:58:34,890 [info]: Click By JS By.xpath: //*[@class='add-transaction']//button[text()='Add Fine']
2024-07-25 23:58:34,993 [info]: Clicked on By.xpath: (//button[text()='Yes'])[5]
2024-07-25 23:58:35,212 [info]: Clicked on By.xpath: //label[@title='Animal']//parent::div//parent::div//button[text()='Basic']
2024-07-25 23:58:35,384 [info]: Clicked on By.xpath: //label[@title='General']//parent::div//parent::div//button[text()='Basic']
2024-07-25 23:58:35,548 [info]: Clicked on By.xpath: (//span[text()='CRM']//parent::label//following-sibling::div//button[text()='Yes'])[1]
2024-07-25 23:58:35,718 [info]: Clicked on By.xpath: (//span[text()='CRM']//parent::label//following-sibling::div//button[text()='Yes'])[2]
2024-07-25 23:58:35,878 [info]: Clicked on By.xpath: //span[text()='CRM']//parent::label//following-sibling::div//button[text()='Basic']
2024-07-25 23:58:35,905 [info]: Scroll Into View By.xpath: //div[@class='modal-header']//following::button[text() ='Create Role']
2024-07-25 23:58:36,397 [info]: Clicked on By.xpath: //div[@class='modal-header']//following::button[text() ='Create Role']
650
2024-07-25 23:58:39,601 [info]: Click By JS By.xpath: //div[@class='pagination-top']//div[@class='table__pagination-nav-btns']/button[2]
2024-07-25 23:58:39,936 [info]: Sendkeys on By.id: idp-discovery-username with value MarkShane123@yopmail.com
2024-07-25 23:58:40,131 [info]: Clicked on By.id: idp-discovery-submit
2024-07-25 23:58:40,493 [info]: GetText fromBy.xpath: //span[text()='Role created']
2024-07-25 23:58:40,536 [info]: Scroll Into View By.xpath: //div[contains(text(),'Roles')]
2024-07-25 23:58:40,640 [info]: Click By JS By.xpath: //div[contains(text(),'Roles')]
2024-07-25 23:58:40,768 [info]: Click By JS By.xpath: //button[text()='Create Role']
2024-07-25 23:58:41,739 [info]: Click By JS By.xpath: //button[text()='Add Rule']
Test Passed: flatFineWithNotice_verifyFLatFineWithoutNoticeIsDisplayedOnFineAndPaymentsPage
]]></system-out>
    <system-err><![CDATA[org.openqa.selenium.TimeoutException: Expected condition failed: waiting for element to no longer be visible: By.xpath: //div[text()='Submission Received']//following::button[1] (tried for 60 second(s) with 1000 milliseconds interval)
Build info: version: '4.11.0', revision: '040bc5406b'
System info: os.name: 'Windows 11', os.arch: 'amd64', os.version: '10.0', java.version: '18.0.2.1'
Driver info: driver.version: unknown
	at org.openqa.selenium.support.ui.FluentWait.timeoutException(FluentWait.java:262)
	at org.openqa.selenium.support.ui.FluentWait.until(FluentWait.java:230)
	at CommonMethods.Helper.waitUntilElementInvisibleLocated(Helper.java:237)
	at CommonMethods.CRMCommonMethods.editSubmissionAssignmentRule(CRMCommonMethods.java:339)
	at POM.CSDPUtility.CSDP_VerifySubmissionAssignee(CSDPUtility.java:660)
	at TestCases.CSDP.CSDP_VerifySubmissionAssignee(CSDP.java:147)
	at java.base/jdk.internal.reflect.DirectMethodHandleAccessor.invoke(DirectMethodHandleAccessor.java:104)
	at java.base/java.lang.reflect.Method.invoke(Method.java:577)
	at org.testng.internal.invokers.MethodInvocationHelper.invokeMethod(MethodInvocationHelper.java:135)
	at org.testng.internal.invokers.TestInvoker.invokeMethod(TestInvoker.java:673)
	at org.testng.internal.invokers.TestInvoker.invokeTestMethod(TestInvoker.java:220)
	at org.testng.internal.invokers.MethodRunner.runInSequence(MethodRunner.java:50)
	at org.testng.internal.invokers.TestInvoker$MethodInvocationAgent.invoke(TestInvoker.java:945)
	at org.testng.internal.invokers.TestInvoker.invokeTestMethods(TestInvoker.java:193)
	at org.testng.internal.invokers.TestMethodWorker.invokeTestMethods(TestMethodWorker.java:146)
	at org.testng.internal.invokers.TestMethodWorker.run(TestMethodWorker.java:128)
	at java.base/java.util.concurrent.ThreadPoolExecutor.runWorker(ThreadPoolExecutor.java:1136)
	at java.base/java.util.concurrent.ThreadPoolExecutor$Worker.run(ThreadPoolExecutor.java:635)
	at java.base/java.lang.Thread.run(Thread.java:833)
]]></system-err>
  </testcase>
  <testcase name="flatFineWithNotice_verifyFLatFineWithoutNoticeIsAppliedOnFineAndPaymentsPage" classname="TestCases.FlatFineWithNotice" time="0.046">
    <system-out><![CDATA[Found fine with name Fine (Flat Fine With No Notice And No FA: Due 08/24/2024)
Test Passed: flatFineWithNotice_verifyFLatFineWithoutNoticeIsAppliedOnFineAndPaymentsPage
]]></system-out>
  </testcase>
  <testcase name="flatFineWithNotice_verifyOutstandingBalanceUpdatedWhenFlatFineWithoutNoticeIsApplied" classname="TestCases.FlatFineWithNotice" time="1.655">
    <system-out><![CDATA[2024-07-25 23:58:46,837 [info]: Clicked on By.xpath: //div[@id='assignee']//ul//li//span//b
2024-07-25 23:58:46,871 [info]: Clicked on By.xpath: (//h2[text()='Site Settings']//ancestor::div[@class='tile-header-container']//following-sibling::div//button[text()='Yes'])[2]
2024-07-25 23:58:46,905 [info]: Scroll Into View By.xpath: //button[text()='Submit']
2024-07-25 23:58:46,998 [info]: Click By JS By.xpath: //button[text()='Submit']
2024-07-25 23:58:47,015 [info]: Clicked on By.xpath: (//h2[text()='Site Settings']//ancestor::div[@class='tile-header-container']//following-sibling::div//button[text()='Yes'])[1]
750
2024-07-25 23:58:47,072 [info]: Scroll Into View By.xpath: //input[@name='firstName']/following::span[1]
2024-07-25 23:58:47,119 [info]: GetText fromBy.xpath: //input[@name='firstName']/following::span[1]
2024-07-25 23:58:47,153 [info]: Scroll Into View By.xpath: //input[@name='firstName']/following::span[2]
2024-07-25 23:58:47,253 [info]: Clicked on By.xpath: //label[@for='collaborators']/following::label[1]
2024-07-25 23:58:47,360 [info]: GetText fromBy.xpath: //input[@name='firstName']/following::span[2]
2024-07-25 23:58:47,426 [info]: Clicked on By.xpath: //span[@class='toggle__children']
2024-07-25 23:58:47,774 [info]: Clicked on By.xpath: //span[@class='toggle__children'][text()='CRM']
2024-07-25 23:58:47,802 [info]: Sendkeys on By.xpath: //input[@name='firstName'] with value gMISCdQfQFLvrtPgRjQEH
2024-07-25 23:58:47,942 [info]: Clicked on By.xpath: //button[text()='Supervision Manager']
2024-07-25 23:58:48,085 [info]: Click By JS By.xpath: //div[@class='pagination-top']//div[@class='table__pagination-nav-btns']/button[2]
2024-07-25 23:58:48,158 [info]: Clicked on By.xpath: (//button[text()='Yes'])[3]
2024-07-25 23:58:48,258 [info]: Sendkeys on By.xpath: //input[@name='lastName'] with value gMISCdQfQFLvrtPgRjQEH
2024-07-25 23:58:48,332 [info]: Clicked on By.xpath: //button[text()='All Staff']
2024-07-25 23:58:48,421 [info]: Scroll Into View By.xpath: //button[text()='Submit']
600
Test Passed: flatFineWithNotice_verifyOutstandingBalanceUpdatedWhenFlatFineWithoutNoticeIsApplied
2024-07-25 23:58:48,486 [info]: Clicked on By.xpath: //button[text()='All Staff Dashboard']
]]></system-out>
  </testcase>
  <testcase name="flatFineWithNotice_verifyAddedFineDisplayedUnderFinancePage" classname="TestCases.FlatFineWithNotice" time="6.981">
    <failure message="expected [true] but found [false]" type="java.lang.AssertionError"><![CDATA[java.lang.AssertionError: expected [true] but found [false]
	at org.testng.Assert.fail(Assert.java:110)
	at org.testng.Assert.failNotEquals(Assert.java:1413)
	at org.testng.Assert.assertTrue(Assert.java:56)
	at org.testng.Assert.assertTrue(Assert.java:66)
	at POM.FinesUtility.verifyFineDisplayedOnFinancePage(FinesUtility.java:567)
	at TestCases.FlatFineWithNotice.flatFineWithNotice_verifyAddedFineDisplayedUnderFinancePage(FlatFineWithNotice.java:233)
	at java.base/jdk.internal.reflect.DirectMethodHandleAccessor.invoke(DirectMethodHandleAccessor.java:104)
	at java.base/java.lang.reflect.Method.invoke(Method.java:577)
	at org.testng.internal.invokers.MethodInvocationHelper.invokeMethod(MethodInvocationHelper.java:135)
	at org.testng.internal.invokers.TestInvoker.invokeMethod(TestInvoker.java:673)
	at org.testng.internal.invokers.TestInvoker.invokeTestMethod(TestInvoker.java:220)
	at org.testng.internal.invokers.MethodRunner.runInSequence(MethodRunner.java:50)
	at org.testng.internal.invokers.TestInvoker$MethodInvocationAgent.invoke(TestInvoker.java:945)
	at org.testng.internal.invokers.TestInvoker.invokeTestMethods(TestInvoker.java:193)
	at org.testng.internal.invokers.TestMethodWorker.invokeTestMethods(TestMethodWorker.java:146)
	at org.testng.internal.invokers.TestMethodWorker.run(TestMethodWorker.java:128)
	at java.base/java.util.concurrent.ThreadPoolExecutor.runWorker(ThreadPoolExecutor.java:1136)
	at java.base/java.util.concurrent.ThreadPoolExecutor$Worker.run(ThreadPoolExecutor.java:635)
	at java.base/java.lang.Thread.run(Thread.java:833)
]]></failure>
    <system-out><![CDATA[2024-07-25 23:58:56,473 [info]: Sendkeys on By.xpath: //div[@id='assignee']//input[@placeholder='Search...'][@name='query'] with value Mark Shane
2024-07-25 23:58:56,687 [info]: Clicked on By.xpath: //div[@id='assignee']//ul//li//span//b
2024-07-25 23:58:57,000 [info]: Clicked on By.xpath: //label[@for='collaborators']/following::label[1]
2024-07-25 23:58:57,542 [info]: Scroll Into View By.xpath: //div//label[text()='Finance']
2024-07-25 23:58:57,641 [info]: Click By JS By.xpath: //div//label[text()='Finance']
2024-07-25 23:58:58,904 [info]: Sendkeys on By.xpath: //div[@id='collaborators']//input[@placeholder='Search...'][@name='query'] with value Amandeep Singh
2024-07-25 23:58:59,276 [info]: Click By JS By.xpath: //input[@name='Amandeep Singh']//parent::span//label
2024-07-25 23:58:59,431 [info]: Scroll Into View By.xpath: //label[text()='Audit Trail']
2024-07-25 23:58:59,705 [info]: Scroll Into View By.xpath: //div[@class='app-header__menu__icon']
2024-07-25 23:58:59,730 [info]: Click By JS By.xpath: //div[@class='app-header__menu__icon']
2024-07-25 23:58:59,760 [info]: Scroll Into View By.xpath: //label[text()='Agency Setup']//preceding-sibling::a
2024-07-25 23:58:59,930 [info]: Clicked on By.xpath: //button[text()='Create Rule']
2024-07-25 23:59:01,509 [info]: Click By JS By.xpath: //button[text()='Add Rule']
transactionNos: [[[ChromeDriver: chrome on windows (5f4afb677906f729e84432f342669fc1)] -> xpath: //div[@role='row']/*[@role='gridcell'][1]//following-sibling::*[1]], [[ChromeDriver: chrome on windows (5f4afb677906f729e84432f342669fc1)] -> xpath: //div[@role='row']/*[@role='gridcell'][1]//following-sibling::*[1]], [[ChromeDriver: chrome on windows (5f4afb677906f729e84432f342669fc1)] -> xpath: //div[@role='row']/*[@role='gridcell'][1]//following-sibling::*[1]], [[ChromeDriver: chrome on windows (5f4afb677906f729e84432f342669fc1)] -> xpath: //div[@role='row']/*[@role='gridcell'][1]//following-sibling::*[1]], [[ChromeDriver: chrome on windows (5f4afb677906f729e84432f342669fc1)] -> xpath: //div[@role='row']/*[@role='gridcell'][1]//following-sibling::*[1]], [[ChromeDriver: chrome on windows (5f4afb677906f729e84432f342669fc1)] -> xpath: //div[@role='row']/*[@role='gridcell'][1]//following-sibling::*[1]], [[ChromeDriver: chrome on windows (5f4afb677906f729e84432f342669fc1)] -> xpath: //div[@role='row']/*[@role='gridcell'][1]//following-sibling::*[1]], [[ChromeDriver: chrome on windows (5f4afb677906f729e84432f342669fc1)] -> xpath: //div[@role='row']/*[@role='gridcell'][1]//following-sibling::*[1]], [[ChromeDriver: chrome on windows (5f4afb677906f729e84432f342669fc1)] -> xpath: //div[@role='row']/*[@role='gridcell'][1]//following-sibling::*[1]], [[ChromeDriver: chrome on windows (5f4afb677906f729e84432f342669fc1)] -> xpath: //div[@role='row']/*[@role='gridcell'][1]//following-sibling::*[1]], [[ChromeDriver: chrome on windows (5f4afb677906f729e84432f342669fc1)] -> xpath: //div[@role='row']/*[@role='gridcell'][1]//following-sibling::*[1]], [[ChromeDriver: chrome on windows (5f4afb677906f729e84432f342669fc1)] -> xpath: //div[@role='row']/*[@role='gridcell'][1]//following-sibling::*[1]], [[ChromeDriver: chrome on windows (5f4afb677906f729e84432f342669fc1)] -> xpath: //div[@role='row']/*[@role='gridcell'][1]//following-sibling::*[1]], [[ChromeDriver: chrome on windows (5f4afb677906f729e84432f342669fc1)] -> xpath: //div[@role='row']/*[@role='gridcell'][1]//following-sibling::*[1]], [[ChromeDriver: chrome on windows (5f4afb677906f729e84432f342669fc1)] -> xpath: //div[@role='row']/*[@role='gridcell'][1]//following-sibling::*[1]], [[ChromeDriver: chrome on windows (5f4afb677906f729e84432f342669fc1)] -> xpath: //div[@role='row']/*[@role='gridcell'][1]//following-sibling::*[1]], [[ChromeDriver: chrome on windows (5f4afb677906f729e84432f342669fc1)] -> xpath: //div[@role='row']/*[@role='gridcell'][1]//following-sibling::*[1]], [[ChromeDriver: chrome on windows (5f4afb677906f729e84432f342669fc1)] -> xpath: //div[@role='row']/*[@role='gridcell'][1]//following-sibling::*[1]], [[ChromeDriver: chrome on windows (5f4afb677906f729e84432f342669fc1)] -> xpath: //div[@role='row']/*[@role='gridcell'][1]//following-sibling::*[1]], [[ChromeDriver: chrome on windows (5f4afb677906f729e84432f342669fc1)] -> xpath: //div[@role='row']/*[@role='gridcell'][1]//following-sibling::*[1]], [[ChromeDriver: chrome on windows (5f4afb677906f729e84432f342669fc1)] -> xpath: //div[@role='row']/*[@role='gridcell'][1]//following-sibling::*[1]], [[ChromeDriver: chrome on windows (5f4afb677906f729e84432f342669fc1)] -> xpath: //div[@role='row']/*[@role='gridcell'][1]//following-sibling::*[1]], [[ChromeDriver: chrome on windows (5f4afb677906f729e84432f342669fc1)] -> xpath: //div[@role='row']/*[@role='gridcell'][1]//following-sibling::*[1]], [[ChromeDriver: chrome on windows (5f4afb677906f729e84432f342669fc1)] -> xpath: //div[@role='row']/*[@role='gridcell'][1]//following-sibling::*[1]], [[ChromeDriver: chrome on windows (5f4afb677906f729e84432f342669fc1)] -> xpath: //div[@role='row']/*[@role='gridcell'][1]//following-sibling::*[1]], [[ChromeDriver: chrome on windows (5f4afb677906f729e84432f342669fc1)] -> xpath: //div[@role='row']/*[@role='gridcell'][1]//following-sibling::*[1]], [[ChromeDriver: chrome on windows (5f4afb677906f729e84432f342669fc1)] -> xpath: //div[@role='row']/*[@role='gridcell'][1]//following-sibling::*[1]], [[ChromeDriver: chrome on windows (5f4afb677906f729e84432f342669fc1)] -> xpath: //div[@role='row']/*[@role='gridcell'][1]//following-sibling::*[1]], [[ChromeDriver: chrome on windows (5f4afb677906f729e84432f342669fc1)] -> xpath: //div[@role='row']/*[@role='gridcell'][1]//following-sibling::*[1]], [[ChromeDriver: chrome on windows (5f4afb677906f729e84432f342669fc1)] -> xpath: //div[@role='row']/*[@role='gridcell'][1]//following-sibling::*[1]], [[ChromeDriver: chrome on windows (5f4afb677906f729e84432f342669fc1)] -> xpath: //div[@role='row']/*[@role='gridcell'][1]//following-sibling::*[1]], [[ChromeDriver: chrome on windows (5f4afb677906f729e84432f342669fc1)] -> xpath: //div[@role='row']/*[@role='gridcell'][1]//following-sibling::*[1]], [[ChromeDriver: chrome on windows (5f4afb677906f729e84432f342669fc1)] -> xpath: //div[@role='row']/*[@role='gridcell'][1]//following-sibling::*[1]], [[ChromeDriver: chrome on windows (5f4afb677906f729e84432f342669fc1)] -> xpath: //div[@role='row']/*[@role='gridcell'][1]//following-sibling::*[1]], [[ChromeDriver: chrome on windows (5f4afb677906f729e84432f342669fc1)] -> xpath: //div[@role='row']/*[@role='gridcell'][1]//following-sibling::*[1]], [[ChromeDriver: chrome on windows (5f4afb677906f729e84432f342669fc1)] -> xpath: //div[@role='row']/*[@role='gridcell'][1]//following-sibling::*[1]], [[ChromeDriver: chrome on windows (5f4afb677906f729e84432f342669fc1)] -> xpath: //div[@role='row']/*[@role='gridcell'][1]//following-sibling::*[1]], [[ChromeDriver: chrome on windows (5f4afb677906f729e84432f342669fc1)] -> xpath: //div[@role='row']/*[@role='gridcell'][1]//following-sibling::*[1]], [[ChromeDriver: chrome on windows (5f4afb677906f729e84432f342669fc1)] -> xpath: //div[@role='row']/*[@role='gridcell'][1]//following-sibling::*[1]], [[ChromeDriver: chrome on windows (5f4afb677906f729e84432f342669fc1)] -> xpath: //div[@role='row']/*[@role='gridcell'][1]//following-sibling::*[1]], [[ChromeDriver: chrome on windows (5f4afb677906f729e84432f342669fc1)] -> xpath: //div[@role='row']/*[@role='gridcell'][1]//following-sibling::*[1]], [[ChromeDriver: chrome on windows (5f4afb677906f729e84432f342669fc1)] -> xpath: //div[@role='row']/*[@role='gridcell'][1]//following-sibling::*[1]], [[ChromeDriver: chrome on windows (5f4afb677906f729e84432f342669fc1)] -> xpath: //div[@role='row']/*[@role='gridcell'][1]//following-sibling::*[1]], [[ChromeDriver: chrome on windows (5f4afb677906f729e84432f342669fc1)] -> xpath: //div[@role='row']/*[@role='gridcell'][1]//following-sibling::*[1]], [[ChromeDriver: chrome on windows (5f4afb677906f729e84432f342669fc1)] -> xpath: //div[@role='row']/*[@role='gridcell'][1]//following-sibling::*[1]], [[ChromeDriver: chrome on windows (5f4afb677906f729e84432f342669fc1)] -> xpath: //div[@role='row']/*[@role='gridcell'][1]//following-sibling::*[1]], [[ChromeDriver: chrome on windows (5f4afb677906f729e84432f342669fc1)] -> xpath: //div[@role='row']/*[@role='gridcell'][1]//following-sibling::*[1]], [[ChromeDriver: chrome on windows (5f4afb677906f729e84432f342669fc1)] -> xpath: //div[@role='row']/*[@role='gridcell'][1]//following-sibling::*[1]], [[ChromeDriver: chrome on windows (5f4afb677906f729e84432f342669fc1)] -> xpath: //div[@role='row']/*[@role='gridcell'][1]//following-sibling::*[1]], [[ChromeDriver: chrome on windows (5f4afb677906f729e84432f342669fc1)] -> xpath: //div[@role='row']/*[@role='gridcell'][1]//following-sibling::*[1]]]
transNames: []
Test Failed: flatFineWithNotice_verifyAddedFineDisplayedUnderFinancePage
2024-07-25 23:59:01,607 [info]: Click By JS By.xpath: (//li[@class='multi']//input[@type='checkbox'])[1]
2024-07-25 23:59:01,748 [info]: Scroll Into View By.xpath: //label[contains(text(),'CE')]
2024-07-25 23:59:01,807 [info]: Clicked on By.xpath: //label[@title='Use Email Template']//parent::div//parent::div//span[@class='Select-arrow']
2024-07-25 23:59:01,892 [info]: Click By JS By.xpath: //label[contains(text(),'CE')]
2024-07-25 23:59:01,995 [info]: Click By JS By.xpath: //label[text()='Agency Setup']//preceding-sibling::a
2024-07-25 23:59:02,028 [info]: Scroll Into View By.xpath: //label[text()='Notices']
2024-07-25 23:59:02,115 [info]: Clicked on By.xpath: //div[@class='Select-menu-outer']//div[@aria-label='Submission Created']
2024-07-25 23:59:02,204 [info]: Click By JS By.xpath: //label[text()='Notices']
2024-07-25 23:59:02,273 [info]: Scroll Into View By.xpath: //div[@class='app-header__menu__icon']
2024-07-25 23:59:02,474 [info]: Clicked on By.xpath: //label[@title='Frequency of Sending Notifications']//parent::div//parent::div//span[@class='Select-arrow']
2024-07-25 23:59:02,538 [info]: Scroll Into View By.xpath: //div[@class='tab-name tab-name--active']
2024-07-25 23:59:02,579 [info]: Scroll Into View By.xpath: //button[text()='Create Non-HTML Notice']
2024-07-25 23:59:02,667 [info]: Clicked on By.xpath: //div[@class='Select-menu-outer']//div[@aria-label='Daily']
2024-07-25 23:59:02,751 [info]: Click By JS By.xpath: //button[text()='Create Non-HTML Notice']
2024-07-25 23:59:02,862 [info]: Scroll Into View By.xpath: (//h1[text()='Create Rule']//parent::div//following-sibling::div//button)[2]
]]></system-out>
    <system-err><![CDATA[org.openqa.selenium.TimeoutException: Expected condition failed: waiting for visibility of element located by By.xpath: //div/h2[text()='Verify Violations']/following-sibling::label (tried for 60 second(s) with 1000 milliseconds interval)
Build info: version: '4.11.0', revision: '040bc5406b'
System info: os.name: 'Windows 11', os.arch: 'amd64', os.version: '10.0', java.version: '18.0.2.1'
Driver info: driver.version: unknown
	at org.openqa.selenium.support.ui.FluentWait.timeoutException(FluentWait.java:262)
	at org.openqa.selenium.support.ui.FluentWait.until(FluentWait.java:230)
	at CommonMethods.Helper.waitUntilElementIsVisible(Helper.java:148)
	at POM.PerformInspectionUtility.PerformInspection_VerifySection1Status(PerformInspectionUtility.java:492)
	at TestCases.PerformInspection.PerformInspection_VerifySection1Status(PerformInspection.java:69)
	at java.base/jdk.internal.reflect.DirectMethodHandleAccessor.invoke(DirectMethodHandleAccessor.java:104)
	at java.base/java.lang.reflect.Method.invoke(Method.java:577)
	at org.testng.internal.invokers.MethodInvocationHelper.invokeMethod(MethodInvocationHelper.java:135)
	at org.testng.internal.invokers.TestInvoker.invokeMethod(TestInvoker.java:673)
	at org.testng.internal.invokers.TestInvoker.invokeTestMethod(TestInvoker.java:220)
	at org.testng.internal.invokers.MethodRunner.runInSequence(MethodRunner.java:50)
	at org.testng.internal.invokers.TestInvoker$MethodInvocationAgent.invoke(TestInvoker.java:945)
	at org.testng.internal.invokers.TestInvoker.invokeTestMethods(TestInvoker.java:193)
	at org.testng.internal.invokers.TestMethodWorker.invokeTestMethods(TestMethodWorker.java:146)
	at org.testng.internal.invokers.TestMethodWorker.run(TestMethodWorker.java:128)
	at java.base/java.util.concurrent.ThreadPoolExecutor.runWorker(ThreadPoolExecutor.java:1136)
	at java.base/java.util.concurrent.ThreadPoolExecutor$Worker.run(ThreadPoolExecutor.java:635)
	at java.base/java.lang.Thread.run(Thread.java:833)
org.openqa.selenium.TimeoutException: Expected condition failed: waiting for visibility of element located by By.xpath: (//li[@class='multi']//input[@type='checkbox'])[1] (tried for 60 second(s) with 1000 milliseconds interval)
Build info: version: '4.11.0', revision: '040bc5406b'
System info: os.name: 'Windows 11', os.arch: 'amd64', os.version: '10.0', java.version: '18.0.2.1'
Driver info: driver.version: unknown
	at org.openqa.selenium.support.ui.FluentWait.timeoutException(FluentWait.java:262)
	at org.openqa.selenium.support.ui.FluentWait.until(FluentWait.java:230)
	at CommonMethods.Helper.waitUntilElementIsVisible(Helper.java:148)
	at POM.SLAUtility.AgencySetup_CreateSLA_AddRule(SLAUtility.java:276)
	at POM.SLAUtility.AgencySetup_ErrorMessageAppearCreatingExistingSLAName(SLAUtility.java:508)
	at TestCases.SLA.AgencySetup_ErrorMessageAppearCreatingExistingSLAName(SLA.java:105)
	at java.base/jdk.internal.reflect.DirectMethodHandleAccessor.invoke(DirectMethodHandleAccessor.java:104)
	at java.base/java.lang.reflect.Method.invoke(Method.java:577)
	at org.testng.internal.invokers.MethodInvocationHelper.invokeMethod(MethodInvocationHelper.java:135)
	at org.testng.internal.invokers.TestInvoker.invokeMethod(TestInvoker.java:673)
	at org.testng.internal.invokers.TestInvoker.invokeTestMethod(TestInvoker.java:220)
	at org.testng.internal.invokers.MethodRunner.runInSequence(MethodRunner.java:50)
	at org.testng.internal.invokers.TestInvoker$MethodInvocationAgent.invoke(TestInvoker.java:945)
	at org.testng.internal.invokers.TestInvoker.invokeTestMethods(TestInvoker.java:193)
	at org.testng.internal.invokers.TestMethodWorker.invokeTestMethods(TestMethodWorker.java:146)
	at org.testng.internal.invokers.TestMethodWorker.run(TestMethodWorker.java:128)
	at java.base/java.util.concurrent.ThreadPoolExecutor.runWorker(ThreadPoolExecutor.java:1136)
	at java.base/java.util.concurrent.ThreadPoolExecutor$Worker.run(ThreadPoolExecutor.java:635)
	at java.base/java.lang.Thread.run(Thread.java:833)
]]></system-err>
  </testcase>
  <testcase name="LoginAgency" classname="TestCases.CloseCase" time="0.515">
    <system-out><![CDATA[2024-07-25 23:49:02,612 [info]: GetText fromBy.xpath: //div[@class='app-header__user-name']/label
Test Passed: LoginAgency
]]></system-out>
  </testcase>
  <testcase name="CloseCase_PreRequisite" classname="TestCases.CloseCase" time="0.321">
    <system-out><![CDATA[2024-07-25 23:50:48,839 [info]: GetText fromBy.xpath: //div[@class='sortable-table__body__td'][2]
After Assignee: abcdefghtis dsdsds
2024-07-25 23:50:48,962 [info]: Click By JS By.xpath: //button[contains(text(),'More...')]
2024-07-25 23:50:49,100 [info]: GetText fromBy.cssSelector: ul.dropdown-button__dropdown-wrap>li:first-child
Test Passed: CloseCase_PreRequisite
]]></system-out>
  </testcase>
  <testcase name="CloseCase_OpenCloseCasePopup" classname="TestCases.CloseCase" time="2.734">
    <system-out><![CDATA[null2024-07-25 23:50:49,249 [info]: Click By JS By.xpath: //label[text()='Location Required']
2024-07-25 23:50:49,571 [info]: Clicked on By.cssSelector: ul.dropdown-button__dropdown-wrap>li:first-child
2024-07-25 23:50:49,618 [info]: Sendkeys on By.xpath: //input[@name='name'] with value Location Required
2024-07-25 23:50:49,640 [info]: Click By JS By.xpath: //button[text()='Create & Schedule Inspection']
2024-07-25 23:50:49,732 [info]: Clicked on By.xpath: //div[@class='sortable-table__body__td']/button[1]
2024-07-25 23:50:49,735 [info]: Scroll Into View By.xpath: //div[@class='full-page-modal__header']//following::button[text()='Create Category']
2024-07-25 23:50:49,777 [info]: Click By JS By.xpath: //div[@class='full-page-modal__header']//following::button[text()='Create Category']
2024-07-25 23:50:51,154 [info]: Clicked on By.xpath: //label[@for='assignee']/following::label[1]
2024-07-25 23:50:51,834 [info]: GetText fromBy.xpath: //div[@class='modal-header' and text()='Close Case']
Test Passed: CloseCase_OpenCloseCasePopup
]]></system-out>
  </testcase>
  <testcase name="CloseCase_CloseCloseCasePopup" classname="TestCases.CloseCase" time="1.623">
    <system-out><![CDATA[2024-07-25 23:50:52,124 [info]: Clicked on By.xpath: //button[text()='Create Fine']
2024-07-25 23:50:52,207 [info]: Clicked on By.xpath: //button[text()='Cancel']
2024-07-25 23:50:52,616 [info]: Sendkeys on By.xpath: //input[@name='firstName'] with value Role70871NoSupervisor
2024-07-25 23:50:52,670 [info]: Clicked on By.xpath: //label[@for='assignee']/following::ul/li[2]
2024-07-25 23:50:53,063 [info]: Clicked on By.xpath: //h1[text()='Edit Rule']/following::button[text()='Save']
Test Passed: CloseCase_CloseCloseCasePopup
]]></system-out>
  </testcase>
  <testcase name="CloseCase_VerifyVoluntaryToggleBtnState" classname="TestCases.CloseCase" time="2.678">
    <system-out><![CDATA[2024-07-25 23:50:53,707 [info]: Scroll Into View By.xpath: //label[@class='fa-note__label']/a[text()='Edit']
2024-07-25 23:50:53,839 [info]: Click By JS By.xpath: //label[@class='fa-note__label']/a[text()='Edit']
2024-07-25 23:50:54,068 [info]: Clicked on By.cssSelector: ul.dropdown-button__dropdown-wrap>li:first-child
2024-07-25 23:50:54,876 [info]: Sendkeys on By.xpath: //input[@name='lastName'] with value Z
Test Passed: CloseCase_VerifyVoluntaryToggleBtnState
]]></system-out>
  </testcase>
  <testcase name="CloseCase_SelectForcedToggleBtn" classname="TestCases.CloseCase" time="0.111">
    <system-out><![CDATA[Test Passed: CloseCase_SelectForcedToggleBtn
]]></system-out>
  </testcase>
  <testcase name="CloseCase_VerifyClosedStatus" classname="TestCases.CloseCase" time="0.834">
    <system-out><![CDATA[2024-07-25 23:51:04,684 [info]: Click By JS By.xpath: //div[@class='multi-choice-buttons']/button[1]
2024-07-25 23:51:04,787 [info]: Sendkeys on By.xpath: //div/input[@placeholder='Start typing name of violation, article number or issue description'] with value Wa
2024-07-25 23:51:04,793 [info]: Scroll Into View By.xpath: //button[text()='Add Forced Abatement Activity']
2024-07-25 23:51:04,996 [info]: Clicked on By.xpath: //button[text()='Add Forced Abatement Activity']
2024-07-25 23:51:05,193 [info]: Clicked on By.xpath: //div[@class='react-autosuggest__suggestion-element']/div
Test Passed: CloseCase_VerifyClosedStatus
]]></system-out>
    <system-err><![CDATA[org.openqa.selenium.TimeoutException: Expected condition failed: waiting for element to no longer be visible: By.xpath: //h1[text()='Edit Agency']//following::button[text()='Save'] (tried for 60 second(s) with 1000 milliseconds interval)
Build info: version: '4.11.0', revision: '040bc5406b'
System info: os.name: 'Windows 11', os.arch: 'amd64', os.version: '10.0', java.version: '18.0.2.1'
Driver info: driver.version: unknown
	at org.openqa.selenium.support.ui.FluentWait.timeoutException(FluentWait.java:262)
	at org.openqa.selenium.support.ui.FluentWait.until(FluentWait.java:230)
	at CommonMethods.Helper.waitUntilElementInvisibleLocated(Helper.java:237)
	at POM.AgencyCreationUtility.agencyCreation_setPaymentPortal(AgencyCreationUtility.java:424)
	at TestCases.AgencyCreation.agencyCreation_setPaymentPortal(AgencyCreation.java:93)
	at java.base/jdk.internal.reflect.DirectMethodHandleAccessor.invoke(DirectMethodHandleAccessor.java:104)
	at java.base/java.lang.reflect.Method.invoke(Method.java:577)
	at org.testng.internal.invokers.MethodInvocationHelper.invokeMethod(MethodInvocationHelper.java:135)
	at org.testng.internal.invokers.TestInvoker.invokeMethod(TestInvoker.java:673)
	at org.testng.internal.invokers.TestInvoker.invokeTestMethod(TestInvoker.java:220)
	at org.testng.internal.invokers.MethodRunner.runInSequence(MethodRunner.java:50)
	at org.testng.internal.invokers.TestInvoker$MethodInvocationAgent.invoke(TestInvoker.java:945)
	at org.testng.internal.invokers.TestInvoker.invokeTestMethods(TestInvoker.java:193)
	at org.testng.internal.invokers.TestMethodWorker.invokeTestMethods(TestMethodWorker.java:146)
	at org.testng.internal.invokers.TestMethodWorker.run(TestMethodWorker.java:128)
	at java.base/java.util.concurrent.ThreadPoolExecutor.runWorker(ThreadPoolExecutor.java:1136)
	at java.base/java.util.concurrent.ThreadPoolExecutor$Worker.run(ThreadPoolExecutor.java:635)
	at java.base/java.lang.Thread.run(Thread.java:833)
]]></system-err>
  </testcase>
  <testcase name="CloseCase_PreRequisiteCaseCreationForCloseCase" classname="TestCases.CloseCase" time="3.432">
    <system-out><![CDATA[2024-07-25 23:51:25,505 [info]: Scroll Into View By.cssSelector: #header div.app-header__new
2024-07-25 23:51:25,679 [info]: Click By JS By.cssSelector: #header div.app-header__new
https://admin-stage.comcate.com/agencies
220
https://app-stage.comcate.com/agencies/220/login
2024-07-25 23:51:26,845 [info]: Click By JS By.xpath: //label[text()='Code Enforcement Case']
Window size is: 1552 x 832
2024-07-25 23:51:29,736 [info]: Clicked on By.xpath: //button[text()='Do Not Print']
2024-07-25 23:51:30,026 [info]: Sendkeys on By.xpath: //input[@name='firstName'] with value Role05903BasicSupervisor
2024-07-25 23:51:30,149 [info]: Clicked on By.xpath: //div[@class='case-inspection__notice-action-buttons']/button[2]
2024-07-25 23:51:31,337 [info]: Scroll Into View By.xpath: //h2[@class='case-details__case-status']
Test Passed: CloseCase_PreRequisiteCaseCreationForCloseCase
]]></system-out>
  </testcase>
  <testcase name="CloseCase_ConfirmationPopupForCloseCaseInvalidViolations" classname="TestCases.CloseCase" time="4.839">
    <system-out><![CDATA[2024-07-25 23:52:45,467 [info]: Scroll Into View By.xpath: (//h2[text()='Rules Set']//ancestor::div[@class='fields-container tile']//button)[2]
2024-07-25 23:52:45,710 [info]: Clicked on By.xpath: (//h2[text()='Rules Set']//ancestor::div[@class='fields-container tile']//button)[2]
2024-07-25 23:52:46,318 [info]: Click By JS By.xpath: //button[text()='Add Rule']
2024-07-25 23:52:47,008 [info]: Click By JS By.xpath: //label[text()='Location Management']
2024-07-25 23:52:47,117 [info]: Clicked on By.xpath: //label[@title='Value']//parent::div//parent::div//span[@class='Select-arrow']
2024-07-25 23:52:47,282 [info]: Click By JS By.xpath: //label[text()='Location and Maps']
2024-07-25 23:52:47,651 [info]: Click By JS By.xpath: //div[text()='Map Layers']
2024-07-25 23:52:47,756 [info]: Click By JS By.xpath: //a[text()='24-1834']
2024-07-25 23:52:47,895 [info]: GetText fromBy.xpath: //div[text()='Map Layers']
2024-07-25 23:52:48,021 [info]: GetText fromBy.xpath: (//div[@class='agency-setup-tab__section__header']/h2)[1]
2024-07-25 23:52:48,275 [info]: Click By JS By.xpath: //button[text()='Upload Map Layer']
2024-07-25 23:52:48,715 [info]: Clicked on By.xpath: //div[@class='footer_actions']/button
2024-07-25 23:52:49,120 [info]: Clicked on By.xpath: //label[@title='Attribute']/following::div[@class='Select-placeholder'][1]
2024-07-25 23:52:49,438 [info]: Clicked on By.xpath: //div[text()='Submission Category']
2024-07-25 23:52:49,756 [info]: Clicked on By.xpath: //label[@title='Attribute']/following::div[@class='Select-placeholder'][1]
2024-07-25 23:52:50,105 [info]: Clicked on By.xpath: //div[text()='Equals']
Test Passed: CloseCase_ConfirmationPopupForCloseCaseInvalidViolations
]]></system-out>
    <system-err><![CDATA[org.openqa.selenium.TimeoutException: Expected condition failed: waiting for element to no longer be visible: By.xpath: //button[text()='Perform Inspection'] (tried for 60 second(s) with 1000 milliseconds interval)
Build info: version: '4.11.0', revision: '040bc5406b'
System info: os.name: 'Windows 11', os.arch: 'amd64', os.version: '10.0', java.version: '18.0.2.1'
Driver info: driver.version: unknown
	at org.openqa.selenium.support.ui.FluentWait.timeoutException(FluentWait.java:262)
	at org.openqa.selenium.support.ui.FluentWait.until(FluentWait.java:230)
	at CommonMethods.Helper.waitUntilElementInvisibleLocated(Helper.java:237)
	at POM.CloseCaseUtility.CloseCase_ConfirmationPopupForCloseCaseInvalidViolations(CloseCaseUtility.java:312)
	at TestCases.CloseCase.CloseCase_ConfirmationPopupForCloseCaseInvalidViolations(CloseCase.java:114)
	at java.base/jdk.internal.reflect.DirectMethodHandleAccessor.invoke(DirectMethodHandleAccessor.java:104)
	at java.base/java.lang.reflect.Method.invoke(Method.java:577)
	at org.testng.internal.invokers.MethodInvocationHelper.invokeMethod(MethodInvocationHelper.java:135)
	at org.testng.internal.invokers.TestInvoker.invokeMethod(TestInvoker.java:673)
	at org.testng.internal.invokers.TestInvoker.invokeTestMethod(TestInvoker.java:220)
	at org.testng.internal.invokers.MethodRunner.runInSequence(MethodRunner.java:50)
	at org.testng.internal.invokers.TestInvoker$MethodInvocationAgent.invoke(TestInvoker.java:945)
	at org.testng.internal.invokers.TestInvoker.invokeTestMethods(TestInvoker.java:193)
	at org.testng.internal.invokers.TestMethodWorker.invokeTestMethods(TestMethodWorker.java:146)
	at org.testng.internal.invokers.TestMethodWorker.run(TestMethodWorker.java:128)
	at java.base/java.util.concurrent.ThreadPoolExecutor.runWorker(ThreadPoolExecutor.java:1136)
	at java.base/java.util.concurrent.ThreadPoolExecutor$Worker.run(ThreadPoolExecutor.java:635)
	at java.base/java.lang.Thread.run(Thread.java:833)
]]></system-err>
  </testcase>
  <testcase name="CloseCase_CloseConfirmationPopupForCloseCase" classname="TestCases.CloseCase" time="0.407">
    <system-out><![CDATA[2024-07-25 23:52:51,377 [info]: Click By JS By.xpath: (//div[@class='pagination-bottom']//button)[2]
2024-07-25 23:52:51,717 [info]: Scroll Into View By.xpath: //div[@class='footer_actions']/button[2]
Test Passed: CloseCase_CloseConfirmationPopupForCloseCase
]]></system-out>
    <system-err><![CDATA[org.openqa.selenium.TimeoutException: Expected condition failed: waiting for visibility of element located by By.xpath: //h1[contains(text(),'verification inspection')] (tried for 60 second(s) with 1000 milliseconds interval)
Build info: version: '4.11.0', revision: '040bc5406b'
System info: os.name: 'Windows 11', os.arch: 'amd64', os.version: '10.0', java.version: '18.0.2.1'
Driver info: driver.version: unknown
	at org.openqa.selenium.support.ui.FluentWait.timeoutException(FluentWait.java:262)
	at org.openqa.selenium.support.ui.FluentWait.until(FluentWait.java:230)
	at CommonMethods.Helper.waitUntilElementIsVisible(Helper.java:148)
	at CommonMethods.CECommonMethods.createCaseAndPerformInspectionWithoutAttachment(CECommonMethods.java:261)
	at POM.FinesUtility.createCaseAndPerformInspection(FinesUtility.java:177)
	at TestCases.VSFineLinkedToNotices.verifyViolationSpecificFineIsDisplayedOnPerformInspection(VSFineLinkedToNotices.java:51)
	at java.base/jdk.internal.reflect.DirectMethodHandleAccessor.invoke(DirectMethodHandleAccessor.java:104)
	at java.base/java.lang.reflect.Method.invoke(Method.java:577)
	at org.testng.internal.invokers.MethodInvocationHelper.invokeMethod(MethodInvocationHelper.java:135)
	at org.testng.internal.invokers.TestInvoker.invokeMethod(TestInvoker.java:673)
	at org.testng.internal.invokers.TestInvoker.invokeTestMethod(TestInvoker.java:220)
	at org.testng.internal.invokers.MethodRunner.runInSequence(MethodRunner.java:50)
	at org.testng.internal.invokers.TestInvoker$MethodInvocationAgent.invoke(TestInvoker.java:945)
	at org.testng.internal.invokers.TestInvoker.invokeTestMethods(TestInvoker.java:193)
	at org.testng.internal.invokers.TestMethodWorker.invokeTestMethods(TestMethodWorker.java:146)
	at org.testng.internal.invokers.TestMethodWorker.run(TestMethodWorker.java:128)
	at java.base/java.util.concurrent.ThreadPoolExecutor.runWorker(ThreadPoolExecutor.java:1136)
	at java.base/java.util.concurrent.ThreadPoolExecutor$Worker.run(ThreadPoolExecutor.java:635)
	at java.base/java.lang.Thread.run(Thread.java:833)
]]></system-err>
  </testcase>
  <testcase name="CloseCase_VerifyClosedStatusViaPerformInspection" classname="TestCases.CloseCase" time="1.256">
    <system-out><![CDATA[2024-07-25 23:52:58,892 [info]: Scroll Into View By.cssSelector: div.case-details__close-icon img
2024-07-25 23:52:59,725 [info]: Scroll Into View By.xpath: (//div[@class='pagination-bottom']//button)[2]
2024-07-25 23:52:59,748 [info]: Click By JS By.cssSelector: div.case-details__close-icon img
2024-07-25 23:52:59,854 [info]: Click By JS By.xpath: (//div[@class='pagination-bottom']//button)[2]
2024-07-25 23:53:00,040 [info]: GetText fromBy.xpath: //h2[text()='Closed']
Test Passed: CloseCase_VerifyClosedStatusViaPerformInspection
]]></system-out>
  </testcase>
  <testcase name="CloseCase_CloseCasewithValidViolations" classname="TestCases.CloseCase" time="3.169">
    <system-out><![CDATA[2024-07-25 23:53:52,408 [info]: Click By JS By.xpath: //div[@class='footer_actions']/button[2]
2024-07-25 23:53:52,796 [info]: Scroll Into View By.xpath: //a[text()='Add Delivery option']
2024-07-25 23:53:52,880 [info]: Click By JS By.xpath: //a[text()='Add Delivery option']
2024-07-25 23:53:53,053 [info]: Clicked on By.xpath: (//label[@title='Send Options']//parent::div//parent::div//span[@class='Select-arrow'])[1]
2024-07-25 23:53:53,236 [info]: Clicked on By.xpath: //div[@class='Select-menu-outer']//div[@aria-label='Send To']
2024-07-25 23:53:53,311 [info]: Scroll Into View By.xpath: //label[@title='Recipient']//parent::div//parent::div//span[@class='Select-arrow']
2024-07-25 23:53:53,498 [info]: Clicked on By.xpath: //label[@title='Recipient']//parent::div//parent::div//span[@class='Select-arrow']
2024-07-25 23:53:53,561 [info]: Scroll Into View By.cssSelector: div.Select-menu-outer div[aria-label='Designated Supervisor']
2024-07-25 23:53:53,664 [info]: Scroll Into View By.xpath: //label[@title='Recipient']//parent::div//parent::div//span[@class='Select-arrow']
2024-07-25 23:53:53,668 [info]: Clicked on By.xpath: //span/label[text()='Property Owner']
2024-07-25 23:53:53,805 [info]: Clicked on By.xpath: //label[@title='Recipient']//parent::div//parent::div//span[@class='Select-arrow']
2024-07-25 23:53:53,939 [info]: Scroll Into View By.xpath: //label[@title='Recipient']//parent::div//parent::div//span[@class='Select-arrow']
2024-07-25 23:53:53,942 [info]: Clicked on By.xpath: //button[text()='Apply']
2024-07-25 23:53:54,077 [info]: Clicked on By.xpath: //label[@title='Recipient']//parent::div//parent::div//span[@class='Select-arrow']
2024-07-25 23:53:54,144 [info]: Scroll Into View By.cssSelector: div.Select-menu-outer div[aria-label='Case Assignee']
2024-07-25 23:53:54,273 [info]: Clicked on By.xpath: //div[@class='contact-tile tile']//input
2024-07-25 23:53:54,460 [info]: Clicked on By.cssSelector: div.Select-menu-outer div[aria-label='Designated Supervisor']
2024-07-25 23:53:54,573 [info]: Clicked on By.xpath: //div[@class='contact-tile tile']//div[@class='react-autosuggest__function']
2024-07-25 23:53:54,622 [info]: Clicked on By.xpath: //label[@title='Use Email Template']//parent::div//parent::div//span[@class='Select-arrow']
2024-07-25 23:53:54,683 [info]: Scroll Into View By.xpath: //div[@class='Select-menu-outer']//div[@aria-label='Escalated Notice Generated']
2024-07-25 23:53:54,854 [info]: Click By JS By.xpath: //div[text()='Map Layers']
2024-07-25 23:53:54,916 [info]: Clicked on By.xpath: //div[@class='Select-menu-outer']//div[@aria-label='Escalated Notice Generated']
2024-07-25 23:53:54,946 [info]: Scroll Into View By.xpath: (//h1[text()='Create Rule']//parent::div//following-sibling::div//button)[2]
2024-07-25 23:53:55,021 [info]: Click By JS By.xpath: (//h1[text()='Create Rule']//parent::div//following-sibling::div//button)[2]
2024-07-25 23:53:55,098 [info]: Scroll Into View By.xpath: (//h1[text()='Create Notification']//parent::div//button)[2]
2024-07-25 23:53:55,225 [info]: Scroll Into View By.xpath: //h2[@class='case-details__case-status']
2024-07-25 23:53:55,276 [info]: GetText fromBy.xpath: //h2[@class='case-details__case-status']
Test Passed: CloseCase_CloseCasewithValidViolations
]]></system-out>
    <system-err><![CDATA[org.openqa.selenium.InvalidSelectorException: invalid selector: Unable to locate an element with the xpath expression div.Select-menu-outer div[aria-label='Designated Supervisor'] because of the following error:
SyntaxError: Failed to execute 'evaluate' on 'Document': The string 'div.Select-menu-outer div[aria-label='Designated Supervisor']' is not a valid XPath expression.
  (Session info: chrome=115.0.5790.170)
For documentation on this error, please visit: https://www.selenium.dev/documentation/webdriver/troubleshooting/errors#invalid-selector-exception
Build info: version: '4.11.0', revision: '040bc5406b'
System info: os.name: 'Windows 11', os.arch: 'amd64', os.version: '10.0', java.version: '18.0.2.1'
Driver info: org.openqa.selenium.chrome.ChromeDriver
Command: [ea9a999b1a83a1977af0e670c88dfd03, findElement {using=xpath, value=div.Select-menu-outer div[aria-label='Designated Supervisor']}]
Capabilities {acceptInsecureCerts: false, browserName: chrome, browserVersion: 115.0.5790.170, chrome: {chromedriverVersion: 115.0.5790.170 (cc0d30c2ca5..., userDataDir: C:\Users\SQELAB~1\AppData\L...}, goog:chromeOptions: {debuggerAddress: localhost:50964}, networkConnectionEnabled: false, pageLoadStrategy: normal, platformName: windows, proxy: Proxy(), se:cdp: ws://localhost:50964/devtoo..., se:cdpVersion: 115.0.5790.170, setWindowRect: true, strictFileInteractability: false, timeouts: {implicit: 0, pageLoad: 300000, script: 30000}, unhandledPromptBehavior: dismiss and notify, webauthn:extension:credBlob: true, webauthn:extension:largeBlob: true, webauthn:extension:minPinLength: true, webauthn:extension:prf: true, webauthn:virtualAuthenticators: true}
Session ID: ea9a999b1a83a1977af0e670c88dfd03
	at java.base/jdk.internal.reflect.DirectConstructorHandleAccessor.newInstance(DirectConstructorHandleAccessor.java:67)
	at java.base/java.lang.reflect.Constructor.newInstanceWithCaller(Constructor.java:499)
	at java.base/java.lang.reflect.Constructor.newInstance(Constructor.java:483)
	at org.openqa.selenium.remote.codec.w3c.W3CHttpResponseCodec.createException(W3CHttpResponseCodec.java:200)
	at org.openqa.selenium.remote.codec.w3c.W3CHttpResponseCodec.decode(W3CHttpResponseCodec.java:133)
	at org.openqa.selenium.remote.codec.w3c.W3CHttpResponseCodec.decode(W3CHttpResponseCodec.java:52)
	at org.openqa.selenium.remote.HttpCommandExecutor.execute(HttpCommandExecutor.java:191)
	at org.openqa.selenium.remote.service.DriverCommandExecutor.invokeExecute(DriverCommandExecutor.java:196)
	at org.openqa.selenium.remote.service.DriverCommandExecutor.execute(DriverCommandExecutor.java:171)
	at org.openqa.selenium.remote.RemoteWebDriver.execute(RemoteWebDriver.java:518)
	at org.openqa.selenium.remote.ElementLocation$ElementFinder$2.findElement(ElementLocation.java:165)
	at org.openqa.selenium.remote.ElementLocation.findElement(ElementLocation.java:59)
	at org.openqa.selenium.remote.RemoteWebDriver.findElement(RemoteWebDriver.java:355)
	at org.openqa.selenium.remote.RemoteWebDriver.findElement(RemoteWebDriver.java:349)
	at org.openqa.selenium.support.ui.ExpectedConditions$7.apply(ExpectedConditions.java:194)
	at org.openqa.selenium.support.ui.ExpectedConditions$7.apply(ExpectedConditions.java:190)
	at org.openqa.selenium.support.ui.ExpectedConditions$22.apply(ExpectedConditions.java:627)
	at org.openqa.selenium.support.ui.ExpectedConditions$22.apply(ExpectedConditions.java:624)
	at org.openqa.selenium.support.ui.FluentWait.until(FluentWait.java:205)
	at CommonMethods.Helper.waitForElementIsInteractable(Helper.java:199)
	at POM.NotificationManagementUtility.SelectRecipient(NotificationManagementUtility.java:197)
	at POM.NotificationManagementUtility.AgencySetup_CreateNotificationEscalatedNoticeGenerated(NotificationManagementUtility.java:929)
	at TestCases.NotificationManagement.AgencySetup_CreateNotificationEscalatedNoticeGenerated(NotificationManagement.java:95)
	at java.base/jdk.internal.reflect.DirectMethodHandleAccessor.invoke(DirectMethodHandleAccessor.java:104)
	at java.base/java.lang.reflect.Method.invoke(Method.java:577)
	at org.testng.internal.invokers.MethodInvocationHelper.invokeMethod(MethodInvocationHelper.java:135)
	at org.testng.internal.invokers.TestInvoker.invokeMethod(TestInvoker.java:673)
	at org.testng.internal.invokers.TestInvoker.invokeTestMethod(TestInvoker.java:220)
	at org.testng.internal.invokers.MethodRunner.runInSequence(MethodRunner.java:50)
	at org.testng.internal.invokers.TestInvoker$MethodInvocationAgent.invoke(TestInvoker.java:945)
	at org.testng.internal.invokers.TestInvoker.invokeTestMethods(TestInvoker.java:193)
	at org.testng.internal.invokers.TestMethodWorker.invokeTestMethods(TestMethodWorker.java:146)
	at org.testng.internal.invokers.TestMethodWorker.run(TestMethodWorker.java:128)
	at java.base/java.util.concurrent.ThreadPoolExecutor.runWorker(ThreadPoolExecutor.java:1136)
	at java.base/java.util.concurrent.ThreadPoolExecutor$Worker.run(ThreadPoolExecutor.java:635)
	at java.base/java.lang.Thread.run(Thread.java:833)
]]></system-err>
  </testcase>
  <testcase name="LoginAgency" classname="TestCases.SLA" time="0.655">
    <system-out><![CDATA[2024-07-25 23:49:02,861 [info]: Scroll Into View By.cssSelector: #header div.app-header__new
Current IST time: 2024-07-25 23:49:02
2024-07-25 23:49:02,878 [info]: Timestamp 2024-07-25 23:49:02
2024-07-25 23:49:03,186 [info]: Click By JS By.xpath: //label[text()='Agency Setup']
2024-07-25 23:49:03,261 [info]: Scroll Into View By.xpath: //div[@class='app-header__menu__icon']
2024-07-25 23:49:03,261 [info]: GetText fromBy.xpath: //div[@class='app-header__user-name']/label
Test Passed: LoginAgency
]]></system-out>
  </testcase>
  <testcase name="AgencySetup_SLAPreRequisite" classname="TestCases.SLA" time="0.028">
    <system-out><![CDATA[Test Passed: AgencySetup_SLAPreRequisite
]]></system-out>
  </testcase>
  <testcase name="AgencySetup_CreateSLAPopupOpenAndClose" classname="TestCases.SLA" time="0.205">
    <system-out><![CDATA[Test Passed: AgencySetup_CreateSLAPopupOpenAndClose
]]></system-out>
    <system-err><![CDATA[org.openqa.selenium.TimeoutException: Expected condition failed: waiting for visibility of element located by By.xpath: //div[@class='modal-header']//h1[text()='Create SLA'] (tried for 60 second(s) with 1000 milliseconds interval)
Build info: version: '4.11.0', revision: '040bc5406b'
System info: os.name: 'Windows 11', os.arch: 'amd64', os.version: '10.0', java.version: '18.0.2.1'
Driver info: driver.version: unknown
	at org.openqa.selenium.support.ui.FluentWait.timeoutException(FluentWait.java:262)
	at org.openqa.selenium.support.ui.FluentWait.until(FluentWait.java:230)
	at CommonMethods.Helper.waitUntilElementIsVisible(Helper.java:148)
	at POM.SLAUtility.AgencySetup_CreateSLAPopupOpenAndClose(SLAUtility.java:135)
	at TestCases.SLA.AgencySetup_CreateSLAPopupOpenAndClose(SLA.java:50)
	at java.base/jdk.internal.reflect.DirectMethodHandleAccessor.invoke(DirectMethodHandleAccessor.java:104)
	at java.base/java.lang.reflect.Method.invoke(Method.java:577)
	at org.testng.internal.invokers.MethodInvocationHelper.invokeMethod(MethodInvocationHelper.java:135)
	at org.testng.internal.invokers.TestInvoker.invokeMethod(TestInvoker.java:673)
	at org.testng.internal.invokers.TestInvoker.invokeTestMethod(TestInvoker.java:220)
	at org.testng.internal.invokers.MethodRunner.runInSequence(MethodRunner.java:50)
	at org.testng.internal.invokers.TestInvoker$MethodInvocationAgent.invoke(TestInvoker.java:945)
	at org.testng.internal.invokers.TestInvoker.invokeTestMethods(TestInvoker.java:193)
	at org.testng.internal.invokers.TestMethodWorker.invokeTestMethods(TestMethodWorker.java:146)
	at org.testng.internal.invokers.TestMethodWorker.run(TestMethodWorker.java:128)
	at java.base/java.util.concurrent.ThreadPoolExecutor.runWorker(ThreadPoolExecutor.java:1136)
	at java.base/java.util.concurrent.ThreadPoolExecutor$Worker.run(ThreadPoolExecutor.java:635)
	at java.base/java.lang.Thread.run(Thread.java:833)
]]></system-err>
  </testcase>
  <testcase name="AgencySetup_CreateSLAPopupValidatiions" classname="TestCases.SLA" time="2.302">
    <system-out><![CDATA[2024-07-25 23:50:28,099 [info]: Click By JS By.xpath: //*[@class='rt-td'][1]/div[text()='Fine Without NoticefMeRl']/../../div[5]/button
2024-07-25 23:50:28,395 [info]: Click By JS By.xpath: //button[contains(text(),'More...')]
2024-07-25 23:50:28,907 [info]: Clicked on By.xpath: //li[text()='Initiate Forced Abatement']
2024-07-25 23:50:29,107 [info]: Clicked on By.xpath: //div[@class='multi-choice-buttons']/button[text()='Invalid']
2024-07-25 23:50:29,341 [info]: Clicked on By.xpath: //button[text()='Complete Inspection & Close Case']
2024-07-25 23:50:30,011 [info]: Scroll Into View By.xpath: //div[@class='modal-header']//button[text()='Create SLA']
2024-07-25 23:50:30,117 [info]: Click By JS By.xpath: //div[@class='modal-header']//button[text()='Create SLA']
2024-07-25 23:50:30,122 [info]: Scroll Into View By.xpath: //div[@class='footer_actions']/button[2]
2024-07-25 23:50:30,290 [info]: GetText fromBy.xpath: (//span[@class='field__error'])[1]
2024-07-25 23:50:30,332 [info]: GetText fromBy.xpath: (//div[@class='modal-body']/div)[1]
Test Passed: AgencySetup_CreateSLAPopupValidatiions
]]></system-out>
  </testcase>
  <testcase name="AgencySetup_CreateSLAAddRuleValidations" classname="TestCases.SLA" time="1.421">
    <system-out><![CDATA[2024-07-25 23:50:39,384 [info]: Clicked on By.xpath: //*[text()='Zip']
2024-07-25 23:50:39,472 [info]: Scroll Into View By.xpath: //div[@class='progressive-form__footer']//button[text()='Generate Notice']
2024-07-25 23:50:39,688 [info]: Clicked on By.xpath: //label[@title='Attribute']/following::div[@class='Select-placeholder'][1]
2024-07-25 23:50:39,812 [info]: Clicked on By.xpath: //li[@id='react-autowhatever-1-section-0-item-0']
2024-07-25 23:50:39,824 [info]: Clicked on By.xpath: //a[text()='Add Criteria']
2024-07-25 23:50:39,998 [info]: Scroll Into View By.xpath: //h1[text()='Create Rule']//parent::div//button[text()='Create Rule']
2024-07-25 23:50:40,132 [info]: Clicked on By.xpath: //*[text()='Equals']
2024-07-25 23:50:40,377 [info]: Clicked on By.xpath: //h1[text()='Create Rule']//parent::div//button[text()='Create Rule']
2024-07-25 23:50:40,659 [info]: Scroll Into View By.xpath: //h2[text()='Specify Action']//ancestor::div[@class='fields-container tile']//span[@class='field__error']
Test Passed: AgencySetup_CreateSLAAddRuleValidations
]]></system-out>
  </testcase>
  <testcase name="AgencySetup_CreateSLA_AddRule" classname="TestCases.SLA" time="4.33">
    <system-out><![CDATA[2024-07-25 23:52:41,041 [info]: Sendkeys on By.xpath: //div[@id='assignee']//input[@placeholder='Search...'][@name='query'] with value Mark Shane
2024-07-25 23:52:41,384 [info]: Clicked on By.xpath: //div[@id='assignee']//ul//li//span//b
2024-07-25 23:52:41,621 [info]: Move to element and Click on [[ChromeDriver: chrome on windows (2dbf5389ac4ceff2ed6474b658e50e71)] -> xpath: //span//b[text()='Supervisor Manager']]
2024-07-25 23:52:41,671 [info]: Click By JS By.xpath: //button[text()='Apply']
2024-07-25 23:52:41,707 [info]: Scroll Into View By.xpath: //button[text()='Create Group']
2024-07-25 23:52:41,774 [info]: Click By JS By.xpath: //button[text()='Create Group']
2024-07-25 23:52:41,935 [info]: Clicked on By.xpath: //label[@for='collaborators']/following::label[1]
2024-07-25 23:52:42,028 [info]: Sendkeys on By.xpath: //input[@name='description'] with value NDescMPe
2024-07-25 23:52:43,241 [info]: Clicked on By.xpath: //label[@title='Action']//parent::div//parent::div//span[@class='Select-arrow']
2024-07-25 23:52:43,425 [info]: Clicked on By.xpath: //div[@class='Select-menu-outer']//div[@aria-label='Submission Received']
2024-07-25 23:52:43,451 [info]: Scroll Into View By.xpath: (//h1[text()='Create Notification']//parent::div//button)[2]
2024-07-25 23:52:43,653 [info]: Sendkeys on By.xpath: //div[@id='collaborators']//input[@placeholder='Search...'][@name='query'] with value Amandeep Singh
2024-07-25 23:52:43,666 [info]: Clicked on By.xpath: (//h1[text()='Create Notification']//parent::div//button)[2]
2024-07-25 23:52:43,720 [info]: Click By JS By.xpath: (//li[@class='multi']//input[@type='checkbox'])[1]
2024-07-25 23:52:43,800 [info]: Click By JS By.xpath: //input[@name='Amandeep Singh']//parent::span//label
2024-07-25 23:52:43,977 [info]: Clicked on By.xpath: //label[@title='Use Email Template']//parent::div//parent::div//span[@class='Select-arrow']
2024-07-25 23:52:44,151 [info]: Click By JS By.xpath: //div[@class='app-header__menu__icon']
2024-07-25 23:52:44,241 [info]: Clicked on By.xpath: //div[@class='Select-menu-outer']//div[@aria-label='Submission Created']
2024-07-25 23:52:44,394 [info]: Click By JS By.xpath: //a[@class='tools-dropdown__tool-img tools-dropdown__tool-img--setup']
2024-07-25 23:52:44,476 [info]: Clicked on By.xpath: //button[text()='Create Rule']
2024-07-25 23:52:44,569 [info]: Clicked on By.xpath: //label[@title='Frequency of Sending Notifications']//parent::div//parent::div//span[@class='Select-arrow']
2024-07-25 23:52:44,854 [info]: Clicked on By.xpath: //div[@class='Select-menu-outer']//div[@aria-label='Daily']
2024-07-25 23:52:44,964 [info]: Scroll Into View By.xpath: (//h1[text()='Create Rule']//parent::div//following-sibling::div//button)[2]
2024-07-25 23:52:45,102 [info]: Click By JS By.xpath: (//h1[text()='Create Rule']//parent::div//following-sibling::div//button)[2]
2024-07-25 23:52:45,211 [info]: Scroll Into View By.xpath: (//div[@class='sortable-table__body__td'])[1]
2024-07-25 23:52:45,294 [info]: GetText fromBy.xpath: (//div[@class='sortable-table__body__td'])[1]
Test Passed: AgencySetup_CreateSLA_AddRule
]]></system-out>
    <system-err><![CDATA[org.openqa.selenium.TimeoutException: Expected condition failed: waiting for visibility of element located by By.xpath: (//li[@class='multi']//input[@type='checkbox'])[1] (tried for 60 second(s) with 1000 milliseconds interval)
Build info: version: '4.11.0', revision: '040bc5406b'
System info: os.name: 'Windows 11', os.arch: 'amd64', os.version: '10.0', java.version: '18.0.2.1'
Driver info: driver.version: unknown
	at org.openqa.selenium.support.ui.FluentWait.timeoutException(FluentWait.java:262)
	at org.openqa.selenium.support.ui.FluentWait.until(FluentWait.java:230)
	at CommonMethods.Helper.waitUntilElementIsVisible(Helper.java:148)
	at POM.SLAUtility.AgencySetup_CreateSLA_AddRule(SLAUtility.java:276)
	at TestCases.SLA.AgencySetup_CreateSLA_AddRule(SLA.java:72)
	at java.base/jdk.internal.reflect.DirectMethodHandleAccessor.invoke(DirectMethodHandleAccessor.java:104)
	at java.base/java.lang.reflect.Method.invoke(Method.java:577)
	at org.testng.internal.invokers.MethodInvocationHelper.invokeMethod(MethodInvocationHelper.java:135)
	at org.testng.internal.invokers.TestInvoker.invokeMethod(TestInvoker.java:673)
	at org.testng.internal.invokers.TestInvoker.invokeTestMethod(TestInvoker.java:220)
	at org.testng.internal.invokers.MethodRunner.runInSequence(MethodRunner.java:50)
	at org.testng.internal.invokers.TestInvoker$MethodInvocationAgent.invoke(TestInvoker.java:945)
	at org.testng.internal.invokers.TestInvoker.invokeTestMethods(TestInvoker.java:193)
	at org.testng.internal.invokers.TestMethodWorker.invokeTestMethods(TestMethodWorker.java:146)
	at org.testng.internal.invokers.TestMethodWorker.run(TestMethodWorker.java:128)
	at java.base/java.util.concurrent.ThreadPoolExecutor.runWorker(ThreadPoolExecutor.java:1136)
	at java.base/java.util.concurrent.ThreadPoolExecutor$Worker.run(ThreadPoolExecutor.java:635)
	at java.base/java.lang.Thread.run(Thread.java:833)
]]></system-err>
  </testcase>
  <testcase name="AgencySetup_CreateSLA_EditAddRule" classname="TestCases.SLA" time="3.876">
    <system-out><![CDATA[2024-07-25 23:54:43,711 [info]: Clicked on By.xpath: //li[@id='react-autowhatever-1-section-0-item-0']
2024-07-25 23:54:43,768 [info]: Scroll Into View By.xpath: //div[@class='contact flex-row--center']
Test Failed: PerformInspection_PreRequisite_Contacts
2024-07-25 23:54:46,812 [info]: Scroll Into View By.xpath: //button[text()='Add Rule']
2024-07-25 23:54:47,048 [info]: Clicked on By.xpath: //button[text()='Add Rule']
2024-07-25 23:54:47,580 [info]: Sendkeys on By.xpath: //textarea[@name='internalComment'] with value abc def ghi jkl mno pqrs tuv wxyz ABC DEF GHI JKL MNO PQRS TUV WXYZ !"§ $%& /() =?* '<> #|; ²³~ @`´ ©«» ¤¼× {} abc def ghi jkl mno pqrs tuv wxyz ABC DEF GHI JKL MNO PQRS TUV WXYZ !"§ $%& /() =?* '<> #|; ²³~ @`´ ©«» ¤¼× {} abc def ghi jkl mno pqrs tuv wxyz ABC DEF GHI JKL MNO PQRS TUV WXYZ !"§ $%& /() =?* '<> #|; ²³~ @`´ ©«» ¤¼× {} abc def ghi jkl mno pqrs tuv wxyz ABC DEF GHI JKL MNO PQRS TUV WXYZ !"§ $%& /() =?* '<> #|; ²³~ @`´ ©«» ¤¼× {} abc def ghi jkl mno pqrs tuv wxyz ABC DEF GHI JKL MNO PQRS TUV WXYZ !"§ $%& /() =?* '<> #|; ²³~ @`´ ©«» ¤¼× {} abc def ghi jkl mno pqrs tuv wxyz ABC DEF GHI JKL MNO PQRS TUV WXYZ !"§ $%& /() =?* '<> #|; ²³~ @`´ ©«» ¤¼× {} abc def ghi jkl mno pqrs tuv wxyz ABC DEF GHI JKL MNO PQRS TUV WXYZ !"§ $%& /() =?* '<> #|; ²³~ @`´ ©«» ¤¼× {} abc def ghi jkl mno pqrs tuv wxyz ABC DEF GHI JKL MNO PQRS TUV WXYZ !"§ $%& /() =?* '<> #|; ²³~ @`´ ©«» ¤¼× {} abc def ghi jkl mno pqrs tuv wxyz ABC DEF GHI JKL MNO PQRS TUV WXYZ !"§ $%& /() =?* '<> #|; ²³~ @`´ ©«» ¤¼× {} abc def ghi jkl mno pqrs tuv wxyz ABC DEF GHI JKL MNO PQRS TUV WXYZ !"§ $%& /() =?* '<> #|; ²³~ @`´ ©«» ¤¼× {} abc def ghi jkl mno pqrs tuv wxyz ABC DEF GHI JKL MNO PQRS TUV WXYZ !"§ $%& /() =?* '<> #|; ²³~ @`´ ©«» ¤¼× {} abc def ghi jkl mno pqrs tuv wxyz ABC DEF GHI JKL MNO PQRS TUV WXYZ !"§ $%& /() =?* '<> #|; ²³~ @`´ ©«» ¤¼× {} abc def ghi jkl mno pqrs tuv wxyz ABC DEF GHI JKL MNO PQRS TUV WXYZ !"§ $%& /() =?* '<> #|; ²³~ @`´ ©«» ¤¼× {} abc def ghi jkl mno pqrs tuv wxyz ABC DEF GHI JKL MNO PQRS TUV WXYZ !"§ $%& /() =?* '<> #|; ²³~ @`´ ©«» ¤¼× {} abc def ghi jkl mno pqrs tuv wxyz ABC DEF GHI JKL MNO PQRS TUV WXYZ !"§ $%& /() =?* '<> #|; ²³~ @`´ ©«» ¤¼× {} abc def ghi jkl mno pqrs tuv wxyz ABC DEF GHI JKL MNO PQRS TUV WXYZ !"§ $%& /() =?* '<> #|; ²³~ @`´ ©«» ¤¼× {} abc def ghi jkl mno pqrs tuv wxyz ABC DEF GHI JKL MNO PQRS TUV WXYZ !"§ $%& /() =?* '<> #|; ²³~ @`´ ©«» ¤¼× {} abc def ghi jkl mno pqrs tuv wxyz ABC DEF GHI JKL MNO PQRS TUV WXYZ !"§ $%& /() =?* '<> #|; ²³~ @`´ ©«» ¤¼× {} abc def ghi jkl mno pqrs tuv wxyz ABC DEF GHI JKL MNO PQRS TUV WXYZ !"§ $%& /() =?* '<> #|; ²³~ @`´ ©«» ¤¼× {} abc def ghi jkl mno pqrs tuv wxyz ABC DEF GHI JKL MNO PQRS TUV WXYZ !"§ $%& /() =?* '<> #|; ²³~ @`´ ©«» ¤¼× {} abc def ghi jkl mno pqrs tuv wxyz ABC DEF GHI JKL MNO PQRS TUV WXYZ !"§ $%& /() =?* '<> #|; ²³~ @`´ ©«» ¤¼× {} abc def ghi jkl mno pqrs tuv wxyz ABC DEF GHI JKL MNO PQRS TUV WXYZ !"§ $%& /() =?* '<> #|; ²³~ @`´ ©«» ¤¼× {} abc def ghi jkl mno pqrs tuv wxyz ABC DEF GHI JKL MNO PQRS TUV WXYZ !"§ $%& /() =?* '<> #|; ²³~ @`´ ©«» ¤¼× {} abc def ghi jkl mno pqrs tuv wxyz ABC DEF GHI JKL MNO PQRS TUV WXYZ !"§ $%& /() =?* '<> #|; ²³~ @`´ ©«» ¤¼× {} abc def ghi jkl mno pqrs tuv wxyz ABC DEF GHI JKL MNO PQRS TUV WXYZ !"§ $%& /() =?* '<> #|; ²³~ @`´ ©«» ¤¼× {} abc def ghi jkl mno pqrs tuv wxyz ABC DEF GHI JKL MNO PQRS TUV WXYZ !"§ $%& /() =?* '<> #|; ²³~ @`´ ©«» ¤¼× {} abc def ghi jkl mno pqrs tuv wxyz ABC DEF GHI JKL MNO PQRS TUV WXYZ !"§ $%& /() =?* '<> #|; ²³~ @`´ ©«» ¤¼× {} abc def ghi jkl mno pqrs tuv wxyz ABC DEF GHI JKL MNO PQRS TUV WXYZ !"§ $%& /() =?* '<> #|; ²³~ @`´ ©«» ¤¼× {} abc def ghi jkl mno pqrs tuv wxyz ABC DEF GHI JKL MNO PQRS TUV WXYZ !"§ $%& /() =?* '<> #|; ²³~ @`´ ©«» ¤¼× {} abc def ghi jkl mno pqrs tuv wxyz ABC DEF GHI JKL MNO PQRS TUV WXYZ !"§ $%& /() =?* '<> #|; ²³~ @`´ ©«» ¤¼× {} abc def ghi jkl mno pqrs tuv wxyz ABC DEF GHI JKL MNO PQRS TUV WXYZ !"§ $%& /() =?* '<> #|; ²³~ @`´ ©«» ¤¼× {} abc def ghi jkl mno pqrs tuv wxyz ABC DEF GHI JKL MNO PQRS TUV WXYZ !"§ $%& /() =?* '<> #|; ²³~ @`´ ©«» ¤¼× {} abc def ghi jkl mno pqrs tuv wxyz ABC DEF GHI JKL MNO PQRS TUV WXYZ !"§ $%& /() =?* '<> #|; ²³~ @`´ ©«» ¤¼× {} abc def ghi jkl mno pqrs tuv wxyz ABC DEF GHI JKL MNO PQRS TUV WXYZ !"§ $%& /() =?* '<> #|; ²³~ @`´ ©«» ¤¼× {} abc def ghi jkl mno pqrs tuv wxyz ABC DEF GHI JKL MNO PQRS TUV WXYZ !"§ $%& /() =?* '<> #|; ²³~ @`´ ©«» ¤¼× {} abc def ghi jkl mno pqrs tuv wxyz ABC DEF GHI JKL MNO PQRS TUV WXYZ !"§ $%& /() =?* '<> #|; ²³~ @`´ ©«» ¤¼× {} abc def ghi jkl mno pqrs tuv wxyz ABC DEF GHI JKL MNO PQRS TUV WXYZ !"§ $%& /() =?* '<> #|; ²³~ @`´ ©«» ¤¼× {} abc def ghi jkl mno pqrs tuv wxyz ABC DEF GHI JKL MNO PQRS TUV WXYZ !"§ $%& /() =?* '<> #|; ²³~ @`´ ©«» ¤¼× {} abc def ghi jkl mno pqrs tuv wxyz ABC DEF GHI JKL MNO PQRS TUV WXYZ !"§ $%& /() =?* '<> #|; ²³~ @`´ ©«» ¤¼× {} abc def ghi jkl mno pqrs tuv wxyz ABC DEF GHI JKL MNO PQRS TUV WXYZ !"§ $%& /() =?* '<> #|; ²³~ @`´ ©«» ¤¼× {} abc def ghi jkl mno pqrs tuv wxyz ABC DEF GHI JKL MNO PQRS TUV WXYZ !"§ $%& /() =?* '<> #|; ²³~ @`´ ©«» ¤¼× {} abc def ghi jkl mno pqrs tuv wxyz ABC DEF GHI JKL MNO PQRS TUV WXYZ !"§ $%& /() =?* '<> #|; ²³~ @`´ ©«» ¤¼× {} abc def ghi jkl mno pqrs tuv wxyz ABC DEF GHI JKL MNO PQRS TUV WXYZ !"§ $%& /() =?* '<> #|; ²³~ @`´ ©«» ¤¼× {} abc def ghi jkl mno pqrs tuv wxyz ABC DEF GHI JKL MNO PQRS TUV WXYZ !"§ $%& /() =?* '<> #|; ²³~ @`´ ©«» ¤¼× {} abc def ghi jkl mno pqrs tuv wxyz ABC DEF GHI JKL MNO PQRS TUV WXYZ !"§ $%& /() =?* '<> #|; ²³~ @`´ ©«» ¤¼× {} abc d. 
2024-07-25 23:54:47,701 [info]: Click By JS By.xpath: //button[text()='Create Comment']
2024-07-25 23:54:48,373 [info]: Click By JS By.xpath: (//li[@class='multi']//input[@type='checkbox'])[2]
2024-07-25 23:54:48,502 [info]: Sendkeys on By.xpath: //textarea[@name='internalComment'] with value Internal Note aA4UrxJv37x0rf75vnyUR8yO40qKGDbtVq0hB33l
2024-07-25 23:54:48,568 [info]: Clicked on By.xpath: //label[@title='Value']//parent::div//parent::div//span[@class='Select-arrow']
2024-07-25 23:54:48,658 [info]: GetText fromBy.xpath: (//input[@name='value']//parent::div//span)[1]
2024-07-25 23:54:48,673 [info]: Clicked on By.xpath: //button[text()='Create Comment']
2024-07-25 23:54:48,725 [info]: Scroll Into View By.xpath: //h1[text()='Edit Rule']//ancestor::div[@class='modal-header']//button[text()='Save']
2024-07-25 23:54:48,947 [info]: Clicked on By.xpath: //h1[text()='Edit Rule']//ancestor::div[@class='modal-header']//button[text()='Save']
2024-07-25 23:54:49,041 [info]: Scroll Into View By.xpath: (//div[@class='sortable-table__body__td'])[1]
2024-07-25 23:54:49,096 [info]: GetText fromBy.xpath: (//div[@class='sortable-table__body__td'])[1]
Test Passed: AgencySetup_CreateSLA_EditAddRule
]]></system-out>
    <system-err><![CDATA[org.openqa.selenium.TimeoutException: Expected condition failed: waiting for element to be clickable: By.xpath: (//li[@class='multi']//input[@type='checkbox'])[2] (tried for 60 second(s) with 1000 milliseconds interval)
Build info: version: '4.11.0', revision: '040bc5406b'
System info: os.name: 'Windows 11', os.arch: 'amd64', os.version: '10.0', java.version: '18.0.2.1'
Driver info: driver.version: unknown
	at org.openqa.selenium.support.ui.FluentWait.timeoutException(FluentWait.java:262)
	at org.openqa.selenium.support.ui.FluentWait.until(FluentWait.java:230)
	at CommonMethods.Helper.waitForElementIsInteractable(Helper.java:199)
	at POM.SLAUtility.AgencySetup_CreateSLA_EditAddRule(SLAUtility.java:323)
	at TestCases.SLA.AgencySetup_CreateSLA_EditAddRule(SLA.java:81)
	at java.base/jdk.internal.reflect.DirectMethodHandleAccessor.invoke(DirectMethodHandleAccessor.java:104)
	at java.base/java.lang.reflect.Method.invoke(Method.java:577)
	at org.testng.internal.invokers.MethodInvocationHelper.invokeMethod(MethodInvocationHelper.java:135)
	at org.testng.internal.invokers.TestInvoker.invokeMethod(TestInvoker.java:673)
	at org.testng.internal.invokers.TestInvoker.invokeTestMethod(TestInvoker.java:220)
	at org.testng.internal.invokers.MethodRunner.runInSequence(MethodRunner.java:50)
	at org.testng.internal.invokers.TestInvoker$MethodInvocationAgent.invoke(TestInvoker.java:945)
	at org.testng.internal.invokers.TestInvoker.invokeTestMethods(TestInvoker.java:193)
	at org.testng.internal.invokers.TestMethodWorker.invokeTestMethods(TestMethodWorker.java:146)
	at org.testng.internal.invokers.TestMethodWorker.run(TestMethodWorker.java:128)
	at java.base/java.util.concurrent.ThreadPoolExecutor.runWorker(ThreadPoolExecutor.java:1136)
	at java.base/java.util.concurrent.ThreadPoolExecutor$Worker.run(ThreadPoolExecutor.java:635)
	at java.base/java.lang.Thread.run(Thread.java:833)
]]></system-err>
  </testcase>
  <testcase name="AgencySetup_CreateSLA" classname="TestCases.SLA" time="7.483">
    <system-out><![CDATA[2024-07-25 23:56:11,383 [info]: Click By JS By.xpath: //button[text()='Complete Inspection & Generate Notice for Approval']
2024-07-25 23:56:12,060 [info]: Click By JS By.xpath: (//div[@class='table__pagination-nav-btns']//button)[2]
2024-07-25 23:56:12,346 [info]: Click By JS By.xpath: //span[@aria-selected='true']//ancestor::div[@class='Select-multi-value-wrapper']//following-sibling::span
2024-07-25 23:56:13,341 [info]: Scroll Into View By.xpath: //button[text()='Apply Notice']
2024-07-25 23:56:13,964 [info]: Click By JS By.xpath: //button[text()='Apply Notice']
2024-07-25 23:56:14,178 [info]: Click By JS By.xpath: (//div[@class='table__pagination-nav-btns']//button)[2]
2024-07-25 23:56:15,444 [info]: Click By JS By.xpath: (//button[text()='No'])[2]
2024-07-25 23:56:15,512 [info]: Click By JS By.xpath: //button[text()='Save Changes']
2024-07-25 23:56:16,295 [info]: Click By JS By.xpath: (//div[@class='table__pagination-nav-btns']//button)[2]
2024-07-25 23:56:16,478 [info]: Click By JS By.xpath: //button[text()='Continue']
2024-07-25 23:56:16,779 [info]: Click By JS By.xpath: //*[@class='app-header__new']
2024-07-25 23:56:16,921 [info]: Click By JS By.xpath: //label[text()='Customer Submission']
Test Failed: verifyFlatFineWithNoticeDisplayedForGenerateNotice
2024-07-25 23:56:18,446 [info]: Scroll Into View By.xpath: //h2[contains(text(),'Active')]
2024-07-25 23:56:18,533 [info]: GetText fromBy.xpath: //h2[contains(text(),'Active')]
2024-07-25 23:56:18,574 [info]: Scroll Into View By.xpath: (//h2[contains(text(),'Active')]//ancestor::div[@class='agency-setup-tab__section']//div[@class='rt-td'])[37]
2024-07-25 23:56:18,627 [info]: GetText fromBy.xpath: (//h2[contains(text(),'Active')]//ancestor::div[@class='agency-setup-tab__section']//div[@class='rt-td'])[37]
Test Passed: AgencySetup_CreateSLA
]]></system-out>
  </testcase>
  <testcase name="AgencySetup_EditSLA" classname="TestCases.SLA" time="14.344">
    <system-out><![CDATA[2024-07-25 23:56:28,625 [info]: Click By JS By.xpath: //button[contains(text(),'More')]
2024-07-25 23:56:30,054 [info]: Move to element and Click on [[ChromeDriver: chrome on windows (5f4afb677906f729e84432f342669fc1)] -> xpath: //li[text()='Initiate Forced Abatement']]
2024-07-25 23:56:30,762 [info]: Sendkeys on By.xpath: //input[@name='description'] with value EditSLADescbnYr
2024-07-25 23:56:30,805 [info]: Scroll Into View By.xpath: //div[@class='modal-header']//button[text()='Save']
2024-07-25 23:56:31,623 [info]: Sendkeys on By.id: idp-discovery-username with value MarkShane123@yopmail.com
2024-07-25 23:56:31,747 [info]: Clicked on By.id: idp-discovery-submit
2024-07-25 23:56:32,458 [info]: Sendkeys on By.xpath: //textarea[@placeholder='Enter Note'] with value Forced Abatement
2024-07-25 23:56:32,856 [info]: Click By JS By.xpath: //div[@class='modal-footer']//button[2]
2024-07-25 23:56:32,980 [info]: Click By JS By.xpath: //div[@class='case-inspection__print-notice']//button[text()='Do Not Print']
2024-07-25 23:56:33,271 [info]: Click By JS By.xpath: //*[@class='case-inspection__notice-action-buttons']//*[text()='Generate Notice']
2024-07-25 23:56:33,358 [info]: Clicked on By.xpath: //div[@class='modal-header']//button[text()='Save']
2024-07-25 23:56:34,203 [info]: Sendkeys on By.id: okta-signin-password with value Hello@1234
2024-07-25 23:56:34,490 [info]: Clicked on By.id: okta-signin-submit
2024-07-25 23:56:36,334 [info]: Sendkeys on By.id: idp-discovery-username with value MarkShane123@yopmail.com
2024-07-25 23:56:36,559 [info]: Clicked on By.id: idp-discovery-submit
2024-07-25 23:56:38,428 [info]: Sendkeys on By.id: okta-signin-password with value Hello@1234
2024-07-25 23:56:38,657 [info]: Clicked on By.id: okta-signin-submit
2024-07-25 23:56:41,431 [info]: Scroll Into View By.xpath: //button[text()='Add Activity']
2024-07-25 23:56:41,776 [info]: Scroll Into View By.xpath: //button[text()='Apply Notice']
2024-07-25 23:56:41,923 [info]: Click By JS By.xpath: //button[text()='Add Activity']
2024-07-25 23:56:42,079 [info]: Click By JS By.xpath: //button[text()='Apply Notice']
2024-07-25 23:56:42,684 [info]: Scroll Into View By.xpath: //h2[contains(text(),'Active')]
2024-07-25 23:56:42,749 [info]: GetText fromBy.xpath: //h2[contains(text(),'Active')]
2024-07-25 23:56:42,800 [info]: GetText fromBy.xpath: (//h2[contains(text(),'Active')]//ancestor::div[@class='agency-setup-tab__section']//div[@class='rt-td'])[37]
newEditSLA: EditSLAMniI
Current IST time: 2024-07-25 23:56:42
2024-07-25 23:56:42,827 [info]: Timestamp 2024-07-25 23:56:42
2024-07-25 23:56:42,845 [info]: GetText fromBy.xpath: (//h2[contains(text(),'Active')]//ancestor::div[@class='agency-setup-tab__section']//div[@class='rt-td'])[38]
EditsLADesription: EditSLADescbnYr
Test Passed: AgencySetup_EditSLA
]]></system-out>
    <system-err><![CDATA[org.openqa.selenium.TimeoutException: Expected condition failed: waiting for element to be clickable: By.xpath: //div[text()='Add a Task'] (tried for 60 second(s) with 1000 milliseconds interval)
Build info: version: '4.11.0', revision: '040bc5406b'
System info: os.name: 'Windows 11', os.arch: 'amd64', os.version: '10.0', java.version: '18.0.2.1'
Driver info: driver.version: unknown
	at org.openqa.selenium.support.ui.FluentWait.timeoutException(FluentWait.java:262)
	at org.openqa.selenium.support.ui.FluentWait.until(FluentWait.java:230)
	at CommonMethods.Helper.waitForElementIsInteractable(Helper.java:199)
	at POM.CSDPUtility.CSDP_VerifyAdditionOfTasks(CSDPUtility.java:501)
	at TestCases.CSDP.CSDP_VerifyAdditionOfTasks(CSDP.java:122)
	at java.base/jdk.internal.reflect.DirectMethodHandleAccessor.invoke(DirectMethodHandleAccessor.java:104)
	at java.base/java.lang.reflect.Method.invoke(Method.java:577)
	at org.testng.internal.invokers.MethodInvocationHelper.invokeMethod(MethodInvocationHelper.java:135)
	at org.testng.internal.invokers.TestInvoker.invokeMethod(TestInvoker.java:673)
	at org.testng.internal.invokers.TestInvoker.invokeTestMethod(TestInvoker.java:220)
	at org.testng.internal.invokers.MethodRunner.runInSequence(MethodRunner.java:50)
	at org.testng.internal.invokers.TestInvoker$MethodInvocationAgent.invoke(TestInvoker.java:945)
	at org.testng.internal.invokers.TestInvoker.invokeTestMethods(TestInvoker.java:193)
	at org.testng.internal.invokers.TestMethodWorker.invokeTestMethods(TestMethodWorker.java:146)
	at org.testng.internal.invokers.TestMethodWorker.run(TestMethodWorker.java:128)
	at java.base/java.util.concurrent.ThreadPoolExecutor.runWorker(ThreadPoolExecutor.java:1136)
	at java.base/java.util.concurrent.ThreadPoolExecutor$Worker.run(ThreadPoolExecutor.java:635)
	at java.base/java.lang.Thread.run(Thread.java:833)
]]></system-err>
  </testcase>
  <testcase name="AgencySetup_ErrorMessageAppearCreatingExistingSLAName" classname="TestCases.SLA" time="0.353">
    <system-out><![CDATA[2024-07-25 23:59:10,486 [info]: Click By JS By.xpath: //i[@class='fa fa-2 fa-sliders']
Test Passed: AgencySetup_ErrorMessageAppearCreatingExistingSLAName
]]></system-out>
  </testcase>
  <testcase name="AgencySetup_InactivteActiveSLA" classname="TestCases.SLA" time="1.074">
    <system-out><![CDATA[2024-07-25 23:59:19,615 [info]: Click By JS By.xpath: //button[text()='Create Notice']
2024-07-25 23:59:20,511 [info]: Scroll Into View By.xpath: //h2[contains(text(),'Inactive')]
2024-07-25 23:59:20,540 [info]: Clicked on By.xpath: //button[text()='Apply']
2024-07-25 23:59:20,564 [info]: GetText fromBy.xpath: //h2[contains(text(),'Inactive')]
2024-07-25 23:59:20,651 [info]: GetText fromBy.xpath: (//h2[contains(text(),'Inactive')]//ancestor::div[@class='agency-setup-tab__section']//div[@class='rt-td'])[1]
Test Passed: AgencySetup_InactivteActiveSLA
]]></system-out>
  </testcase>
  <testcase name="AgencySetup_ActivateInactiveSLA" classname="TestCases.SLA" time="1.447">
    <system-out><![CDATA[2024-07-25 23:59:35,844 [info]: GetText fromBy.xpath: //body[@class='mce-content-body ']/p
Notice content is By.xpath: //body[@class='mce-content-body ']/p
2024-07-25 23:59:35,891 [info]: GetText fromBy.xpath: //div[@class='agency-setup-tab__section__header']/h2
1
1
2024-07-25 23:59:35,964 [info]: Scroll Into View By.xpath: //button[text()='Create User']
2024-07-25 23:59:36,133 [info]: Clicked on By.xpath: //button[text()='Preview']
2024-07-25 23:59:36,199 [info]: GetText fromBy.xpath: //div[@class='modal-base__body']//div/p
Test Failed: Notices_VerifyPreviewPopup
2024-07-25 23:59:36,303 [info]: Move to element and Click on [[ChromeDriver: chrome on windows (d040a6a235f3e772b3f010b668ee39de)] -> xpath: //span[@class='Select-arrow']]
2024-07-25 23:59:36,865 [info]: Click By JS By.xpath: //div[text()='Attachments ']/following::button
2024-07-25 23:59:36,900 [info]: Scroll Into View By.xpath: //h2[contains(text(),'Active')]
2024-07-25 23:59:36,952 [info]: GetText fromBy.xpath: //h2[contains(text(),'Active')]
2024-07-25 23:59:37,137 [info]: Scroll Into View By.xpath: (//h2[contains(text(),'Active')]//ancestor::div[@class='agency-setup-tab__section']//div[@class='rt-td'])[37]
2024-07-25 23:59:37,176 [info]: GetText fromBy.xpath: (//h2[contains(text(),'Active')]//ancestor::div[@class='agency-setup-tab__section']//div[@class='rt-td'])[37]
Test Passed: AgencySetup_ActivateInactiveSLA
]]></system-out>
  </testcase>
  <testcase name="LoginAgency" classname="TestCases.NotificationManagement" time="0.337">
    <system-out><![CDATA[2024-07-25 23:49:10,345 [info]: Click By JS By.xpath: //button[text()='Create Fine']
Current IST time: 2024-07-25 23:49:10
2024-07-25 23:49:10,404 [info]: Timestamp 2024-07-25 23:49:10
2024-07-25 23:49:10,624 [info]: GetText fromBy.xpath: //div[@class='app-header__user-name']/label
Test Passed: LoginAgency
]]></system-out>
  </testcase>
  <testcase name="AgencySetup_NotificationPreRequisiteAndDefaultNotificationCount" classname="TestCases.NotificationManagement" time="0.343">
    <system-out><![CDATA[2024-07-25 23:49:19,122 [info]: GetText fromBy.xpath: //h2[contains(text(),'Active')]
2024-07-25 23:49:19,191 [info]: Scroll Into View By.xpath: //button[text()='Create SLA']
2024-07-25 23:49:19,297 [info]: GetText fromBy.xpath: //h2[contains(text(),'Active')]
2024-07-25 23:49:19,306 [info]: GetText fromBy.xpath: //h2[contains(text(),'Inactive')]
Test Passed: AgencySetup_NotificationPreRequisiteAndDefaultNotificationCount
]]></system-out>
  </testcase>
  <testcase name="AgencySetup_CreateNotificationPopCloseOpenAndValidations" classname="TestCases.NotificationManagement" time="1.311">
    <system-out><![CDATA[2024-07-25 23:49:25,344 [info]: GetText fromBy.xpath: //div[@class='modal-header']//h1[text()='Create SLA']
2024-07-25 23:49:25,394 [info]: Click By JS By.xpath: //*[@class='app-header__new']
2024-07-25 23:49:25,438 [info]: Scroll Into View By.xpath: //div[@class='modal-header']//button[text()='Cancel']
2024-07-25 23:49:25,633 [info]: Click By JS By.xpath: //div[@class='modal-header']//button[text()='Cancel']
referesh 1
2024-07-25 23:49:25,783 [info]: Sendkeys on By.xpath: //input[@name='email'] with value newagencyviaautomation@yopmail.com
2024-07-25 23:49:26,327 [info]: Sendkeys on By.xpath: //input[@name='websiteURL'] with value https://demo.comcate.com
2024-07-25 23:49:26,369 [info]: Click By JS By.xpath: (//h1[text()='Create Notification']//parent::div//button)[2]
2024-07-25 23:49:26,459 [info]: GetText fromBy.xpath: //input[@name='label']//parent::div//following-sibling::span
2024-07-25 23:49:26,520 [info]: GetText fromBy.xpath: (//div[@class='modal-body']/div)[1]
Test Passed: AgencySetup_CreateNotificationPopCloseOpenAndValidations
]]></system-out>
  </testcase>
  <testcase name="AgencySetup_CreateNotificationAddRulePopupValidations" classname="TestCases.NotificationManagement" time="0.335">
    <system-out><![CDATA[2024-07-25 23:49:31,700 [info]: Scroll Into View By.xpath: (//h1[text()='Create Rule']//parent::div//following-sibling::div//button)[2]
2024-07-25 23:49:31,767 [info]: Click By JS By.xpath: (//h1[text()='Create Rule']//parent::div//following-sibling::div//button)[2]
2024-07-25 23:49:31,894 [info]: Scroll Into View By.xpath: (//h1[text()='Create Rule']//parent::div//following-sibling::div//button)[1]
2024-07-25 23:49:31,977 [info]: Click By JS By.xpath: (//h1[text()='Create Rule']//parent::div//following-sibling::div//button)[1]
Test Passed: AgencySetup_CreateNotificationAddRulePopupValidations
]]></system-out>
  </testcase>
  <testcase name="AgencySetup_CreateNotificationAddRule" classname="TestCases.NotificationManagement" time="1.124">
    <system-out><![CDATA[2024-07-25 23:51:37,600 [info]: Scroll to the Top.
2024-07-25 23:51:37,700 [info]: Click By JS By.xpath: (//button[text()='Create User'])[2]
2024-07-25 23:51:37,774 [info]: Clicked on By.xpath: //label[@title='Use Email Template']//parent::div//parent::div//span[@class='Select-arrow']
2024-07-25 23:51:37,891 [info]: Sendkeys on By.id: okta-signin-password with value Hello@1234
2024-07-25 23:51:38,060 [info]: Clicked on By.xpath: //div[@class='Select-menu-outer']//div[@aria-label='Submission Created']
2024-07-25 23:51:38,187 [info]: Sendkeys on By.xpath: //input[@name='email'] with value jYnKKsxk@yopmail.com
2024-07-25 23:51:38,219 [info]: Scroll Into View By.xpath: (//h1[text()='Create Rule']//parent::div//following-sibling::div//button)[2]
2024-07-25 23:51:38,232 [info]: Scroll Into View By.xpath: //button[text()='Save']
2024-07-25 23:51:38,350 [info]: Click By JS By.xpath: (//h1[text()='Create Rule']//parent::div//following-sibling::div//button)[2]
2024-07-25 23:51:38,391 [info]: Clicked on By.id: okta-signin-submit
2024-07-25 23:51:38,532 [info]: Scroll Into View By.xpath: (//div[@class='sortable-table__body__td'])[1]
2024-07-25 23:51:38,570 [info]: Clicked on By.xpath: //button[text()='Save']
2024-07-25 23:51:38,664 [info]: GetText fromBy.xpath: (//div[@class='sortable-table__body__td'])[1]
Test Passed: AgencySetup_CreateNotificationAddRule
]]></system-out>
  </testcase>
  <testcase name="AgencySetup_CreateNotificationEditRule" classname="TestCases.NotificationManagement" time="4.448">
    <system-out><![CDATA[2024-07-25 23:51:38,748 [info]: Sendkeys on By.xpath: //input[@name='workPhone'] with value 0614749129
2024-07-25 23:51:38,818 [info]: GetText fromBy.xpath: //div[@class='sortable-table__body__td'][3]
2024-07-25 23:51:38,891 [info]: GetText fromBy.xpath: //div[@class='sortable-table__body__td'][4]
2024-07-25 23:51:39,037 [info]: Sendkeys on By.xpath: //div[@class='location-tile__inputs-container']//input with value TEXAS CITY Museum
2024-07-25 23:51:39,075 [info]: Clicked on By.xpath: //button[text()='Create Contact']
2024-07-25 23:51:39,107 [info]: Clicked on By.xpath: //div[@class='sortable-table__body__td']/button[1]
2024-07-25 23:51:39,301 [info]: Sendkeys on By.id: idp-discovery-username with value MarkShane123@yopmail.com
2024-07-25 23:51:39,451 [info]: Clicked on By.id: idp-discovery-submit
2024-07-25 23:51:41,595 [info]: Scroll Into View By.xpath: //label[@title='Use Email Template']//parent::div//parent::div//span[@class='Select-arrow']
2024-07-25 23:51:41,876 [info]: Click By JS By.xpath: (//li[@class='multi']//input[@type='checkbox'])[1]
2024-07-25 23:51:41,993 [info]: Clicked on By.xpath: //label[@title='Use Email Template']//parent::div//parent::div//span[@class='Select-arrow']
2024-07-25 23:51:41,993 [info]: Sendkeys on By.id: okta-signin-password with value Hello@1234
2024-07-25 23:51:42,025 [info]: Clicked on By.xpath: //li[@id='react-autowhatever-1-section-0-item-0']
2024-07-25 23:51:42,049 [info]: GetText fromBy.xpath: (//input[@name='attribute']//parent::div//span)[1]
2024-07-25 23:51:42,143 [info]: GetText fromBy.xpath: (//input[@name='value']//parent::div//span)[1]
2024-07-25 23:51:42,192 [info]: Clicked on By.id: okta-signin-submit
2024-07-25 23:51:42,224 [info]: Clicked on By.xpath: //div[@class='Select-menu-outer']//div[@aria-label='Submission Closed']
2024-07-25 23:51:42,309 [info]: Scroll Into View By.xpath: //label[@title='Recipient']//parent::div//parent::div//span[@class='Select-arrow']
2024-07-25 23:51:42,555 [info]: Clicked on By.xpath: //label[@title='Escalate To']//parent::div//parent::div//span[@class='Select-arrow']
2024-07-25 23:51:42,619 [info]: Clicked on By.xpath: //label[@title='Recipient']//parent::div//parent::div//span[@class='Select-arrow']
2024-07-25 23:51:42,847 [info]: Clicked on By.cssSelector: div.Select-menu-outer div[aria-label='Collaborator/s']
2024-07-25 23:51:43,037 [info]: Clicked on By.xpath: //h1[text()='Edit Rule']/following::button[text()='Save']
2024-07-25 23:51:43,078 [info]: GetText fromBy.xpath: //div[@class='sortable-table__body__td'][3]
2024-07-25 23:51:43,122 [info]: GetText fromBy.xpath: //div[@class='sortable-table__body__td'][4]
Test Passed: AgencySetup_CreateNotificationEditRule
]]></system-out>
    <system-err><![CDATA[org.openqa.selenium.TimeoutException: Expected condition failed: waiting for visibility of element located by By.xpath: (//li[@class='multi']//input[@type='checkbox'])[1] (tried for 60 second(s) with 1000 milliseconds interval)
Build info: version: '4.11.0', revision: '040bc5406b'
System info: os.name: 'Windows 11', os.arch: 'amd64', os.version: '10.0', java.version: '18.0.2.1'
Driver info: driver.version: unknown
	at org.openqa.selenium.support.ui.FluentWait.timeoutException(FluentWait.java:262)
	at org.openqa.selenium.support.ui.FluentWait.until(FluentWait.java:230)
	at CommonMethods.Helper.waitUntilElementIsVisible(Helper.java:148)
	at POM.SLAUtility.AgencySetup_CreateSLA_AddRule(SLAUtility.java:264)
	at TestCases.SLA.AgencySetup_CreateSLA_AddRule(SLA.java:72)
	at java.base/jdk.internal.reflect.DirectMethodHandleAccessor.invoke(DirectMethodHandleAccessor.java:104)
	at java.base/java.lang.reflect.Method.invoke(Method.java:577)
	at org.testng.internal.invokers.MethodInvocationHelper.invokeMethod(MethodInvocationHelper.java:135)
	at org.testng.internal.invokers.TestInvoker.invokeMethod(TestInvoker.java:673)
	at org.testng.internal.invokers.TestInvoker.invokeTestMethod(TestInvoker.java:220)
	at org.testng.internal.invokers.MethodRunner.runInSequence(MethodRunner.java:50)
	at org.testng.internal.invokers.TestInvoker$MethodInvocationAgent.invoke(TestInvoker.java:945)
	at org.testng.internal.invokers.TestInvoker.invokeTestMethods(TestInvoker.java:193)
	at org.testng.internal.invokers.TestMethodWorker.invokeTestMethods(TestMethodWorker.java:146)
	at org.testng.internal.invokers.TestMethodWorker.run(TestMethodWorker.java:128)
	at java.base/java.util.concurrent.ThreadPoolExecutor.runWorker(ThreadPoolExecutor.java:1136)
	at java.base/java.util.concurrent.ThreadPoolExecutor$Worker.run(ThreadPoolExecutor.java:635)
	at java.base/java.lang.Thread.run(Thread.java:833)
]]></system-err>
  </testcase>
  <testcase name="AgencySetup_CreateNotificationCreateNotifiction" classname="TestCases.NotificationManagement" time="8.378">
    <system-out><![CDATA[2024-07-25 23:52:05,492 [info]: Scroll Into View By.xpath: (//div[@class='pagination-bottom']//button)[2]
Execute successfully
Link .... https://app-stage.comcate.com/agencies/220/products/customer-submission/create
2024-07-25 23:52:05,586 [info]: Click By JS By.xpath: (//div[@class='pagination-bottom']//button)[2]
2024-07-25 23:52:06,127 [info]: Sendkeys on By.xpath: //input[@name='email'] with value Role37343SupervisorManager@yopmail.com
2024-07-25 23:52:06,629 [info]: Move to element and Click on [[ChromeDriver: chrome on windows (2dbf5389ac4ceff2ed6474b658e50e71)] -> xpath: (//div[text()='Select Option'])[2]]
2024-07-25 23:52:06,648 [info]: Sendkeys on By.xpath: //div/input[@placeholder='Start typing name of violation, article number or issue description'] with value Wa
2024-07-25 23:52:06,661 [info]: Scroll Into View By.xpath: (//div[@class='pagination-bottom']//button)[2]
2024-07-25 23:52:06,743 [info]: Click By JS By.xpath: (//div[@class='pagination-bottom']//button)[2]
2024-07-25 23:52:06,916 [info]: Clicked on By.xpath: //div[@class='react-autosuggest__suggestion-element']/div
referesh 1
2024-07-25 23:52:07,806 [info]: Scroll Into View By.xpath: (//div[@class='pagination-bottom']//button)[2]
2024-07-25 23:52:07,887 [info]: Click By JS By.xpath: (//div[@class='pagination-bottom']//button)[2]
2024-07-25 23:52:08,680 [info]: Scroll Into View By.xpath: //div[text()='Supervisor Manager']
2024-07-25 23:52:08,961 [info]: Scroll Into View By.xpath: (//div[@class='pagination-bottom']//button)[2]
2024-07-25 23:52:09,058 [info]: Click By JS By.xpath: (//div[@class='pagination-bottom']//button)[2]
2024-07-25 23:52:09,079 [info]: GetText fromBy.cssSelector: div.table__pagination-summary label:nth-child(1)
2024-07-25 23:52:09,224 [info]: Click By JS By.cssSelector: div.agencies-listing__filter button:nth-child(2)
2024-07-25 23:52:10,001 [info]: Scroll Into View By.xpath: //div[@class='contact-tile tile']//input
2024-07-25 23:52:10,136 [info]: Scroll Into View By.xpath: (//div[@class='pagination-bottom']//button)[2]
2024-07-25 23:52:10,214 [info]: Click By JS By.xpath: (//div[@class='pagination-bottom']//button)[2]
2024-07-25 23:52:10,274 [info]: Clicked on By.xpath: //div[@class='contact-tile tile']//input
2024-07-25 23:52:10,464 [info]: Click By JS By.xpath: //div[@class='contact-tile tile']//div[@class='react-autosuggest__function']
2024-07-25 23:52:10,740 [info]: Scroll Into View By.xpath: //div[@class='dropdown__selector__selected']/label
2024-07-25 23:52:10,873 [info]: Click By JS By.xpath: //div[@class='dropdown__selector__selected']/label
Execute successfully
Link .... https://app-stage.comcate.com/agencies/220/products/customer-submission/create
2024-07-25 23:52:11,458 [info]: Sendkeys on By.xpath: //input[@name='query'] with value Location Required
2024-07-25 23:52:12,591 [info]: Move to element and Click on [[ChromeDriver: chrome on windows (2dbf5389ac4ceff2ed6474b658e50e71)] -> xpath: //div[text()='Supervisor Manager']]
2024-07-25 23:52:12,602 [info]: Scroll to the Top.
2024-07-25 23:52:12,670 [info]: Click By JS By.xpath: (//button[text()='Create User'])[2]
2024-07-25 23:52:12,837 [info]: Sendkeys on By.xpath: //input[@name='name'] with value SedChmXQ
2024-07-25 23:52:13,081 [info]: Sendkeys on By.xpath: //input[@name='email'] with value SedChmXQ@yopmail.com
2024-07-25 23:52:13,290 [info]: Sendkeys on By.xpath: //input[@name='workPhone'] with value 4057674950
2024-07-25 23:52:13,329 [info]: Scroll Into View By.xpath: (//div[@class='full-page-modal__header']//button[2])[2]
2024-07-25 23:52:13,468 [info]: GetText fromBy.xpath: (//h2[contains(text(),'Active')]//ancestor::div[@class='agency-setup-tab__section']//div[@class='rt-td'])[26]
2024-07-25 23:52:13,524 [info]: GetText fromBy.xpath: (//h2[contains(text(),'Active')]//ancestor::div[@class='agency-setup-tab__section']//div[@class='rt-td'])[27]
Test Passed: AgencySetup_CreateNotificationCreateNotifiction
]]></system-out>
  </testcase>
  <testcase name="AgencySetup_CreateNotifictionMultipleCriteriaDeliveryOption" classname="TestCases.NotificationManagement" time="9.005">
    <system-out><![CDATA[2024-07-25 23:53:00,138 [info]: Scroll Into View By.cssSelector: div.case-details__close-icon img
2024-07-25 23:53:00,388 [info]: Click By JS By.cssSelector: div.case-details__close-icon img
2024-07-25 23:53:00,911 [info]: Scroll Into View By.xpath: (//div[@class='pagination-bottom']//button)[2]
2024-07-25 23:53:00,981 [info]: Click By JS By.xpath: (//div[@class='pagination-bottom']//button)[2]
2024-07-25 23:53:01,259 [info]: Click By JS By.xpath: //*[@class='app-header__user-name']/div
2024-07-25 23:53:01,333 [info]: Click By JS By.xpath: //label[text()='Logout']
2024-07-25 23:53:01,741 [info]: Clicked on By.xpath: //li[@id='react-autowhatever-1-section-0-item-0']
2024-07-25 23:53:01,819 [info]: Click By JS By.xpath: //div[@id='violation-tile']//input
2024-07-25 23:53:02,032 [info]: Scroll Into View By.xpath: (//div[@class='pagination-bottom']//button)[2]
2024-07-25 23:53:02,088 [info]: Sendkeys on By.xpath: //div[@id='violation-tile']//input with value Wa
2024-07-25 23:53:02,164 [info]: Click By JS By.xpath: (//div[@class='pagination-bottom']//button)[2]
2024-07-25 23:53:02,207 [info]: Sendkeys on By.xpath: //*[@name='description'] with value Edited
2024-07-25 23:53:02,330 [info]: Click By JS By.xpath: //div[@class='react-autosuggest__suggestion-element']/div
2024-07-25 23:53:02,333 [info]: Click By JS By.xpath: //button[text()='Save']
2024-07-25 23:53:02,340 [info]: Scroll to the Top.
2024-07-25 23:53:02,421 [info]: Scroll Into View By.xpath: //*[@class='app-header__new']
2024-07-25 23:53:02,503 [info]: Click By JS By.xpath: //*[@class='app-header__new']
2024-07-25 23:53:02,653 [info]: Click By JS By.xpath: //label[text()='Customer Submission']
2024-07-25 23:53:02,763 [info]: Scroll Into View By.cssSelector: #header div.app-header__new
2024-07-25 23:53:02,963 [info]: Scroll Into View By.cssSelector: button.square-btn.space-left.btn.btn-primary
2024-07-25 23:53:02,963 [info]: Click By JS By.cssSelector: #header div.app-header__new
2024-07-25 23:53:03,213 [info]: Scroll Into View By.xpath: (//div[@class='pagination-bottom']//button)[2]
2024-07-25 23:53:03,218 [info]: Sendkeys on By.xpath: //textarea[@name='reason'] with value Far far away, behind the word mountains, far from the countries Vokalia and Consonantia, there live the blind texts. Separated they live in Bookmarksgrove right at the coast of the Semantics, a large language ocean. A small river named Duden flows by their place and supplies it with the necessary regelialia. It is a paradisematic country, in which roasted parts of sentences fly into your mouth. Even the all-powerful Pointing has no control about the blind texts it is an almost unorthographic life
2024-07-25 23:53:03,379 [info]: Click By JS By.xpath: (//div[@class='pagination-bottom']//button)[2]
2024-07-25 23:53:03,490 [info]: Clicked on By.xpath: //button[text()='Save']
2024-07-25 23:53:03,714 [info]: GetText fromBy.xpath: //textarea[@name='reason']/following::span
2024-07-25 23:53:04,025 [info]: Move to element and Click on [[ChromeDriver: chrome on windows (347b60e6bf7773e3a772c9359cf2ff4a)] -> xpath: //span[@class='Select-arrow']]
2024-07-25 23:53:04,223 [info]: Click By JS By.xpath: //label[text()='Code Enforcement Case']
2024-07-25 23:53:04,413 [info]: Sendkeys on By.xpath: //textarea[@name='reason'] with value N6ssVNiHhXT6ThxvoUmyXdtPPQolxFEgUy24XCB1VDfj6MXIZc
2024-07-25 23:53:04,523 [info]: Scroll Into View By.xpath: (//div[@class='pagination-bottom']//button)[2]
2024-07-25 23:53:04,614 [info]: Click By JS By.xpath: (//div[@class='pagination-bottom']//button)[2]
2024-07-25 23:53:04,652 [info]: Clicked on By.xpath: //input[@name='dueBy']
2024-07-25 23:53:04,891 [info]: Clicked on By.xpath: //td[@class='rdtDay rdtActive']/following::td[1]
2024-07-25 23:53:05,119 [info]: Clicked on By.xpath: //button[text()='Save']
2024-07-25 23:53:05,679 [info]: Scroll Into View By.xpath: (//div[@class='pagination-bottom']//button)[2]
2024-07-25 23:53:05,759 [info]: Click By JS By.xpath: (//div[@class='pagination-bottom']//button)[2]
2024-07-25 23:53:06,220 [info]: Scroll Into View By.xpath: //div[@class='dropdown__selector__selected']/label
2024-07-25 23:53:06,352 [info]: Click By JS By.xpath: //div[@class='dropdown__selector__selected']/label
2024-07-25 23:53:08,424 [info]: Clicked on By.xpath: //button[text()='Add']
2024-07-25 23:53:08,860 [info]: Sendkeys on By.xpath: //input[@name='query'] with value Location Required
2024-07-25 23:53:08,997 [info]: Click By JS By.xpath: //ul[@class='dropdown__options--single']//li//b
2024-07-25 23:53:09,008 [info]: GetText fromBy.xpath: (//h2[contains(text(),'Active')]//ancestor::div[@class='agency-setup-tab__section']//div[@class='rt-td'])[31]
2024-07-25 23:53:09,054 [info]: GetText fromBy.xpath: (//h2[contains(text(),'Active')]//ancestor::div[@class='agency-setup-tab__section']//div[@class='rt-td'])[32]
Test Passed: AgencySetup_CreateNotifictionMultipleCriteriaDeliveryOption
]]></system-out>
  </testcase>
  <testcase name="AgencySetup_CreateNotificationInactivateActiveNotificatiion" classname="TestCases.NotificationManagement" time="1.957">
    <system-out><![CDATA[2024-07-25 23:53:22,463 [info]: Clicked on By.xpath: //div[@class="react-autosuggest__suggestion-element"]/div
2024-07-25 23:53:22,608 [info]: Click By JS By.xpath: (//div[@class='react-toggle-thumb'])[1]
2024-07-25 23:53:24,246 [info]: GetText fromBy.xpath: //h2[contains(text(),'Inactive')]
2024-07-25 23:53:24,328 [info]: Scroll Into View By.xpath: //h2[contains(text(),'Inactive')]
2024-07-25 23:53:24,370 [info]: GetText fromBy.xpath: //h2[contains(text(),'Inactive')]
2024-07-25 23:53:24,412 [info]: GetText fromBy.xpath: (//h2[contains(text(),'Inactive')]//ancestor::div[@class='agency-setup-tab__section']//div[@class='rt-td'])[26]
Test Passed: AgencySetup_CreateNotificationInactivateActiveNotificatiion
]]></system-out>
  </testcase>
  <testcase name="AgencySetup_CreateNotificationActivateInactiveNotificatiion" classname="TestCases.NotificationManagement" time="0.878">
    <system-out><![CDATA[2024-07-25 23:53:35,652 [info]: Click By JS By.xpath: (//button[@class='edit-btn  btn btn-primary'])[2]
2024-07-25 23:53:36,360 [info]: GetText fromBy.xpath: (//h2[contains(text(),'Active')]//ancestor::div[@class='agency-setup-tab__section']//div[@class='rt-td'])[31]
Test Passed: AgencySetup_CreateNotificationActivateInactiveNotificatiion
]]></system-out>
  </testcase>
  <testcase name="AgencySetup_CreateNotificationEscalatedNoticeGenerated" classname="TestCases.NotificationManagement" time="1.538">
    <system-out><![CDATA[2024-07-25 23:54:02,735 [info]: Scroll Into View By.xpath: //div[@class='multi-choice-buttons']//button[text()='HTML FA Document']
2024-07-25 23:54:02,776 [info]: GetText fromBy.xpath: //div[text()='Add Internal Comment']
2024-07-25 23:54:03,046 [info]: Clicked on By.xpath: //div[@class='multi-choice-buttons']//button[text()='HTML FA Document']
2024-07-25 23:54:03,116 [info]: Scroll Into View By.xpath: //div[@class='case__attachment__title']//h5
0
3
2024-07-25 23:54:03,806 [info]: Clicked on By.xpath: //a[@class='view-photos']
2024-07-25 23:54:04,138 [info]: Sendkeys on By.xpath: //input[@name='name'] with value mYOVemzi
Test Passed: AgencySetup_CreateNotificationEscalatedNoticeGenerated
]]></system-out>
  </testcase>
  <testcase name="AgencySetup_CreateNotificationEscalatedNoticeReviewdSuperVisor" classname="TestCases.NotificationManagement" time="1.588">
    <system-out><![CDATA[2024-07-25 23:54:31,988 [info]: Click By JS By.xpath: //div[@class='attachments-modal__footer']/button[1]
2024-07-25 23:54:32,267 [info]: Sendkeys on By.xpath: //div[@class='location-tile__inputs-container']//input with value TEXAS CITY Museum
2024-07-25 23:54:32,464 [info]: Scroll Into View By.xpath: //button[text()='Create Submission']
2024-07-25 23:54:32,508 [info]: Click By JS By.xpath: //button[text()='Create Submission']
Test Passed: AgencySetup_CreateNotificationEscalatedNoticeReviewdSuperVisor
]]></system-out>
  </testcase>
  <testcase name="AgencySetup_CreateNotificationEscalatedNoticeEdited" classname="TestCases.NotificationManagement" time="6.406">
    <system-out><![CDATA[2024-07-25 23:54:54,384 [info]: Click By JS By.xpath: //button[@class='edit-btn internal-note-tile-content__actions__edit btn btn-primary']
2024-07-25 23:54:55,184 [info]: GetText fromBy.xpath: //h1[text()='Create A Case']
2024-07-25 23:54:55,649 [info]: Sendkeys on By.xpath: //div[@class='location-tile__inputs-container']//input with value TEXAS CITY Museum
2024-07-25 23:54:56,525 [info]: Scroll Into View By.xpath: //h2[contains(text(),'Active')]
2024-07-25 23:54:56,615 [info]: GetText fromBy.xpath: //div[text()='Edit Internal Comment']
2024-07-25 23:54:56,985 [info]: Clicked on By.xpath: //li[@id='react-autowhatever-1-section-0-item-0']
2024-07-25 23:54:57,100 [info]: Click By JS By.xpath: //div[@id='violation-tile']//input
2024-07-25 23:54:57,103 [info]: Sendkeys on By.xpath: //textarea[@name='internalComment'] with value ***Edited*** Internal Note MLJJf
2024-07-25 23:54:57,369 [info]: Sendkeys on By.xpath: //div[@id='violation-tile']//input with value Wa
2024-07-25 23:54:57,622 [info]: Sendkeys on By.xpath: //div/input[@placeholder='Start typing name of violation, article number or issue description'] with value Wa
2024-07-25 23:54:58,064 [info]: Clicked on By.xpath: //div[@class='react-autosuggest__suggestion-element']/div
2024-07-25 23:54:58,478 [info]: Click By JS By.xpath: //div[@class='react-autosuggest__suggestion-element']/div
2024-07-25 23:54:58,794 [info]: Scroll to the Top.
2024-07-25 23:54:59,013 [info]: Scroll Into View By.cssSelector: button.square-btn.space-left.btn.btn-primary
2024-07-25 23:54:59,206 [info]: Click By JS By.xpath: //button[text()='Save']
2024-07-25 23:55:00,415 [info]: Clicked on By.xpath: //button[text()='Add Rule']
Test Passed: AgencySetup_CreateNotificationEscalatedNoticeEdited
]]></system-out>
    <system-err><![CDATA[org.openqa.selenium.TimeoutException: Expected condition failed: waiting for element to no longer be visible: By.xpath: //div[text()='Case Created']//following::button[1] (tried for 60 second(s) with 1000 milliseconds interval)
Build info: version: '4.11.0', revision: '040bc5406b'
System info: os.name: 'Windows 11', os.arch: 'amd64', os.version: '10.0', java.version: '18.0.2.1'
Driver info: driver.version: unknown
	at org.openqa.selenium.support.ui.FluentWait.timeoutException(FluentWait.java:262)
	at org.openqa.selenium.support.ui.FluentWait.until(FluentWait.java:230)
	at CommonMethods.Helper.waitUntilElementInvisibleLocated(Helper.java:237)
	at POM.SubmissionAssignmentUtility.CaseAssignmentBaseOnAddedRule(SubmissionAssignmentUtility.java:431)
	at TestCases.SubmissionAssignment.CaseAssignmentBaseOnAddedRule(SubmissionAssignment.java:86)
	at java.base/jdk.internal.reflect.DirectMethodHandleAccessor.invoke(DirectMethodHandleAccessor.java:104)
	at java.base/java.lang.reflect.Method.invoke(Method.java:577)
	at org.testng.internal.invokers.MethodInvocationHelper.invokeMethod(MethodInvocationHelper.java:135)
	at org.testng.internal.invokers.TestInvoker.invokeMethod(TestInvoker.java:673)
	at org.testng.internal.invokers.TestInvoker.invokeTestMethod(TestInvoker.java:220)
	at org.testng.internal.invokers.MethodRunner.runInSequence(MethodRunner.java:50)
	at org.testng.internal.invokers.TestInvoker$MethodInvocationAgent.invoke(TestInvoker.java:945)
	at org.testng.internal.invokers.TestInvoker.invokeTestMethods(TestInvoker.java:193)
	at org.testng.internal.invokers.TestMethodWorker.invokeTestMethods(TestMethodWorker.java:146)
	at org.testng.internal.invokers.TestMethodWorker.run(TestMethodWorker.java:128)
	at java.base/java.util.concurrent.ThreadPoolExecutor.runWorker(ThreadPoolExecutor.java:1136)
	at java.base/java.util.concurrent.ThreadPoolExecutor$Worker.run(ThreadPoolExecutor.java:635)
	at java.base/java.lang.Thread.run(Thread.java:833)
]]></system-err>
  </testcase>
  <testcase name="LoginAgency" classname="TestCases.CSPInternal" time="0.317">
    <system-out><![CDATA[Current IST time: 2024-07-25 23:49:10
2024-07-25 23:49:10,769 [info]: Timestamp 2024-07-25 23:49:10
2024-07-25 23:49:10,828 [info]: Scroll Into View By.xpath: //a[text()='Cases']
2024-07-25 23:49:10,943 [info]: GetText fromBy.xpath: //div[@class='app-header__user-name']/label
Test Passed: LoginAgency
]]></system-out>
  </testcase>
  <testcase name="CSPInternal_Prerequisites" classname="TestCases.CSPInternal" time="0.595">
    <system-out><![CDATA[2024-07-25 23:49:24,657 [info]: Clicked on By.xpath: //div[@class='Select-placeholder']
2024-07-25 23:49:24,930 [info]: Clicked on By.xpath: //*[text()='PST']
2024-07-25 23:49:25,030 [info]: Clicked on By.xpath: //li[@id='react-autowhatever-1-section-0-item-0']
2024-07-25 23:49:25,044 [info]: Sendkeys on By.xpath: //div[@class='location-tile__inputs-container']//input with value TEXAS CITY Museum
2024-07-25 23:49:25,109 [info]: GetText fromBy.xpath: //div[@class='post-anonymous-section']//button[@class='square-btn btn btn-primary']
2024-07-25 23:49:25,211 [info]: GetText fromBy.xpath: //div[@class='post-anonymous-section']//button[@class='square-btn btn btn-primary']
Test Passed: CSPInternal_Prerequisites
]]></system-out>
  </testcase>
  <testcase name="CSPInternal_VerifyCSPOpensUp" classname="TestCases.CSPInternal" time="1.537">
    <system-out><![CDATA[2024-07-25 23:49:28,984 [info]: Click By JS By.xpath: //h1[text()='Create Agency']/following::button[2]
2024-07-25 23:49:29,181 [info]: Sendkeys on By.xpath: //div[@class='location-tile__inputs-container']//input with value  
2024-07-25 23:49:29,643 [info]: Scroll to the Top.
2024-07-25 23:49:29,683 [info]: Scroll Into View By.xpath: //button[text()='Create Fine']
2024-07-25 23:49:29,843 [info]: Clicked on By.xpath: //button[text()='Create Fine']
2024-07-25 23:49:30,349 [info]: GetText fromBy.xpath: //div[@class='full-page-modal__header']/h1
2024-07-25 23:49:30,459 [info]: Click By JS By.xpath: //button[text()='Create Submission']
2024-07-25 23:49:30,506 [info]: GetText fromBy.xpath: //div[@class='create-submission__global-error']/h2
Test Passed: CSPInternal_VerifyCSPOpensUp
]]></system-out>
  </testcase>
  <testcase name="CSPInternal_VerifyPostAnonymouslycheckbox" classname="TestCases.CSPInternal" time="0.153">
    <system-out><![CDATA[2024-07-25 23:49:31,547 [info]: Scroll Into View By.xpath: //a[text()='Add Delivery option']
2024-07-25 23:49:31,628 [info]: Click By JS By.xpath: //a[text()='Add Delivery option']
Test Passed: CSPInternal_VerifyPostAnonymouslycheckbox
]]></system-out>
  </testcase>
  <testcase name="CSPInternal_VerifyCustomerInformationTile" classname="TestCases.CSPInternal" time="0.313">
    <system-out><![CDATA[2024-07-25 23:50:31,740 [info]: Click By JS By.xpath: //input[@name='isAnonymous'][@type='checkbox']
Test Passed: CSPInternal_VerifyCustomerInformationTile
]]></system-out>
    <system-err><![CDATA[org.openqa.selenium.TimeoutException: Expected condition failed: waiting for element to be clickable: By.xpath: //input[@name='isAnonymous'][@type='checkbox'] (tried for 60 second(s) with 1000 milliseconds interval)
Build info: version: '4.11.0', revision: '040bc5406b'
System info: os.name: 'Windows 11', os.arch: 'amd64', os.version: '10.0', java.version: '18.0.2.1'
Driver info: driver.version: unknown
	at org.openqa.selenium.support.ui.FluentWait.timeoutException(FluentWait.java:262)
	at org.openqa.selenium.support.ui.FluentWait.until(FluentWait.java:230)
	at CommonMethods.Helper.waitForElementIsInteractable(Helper.java:199)
	at POM.CSPInternalUtility.CSPInternal_VerifyCustomerInformationTile(CSPInternalUtility.java:195)
	at TestCases.CSPInternal.CSPInternal_VerifyCustomerInformationTile(CSPInternal.java:63)
	at java.base/jdk.internal.reflect.DirectMethodHandleAccessor.invoke(DirectMethodHandleAccessor.java:104)
	at java.base/java.lang.reflect.Method.invoke(Method.java:577)
	at org.testng.internal.invokers.MethodInvocationHelper.invokeMethod(MethodInvocationHelper.java:135)
	at org.testng.internal.invokers.TestInvoker.invokeMethod(TestInvoker.java:673)
	at org.testng.internal.invokers.TestInvoker.invokeTestMethod(TestInvoker.java:220)
	at org.testng.internal.invokers.MethodRunner.runInSequence(MethodRunner.java:50)
	at org.testng.internal.invokers.TestInvoker$MethodInvocationAgent.invoke(TestInvoker.java:945)
	at org.testng.internal.invokers.TestInvoker.invokeTestMethods(TestInvoker.java:193)
	at org.testng.internal.invokers.TestMethodWorker.invokeTestMethods(TestMethodWorker.java:146)
	at org.testng.internal.invokers.TestMethodWorker.run(TestMethodWorker.java:128)
	at java.base/java.util.concurrent.ThreadPoolExecutor.runWorker(ThreadPoolExecutor.java:1136)
	at java.base/java.util.concurrent.ThreadPoolExecutor$Worker.run(ThreadPoolExecutor.java:635)
	at java.base/java.lang.Thread.run(Thread.java:833)
]]></system-err>
  </testcase>
  <testcase name="CSPInternal_AddExistingCustomer" classname="TestCases.CSPInternal" time="5.545">
    <system-out><![CDATA[2024-07-25 23:50:33,846 [info]: Sendkeys on By.xpath: //div[@id='violation-tile']//input with value Wa
2024-07-25 23:50:33,943 [info]: Click By JS By.xpath: //button[text()='Create Role']
2024-07-25 23:50:35,052 [info]: Sendkeys on By.xpath: //input[@name='label'] with value UpdatedFine Without NoticefMeRl
2024-07-25 23:50:35,088 [info]: Scroll Into View By.xpath: //button[text()='Save']
2024-07-25 23:50:35,112 [info]: Click By JS By.xpath: //div[@class='react-autosuggest__suggestion-element']/div
2024-07-25 23:50:35,120 [info]: Click By JS By.xpath: //button[text()='Save']
2024-07-25 23:50:35,125 [info]: Scroll to the Top.
2024-07-25 23:50:35,198 [info]: Scroll Into View By.cssSelector: button.square-btn.space-left.btn.btn-primary
2024-07-25 23:50:35,875 [info]: Clicked on By.xpath: //span[@aria-selected='true']//ancestor::div[@class='Select-multi-value-wrapper']//following-sibling::span
2024-07-25 23:50:36,030 [info]: Sendkeys on By.xpath: //label[@class='contact-tile__searchbox-label']/following::input[1] with value a
2024-07-25 23:50:36,171 [info]: Click By JS By.xpath: (//div[@class='react-toggle-thumb'])[1]
2024-07-25 23:50:36,278 [info]: Click By JS By.xpath: //button[text()='Supervision Manager']
2024-07-25 23:50:36,316 [info]: Scroll Into View By.xpath: //div[@class='field__input row']/input
2024-07-25 23:50:36,724 [info]: Sendkeys on By.xpath: //div[@class='field__input row']/input with value Role_SupervisorManager12431
2024-07-25 23:50:36,762 [info]: Click By JS By.xpath: (//button[text()='Create Role'])[2]
2024-07-25 23:50:37,014 [info]: Clicked on By.xpath: //h1[text()='Create Rule']//parent::div//button[text()='Cancel']
2024-07-25 23:50:37,110 [info]: Scroll Into View By.xpath: //button[text()='Add Rule']
2024-07-25 23:50:37,366 [info]: Clicked on By.xpath: //button[text()='Add Rule']
2024-07-25 23:50:38,298 [info]: Sendkeys on By.xpath: //div[@class='location-tile__inputs-container']//input with value TEXAS CITY Museum
2024-07-25 23:50:38,928 [info]: Scroll Into View By JS [[ChromeDriver: chrome on windows (8756fc42a7892db972226591766dc183)] -> xpath: //*[text()='EscalatedNotice']]
2024-07-25 23:50:39,202 [info]: Click By JS By.xpath: (//div[@class='react-autosuggest__suggestion-element']/div)
2024-07-25 23:50:39,207 [info]: Move to element and Click on [[ChromeDriver: chrome on windows (8756fc42a7892db972226591766dc183)] -> xpath: //*[text()='EscalatedNotice']]
2024-07-25 23:50:39,306 [info]: Click By JS By.xpath: //div[@class='progressive-form active']//button[text()='Continue']
Test Passed: CSPInternal_AddExistingCustomer
]]></system-out>
    <system-err><![CDATA[org.openqa.selenium.TimeoutException: Expected condition failed: waiting for visibility of element located by By.xpath: (//li[@class='multi']//input[@type='checkbox'])[1] (tried for 60 second(s) with 1000 milliseconds interval)
Build info: version: '4.11.0', revision: '040bc5406b'
System info: os.name: 'Windows 11', os.arch: 'amd64', os.version: '10.0', java.version: '18.0.2.1'
Driver info: driver.version: unknown
	at org.openqa.selenium.support.ui.FluentWait.timeoutException(FluentWait.java:262)
	at org.openqa.selenium.support.ui.FluentWait.until(FluentWait.java:230)
	at CommonMethods.Helper.waitUntilElementIsVisible(Helper.java:148)
	at POM.NotificationManagementUtility.AgencySetup_CreateNotificationAddRule(NotificationManagementUtility.java:527)
	at TestCases.NotificationManagement.AgencySetup_CreateNotificationAddRule(NotificationManagement.java:59)
	at java.base/jdk.internal.reflect.DirectMethodHandleAccessor.invoke(DirectMethodHandleAccessor.java:104)
	at java.base/java.lang.reflect.Method.invoke(Method.java:577)
	at org.testng.internal.invokers.MethodInvocationHelper.invokeMethod(MethodInvocationHelper.java:135)
	at org.testng.internal.invokers.TestInvoker.invokeMethod(TestInvoker.java:673)
	at org.testng.internal.invokers.TestInvoker.invokeTestMethod(TestInvoker.java:220)
	at org.testng.internal.invokers.MethodRunner.runInSequence(MethodRunner.java:50)
	at org.testng.internal.invokers.TestInvoker$MethodInvocationAgent.invoke(TestInvoker.java:945)
	at org.testng.internal.invokers.TestInvoker.invokeTestMethods(TestInvoker.java:193)
	at org.testng.internal.invokers.TestMethodWorker.invokeTestMethods(TestMethodWorker.java:146)
	at org.testng.internal.invokers.TestMethodWorker.run(TestMethodWorker.java:128)
	at java.base/java.util.concurrent.ThreadPoolExecutor.runWorker(ThreadPoolExecutor.java:1136)
	at java.base/java.util.concurrent.ThreadPoolExecutor$Worker.run(ThreadPoolExecutor.java:635)
	at java.base/java.lang.Thread.run(Thread.java:833)
]]></system-err>
  </testcase>
  <testcase name="CSPInternal_VerifyCategoriesList" classname="TestCases.CSPInternal" time="0.023">
    <system-out><![CDATA[2024-07-25 23:51:19,456 [info]: Scroll Into View By.xpath: //div[@class='modal-footer']//button[2]
2024-07-25 23:51:19,579 [info]: Click By JS By.xpath: //div[text()='Submission Received']//following::button[1]
2024-07-25 23:51:19,762 [info]: Click By JS By.xpath: //div[@class='modal-footer']//button[2]
2024-07-25 23:51:20,071 [info]: Click By JS By.xpath: //ul[@class='dropdown__options--single']//li//b
2024-07-25 23:51:20,123 [info]: Clicked on By.xpath: //label[text()='More...']//following-sibling::span
2024-07-25 23:51:20,213 [info]: GetText fromBy.xpath: //label[@for='selectedCategory']/following::label[1]
Test Passed: CSPInternal_VerifyCategoriesList
]]></system-out>
  </testcase>
  <testcase name="CSPInternal_SearchAndAddCategory" classname="TestCases.CSPInternal" time="0.319">
    <system-out><![CDATA[2024-07-25 23:51:21,225 [info]: Sendkeys on By.xpath: //input[@name='query'] with value Location Required
2024-07-25 23:51:21,372 [info]: Click By JS By.xpath: //ul[@class='dropdown__options--single']//li//b
2024-07-25 23:51:21,473 [info]: GetText fromBy.xpath: //label[@for='selectedCategory']/following::label[1]
Test Passed: CSPInternal_SearchAndAddCategory
]]></system-out>
  </testcase>
  <testcase name="LoginAgency" classname="TestCases.SubmissionAssignment" time="5.095">
    <system-out><![CDATA[2024-07-25 23:49:11,207 [info]: Scroll Into View By.xpath: //div[@class='app-header__menu__icon']
2024-07-25 23:49:11,252 [info]: Click By JS By.xpath: //div[@class='app-header__menu__icon']
2024-07-25 23:49:11,286 [info]: Scroll Into View By.xpath: //label[text()='Agency Setup']//preceding-sibling::a
2024-07-25 23:49:12,109 [info]: Click By JS By.xpath: //button[text()='Create Role']
2024-07-25 23:49:12,271 [info]: Scroll Into View By.cssSelector: #header div.app-header__new
2024-07-25 23:49:13,126 [info]: Scroll Into View By.xpath: (//div[@class='react-toggle-thumb'])[1]
2024-07-25 23:49:13,304 [info]: Click By JS By.xpath: //label[text()='Agency Setup']//preceding-sibling::a
2024-07-25 23:49:13,359 [info]: Scroll Into View By.xpath: //label[text()='Audit Trail']
2024-07-25 23:49:13,364 [info]: Scroll Into View By.xpath: //label[text()='Audit Trail']
2024-07-25 23:49:13,437 [info]: Click By JS By.cssSelector: #header div.app-header__new
2024-07-25 23:49:13,439 [info]: Scroll Into View By.xpath: //h6[text()='PRODUCT SETTINGS']/following::label[1]
Test Failed: TemplateMangement_PreRequisite
2024-07-25 23:49:14,156 [info]: Scroll Into View By.xpath: //label[text()='SLA']
2024-07-25 23:49:14,894 [info]: Scroll Into View By.xpath: //h6[text()='PRODUCT SETTINGS']/following::label[1]
2024-07-25 23:49:15,256 [info]: Click By JS By.xpath: //label[text()='SLA']
2024-07-25 23:49:15,370 [info]: GetText fromBy.xpath: //h1[text()='Create A Case']
2024-07-25 23:49:15,778 [info]: Sendkeys on By.xpath: //input[@name='defaultAmount'] with value 20000
Current IST time: 2024-07-25 23:49:15
2024-07-25 23:49:15,814 [info]: Timestamp 2024-07-25 23:49:15
2024-07-25 23:49:15,895 [info]: Click By JS By.xpath: //label[text()='Code Enforcement Case']
2024-07-25 23:49:15,970 [info]: Click By JS By.xpath: //h6[text()='PRODUCT SETTINGS']/following::label[1]
2024-07-25 23:49:16,040 [info]: GetText fromBy.xpath: //div[@class='app-header__user-name']/label
Test Passed: LoginAgency
]]></system-out>
  </testcase>
  <testcase name="SubmissionAssignment_OpenEditAssignmentPopup" classname="TestCases.SubmissionAssignment" time="2.719">
    <system-out><![CDATA[2024-07-25 23:50:22,067 [info]: Click By JS By.xpath: //button[text()='More...']
2024-07-25 23:50:22,153 [info]: Sendkeys on By.xpath: //div[@class='field__input row']/input with value Role_SupervisorBasic58028
2024-07-25 23:50:22,194 [info]: Click By JS By.xpath: (//button[text()='Create Role'])[2]
2024-07-25 23:50:22,474 [info]: Click By JS By.xpath: //li[text()='Create & Link Case']
2024-07-25 23:50:23,893 [info]: Scroll Into View By.cssSelector: #header div.app-header__new
2024-07-25 23:50:24,047 [info]: Click By JS By.cssSelector: #header div.app-header__new
no of fines on page 10
UpdatedFine Without NoticedoFdy
UpdatedFine Without NoticeTIaND
UpdatedFine Without NoticefNPHc
UpdatedFine Without NoticeQhInW
a12345
UpdatedFine Without NoticekURQn
UpdatedFine Without NoticeuCSNp
2024-07-25 23:50:24,575 [info]: GetText fromBy.xpath: //div[@class='full-page-modal__header']/h1
Test Passed: SubmissionAssignment_OpenEditAssignmentPopup
]]></system-out>
    <system-err><![CDATA[org.openqa.selenium.TimeoutException: Expected condition failed: waiting for element to no longer be visible: By.xpath: //div[text()='Submission Received']//following::button[1] (tried for 60 second(s) with 1000 milliseconds interval)
Build info: version: '4.11.0', revision: '040bc5406b'
System info: os.name: 'Windows 11', os.arch: 'amd64', os.version: '10.0', java.version: '18.0.2.1'
Driver info: driver.version: unknown
	at org.openqa.selenium.support.ui.FluentWait.timeoutException(FluentWait.java:262)
	at org.openqa.selenium.support.ui.FluentWait.until(FluentWait.java:230)
	at CommonMethods.Helper.waitUntilElementInvisibleLocated(Helper.java:237)
	at POM.SubmissionAssignmentUtility.SubmissionAssignment_OpenEditAssignmentPopup(SubmissionAssignmentUtility.java:160)
	at TestCases.SubmissionAssignment.SubmissionAssignment_OpenEditAssignmentPopup(SubmissionAssignment.java:41)
	at java.base/jdk.internal.reflect.DirectMethodHandleAccessor.invoke(DirectMethodHandleAccessor.java:104)
	at java.base/java.lang.reflect.Method.invoke(Method.java:577)
	at org.testng.internal.invokers.MethodInvocationHelper.invokeMethod(MethodInvocationHelper.java:135)
	at org.testng.internal.invokers.TestInvoker.invokeMethod(TestInvoker.java:673)
	at org.testng.internal.invokers.TestInvoker.invokeTestMethod(TestInvoker.java:220)
	at org.testng.internal.invokers.MethodRunner.runInSequence(MethodRunner.java:50)
	at org.testng.internal.invokers.TestInvoker$MethodInvocationAgent.invoke(TestInvoker.java:945)
	at org.testng.internal.invokers.TestInvoker.invokeTestMethods(TestInvoker.java:193)
	at org.testng.internal.invokers.TestMethodWorker.invokeTestMethods(TestMethodWorker.java:146)
	at org.testng.internal.invokers.TestMethodWorker.run(TestMethodWorker.java:128)
	at java.base/java.util.concurrent.ThreadPoolExecutor.runWorker(ThreadPoolExecutor.java:1136)
	at java.base/java.util.concurrent.ThreadPoolExecutor$Worker.run(ThreadPoolExecutor.java:635)
	at java.base/java.lang.Thread.run(Thread.java:833)
]]></system-err>
  </testcase>
  <testcase name="SubmissionAssignment_VerifyNoUpdationWithoutARule" classname="TestCases.SubmissionAssignment" time="0.252">
    <system-out><![CDATA[2024-07-25 23:50:30,367 [info]: Scroll Into View By.xpath: //button[text()='Add Rule']
2024-07-25 23:50:30,465 [info]: Clicked on By.xpath: //button[text()='Save']
2024-07-25 23:50:30,523 [info]: Click By JS By.xpath: //div[@class='footer_actions']/button[2]
2024-07-25 23:50:30,583 [info]: GetText fromBy.xpath: //div[@class='modal-base__error modal-base__error--show']
Test Passed: SubmissionAssignment_VerifyNoUpdationWithoutARule
]]></system-out>
  </testcase>
  <testcase name="SubmissionAssignment_OpenCreateRulePopup" classname="TestCases.SubmissionAssignment" time="0.151">
    <system-out><![CDATA[2024-07-25 23:50:32,510 [info]: Click By JS By.xpath: //button[text()='Add Rule']
2024-07-25 23:50:32,545 [info]: GetText fromBy.xpath: //h1[text()='Create Rule']
Test Passed: SubmissionAssignment_OpenCreateRulePopup
]]></system-out>
  </testcase>
  <testcase name="SubmissionAssignment_AddMultipleCriterias" classname="TestCases.SubmissionAssignment" time="1.895">
    <system-out><![CDATA[2024-07-25 23:50:46,954 [info]: Scroll Into View By.xpath: //button[text()='Create Fine']
2024-07-25 23:50:46,955 [info]: Click By JS By.xpath: //button[text()='Create User']
2024-07-25 23:50:47,034 [info]: Click By JS By.xpath: //button[text()='Create Category']
2024-07-25 23:50:47,118 [info]: Clicked on By.xpath: //label[@for='collaborators']/following::ul/li[1]
2024-07-25 23:50:47,564 [info]: Clicked on By.xpath: //button[text()='Create Rule']
Test Passed: SubmissionAssignment_AddMultipleCriterias
]]></system-out>
  </testcase>
  <testcase name="SubmissionAssignment_VerifyAddedRule" classname="TestCases.SubmissionAssignment" time="0.002">
    <system-out><![CDATA[Test Passed: SubmissionAssignment_VerifyAddedRule
]]></system-out>
  </testcase>
  <testcase name="SubmissionAssignment_EditAddedRule" classname="TestCases.SubmissionAssignment" time="0.019">
    <system-out><![CDATA[2024-07-25 23:50:56,377 [info]: GetText fromBy.xpath: //div[@class='sortable-table__body__td'][2]
After Assignee: Amandeep Singh
Test Passed: SubmissionAssignment_EditAddedRule
]]></system-out>
  </testcase>
  <testcase name="SubmissionAssignment_DeleteAddedRule" classname="TestCases.SubmissionAssignment" time="0.145">
    <system-out><![CDATA[2024-07-25 23:50:56,584 [info]: Clicked on By.xpath: //div[@class='sortable-table__body__td']/button[2]
Test Passed: SubmissionAssignment_DeleteAddedRule
]]></system-out>
    <system-err><![CDATA[org.openqa.selenium.NoSuchElementException: no such element: Unable to locate element: {"method":"xpath","selector":"//div[@class='sortable-table__body__tr']"}
  (Session info: chrome=115.0.5790.170)
For documentation on this error, please visit: https://www.selenium.dev/documentation/webdriver/troubleshooting/errors#no-such-element-exception
Build info: version: '4.11.0', revision: '040bc5406b'
System info: os.name: 'Windows 11', os.arch: 'amd64', os.version: '10.0', java.version: '18.0.2.1'
Driver info: org.openqa.selenium.chrome.ChromeDriver
Command: [c869a4667cf73c963cb6f9816b1b786a, findElement {using=xpath, value=//div[@class='sortable-table__body__tr']}]
Capabilities {acceptInsecureCerts: false, browserName: chrome, browserVersion: 115.0.5790.170, chrome: {chromedriverVersion: 115.0.5790.170 (cc0d30c2ca5..., userDataDir: C:\Users\SQELAB~1\AppData\L...}, goog:chromeOptions: {debuggerAddress: localhost:51354}, networkConnectionEnabled: false, pageLoadStrategy: normal, platformName: windows, proxy: Proxy(), se:cdp: ws://localhost:51354/devtoo..., se:cdpVersion: 115.0.5790.170, setWindowRect: true, strictFileInteractability: false, timeouts: {implicit: 0, pageLoad: 300000, script: 30000}, unhandledPromptBehavior: dismiss and notify, webauthn:extension:credBlob: true, webauthn:extension:largeBlob: true, webauthn:extension:minPinLength: true, webauthn:extension:prf: true, webauthn:virtualAuthenticators: true}
Session ID: c869a4667cf73c963cb6f9816b1b786a
	at java.base/jdk.internal.reflect.DirectConstructorHandleAccessor.newInstance(DirectConstructorHandleAccessor.java:67)
	at java.base/java.lang.reflect.Constructor.newInstanceWithCaller(Constructor.java:499)
	at java.base/java.lang.reflect.Constructor.newInstance(Constructor.java:483)
	at org.openqa.selenium.remote.codec.w3c.W3CHttpResponseCodec.createException(W3CHttpResponseCodec.java:200)
	at org.openqa.selenium.remote.codec.w3c.W3CHttpResponseCodec.decode(W3CHttpResponseCodec.java:133)
	at org.openqa.selenium.remote.codec.w3c.W3CHttpResponseCodec.decode(W3CHttpResponseCodec.java:52)
	at org.openqa.selenium.remote.HttpCommandExecutor.execute(HttpCommandExecutor.java:191)
	at org.openqa.selenium.remote.service.DriverCommandExecutor.invokeExecute(DriverCommandExecutor.java:196)
	at org.openqa.selenium.remote.service.DriverCommandExecutor.execute(DriverCommandExecutor.java:171)
	at org.openqa.selenium.remote.RemoteWebDriver.execute(RemoteWebDriver.java:518)
	at org.openqa.selenium.remote.ElementLocation$ElementFinder$2.findElement(ElementLocation.java:165)
	at org.openqa.selenium.remote.ElementLocation.findElement(ElementLocation.java:59)
	at org.openqa.selenium.remote.RemoteWebDriver.findElement(RemoteWebDriver.java:355)
	at org.openqa.selenium.remote.RemoteWebDriver.findElement(RemoteWebDriver.java:349)
	at org.openqa.selenium.support.ui.ExpectedConditions$6.apply(ExpectedConditions.java:171)
	at org.openqa.selenium.support.ui.ExpectedConditions$6.apply(ExpectedConditions.java:168)
	at org.openqa.selenium.support.ui.FluentWait.until(FluentWait.java:205)
	at CommonMethods.Helper.waitUntilElementPresent(Helper.java:103)
	at POM.SubmissionAssignmentUtility.SubmissionAssignment_DeleteAddedRule(SubmissionAssignmentUtility.java:279)
	at TestCases.SubmissionAssignment.SubmissionAssignment_DeleteAddedRule(SubmissionAssignment.java:71)
	at java.base/jdk.internal.reflect.DirectMethodHandleAccessor.invoke(DirectMethodHandleAccessor.java:104)
	at java.base/java.lang.reflect.Method.invoke(Method.java:577)
	at org.testng.internal.invokers.MethodInvocationHelper.invokeMethod(MethodInvocationHelper.java:135)
	at org.testng.internal.invokers.TestInvoker.invokeMethod(TestInvoker.java:673)
	at org.testng.internal.invokers.TestInvoker.invokeTestMethod(TestInvoker.java:220)
	at org.testng.internal.invokers.MethodRunner.runInSequence(MethodRunner.java:50)
	at org.testng.internal.invokers.TestInvoker$MethodInvocationAgent.invoke(TestInvoker.java:945)
	at org.testng.internal.invokers.TestInvoker.invokeTestMethods(TestInvoker.java:193)
	at org.testng.internal.invokers.TestMethodWorker.invokeTestMethods(TestMethodWorker.java:146)
	at org.testng.internal.invokers.TestMethodWorker.run(TestMethodWorker.java:128)
	at java.base/java.util.concurrent.ThreadPoolExecutor.runWorker(ThreadPoolExecutor.java:1136)
	at java.base/java.util.concurrent.ThreadPoolExecutor$Worker.run(ThreadPoolExecutor.java:635)
	at java.base/java.lang.Thread.run(Thread.java:833)
]]></system-err>
  </testcase>
  <testcase name="SubmissionAssignment_AssignmentRuleUnderInactiveSection" classname="TestCases.SubmissionAssignment" time="0.149">
    <system-out><![CDATA[Test Passed: SubmissionAssignment_AssignmentRuleUnderInactiveSection
]]></system-out>
  </testcase>
  <testcase name="SubmissionAssignmentBaseOnAddedRule" classname="TestCases.SubmissionAssignment" time="3.424">
    <system-out><![CDATA[2024-07-25 23:53:55,382 [info]: Clicked on By.xpath: (//h1[text()='Create Notification']//parent::div//button)[2]
1
2024-07-25 23:53:55,529 [info]: GetText fromBy.xpath: (//div[@class='dropdown__selector__selected']//label)[4]
Test Passed: SubmissionAssignmentBaseOnAddedRule
]]></system-out>
  </testcase>
  <testcase name="CaseAssignmentBaseOnAddedRule" classname="TestCases.SubmissionAssignment" time="0.746">
    <system-out><![CDATA[2024-07-25 23:56:19,371 [info]: GetText fromBy.xpath: //label[text()='Assigned to']//parent::div//div[@class='dropdown__selector__selected']//label
Test Passed: CaseAssignmentBaseOnAddedRule
]]></system-out>
  </testcase>
  <testcase name="LoginAgency" classname="TestCases.CreateAndLinkCase" time="1.119">
    <system-out><![CDATA[2024-07-25 23:49:16,564 [info]: Click By JS By.xpath: //button[text()='Violation Specific']
2024-07-25 23:49:16,674 [info]: Click By JS By.xpath: //label[text()='Fines']
2024-07-25 23:49:16,738 [info]: Click By JS By.xpath: //span[text()='Select Violation']
2024-07-25 23:49:16,786 [info]: Click By JS By.xpath: (//button[text()='Supervisor (basic)']/../button)[1]
2024-07-25 23:49:16,795 [info]: Sendkeys on By.xpath: //div[@class='location-tile__inputs-container']//input with value TEXAS CITY Museum
2024-07-25 23:49:16,885 [info]: Click By JS By.xpath: //label[text()='Notification Management']
2024-07-25 23:49:16,966 [info]: Scroll Into View By.xpath: //div[@class='field__input row']/input
2024-07-25 23:49:17,016 [info]: Click By JS By.xpath: (//button[text()='Supervisor (basic)']/../button)[1]
2024-07-25 23:49:17,054 [info]: Scroll Into View By.xpath: //div[@class='field__input row']/input
2024-07-25 23:49:17,349 [info]: Sendkeys on By.xpath: //input[@name='streetAddress'] with value 21 Lane
Current IST time: 2024-07-25 23:49:17
2024-07-25 23:49:17,522 [info]: Timestamp 2024-07-25 23:49:17
2024-07-25 23:49:17,606 [info]: Clicked on By.xpath: //div/button[text()='Create Case']
2024-07-25 23:49:17,667 [info]: GetText fromBy.xpath: //div[@class='app-header__user-name']/label
Test Passed: LoginAgency
]]></system-out>
  </testcase>
  <testcase name="CreateAndLinkCase_PreRequisite" classname="TestCases.CreateAndLinkCase" time="1.471">
    <system-out><![CDATA[lJ8qEViolationSpecific
UpdatedFine Without NoticerAbso
2024-07-25 23:50:17,798 [info]: Click By JS By.xpath: //div[@class='table__pagination-nav-btns']/button[2]
2024-07-25 23:50:18,382 [info]: Clicked on By.xpath: //button[text()='Perform Inspection']
2024-07-25 23:50:18,522 [info]: Scroll Into View By.xpath: //button[text()='Create & Perform Inspection']
2024-07-25 23:50:18,727 [info]: Clicked on By.xpath: //button[text()='Create & Perform Inspection']
2024-07-25 23:50:18,764 [info]: Scroll Into View failed.
Test Failed: VerifyThatUserIsAbleToCreateARoleWithNoSupervisorPermission
2024-07-25 23:50:20,504 [info]: Click By JS By.xpath: //button[text()='Create Role']
no of fines on page 10
jXQBIViolationSpecific
UpdatedFine Without NoticeLiSzJ
SZoHbViolationSpecific
UpdatedFine Without NoticecBoGJ
UpdatedFine Without NoticeEnByg
UpdatedFine Without NoticelLrLF
UpdatedFine Without NoticeERbfk
UpdatedFine Without NoticeACYWh
UpdatedFine Without NoticeIMWym
UpdatedFine Without NoticeBPRjz
2024-07-25 23:50:21,230 [info]: Click By JS By.xpath: //div[@class='table__pagination-nav-btns']/button[2]
2024-07-25 23:50:21,662 [info]: Click By JS By.xpath: (//div[@class='react-toggle-thumb'])[1]
2024-07-25 23:50:21,732 [info]: GetText fromBy.xpath: (//div[@class='description tile'])/div[2]/div
2024-07-25 23:50:21,750 [info]: Click By JS By.xpath: //button[text()='Supervisor (basic)']
2024-07-25 23:50:21,771 [info]: GetText fromBy.xpath: //div[@id='cs-attachments']//h2/span
2024-07-25 23:50:21,779 [info]: Scroll Into View By.xpath: //div[@class='field__input row']/input
2024-07-25 23:50:21,812 [info]: GetText fromBy.xpath: //label[text()='Customer Name']/following::a[1]
2024-07-25 23:50:21,856 [info]: GetText fromBy.xpath: //h2[@class='customer-submission-details__number']
Test Passed: CreateAndLinkCase_PreRequisite
]]></system-out>
    <system-err><![CDATA[org.openqa.selenium.TimeoutException: Expected condition failed: waiting for visibility of element located by By.xpath: //h2[contains(text(),'Active')]//parent::div//button (tried for 60 second(s) with 1000 milliseconds interval)
Build info: version: '4.11.0', revision: '040bc5406b'
System info: os.name: 'Windows 11', os.arch: 'amd64', os.version: '10.0', java.version: '18.0.2.1'
Driver info: driver.version: unknown
	at org.openqa.selenium.support.ui.FluentWait.timeoutException(FluentWait.java:262)
	at org.openqa.selenium.support.ui.FluentWait.until(FluentWait.java:230)
	at CommonMethods.Helper.waitUntilElementIsVisible(Helper.java:148)
	at POM.TemplateManagementUtility.TemplateMangement_CloseandOpenCreateTemplatePOpup(TemplateManagementUtility.java:135)
	at TestCases.TemplateManagement.TemplateMangement_CloseandOpenCreateTemplatePOpup(TemplateManagement.java:45)
	at java.base/jdk.internal.reflect.DirectMethodHandleAccessor.invoke(DirectMethodHandleAccessor.java:104)
	at java.base/java.lang.reflect.Method.invoke(Method.java:577)
	at org.testng.internal.invokers.MethodInvocationHelper.invokeMethod(MethodInvocationHelper.java:135)
	at org.testng.internal.invokers.TestInvoker.invokeMethod(TestInvoker.java:673)
	at org.testng.internal.invokers.TestInvoker.invokeTestMethod(TestInvoker.java:220)
	at org.testng.internal.invokers.MethodRunner.runInSequence(MethodRunner.java:50)
	at org.testng.internal.invokers.TestInvoker$MethodInvocationAgent.invoke(TestInvoker.java:945)
	at org.testng.internal.invokers.TestInvoker.invokeTestMethods(TestInvoker.java:193)
	at org.testng.internal.invokers.TestMethodWorker.invokeTestMethods(TestMethodWorker.java:146)
	at org.testng.internal.invokers.TestMethodWorker.run(TestMethodWorker.java:128)
	at java.base/java.util.concurrent.ThreadPoolExecutor.runWorker(ThreadPoolExecutor.java:1136)
	at java.base/java.util.concurrent.ThreadPoolExecutor$Worker.run(ThreadPoolExecutor.java:635)
	at java.base/java.lang.Thread.run(Thread.java:833)
org.openqa.selenium.NoSuchElementException: no such element: Unable to locate element: {"method":"xpath","selector":"//h2[contains(text(),'Active')]//parent::div//button"}
  (Session info: chrome=115.0.5790.170)
For documentation on this error, please visit: https://www.selenium.dev/documentation/webdriver/troubleshooting/errors#no-such-element-exception
Build info: version: '4.11.0', revision: '040bc5406b'
System info: os.name: 'Windows 11', os.arch: 'amd64', os.version: '10.0', java.version: '18.0.2.1'
Driver info: org.openqa.selenium.chrome.ChromeDriver
Command: [ce5a891fc7051da9189a266828f63841, findElement {using=xpath, value=//h2[contains(text(),'Active')]//parent::div//button}]
Capabilities {acceptInsecureCerts: false, browserName: chrome, browserVersion: 115.0.5790.170, chrome: {chromedriverVersion: 115.0.5790.170 (cc0d30c2ca5..., userDataDir: C:\Users\SQELAB~1\AppData\L...}, goog:chromeOptions: {debuggerAddress: localhost:51036}, networkConnectionEnabled: false, pageLoadStrategy: normal, platformName: windows, proxy: Proxy(), se:cdp: ws://localhost:51036/devtoo..., se:cdpVersion: 115.0.5790.170, setWindowRect: true, strictFileInteractability: false, timeouts: {implicit: 0, pageLoad: 300000, script: 30000}, unhandledPromptBehavior: dismiss and notify, webauthn:extension:credBlob: true, webauthn:extension:largeBlob: true, webauthn:extension:minPinLength: true, webauthn:extension:prf: true, webauthn:virtualAuthenticators: true}
Session ID: ce5a891fc7051da9189a266828f63841
	at java.base/jdk.internal.reflect.DirectConstructorHandleAccessor.newInstance(DirectConstructorHandleAccessor.java:67)
	at java.base/java.lang.reflect.Constructor.newInstanceWithCaller(Constructor.java:499)
	at java.base/java.lang.reflect.Constructor.newInstance(Constructor.java:483)
	at org.openqa.selenium.remote.codec.w3c.W3CHttpResponseCodec.createException(W3CHttpResponseCodec.java:200)
	at org.openqa.selenium.remote.codec.w3c.W3CHttpResponseCodec.decode(W3CHttpResponseCodec.java:133)
	at org.openqa.selenium.remote.codec.w3c.W3CHttpResponseCodec.decode(W3CHttpResponseCodec.java:52)
	at org.openqa.selenium.remote.HttpCommandExecutor.execute(HttpCommandExecutor.java:191)
	at org.openqa.selenium.remote.service.DriverCommandExecutor.invokeExecute(DriverCommandExecutor.java:196)
	at org.openqa.selenium.remote.service.DriverCommandExecutor.execute(DriverCommandExecutor.java:171)
	at org.openqa.selenium.remote.RemoteWebDriver.execute(RemoteWebDriver.java:518)
	at org.openqa.selenium.remote.ElementLocation$ElementFinder$2.findElement(ElementLocation.java:165)
	at org.openqa.selenium.remote.ElementLocation.findElement(ElementLocation.java:59)
	at org.openqa.selenium.remote.RemoteWebDriver.findElement(RemoteWebDriver.java:355)
	at org.openqa.selenium.remote.RemoteWebDriver.findElement(RemoteWebDriver.java:349)
	at CommonMethods.Helper.scrollIntoView(Helper.java:467)
	at POM.TemplateManagementUtility.TemplateMangement_CloseandOpenCreateTemplatePOpup(TemplateManagementUtility.java:136)
	at TestCases.TemplateManagement.TemplateMangement_CloseandOpenCreateTemplatePOpup(TemplateManagement.java:45)
	at java.base/jdk.internal.reflect.DirectMethodHandleAccessor.invoke(DirectMethodHandleAccessor.java:104)
	at java.base/java.lang.reflect.Method.invoke(Method.java:577)
	at org.testng.internal.invokers.MethodInvocationHelper.invokeMethod(MethodInvocationHelper.java:135)
	at org.testng.internal.invokers.TestInvoker.invokeMethod(TestInvoker.java:673)
	at org.testng.internal.invokers.TestInvoker.invokeTestMethod(TestInvoker.java:220)
	at org.testng.internal.invokers.MethodRunner.runInSequence(MethodRunner.java:50)
	at org.testng.internal.invokers.TestInvoker$MethodInvocationAgent.invoke(TestInvoker.java:945)
	at org.testng.internal.invokers.TestInvoker.invokeTestMethods(TestInvoker.java:193)
	at org.testng.internal.invokers.TestMethodWorker.invokeTestMethods(TestMethodWorker.java:146)
	at org.testng.internal.invokers.TestMethodWorker.run(TestMethodWorker.java:128)
	at java.base/java.util.concurrent.ThreadPoolExecutor.runWorker(ThreadPoolExecutor.java:1136)
	at java.base/java.util.concurrent.ThreadPoolExecutor$Worker.run(ThreadPoolExecutor.java:635)
	at java.base/java.lang.Thread.run(Thread.java:833)
org.openqa.selenium.TimeoutException: Expected condition failed: waiting for visibility of element located by By.xpath: //div[@class='success-custom-message'] (tried for 60 second(s) with 1000 milliseconds interval)
Build info: version: '4.11.0', revision: '040bc5406b'
System info: os.name: 'Windows 11', os.arch: 'amd64', os.version: '10.0', java.version: '18.0.2.1'
Driver info: driver.version: unknown
	at org.openqa.selenium.support.ui.FluentWait.timeoutException(FluentWait.java:262)
	at org.openqa.selenium.support.ui.FluentWait.until(FluentWait.java:230)
	at CommonMethods.Helper.waitUntilElementIsVisible(Helper.java:148)
	at CommonMethods.Helper.waitForPresenceandVisiblity(Helper.java:658)
	at POM.SupervisorUtility.VerifyThatUserIsAbleToCreateARoleWithNoSupervisorPermission(SupervisorUtility.java:136)
	at TestCases.BasicSupervisor.VerifyThatUserIsAbleToCreateARoleWithNoSupervisorPermission(BasicSupervisor.java:48)
	at java.base/jdk.internal.reflect.DirectMethodHandleAccessor.invoke(DirectMethodHandleAccessor.java:104)
	at java.base/java.lang.reflect.Method.invoke(Method.java:577)
	at org.testng.internal.invokers.MethodInvocationHelper.invokeMethod(MethodInvocationHelper.java:135)
	at org.testng.internal.invokers.TestInvoker.invokeMethod(TestInvoker.java:673)
	at org.testng.internal.invokers.TestInvoker.invokeTestMethod(TestInvoker.java:220)
	at org.testng.internal.invokers.MethodRunner.runInSequence(MethodRunner.java:50)
	at org.testng.internal.invokers.TestInvoker$MethodInvocationAgent.invoke(TestInvoker.java:945)
	at org.testng.internal.invokers.TestInvoker.invokeTestMethods(TestInvoker.java:193)
	at org.testng.internal.invokers.TestMethodWorker.invokeTestMethods(TestMethodWorker.java:146)
	at org.testng.internal.invokers.TestMethodWorker.run(TestMethodWorker.java:128)
	at java.base/java.util.concurrent.ThreadPoolExecutor.runWorker(ThreadPoolExecutor.java:1136)
	at java.base/java.util.concurrent.ThreadPoolExecutor$Worker.run(ThreadPoolExecutor.java:635)
	at java.base/java.lang.Thread.run(Thread.java:833)
org.openqa.selenium.NoSuchElementException: no such element: Unable to locate element: {"method":"xpath","selector":"//div[@class='success-custom-message']"}
  (Session info: chrome=115.0.5790.170)
For documentation on this error, please visit: https://www.selenium.dev/documentation/webdriver/troubleshooting/errors#no-such-element-exception
Build info: version: '4.11.0', revision: '040bc5406b'
System info: os.name: 'Windows 11', os.arch: 'amd64', os.version: '10.0', java.version: '18.0.2.1'
Driver info: org.openqa.selenium.chrome.ChromeDriver
Command: [2dbf5389ac4ceff2ed6474b658e50e71, findElement {using=xpath, value=//div[@class='success-custom-message']}]
Capabilities {acceptInsecureCerts: false, browserName: chrome, browserVersion: 115.0.5790.170, chrome: {chromedriverVersion: 115.0.5790.170 (cc0d30c2ca5..., userDataDir: C:\Users\SQELAB~1\AppData\L...}, goog:chromeOptions: {debuggerAddress: localhost:51302}, networkConnectionEnabled: false, pageLoadStrategy: normal, platformName: windows, proxy: Proxy(), se:cdp: ws://localhost:51302/devtoo..., se:cdpVersion: 115.0.5790.170, setWindowRect: true, strictFileInteractability: false, timeouts: {implicit: 0, pageLoad: 300000, script: 30000}, unhandledPromptBehavior: dismiss and notify, webauthn:extension:credBlob: true, webauthn:extension:largeBlob: true, webauthn:extension:minPinLength: true, webauthn:extension:prf: true, webauthn:virtualAuthenticators: true}
Session ID: 2dbf5389ac4ceff2ed6474b658e50e71
	at java.base/jdk.internal.reflect.DirectConstructorHandleAccessor.newInstance(DirectConstructorHandleAccessor.java:67)
	at java.base/java.lang.reflect.Constructor.newInstanceWithCaller(Constructor.java:499)
	at java.base/java.lang.reflect.Constructor.newInstance(Constructor.java:483)
	at org.openqa.selenium.remote.codec.w3c.W3CHttpResponseCodec.createException(W3CHttpResponseCodec.java:200)
	at org.openqa.selenium.remote.codec.w3c.W3CHttpResponseCodec.decode(W3CHttpResponseCodec.java:133)
	at org.openqa.selenium.remote.codec.w3c.W3CHttpResponseCodec.decode(W3CHttpResponseCodec.java:52)
	at org.openqa.selenium.remote.HttpCommandExecutor.execute(HttpCommandExecutor.java:191)
	at org.openqa.selenium.remote.service.DriverCommandExecutor.invokeExecute(DriverCommandExecutor.java:196)
	at org.openqa.selenium.remote.service.DriverCommandExecutor.execute(DriverCommandExecutor.java:171)
	at org.openqa.selenium.remote.RemoteWebDriver.execute(RemoteWebDriver.java:518)
	at org.openqa.selenium.remote.ElementLocation$ElementFinder$2.findElement(ElementLocation.java:165)
	at org.openqa.selenium.remote.ElementLocation.findElement(ElementLocation.java:59)
	at org.openqa.selenium.remote.RemoteWebDriver.findElement(RemoteWebDriver.java:355)
	at org.openqa.selenium.remote.RemoteWebDriver.findElement(RemoteWebDriver.java:349)
	at org.openqa.selenium.support.ui.ExpectedConditions$6.apply(ExpectedConditions.java:171)
	at org.openqa.selenium.support.ui.ExpectedConditions$6.apply(ExpectedConditions.java:168)
	at org.openqa.selenium.support.ui.FluentWait.until(FluentWait.java:205)
	at CommonMethods.Helper.waitUntilElementPresent(Helper.java:103)
	at CommonMethods.Helper.waitForPresenceandVisiblity(Helper.java:659)
	at POM.SupervisorUtility.VerifyThatUserIsAbleToCreateARoleWithNoSupervisorPermission(SupervisorUtility.java:136)
	at TestCases.BasicSupervisor.VerifyThatUserIsAbleToCreateARoleWithNoSupervisorPermission(BasicSupervisor.java:48)
	at java.base/jdk.internal.reflect.DirectMethodHandleAccessor.invoke(DirectMethodHandleAccessor.java:104)
	at java.base/java.lang.reflect.Method.invoke(Method.java:577)
	at org.testng.internal.invokers.MethodInvocationHelper.invokeMethod(MethodInvocationHelper.java:135)
	at org.testng.internal.invokers.TestInvoker.invokeMethod(TestInvoker.java:673)
	at org.testng.internal.invokers.TestInvoker.invokeTestMethod(TestInvoker.java:220)
	at org.testng.internal.invokers.MethodRunner.runInSequence(MethodRunner.java:50)
	at org.testng.internal.invokers.TestInvoker$MethodInvocationAgent.invoke(TestInvoker.java:945)
	at org.testng.internal.invokers.TestInvoker.invokeTestMethods(TestInvoker.java:193)
	at org.testng.internal.invokers.TestMethodWorker.invokeTestMethods(TestMethodWorker.java:146)
	at org.testng.internal.invokers.TestMethodWorker.run(TestMethodWorker.java:128)
	at java.base/java.util.concurrent.ThreadPoolExecutor.runWorker(ThreadPoolExecutor.java:1136)
	at java.base/java.util.concurrent.ThreadPoolExecutor$Worker.run(ThreadPoolExecutor.java:635)
	at java.base/java.lang.Thread.run(Thread.java:833)
]]></system-err>
  </testcase>
  <testcase name="CreateAndLinkCase_OpenCCPToLinkTheCase" classname="TestCases.CreateAndLinkCase" time="2.699">
    <system-out><![CDATA[UpdatedFine Without NoticeBgbjA
UpdatedFine Without NoticeMqAXh
UpdatedFine Without NoticelpKDl
2024-07-25 23:50:24,683 [info]: Click By JS By.xpath: //div[@class='table__pagination-nav-btns']/button[2]
2024-07-25 23:50:25,354 [info]: Click By JS By.xpath: //label[text()='Code Enforcement Case']
2024-07-25 23:50:25,872 [info]: Clicked on By.xpath: //button[text()='Perform Inspection']
2024-07-25 23:50:27,276 [info]: GetText fromBy.xpath: //h1[text()='Create A Case']
Test Passed: CreateAndLinkCase_OpenCCPToLinkTheCase
]]></system-out>
  </testcase>
  <testcase name="CreateAndLinkCase_VerifyAutopopulatedData" classname="TestCases.CreateAndLinkCase" time="0.96">
    <system-out><![CDATA[2024-07-25 23:50:31,337 [info]: Clicked on By.xpath: //button[text()='Add Rule']
2024-07-25 23:50:31,418 [info]: GetText fromBy.xpath: //textarea[@name='issueDescription']
2024-07-25 23:50:31,481 [info]: GetText fromBy.xpath: //div[@class='attachment-tile tile']//h2/span
2024-07-25 23:50:31,542 [info]: GetText fromBy.xpath: //div[@class='contact__name-role']//b
Test Passed: CreateAndLinkCase_VerifyAutopopulatedData
]]></system-out>
  </testcase>
  <testcase name="CreateAndLinkCase_VerifyLinkedCase" classname="TestCases.CreateAndLinkCase" time="0.492">
    <system-out><![CDATA[2024-07-25 23:51:11,090 [info]: Clicked on By.xpath: //li[@id='react-autowhatever-1-section-0-item-0']
2024-07-25 23:51:11,134 [info]: Sendkeys on By.xpath: //input[@name='email'] with value rdKVRdNJ@yopmail.com
2024-07-25 23:51:11,505 [info]: GetText fromBy.xpath: //label[text()='Associated Submission']/following::a[1]
Test Passed: CreateAndLinkCase_VerifyLinkedCase
]]></system-out>
  </testcase>
  <testcase name="CreateAndLinkCase_VerifyDirectionToAssociatedSubmission" classname="TestCases.CreateAndLinkCase" time="2.655">
    <system-out><![CDATA[2024-07-25 23:51:15,741 [info]: Sendkeys on By.xpath: //input[@placeholder='Enter Text'] with value C123C456
2024-07-25 23:51:15,926 [info]: Sendkeys on By.xpath: //input[@placeholder='Enter Number'] with value 12345
2024-07-25 23:51:16,033 [info]: Scroll to the Top.
2024-07-25 23:51:16,065 [info]: Scroll Into View By.xpath: //button[text()='Create Fine']
2024-07-25 23:51:16,106 [info]: Clicked on By.xpath: //div[@class='Select-placeholder']
2024-07-25 23:51:16,239 [info]: Clicked on By.xpath: //button[text()='Create Fine']
2024-07-25 23:51:16,437 [info]: Clicked on By.xpath: //div[text()='Yes']
2024-07-25 23:51:16,462 [info]: Scroll Into View By.xpath: //button[text()='Continue to Generate Document']
2024-07-25 23:51:16,577 [info]: Clicked on By.xpath: //span/label[text()='Property Owner']
2024-07-25 23:51:16,780 [info]: Clicked on By.xpath: //button[text()='Continue to Generate Document']
2024-07-25 23:51:17,087 [info]: Scroll Into View By.xpath: //div[@class='dropdown__selector__selected']/label
2024-07-25 23:51:17,121 [info]: Clicked on By.xpath: //button[text()='Apply']
2024-07-25 23:51:17,233 [info]: Click By JS By.xpath: //div[@class='dropdown__selector__selected']/label
2024-07-25 23:51:17,900 [info]: Sendkeys on By.xpath: //input[@name='query'] with value Location Required
2024-07-25 23:51:17,936 [info]: Click By JS By.xpath: //div/button[text()='Create Case']
2024-07-25 23:51:18,089 [info]: GetText fromBy.xpath: //label[text()='Associated Case']/following::a[1]
Test Passed: CreateAndLinkCase_VerifyDirectionToAssociatedSubmission
]]></system-out>
    <system-err><![CDATA[org.openqa.selenium.TimeoutException: Expected condition failed: waiting for element to be clickable: By.xpath: //div[@class="react-autosuggest__suggestion-element"]/div (tried for 60 second(s) with 1000 milliseconds interval)
Build info: version: '4.11.0', revision: '040bc5406b'
System info: os.name: 'Windows 11', os.arch: 'amd64', os.version: '10.0', java.version: '18.0.2.1'
Driver info: driver.version: unknown
	at org.openqa.selenium.support.ui.FluentWait.timeoutException(FluentWait.java:262)
	at org.openqa.selenium.support.ui.FluentWait.until(FluentWait.java:230)
	at CommonMethods.Helper.waitForElementIsInteractable(Helper.java:199)
	at POM.CCPUtility.CCP_OpenViolationWithEntityPopup(CCPUtility.java:936)
	at TestCases.CCP.CCP_OpenViolationWithEntityPopup(CCP.java:147)
	at java.base/jdk.internal.reflect.DirectMethodHandleAccessor.invoke(DirectMethodHandleAccessor.java:104)
	at java.base/java.lang.reflect.Method.invoke(Method.java:577)
	at org.testng.internal.invokers.MethodInvocationHelper.invokeMethod(MethodInvocationHelper.java:135)
	at org.testng.internal.invokers.TestInvoker.invokeMethod(TestInvoker.java:673)
	at org.testng.internal.invokers.TestInvoker.invokeTestMethod(TestInvoker.java:220)
	at org.testng.internal.invokers.MethodRunner.runInSequence(MethodRunner.java:50)
	at org.testng.internal.invokers.TestInvoker$MethodInvocationAgent.invoke(TestInvoker.java:945)
	at org.testng.internal.invokers.TestInvoker.invokeTestMethods(TestInvoker.java:193)
	at org.testng.internal.invokers.TestMethodWorker.invokeTestMethods(TestMethodWorker.java:146)
	at org.testng.internal.invokers.TestMethodWorker.run(TestMethodWorker.java:128)
	at java.base/java.util.concurrent.ThreadPoolExecutor.runWorker(ThreadPoolExecutor.java:1136)
	at java.base/java.util.concurrent.ThreadPoolExecutor$Worker.run(ThreadPoolExecutor.java:635)
	at java.base/java.lang.Thread.run(Thread.java:833)
]]></system-err>
  </testcase>
  <testcase name="CreateAndLinkCase_VerifyDirectionToAssociatedCase" classname="TestCases.CreateAndLinkCase" time="1.426">
    <system-out><![CDATA[https://admin-stage.comcate.com/agencies
220
https://app-stage.comcate.com/agencies/220/login
2024-07-25 23:51:22,196 [info]: Scroll Into View By.xpath: //div/button[text()='Create Case']
2024-07-25 23:51:22,869 [info]: Clicked on By.xpath: //div/button[text()='Create Case']
Window size is: 1552 x 832
2024-07-25 23:51:24,243 [info]: Click By JS By.xpath: //button[text()='Create User']
2024-07-25 23:51:24,350 [info]: Clicked on By.xpath: (//label[@title='Select an FAA Document']//ancestor::div[@class='abatement-activities__documents']//div[@class='dropdown__list']//ul//li[@class='option']/span)[1]
2024-07-25 23:51:24,678 [info]: Clicked on By.xpath: //button[text()='Generate FAA Document']
2024-07-25 23:51:25,455 [info]: GetText fromBy.xpath: //h2[@class='case-details__case-number']
Test Passed: CreateAndLinkCase_VerifyDirectionToAssociatedCase
]]></system-out>
    <system-err><![CDATA[Jul 25, 2024 11:51:21 PM org.openqa.selenium.remote.http.WebSocket$Listener onError
WARNING: Connection reset
java.net.SocketException: Connection reset
	at java.base/sun.nio.ch.SocketChannelImpl.throwConnectionReset(SocketChannelImpl.java:394)
	at java.base/sun.nio.ch.SocketChannelImpl.read(SocketChannelImpl.java:426)
	at io.netty.buffer.PooledByteBuf.setBytes(PooledByteBuf.java:256)
	at io.netty.buffer.AbstractByteBuf.writeBytes(AbstractByteBuf.java:1132)
	at io.netty.channel.socket.nio.NioSocketChannel.doReadBytes(NioSocketChannel.java:357)
	at io.netty.channel.nio.AbstractNioByteChannel$NioByteUnsafe.read(AbstractNioByteChannel.java:151)
	at io.netty.channel.nio.NioEventLoop.processSelectedKey(NioEventLoop.java:788)
	at io.netty.channel.nio.NioEventLoop.processSelectedKeysOptimized(NioEventLoop.java:724)
	at io.netty.channel.nio.NioEventLoop.processSelectedKeys(NioEventLoop.java:650)
	at io.netty.channel.nio.NioEventLoop.run(NioEventLoop.java:562)
	at io.netty.util.concurrent.SingleThreadEventExecutor$4.run(SingleThreadEventExecutor.java:997)
	at io.netty.util.internal.ThreadExecutorMap$2.run(ThreadExecutorMap.java:74)
	at io.netty.util.concurrent.FastThreadLocalRunnable.run(FastThreadLocalRunnable.java:30)
	at java.base/java.lang.Thread.run(Thread.java:833)

]]></system-err>
  </testcase>
  <testcase name="LoginAgency" classname="TestCases.CSDP" time="3.378">
    <system-out><![CDATA[2024-07-25 23:51:45,588 [info]: Click By JS By.xpath: //span/label[text()='Property Owner']
2024-07-25 23:51:45,673 [info]: Click By JS By.xpath: //button[text()='Apply']
2024-07-25 23:51:46,194 [info]: Scroll Into View By.xpath: //div[@class='abatement-activities__fa-activity__actions']/button[2]
2024-07-25 23:51:46,424 [info]: Click By JS By.xpath: //div[@class='abatement-activities__fa-activity__actions']/button[2]
2024-07-25 23:51:47,098 [info]: Click By JS By.xpath: //button[text()='Perform Inspection']
Current IST time: 2024-07-25 23:51:47
2024-07-25 23:51:47,410 [info]: Timestamp 2024-07-25 23:51:47
2024-07-25 23:51:47,515 [info]: GetText fromBy.xpath: //div[@class='app-header__user-name']/label
Test Passed: LoginAgency
]]></system-out>
  </testcase>
  <testcase name="CSDP_OpenCSDPAfterSubmissionCreation" classname="TestCases.CSDP" time="2.414">
    <system-out><![CDATA[2024-07-25 23:52:52,305 [info]: Clicked on By.xpath: //div[@class='footer_actions']/button
2024-07-25 23:52:52,488 [info]: Scroll Into View By.xpath: (//div[@class='pagination-bottom']//button)[2]
2024-07-25 23:52:52,570 [info]: GetText fromBy.xpath: (//div[@class='description tile'])/div[2]/div
2024-07-25 23:52:52,581 [info]: Click By JS By.xpath: (//div[@class='pagination-bottom']//button)[2]
2024-07-25 23:52:52,587 [info]: Click By JS By.xpath: //div[@class='footer_actions']/button[2]
2024-07-25 23:52:52,613 [info]: GetText fromBy.xpath: //div[@id='cs-attachments']//h2/span
2024-07-25 23:52:52,654 [info]: GetText fromBy.xpath: //label[text()='Customer Name']/following::a[1]
2024-07-25 23:52:52,697 [info]: GetText fromBy.xpath: //h2[@class='customer-submission-details__number']
2024-07-25 23:52:52,799 [info]: Click By JS By.xpath: //button[text()='More...']
2024-07-25 23:52:52,930 [info]: Sendkeys on By.xpath: //div[@id='assignee']//input[@placeholder='Search...'][@name='query'] with value Mark Shane
2024-07-25 23:52:53,244 [info]: Clicked on By.xpath: //div[@id='assignee']//ul//li//span//b
2024-07-25 23:52:53,312 [info]: Click By JS By.xpath: //li[text()='Create & Link Case']
no of pages 16
2024-07-25 23:52:53,525 [info]: Scroll Into View By.xpath: (//button[@class='square-btn btn btn-default'])[2]
2024-07-25 23:52:53,569 [info]: Click By JS By.xpath: (//button[@class='square-btn btn btn-default'])[2]
2024-07-25 23:52:53,626 [info]: Scroll Into View By.xpath: (//button[@class='square-btn btn btn-default'])[2]
2024-07-25 23:52:53,654 [info]: Scroll Into View By.xpath: (//div[@class='pagination-bottom']//button)[2]
2024-07-25 23:52:53,661 [info]: Click By JS By.xpath: (//button[@class='square-btn btn btn-default'])[2]
2024-07-25 23:52:53,738 [info]: Scroll Into View By.xpath: (//button[@class='square-btn btn btn-default'])[2]
2024-07-25 23:52:53,806 [info]: Clicked on By.xpath: //label[@for='collaborators']/following::label[1]
2024-07-25 23:52:53,844 [info]: Clicked on By.xpath: //div[@class='flex-row--center']/button[text()='Yes']
2024-07-25 23:52:53,844 [info]: Click By JS By.xpath: (//button[@class='square-btn btn btn-default'])[2]
2024-07-25 23:52:53,911 [info]: Click By JS By.xpath: (//div[@class='pagination-bottom']//button)[2]
2024-07-25 23:52:53,920 [info]: Scroll Into View By.xpath: (//button[@class='square-btn btn btn-default'])[2]
2024-07-25 23:52:53,966 [info]: Click By JS By.xpath: (//button[@class='square-btn btn btn-default'])[2]
2024-07-25 23:52:54,006 [info]: Scroll Into View By.xpath: (//button[@class='square-btn btn btn-default'])[2]
2024-07-25 23:52:54,044 [info]: Click By JS By.xpath: (//button[@class='square-btn btn btn-default'])[2]
2024-07-25 23:52:54,099 [info]: Scroll Into View By.xpath: (//button[@class='square-btn btn btn-default'])[2]
2024-07-25 23:52:54,142 [info]: Click By JS By.xpath: (//button[@class='square-btn btn btn-default'])[2]
2024-07-25 23:52:54,153 [info]: GetText fromBy.xpath: //h2[@class='customer-submission-details__status']
Test Passed: CSDP_OpenCSDPAfterSubmissionCreation
]]></system-out>
  </testcase>
  <testcase name="CSDP_ChangeDueByDate" classname="TestCases.CSDP" time="0">
    <system-out><![CDATA[2024-07-25 23:53:09,100 [info]: Scroll Into View By JS [[ChromeDriver: chrome on windows (347b60e6bf7773e3a772c9359cf2ff4a)] -> xpath: //*[text()='Notice For Violation Specific Fine Linked To Notice']]
2024-07-25 23:53:09,129 [info]: Scroll Into View By.xpath: //h2[contains(text(),'Active')]
2024-07-25 23:53:09,202 [info]: GetText fromBy.xpath: //h2[contains(text(),'Active')]
2024-07-25 23:53:09,414 [info]: Click By JS By.cssSelector: button.square-btn.space-left.btn.btn-primary
2024-07-25 23:53:09,415 [info]: Sendkeys on By.xpath: //textarea[@name='issueDescription'] with value OrDbTornBMVEurMYj61V
Test Failed: verifyUserIsAbleToEditCreatedGroupWithBasic
2024-07-25 23:53:09,810 [info]: Sendkeys on By.xpath: //label[@class='contact-tile__searchbox-label']/following::input[1] with value Amandeep Singh
2024-07-25 23:53:10,435 [info]: Move to element and Click on [[ChromeDriver: chrome on windows (347b60e6bf7773e3a772c9359cf2ff4a)] -> xpath: //*[text()='Notice For Violation Specific Fine Linked To Notice']]
2024-07-25 23:53:11,079 [info]: Click By JS By.xpath: (//div[@class='list-label']//b)[1]
2024-07-25 23:53:11,178 [info]: Get Attribute value from By.xpath: //input[@name='phoneNumber']
2024-07-25 23:53:11,416 [info]: GetText fromBy.xpath: (//h2[contains(text(),'Active')]//ancestor::div[@class='agency-setup-tab__section']//div[@class='rt-td'])[31]
2024-07-25 23:53:11,619 [info]: Sendkeys on By.xpath: //div[@class='tags-input__chips']/input with value Lj7g,
2024-07-25 23:53:11,634 [info]: Scroll Into View By.xpath: //h2[contains(text(),'Inactive')]
2024-07-25 23:53:11,677 [info]: GetText fromBy.xpath: //h2[contains(text(),'Inactive')]
2024-07-25 23:53:11,749 [info]: Scroll Into View By.xpath: (//h2[contains(text(),'Active')]//ancestor::div[@class='agency-setup-tab__section']//div[@class='rt-td']//button)[7]
2024-07-25 23:53:11,779 [info]: Sendkeys on By.xpath: //div[@class='tags-input__chips']/input with value 2Urd,
2024-07-25 23:53:11,906 [info]: Sendkeys on By.xpath: //div[@class='location-tile__inputs-container']//input with value TEXAS CITY Museum
2024-07-25 23:53:11,908 [info]: Click By JS By.xpath: (//h2[contains(text(),'Active')]//ancestor::div[@class='agency-setup-tab__section']//div[@class='rt-td']//button)[7]
2024-07-25 23:53:12,090 [info]: Sendkeys on By.xpath: //div[@class='tags-input__chips']/input with value RL6q,
2024-07-25 23:53:12,278 [info]: Sendkeys on By.xpath: //div[@class='tags-input__chips']/input with value UF7Y,
2024-07-25 23:53:12,430 [info]: Sendkeys on By.xpath: //div[@class='tags-input__chips']/input with value uTy5,
Test Passed: CSDP_ChangeDueByDate
]]></system-out>
  </testcase>
  <testcase name="CSDP_VerifyInternalNotesContent" classname="TestCases.CSDP" time="3.036">
    <system-out><![CDATA[2024-07-25 23:53:12,786 [info]: GetText fromBy.xpath: //div[text()='Create Case']
2024-07-25 23:53:13,311 [info]: Clicked on By.xpath: //li[@id='react-autowhatever-1-section-0-item-0']
2024-07-25 23:53:13,688 [info]: Clicked on By.xpath: //div/input[@placeholder='Start typing name of violation, article number or issue description']
2024-07-25 23:53:13,865 [info]: Sendkeys on By.xpath: //div/input[@placeholder='Start typing name of violation, article number or issue description'] with value Wa
2024-07-25 23:53:14,161 [info]: GetText fromBy.xpath: //div[@class='modal-header']//h1
no of pages 16
2024-07-25 23:53:14,863 [info]: Scroll Into View By.xpath: (//button[@class='square-btn btn btn-default'])[2]
2024-07-25 23:53:14,904 [info]: Click By JS By.xpath: (//button[@class='square-btn btn btn-default'])[2]
Test Failed: verifyUserIsAbleToEditCreatedGroupWithSupervisorManager
Address CSP: -> TEXAS CITY Museum
2024-07-25 23:53:15,806 [info]: GetText fromBy.xpath: //div[@class='internal-note-tile-content__content']
Test Passed: CSDP_VerifyInternalNotesContent
]]></system-out>
  </testcase>
  <testcase name="CSDP_VerifyEscalatedIssue" classname="TestCases.CSDP" time="0.193">
    <system-out><![CDATA[2024-07-25 23:53:15,868 [info]: Sendkeys on By.xpath: //div[@class='location-tile__inputs-container']//input with value TEXAS CITY Museum
2024-07-25 23:53:16,025 [info]: Clicked on By.xpath: (//div[@class='react-toggle-thumb'])[1]
2024-07-25 23:53:17,048 [info]: Click By JS By.xpath: //button[text()='Create & Schedule Inspection']
2024-07-25 23:53:17,492 [info]: Clicked on By.xpath: //button[text()='Inactive']
2024-07-25 23:53:18,187 [info]: Sendkeys on By.xpath: //textarea[@name='reason'] with value Far far away, behind the word mountains, far from the countries Vokalia and Consonantia, there live the blind texts. Separated they live in Bookmarksgrove right at the coast of the Semantics, a large language ocean. A small river named Duden flows by their place and supplies it with the necessary regelialia. It is a paradisematic country, in which roasted parts of sentences fly into your mouth. Even the all-powerful Pointing has no control about the blind texts it is an almost unorthographic life
2024-07-25 23:53:18,354 [info]: Clicked on By.xpath: //button[text()='Save']
2024-07-25 23:53:18,445 [info]: GetText fromBy.xpath: //textarea[@name='reason']/following::span
2024-07-25 23:53:18,860 [info]: Sendkeys on By.xpath: //textarea[@name='reason'] with value aUMkX0h9j7gYmq6PFG5GulmxceM5EFmXekOKLnQCWaFSYQvKkQ
2024-07-25 23:53:19,035 [info]: Clicked on By.xpath: //button[text()='Save']
2024-07-25 23:53:19,574 [info]: Scroll Into View By.xpath: //button[text()='Save']
2024-07-25 23:53:19,600 [info]: Scroll Into View By.xpath: (//span[contains(text(),'Attachments')]//parent::h2//div//button)[2]
2024-07-25 23:53:19,749 [info]: Clicked on By.xpath: //button[text()='Save']
2024-07-25 23:53:19,769 [info]: Click By JS By.xpath: (//span[contains(text(),'Attachments')]//parent::h2//div//button)[2]
Test Failed: CCP_ValidationMsgForNoViolationData
2024-07-25 23:53:20,296 [info]: Click By JS By.xpath: //div[@class='react-autosuggest__suggestion-element']/div
Test Failed: TemplateMangement_VerifyValidationsOnCreateTemplatePOpup
2024-07-25 23:53:22,110 [info]: Clicked on By.xpath: //div/input[@placeholder='Start typing name of violation, article number or issue description']
2024-07-25 23:53:22,323 [info]: Sendkeys on By.xpath: //div/input[@placeholder='Start typing name of violation, article number or issue description'] with value An
Test Passed: CSDP_VerifyEscalatedIssue
]]></system-out>
    <system-err><![CDATA[org.openqa.selenium.TimeoutException: Expected condition failed: waiting for element to be clickable: By.xpath: //h2[contains(text(),'Active')]//parent::div//button (tried for 60 second(s) with 1000 milliseconds interval)
Build info: version: '4.11.0', revision: '040bc5406b'
System info: os.name: 'Windows 11', os.arch: 'amd64', os.version: '10.0', java.version: '18.0.2.1'
Driver info: driver.version: unknown
	at org.openqa.selenium.support.ui.FluentWait.timeoutException(FluentWait.java:262)
	at org.openqa.selenium.support.ui.FluentWait.until(FluentWait.java:230)
	at CommonMethods.Helper.waitForElementIsInteractable(Helper.java:199)
	at POM.TemplateManagementUtility.TemplateMangement_VerifyValidationsOnCreateTemplatePOpup(TemplateManagementUtility.java:164)
	at TestCases.TemplateManagement.TemplateMangement_VerifyValidationsOnCreateTemplatePOpup(TemplateManagement.java:51)
	at java.base/jdk.internal.reflect.DirectMethodHandleAccessor.invoke(DirectMethodHandleAccessor.java:104)
	at java.base/java.lang.reflect.Method.invoke(Method.java:577)
	at org.testng.internal.invokers.MethodInvocationHelper.invokeMethod(MethodInvocationHelper.java:135)
	at org.testng.internal.invokers.TestInvoker.invokeMethod(TestInvoker.java:673)
	at org.testng.internal.invokers.TestInvoker.invokeTestMethod(TestInvoker.java:220)
	at org.testng.internal.invokers.MethodRunner.runInSequence(MethodRunner.java:50)
	at org.testng.internal.invokers.TestInvoker$MethodInvocationAgent.invoke(TestInvoker.java:945)
	at org.testng.internal.invokers.TestInvoker.invokeTestMethods(TestInvoker.java:193)
	at org.testng.internal.invokers.TestMethodWorker.invokeTestMethods(TestMethodWorker.java:146)
	at org.testng.internal.invokers.TestMethodWorker.run(TestMethodWorker.java:128)
	at java.base/java.util.concurrent.ThreadPoolExecutor.runWorker(ThreadPoolExecutor.java:1136)
	at java.base/java.util.concurrent.ThreadPoolExecutor$Worker.run(ThreadPoolExecutor.java:635)
	at java.base/java.lang.Thread.run(Thread.java:833)
]]></system-err>
  </testcase>
  <testcase name="CSDP_VerifyReasonWithInternalNotes" classname="TestCases.CSDP" time="0.078">
    <system-out><![CDATA[2024-07-25 23:53:22,453 [info]: GetText fromBy.xpath: (//div[@class='internal-note-tile-content__content'])[2]
Test Passed: CSDP_VerifyReasonWithInternalNotes
]]></system-out>
  </testcase>
  <testcase name="CSDP_VerifyNoEscalationOnCancel" classname="TestCases.CSDP" time="0.713">
    <system-out><![CDATA[2024-07-25 23:53:30,038 [info]: Clicked on By.xpath: (//button[@class='edit-btn  btn btn-primary'])[2]
Test Passed: CSDP_VerifyNoEscalationOnCancel
]]></system-out>
  </testcase>
  <testcase name="CSDP_VerifyDirectionToCoDP" classname="TestCases.CSDP" time="2.76">
    <system-out><![CDATA[2024-07-25 23:53:41,770 [info]: Clicked on By.xpath: //div[@class='contact-tile tile']//input
2024-07-25 23:53:42,001 [info]: Clicked on By.xpath: (//div[@class='multi-choice-buttons']//button)[2]
2024-07-25 23:53:42,024 [info]: Clicked on By.xpath: //div[@class='contact-tile tile']//div[@class='react-autosuggest__function']
2024-07-25 23:53:42,366 [info]: Clicked on By.xpath: (//div[@class='multi-choice-buttons']//button)[3]
2024-07-25 23:53:42,784 [info]: Clicked on By.xpath: //div[@class='multi-choice-buttons']/button[1]
2024-07-25 23:53:42,869 [info]: Scroll Into View By.xpath: (//div[contains(text(),'Attachments')]//parent::h2//div//button)
2024-07-25 23:53:43,028 [info]: Click By JS By.xpath: (//div[contains(text(),'Attachments')]//parent::h2//div//button)
2024-07-25 23:53:44,217 [info]: Scroll Into View By.xpath: //h2[@class='case-details__case-status']
Test Passed: CSDP_VerifyDirectionToCoDP
]]></system-out>
  </testcase>
  <testcase name="CSDP_VerifyDirectionToCSLPFromTags" classname="TestCases.CSDP" time="2.981">
    <system-out><![CDATA[2024-07-25 23:53:48,621 [info]: Sendkeys on By.xpath: //input[@name='email'] with value YmyDJudm@yopmail.com
2024-07-25 23:53:48,856 [info]: Switched to Window 946E0B9E71B31E523F1F2F8EB643ED2D
2024-07-25 23:53:48,875 [info]: Clicked on By.xpath: //div[@class='footer_actions']/button
2024-07-25 23:53:49,047 [info]: Sendkeys on By.xpath: //input[@name='workPhone'] with value 2858369077
2024-07-25 23:53:49,218 [info]: Clicked on By.xpath: //button[text()='Create Contact']
2024-07-25 23:53:50,230 [info]: GetText fromBy.xpath: //div[@class='modal-header' and text()='Close Case']
2024-07-25 23:53:50,523 [info]: Clicked on By.xpath: //button[text()='Close Case']
2024-07-25 23:53:51,248 [info]: Scroll Into View By.xpath: //button[text()='Add Rule']
2024-07-25 23:53:51,282 [info]: GetText fromBy.xpath: (//label[@class='dropdown__selector__label'])[1]
Test Passed: CSDP_VerifyDirectionToCSLPFromTags
]]></system-out>
  </testcase>
  <testcase name="CSDP_VerifyAddedAttachments" classname="TestCases.CSDP" time="1.959">
    <system-out><![CDATA[2024-07-25 23:53:55,969 [info]: Sendkeys on By.xpath: //input[@placeholder='Enter Text'] with value C123C456
2024-07-25 23:53:56,011 [info]: Sendkeys on By.xpath: //input[@name='name'] with value nVPfbLFy
2024-07-25 23:53:56,262 [info]: Sendkeys on By.xpath: //input[@name='email'] with value nVPfbLFy@yopmail.com
https://admin-stage.comcate.com/agencies
220
https://app-stage.comcate.com/agencies/220/login
2024-07-25 23:53:56,315 [info]: Sendkeys on By.xpath: //input[@placeholder='Enter Number'] with value 12345
2024-07-25 23:53:56,507 [info]: Sendkeys on By.xpath: //input[@name='workPhone'] with value 1312092312
2024-07-25 23:53:56,699 [info]: Click By JS By.xpath: //button[text()='No']
2024-07-25 23:53:56,785 [info]: Clicked on By.xpath: //button[text()='Create Contact']
2024-07-25 23:53:56,878 [info]: Click By JS By.xpath: //button[text()='Save Changes']
successsfull enter in maplayers tab
2024-07-25 23:53:57,952 [info]: Switched to Window 946E0B9E71B31E523F1F2F8EB643ED2D
enteer in try ..
Window size is: 1552 x 832
2024-07-25 23:53:58,625 [info]: Click By JS By.xpath: //div[text()='Case Created']//following::button[1]
2024-07-25 23:53:59,543 [info]: Move to element and Click on [[ChromeDriver: chrome on windows (5f4afb677906f729e84432f342669fc1)] -> xpath: //*[@name='amount']]
2024-07-25 23:53:59,994 [info]: Clicked on By.xpath: //div[@class='Select-placeholder']
2024-07-25 23:54:00,042 [info]: Scroll Into View By.xpath: //h2[contains(text(),'Active')]
2024-07-25 23:54:00,166 [info]: Clicked on By.xpath: //button[text()='Add']
Test Passed: CSDP_VerifyAddedAttachments
]]></system-out>
  </testcase>
  <testcase name="CSDP_VerifyAddedInternalNote" classname="TestCases.CSDP" time="5.107">
    <system-out><![CDATA[2024-07-25 23:54:49,199 [info]: Scroll Into View By.xpath: //a[text()='Add Delivery option']
2024-07-25 23:54:49,275 [info]: Click By JS By.xpath: //a[text()='Add Delivery option']
2024-07-25 23:54:49,434 [info]: Clicked on By.xpath: (//label[@title='Send Options']//parent::div//parent::div//span[@class='Select-arrow'])[1]
2024-07-25 23:54:49,625 [info]: Clicked on By.xpath: //div[@class='Select-menu-outer']//div[@aria-label='Send To']
2024-07-25 23:54:49,684 [info]: Scroll Into View By.xpath: //label[@title='Recipient']//parent::div//parent::div//span[@class='Select-arrow']
2024-07-25 23:54:49,742 [info]: GetText fromBy.xpath: (//div[@class='description tile'])/div[2]/div
2024-07-25 23:54:49,778 [info]: Clicked on By.xpath: //label[@title='Recipient']//parent::div//parent::div//span[@class='Select-arrow']
2024-07-25 23:54:49,794 [info]: GetText fromBy.xpath: //div[@id='cs-attachments']//h2/span
2024-07-25 23:54:49,831 [info]: Scroll Into View By.cssSelector: div.Select-menu-outer div[aria-label='Designated Supervisor']
2024-07-25 23:54:49,836 [info]: GetText fromBy.xpath: //label[text()='Customer Name']/following::a[1]
2024-07-25 23:54:49,881 [info]: GetText fromBy.xpath: //h2[@class='customer-submission-details__number']
2024-07-25 23:54:49,938 [info]: Scroll Into View By.xpath: //label[@title='Recipient']//parent::div//parent::div//span[@class='Select-arrow']
2024-07-25 23:54:49,982 [info]: Click By JS By.xpath: //button[text()='More...']
2024-07-25 23:54:50,069 [info]: Clicked on By.xpath: //label[@title='Recipient']//parent::div//parent::div//span[@class='Select-arrow']
2024-07-25 23:54:50,142 [info]: Scroll Into View By.xpath: //label[@title='Recipient']//parent::div//parent::div//span[@class='Select-arrow']
2024-07-25 23:54:50,247 [info]: Clicked on By.xpath: //label[@title='Recipient']//parent::div//parent::div//span[@class='Select-arrow']
2024-07-25 23:54:50,302 [info]: Scroll Into View By.cssSelector: div.Select-menu-outer div[aria-label='Case Assignee']
2024-07-25 23:54:50,383 [info]: Click By JS By.xpath: //li[text()='Create & Link Case']
2024-07-25 23:54:50,483 [info]: Clicked on By.cssSelector: div.Select-menu-outer div[aria-label='Designated Supervisor']
2024-07-25 23:54:50,685 [info]: Clicked on By.xpath: //label[@title='Use Email Template']//parent::div//parent::div//span[@class='Select-arrow']
2024-07-25 23:54:50,737 [info]: Scroll Into View By.xpath: //div[@class='Select-menu-outer']//div[@aria-label='Escalated Notice Edited']
2024-07-25 23:54:50,961 [info]: Clicked on By.xpath: //div[@class='Select-menu-outer']//div[@aria-label='Escalated Notice Edited']
2024-07-25 23:54:50,986 [info]: Scroll Into View By.xpath: (//h1[text()='Create Rule']//parent::div//following-sibling::div//button)[2]
2024-07-25 23:54:51,062 [info]: Click By JS By.xpath: (//h1[text()='Create Rule']//parent::div//following-sibling::div//button)[2]
2024-07-25 23:54:51,127 [info]: Scroll Into View By.xpath: (//h1[text()='Create Notification']//parent::div//button)[2]
2024-07-25 23:54:51,304 [info]: Clicked on By.xpath: (//h1[text()='Create Notification']//parent::div//button)[2]
2024-07-25 23:54:52,332 [info]: Clicked on By.xpath: //div/input[@placeholder='Start typing name of violation, article number or issue description']
Test Passed: CSDP_VerifyAddedInternalNote
]]></system-out>
    <system-err><![CDATA[org.openqa.selenium.InvalidSelectorException: invalid selector: Unable to locate an element with the xpath expression div.Select-menu-outer div[aria-label='Designated Supervisor'] because of the following error:
SyntaxError: Failed to execute 'evaluate' on 'Document': The string 'div.Select-menu-outer div[aria-label='Designated Supervisor']' is not a valid XPath expression.
  (Session info: chrome=115.0.5790.170)
For documentation on this error, please visit: https://www.selenium.dev/documentation/webdriver/troubleshooting/errors#invalid-selector-exception
Build info: version: '4.11.0', revision: '040bc5406b'
System info: os.name: 'Windows 11', os.arch: 'amd64', os.version: '10.0', java.version: '18.0.2.1'
Driver info: org.openqa.selenium.chrome.ChromeDriver
Command: [ea9a999b1a83a1977af0e670c88dfd03, findElement {using=xpath, value=div.Select-menu-outer div[aria-label='Designated Supervisor']}]
Capabilities {acceptInsecureCerts: false, browserName: chrome, browserVersion: 115.0.5790.170, chrome: {chromedriverVersion: 115.0.5790.170 (cc0d30c2ca5..., userDataDir: C:\Users\SQELAB~1\AppData\L...}, goog:chromeOptions: {debuggerAddress: localhost:50964}, networkConnectionEnabled: false, pageLoadStrategy: normal, platformName: windows, proxy: Proxy(), se:cdp: ws://localhost:50964/devtoo..., se:cdpVersion: 115.0.5790.170, setWindowRect: true, strictFileInteractability: false, timeouts: {implicit: 0, pageLoad: 300000, script: 30000}, unhandledPromptBehavior: dismiss and notify, webauthn:extension:credBlob: true, webauthn:extension:largeBlob: true, webauthn:extension:minPinLength: true, webauthn:extension:prf: true, webauthn:virtualAuthenticators: true}
Session ID: ea9a999b1a83a1977af0e670c88dfd03
	at java.base/jdk.internal.reflect.DirectConstructorHandleAccessor.newInstance(DirectConstructorHandleAccessor.java:67)
	at java.base/java.lang.reflect.Constructor.newInstanceWithCaller(Constructor.java:499)
	at java.base/java.lang.reflect.Constructor.newInstance(Constructor.java:483)
	at org.openqa.selenium.remote.codec.w3c.W3CHttpResponseCodec.createException(W3CHttpResponseCodec.java:200)
	at org.openqa.selenium.remote.codec.w3c.W3CHttpResponseCodec.decode(W3CHttpResponseCodec.java:133)
	at org.openqa.selenium.remote.codec.w3c.W3CHttpResponseCodec.decode(W3CHttpResponseCodec.java:52)
	at org.openqa.selenium.remote.HttpCommandExecutor.execute(HttpCommandExecutor.java:191)
	at org.openqa.selenium.remote.service.DriverCommandExecutor.invokeExecute(DriverCommandExecutor.java:196)
	at org.openqa.selenium.remote.service.DriverCommandExecutor.execute(DriverCommandExecutor.java:171)
	at org.openqa.selenium.remote.RemoteWebDriver.execute(RemoteWebDriver.java:518)
	at org.openqa.selenium.remote.ElementLocation$ElementFinder$2.findElement(ElementLocation.java:165)
	at org.openqa.selenium.remote.ElementLocation.findElement(ElementLocation.java:59)
	at org.openqa.selenium.remote.RemoteWebDriver.findElement(RemoteWebDriver.java:355)
	at org.openqa.selenium.remote.RemoteWebDriver.findElement(RemoteWebDriver.java:349)
	at org.openqa.selenium.support.ui.ExpectedConditions$7.apply(ExpectedConditions.java:194)
	at org.openqa.selenium.support.ui.ExpectedConditions$7.apply(ExpectedConditions.java:190)
	at org.openqa.selenium.support.ui.ExpectedConditions$22.apply(ExpectedConditions.java:627)
	at org.openqa.selenium.support.ui.ExpectedConditions$22.apply(ExpectedConditions.java:624)
	at org.openqa.selenium.support.ui.FluentWait.until(FluentWait.java:205)
	at CommonMethods.Helper.waitForElementIsInteractable(Helper.java:199)
	at POM.NotificationManagementUtility.SelectRecipient(NotificationManagementUtility.java:197)
	at POM.NotificationManagementUtility.AgencySetup_CreateNotificationEscalatedNoticeEdited(NotificationManagementUtility.java:1075)
	at TestCases.NotificationManagement.AgencySetup_CreateNotificationEscalatedNoticeEdited(NotificationManagement.java:108)
	at java.base/jdk.internal.reflect.DirectMethodHandleAccessor.invoke(DirectMethodHandleAccessor.java:104)
	at java.base/java.lang.reflect.Method.invoke(Method.java:577)
	at org.testng.internal.invokers.MethodInvocationHelper.invokeMethod(MethodInvocationHelper.java:135)
	at org.testng.internal.invokers.TestInvoker.invokeMethod(TestInvoker.java:673)
	at org.testng.internal.invokers.TestInvoker.invokeTestMethod(TestInvoker.java:220)
	at org.testng.internal.invokers.MethodRunner.runInSequence(MethodRunner.java:50)
	at org.testng.internal.invokers.TestInvoker$MethodInvocationAgent.invoke(TestInvoker.java:945)
	at org.testng.internal.invokers.TestInvoker.invokeTestMethods(TestInvoker.java:193)
	at org.testng.internal.invokers.TestMethodWorker.invokeTestMethods(TestMethodWorker.java:146)
	at org.testng.internal.invokers.TestMethodWorker.run(TestMethodWorker.java:128)
	at java.base/java.util.concurrent.ThreadPoolExecutor.runWorker(ThreadPoolExecutor.java:1136)
	at java.base/java.util.concurrent.ThreadPoolExecutor$Worker.run(ThreadPoolExecutor.java:635)
	at java.base/java.lang.Thread.run(Thread.java:833)
]]></system-err>
  </testcase>
  <testcase name="CSDP_VerifyUpdatedNote" classname="TestCases.CSDP" time="5.003">
    <system-out><![CDATA[2024-07-25 23:55:01,349 [info]: Scroll Into View By.xpath: //div[@class='progressive-form active']//button[text()='Continue']
2024-07-25 23:55:01,478 [info]: Click By JS By.xpath: //div[@class='progressive-form active']//button[text()='Continue']
2024-07-25 23:55:01,563 [info]: Clicked on By.xpath: //div[@class='contact-tile tile']//input
2024-07-25 23:55:01,899 [info]: Click By JS By.xpath: //div[@class='contact-tile tile']//div[@class='react-autosuggest__function']
2024-07-25 23:55:02,620 [info]: Scroll Into View By.xpath: //div[@class='progressive-form__footer']//button[text()='Generate Notice']
2024-07-25 23:55:02,795 [info]: Clicked on By.xpath: //label[@title='Attribute']/following::div[@class='Select-placeholder'][1]
2024-07-25 23:55:03,010 [info]: Clicked on By.xpath: //div[text()='Case Violation']
2024-07-25 23:55:03,158 [info]: Clicked on By.xpath: //label[@title='Attribute']/following::div[@class='Select-placeholder'][1]
2024-07-25 23:55:03,374 [info]: Clicked on By.xpath: //div[text()='Contains']
2024-07-25 23:55:03,588 [info]: Clicked on By.xpath: //label[@title='Attribute']/following::div[@class='Select-placeholder'][1]
2024-07-25 23:55:03,667 [info]: Scroll Into View By.xpath: //div[text()='Water']
2024-07-25 23:55:03,808 [info]: Sendkeys on By.xpath: //input[@name='name'] with value zCUtqbzX
2024-07-25 23:55:03,832 [info]: Clicked on By.xpath: //div[text()='Water']
2024-07-25 23:55:03,902 [info]: Scroll Into View By.xpath: //label[@for='caseAssignee']/following::label[1]
2024-07-25 23:55:04,062 [info]: Clicked on By.xpath: //label[@for='caseAssignee']/following::label[1]
2024-07-25 23:55:04,140 [info]: Sendkeys on By.xpath: //input[@name='email'] with value zCUtqbzX@yopmail.com
2024-07-25 23:55:04,423 [info]: Sendkeys on By.xpath: //input[@name='workPhone'] with value 0795927528
2024-07-25 23:55:04,465 [info]: Scroll Into View By.xpath: (//div[@class='full-page-modal__header']//button[2])[2]
2024-07-25 23:55:04,746 [info]: Clicked on By.xpath: (//div[@class='full-page-modal__header']//button[2])[2]
2024-07-25 23:55:05,474 [info]: Sendkeys on By.xpath: //div[@id='caseAssignee']//input[@placeholder='Search...'][@name='query'] with value Mark Shane
2024-07-25 23:55:05,572 [info]: Click By JS By.cssSelector: button.square-btn.space-left.btn.btn-primary
2024-07-25 23:55:05,776 [info]: Clicked on By.xpath: (//label[@for='caseAssignee']/following::ul/li//b)[1]
2024-07-25 23:55:05,866 [info]: Move to element and Click on [[ChromeDriver: chrome on windows (5f4afb677906f729e84432f342669fc1)] -> xpath: //div[@class='progressive-form__footer']//button[text()='Generate Notice']]
2024-07-25 23:55:06,105 [info]: Clicked on By.xpath: //label[@for='inspectionAssignee']/following::label[1]
2024-07-25 23:55:06,266 [info]: Scroll Into View By.xpath: //div[@class='internal-note-tile-content__content']
2024-07-25 23:55:06,318 [info]: GetText fromBy.xpath: //div[@class='internal-note-tile-content__content']
Test Passed: CSDP_VerifyUpdatedNote
]]></system-out>
  </testcase>
  <testcase name="CSDP_VerifyUserIsAbleToPrintCSD" classname="TestCases.CSDP" time="2.133">
    <system-out><![CDATA[2024-07-25 23:55:28,732 [info]: Sendkeys on By.xpath: //div[@class='location-tile__inputs-container']//input with value TEXAS CITY Museum
2024-07-25 23:55:28,772 [info]: Scroll Into View By.xpath: //div[text()='Map Settings']
2024-07-25 23:55:28,934 [info]: Click By JS By.xpath: //div[text()='Map Settings']
2024-07-25 23:55:30,024 [info]: Clicked on By.xpath: //div[@class='flex-row--center']/button[text()='Yes']
2024-07-25 23:55:30,052 [info]: Clicked on By.xpath: //li[@id='react-autowhatever-1-section-0-item-0']
Test Passed: CSDP_VerifyUserIsAbleToPrintCSD
]]></system-out>
    <system-err><![CDATA[org.openqa.selenium.TimeoutException: Expected condition failed: waiting for element to no longer be visible: By.xpath: //button[text()='Add Activity'] (tried for 60 second(s) with 1000 milliseconds interval)
Build info: version: '4.11.0', revision: '040bc5406b'
System info: os.name: 'Windows 11', os.arch: 'amd64', os.version: '10.0', java.version: '18.0.2.1'
Driver info: driver.version: unknown
	at org.openqa.selenium.support.ui.FluentWait.timeoutException(FluentWait.java:262)
	at org.openqa.selenium.support.ui.FluentWait.until(FluentWait.java:230)
	at CommonMethods.Helper.waitUntilElementInvisibleLocated(Helper.java:237)
	at POM.ForcedAbatementUtility.ForceAbatement_ContactAppearUnderResponsibleParty(ForcedAbatementUtility.java:816)
	at TestCases.ForcedAbatement.ForceAbatement_ContactAppearUnderResponsibleParty(ForcedAbatement.java:149)
	at java.base/jdk.internal.reflect.DirectMethodHandleAccessor.invoke(DirectMethodHandleAccessor.java:104)
	at java.base/java.lang.reflect.Method.invoke(Method.java:577)
	at org.testng.internal.invokers.MethodInvocationHelper.invokeMethod(MethodInvocationHelper.java:135)
	at org.testng.internal.invokers.TestInvoker.invokeMethod(TestInvoker.java:673)
	at org.testng.internal.invokers.TestInvoker.invokeTestMethod(TestInvoker.java:220)
	at org.testng.internal.invokers.MethodRunner.runInSequence(MethodRunner.java:50)
	at org.testng.internal.invokers.TestInvoker$MethodInvocationAgent.invoke(TestInvoker.java:945)
	at org.testng.internal.invokers.TestInvoker.invokeTestMethods(TestInvoker.java:193)
	at org.testng.internal.invokers.TestMethodWorker.invokeTestMethods(TestMethodWorker.java:146)
	at org.testng.internal.invokers.TestMethodWorker.run(TestMethodWorker.java:128)
	at java.base/java.util.concurrent.ThreadPoolExecutor.runWorker(ThreadPoolExecutor.java:1136)
	at java.base/java.util.concurrent.ThreadPoolExecutor$Worker.run(ThreadPoolExecutor.java:635)
	at java.base/java.lang.Thread.run(Thread.java:833)
]]></system-err>
  </testcase>
  <testcase name="CSDP_VerifyMultipleTagsAddition" classname="TestCases.CSDP" time="6.586">
    <system-out><![CDATA[2024-07-25 23:55:32,592 [info]: Click By JS By.xpath: //div[@class='case-inspection__print-notice']//button[text()='Do Not Print']
2024-07-25 23:55:32,592 [info]: Scroll Into View By.xpath: //button[text()='Generate Notice']
2024-07-25 23:55:32,852 [info]: Click By JS By.xpath: //button[text()='Issue Notice & Complete Inspection']
2024-07-25 23:55:32,934 [info]: Click By JS By.xpath: //button[text()='Generate Notice']
2024-07-25 23:55:32,977 [info]: Scroll Into View By.xpath: //*[@class='footer_actions']//button[text()='Continue']
2024-07-25 23:55:33,223 [info]: GetText fromBy.xpath: //div[text()='Manage Tags']
2024-07-25 23:55:33,405 [info]: Sendkeys on By.xpath: //input[@name='tags-input'] with value RrTS,
2024-07-25 23:55:33,540 [info]: Sendkeys on By.xpath: //input[@name='tags-input'] with value ruHQ,
2024-07-25 23:55:33,680 [info]: Sendkeys on By.xpath: //input[@name='tags-input'] with value dBWl,
2024-07-25 23:55:33,728 [info]: Click By JS By.xpath: //input[@name='tags-input']/following::button[2]
2024-07-25 23:55:34,303 [info]: Click By JS By.xpath: //*[@class='footer_actions']//button[text()='Continue']
2024-07-25 23:55:34,901 [info]: Clicked on By.xpath: //button[text()='Perform Inspection']
2024-07-25 23:55:35,060 [info]: Scroll Into View By.xpath: //button[text()='Create & Perform Inspection']
2024-07-25 23:55:35,085 [info]: Click By JS By.xpath: //div[@class='flex-row--center']/button[text()='Yes']
2024-07-25 23:55:35,214 [info]: GetText fromBy.xpath: //div[text()='Map Settings']
2024-07-25 23:55:35,276 [info]: GetText fromBy.xpath: //div[@class='agency-setup-tab map-settings']//h4
2024-07-25 23:55:35,395 [info]: Clicked on By.xpath: //button[text()='Create & Perform Inspection']
2024-07-25 23:55:37,635 [info]: Click By JS By.xpath: //div/input[@placeholder='Start typing name of violation, article number or issue description']
Test Passed: CSDP_VerifyMultipleTagsAddition
]]></system-out>
  </testcase>
  <testcase name="CSDP_VerifyAdditionOfTasks" classname="TestCases.CSDP" time="3.932">
    <system-out><![CDATA[2024-07-25 23:56:46,885 [info]: Clicked on By.xpath: //button[text()='Login']
2024-07-25 23:56:47,542 [info]: Clicked on By.xpath: //label[@for='assigneeId']/following::ul/li[1]
2024-07-25 23:56:47,820 [info]: Clicked on By.xpath: //button[text()='Add Task']
AgencyID : 220
2024-07-25 23:56:48,123 [info]: Scroll Into View By.xpath: //span[@class='agencies-listing__search']/input
2024-07-25 23:56:48,331 [info]: Sendkeys on By.xpath: //span[@class='agencies-listing__search']/input with value 220
2024-07-25 23:56:48,811 [info]: Click By JS By.xpath: //button[text()='Add Rule']
2024-07-25 23:56:50,078 [info]: Click By JS By.xpath: //div[@class='agencies-listing__agency-actions']/button[3]
2024-07-25 23:56:50,796 [info]: GetText fromBy.xpath: //div[@class='tasks-table']//div[@class='rt-td'][2]/div
Test Passed: CSDP_VerifyAdditionOfTasks
]]></system-out>
    <system-err><![CDATA[org.openqa.selenium.TimeoutException: Expected condition failed: waiting for element to be clickable: By.xpath: //button[text()='Perform Inspection'] (tried for 60 second(s) with 1000 milliseconds interval)
Build info: version: '4.11.0', revision: '040bc5406b'
System info: os.name: 'Windows 11', os.arch: 'amd64', os.version: '10.0', java.version: '18.0.2.1'
Driver info: driver.version: unknown
	at org.openqa.selenium.support.ui.FluentWait.timeoutException(FluentWait.java:262)
	at org.openqa.selenium.support.ui.FluentWait.until(FluentWait.java:230)
	at CommonMethods.Helper.waitForElementIsInteractable(Helper.java:199)
	at POM.PerformInspectionUtility.PerformInspection_OpenVerificationInspectionInProgressPage(PerformInspectionUtility.java:456)
	at TestCases.PerformInspection.PerformInspection_OpenVerificationInspectionInProgressPage(PerformInspection.java:57)
	at java.base/jdk.internal.reflect.DirectMethodHandleAccessor.invoke(DirectMethodHandleAccessor.java:104)
	at java.base/java.lang.reflect.Method.invoke(Method.java:577)
	at org.testng.internal.invokers.MethodInvocationHelper.invokeMethod(MethodInvocationHelper.java:135)
	at org.testng.internal.invokers.TestInvoker.invokeMethod(TestInvoker.java:673)
	at org.testng.internal.invokers.TestInvoker.invokeTestMethod(TestInvoker.java:220)
	at org.testng.internal.invokers.MethodRunner.runInSequence(MethodRunner.java:50)
	at org.testng.internal.invokers.TestInvoker$MethodInvocationAgent.invoke(TestInvoker.java:945)
	at org.testng.internal.invokers.TestInvoker.invokeTestMethods(TestInvoker.java:193)
	at org.testng.internal.invokers.TestMethodWorker.invokeTestMethods(TestMethodWorker.java:146)
	at org.testng.internal.invokers.TestMethodWorker.run(TestMethodWorker.java:128)
	at java.base/java.util.concurrent.ThreadPoolExecutor.runWorker(ThreadPoolExecutor.java:1136)
	at java.base/java.util.concurrent.ThreadPoolExecutor$Worker.run(ThreadPoolExecutor.java:635)
	at java.base/java.lang.Thread.run(Thread.java:833)
]]></system-err>
  </testcase>
  <testcase name="CSDP_VerifyUpdationAndDeletionOfTasks" classname="TestCases.CSDP" time="3.059">
    <failure message="The following asserts failed:&#10;	expected [true] but found [false]" type="java.lang.AssertionError"><![CDATA[java.lang.AssertionError: 
The following asserts failed:
	expected [true] but found [false]
	at org.testng.asserts.SoftAssert.assertAll(SoftAssert.java:46)
	at org.testng.asserts.SoftAssert.assertAll(SoftAssert.java:30)
	at POM.CSDPUtility.CSDP_VerifyUpdationAndDeletionOfTasks(CSDPUtility.java:566)
	at TestCases.CSDP.CSDP_VerifyUpdationAndDeletionOfTasks(CSDP.java:129)
	at java.base/jdk.internal.reflect.DirectMethodHandleAccessor.invoke(DirectMethodHandleAccessor.java:104)
	at java.base/java.lang.reflect.Method.invoke(Method.java:577)
	at org.testng.internal.invokers.MethodInvocationHelper.invokeMethod(MethodInvocationHelper.java:135)
	at org.testng.internal.invokers.TestInvoker.invokeMethod(TestInvoker.java:673)
	at org.testng.internal.invokers.TestInvoker.invokeTestMethod(TestInvoker.java:220)
	at org.testng.internal.invokers.MethodRunner.runInSequence(MethodRunner.java:50)
	at org.testng.internal.invokers.TestInvoker$MethodInvocationAgent.invoke(TestInvoker.java:945)
	at org.testng.internal.invokers.TestInvoker.invokeTestMethods(TestInvoker.java:193)
	at org.testng.internal.invokers.TestMethodWorker.invokeTestMethods(TestMethodWorker.java:146)
	at org.testng.internal.invokers.TestMethodWorker.run(TestMethodWorker.java:128)
	at java.base/java.util.concurrent.ThreadPoolExecutor.runWorker(ThreadPoolExecutor.java:1136)
	at java.base/java.util.concurrent.ThreadPoolExecutor$Worker.run(ThreadPoolExecutor.java:635)
	at java.base/java.lang.Thread.run(Thread.java:833)
]]></failure>
    <system-out><![CDATA[2024-07-25 23:57:05,907 [info]: Click By JS By.xpath: //label[text()='Agency Setup']//preceding-sibling::a
2024-07-25 23:57:06,086 [info]: Scroll Into View By JS [[ChromeDriver: chrome on windows (5f4afb677906f729e84432f342669fc1)] -> xpath: //*[@class='abatement-activities__documents']//ul[@class='dropdown__options--single']/li/span]
2024-07-25 23:57:06,699 [info]: Scroll Into View By.xpath: //label[text()='Audit Trail']
2024-07-25 23:57:06,816 [info]: Scroll Into View By.xpath: //label[text()='Location Management']
2024-07-25 23:57:06,920 [info]: Click By JS By.xpath: //label[text()='Location Management']
2024-07-25 23:57:06,982 [info]: Scroll Into View By.xpath: //label[text()='Location and Maps']
]]></system-out>
  </testcase>
  <testcase name="CSDP_VerifyClosedSubmission" classname="TestCases.CSDP" time="3.635">
    <system-out><![CDATA[2024-07-25 23:57:16,623 [info]: Click By JS By.xpath: //div[text()='Submission Number']
2024-07-25 23:57:17,211 [info]: GetText fromBy.xpath: (//div[@class='agency-setup-tab__section__header']/h2)[1]
2024-07-25 23:57:17,267 [info]: GetText fromBy.xpath: (//div[@class='agency-setup-tab__section__header']/h2)[1]
2024-07-25 23:57:17,401 [info]: Click By JS By.xpath: //button[text()='Create Custom Field']
2024-07-25 23:57:18,639 [info]: GetText fromBy.xpath: //div[@class='modal-header']
2024-07-25 23:57:18,853 [info]: GetText fromBy.xpath: //h2[@class='customer-submission-details__status']
Test Passed: CSDP_VerifyClosedSubmission
]]></system-out>
  </testcase>
  <testcase name="CSDP_VerifyReopenedSubmission" classname="TestCases.CSDP" time="5.415">
    <system-out><![CDATA[2024-07-25 23:57:22,172 [info]: GetText fromBy.xpath: (//div[@class='agency-setup-tab__section__header']/h2)[1]
2024-07-25 23:57:22,404 [info]: GetText fromBy.xpath: (//div[@class='agency-setup-tab__section__header']/h2)[1]
2024-07-25 23:57:22,876 [info]: Scroll Into View By.cssSelector: #header div.app-header__new
2024-07-25 23:57:22,881 [info]: Clicked on By.xpath: //button[text()='Yes, Reopen']
2024-07-25 23:57:22,926 [info]: Click By JS By.xpath: //button[text()='Create Custom Field']
2024-07-25 23:57:23,086 [info]: Click By JS By.cssSelector: #header div.app-header__new
2024-07-25 23:57:23,163 [info]: Click By JS By.xpath: //div[text()='Submission Number']
2024-07-25 23:57:23,358 [info]: Scroll Into View By.xpath: //a[text()='Delete']
2024-07-25 23:57:23,549 [info]: GetText fromBy.xpath: //div[@class='cs-listing__section__header']//following-sibling::span
2024-07-25 23:57:24,080 [info]: GetText fromBy.xpath: //div[@class='modal-header']
2024-07-25 23:57:24,345 [info]: Sendkeys on By.id: idp-discovery-username with value MarkShane123@yopmail.com
2024-07-25 23:57:24,484 [info]: Sendkeys on By.xpath: //input[@name='label'] with value Zone
2024-07-25 23:57:24,543 [info]: Click By JS By.xpath: //label[text()='Code Enforcement Case']
2024-07-25 23:57:24,570 [info]: Click By JS By.xpath: //a[text()='Delete']
2024-07-25 23:57:24,901 [info]: Clicked on By.id: idp-discovery-submit
2024-07-25 23:57:25,536 [info]: GetText fromBy.xpath: //div[@class='modal-header' and text()='Delete Submission']
2024-07-25 23:57:25,718 [info]: Clicked on By.xpath: //div[@class='Select-placeholder']
2024-07-25 23:57:25,718 [info]: GetText fromBy.xpath: //h2[@class='customer-submission-details__status']
Test Passed: CSDP_VerifyReopenedSubmission
]]></system-out>
    <system-err><![CDATA[org.openqa.selenium.NoSuchElementException: no such element: Unable to locate element: {"method":"css selector","selector":"div.table-container__table table_disabled"}
  (Session info: chrome=115.0.5790.170)
For documentation on this error, please visit: https://www.selenium.dev/documentation/webdriver/troubleshooting/errors#no-such-element-exception
Build info: version: '4.11.0', revision: '040bc5406b'
System info: os.name: 'Windows 11', os.arch: 'amd64', os.version: '10.0', java.version: '18.0.2.1'
Driver info: org.openqa.selenium.chrome.ChromeDriver
Command: [08e4f5f21e38b953fdd6775e0181c3ed, findElement {using=css selector, value=div.table-container__table table_disabled}]
Capabilities {acceptInsecureCerts: false, browserName: chrome, browserVersion: 115.0.5790.170, chrome: {chromedriverVersion: 115.0.5790.170 (cc0d30c2ca5..., userDataDir: C:\Users\SQELAB~1\AppData\L...}, goog:chromeOptions: {debuggerAddress: localhost:56461}, networkConnectionEnabled: false, pageLoadStrategy: normal, platformName: windows, proxy: Proxy(), se:cdp: ws://localhost:56461/devtoo..., se:cdpVersion: 115.0.5790.170, setWindowRect: true, strictFileInteractability: false, timeouts: {implicit: 0, pageLoad: 300000, script: 30000}, unhandledPromptBehavior: dismiss and notify, webauthn:extension:credBlob: true, webauthn:extension:largeBlob: true, webauthn:extension:minPinLength: true, webauthn:extension:prf: true, webauthn:virtualAuthenticators: true}
Session ID: 08e4f5f21e38b953fdd6775e0181c3ed
	at java.base/jdk.internal.reflect.DirectConstructorHandleAccessor.newInstance(DirectConstructorHandleAccessor.java:67)
	at java.base/java.lang.reflect.Constructor.newInstanceWithCaller(Constructor.java:499)
	at java.base/java.lang.reflect.Constructor.newInstance(Constructor.java:483)
	at org.openqa.selenium.remote.codec.w3c.W3CHttpResponseCodec.createException(W3CHttpResponseCodec.java:200)
	at org.openqa.selenium.remote.codec.w3c.W3CHttpResponseCodec.decode(W3CHttpResponseCodec.java:133)
	at org.openqa.selenium.remote.codec.w3c.W3CHttpResponseCodec.decode(W3CHttpResponseCodec.java:52)
	at org.openqa.selenium.remote.HttpCommandExecutor.execute(HttpCommandExecutor.java:191)
	at org.openqa.selenium.remote.service.DriverCommandExecutor.invokeExecute(DriverCommandExecutor.java:196)
	at org.openqa.selenium.remote.service.DriverCommandExecutor.execute(DriverCommandExecutor.java:171)
	at org.openqa.selenium.remote.RemoteWebDriver.execute(RemoteWebDriver.java:518)
	at org.openqa.selenium.remote.ElementLocation$ElementFinder$2.findElement(ElementLocation.java:165)
	at org.openqa.selenium.remote.ElementLocation.findElement(ElementLocation.java:59)
	at org.openqa.selenium.remote.RemoteWebDriver.findElement(RemoteWebDriver.java:355)
	at org.openqa.selenium.remote.RemoteWebDriver.findElement(RemoteWebDriver.java:349)
	at CommonMethods.Helper.waitUntilElementIsInvisible(Helper.java:223)
	at POM.CSLPUtility.CSLP_VerifyDeletedSubmission(CSLPUtility.java:320)
	at TestCases.CSLP.CSLP_VerifyDeletedSubmission(CSLP.java:76)
	at java.base/jdk.internal.reflect.DirectMethodHandleAccessor.invoke(DirectMethodHandleAccessor.java:104)
	at java.base/java.lang.reflect.Method.invoke(Method.java:577)
	at org.testng.internal.invokers.MethodInvocationHelper.invokeMethod(MethodInvocationHelper.java:135)
	at org.testng.internal.invokers.TestInvoker.invokeMethod(TestInvoker.java:673)
	at org.testng.internal.invokers.TestInvoker.invokeTestMethod(TestInvoker.java:220)
	at org.testng.internal.invokers.MethodRunner.runInSequence(MethodRunner.java:50)
	at org.testng.internal.invokers.TestInvoker$MethodInvocationAgent.invoke(TestInvoker.java:945)
	at org.testng.internal.invokers.TestInvoker.invokeTestMethods(TestInvoker.java:193)
	at org.testng.internal.invokers.TestMethodWorker.invokeTestMethods(TestMethodWorker.java:146)
	at org.testng.internal.invokers.TestMethodWorker.run(TestMethodWorker.java:128)
	at java.base/java.util.concurrent.ThreadPoolExecutor.runWorker(ThreadPoolExecutor.java:1136)
	at java.base/java.util.concurrent.ThreadPoolExecutor$Worker.run(ThreadPoolExecutor.java:635)
	at java.base/java.lang.Thread.run(Thread.java:833)
]]></system-err>
  </testcase>
  <testcase name="CSDP_VerifySubmissionAssignee" classname="TestCases.CSDP" time="8.56">
    <system-out><![CDATA[2024-07-26 00:00:01,085 [info]: Scroll Into View By.xpath: //button[text()='Create User']
2024-07-26 00:00:03,183 [info]: Click By JS By.xpath: //button[text()='Create User']
2024-07-26 00:00:04,496 [info]: Sendkeys on By.xpath: //input[@name='firstName'] with value Amandeep
2024-07-26 00:00:04,697 [info]: Sendkeys on By.xpath: //input[@name='lastName'] with value Singh
2024-07-26 00:00:05,068 [info]: Sendkeys on By.xpath: //input[@name='email'] with value AmandeepSingh4641MPyxYb@yopmail.com
2024-07-26 00:00:05,250 [info]: Clicked on By.xpath: //label[text()='Role']/following::span[1]
2024-07-26 00:00:05,446 [info]: Clicked on By.xpath: //*[text()='Agency Admin CRM and CEM']
2024-07-26 00:00:05,998 [info]: Move to element and Click on [[ChromeDriver: chrome on windows (d912ad183baba31645c5abb6ebff7616)] -> css selector: div#assignee ul li]
2024-07-26 00:00:07,257 [info]: GetText fromBy.xpath: (//div[@class='dropdown__selector__selected']//label)[4]
Test Passed: CSDP_VerifySubmissionAssignee
]]></system-out>
  </testcase>
  <testcase name="CSDP_VerifySubmissionCollaborator" classname="TestCases.CSDP" time="1.411">
    <failure message="The following asserts failed:&#10;	Updated collaborator expected [true] but found [false]" type="java.lang.AssertionError"><![CDATA[java.lang.AssertionError: 
The following asserts failed:
	Updated collaborator expected [true] but found [false]
	at org.testng.asserts.SoftAssert.assertAll(SoftAssert.java:46)
	at org.testng.asserts.SoftAssert.assertAll(SoftAssert.java:30)
	at POM.CSDPUtility.CSDP_VerifySubmissionCollaborator(CSDPUtility.java:726)
	at TestCases.CSDP.CSDP_VerifySubmissionCollaborator(CSDP.java:153)
	at java.base/jdk.internal.reflect.DirectMethodHandleAccessor.invoke(DirectMethodHandleAccessor.java:104)
	at java.base/java.lang.reflect.Method.invoke(Method.java:577)
	at org.testng.internal.invokers.MethodInvocationHelper.invokeMethod(MethodInvocationHelper.java:135)
	at org.testng.internal.invokers.TestInvoker.invokeMethod(TestInvoker.java:673)
	at org.testng.internal.invokers.TestInvoker.invokeTestMethod(TestInvoker.java:220)
	at org.testng.internal.invokers.MethodRunner.runInSequence(MethodRunner.java:50)
	at org.testng.internal.invokers.TestInvoker$MethodInvocationAgent.invoke(TestInvoker.java:945)
	at org.testng.internal.invokers.TestInvoker.invokeTestMethods(TestInvoker.java:193)
	at org.testng.internal.invokers.TestMethodWorker.invokeTestMethods(TestMethodWorker.java:146)
	at org.testng.internal.invokers.TestMethodWorker.run(TestMethodWorker.java:128)
	at java.base/java.util.concurrent.ThreadPoolExecutor.runWorker(ThreadPoolExecutor.java:1136)
	at java.base/java.util.concurrent.ThreadPoolExecutor$Worker.run(ThreadPoolExecutor.java:635)
	at java.base/java.lang.Thread.run(Thread.java:833)
]]></failure>
  </testcase>
  <testcase name="CSDP_VerifyEmailTileWhenNoEmail" classname="TestCases.CSDP" time="0.028">
    <system-out><![CDATA[https://admin-stage.comcate.com/agencies
220
https://app-stage.comcate.com/agencies/220/login
Test Passed: CSDP_VerifyEmailTileWhenNoEmail
]]></system-out>
  </testcase>
  <testcase name="CSDP_VerifyEmailTileExpandClickMore" classname="TestCases.CSDP" time="1.296">
    <system-out><![CDATA[2024-07-26 00:02:35,891 [info]: Sendkeys on By.xpath: //div[@class='location-tile__inputs-container']//input with value TEXAS CITY Museum
2024-07-26 00:02:36,022 [info]: Move to element and Click on [[ChromeDriver: chrome on windows (d912ad183baba31645c5abb6ebff7616)] -> xpath: (//div[@class='email-item__body']//a[@class='clip-text'][text()='more'])[1]]
Test Passed: CSDP_VerifyEmailTileExpandClickMore
]]></system-out>
  </testcase>
  <testcase name="CSDP_UpdateTheSubjectOfMail" classname="TestCases.CSDP" time="2.732">
    <system-out><![CDATA[2024-07-26 00:02:36,504 [info]: Get Attribute value from By.xpath: //input[@name='subject']
2024-07-26 00:02:36,658 [info]: Cleared value from By.xpath: //input[@name='subject']
2024-07-26 00:02:36,945 [info]: Sendkeys on By.xpath: //input[@name='subject'] with value Subject cuQ2
2024-07-26 00:02:36,947 [info]: Sendkeys on By.xpath: //input[@name='firstName'] with value CE User zUWoik
2024-07-26 00:02:37,269 [info]: Sendkeys on By.xpath: //input[@name='lastName'] with value meFOSO
2024-07-26 00:02:37,279 [info]: Sendkeys on By.xpath: //body[@id='tinymce']//p with value Mail Message7MIG
2024-07-26 00:02:37,500 [info]: Clicked on By.xpath: //div[@class='email-form__footer__form-actions']//button[text()='Send']
2024-07-26 00:02:37,936 [info]: Sendkeys on By.xpath: //input[@name='email'] with value zUWoikmeFOSO@yopmail.com
2024-07-26 00:02:38,131 [info]: Switched to Window FCD8A0B75A3398BBDC2F52F849E41BC1
2024-07-26 00:02:38,245 [info]: Clicked on By.xpath: //button[@class='delete-btn  btn btn-primary']
2024-07-26 00:02:38,606 [info]: Clicked on By.xpath: //label[text()='Role']/following::span[1]
2024-07-26 00:02:38,627 [info]: Clicked on By.xpath: //li[@id='react-autowhatever-1-section-0-item-0']
2024-07-26 00:02:38,928 [info]: Clicked on By.xpath: //*[text()='Agency Admin CEM']
2024-07-26 00:02:38,946 [info]: Get Attribute value from By.xpath: //input[@name='subject']
Test Passed: CSDP_UpdateTheSubjectOfMail
]]></system-out>
  </testcase>
  <testcase name="LoginAgency" classname="TestCases.SubmissionSettings" time="1.073">
    <system-out><![CDATA[Current IST time: 2024-07-25 23:51:53
2024-07-25 23:51:53,964 [info]: Timestamp 2024-07-25 23:51:53
2024-07-25 23:51:54,004 [info]: GetText fromBy.xpath: //div[@class='app-header__user-name']/label
Test Passed: LoginAgency
]]></system-out>
  </testcase>
  <testcase name="SubmissionSettings_VerifyToggleButtonsState" classname="TestCases.SubmissionSettings" time="3.563">
    <system-out><![CDATA[2024-07-25 23:51:55,197 [info]: Click By JS By.xpath: //button[text()='Create User']
2024-07-25 23:51:55,903 [info]: Scroll Into View By.xpath: //h2[contains(text(),'Active')]
2024-07-25 23:51:55,948 [info]: GetText fromBy.xpath: //h2[contains(text(),'Active')]
2024-07-25 23:51:56,024 [info]: Scroll Into View By.xpath: (//div[@class='pagination-bottom']//button)[2]
2024-07-25 23:51:56,106 [info]: Click By JS By.xpath: (//div[@class='pagination-bottom']//button)[2]
2024-07-25 23:51:57,178 [info]: Scroll Into View By.xpath: (//div[@class='pagination-bottom']//button)[2]
2024-07-25 23:51:57,276 [info]: Click By JS By.xpath: (//div[@class='pagination-bottom']//button)[2]
2024-07-25 23:51:57,520 [info]: Click By JS By.xpath: //button[text()='Yes']
Test Passed: SubmissionSettings_VerifyToggleButtonsState
]]></system-out>
  </testcase>
  <testcase name="SubmissionSettings_VerifyDiscardButtonFunctionality" classname="TestCases.SubmissionSettings" time="1.527">
    <system-out><![CDATA[2024-07-25 23:51:57,653 [info]: Click By JS By.xpath: //button[text()='No']
2024-07-25 23:51:57,728 [info]: Click By JS By.xpath: //button[text()='Save Changes']
2024-07-25 23:51:58,334 [info]: Scroll Into View By.xpath: (//div[@class='pagination-bottom']//button)[2]
2024-07-25 23:51:58,423 [info]: Click By JS By.xpath: (//div[@class='pagination-bottom']//button)[2]
2024-07-25 23:51:58,948 [info]: Click By JS By.xpath: //button[text()='Yes']
2024-07-25 23:51:59,023 [info]: Click By JS By.xpath: //button[text()='Discard Changes']
Test Passed: SubmissionSettings_VerifyDiscardButtonFunctionality
]]></system-out>
  </testcase>
  <testcase name="SubmissionSettings_VerifyChangesGetSaved" classname="TestCases.SubmissionSettings" time="0.832">
    <system-out><![CDATA[2024-07-25 23:51:59,198 [info]: Click By JS By.xpath: //button[text()='Yes']
2024-07-25 23:51:59,261 [info]: Click By JS By.xpath: //button[text()='Save Changes']
2024-07-25 23:51:59,494 [info]: Scroll Into View By.xpath: (//div[@class='pagination-bottom']//button)[2]
2024-07-25 23:51:59,585 [info]: Click By JS By.xpath: (//div[@class='pagination-bottom']//button)[2]
Test Passed: SubmissionSettings_VerifyChangesGetSaved
]]></system-out>
  </testcase>
  <testcase name="SubmissionSettings_VerifyAutomaticClosingOfLinkedSubmission" classname="TestCases.SubmissionSettings" time="2.515">
    <system-out><![CDATA[2024-07-25 23:53:46,296 [info]: Clicked on By.xpath: //div[@class='contact-tile tile']//input
2024-07-25 23:53:46,486 [info]: Clicked on By.xpath: //div[@class='contact-tile tile']//div[@class='react-autosuggest__function']
2024-07-25 23:53:47,132 [info]: Sendkeys on By.xpath: //input[@name='description'] with value EsclatedNDescVIc
2024-07-25 23:53:47,350 [info]: Click By JS By.xpath: //span[@class='clipped-text']/a
2024-07-25 23:53:47,718 [info]: Click By JS By.xpath: (//li[@class='multi']//input[@type='checkbox'])[1]
2024-07-25 23:53:48,362 [info]: Sendkeys on By.xpath: //input[@name='name'] with value YmyDJudm
2024-07-25 23:53:48,380 [info]: Clicked on By.xpath: //div[@class='multi-choice-buttons']/button[text()='Valid']
2024-07-25 23:53:48,413 [info]: Scroll Into View By.xpath: //div[@class='footer_actions']/button
2024-07-25 23:53:48,549 [info]: GetText fromBy.xpath: //h2[@class='customer-submission-details__status']
Test Passed: SubmissionSettings_VerifyAutomaticClosingOfLinkedSubmission
]]></system-out>
    <system-err><![CDATA[org.openqa.selenium.TimeoutException: Expected condition failed: waiting for visibility of element located by By.xpath: (//li[@class='multi']//input[@type='checkbox'])[1] (tried for 60 second(s) with 1000 milliseconds interval)
Build info: version: '4.11.0', revision: '040bc5406b'
System info: os.name: 'Windows 11', os.arch: 'amd64', os.version: '10.0', java.version: '18.0.2.1'
Driver info: driver.version: unknown
	at org.openqa.selenium.support.ui.FluentWait.timeoutException(FluentWait.java:262)
	at org.openqa.selenium.support.ui.FluentWait.until(FluentWait.java:230)
	at CommonMethods.Helper.waitUntilElementIsVisible(Helper.java:148)
	at POM.SLAUtility.AgencySetup_CreateSLA_EditAddRule(SLAUtility.java:320)
	at TestCases.SLA.AgencySetup_CreateSLA_EditAddRule(SLA.java:81)
	at java.base/jdk.internal.reflect.DirectMethodHandleAccessor.invoke(DirectMethodHandleAccessor.java:104)
	at java.base/java.lang.reflect.Method.invoke(Method.java:577)
	at org.testng.internal.invokers.MethodInvocationHelper.invokeMethod(MethodInvocationHelper.java:135)
	at org.testng.internal.invokers.TestInvoker.invokeMethod(TestInvoker.java:673)
	at org.testng.internal.invokers.TestInvoker.invokeTestMethod(TestInvoker.java:220)
	at org.testng.internal.invokers.MethodRunner.runInSequence(MethodRunner.java:50)
	at org.testng.internal.invokers.TestInvoker$MethodInvocationAgent.invoke(TestInvoker.java:945)
	at org.testng.internal.invokers.TestInvoker.invokeTestMethods(TestInvoker.java:193)
	at org.testng.internal.invokers.TestMethodWorker.invokeTestMethods(TestMethodWorker.java:146)
	at org.testng.internal.invokers.TestMethodWorker.run(TestMethodWorker.java:128)
	at java.base/java.util.concurrent.ThreadPoolExecutor.runWorker(ThreadPoolExecutor.java:1136)
	at java.base/java.util.concurrent.ThreadPoolExecutor$Worker.run(ThreadPoolExecutor.java:635)
	at java.base/java.lang.Thread.run(Thread.java:833)
]]></system-err>
  </testcase>
  <testcase name="SubmissionSettings_VerifyCaseDoesntCloseForNoToggle" classname="TestCases.SubmissionSettings" time="3.969">
    <system-out><![CDATA[2024-07-25 23:55:59,084 [info]: Click By JS By.xpath: (//*[@class='progressive-form__footer']/button)[1]
2024-07-25 23:55:59,295 [info]: Move to element and Click on [[ChromeDriver: chrome on windows (8756fc42a7892db972226591766dc183)] -> xpath: //*[text()='EscalatedNotice']]
2024-07-25 23:55:59,410 [info]: Click By JS By.xpath: //div[@class='progressive-form active']//button[text()='Continue']
2024-07-25 23:56:00,551 [info]: Click By JS By.xpath: (//*[@class='progressive-form__footer']/button[text()='Continue'])[2]
2024-07-25 23:56:00,589 [info]: Scroll Into View By.xpath: //div[@class='progressive-form__footer']//button[text()='Generate Notice']
2024-07-25 23:56:00,620 [info]: Scroll Into View By.xpath: (//button[text()='Generate Notice'])[2]
2024-07-25 23:56:00,833 [info]: Click By JS By.xpath: (//button[text()='Generate Notice'])[2]
2024-07-25 23:56:01,059 [info]: Clicked on By.xpath: //h5[text()='Assign Case To']//parent::div//span[@class='dropdown__arrow']
2024-07-25 23:56:01,616 [info]: Clicked on By.xpath: //div[@class='flex-row--middle']/button[2]
2024-07-25 23:56:02,179 [info]: Sendkeys on By.xpath: //h5[text()='Assign Case To']//parent::div//input[@placeholder='Start typing name of the assignee'] with value Mark Shane
2024-07-25 23:56:02,455 [info]: Clicked on By.xpath: //div[@class='react-autosuggest__suggestion-element']//b
2024-07-25 23:56:02,739 [info]: Click By JS By.xpath: //button[text()='Yes']
2024-07-25 23:56:02,899 [info]: Click By JS By.xpath: //button[text()='Save Changes']
Test Passed: SubmissionSettings_VerifyCaseDoesntCloseForNoToggle
]]></system-out>
  </testcase>
  <testcase name="SubmissionSettings_VerifyPostAnonymouslyForYesToggle" classname="TestCases.SubmissionSettings" time="3.915">
    <system-out><![CDATA[2024-07-25 23:56:03,593 [info]: Clicked on By.xpath: //h5[text()='Assign Case To']//parent::div//span[@class='dropdown__arrow']
2024-07-25 23:56:03,797 [info]: Clicked on By.xpath: //h5[text()='Assign Inspection To']//parent::div//span[@class='dropdown__arrow']
2024-07-25 23:56:03,897 [info]: Move to element and Click on [[ChromeDriver: chrome on windows (8756fc42a7892db972226591766dc183)] -> xpath: //div[@class='progressive-form__footer']//button[text()='Generate Notice']]
2024-07-25 23:56:05,254 [info]: Click By JS By.xpath: //div[@class='case-inspection__print-notice']//button[text()='Do Not Print']
2024-07-25 23:56:05,430 [info]: Click By JS By.xpath: //*[@class='case-inspection__notice-action-buttons']//*[text()='Generate Notice']
2024-07-25 23:56:06,479 [info]: Sendkeys on By.xpath: //h5[text()='Assign Inspection To']//parent::div//input[@placeholder='Start typing name of the assignee'] with value Mark Shane
2024-07-25 23:56:06,750 [info]: Clicked on By.xpath: //div[@class='react-autosuggest__suggestion-element']//b
Test Failed: SubmissionSettings_VerifyselectionOfAnonymousToggles
2024-07-25 23:56:07,412 [info]: Clicked on By.xpath: (//button[text()='Yes'])[2]
2024-07-25 23:56:07,528 [info]: Clicked on By.xpath: //button[text()='Save Changes']
2024-07-25 23:56:07,895 [info]: Clicked on By.xpath: //h5[text()='Assign Inspection To']//parent::div//span[@class='dropdown__arrow']
2024-07-25 23:56:08,183 [info]: Clicked on By.xpath: //div[@class='modal-footer']//button[2]
2024-07-25 23:56:08,394 [info]: Clicked on By.xpath: //*[@class='app-header__new']
2024-07-25 23:56:08,668 [info]: Clicked on By.xpath: //label[text()='Customer Submission']
2024-07-25 23:56:09,235 [info]: Scroll Into View By.xpath: //div[@class='case-inspection__print-notice']//button[text()='Do Not Print']
2024-07-25 23:56:09,914 [info]: Click By JS By.xpath: (//div[@class='table__pagination-nav-btns']//button)[2]
2024-07-25 23:56:10,294 [info]: Click By JS By.xpath: //div[@class='case-inspection__print-notice']//button[text()='Do Not Print']
Test Passed: SubmissionSettings_VerifyPostAnonymouslyForYesToggle
]]></system-out>
  </testcase>
  <testcase name="LoginAgency" classname="TestCases.PerformInspection" time="1.355">
    <system-out><![CDATA[2024-07-25 23:54:22,794 [info]: Clicked on By.xpath: //div[@class='Select-menu-outer']//div[@aria-label='Send To']
2024-07-25 23:54:22,803 [info]: Sendkeys on By.xpath: //textarea[@name='issueDescription'] with value yLhZ28UdjL5iClHCd7aJ
2024-07-25 23:54:22,877 [info]: Scroll Into View By.xpath: //label[@title='Recipient']//parent::div//parent::div//span[@class='Select-arrow']
2024-07-25 23:54:22,882 [info]: Scroll Into View failed.
Test Failed: TemplateMangement_VerifyAdditionofMultipleDocTemplatePOpup
2024-07-25 23:54:23,012 [info]: Clicked on By.xpath: //label[@title='Recipient']//parent::div//parent::div//span[@class='Select-arrow']
2024-07-25 23:54:23,074 [info]: Sendkeys on By.xpath: //label[@class='contact-tile__searchbox-label']/following::input[1] with value Amandeep Singh
2024-07-25 23:54:23,084 [info]: Scroll Into View By.cssSelector: div.Select-menu-outer div[aria-label='Designated Supervisor']
2024-07-25 23:54:23,188 [info]: Scroll Into View By.xpath: //label[@title='Recipient']//parent::div//parent::div//span[@class='Select-arrow']
2024-07-25 23:54:23,291 [info]: Clicked on By.xpath: //label[@title='Recipient']//parent::div//parent::div//span[@class='Select-arrow']
2024-07-25 23:54:23,359 [info]: Scroll Into View By.xpath: //label[@title='Recipient']//parent::div//parent::div//span[@class='Select-arrow']
2024-07-25 23:54:23,474 [info]: Clicked on By.xpath: //label[@title='Recipient']//parent::div//parent::div//span[@class='Select-arrow']
2024-07-25 23:54:23,535 [info]: Scroll Into View By.cssSelector: div.Select-menu-outer div[aria-label='Case Assignee']
2024-07-25 23:54:23,712 [info]: Clicked on By.cssSelector: div.Select-menu-outer div[aria-label='Designated Supervisor']
2024-07-25 23:54:23,872 [info]: Clicked on By.xpath: //label[@title='Use Email Template']//parent::div//parent::div//span[@class='Select-arrow']
2024-07-25 23:54:23,925 [info]: Scroll Into View By.xpath: //div[@class='Select-menu-outer']//div[@aria-label='Escalated Notice Reviewed by Supervisor']
2024-07-25 23:54:24,225 [info]: Clicked on By.xpath: //div[@class='Select-menu-outer']//div[@aria-label='Escalated Notice Reviewed by Supervisor']
2024-07-25 23:54:24,248 [info]: Scroll Into View By.xpath: (//h1[text()='Create Rule']//parent::div//following-sibling::div//button)[2]
2024-07-25 23:54:24,326 [info]: Click By JS By.xpath: (//h1[text()='Create Rule']//parent::div//following-sibling::div//button)[2]
2024-07-25 23:54:24,401 [info]: Scroll Into View By.xpath: (//h1[text()='Create Notification']//parent::div//button)[2]
2024-07-25 23:54:24,643 [info]: GetText fromBy.xpath: //div[@class='app-header__user-name']/label
2024-07-25 23:54:24,920 [info]: Clicked on By.xpath: (//h1[text()='Create Notification']//parent::div//button)[2]
2024-07-25 23:54:25,172 [info]: Click By JS By.xpath: (//input[@name='billableContact'])[3]
Current IST time: 2024-07-25 23:54:25
2024-07-25 23:54:25,494 [info]: Timestamp 2024-07-25 23:54:25
2024-07-25 23:54:25,541 [info]: GetText fromBy.xpath: //div[@class='app-header__user-name']/label
Test Passed: LoginAgency
]]></system-out>
    <system-err><![CDATA[org.openqa.selenium.TimeoutException: Expected condition failed: waiting for visibility of element located by By.xpath: //label[text()='Add Related Documents'] (tried for 60 second(s) with 1000 milliseconds interval)
Build info: version: '4.11.0', revision: '040bc5406b'
System info: os.name: 'Windows 11', os.arch: 'amd64', os.version: '10.0', java.version: '18.0.2.1'
Driver info: driver.version: unknown
	at org.openqa.selenium.support.ui.FluentWait.timeoutException(FluentWait.java:262)
	at org.openqa.selenium.support.ui.FluentWait.until(FluentWait.java:230)
	at CommonMethods.Helper.waitUntilElementIsVisible(Helper.java:148)
	at CommonMethods.Helper.waitForPresenceandVisiblity(Helper.java:658)
	at CommonMethods.CRMCommonMethods.addTemplateFiles(CRMCommonMethods.java:962)
	at POM.TemplateManagementUtility.TemplateMangement_VerifyAdditionofMultipleDocTemplatePOpup(TemplateManagementUtility.java:212)
	at TestCases.TemplateManagement.TemplateMangement_VerifyAdditionofMultipleDocTemplatePOpup(TemplateManagement.java:57)
	at java.base/jdk.internal.reflect.DirectMethodHandleAccessor.invoke(DirectMethodHandleAccessor.java:104)
	at java.base/java.lang.reflect.Method.invoke(Method.java:577)
	at org.testng.internal.invokers.MethodInvocationHelper.invokeMethod(MethodInvocationHelper.java:135)
	at org.testng.internal.invokers.TestInvoker.invokeMethod(TestInvoker.java:673)
	at org.testng.internal.invokers.TestInvoker.invokeTestMethod(TestInvoker.java:220)
	at org.testng.internal.invokers.MethodRunner.runInSequence(MethodRunner.java:50)
	at org.testng.internal.invokers.TestInvoker$MethodInvocationAgent.invoke(TestInvoker.java:945)
	at org.testng.internal.invokers.TestInvoker.invokeTestMethods(TestInvoker.java:193)
	at org.testng.internal.invokers.TestMethodWorker.invokeTestMethods(TestMethodWorker.java:146)
	at org.testng.internal.invokers.TestMethodWorker.run(TestMethodWorker.java:128)
	at java.base/java.util.concurrent.ThreadPoolExecutor.runWorker(ThreadPoolExecutor.java:1136)
	at java.base/java.util.concurrent.ThreadPoolExecutor$Worker.run(ThreadPoolExecutor.java:635)
	at java.base/java.lang.Thread.run(Thread.java:833)
org.openqa.selenium.NoSuchElementException: no such element: Unable to locate element: {"method":"xpath","selector":"//label[text()='Add Related Documents']"}
  (Session info: chrome=115.0.5790.170)
For documentation on this error, please visit: https://www.selenium.dev/documentation/webdriver/troubleshooting/errors#no-such-element-exception
Build info: version: '4.11.0', revision: '040bc5406b'
System info: os.name: 'Windows 11', os.arch: 'amd64', os.version: '10.0', java.version: '18.0.2.1'
Driver info: org.openqa.selenium.chrome.ChromeDriver
Command: [ce5a891fc7051da9189a266828f63841, findElement {using=xpath, value=//label[text()='Add Related Documents']}]
Capabilities {acceptInsecureCerts: false, browserName: chrome, browserVersion: 115.0.5790.170, chrome: {chromedriverVersion: 115.0.5790.170 (cc0d30c2ca5..., userDataDir: C:\Users\SQELAB~1\AppData\L...}, goog:chromeOptions: {debuggerAddress: localhost:51036}, networkConnectionEnabled: false, pageLoadStrategy: normal, platformName: windows, proxy: Proxy(), se:cdp: ws://localhost:51036/devtoo..., se:cdpVersion: 115.0.5790.170, setWindowRect: true, strictFileInteractability: false, timeouts: {implicit: 0, pageLoad: 300000, script: 30000}, unhandledPromptBehavior: dismiss and notify, webauthn:extension:credBlob: true, webauthn:extension:largeBlob: true, webauthn:extension:minPinLength: true, webauthn:extension:prf: true, webauthn:virtualAuthenticators: true}
Session ID: ce5a891fc7051da9189a266828f63841
	at java.base/jdk.internal.reflect.DirectConstructorHandleAccessor.newInstance(DirectConstructorHandleAccessor.java:67)
	at java.base/java.lang.reflect.Constructor.newInstanceWithCaller(Constructor.java:499)
	at java.base/java.lang.reflect.Constructor.newInstance(Constructor.java:483)
	at org.openqa.selenium.remote.codec.w3c.W3CHttpResponseCodec.createException(W3CHttpResponseCodec.java:200)
	at org.openqa.selenium.remote.codec.w3c.W3CHttpResponseCodec.decode(W3CHttpResponseCodec.java:133)
	at org.openqa.selenium.remote.codec.w3c.W3CHttpResponseCodec.decode(W3CHttpResponseCodec.java:52)
	at org.openqa.selenium.remote.HttpCommandExecutor.execute(HttpCommandExecutor.java:191)
	at org.openqa.selenium.remote.service.DriverCommandExecutor.invokeExecute(DriverCommandExecutor.java:196)
	at org.openqa.selenium.remote.service.DriverCommandExecutor.execute(DriverCommandExecutor.java:171)
	at org.openqa.selenium.remote.RemoteWebDriver.execute(RemoteWebDriver.java:518)
	at org.openqa.selenium.remote.ElementLocation$ElementFinder$2.findElement(ElementLocation.java:165)
	at org.openqa.selenium.remote.ElementLocation.findElement(ElementLocation.java:59)
	at org.openqa.selenium.remote.RemoteWebDriver.findElement(RemoteWebDriver.java:355)
	at org.openqa.selenium.remote.RemoteWebDriver.findElement(RemoteWebDriver.java:349)
	at org.openqa.selenium.support.ui.ExpectedConditions$6.apply(ExpectedConditions.java:171)
	at org.openqa.selenium.support.ui.ExpectedConditions$6.apply(ExpectedConditions.java:168)
	at org.openqa.selenium.support.ui.FluentWait.until(FluentWait.java:205)
	at CommonMethods.Helper.waitUntilElementPresent(Helper.java:103)
	at CommonMethods.Helper.waitForPresenceandVisiblity(Helper.java:659)
	at CommonMethods.CRMCommonMethods.addTemplateFiles(CRMCommonMethods.java:962)
	at POM.TemplateManagementUtility.TemplateMangement_VerifyAdditionofMultipleDocTemplatePOpup(TemplateManagementUtility.java:212)
	at TestCases.TemplateManagement.TemplateMangement_VerifyAdditionofMultipleDocTemplatePOpup(TemplateManagement.java:57)
	at java.base/jdk.internal.reflect.DirectMethodHandleAccessor.invoke(DirectMethodHandleAccessor.java:104)
	at java.base/java.lang.reflect.Method.invoke(Method.java:577)
	at org.testng.internal.invokers.MethodInvocationHelper.invokeMethod(MethodInvocationHelper.java:135)
	at org.testng.internal.invokers.TestInvoker.invokeMethod(TestInvoker.java:673)
	at org.testng.internal.invokers.TestInvoker.invokeTestMethod(TestInvoker.java:220)
	at org.testng.internal.invokers.MethodRunner.runInSequence(MethodRunner.java:50)
	at org.testng.internal.invokers.TestInvoker$MethodInvocationAgent.invoke(TestInvoker.java:945)
	at org.testng.internal.invokers.TestInvoker.invokeTestMethods(TestInvoker.java:193)
	at org.testng.internal.invokers.TestMethodWorker.invokeTestMethods(TestMethodWorker.java:146)
	at org.testng.internal.invokers.TestMethodWorker.run(TestMethodWorker.java:128)
	at java.base/java.util.concurrent.ThreadPoolExecutor.runWorker(ThreadPoolExecutor.java:1136)
	at java.base/java.util.concurrent.ThreadPoolExecutor$Worker.run(ThreadPoolExecutor.java:635)
	at java.base/java.lang.Thread.run(Thread.java:833)
org.openqa.selenium.NoSuchElementException: no such element: Unable to locate element: {"method":"xpath","selector":"//label[text()='Add Related Documents']"}
  (Session info: chrome=115.0.5790.170)
For documentation on this error, please visit: https://www.selenium.dev/documentation/webdriver/troubleshooting/errors#no-such-element-exception
Build info: version: '4.11.0', revision: '040bc5406b'
System info: os.name: 'Windows 11', os.arch: 'amd64', os.version: '10.0', java.version: '18.0.2.1'
Driver info: org.openqa.selenium.chrome.ChromeDriver
Command: [ce5a891fc7051da9189a266828f63841, findElement {using=xpath, value=//label[text()='Add Related Documents']}]
Capabilities {acceptInsecureCerts: false, browserName: chrome, browserVersion: 115.0.5790.170, chrome: {chromedriverVersion: 115.0.5790.170 (cc0d30c2ca5..., userDataDir: C:\Users\SQELAB~1\AppData\L...}, goog:chromeOptions: {debuggerAddress: localhost:51036}, networkConnectionEnabled: false, pageLoadStrategy: normal, platformName: windows, proxy: Proxy(), se:cdp: ws://localhost:51036/devtoo..., se:cdpVersion: 115.0.5790.170, setWindowRect: true, strictFileInteractability: false, timeouts: {implicit: 0, pageLoad: 300000, script: 30000}, unhandledPromptBehavior: dismiss and notify, webauthn:extension:credBlob: true, webauthn:extension:largeBlob: true, webauthn:extension:minPinLength: true, webauthn:extension:prf: true, webauthn:virtualAuthenticators: true}
Session ID: ce5a891fc7051da9189a266828f63841
	at java.base/jdk.internal.reflect.DirectConstructorHandleAccessor.newInstance(DirectConstructorHandleAccessor.java:67)
	at java.base/java.lang.reflect.Constructor.newInstanceWithCaller(Constructor.java:499)
	at java.base/java.lang.reflect.Constructor.newInstance(Constructor.java:483)
	at org.openqa.selenium.remote.codec.w3c.W3CHttpResponseCodec.createException(W3CHttpResponseCodec.java:200)
	at org.openqa.selenium.remote.codec.w3c.W3CHttpResponseCodec.decode(W3CHttpResponseCodec.java:133)
	at org.openqa.selenium.remote.codec.w3c.W3CHttpResponseCodec.decode(W3CHttpResponseCodec.java:52)
	at org.openqa.selenium.remote.HttpCommandExecutor.execute(HttpCommandExecutor.java:191)
	at org.openqa.selenium.remote.service.DriverCommandExecutor.invokeExecute(DriverCommandExecutor.java:196)
	at org.openqa.selenium.remote.service.DriverCommandExecutor.execute(DriverCommandExecutor.java:171)
	at org.openqa.selenium.remote.RemoteWebDriver.execute(RemoteWebDriver.java:518)
	at org.openqa.selenium.remote.ElementLocation$ElementFinder$2.findElement(ElementLocation.java:165)
	at org.openqa.selenium.remote.ElementLocation.findElement(ElementLocation.java:59)
	at org.openqa.selenium.remote.RemoteWebDriver.findElement(RemoteWebDriver.java:355)
	at org.openqa.selenium.remote.RemoteWebDriver.findElement(RemoteWebDriver.java:349)
	at CommonMethods.Helper.scrollIntoView(Helper.java:467)
	at CommonMethods.CRMCommonMethods.addTemplateFiles(CRMCommonMethods.java:963)
	at POM.TemplateManagementUtility.TemplateMangement_VerifyAdditionofMultipleDocTemplatePOpup(TemplateManagementUtility.java:212)
	at TestCases.TemplateManagement.TemplateMangement_VerifyAdditionofMultipleDocTemplatePOpup(TemplateManagement.java:57)
	at java.base/jdk.internal.reflect.DirectMethodHandleAccessor.invoke(DirectMethodHandleAccessor.java:104)
	at java.base/java.lang.reflect.Method.invoke(Method.java:577)
	at org.testng.internal.invokers.MethodInvocationHelper.invokeMethod(MethodInvocationHelper.java:135)
	at org.testng.internal.invokers.TestInvoker.invokeMethod(TestInvoker.java:673)
	at org.testng.internal.invokers.TestInvoker.invokeTestMethod(TestInvoker.java:220)
	at org.testng.internal.invokers.MethodRunner.runInSequence(MethodRunner.java:50)
	at org.testng.internal.invokers.TestInvoker$MethodInvocationAgent.invoke(TestInvoker.java:945)
	at org.testng.internal.invokers.TestInvoker.invokeTestMethods(TestInvoker.java:193)
	at org.testng.internal.invokers.TestMethodWorker.invokeTestMethods(TestMethodWorker.java:146)
	at org.testng.internal.invokers.TestMethodWorker.run(TestMethodWorker.java:128)
	at java.base/java.util.concurrent.ThreadPoolExecutor.runWorker(ThreadPoolExecutor.java:1136)
	at java.base/java.util.concurrent.ThreadPoolExecutor$Worker.run(ThreadPoolExecutor.java:635)
	at java.base/java.lang.Thread.run(Thread.java:833)
org.openqa.selenium.InvalidSelectorException: invalid selector: Unable to locate an element with the xpath expression div.Select-menu-outer div[aria-label='Designated Supervisor'] because of the following error:
SyntaxError: Failed to execute 'evaluate' on 'Document': The string 'div.Select-menu-outer div[aria-label='Designated Supervisor']' is not a valid XPath expression.
  (Session info: chrome=115.0.5790.170)
For documentation on this error, please visit: https://www.selenium.dev/documentation/webdriver/troubleshooting/errors#invalid-selector-exception
Build info: version: '4.11.0', revision: '040bc5406b'
System info: os.name: 'Windows 11', os.arch: 'amd64', os.version: '10.0', java.version: '18.0.2.1'
Driver info: org.openqa.selenium.chrome.ChromeDriver
Command: [ea9a999b1a83a1977af0e670c88dfd03, findElement {using=xpath, value=div.Select-menu-outer div[aria-label='Designated Supervisor']}]
Capabilities {acceptInsecureCerts: false, browserName: chrome, browserVersion: 115.0.5790.170, chrome: {chromedriverVersion: 115.0.5790.170 (cc0d30c2ca5..., userDataDir: C:\Users\SQELAB~1\AppData\L...}, goog:chromeOptions: {debuggerAddress: localhost:50964}, networkConnectionEnabled: false, pageLoadStrategy: normal, platformName: windows, proxy: Proxy(), se:cdp: ws://localhost:50964/devtoo..., se:cdpVersion: 115.0.5790.170, setWindowRect: true, strictFileInteractability: false, timeouts: {implicit: 0, pageLoad: 300000, script: 30000}, unhandledPromptBehavior: dismiss and notify, webauthn:extension:credBlob: true, webauthn:extension:largeBlob: true, webauthn:extension:minPinLength: true, webauthn:extension:prf: true, webauthn:virtualAuthenticators: true}
Session ID: ea9a999b1a83a1977af0e670c88dfd03
	at java.base/jdk.internal.reflect.DirectConstructorHandleAccessor.newInstance(DirectConstructorHandleAccessor.java:67)
	at java.base/java.lang.reflect.Constructor.newInstanceWithCaller(Constructor.java:499)
	at java.base/java.lang.reflect.Constructor.newInstance(Constructor.java:483)
	at org.openqa.selenium.remote.codec.w3c.W3CHttpResponseCodec.createException(W3CHttpResponseCodec.java:200)
	at org.openqa.selenium.remote.codec.w3c.W3CHttpResponseCodec.decode(W3CHttpResponseCodec.java:133)
	at org.openqa.selenium.remote.codec.w3c.W3CHttpResponseCodec.decode(W3CHttpResponseCodec.java:52)
	at org.openqa.selenium.remote.HttpCommandExecutor.execute(HttpCommandExecutor.java:191)
	at org.openqa.selenium.remote.service.DriverCommandExecutor.invokeExecute(DriverCommandExecutor.java:196)
	at org.openqa.selenium.remote.service.DriverCommandExecutor.execute(DriverCommandExecutor.java:171)
	at org.openqa.selenium.remote.RemoteWebDriver.execute(RemoteWebDriver.java:518)
	at org.openqa.selenium.remote.ElementLocation$ElementFinder$2.findElement(ElementLocation.java:165)
	at org.openqa.selenium.remote.ElementLocation.findElement(ElementLocation.java:59)
	at org.openqa.selenium.remote.RemoteWebDriver.findElement(RemoteWebDriver.java:355)
	at org.openqa.selenium.remote.RemoteWebDriver.findElement(RemoteWebDriver.java:349)
	at org.openqa.selenium.support.ui.ExpectedConditions$7.apply(ExpectedConditions.java:194)
	at org.openqa.selenium.support.ui.ExpectedConditions$7.apply(ExpectedConditions.java:190)
	at org.openqa.selenium.support.ui.ExpectedConditions$22.apply(ExpectedConditions.java:627)
	at org.openqa.selenium.support.ui.ExpectedConditions$22.apply(ExpectedConditions.java:624)
	at org.openqa.selenium.support.ui.FluentWait.until(FluentWait.java:205)
	at CommonMethods.Helper.waitForElementIsInteractable(Helper.java:199)
	at POM.NotificationManagementUtility.SelectRecipient(NotificationManagementUtility.java:197)
	at POM.NotificationManagementUtility.AgencySetup_CreateNotificationEscalatedNoticeReviewdSuperVisor(NotificationManagementUtility.java:1002)
	at TestCases.NotificationManagement.AgencySetup_CreateNotificationEscalatedNoticeReviewdSuperVisor(NotificationManagement.java:101)
	at java.base/jdk.internal.reflect.DirectMethodHandleAccessor.invoke(DirectMethodHandleAccessor.java:104)
	at java.base/java.lang.reflect.Method.invoke(Method.java:577)
	at org.testng.internal.invokers.MethodInvocationHelper.invokeMethod(MethodInvocationHelper.java:135)
	at org.testng.internal.invokers.TestInvoker.invokeMethod(TestInvoker.java:673)
	at org.testng.internal.invokers.TestInvoker.invokeTestMethod(TestInvoker.java:220)
	at org.testng.internal.invokers.MethodRunner.runInSequence(MethodRunner.java:50)
	at org.testng.internal.invokers.TestInvoker$MethodInvocationAgent.invoke(TestInvoker.java:945)
	at org.testng.internal.invokers.TestInvoker.invokeTestMethods(TestInvoker.java:193)
	at org.testng.internal.invokers.TestMethodWorker.invokeTestMethods(TestMethodWorker.java:146)
	at org.testng.internal.invokers.TestMethodWorker.run(TestMethodWorker.java:128)
	at java.base/java.util.concurrent.ThreadPoolExecutor.runWorker(ThreadPoolExecutor.java:1136)
	at java.base/java.util.concurrent.ThreadPoolExecutor$Worker.run(ThreadPoolExecutor.java:635)
	at java.base/java.lang.Thread.run(Thread.java:833)
]]></system-err>
  </testcase>
  <testcase name="CCP_CDP_EditLocation" classname="TestCases.PerformInspection" time="8.719">
    <system-out><![CDATA[2024-07-25 23:54:35,129 [info]: Click By JS By.xpath: //button[@class='attach-btn btn btn-primary']
2024-07-25 23:54:35,780 [info]: Clicked on By.xpath: //label[@title='Action']//parent::div//parent::div//span[@class='Select-arrow']
2024-07-25 23:54:35,842 [info]: Scroll Into View By.xpath: //div[@class='Select-menu-outer']//div[@aria-label='Escalated Notice Edited']
2024-07-25 23:54:36,026 [info]: Clicked on By.xpath: //div[@class='Select-menu-outer']//div[@aria-label='Escalated Notice Edited']
2024-07-25 23:54:36,692 [info]: Scroll Into View By.xpath: //div[@class='contact-tile tile']//input
2024-07-25 23:54:36,972 [info]: Clicked on By.xpath: //div[@class='attachments-modal__footer']/button[1]
2024-07-25 23:54:37,007 [info]: Clicked on By.xpath: //div[@class='contact-tile tile']//input
2024-07-25 23:54:37,210 [info]: Click By JS By.xpath: //div[@class='contact-tile tile']//div[@class='react-autosuggest__function']
2024-07-25 23:54:37,459 [info]: Sendkeys on By.xpath: //input[@name='name'] with value PzBecqvl
2024-07-25 23:54:37,734 [info]: Sendkeys on By.xpath: //input[@name='email'] with value PzBecqvl@yopmail.com
2024-07-25 23:54:37,958 [info]: Sendkeys on By.xpath: //input[@name='workPhone'] with value 7957810517
2024-07-25 23:54:37,982 [info]: Scroll Into View By.xpath: (//div[@class='full-page-modal__header']//button[2])[2]
2024-07-25 23:54:38,140 [info]: Clicked on By.xpath: (//div[@class='full-page-modal__header']//button[2])[2]
2024-07-25 23:54:40,329 [info]: Sendkeys on By.xpath: //input[@name='label'] with value EsclatedNoticeEditedNotifogJ
2024-07-25 23:54:41,308 [info]: Sendkeys on By.xpath: //div[@class='location-tile__inputs-container']//input with value TEXAS CITY Museum
2024-07-25 23:54:42,665 [info]: Sendkeys on By.xpath: //input[@name='description'] with value EsclatedNoticeEditedNDescNlF
Test Passed: CCP_CDP_EditLocation
]]></system-out>
    <system-err><![CDATA[org.openqa.selenium.ElementClickInterceptedException: element click intercepted: Element <label class="checkbox__content htmlfor--enabled">...</label> is not clickable at point (777, 105). Other element would receive the click: <div style="position: fixed; inset: 0px; z-index: 99999; background-color: rgb(255, 255, 255);">...</div>
  (Session info: chrome=115.0.5790.170)
Build info: version: '4.11.0', revision: '040bc5406b'
System info: os.name: 'Windows 11', os.arch: 'amd64', os.version: '10.0', java.version: '18.0.2.1'
Driver info: org.openqa.selenium.chrome.ChromeDriver
Command: [111408be0ccb80cf16b2c4ac8874894e, clickElement {id=A380F294035D8A25C6930305818EFC84_element_199}]
Capabilities {acceptInsecureCerts: false, browserName: chrome, browserVersion: 115.0.5790.170, chrome: {chromedriverVersion: 115.0.5790.170 (cc0d30c2ca5..., userDataDir: C:\Users\SQELAB~1\AppData\L...}, goog:chromeOptions: {debuggerAddress: localhost:55486}, networkConnectionEnabled: false, pageLoadStrategy: normal, platformName: windows, proxy: Proxy(), se:cdp: ws://localhost:55486/devtoo..., se:cdpVersion: 115.0.5790.170, setWindowRect: true, strictFileInteractability: false, timeouts: {implicit: 0, pageLoad: 300000, script: 30000}, unhandledPromptBehavior: dismiss and notify, webauthn:extension:credBlob: true, webauthn:extension:largeBlob: true, webauthn:extension:minPinLength: true, webauthn:extension:prf: true, webauthn:virtualAuthenticators: true}
Element: [[ChromeDriver: chrome on windows (111408be0ccb80cf16b2c4ac8874894e)] -> xpath: //span/label[text()='Property Owner']]
Session ID: 111408be0ccb80cf16b2c4ac8874894e
	at java.base/jdk.internal.reflect.DirectConstructorHandleAccessor.newInstance(DirectConstructorHandleAccessor.java:67)
	at java.base/java.lang.reflect.Constructor.newInstanceWithCaller(Constructor.java:499)
	at java.base/java.lang.reflect.Constructor.newInstance(Constructor.java:483)
	at org.openqa.selenium.remote.codec.w3c.W3CHttpResponseCodec.createException(W3CHttpResponseCodec.java:200)
	at org.openqa.selenium.remote.codec.w3c.W3CHttpResponseCodec.decode(W3CHttpResponseCodec.java:133)
	at org.openqa.selenium.remote.codec.w3c.W3CHttpResponseCodec.decode(W3CHttpResponseCodec.java:52)
	at org.openqa.selenium.remote.HttpCommandExecutor.execute(HttpCommandExecutor.java:191)
	at org.openqa.selenium.remote.service.DriverCommandExecutor.invokeExecute(DriverCommandExecutor.java:196)
	at org.openqa.selenium.remote.service.DriverCommandExecutor.execute(DriverCommandExecutor.java:171)
	at org.openqa.selenium.remote.RemoteWebDriver.execute(RemoteWebDriver.java:518)
	at org.openqa.selenium.remote.RemoteWebElement.execute(RemoteWebElement.java:224)
	at org.openqa.selenium.remote.RemoteWebElement.click(RemoteWebElement.java:77)
	at CommonMethods.Helper.clickOn(Helper.java:380)
	at CommonMethods.CECommonMethods.ce_addContact(CECommonMethods.java:490)
	at CommonMethods.CECommonMethods.createACase(CECommonMethods.java:648)
	at POM.PerformInspectionUtility.PerformInspection_PreRequisite_CDP(PerformInspectionUtility.java:291)
	at TestCases.PerformInspection.CCP_CDP_EditLocation(PerformInspection.java:45)
	at java.base/jdk.internal.reflect.DirectMethodHandleAccessor.invoke(DirectMethodHandleAccessor.java:104)
	at java.base/java.lang.reflect.Method.invoke(Method.java:577)
	at org.testng.internal.invokers.MethodInvocationHelper.invokeMethod(MethodInvocationHelper.java:135)
	at org.testng.internal.invokers.TestInvoker.invokeMethod(TestInvoker.java:673)
	at org.testng.internal.invokers.TestInvoker.invokeTestMethod(TestInvoker.java:220)
	at org.testng.internal.invokers.MethodRunner.runInSequence(MethodRunner.java:50)
	at org.testng.internal.invokers.TestInvoker$MethodInvocationAgent.invoke(TestInvoker.java:945)
	at org.testng.internal.invokers.TestInvoker.invokeTestMethods(TestInvoker.java:193)
	at org.testng.internal.invokers.TestMethodWorker.invokeTestMethods(TestMethodWorker.java:146)
	at org.testng.internal.invokers.TestMethodWorker.run(TestMethodWorker.java:128)
	at java.base/java.util.concurrent.ThreadPoolExecutor.runWorker(ThreadPoolExecutor.java:1136)
	at java.base/java.util.concurrent.ThreadPoolExecutor$Worker.run(ThreadPoolExecutor.java:635)
	at java.base/java.lang.Thread.run(Thread.java:833)
]]></system-err>
  </testcase>
  <testcase name="PerformInspection_ValidationMessageSection1" classname="TestCases.PerformInspection" time="5.311">
    <system-out><![CDATA[2024-07-25 23:57:52,324 [info]: Sendkeys on By.xpath: //input[@name='searchQuery'] with value 24-1842
2024-07-25 23:57:52,350 [info]: GetText fromBy.xpath: //div[@class='cs-listing__section__header']//following-sibling::span
874
50
2024-07-25 23:57:52,977 [info]: Click By JS By.xpath: //div[@class='pagination-top']//div[@class='table__pagination-nav-btns']/button[2]
2024-07-25 23:57:54,432 [info]: Click By JS By.xpath: //button[text()='Legal Entity']
2024-07-25 23:57:54,619 [info]: Scroll Into View By.xpath: //div[@class='contact-tile tile']//input
2024-07-25 23:57:54,691 [info]: Sendkeys on By.xpath: //input[@name='label'] with value LegalContact
2024-07-25 23:57:55,047 [info]: Clicked on By.xpath: //div[@class='contact-tile tile']//input
2024-07-25 23:57:55,387 [info]: Click By JS By.xpath: //div[@class='contact-tile tile']//div[@class='react-autosuggest__function']
100
2024-07-25 23:57:56,459 [info]: Click By JS By.xpath: //div[@class='pagination-top']//div[@class='table__pagination-nav-btns']/button[2]
2024-07-25 23:57:56,834 [info]: Click By JS By.xpath: (//*[@class='dropdown__selector__selected']//span)[4]
2024-07-25 23:57:57,352 [info]: Sendkeys on By.xpath: //input[@name='name'] with value vHOfmXnz
2024-07-25 23:57:57,463 [info]: Click By JS By.xpath: //*[@class='checkbox-holder checkbox-holder--radio']//input[@name='Closed']
2024-07-25 23:57:57,606 [info]: Click By JS By.xpath: //a[text()='24-1842']
Test Passed: PerformInspection_ValidationMessageSection1
]]></system-out>
    <system-err><![CDATA[org.openqa.selenium.TimeoutException: Expected condition failed: waiting for element to be clickable: By.xpath: //div[@class='footer_actions']/button[2] (tried for 60 second(s) with 1000 milliseconds interval)
Build info: version: '4.11.0', revision: '040bc5406b'
System info: os.name: 'Windows 11', os.arch: 'amd64', os.version: '10.0', java.version: '18.0.2.1'
Driver info: driver.version: unknown
	at org.openqa.selenium.support.ui.FluentWait.timeoutException(FluentWait.java:262)
	at org.openqa.selenium.support.ui.FluentWait.until(FluentWait.java:230)
	at CommonMethods.Helper.waitForElementIsInteractable(Helper.java:199)
	at POM.PerformInspectionUtility.PerformInspection_ValidationMessageSection1(PerformInspectionUtility.java:475)
	at TestCases.PerformInspection.PerformInspection_ValidationMessageSection1(PerformInspection.java:63)
	at java.base/jdk.internal.reflect.DirectMethodHandleAccessor.invoke(DirectMethodHandleAccessor.java:104)
	at java.base/java.lang.reflect.Method.invoke(Method.java:577)
	at org.testng.internal.invokers.MethodInvocationHelper.invokeMethod(MethodInvocationHelper.java:135)
	at org.testng.internal.invokers.TestInvoker.invokeMethod(TestInvoker.java:673)
	at org.testng.internal.invokers.TestInvoker.invokeTestMethod(TestInvoker.java:220)
	at org.testng.internal.invokers.MethodRunner.runInSequence(MethodRunner.java:50)
	at org.testng.internal.invokers.TestInvoker$MethodInvocationAgent.invoke(TestInvoker.java:945)
	at org.testng.internal.invokers.TestInvoker.invokeTestMethods(TestInvoker.java:193)
	at org.testng.internal.invokers.TestMethodWorker.invokeTestMethods(TestMethodWorker.java:146)
	at org.testng.internal.invokers.TestMethodWorker.run(TestMethodWorker.java:128)
	at java.base/java.util.concurrent.ThreadPoolExecutor.runWorker(ThreadPoolExecutor.java:1136)
	at java.base/java.util.concurrent.ThreadPoolExecutor$Worker.run(ThreadPoolExecutor.java:635)
	at java.base/java.lang.Thread.run(Thread.java:833)
org.openqa.selenium.NoSuchElementException: no such element: Unable to locate element: {"method":"xpath","selector":"//div[@class='footer_actions']/button[2]"}
  (Session info: chrome=115.0.5790.170)
For documentation on this error, please visit: https://www.selenium.dev/documentation/webdriver/troubleshooting/errors#no-such-element-exception
Build info: version: '4.11.0', revision: '040bc5406b'
System info: os.name: 'Windows 11', os.arch: 'amd64', os.version: '10.0', java.version: '18.0.2.1'
Driver info: org.openqa.selenium.chrome.ChromeDriver
Command: [111408be0ccb80cf16b2c4ac8874894e, findElement {using=xpath, value=//div[@class='footer_actions']/button[2]}]
Capabilities {acceptInsecureCerts: false, browserName: chrome, browserVersion: 115.0.5790.170, chrome: {chromedriverVersion: 115.0.5790.170 (cc0d30c2ca5..., userDataDir: C:\Users\SQELAB~1\AppData\L...}, goog:chromeOptions: {debuggerAddress: localhost:55486}, networkConnectionEnabled: false, pageLoadStrategy: normal, platformName: windows, proxy: Proxy(), se:cdp: ws://localhost:55486/devtoo..., se:cdpVersion: 115.0.5790.170, setWindowRect: true, strictFileInteractability: false, timeouts: {implicit: 0, pageLoad: 300000, script: 30000}, unhandledPromptBehavior: dismiss and notify, webauthn:extension:credBlob: true, webauthn:extension:largeBlob: true, webauthn:extension:minPinLength: true, webauthn:extension:prf: true, webauthn:virtualAuthenticators: true}
Session ID: 111408be0ccb80cf16b2c4ac8874894e
	at java.base/jdk.internal.reflect.DirectConstructorHandleAccessor.newInstance(DirectConstructorHandleAccessor.java:67)
	at java.base/java.lang.reflect.Constructor.newInstanceWithCaller(Constructor.java:499)
	at java.base/java.lang.reflect.Constructor.newInstance(Constructor.java:483)
	at org.openqa.selenium.remote.codec.w3c.W3CHttpResponseCodec.createException(W3CHttpResponseCodec.java:200)
	at org.openqa.selenium.remote.codec.w3c.W3CHttpResponseCodec.decode(W3CHttpResponseCodec.java:133)
	at org.openqa.selenium.remote.codec.w3c.W3CHttpResponseCodec.decode(W3CHttpResponseCodec.java:52)
	at org.openqa.selenium.remote.HttpCommandExecutor.execute(HttpCommandExecutor.java:191)
	at org.openqa.selenium.remote.service.DriverCommandExecutor.invokeExecute(DriverCommandExecutor.java:196)
	at org.openqa.selenium.remote.service.DriverCommandExecutor.execute(DriverCommandExecutor.java:171)
	at org.openqa.selenium.remote.RemoteWebDriver.execute(RemoteWebDriver.java:518)
	at org.openqa.selenium.remote.ElementLocation$ElementFinder$2.findElement(ElementLocation.java:165)
	at org.openqa.selenium.remote.ElementLocation.findElement(ElementLocation.java:59)
	at org.openqa.selenium.remote.RemoteWebDriver.findElement(RemoteWebDriver.java:355)
	at org.openqa.selenium.remote.RemoteWebDriver.findElement(RemoteWebDriver.java:349)
	at CommonMethods.Helper.clickByJsExecuter(Helper.java:543)
	at POM.PerformInspectionUtility.PerformInspection_ValidationMessageSection1(PerformInspectionUtility.java:476)
	at TestCases.PerformInspection.PerformInspection_ValidationMessageSection1(PerformInspection.java:63)
	at java.base/jdk.internal.reflect.DirectMethodHandleAccessor.invoke(DirectMethodHandleAccessor.java:104)
	at java.base/java.lang.reflect.Method.invoke(Method.java:577)
	at org.testng.internal.invokers.MethodInvocationHelper.invokeMethod(MethodInvocationHelper.java:135)
	at org.testng.internal.invokers.TestInvoker.invokeMethod(TestInvoker.java:673)
	at org.testng.internal.invokers.TestInvoker.invokeTestMethod(TestInvoker.java:220)
	at org.testng.internal.invokers.MethodRunner.runInSequence(MethodRunner.java:50)
	at org.testng.internal.invokers.TestInvoker$MethodInvocationAgent.invoke(TestInvoker.java:945)
	at org.testng.internal.invokers.TestInvoker.invokeTestMethods(TestInvoker.java:193)
	at org.testng.internal.invokers.TestMethodWorker.invokeTestMethods(TestMethodWorker.java:146)
	at org.testng.internal.invokers.TestMethodWorker.run(TestMethodWorker.java:128)
	at java.base/java.util.concurrent.ThreadPoolExecutor.runWorker(ThreadPoolExecutor.java:1136)
	at java.base/java.util.concurrent.ThreadPoolExecutor$Worker.run(ThreadPoolExecutor.java:635)
	at java.base/java.lang.Thread.run(Thread.java:833)
]]></system-err>
  </testcase>
  <testcase name="PerformInspection_VerifySection1Status" classname="TestCases.PerformInspection" time="7.554">
    <system-out><![CDATA[2024-07-25 23:59:53,165 [info]: Scroll Into View By.xpath: //button[text()='Save']
2024-07-25 23:59:53,243 [info]: Click By JS By.xpath: //button[text()='Save']
2024-07-25 23:59:53,272 [info]: Scroll Into View By.xpath: //button[text()='Create HTML Notice']
2024-07-25 23:59:53,778 [info]: Click By JS By.xpath: //button[text()='Create HTML Notice']
2024-07-25 23:59:55,565 [info]: Scroll Into View By.xpath: (//div[@class='dropdown__selector__selected']//label)[4]
2024-07-25 23:59:55,634 [info]: GetText fromBy.xpath: (//div[@class='dropdown__selector__selected']//label)[4]
2024-07-25 23:59:55,875 [info]: Clicked on By.xpath: (//div[@class='dropdown__selector__selected']//label)[4]
2024-07-25 23:59:57,748 [info]: Sendkeys on By.xpath: //div[@id='assignee']//input[@name='query'][@placeholder='Search...'] with value Mark Shane
Test Passed: PerformInspection_VerifySection1Status
]]></system-out>
    <system-err><![CDATA[org.openqa.selenium.TimeoutException: Expected condition failed: waiting for visibility of element located by By.xpath: //button[text()='Yes'] (tried for 60 second(s) with 1000 milliseconds interval)
Build info: version: '4.11.0', revision: '040bc5406b'
System info: os.name: 'Windows 11', os.arch: 'amd64', os.version: '10.0', java.version: '18.0.2.1'
Driver info: driver.version: unknown
	at org.openqa.selenium.support.ui.FluentWait.timeoutException(FluentWait.java:262)
	at org.openqa.selenium.support.ui.FluentWait.until(FluentWait.java:230)
	at CommonMethods.Helper.waitUntilElementIsVisible(Helper.java:148)
	at POM.CSPExternalUtility.CSPExternal_VerifyAnonymousSubmission(CSPExternalUtility.java:491)
	at TestCases.CSPExternal.CSPExternal_VerifyAnonymousSubmission(CSPExternal.java:132)
	at java.base/jdk.internal.reflect.DirectMethodHandleAccessor.invoke(DirectMethodHandleAccessor.java:104)
	at java.base/java.lang.reflect.Method.invoke(Method.java:577)
	at org.testng.internal.invokers.MethodInvocationHelper.invokeMethod(MethodInvocationHelper.java:135)
	at org.testng.internal.invokers.TestInvoker.invokeMethod(TestInvoker.java:673)
	at org.testng.internal.invokers.TestInvoker.invokeTestMethod(TestInvoker.java:220)
	at org.testng.internal.invokers.MethodRunner.runInSequence(MethodRunner.java:50)
	at org.testng.internal.invokers.TestInvoker$MethodInvocationAgent.invoke(TestInvoker.java:945)
	at org.testng.internal.invokers.TestInvoker.invokeTestMethods(TestInvoker.java:193)
	at org.testng.internal.invokers.TestMethodWorker.invokeTestMethods(TestMethodWorker.java:146)
	at org.testng.internal.invokers.TestMethodWorker.run(TestMethodWorker.java:128)
	at java.base/java.util.concurrent.ThreadPoolExecutor.runWorker(ThreadPoolExecutor.java:1136)
	at java.base/java.util.concurrent.ThreadPoolExecutor$Worker.run(ThreadPoolExecutor.java:635)
	at java.base/java.lang.Thread.run(Thread.java:833)
org.openqa.selenium.TimeoutException: Expected condition failed: waiting for presence of element located by: By.xpath: //div/h2[text()='Verify Violations']/following-sibling::label (tried for 60 second(s) with 500 milliseconds interval)
	at org.openqa.selenium.support.ui.WebDriverWait.timeoutException(WebDriverWait.java:84)
	at org.openqa.selenium.support.ui.FluentWait.until(FluentWait.java:230)
	at CommonMethods.Helper.getTextElement(Helper.java:426)
	at POM.PerformInspectionUtility.PerformInspection_VerifySection1Status(PerformInspectionUtility.java:493)
	at TestCases.PerformInspection.PerformInspection_VerifySection1Status(PerformInspection.java:69)
	at java.base/jdk.internal.reflect.DirectMethodHandleAccessor.invoke(DirectMethodHandleAccessor.java:104)
	at java.base/java.lang.reflect.Method.invoke(Method.java:577)
	at org.testng.internal.invokers.MethodInvocationHelper.invokeMethod(MethodInvocationHelper.java:135)
	at org.testng.internal.invokers.TestInvoker.invokeMethod(TestInvoker.java:673)
	at org.testng.internal.invokers.TestInvoker.invokeTestMethod(TestInvoker.java:220)
	at org.testng.internal.invokers.MethodRunner.runInSequence(MethodRunner.java:50)
	at org.testng.internal.invokers.TestInvoker$MethodInvocationAgent.invoke(TestInvoker.java:945)
	at org.testng.internal.invokers.TestInvoker.invokeTestMethods(TestInvoker.java:193)
	at org.testng.internal.invokers.TestMethodWorker.invokeTestMethods(TestMethodWorker.java:146)
	at org.testng.internal.invokers.TestMethodWorker.run(TestMethodWorker.java:128)
	at java.base/java.util.concurrent.ThreadPoolExecutor.runWorker(ThreadPoolExecutor.java:1136)
	at java.base/java.util.concurrent.ThreadPoolExecutor$Worker.run(ThreadPoolExecutor.java:635)
	at java.base/java.lang.Thread.run(Thread.java:833)
Caused by: org.openqa.selenium.NoSuchElementException: no such element: Unable to locate element: {"method":"xpath","selector":"//div/h2[text()='Verify Violations']/following-sibling::label"}
  (Session info: chrome=115.0.5790.170)
For documentation on this error, please visit: https://www.selenium.dev/documentation/webdriver/troubleshooting/errors#no-such-element-exception
Build info: version: '4.11.0', revision: '040bc5406b'
System info: os.name: 'Windows 11', os.arch: 'amd64', os.version: '10.0', java.version: '18.0.2.1'
Driver info: org.openqa.selenium.chrome.ChromeDriver
Command: [111408be0ccb80cf16b2c4ac8874894e, findElement {using=xpath, value=//div/h2[text()='Verify Violations']/following-sibling::label}]
Capabilities {acceptInsecureCerts: false, browserName: chrome, browserVersion: 115.0.5790.170, chrome: {chromedriverVersion: 115.0.5790.170 (cc0d30c2ca5..., userDataDir: C:\Users\SQELAB~1\AppData\L...}, goog:chromeOptions: {debuggerAddress: localhost:55486}, networkConnectionEnabled: false, pageLoadStrategy: normal, platformName: windows, proxy: Proxy(), se:cdp: ws://localhost:55486/devtoo..., se:cdpVersion: 115.0.5790.170, setWindowRect: true, strictFileInteractability: false, timeouts: {implicit: 0, pageLoad: 300000, script: 30000}, unhandledPromptBehavior: dismiss and notify, webauthn:extension:credBlob: true, webauthn:extension:largeBlob: true, webauthn:extension:minPinLength: true, webauthn:extension:prf: true, webauthn:virtualAuthenticators: true}
Session ID: 111408be0ccb80cf16b2c4ac8874894e
	at java.base/jdk.internal.reflect.DirectConstructorHandleAccessor.newInstance(DirectConstructorHandleAccessor.java:67)
	at java.base/java.lang.reflect.Constructor.newInstanceWithCaller(Constructor.java:499)
	at java.base/java.lang.reflect.Constructor.newInstance(Constructor.java:483)
	at org.openqa.selenium.remote.codec.w3c.W3CHttpResponseCodec.createException(W3CHttpResponseCodec.java:200)
	at org.openqa.selenium.remote.codec.w3c.W3CHttpResponseCodec.decode(W3CHttpResponseCodec.java:133)
	at org.openqa.selenium.remote.codec.w3c.W3CHttpResponseCodec.decode(W3CHttpResponseCodec.java:52)
	at org.openqa.selenium.remote.HttpCommandExecutor.execute(HttpCommandExecutor.java:191)
	at org.openqa.selenium.remote.service.DriverCommandExecutor.invokeExecute(DriverCommandExecutor.java:196)
	at org.openqa.selenium.remote.service.DriverCommandExecutor.execute(DriverCommandExecutor.java:171)
	at org.openqa.selenium.remote.RemoteWebDriver.execute(RemoteWebDriver.java:518)
	at org.openqa.selenium.remote.ElementLocation$ElementFinder$2.findElement(ElementLocation.java:165)
	at org.openqa.selenium.remote.ElementLocation.findElement(ElementLocation.java:59)
	at org.openqa.selenium.remote.RemoteWebDriver.findElement(RemoteWebDriver.java:355)
	at org.openqa.selenium.remote.RemoteWebDriver.findElement(RemoteWebDriver.java:349)
	at org.openqa.selenium.support.ui.ExpectedConditions$6.apply(ExpectedConditions.java:171)
	at org.openqa.selenium.support.ui.ExpectedConditions$6.apply(ExpectedConditions.java:168)
	at org.openqa.selenium.support.ui.FluentWait.until(FluentWait.java:205)
	... 16 more
]]></system-err>
  </testcase>
  <testcase name="PerformInspection_VerifyVerificationPendingStatusForViolation" classname="TestCases.PerformInspection" time="12.504">
    <failure message="Expected condition failed: waiting for presence of element located by: By.xpath: //div[@class=&apos;case-violation__status verification-pending&apos;]/label (tried for 60 second(s) with 500 milliseconds interval)" type="org.openqa.selenium.TimeoutException"><![CDATA[org.openqa.selenium.TimeoutException: Expected condition failed: waiting for presence of element located by: By.xpath: //div[@class='case-violation__status verification-pending']/label (tried for 60 second(s) with 500 milliseconds interval)
	at org.openqa.selenium.support.ui.WebDriverWait.timeoutException(WebDriverWait.java:84)
	at org.openqa.selenium.support.ui.FluentWait.until(FluentWait.java:230)
	at CommonMethods.Helper.getTextElement(Helper.java:426)
	at POM.PerformInspectionUtility.PerformInspection_VerifyVerificationPendingStatusForViolation(PerformInspectionUtility.java:527)
	at TestCases.PerformInspection.PerformInspection_VerifyVerificationPendingStatusForViolation(PerformInspection.java:80)
	at java.base/jdk.internal.reflect.DirectMethodHandleAccessor.invoke(DirectMethodHandleAccessor.java:104)
	at java.base/java.lang.reflect.Method.invoke(Method.java:577)
	at org.testng.internal.invokers.MethodInvocationHelper.invokeMethod(MethodInvocationHelper.java:135)
	at org.testng.internal.invokers.TestInvoker.invokeMethod(TestInvoker.java:673)
	at org.testng.internal.invokers.TestInvoker.invokeTestMethod(TestInvoker.java:220)
	at org.testng.internal.invokers.MethodRunner.runInSequence(MethodRunner.java:50)
	at org.testng.internal.invokers.TestInvoker$MethodInvocationAgent.invoke(TestInvoker.java:945)
	at org.testng.internal.invokers.TestInvoker.invokeTestMethods(TestInvoker.java:193)
	at org.testng.internal.invokers.TestMethodWorker.invokeTestMethods(TestMethodWorker.java:146)
	at org.testng.internal.invokers.TestMethodWorker.run(TestMethodWorker.java:128)
	at java.base/java.util.concurrent.ThreadPoolExecutor.runWorker(ThreadPoolExecutor.java:1136)
	at java.base/java.util.concurrent.ThreadPoolExecutor$Worker.run(ThreadPoolExecutor.java:635)
	at java.base/java.lang.Thread.run(Thread.java:833)
Caused by: org.openqa.selenium.NoSuchElementException: no such element: Unable to locate element: {"method":"xpath","selector":"//div[@class='case-violation__status verification-pending']/label"}
  (Session info: chrome=115.0.5790.170)
For documentation on this error, please visit: https://www.selenium.dev/documentation/webdriver/troubleshooting/errors#no-such-element-exception
Build info: version: '4.11.0', revision: '040bc5406b'
System info: os.name: 'Windows 11', os.arch: 'amd64', os.version: '10.0', java.version: '18.0.2.1'
Driver info: org.openqa.selenium.chrome.ChromeDriver
Command: [111408be0ccb80cf16b2c4ac8874894e, findElement {using=xpath, value=//div[@class='case-violation__status verification-pending']/label}]
Capabilities {acceptInsecureCerts: false, browserName: chrome, browserVersion: 115.0.5790.170, chrome: {chromedriverVersion: 115.0.5790.170 (cc0d30c2ca5..., userDataDir: C:\Users\SQELAB~1\AppData\L...}, goog:chromeOptions: {debuggerAddress: localhost:55486}, networkConnectionEnabled: false, pageLoadStrategy: normal, platformName: windows, proxy: Proxy(), se:cdp: ws://localhost:55486/devtoo..., se:cdpVersion: 115.0.5790.170, setWindowRect: true, strictFileInteractability: false, timeouts: {implicit: 0, pageLoad: 300000, script: 30000}, unhandledPromptBehavior: dismiss and notify, webauthn:extension:credBlob: true, webauthn:extension:largeBlob: true, webauthn:extension:minPinLength: true, webauthn:extension:prf: true, webauthn:virtualAuthenticators: true}
Session ID: 111408be0ccb80cf16b2c4ac8874894e
	at java.base/jdk.internal.reflect.DirectConstructorHandleAccessor.newInstance(DirectConstructorHandleAccessor.java:67)
	at java.base/java.lang.reflect.Constructor.newInstanceWithCaller(Constructor.java:499)
	at java.base/java.lang.reflect.Constructor.newInstance(Constructor.java:483)
	at org.openqa.selenium.remote.codec.w3c.W3CHttpResponseCodec.createException(W3CHttpResponseCodec.java:200)
	at org.openqa.selenium.remote.codec.w3c.W3CHttpResponseCodec.decode(W3CHttpResponseCodec.java:133)
	at org.openqa.selenium.remote.codec.w3c.W3CHttpResponseCodec.decode(W3CHttpResponseCodec.java:52)
	at org.openqa.selenium.remote.HttpCommandExecutor.execute(HttpCommandExecutor.java:191)
	at org.openqa.selenium.remote.service.DriverCommandExecutor.invokeExecute(DriverCommandExecutor.java:196)
	at org.openqa.selenium.remote.service.DriverCommandExecutor.execute(DriverCommandExecutor.java:171)
	at org.openqa.selenium.remote.RemoteWebDriver.execute(RemoteWebDriver.java:518)
	at org.openqa.selenium.remote.ElementLocation$ElementFinder$2.findElement(ElementLocation.java:165)
	at org.openqa.selenium.remote.ElementLocation.findElement(ElementLocation.java:59)
	at org.openqa.selenium.remote.RemoteWebDriver.findElement(RemoteWebDriver.java:355)
	at org.openqa.selenium.remote.RemoteWebDriver.findElement(RemoteWebDriver.java:349)
	at org.openqa.selenium.support.ui.ExpectedConditions$6.apply(ExpectedConditions.java:171)
	at org.openqa.selenium.support.ui.ExpectedConditions$6.apply(ExpectedConditions.java:168)
	at org.openqa.selenium.support.ui.FluentWait.until(FluentWait.java:205)
	... 16 more
]]></failure>
    <system-out><![CDATA[2024-07-26 00:00:48,540 [info]: Scroll Into View By.xpath: //div[@class='progressive-form active']//button[text()='Continue']
2024-07-26 00:00:48,747 [info]: Click By JS By.xpath: //div[@class='progressive-form active']//button[text()='Continue']
2024-07-26 00:00:48,749 [info]: Click By JS By.xpath: //button[text()='Create User']
2024-07-26 00:00:49,884 [info]: Scroll Into View By.xpath: //div[@class='progressive-form__footer']//button[text()='Generate Notice']
2024-07-26 00:00:49,937 [info]: Clicked on By.xpath: //div[@class='flex-row--middle']/button[2]
2024-07-26 00:00:50,024 [info]: Sendkeys on By.xpath: //input[@name='firstName'] with value Shane
2024-07-26 00:00:50,177 [info]: Sendkeys on By.xpath: //input[@name='lastName'] with value ES
2024-07-26 00:00:50,201 [info]: Clicked on By.xpath: //div[@class='attachments-edit__footer']/button[2]
2024-07-26 00:00:50,513 [info]: Sendkeys on By.xpath: //input[@name='email'] with value ShaneES4762MPyxYb@yopmail.com
2024-07-26 00:00:50,668 [info]: Clicked on By.xpath: //label[text()='Role']/following::span[1]
2024-07-26 00:00:50,865 [info]: Clicked on By.xpath: //*[text()='Agency Admin CRM and CEM']
2024-07-26 00:00:53,201 [info]: Move to element and Click on [[ChromeDriver: chrome on windows (d040a6a235f3e772b3f010b668ee39de)] -> xpath: //div[@class='progressive-form__footer']//button[text()='Generate Notice']]
2024-07-26 00:00:55,149 [info]: Clicked on By.xpath: //div[@class='user-form__header full-page-modal__header']//button[text()='Create User']
2024-07-26 00:00:55,696 [info]: Click By JS By.xpath: //div[@class='case-inspection__print-notice']//button[text()='Do Not Print']
2024-07-26 00:00:55,924 [info]: Click By JS By.xpath: //button[text()='Issue Notice & Complete Inspection']
2024-07-26 00:00:56,385 [info]: Clicked on By.xpath: //button[text()='FA Document']
2024-07-26 00:00:56,779 [info]: Sendkeys on By.xpath: //input[@name='label'] with value FA Doc DSWLeSGj
2024-07-26 00:00:57,356 [info]: Clicked on By.xpath: //span[text()='Merge Fields']
2024-07-26 00:00:58,192 [info]: Click By JS By.xpath: //div[@class='flex-row--center']/button[text()='Yes']
2024-07-26 00:00:58,715 [info]: Clicked on By.xpath: //div/div[@class='rt-td']/a
2024-07-26 00:00:59,043 [info]: Clicked on By.xpath: //button[text()='Done']
Test Failed: PerformInspection_VerifyVerificationPendingStatusForViolation
]]></system-out>
    <system-err><![CDATA[org.openqa.selenium.TimeoutException: Expected condition failed: waiting for element to no longer be visible: By.xpath: //button[text()='Create HTML Notice'] (tried for 60 second(s) with 1000 milliseconds interval)
Build info: version: '4.11.0', revision: '040bc5406b'
System info: os.name: 'Windows 11', os.arch: 'amd64', os.version: '10.0', java.version: '18.0.2.1'
Driver info: driver.version: unknown
	at org.openqa.selenium.support.ui.FluentWait.timeoutException(FluentWait.java:262)
	at org.openqa.selenium.support.ui.FluentWait.until(FluentWait.java:230)
	at CommonMethods.Helper.waitUntilElementInvisibleLocated(Helper.java:237)
	at POM.NoticesUtility.Notices_CreateFADocumentHtmlNotice(NoticesUtility.java:285)
	at TestCases.Notices.Notices_CreateFADocumentHtmlNotice(Notices.java:81)
	at java.base/jdk.internal.reflect.DirectMethodHandleAccessor.invoke(DirectMethodHandleAccessor.java:104)
	at java.base/java.lang.reflect.Method.invoke(Method.java:577)
	at org.testng.internal.invokers.MethodInvocationHelper.invokeMethod(MethodInvocationHelper.java:135)
	at org.testng.internal.invokers.TestInvoker.invokeMethod(TestInvoker.java:673)
	at org.testng.internal.invokers.TestInvoker.invokeTestMethod(TestInvoker.java:220)
	at org.testng.internal.invokers.MethodRunner.runInSequence(MethodRunner.java:50)
	at org.testng.internal.invokers.TestInvoker$MethodInvocationAgent.invoke(TestInvoker.java:945)
	at org.testng.internal.invokers.TestInvoker.invokeTestMethods(TestInvoker.java:193)
	at org.testng.internal.invokers.TestMethodWorker.invokeTestMethods(TestMethodWorker.java:146)
	at org.testng.internal.invokers.TestMethodWorker.run(TestMethodWorker.java:128)
	at java.base/java.util.concurrent.ThreadPoolExecutor.runWorker(ThreadPoolExecutor.java:1136)
	at java.base/java.util.concurrent.ThreadPoolExecutor$Worker.run(ThreadPoolExecutor.java:635)
	at java.base/java.lang.Thread.run(Thread.java:833)
org.openqa.selenium.TimeoutException: Expected condition failed: waiting for element to be clickable: By.xpath: //button[text()='Yes'] (tried for 60 second(s) with 1000 milliseconds interval)
Build info: version: '4.11.0', revision: '040bc5406b'
System info: os.name: 'Windows 11', os.arch: 'amd64', os.version: '10.0', java.version: '18.0.2.1'
Driver info: driver.version: unknown
	at org.openqa.selenium.support.ui.FluentWait.timeoutException(FluentWait.java:262)
	at org.openqa.selenium.support.ui.FluentWait.until(FluentWait.java:230)
	at CommonMethods.Helper.waitForElementIsInteractable(Helper.java:199)
	at POM.CSPExternalUtility.CSPExternal_VerifyAnonymousSubmission(CSPExternalUtility.java:492)
	at TestCases.CSPExternal.CSPExternal_VerifyAnonymousSubmission(CSPExternal.java:132)
	at java.base/jdk.internal.reflect.DirectMethodHandleAccessor.invoke(DirectMethodHandleAccessor.java:104)
	at java.base/java.lang.reflect.Method.invoke(Method.java:577)
	at org.testng.internal.invokers.MethodInvocationHelper.invokeMethod(MethodInvocationHelper.java:135)
	at org.testng.internal.invokers.TestInvoker.invokeMethod(TestInvoker.java:673)
	at org.testng.internal.invokers.TestInvoker.invokeTestMethod(TestInvoker.java:220)
	at org.testng.internal.invokers.MethodRunner.runInSequence(MethodRunner.java:50)
	at org.testng.internal.invokers.TestInvoker$MethodInvocationAgent.invoke(TestInvoker.java:945)
	at org.testng.internal.invokers.TestInvoker.invokeTestMethods(TestInvoker.java:193)
	at org.testng.internal.invokers.TestMethodWorker.invokeTestMethods(TestMethodWorker.java:146)
	at org.testng.internal.invokers.TestMethodWorker.run(TestMethodWorker.java:128)
	at java.base/java.util.concurrent.ThreadPoolExecutor.runWorker(ThreadPoolExecutor.java:1136)
	at java.base/java.util.concurrent.ThreadPoolExecutor$Worker.run(ThreadPoolExecutor.java:635)
	at java.base/java.lang.Thread.run(Thread.java:833)
]]></system-err>
  </testcase>
  <testcase name="PerformInspection_VerifyClosedStatusForViolation" classname="TestCases.PerformInspection" time="0.357">
    <system-out><![CDATA[Test Passed: PerformInspection_VerifyClosedStatusForViolation
]]></system-out>
    <system-err><![CDATA[org.openqa.selenium.TimeoutException: Expected condition failed: waiting for element to be clickable: By.xpath: //div[@class='multi-choice-buttons']/button[text()='Invalid'] (tried for 60 second(s) with 500 milliseconds interval)
Build info: version: '4.11.0', revision: '040bc5406b'
System info: os.name: 'Windows 11', os.arch: 'amd64', os.version: '10.0', java.version: '18.0.2.1'
Driver info: org.openqa.selenium.chrome.ChromeDriver
Capabilities {acceptInsecureCerts: false, browserName: chrome, browserVersion: 115.0.5790.170, chrome: {chromedriverVersion: 115.0.5790.170 (cc0d30c2ca5..., userDataDir: C:\Users\SQELAB~1\AppData\L...}, goog:chromeOptions: {debuggerAddress: localhost:55486}, networkConnectionEnabled: false, pageLoadStrategy: normal, platformName: windows, proxy: Proxy(), se:cdp: ws://localhost:55486/devtoo..., se:cdpVersion: 115.0.5790.170, setWindowRect: true, strictFileInteractability: false, timeouts: {implicit: 0, pageLoad: 300000, script: 30000}, unhandledPromptBehavior: dismiss and notify, webauthn:extension:credBlob: true, webauthn:extension:largeBlob: true, webauthn:extension:minPinLength: true, webauthn:extension:prf: true, webauthn:virtualAuthenticators: true}
Session ID: 111408be0ccb80cf16b2c4ac8874894e
	at org.openqa.selenium.support.ui.WebDriverWait.timeoutException(WebDriverWait.java:84)
	at org.openqa.selenium.support.ui.FluentWait.until(FluentWait.java:230)
	at CommonMethods.Helper.clickOn(Helper.java:377)
	at POM.PerformInspectionUtility.PerformInspection_VerifyClosedStatusForViolation(PerformInspectionUtility.java:551)
	at TestCases.PerformInspection.PerformInspection_VerifyClosedStatusForViolation(PerformInspection.java:91)
	at java.base/jdk.internal.reflect.DirectMethodHandleAccessor.invoke(DirectMethodHandleAccessor.java:104)
	at java.base/java.lang.reflect.Method.invoke(Method.java:577)
	at org.testng.internal.invokers.MethodInvocationHelper.invokeMethod(MethodInvocationHelper.java:135)
	at org.testng.internal.invokers.TestInvoker.invokeMethod(TestInvoker.java:673)
	at org.testng.internal.invokers.TestInvoker.invokeTestMethod(TestInvoker.java:220)
	at org.testng.internal.invokers.MethodRunner.runInSequence(MethodRunner.java:50)
	at org.testng.internal.invokers.TestInvoker$MethodInvocationAgent.invoke(TestInvoker.java:945)
	at org.testng.internal.invokers.TestInvoker.invokeTestMethods(TestInvoker.java:193)
	at org.testng.internal.invokers.TestMethodWorker.invokeTestMethods(TestMethodWorker.java:146)
	at org.testng.internal.invokers.TestMethodWorker.run(TestMethodWorker.java:128)
	at java.base/java.util.concurrent.ThreadPoolExecutor.runWorker(ThreadPoolExecutor.java:1136)
	at java.base/java.util.concurrent.ThreadPoolExecutor$Worker.run(ThreadPoolExecutor.java:635)
	at java.base/java.lang.Thread.run(Thread.java:833)
]]></system-err>
  </testcase>
  <testcase name="PerformInspection_CloseConfirmationPopup" classname="TestCases.PerformInspection" time="6.371">
    <failure message="The following asserts failed:&#10;	expected [true] but found [false]" type="java.lang.AssertionError"><![CDATA[java.lang.AssertionError: 
The following asserts failed:
	expected [true] but found [false]
	at org.testng.asserts.SoftAssert.assertAll(SoftAssert.java:46)
	at org.testng.asserts.SoftAssert.assertAll(SoftAssert.java:30)
	at POM.PerformInspectionUtility.PerformInspection_CloseConfirmationPopup(PerformInspectionUtility.java:625)
	at TestCases.PerformInspection.PerformInspection_CloseConfirmationPopup(PerformInspection.java:113)
	at java.base/jdk.internal.reflect.DirectMethodHandleAccessor.invoke(DirectMethodHandleAccessor.java:104)
	at java.base/java.lang.reflect.Method.invoke(Method.java:577)
	at org.testng.internal.invokers.MethodInvocationHelper.invokeMethod(MethodInvocationHelper.java:135)
	at org.testng.internal.invokers.TestInvoker.invokeMethod(TestInvoker.java:673)
	at org.testng.internal.invokers.TestInvoker.invokeTestMethod(TestInvoker.java:220)
	at org.testng.internal.invokers.MethodRunner.runInSequence(MethodRunner.java:50)
	at org.testng.internal.invokers.TestInvoker$MethodInvocationAgent.invoke(TestInvoker.java:945)
	at org.testng.internal.invokers.TestInvoker.invokeTestMethods(TestInvoker.java:193)
	at org.testng.internal.invokers.TestMethodWorker.invokeTestMethods(TestMethodWorker.java:146)
	at org.testng.internal.invokers.TestMethodWorker.run(TestMethodWorker.java:128)
	at java.base/java.util.concurrent.ThreadPoolExecutor.runWorker(ThreadPoolExecutor.java:1136)
	at java.base/java.util.concurrent.ThreadPoolExecutor$Worker.run(ThreadPoolExecutor.java:635)
	at java.base/java.lang.Thread.run(Thread.java:833)
]]></failure>
    <system-out><![CDATA[2024-07-26 00:11:11,382 [info]: Scroll Into View By.xpath: //span[contains(text(),'Attachments')]//parent::h2//button[@class='attach-btn btn btn-primary']
2024-07-26 00:11:11,779 [info]: Click By JS By.xpath: //span[contains(text(),'Attachments')]//parent::h2//button[@class='attach-btn btn btn-primary']
2024-07-26 00:11:13,625 [info]: Scroll Into View By.xpath: //div[@class='table__pagination-nav-btns']//button[@class='square-btn btn btn-default'][2]
2024-07-26 00:11:13,711 [info]: Scroll Into View By.xpath: //div[@class='table__pagination-nav-btns']//button[@class='square-btn btn btn-default'][2]
2024-07-26 00:11:13,984 [info]: Click By JS By.xpath: //div[@class='table__pagination-nav-btns']//button[@class='square-btn btn btn-default'][2]
2024-07-26 00:11:15,056 [info]: Click By JS By.xpath: //div[@class='footer_actions']/button[2]
2024-07-26 00:11:15,838 [info]: Sendkeys on By.xpath: //input[@placeholder='Enter Text'] with value tkJPJxje
2024-07-26 00:11:16,156 [info]: Sendkeys on By.xpath: //textarea[@name='description'] with value d88iOV10V3go4ibjzESc
Test Failed: PerformInspection_CloseConfirmationPopup
2024-07-26 00:11:16,428 [info]: Clicked on By.xpath: //span[@class='toggle__children']
2024-07-26 00:11:16,737 [info]: Clicked on By.xpath: //label[@title='Delete and Reissue Notice']/following::button[text()='Yes'][1]
2024-07-26 00:11:16,950 [info]: Clicked on By.xpath: //button[text()='Basic']
2024-07-26 00:11:16,977 [info]: Scroll Into View By.xpath: //div[@class='modal-header']//following::button[text() ='Create Role']
0
2024-07-26 00:11:17,197 [info]: Clicked on By.xpath: //div[@class='modal-header']//following::button[text() ='Create Role']
]]></system-out>
    <system-err><![CDATA[org.openqa.selenium.TimeoutException: Expected condition failed: waiting for element to no longer be visible: By.xpath: //button[text()='Create Role'] (tried for 60 second(s) with 1000 milliseconds interval)
Build info: version: '4.11.0', revision: '040bc5406b'
System info: os.name: 'Windows 11', os.arch: 'amd64', os.version: '10.0', java.version: '18.0.2.1'
Driver info: driver.version: unknown
	at org.openqa.selenium.support.ui.FluentWait.timeoutException(FluentWait.java:262)
	at org.openqa.selenium.support.ui.FluentWait.until(FluentWait.java:230)
	at CommonMethods.Helper.waitUntilElementInvisibleLocated(Helper.java:237)
	at POM.UserManagementUtility.UserManagement_VerifyRoleCreationWithProdSettings(UserManagementUtility.java:523)
	at TestCases.UserManagement.UserManagement_VerifyRoleCreationWithProdSettings(UserManagement.java:146)
	at java.base/jdk.internal.reflect.DirectMethodHandleAccessor.invoke(DirectMethodHandleAccessor.java:104)
	at java.base/java.lang.reflect.Method.invoke(Method.java:577)
	at org.testng.internal.invokers.MethodInvocationHelper.invokeMethod(MethodInvocationHelper.java:135)
	at org.testng.internal.invokers.TestInvoker.invokeMethod(TestInvoker.java:673)
	at org.testng.internal.invokers.TestInvoker.invokeTestMethod(TestInvoker.java:220)
	at org.testng.internal.invokers.MethodRunner.runInSequence(MethodRunner.java:50)
	at org.testng.internal.invokers.TestInvoker$MethodInvocationAgent.invoke(TestInvoker.java:945)
	at org.testng.internal.invokers.TestInvoker.invokeTestMethods(TestInvoker.java:193)
	at org.testng.internal.invokers.TestMethodWorker.invokeTestMethods(TestMethodWorker.java:146)
	at org.testng.internal.invokers.TestMethodWorker.run(TestMethodWorker.java:128)
	at java.base/java.util.concurrent.ThreadPoolExecutor.runWorker(ThreadPoolExecutor.java:1136)
	at java.base/java.util.concurrent.ThreadPoolExecutor$Worker.run(ThreadPoolExecutor.java:635)
	at java.base/java.lang.Thread.run(Thread.java:833)
org.openqa.selenium.TimeoutException: Expected condition failed: waiting for element to be clickable: By.xpath: //div[@class='flex-row--center']/button[text()='Cancel'] (tried for 60 second(s) with 500 milliseconds interval)
Build info: version: '4.11.0', revision: '040bc5406b'
System info: os.name: 'Windows 11', os.arch: 'amd64', os.version: '10.0', java.version: '18.0.2.1'
Driver info: org.openqa.selenium.chrome.ChromeDriver
Capabilities {acceptInsecureCerts: false, browserName: chrome, browserVersion: 115.0.5790.170, chrome: {chromedriverVersion: 115.0.5790.170 (cc0d30c2ca5..., userDataDir: C:\Users\SQELAB~1\AppData\L...}, goog:chromeOptions: {debuggerAddress: localhost:55486}, networkConnectionEnabled: false, pageLoadStrategy: normal, platformName: windows, proxy: Proxy(), se:cdp: ws://localhost:55486/devtoo..., se:cdpVersion: 115.0.5790.170, setWindowRect: true, strictFileInteractability: false, timeouts: {implicit: 0, pageLoad: 300000, script: 30000}, unhandledPromptBehavior: dismiss and notify, webauthn:extension:credBlob: true, webauthn:extension:largeBlob: true, webauthn:extension:minPinLength: true, webauthn:extension:prf: true, webauthn:virtualAuthenticators: true}
Session ID: 111408be0ccb80cf16b2c4ac8874894e
	at org.openqa.selenium.support.ui.WebDriverWait.timeoutException(WebDriverWait.java:84)
	at org.openqa.selenium.support.ui.FluentWait.until(FluentWait.java:230)
	at CommonMethods.Helper.clickOn(Helper.java:377)
	at POM.PerformInspectionUtility.PerformInspection_CloseConfirmationPopup(PerformInspectionUtility.java:611)
	at TestCases.PerformInspection.PerformInspection_CloseConfirmationPopup(PerformInspection.java:113)
	at java.base/jdk.internal.reflect.DirectMethodHandleAccessor.invoke(DirectMethodHandleAccessor.java:104)
	at java.base/java.lang.reflect.Method.invoke(Method.java:577)
	at org.testng.internal.invokers.MethodInvocationHelper.invokeMethod(MethodInvocationHelper.java:135)
	at org.testng.internal.invokers.TestInvoker.invokeMethod(TestInvoker.java:673)
	at org.testng.internal.invokers.TestInvoker.invokeTestMethod(TestInvoker.java:220)
	at org.testng.internal.invokers.MethodRunner.runInSequence(MethodRunner.java:50)
	at org.testng.internal.invokers.TestInvoker$MethodInvocationAgent.invoke(TestInvoker.java:945)
	at org.testng.internal.invokers.TestInvoker.invokeTestMethods(TestInvoker.java:193)
	at org.testng.internal.invokers.TestMethodWorker.invokeTestMethods(TestMethodWorker.java:146)
	at org.testng.internal.invokers.TestMethodWorker.run(TestMethodWorker.java:128)
	at java.base/java.util.concurrent.ThreadPoolExecutor.runWorker(ThreadPoolExecutor.java:1136)
	at java.base/java.util.concurrent.ThreadPoolExecutor$Worker.run(ThreadPoolExecutor.java:635)
	at java.base/java.lang.Thread.run(Thread.java:833)
]]></system-err>
  </testcase>
  <testcase name="PerformInspection_VerifySection2Title" classname="TestCases.PerformInspection" time="1.409">
    <system-out><![CDATA[2024-07-26 00:13:18,787 [info]: Sendkeys on By.id: tinymce with value {{photos}}{{photos_without_uploaded_by}}{{open_violations_list}}{{open_violations_comma_separated}}{{fines_table}}
2024-07-26 00:13:18,901 [info]: Click By JS By.xpath: //button[text()='Create Notice']
2024-07-26 00:13:18,925 [info]: Sendkeys on By.xpath: //input[@name='name'] with value Category qvoJK
2024-07-26 00:13:19,137 [info]: Clicked on By.xpath: //button[text()='Add']
2024-07-26 00:13:19,224 [info]: Scroll Into View By.xpath: //span[contains(text(),'Attachments')]//following-sibling::button
2024-07-26 00:13:19,253 [info]: Click By JS By.xpath: (//div[@class='table__pagination-nav-btns']//button)[1]
2024-07-26 00:13:19,325 [info]: Clicked on By.xpath: //div[@class='full-page-modal__header']//following::button[text()='Create Category']
2024-07-26 00:13:19,419 [info]: Click By JS By.xpath: //span[contains(text(),'Attachments')]//following-sibling::button
2024-07-26 00:13:19,854 [info]: Sendkeys on By.xpath: //input[@name='firstName'] with value Prod AdminCRMhlCUxH
Test Passed: PerformInspection_VerifySection2Title
]]></system-out>
    <system-err><![CDATA[org.openqa.selenium.TimeoutException: Expected condition failed: waiting for element to be clickable: By.xpath: //div[@class='multi-choice-buttons']/button[text()='Valid'] (tried for 60 second(s) with 500 milliseconds interval)
Build info: version: '4.11.0', revision: '040bc5406b'
System info: os.name: 'Windows 11', os.arch: 'amd64', os.version: '10.0', java.version: '18.0.2.1'
Driver info: org.openqa.selenium.chrome.ChromeDriver
Capabilities {acceptInsecureCerts: false, browserName: chrome, browserVersion: 115.0.5790.170, chrome: {chromedriverVersion: 115.0.5790.170 (cc0d30c2ca5..., userDataDir: C:\Users\SQELAB~1\AppData\L...}, goog:chromeOptions: {debuggerAddress: localhost:55486}, networkConnectionEnabled: false, pageLoadStrategy: normal, platformName: windows, proxy: Proxy(), se:cdp: ws://localhost:55486/devtoo..., se:cdpVersion: 115.0.5790.170, setWindowRect: true, strictFileInteractability: false, timeouts: {implicit: 0, pageLoad: 300000, script: 30000}, unhandledPromptBehavior: dismiss and notify, webauthn:extension:credBlob: true, webauthn:extension:largeBlob: true, webauthn:extension:minPinLength: true, webauthn:extension:prf: true, webauthn:virtualAuthenticators: true}
Session ID: 111408be0ccb80cf16b2c4ac8874894e
	at org.openqa.selenium.support.ui.WebDriverWait.timeoutException(WebDriverWait.java:84)
	at org.openqa.selenium.support.ui.FluentWait.until(FluentWait.java:230)
	at CommonMethods.Helper.clickOn(Helper.java:377)
	at POM.PerformInspectionUtility.PerformInspection_VerifySection2Title(PerformInspectionUtility.java:634)
	at TestCases.PerformInspection.PerformInspection_VerifySection2Title(PerformInspection.java:118)
	at java.base/jdk.internal.reflect.DirectMethodHandleAccessor.invoke(DirectMethodHandleAccessor.java:104)
	at java.base/java.lang.reflect.Method.invoke(Method.java:577)
	at org.testng.internal.invokers.MethodInvocationHelper.invokeMethod(MethodInvocationHelper.java:135)
	at org.testng.internal.invokers.TestInvoker.invokeMethod(TestInvoker.java:673)
	at org.testng.internal.invokers.TestInvoker.invokeTestMethod(TestInvoker.java:220)
	at org.testng.internal.invokers.MethodRunner.runInSequence(MethodRunner.java:50)
	at org.testng.internal.invokers.TestInvoker$MethodInvocationAgent.invoke(TestInvoker.java:945)
	at org.testng.internal.invokers.TestInvoker.invokeTestMethods(TestInvoker.java:193)
	at org.testng.internal.invokers.TestMethodWorker.invokeTestMethods(TestMethodWorker.java:146)
	at org.testng.internal.invokers.TestMethodWorker.run(TestMethodWorker.java:128)
	at java.base/java.util.concurrent.ThreadPoolExecutor.runWorker(ThreadPoolExecutor.java:1136)
	at java.base/java.util.concurrent.ThreadPoolExecutor$Worker.run(ThreadPoolExecutor.java:635)
	at java.base/java.lang.Thread.run(Thread.java:833)
]]></system-err>
  </testcase>
  <testcase name="PerformInspection_VerifyVoluntaryToggleButtonState" classname="TestCases.PerformInspection" time="1.639">
    <failure message="Expected condition failed: waiting for visibility of element located by By.xpath: //div[@class=&apos;multi-choice-buttons&apos;]/button[text()=&apos;Voluntary&apos;] (tried for 0 second(s) with 500 milliseconds interval)&#10;Build info: version: &apos;4.11.0&apos;, revision: &apos;040bc5406b&apos;&#10;System info: os.name: &apos;Windows 11&apos;, os.arch: &apos;amd64&apos;, os.version: &apos;10.0&apos;, java.version: &apos;18.0.2.1&apos;&#10;Driver info: driver.version: unknown" type="org.openqa.selenium.TimeoutException"><![CDATA[org.openqa.selenium.TimeoutException: 
Expected condition failed: waiting for visibility of element located by By.xpath: //div[@class='multi-choice-buttons']/button[text()='Voluntary'] (tried for 0 second(s) with 500 milliseconds interval)
Build info: version: '4.11.0', revision: '040bc5406b'
System info: os.name: 'Windows 11', os.arch: 'amd64', os.version: '10.0', java.version: '18.0.2.1'
Driver info: driver.version: unknown
	at org.openqa.selenium.support.ui.FluentWait.timeoutException(FluentWait.java:262)
	at org.openqa.selenium.support.ui.FluentWait.until(FluentWait.java:230)
	at CommonMethods.Helper.waitUntilVisibleWE(Helper.java:351)
	at POM.PerformInspectionUtility.PerformInspection_VerifyVoluntaryToggleButtonState(PerformInspectionUtility.java:669)
	at TestCases.PerformInspection.PerformInspection_VerifyVoluntaryToggleButtonState(PerformInspection.java:129)
	at java.base/jdk.internal.reflect.DirectMethodHandleAccessor.invoke(DirectMethodHandleAccessor.java:104)
	at java.base/java.lang.reflect.Method.invoke(Method.java:577)
	at org.testng.internal.invokers.MethodInvocationHelper.invokeMethod(MethodInvocationHelper.java:135)
	at org.testng.internal.invokers.TestInvoker.invokeMethod(TestInvoker.java:673)
	at org.testng.internal.invokers.TestInvoker.invokeTestMethod(TestInvoker.java:220)
	at org.testng.internal.invokers.MethodRunner.runInSequence(MethodRunner.java:50)
	at org.testng.internal.invokers.TestInvoker$MethodInvocationAgent.invoke(TestInvoker.java:945)
	at org.testng.internal.invokers.TestInvoker.invokeTestMethods(TestInvoker.java:193)
	at org.testng.internal.invokers.TestMethodWorker.invokeTestMethods(TestMethodWorker.java:146)
	at org.testng.internal.invokers.TestMethodWorker.run(TestMethodWorker.java:128)
	at java.base/java.util.concurrent.ThreadPoolExecutor.runWorker(ThreadPoolExecutor.java:1136)
	at java.base/java.util.concurrent.ThreadPoolExecutor$Worker.run(ThreadPoolExecutor.java:635)
	at java.base/java.lang.Thread.run(Thread.java:833)
]]></failure>
    <system-out><![CDATA[2024-07-26 00:16:25,190 [info]: Click By JS By.xpath: //div[@class='case-inspection__print-notice']//button[text()='Do Not Print']
2024-07-26 00:16:25,252 [info]: Click By JS By.xpath: //*[@class='case-inspection__notice-action-buttons']//*[text()='Generate Notice']
Test Failed: PerformInspection_VerifyVoluntaryToggleButtonState
2024-07-26 00:16:26,282 [info]: Click By JS By.xpath: //label[text()='Location Required']
]]></system-out>
  </testcase>
  <testcase name="PerformInspection_SelectForcedToggleButton" classname="TestCases.PerformInspection" time="3.014">
    <failure message="Expected condition failed: waiting for visibility of element located by By.xpath: //div[@class=&apos;multi-choice-buttons&apos;]/button[text()=&apos;Forced&apos;] (tried for 0 second(s) with 500 milliseconds interval)&#10;Build info: version: &apos;4.11.0&apos;, revision: &apos;040bc5406b&apos;&#10;System info: os.name: &apos;Windows 11&apos;, os.arch: &apos;amd64&apos;, os.version: &apos;10.0&apos;, java.version: &apos;18.0.2.1&apos;&#10;Driver info: driver.version: unknown" type="org.openqa.selenium.TimeoutException"><![CDATA[org.openqa.selenium.TimeoutException: 
Expected condition failed: waiting for visibility of element located by By.xpath: //div[@class='multi-choice-buttons']/button[text()='Forced'] (tried for 0 second(s) with 500 milliseconds interval)
Build info: version: '4.11.0', revision: '040bc5406b'
System info: os.name: 'Windows 11', os.arch: 'amd64', os.version: '10.0', java.version: '18.0.2.1'
Driver info: driver.version: unknown
	at org.openqa.selenium.support.ui.FluentWait.timeoutException(FluentWait.java:262)
	at org.openqa.selenium.support.ui.FluentWait.until(FluentWait.java:230)
	at CommonMethods.Helper.waitUntilVisibleWE(Helper.java:351)
	at POM.PerformInspectionUtility.PerformInspection_SelectForcedToggleButton(PerformInspectionUtility.java:681)
	at TestCases.PerformInspection.PerformInspection_SelectForcedToggleButton(PerformInspection.java:135)
	at java.base/jdk.internal.reflect.DirectMethodHandleAccessor.invoke(DirectMethodHandleAccessor.java:104)
	at java.base/java.lang.reflect.Method.invoke(Method.java:577)
	at org.testng.internal.invokers.MethodInvocationHelper.invokeMethod(MethodInvocationHelper.java:135)
	at org.testng.internal.invokers.TestInvoker.invokeMethod(TestInvoker.java:673)
	at org.testng.internal.invokers.TestInvoker.invokeTestMethod(TestInvoker.java:220)
	at org.testng.internal.invokers.MethodRunner.runInSequence(MethodRunner.java:50)
	at org.testng.internal.invokers.TestInvoker$MethodInvocationAgent.invoke(TestInvoker.java:945)
	at org.testng.internal.invokers.TestInvoker.invokeTestMethods(TestInvoker.java:193)
	at org.testng.internal.invokers.TestMethodWorker.invokeTestMethods(TestMethodWorker.java:146)
	at org.testng.internal.invokers.TestMethodWorker.run(TestMethodWorker.java:128)
	at java.base/java.util.concurrent.ThreadPoolExecutor.runWorker(ThreadPoolExecutor.java:1136)
	at java.base/java.util.concurrent.ThreadPoolExecutor$Worker.run(ThreadPoolExecutor.java:635)
	at java.base/java.lang.Thread.run(Thread.java:833)
]]></failure>
    <system-out><![CDATA[2024-07-26 00:17:27,544 [info]: Clicked on By.xpath: //label[@for='checkbox-column-outstandingBalance' and text()='Outstanding Balance']
2024-07-26 00:17:28,171 [info]: Clicked on By.xpath: //a[text()='Restore Defaults']
2024-07-26 00:17:28,493 [info]: Clicked on By.xpath: //button[@class='drawer__close']
Test Failed: PerformInspection_SelectForcedToggleButton
2024-07-26 00:17:29,000 [info]: Clicked on By.xpath: //li//b[text()='Amandeep']
2024-07-26 00:17:29,181 [info]: Scroll Into View By.xpath: (//button[text()='Generate Notice'])[2]
2024-07-26 00:17:29,220 [info]: Clicked on By.xpath: //h5[text()='Assign Case To']//parent::div//span[@class='dropdown__arrow']
2024-07-26 00:17:29,675 [info]: Sendkeys on By.xpath: //h5[text()='Assign Case To']//parent::div//input[@placeholder='Start typing name of the assignee'] with value Mark Shane
2024-07-26 00:17:29,978 [info]: Clicked on By.xpath: //div[@class='react-autosuggest__suggestion-element']//b
]]></system-out>
  </testcase>
  <testcase name="PerformInspection_CloseCloseCasePopup" classname="TestCases.PerformInspection" time="5.583">
    <system-out><![CDATA[2024-07-26 00:17:30,329 [info]: Click By JS By.xpath: //div[@class='modal-footer']//button[text()='Cancel']
2024-07-26 00:17:30,595 [info]: Clicked on By.xpath: (//button[text()='Generate Notice'])[2]
2024-07-26 00:17:31,095 [info]: Clicked on By.xpath: //h5[text()='Assign Case To']//parent::div//span[@class='dropdown__arrow']
2024-07-26 00:17:31,251 [info]: Clicked on By.xpath: //h5[text()='Assign Inspection To']//parent::div//span[@class='dropdown__arrow']
2024-07-26 00:17:31,710 [info]: Sendkeys on By.xpath: //h5[text()='Assign Inspection To']//parent::div//input[@placeholder='Start typing name of the assignee'] with value Mark Shane
2024-07-26 00:17:31,940 [info]: Clicked on By.xpath: //div[@class='react-autosuggest__suggestion-element']//b
2024-07-26 00:17:33,057 [info]: Clicked on By.xpath: //h5[text()='Assign Inspection To']//parent::div//span[@class='dropdown__arrow']
2024-07-26 00:17:33,270 [info]: Clicked on By.xpath: //div[@class='modal-footer']//button[2]
2024-07-26 00:17:34,417 [info]: Clicked on By.xpath: //div[@class='case-inspection__print-notice']//button[text()='Queue To Print']
2024-07-26 00:17:34,614 [info]: Scroll Into View By.xpath: (//button[text()='Generate Notice'])[3]
2024-07-26 00:17:35,213 [info]: Scroll Into View By.xpath: //div[text()='Case Created']//following::button[1]
2024-07-26 00:17:35,325 [info]: Click By JS By.xpath: //div[text()='Case Created']//following::button[1]
2024-07-26 00:17:35,562 [info]: Clicked on By.xpath: (//button[text()='Generate Notice'])[3]
Test Passed: PerformInspection_CloseCloseCasePopup
]]></system-out>
    <system-err><![CDATA[org.openqa.selenium.NoSuchElementException: no such element: Unable to locate element: {"method":"xpath","selector":"//img[@src='/assets/loading.gif']"}
  (Session info: chrome=115.0.5790.170)
For documentation on this error, please visit: https://www.selenium.dev/documentation/webdriver/troubleshooting/errors#no-such-element-exception
Build info: version: '4.11.0', revision: '040bc5406b'
System info: os.name: 'Windows 11', os.arch: 'amd64', os.version: '10.0', java.version: '18.0.2.1'
Driver info: org.openqa.selenium.chrome.ChromeDriver
Command: [17815f433c2d03edfeea8d0d43538058, findElement {using=xpath, value=//img[@src='/assets/loading.gif']}]
Capabilities {acceptInsecureCerts: false, browserName: chrome, browserVersion: 115.0.5790.170, chrome: {chromedriverVersion: 115.0.5790.170 (cc0d30c2ca5..., userDataDir: C:\Users\SQELAB~1\AppData\L...}, goog:chromeOptions: {debuggerAddress: localhost:62519}, networkConnectionEnabled: false, pageLoadStrategy: normal, platformName: windows, proxy: Proxy(), se:cdp: ws://localhost:62519/devtoo..., se:cdpVersion: 115.0.5790.170, setWindowRect: true, strictFileInteractability: false, timeouts: {implicit: 0, pageLoad: 300000, script: 30000}, unhandledPromptBehavior: dismiss and notify, webauthn:extension:credBlob: true, webauthn:extension:largeBlob: true, webauthn:extension:minPinLength: true, webauthn:extension:prf: true, webauthn:virtualAuthenticators: true}
Session ID: 17815f433c2d03edfeea8d0d43538058
	at java.base/jdk.internal.reflect.DirectConstructorHandleAccessor.newInstance(DirectConstructorHandleAccessor.java:67)
	at java.base/java.lang.reflect.Constructor.newInstanceWithCaller(Constructor.java:499)
	at java.base/java.lang.reflect.Constructor.newInstance(Constructor.java:483)
	at org.openqa.selenium.remote.codec.w3c.W3CHttpResponseCodec.createException(W3CHttpResponseCodec.java:200)
	at org.openqa.selenium.remote.codec.w3c.W3CHttpResponseCodec.decode(W3CHttpResponseCodec.java:133)
	at org.openqa.selenium.remote.codec.w3c.W3CHttpResponseCodec.decode(W3CHttpResponseCodec.java:52)
	at org.openqa.selenium.remote.HttpCommandExecutor.execute(HttpCommandExecutor.java:191)
	at org.openqa.selenium.remote.service.DriverCommandExecutor.invokeExecute(DriverCommandExecutor.java:196)
	at org.openqa.selenium.remote.service.DriverCommandExecutor.execute(DriverCommandExecutor.java:171)
	at org.openqa.selenium.remote.RemoteWebDriver.execute(RemoteWebDriver.java:518)
	at org.openqa.selenium.remote.ElementLocation$ElementFinder$2.findElement(ElementLocation.java:165)
	at org.openqa.selenium.remote.ElementLocation.findElement(ElementLocation.java:59)
	at org.openqa.selenium.remote.RemoteWebDriver.findElement(RemoteWebDriver.java:355)
	at org.openqa.selenium.remote.RemoteWebDriver.findElement(RemoteWebDriver.java:349)
	at CommonMethods.Helper.waitForCurserRunning(Helper.java:289)
	at POM.CDP_Utility.CDP_VerifyUserAbleToDeleteAndReissueNotice(CDP_Utility.java:766)
	at TestCases.CDP.CDP_VerifyUserAbleToDeleteAndReissueNotice(CDP.java:166)
	at java.base/jdk.internal.reflect.DirectMethodHandleAccessor.invoke(DirectMethodHandleAccessor.java:104)
	at java.base/java.lang.reflect.Method.invoke(Method.java:577)
	at org.testng.internal.invokers.MethodInvocationHelper.invokeMethod(MethodInvocationHelper.java:135)
	at org.testng.internal.invokers.TestInvoker.invokeMethod(TestInvoker.java:673)
	at org.testng.internal.invokers.TestInvoker.invokeTestMethod(TestInvoker.java:220)
	at org.testng.internal.invokers.MethodRunner.runInSequence(MethodRunner.java:50)
	at org.testng.internal.invokers.TestInvoker$MethodInvocationAgent.invoke(TestInvoker.java:945)
	at org.testng.internal.invokers.TestInvoker.invokeTestMethods(TestInvoker.java:193)
	at org.testng.internal.invokers.TestMethodWorker.invokeTestMethods(TestMethodWorker.java:146)
	at org.testng.internal.invokers.TestMethodWorker.run(TestMethodWorker.java:128)
	at java.base/java.util.concurrent.ThreadPoolExecutor.runWorker(ThreadPoolExecutor.java:1136)
	at java.base/java.util.concurrent.ThreadPoolExecutor$Worker.run(ThreadPoolExecutor.java:635)
	at java.base/java.lang.Thread.run(Thread.java:833)
]]></system-err>
  </testcase>
  <testcase name="PerformInspection_VerifySection1Label" classname="TestCases.PerformInspection" time="0.948">
    <failure message="Expected condition failed: waiting for presence of element located by: By.xpath: //div/h2[text()=&apos;Verify Violations&apos;]/following-sibling::label (tried for 60 second(s) with 500 milliseconds interval)" type="org.openqa.selenium.TimeoutException"><![CDATA[org.openqa.selenium.TimeoutException: Expected condition failed: waiting for presence of element located by: By.xpath: //div/h2[text()='Verify Violations']/following-sibling::label (tried for 60 second(s) with 500 milliseconds interval)
	at org.openqa.selenium.support.ui.WebDriverWait.timeoutException(WebDriverWait.java:84)
	at org.openqa.selenium.support.ui.FluentWait.until(FluentWait.java:230)
	at CommonMethods.Helper.getTextElement(Helper.java:426)
	at POM.PerformInspectionUtility.PerformInspection_VerifySection1Label(PerformInspectionUtility.java:763)
	at TestCases.PerformInspection.PerformInspection_VerifySection1Label(PerformInspection.java:161)
	at java.base/jdk.internal.reflect.DirectMethodHandleAccessor.invoke(DirectMethodHandleAccessor.java:104)
	at java.base/java.lang.reflect.Method.invoke(Method.java:577)
	at org.testng.internal.invokers.MethodInvocationHelper.invokeMethod(MethodInvocationHelper.java:135)
	at org.testng.internal.invokers.TestInvoker.invokeMethod(TestInvoker.java:673)
	at org.testng.internal.invokers.TestInvoker.invokeTestMethod(TestInvoker.java:220)
	at org.testng.internal.invokers.MethodRunner.runInSequence(MethodRunner.java:50)
	at org.testng.internal.invokers.TestInvoker$MethodInvocationAgent.invoke(TestInvoker.java:945)
	at org.testng.internal.invokers.TestInvoker.invokeTestMethods(TestInvoker.java:193)
	at org.testng.internal.invokers.TestMethodWorker.invokeTestMethods(TestMethodWorker.java:146)
	at org.testng.internal.invokers.TestMethodWorker.run(TestMethodWorker.java:128)
	at java.base/java.util.concurrent.ThreadPoolExecutor.runWorker(ThreadPoolExecutor.java:1136)
	at java.base/java.util.concurrent.ThreadPoolExecutor$Worker.run(ThreadPoolExecutor.java:635)
	at java.base/java.lang.Thread.run(Thread.java:833)
Caused by: org.openqa.selenium.NoSuchElementException: no such element: Unable to locate element: {"method":"xpath","selector":"//div/h2[text()='Verify Violations']/following-sibling::label"}
  (Session info: chrome=115.0.5790.170)
For documentation on this error, please visit: https://www.selenium.dev/documentation/webdriver/troubleshooting/errors#no-such-element-exception
Build info: version: '4.11.0', revision: '040bc5406b'
System info: os.name: 'Windows 11', os.arch: 'amd64', os.version: '10.0', java.version: '18.0.2.1'
Driver info: org.openqa.selenium.chrome.ChromeDriver
Command: [111408be0ccb80cf16b2c4ac8874894e, findElement {using=xpath, value=//div/h2[text()='Verify Violations']/following-sibling::label}]
Capabilities {acceptInsecureCerts: false, browserName: chrome, browserVersion: 115.0.5790.170, chrome: {chromedriverVersion: 115.0.5790.170 (cc0d30c2ca5..., userDataDir: C:\Users\SQELAB~1\AppData\L...}, goog:chromeOptions: {debuggerAddress: localhost:55486}, networkConnectionEnabled: false, pageLoadStrategy: normal, platformName: windows, proxy: Proxy(), se:cdp: ws://localhost:55486/devtoo..., se:cdpVersion: 115.0.5790.170, setWindowRect: true, strictFileInteractability: false, timeouts: {implicit: 0, pageLoad: 300000, script: 30000}, unhandledPromptBehavior: dismiss and notify, webauthn:extension:credBlob: true, webauthn:extension:largeBlob: true, webauthn:extension:minPinLength: true, webauthn:extension:prf: true, webauthn:virtualAuthenticators: true}
Session ID: 111408be0ccb80cf16b2c4ac8874894e
	at java.base/jdk.internal.reflect.DirectConstructorHandleAccessor.newInstance(DirectConstructorHandleAccessor.java:67)
	at java.base/java.lang.reflect.Constructor.newInstanceWithCaller(Constructor.java:499)
	at java.base/java.lang.reflect.Constructor.newInstance(Constructor.java:483)
	at org.openqa.selenium.remote.codec.w3c.W3CHttpResponseCodec.createException(W3CHttpResponseCodec.java:200)
	at org.openqa.selenium.remote.codec.w3c.W3CHttpResponseCodec.decode(W3CHttpResponseCodec.java:133)
	at org.openqa.selenium.remote.codec.w3c.W3CHttpResponseCodec.decode(W3CHttpResponseCodec.java:52)
	at org.openqa.selenium.remote.HttpCommandExecutor.execute(HttpCommandExecutor.java:191)
	at org.openqa.selenium.remote.service.DriverCommandExecutor.invokeExecute(DriverCommandExecutor.java:196)
	at org.openqa.selenium.remote.service.DriverCommandExecutor.execute(DriverCommandExecutor.java:171)
	at org.openqa.selenium.remote.RemoteWebDriver.execute(RemoteWebDriver.java:518)
	at org.openqa.selenium.remote.ElementLocation$ElementFinder$2.findElement(ElementLocation.java:165)
	at org.openqa.selenium.remote.ElementLocation.findElement(ElementLocation.java:59)
	at org.openqa.selenium.remote.RemoteWebDriver.findElement(RemoteWebDriver.java:355)
	at org.openqa.selenium.remote.RemoteWebDriver.findElement(RemoteWebDriver.java:349)
	at org.openqa.selenium.support.ui.ExpectedConditions$6.apply(ExpectedConditions.java:171)
	at org.openqa.selenium.support.ui.ExpectedConditions$6.apply(ExpectedConditions.java:168)
	at org.openqa.selenium.support.ui.FluentWait.until(FluentWait.java:205)
	... 16 more
]]></failure>
  </testcase>
  <testcase name="PerformInspection_VerifySection3Title" classname="TestCases.PerformInspection" time="14.722">
    <system-out><![CDATA[2024-07-26 00:33:40,557 [info]: GetText fromBy.xpath: //h1[text()='Create Agency']
2024-07-26 00:33:40,636 [info]: Click By JS By.xpath: //h1[text()='Create Agency']/following::button[2]
2024-07-26 00:33:40,897 [info]: Clicked on By.xpath: //div[text()='Code Enforcement']
2024-07-26 00:33:43,081 [info]: GetText fromBy.xpath: //div[text()='Add & Configure Code Enforcement']
2024-07-26 00:33:43,321 [info]: Clicked on By.xpath: //button[text()='Add Code Enforcement']
2024-07-26 00:33:43,388 [info]: GetText fromBy.xpath: //div[@class='product-form__info']//span
2024-07-26 00:33:43,633 [info]: Sendkeys on By.xpath: //div[@class='product-form__info']//input with value mJhCXscyPoTkKptSuklyu
2024-07-26 00:33:43,746 [info]: Clicked on By.xpath: //button[text()='Add Code Enforcement']
2024-07-26 00:33:43,786 [info]: GetText fromBy.xpath: //div[@class='product-form__info']//span
2024-07-26 00:33:43,955 [info]: Cleared value from By.xpath: //div[@class='product-form__info']//input
2024-07-26 00:33:44,116 [info]: Sendkeys on By.xpath: //div[@class='product-form__info']//input with value CE
2024-07-26 00:33:44,348 [info]: Clicked on By.xpath: //span[text()='General']
2024-07-26 00:33:44,550 [info]: Clicked on By.xpath: //span[text()='Animal']
2024-07-26 00:33:44,661 [info]: Click By JS By.xpath: //span[contains(text(),'Fines Tracking')]
2024-07-26 00:33:44,846 [info]: Clicked on By.xpath: //button[text()='Add Code Enforcement']
2024-07-26 00:33:44,932 [info]: GetText fromBy.xpath: //div[@class='agency-form__product-header-title']/h4[1]
2024-07-26 00:33:45,034 [info]: GetText fromBy.xpath: //label[contains(text(),'Fines Tracking:')]//span
2024-07-26 00:33:45,274 [info]: Clicked on By.xpath: //div[text()='CRM']
Test Passed: PerformInspection_VerifySection3Title
]]></system-out>
    <system-err><![CDATA[org.openqa.selenium.TimeoutException: Expected condition failed: waiting for presence of any elements located by By.xpath: //div[@class='notice-list row']//button (tried for 60 second(s) with 500 milliseconds interval)
Build info: version: '4.11.0', revision: '040bc5406b'
System info: os.name: 'Windows 11', os.arch: 'amd64', os.version: '10.0', java.version: '18.0.2.1'
Driver info: org.openqa.selenium.chrome.ChromeDriver
Capabilities {acceptInsecureCerts: false, browserName: chrome, browserVersion: 115.0.5790.170, chrome: {chromedriverVersion: 115.0.5790.170 (cc0d30c2ca5..., userDataDir: C:\Users\SQELAB~1\AppData\L...}, goog:chromeOptions: {debuggerAddress: localhost:55486}, networkConnectionEnabled: false, pageLoadStrategy: normal, platformName: windows, proxy: Proxy(), se:cdp: ws://localhost:55486/devtoo..., se:cdpVersion: 115.0.5790.170, setWindowRect: true, strictFileInteractability: false, timeouts: {implicit: 0, pageLoad: 300000, script: 30000}, unhandledPromptBehavior: dismiss and notify, webauthn:extension:credBlob: true, webauthn:extension:largeBlob: true, webauthn:extension:minPinLength: true, webauthn:extension:prf: true, webauthn:virtualAuthenticators: true}
Session ID: 111408be0ccb80cf16b2c4ac8874894e
	at org.openqa.selenium.support.ui.WebDriverWait.timeoutException(WebDriverWait.java:84)
	at org.openqa.selenium.support.ui.FluentWait.until(FluentWait.java:230)
	at CommonMethods.Helper.waitUntilVisibleList(Helper.java:372)
	at POM.PerformInspectionUtility.PerformInspection_VerifySection3Title(PerformInspectionUtility.java:839)
	at TestCases.PerformInspection.PerformInspection_VerifySection3Title(PerformInspection.java:181)
	at java.base/jdk.internal.reflect.DirectMethodHandleAccessor.invoke(DirectMethodHandleAccessor.java:104)
	at java.base/java.lang.reflect.Method.invoke(Method.java:577)
	at org.testng.internal.invokers.MethodInvocationHelper.invokeMethod(MethodInvocationHelper.java:135)
	at org.testng.internal.invokers.TestInvoker.invokeMethod(TestInvoker.java:673)
	at org.testng.internal.invokers.TestInvoker.invokeTestMethod(TestInvoker.java:220)
	at org.testng.internal.invokers.MethodRunner.runInSequence(MethodRunner.java:50)
	at org.testng.internal.invokers.TestInvoker$MethodInvocationAgent.invoke(TestInvoker.java:945)
	at org.testng.internal.invokers.TestInvoker.invokeTestMethods(TestInvoker.java:193)
	at org.testng.internal.invokers.TestMethodWorker.invokeTestMethods(TestMethodWorker.java:146)
	at org.testng.internal.invokers.TestMethodWorker.run(TestMethodWorker.java:128)
	at java.base/java.util.concurrent.ThreadPoolExecutor.runWorker(ThreadPoolExecutor.java:1136)
	at java.base/java.util.concurrent.ThreadPoolExecutor$Worker.run(ThreadPoolExecutor.java:635)
	at java.base/java.lang.Thread.run(Thread.java:833)
]]></system-err>
  </testcase>
  <testcase name="PerformInspection_SelectNoNoticeRequiredCheckbox" classname="TestCases.PerformInspection" time="62.672">
    <failure message="Expected condition failed: waiting for visibility of element located by By.xpath: //button[text()=&apos;No Notice&apos;] (tried for 0 second(s) with 500 milliseconds interval)&#10;Build info: version: &apos;4.11.0&apos;, revision: &apos;040bc5406b&apos;&#10;System info: os.name: &apos;Windows 11&apos;, os.arch: &apos;amd64&apos;, os.version: &apos;10.0&apos;, java.version: &apos;18.0.2.1&apos;&#10;Driver info: driver.version: unknown" type="org.openqa.selenium.TimeoutException"><![CDATA[org.openqa.selenium.TimeoutException: 
Expected condition failed: waiting for visibility of element located by By.xpath: //button[text()='No Notice'] (tried for 0 second(s) with 500 milliseconds interval)
Build info: version: '4.11.0', revision: '040bc5406b'
System info: os.name: 'Windows 11', os.arch: 'amd64', os.version: '10.0', java.version: '18.0.2.1'
Driver info: driver.version: unknown
	at org.openqa.selenium.support.ui.FluentWait.timeoutException(FluentWait.java:262)
	at org.openqa.selenium.support.ui.FluentWait.until(FluentWait.java:230)
	at CommonMethods.Helper.waitUntilVisibleWE(Helper.java:351)
	at POM.PerformInspectionUtility.PerformInspection_SelectNoNoticeRequiredCheckbox(PerformInspectionUtility.java:864)
	at TestCases.PerformInspection.PerformInspection_SelectNoNoticeRequiredCheckbox(PerformInspection.java:186)
	at java.base/jdk.internal.reflect.DirectMethodHandleAccessor.invoke(DirectMethodHandleAccessor.java:104)
	at java.base/java.lang.reflect.Method.invoke(Method.java:577)
	at org.testng.internal.invokers.MethodInvocationHelper.invokeMethod(MethodInvocationHelper.java:135)
	at org.testng.internal.invokers.TestInvoker.invokeMethod(TestInvoker.java:673)
	at org.testng.internal.invokers.TestInvoker.invokeTestMethod(TestInvoker.java:220)
	at org.testng.internal.invokers.MethodRunner.runInSequence(MethodRunner.java:50)
	at org.testng.internal.invokers.TestInvoker$MethodInvocationAgent.invoke(TestInvoker.java:945)
	at org.testng.internal.invokers.TestInvoker.invokeTestMethods(TestInvoker.java:193)
	at org.testng.internal.invokers.TestMethodWorker.invokeTestMethods(TestMethodWorker.java:146)
	at org.testng.internal.invokers.TestMethodWorker.run(TestMethodWorker.java:128)
	at java.base/java.util.concurrent.ThreadPoolExecutor.runWorker(ThreadPoolExecutor.java:1136)
	at java.base/java.util.concurrent.ThreadPoolExecutor$Worker.run(ThreadPoolExecutor.java:635)
	at java.base/java.lang.Thread.run(Thread.java:833)
]]></failure>
    <system-out><![CDATA[Test Failed: PerformInspection_SelectNoNoticeRequiredCheckbox
]]></system-out>
  </testcase>
  <testcase name="PerformInspection_VerifyIssueNoticeAndCompleteInspectionButton" classname="TestCases.PerformInspection" time="61.466">
    <system-out><![CDATA[Test Failed: PerformInspection_UpdateNoticeIssueDate
Test Passed: PerformInspection_VerifyIssueNoticeAndCompleteInspectionButton
]]></system-out>
    <system-err><![CDATA[org.openqa.selenium.TimeoutException: Expected condition failed: waiting for element to be clickable: By.xpath: //button[text()='New Notice'] (tried for 60 second(s) with 1000 milliseconds interval)
Build info: version: '4.11.0', revision: '040bc5406b'
System info: os.name: 'Windows 11', os.arch: 'amd64', os.version: '10.0', java.version: '18.0.2.1'
Driver info: driver.version: unknown
	at org.openqa.selenium.support.ui.FluentWait.timeoutException(FluentWait.java:262)
	at org.openqa.selenium.support.ui.FluentWait.until(FluentWait.java:230)
	at CommonMethods.Helper.waitForElementIsInteractable(Helper.java:199)
	at POM.PerformInspectionUtility.PerformInspection_UpdateNoticeIssueDate(PerformInspectionUtility.java:877)
	at TestCases.PerformInspection.PerformInspection_UpdateNoticeIssueDate(PerformInspection.java:192)
	at java.base/jdk.internal.reflect.DirectMethodHandleAccessor.invoke(DirectMethodHandleAccessor.java:104)
	at java.base/java.lang.reflect.Method.invoke(Method.java:577)
	at org.testng.internal.invokers.MethodInvocationHelper.invokeMethod(MethodInvocationHelper.java:135)
	at org.testng.internal.invokers.TestInvoker.invokeMethod(TestInvoker.java:673)
	at org.testng.internal.invokers.TestInvoker.invokeTestMethod(TestInvoker.java:220)
	at org.testng.internal.invokers.MethodRunner.runInSequence(MethodRunner.java:50)
	at org.testng.internal.invokers.TestInvoker$MethodInvocationAgent.invoke(TestInvoker.java:945)
	at org.testng.internal.invokers.TestInvoker.invokeTestMethods(TestInvoker.java:193)
	at org.testng.internal.invokers.TestMethodWorker.invokeTestMethods(TestMethodWorker.java:146)
	at org.testng.internal.invokers.TestMethodWorker.run(TestMethodWorker.java:128)
	at java.base/java.util.concurrent.ThreadPoolExecutor.runWorker(ThreadPoolExecutor.java:1136)
	at java.base/java.util.concurrent.ThreadPoolExecutor$Worker.run(ThreadPoolExecutor.java:635)
	at java.base/java.lang.Thread.run(Thread.java:833)
org.openqa.selenium.TimeoutException: Expected condition failed: waiting for element to be clickable: By.xpath: //button[text()='New Notice'] (tried for 60 second(s) with 500 milliseconds interval)
Build info: version: '4.11.0', revision: '040bc5406b'
System info: os.name: 'Windows 11', os.arch: 'amd64', os.version: '10.0', java.version: '18.0.2.1'
Driver info: org.openqa.selenium.chrome.ChromeDriver
Capabilities {acceptInsecureCerts: false, browserName: chrome, browserVersion: 115.0.5790.170, chrome: {chromedriverVersion: 115.0.5790.170 (cc0d30c2ca5..., userDataDir: C:\Users\SQELAB~1\AppData\L...}, goog:chromeOptions: {debuggerAddress: localhost:55486}, networkConnectionEnabled: false, pageLoadStrategy: normal, platformName: windows, proxy: Proxy(), se:cdp: ws://localhost:55486/devtoo..., se:cdpVersion: 115.0.5790.170, setWindowRect: true, strictFileInteractability: false, timeouts: {implicit: 0, pageLoad: 300000, script: 30000}, unhandledPromptBehavior: dismiss and notify, webauthn:extension:credBlob: true, webauthn:extension:largeBlob: true, webauthn:extension:minPinLength: true, webauthn:extension:prf: true, webauthn:virtualAuthenticators: true}
Session ID: 111408be0ccb80cf16b2c4ac8874894e
	at org.openqa.selenium.support.ui.WebDriverWait.timeoutException(WebDriverWait.java:84)
	at org.openqa.selenium.support.ui.FluentWait.until(FluentWait.java:230)
	at CommonMethods.Helper.clickOn(Helper.java:377)
	at POM.PerformInspectionUtility.PerformInspection_VerifyIssueNoticeAndCompleteInspectionButton(PerformInspectionUtility.java:896)
	at TestCases.PerformInspection.PerformInspection_VerifyIssueNoticeAndCompleteInspectionButton(PerformInspection.java:198)
	at java.base/jdk.internal.reflect.DirectMethodHandleAccessor.invoke(DirectMethodHandleAccessor.java:104)
	at java.base/java.lang.reflect.Method.invoke(Method.java:577)
	at org.testng.internal.invokers.MethodInvocationHelper.invokeMethod(MethodInvocationHelper.java:135)
	at org.testng.internal.invokers.TestInvoker.invokeMethod(TestInvoker.java:673)
	at org.testng.internal.invokers.TestInvoker.invokeTestMethod(TestInvoker.java:220)
	at org.testng.internal.invokers.MethodRunner.runInSequence(MethodRunner.java:50)
	at org.testng.internal.invokers.TestInvoker$MethodInvocationAgent.invoke(TestInvoker.java:945)
	at org.testng.internal.invokers.TestInvoker.invokeTestMethods(TestInvoker.java:193)
	at org.testng.internal.invokers.TestMethodWorker.invokeTestMethods(TestMethodWorker.java:146)
	at org.testng.internal.invokers.TestMethodWorker.run(TestMethodWorker.java:128)
	at java.base/java.util.concurrent.ThreadPoolExecutor.runWorker(ThreadPoolExecutor.java:1136)
	at java.base/java.util.concurrent.ThreadPoolExecutor$Worker.run(ThreadPoolExecutor.java:635)
	at java.base/java.lang.Thread.run(Thread.java:833)
]]></system-err>
  </testcase>
  <testcase name="PerformInspection_VerifyViolationsUnderReviewOpenViolations" classname="TestCases.PerformInspection" time="120.413">
    <system-out><![CDATA[0
Test Failed: PerformInspection_VerifyContinueButtonPresenceOnHtmlSelected
Test Passed: PerformInspection_VerifyViolationsUnderReviewOpenViolations
]]></system-out>
    <system-err><![CDATA[org.openqa.selenium.TimeoutException: Expected condition failed: waiting for element to be clickable: By.xpath: //h2[text()='Verify Violations']/preceding-sibling::div (tried for 60 second(s) with 1000 milliseconds interval)
Build info: version: '4.11.0', revision: '040bc5406b'
System info: os.name: 'Windows 11', os.arch: 'amd64', os.version: '10.0', java.version: '18.0.2.1'
Driver info: driver.version: unknown
	at org.openqa.selenium.support.ui.FluentWait.timeoutException(FluentWait.java:262)
	at org.openqa.selenium.support.ui.FluentWait.until(FluentWait.java:230)
	at CommonMethods.Helper.waitForElementIsInteractable(Helper.java:199)
	at POM.PerformInspectionUtility.PerformInspection_VerifyViolationsUnderReviewOpenViolations(PerformInspectionUtility.java:990)
	at TestCases.PerformInspection.PerformInspection_VerifyViolationsUnderReviewOpenViolations(PerformInspection.java:209)
	at java.base/jdk.internal.reflect.DirectMethodHandleAccessor.invoke(DirectMethodHandleAccessor.java:104)
	at java.base/java.lang.reflect.Method.invoke(Method.java:577)
	at org.testng.internal.invokers.MethodInvocationHelper.invokeMethod(MethodInvocationHelper.java:135)
	at org.testng.internal.invokers.TestInvoker.invokeMethod(TestInvoker.java:673)
	at org.testng.internal.invokers.TestInvoker.invokeTestMethod(TestInvoker.java:220)
	at org.testng.internal.invokers.MethodRunner.runInSequence(MethodRunner.java:50)
	at org.testng.internal.invokers.TestInvoker$MethodInvocationAgent.invoke(TestInvoker.java:945)
	at org.testng.internal.invokers.TestInvoker.invokeTestMethods(TestInvoker.java:193)
	at org.testng.internal.invokers.TestMethodWorker.invokeTestMethods(TestMethodWorker.java:146)
	at org.testng.internal.invokers.TestMethodWorker.run(TestMethodWorker.java:128)
	at java.base/java.util.concurrent.ThreadPoolExecutor.runWorker(ThreadPoolExecutor.java:1136)
	at java.base/java.util.concurrent.ThreadPoolExecutor$Worker.run(ThreadPoolExecutor.java:635)
	at java.base/java.lang.Thread.run(Thread.java:833)
org.openqa.selenium.TimeoutException: Expected condition failed: waiting for element to be clickable: By.xpath: //h2[text()='Verify Violations']/preceding-sibling::div (tried for 60 second(s) with 500 milliseconds interval)
Build info: version: '4.11.0', revision: '040bc5406b'
System info: os.name: 'Windows 11', os.arch: 'amd64', os.version: '10.0', java.version: '18.0.2.1'
Driver info: org.openqa.selenium.chrome.ChromeDriver
Capabilities {acceptInsecureCerts: false, browserName: chrome, browserVersion: 115.0.5790.170, chrome: {chromedriverVersion: 115.0.5790.170 (cc0d30c2ca5..., userDataDir: C:\Users\SQELAB~1\AppData\L...}, goog:chromeOptions: {debuggerAddress: localhost:55486}, networkConnectionEnabled: false, pageLoadStrategy: normal, platformName: windows, proxy: Proxy(), se:cdp: ws://localhost:55486/devtoo..., se:cdpVersion: 115.0.5790.170, setWindowRect: true, strictFileInteractability: false, timeouts: {implicit: 0, pageLoad: 300000, script: 30000}, unhandledPromptBehavior: dismiss and notify, webauthn:extension:credBlob: true, webauthn:extension:largeBlob: true, webauthn:extension:minPinLength: true, webauthn:extension:prf: true, webauthn:virtualAuthenticators: true}
Session ID: 111408be0ccb80cf16b2c4ac8874894e
	at org.openqa.selenium.support.ui.WebDriverWait.timeoutException(WebDriverWait.java:84)
	at org.openqa.selenium.support.ui.FluentWait.until(FluentWait.java:230)
	at CommonMethods.Helper.clickOn(Helper.java:377)
	at POM.PerformInspectionUtility.PerformInspection_VerifyViolationsUnderReviewOpenViolations(PerformInspectionUtility.java:991)
	at TestCases.PerformInspection.PerformInspection_VerifyViolationsUnderReviewOpenViolations(PerformInspection.java:209)
	at java.base/jdk.internal.reflect.DirectMethodHandleAccessor.invoke(DirectMethodHandleAccessor.java:104)
	at java.base/java.lang.reflect.Method.invoke(Method.java:577)
	at org.testng.internal.invokers.MethodInvocationHelper.invokeMethod(MethodInvocationHelper.java:135)
	at org.testng.internal.invokers.TestInvoker.invokeMethod(TestInvoker.java:673)
	at org.testng.internal.invokers.TestInvoker.invokeTestMethod(TestInvoker.java:220)
	at org.testng.internal.invokers.MethodRunner.runInSequence(MethodRunner.java:50)
	at org.testng.internal.invokers.TestInvoker$MethodInvocationAgent.invoke(TestInvoker.java:945)
	at org.testng.internal.invokers.TestInvoker.invokeTestMethods(TestInvoker.java:193)
	at org.testng.internal.invokers.TestMethodWorker.invokeTestMethods(TestMethodWorker.java:146)
	at org.testng.internal.invokers.TestMethodWorker.run(TestMethodWorker.java:128)
	at java.base/java.util.concurrent.ThreadPoolExecutor.runWorker(ThreadPoolExecutor.java:1136)
	at java.base/java.util.concurrent.ThreadPoolExecutor$Worker.run(ThreadPoolExecutor.java:635)
	at java.base/java.lang.Thread.run(Thread.java:833)
]]></system-err>
  </testcase>
  <testcase name="PerformInspection_UpdateComplyByDate" classname="TestCases.PerformInspection" time="120.656">
    <system-out><![CDATA[Test Passed: PerformInspection_UpdateComplyByDate
]]></system-out>
    <system-err><![CDATA[org.openqa.selenium.TimeoutException: Expected condition failed: waiting for visibility of element located by By.xpath: (//input[@name='complyByDate'])[1] (tried for 60 second(s) with 1000 milliseconds interval)
Build info: version: '4.11.0', revision: '040bc5406b'
System info: os.name: 'Windows 11', os.arch: 'amd64', os.version: '10.0', java.version: '18.0.2.1'
Driver info: driver.version: unknown
	at org.openqa.selenium.support.ui.FluentWait.timeoutException(FluentWait.java:262)
	at org.openqa.selenium.support.ui.FluentWait.until(FluentWait.java:230)
	at CommonMethods.Helper.waitUntilElementIsVisible(Helper.java:148)
	at POM.PerformInspectionUtility.PerformInspection_UpdateComplyByDate(PerformInspectionUtility.java:1025)
	at TestCases.PerformInspection.PerformInspection_UpdateComplyByDate(PerformInspection.java:214)
	at java.base/jdk.internal.reflect.DirectMethodHandleAccessor.invoke(DirectMethodHandleAccessor.java:104)
	at java.base/java.lang.reflect.Method.invoke(Method.java:577)
	at org.testng.internal.invokers.MethodInvocationHelper.invokeMethod(MethodInvocationHelper.java:135)
	at org.testng.internal.invokers.TestInvoker.invokeMethod(TestInvoker.java:673)
	at org.testng.internal.invokers.TestInvoker.invokeTestMethod(TestInvoker.java:220)
	at org.testng.internal.invokers.MethodRunner.runInSequence(MethodRunner.java:50)
	at org.testng.internal.invokers.TestInvoker$MethodInvocationAgent.invoke(TestInvoker.java:945)
	at org.testng.internal.invokers.TestInvoker.invokeTestMethods(TestInvoker.java:193)
	at org.testng.internal.invokers.TestMethodWorker.invokeTestMethods(TestMethodWorker.java:146)
	at org.testng.internal.invokers.TestMethodWorker.run(TestMethodWorker.java:128)
	at java.base/java.util.concurrent.ThreadPoolExecutor.runWorker(ThreadPoolExecutor.java:1136)
	at java.base/java.util.concurrent.ThreadPoolExecutor$Worker.run(ThreadPoolExecutor.java:635)
	at java.base/java.lang.Thread.run(Thread.java:833)
org.openqa.selenium.TimeoutException: Expected condition failed: waiting for visibility of element located by By.xpath: (//input[@name='complyByDate'])[1] (tried for 60 second(s) with 500 milliseconds interval)
Build info: version: '4.11.0', revision: '040bc5406b'
System info: os.name: 'Windows 11', os.arch: 'amd64', os.version: '10.0', java.version: '18.0.2.1'
Driver info: org.openqa.selenium.chrome.ChromeDriver
Capabilities {acceptInsecureCerts: false, browserName: chrome, browserVersion: 115.0.5790.170, chrome: {chromedriverVersion: 115.0.5790.170 (cc0d30c2ca5..., userDataDir: C:\Users\SQELAB~1\AppData\L...}, goog:chromeOptions: {debuggerAddress: localhost:55486}, networkConnectionEnabled: false, pageLoadStrategy: normal, platformName: windows, proxy: Proxy(), se:cdp: ws://localhost:55486/devtoo..., se:cdpVersion: 115.0.5790.170, setWindowRect: true, strictFileInteractability: false, timeouts: {implicit: 0, pageLoad: 300000, script: 30000}, unhandledPromptBehavior: dismiss and notify, webauthn:extension:credBlob: true, webauthn:extension:largeBlob: true, webauthn:extension:minPinLength: true, webauthn:extension:prf: true, webauthn:virtualAuthenticators: true}
Session ID: 111408be0ccb80cf16b2c4ac8874894e
	at org.openqa.selenium.support.ui.WebDriverWait.timeoutException(WebDriverWait.java:84)
	at org.openqa.selenium.support.ui.FluentWait.until(FluentWait.java:230)
	at CommonMethods.Helper.findElement(Helper.java:633)
	at POM.PerformInspectionUtility.PerformInspection_UpdateComplyByDate(PerformInspectionUtility.java:1026)
	at TestCases.PerformInspection.PerformInspection_UpdateComplyByDate(PerformInspection.java:214)
	at java.base/jdk.internal.reflect.DirectMethodHandleAccessor.invoke(DirectMethodHandleAccessor.java:104)
	at java.base/java.lang.reflect.Method.invoke(Method.java:577)
	at org.testng.internal.invokers.MethodInvocationHelper.invokeMethod(MethodInvocationHelper.java:135)
	at org.testng.internal.invokers.TestInvoker.invokeMethod(TestInvoker.java:673)
	at org.testng.internal.invokers.TestInvoker.invokeTestMethod(TestInvoker.java:220)
	at org.testng.internal.invokers.MethodRunner.runInSequence(MethodRunner.java:50)
	at org.testng.internal.invokers.TestInvoker$MethodInvocationAgent.invoke(TestInvoker.java:945)
	at org.testng.internal.invokers.TestInvoker.invokeTestMethods(TestInvoker.java:193)
	at org.testng.internal.invokers.TestMethodWorker.invokeTestMethods(TestMethodWorker.java:146)
	at org.testng.internal.invokers.TestMethodWorker.run(TestMethodWorker.java:128)
	at java.base/java.util.concurrent.ThreadPoolExecutor.runWorker(ThreadPoolExecutor.java:1136)
	at java.base/java.util.concurrent.ThreadPoolExecutor$Worker.run(ThreadPoolExecutor.java:635)
	at java.base/java.lang.Thread.run(Thread.java:833)
]]></system-err>
  </testcase>
  <testcase name="PerformInspection_UpdateFollowUpInspectionDate" classname="TestCases.PerformInspection" time="62.801">
    <failure message="Expected condition failed: waiting for visibility of element located by By.xpath: //input[@name=&apos;inspectionPlannedDate&apos;] (tried for 0 second(s) with 500 milliseconds interval)&#10;Build info: version: &apos;4.11.0&apos;, revision: &apos;040bc5406b&apos;&#10;System info: os.name: &apos;Windows 11&apos;, os.arch: &apos;amd64&apos;, os.version: &apos;10.0&apos;, java.version: &apos;18.0.2.1&apos;&#10;Driver info: driver.version: unknown" type="org.openqa.selenium.TimeoutException"><![CDATA[org.openqa.selenium.TimeoutException: 
Expected condition failed: waiting for visibility of element located by By.xpath: //input[@name='inspectionPlannedDate'] (tried for 0 second(s) with 500 milliseconds interval)
Build info: version: '4.11.0', revision: '040bc5406b'
System info: os.name: 'Windows 11', os.arch: 'amd64', os.version: '10.0', java.version: '18.0.2.1'
Driver info: driver.version: unknown
	at org.openqa.selenium.support.ui.FluentWait.timeoutException(FluentWait.java:262)
	at org.openqa.selenium.support.ui.FluentWait.until(FluentWait.java:230)
	at CommonMethods.Helper.waitUntilVisibleWE(Helper.java:351)
	at POM.PerformInspectionUtility.PerformInspection_UpdateFollowUpInspectionDate(PerformInspectionUtility.java:1053)
	at TestCases.PerformInspection.PerformInspection_UpdateFollowUpInspectionDate(PerformInspection.java:219)
	at java.base/jdk.internal.reflect.DirectMethodHandleAccessor.invoke(DirectMethodHandleAccessor.java:104)
	at java.base/java.lang.reflect.Method.invoke(Method.java:577)
	at org.testng.internal.invokers.MethodInvocationHelper.invokeMethod(MethodInvocationHelper.java:135)
	at org.testng.internal.invokers.TestInvoker.invokeMethod(TestInvoker.java:673)
	at org.testng.internal.invokers.TestInvoker.invokeTestMethod(TestInvoker.java:220)
	at org.testng.internal.invokers.MethodRunner.runInSequence(MethodRunner.java:50)
	at org.testng.internal.invokers.TestInvoker$MethodInvocationAgent.invoke(TestInvoker.java:945)
	at org.testng.internal.invokers.TestInvoker.invokeTestMethods(TestInvoker.java:193)
	at org.testng.internal.invokers.TestMethodWorker.invokeTestMethods(TestMethodWorker.java:146)
	at org.testng.internal.invokers.TestMethodWorker.run(TestMethodWorker.java:128)
	at java.base/java.util.concurrent.ThreadPoolExecutor.runWorker(ThreadPoolExecutor.java:1136)
	at java.base/java.util.concurrent.ThreadPoolExecutor$Worker.run(ThreadPoolExecutor.java:635)
	at java.base/java.lang.Thread.run(Thread.java:833)
]]></failure>
    <system-out><![CDATA[Test Failed: PerformInspection_UpdateFollowUpInspectionDate
]]></system-out>
  </testcase>
  <testcase name="PerformInspection_VerifyLoggedInUserToggleButtonState" classname="TestCases.PerformInspection" time="63.785">
    <failure message="Expected condition failed: waiting for visibility of element located by By.xpath: //label[@title=&apos;Follow-up inspection assignee&apos;]//parent::div//following-sibling::div//button[@class=&apos;square-btn btn btn-primary&apos;] (tried for 0 second(s) with 500 milliseconds interval)&#10;Build info: version: &apos;4.11.0&apos;, revision: &apos;040bc5406b&apos;&#10;System info: os.name: &apos;Windows 11&apos;, os.arch: &apos;amd64&apos;, os.version: &apos;10.0&apos;, java.version: &apos;18.0.2.1&apos;&#10;Driver info: driver.version: unknown" type="org.openqa.selenium.TimeoutException"><![CDATA[org.openqa.selenium.TimeoutException: 
Expected condition failed: waiting for visibility of element located by By.xpath: //label[@title='Follow-up inspection assignee']//parent::div//following-sibling::div//button[@class='square-btn btn btn-primary'] (tried for 0 second(s) with 500 milliseconds interval)
Build info: version: '4.11.0', revision: '040bc5406b'
System info: os.name: 'Windows 11', os.arch: 'amd64', os.version: '10.0', java.version: '18.0.2.1'
Driver info: driver.version: unknown
	at org.openqa.selenium.support.ui.FluentWait.timeoutException(FluentWait.java:262)
	at org.openqa.selenium.support.ui.FluentWait.until(FluentWait.java:230)
	at CommonMethods.Helper.waitUntilVisibleWE(Helper.java:351)
	at POM.PerformInspectionUtility.PerformInspection_VerifyLoggedInUserToggleButtonState(PerformInspectionUtility.java:1069)
	at TestCases.PerformInspection.PerformInspection_VerifyLoggedInUserToggleButtonState(PerformInspection.java:225)
	at java.base/jdk.internal.reflect.DirectMethodHandleAccessor.invoke(DirectMethodHandleAccessor.java:104)
	at java.base/java.lang.reflect.Method.invoke(Method.java:577)
	at org.testng.internal.invokers.MethodInvocationHelper.invokeMethod(MethodInvocationHelper.java:135)
	at org.testng.internal.invokers.TestInvoker.invokeMethod(TestInvoker.java:673)
	at org.testng.internal.invokers.TestInvoker.invokeTestMethod(TestInvoker.java:220)
	at org.testng.internal.invokers.MethodRunner.runInSequence(MethodRunner.java:50)
	at org.testng.internal.invokers.TestInvoker$MethodInvocationAgent.invoke(TestInvoker.java:945)
	at org.testng.internal.invokers.TestInvoker.invokeTestMethods(TestInvoker.java:193)
	at org.testng.internal.invokers.TestMethodWorker.invokeTestMethods(TestMethodWorker.java:146)
	at org.testng.internal.invokers.TestMethodWorker.run(TestMethodWorker.java:128)
	at java.base/java.util.concurrent.ThreadPoolExecutor.runWorker(ThreadPoolExecutor.java:1136)
	at java.base/java.util.concurrent.ThreadPoolExecutor$Worker.run(ThreadPoolExecutor.java:635)
	at java.base/java.lang.Thread.run(Thread.java:833)
]]></failure>
    <system-out><![CDATA[Test Failed: PerformInspection_VerifyLoggedInUserToggleButtonState
]]></system-out>
  </testcase>
  <testcase name="PerformInspection_EnterCertifiedMailNumber" classname="TestCases.PerformInspection" time="62.527">
    <failure message="Expected condition failed: waiting for presence of element located by: By.xpath: //input[@name=&apos;certifiedMailNumber&apos;] (tried for 60 second(s) with 500 milliseconds interval)" type="org.openqa.selenium.TimeoutException"><![CDATA[org.openqa.selenium.TimeoutException: Expected condition failed: waiting for presence of element located by: By.xpath: //input[@name='certifiedMailNumber'] (tried for 60 second(s) with 500 milliseconds interval)
	at org.openqa.selenium.support.ui.WebDriverWait.timeoutException(WebDriverWait.java:84)
	at org.openqa.selenium.support.ui.FluentWait.until(FluentWait.java:230)
	at CommonMethods.Helper.sendKeysWithWait(Helper.java:385)
	at POM.PerformInspectionUtility.PerformInspection_EnterCertifiedMailNumber(PerformInspectionUtility.java:1096)
	at TestCases.PerformInspection.PerformInspection_EnterCertifiedMailNumber(PerformInspection.java:236)
	at java.base/jdk.internal.reflect.DirectMethodHandleAccessor.invoke(DirectMethodHandleAccessor.java:104)
	at java.base/java.lang.reflect.Method.invoke(Method.java:577)
	at org.testng.internal.invokers.MethodInvocationHelper.invokeMethod(MethodInvocationHelper.java:135)
	at org.testng.internal.invokers.TestInvoker.invokeMethod(TestInvoker.java:673)
	at org.testng.internal.invokers.TestInvoker.invokeTestMethod(TestInvoker.java:220)
	at org.testng.internal.invokers.MethodRunner.runInSequence(MethodRunner.java:50)
	at org.testng.internal.invokers.TestInvoker$MethodInvocationAgent.invoke(TestInvoker.java:945)
	at org.testng.internal.invokers.TestInvoker.invokeTestMethods(TestInvoker.java:193)
	at org.testng.internal.invokers.TestMethodWorker.invokeTestMethods(TestMethodWorker.java:146)
	at org.testng.internal.invokers.TestMethodWorker.run(TestMethodWorker.java:128)
	at java.base/java.util.concurrent.ThreadPoolExecutor.runWorker(ThreadPoolExecutor.java:1136)
	at java.base/java.util.concurrent.ThreadPoolExecutor$Worker.run(ThreadPoolExecutor.java:635)
	at java.base/java.lang.Thread.run(Thread.java:833)
Caused by: org.openqa.selenium.NoSuchElementException: no such element: Unable to locate element: {"method":"xpath","selector":"//input[@name='certifiedMailNumber']"}
  (Session info: chrome=115.0.5790.170)
For documentation on this error, please visit: https://www.selenium.dev/documentation/webdriver/troubleshooting/errors#no-such-element-exception
Build info: version: '4.11.0', revision: '040bc5406b'
System info: os.name: 'Windows 11', os.arch: 'amd64', os.version: '10.0', java.version: '18.0.2.1'
Driver info: org.openqa.selenium.chrome.ChromeDriver
Command: [111408be0ccb80cf16b2c4ac8874894e, findElement {using=xpath, value=//input[@name='certifiedMailNumber']}]
Capabilities {acceptInsecureCerts: false, browserName: chrome, browserVersion: 115.0.5790.170, chrome: {chromedriverVersion: 115.0.5790.170 (cc0d30c2ca5..., userDataDir: C:\Users\SQELAB~1\AppData\L...}, goog:chromeOptions: {debuggerAddress: localhost:55486}, networkConnectionEnabled: false, pageLoadStrategy: normal, platformName: windows, proxy: Proxy(), se:cdp: ws://localhost:55486/devtoo..., se:cdpVersion: 115.0.5790.170, setWindowRect: true, strictFileInteractability: false, timeouts: {implicit: 0, pageLoad: 300000, script: 30000}, unhandledPromptBehavior: dismiss and notify, webauthn:extension:credBlob: true, webauthn:extension:largeBlob: true, webauthn:extension:minPinLength: true, webauthn:extension:prf: true, webauthn:virtualAuthenticators: true}
Session ID: 111408be0ccb80cf16b2c4ac8874894e
	at java.base/jdk.internal.reflect.DirectConstructorHandleAccessor.newInstance(DirectConstructorHandleAccessor.java:67)
	at java.base/java.lang.reflect.Constructor.newInstanceWithCaller(Constructor.java:499)
	at java.base/java.lang.reflect.Constructor.newInstance(Constructor.java:483)
	at org.openqa.selenium.remote.codec.w3c.W3CHttpResponseCodec.createException(W3CHttpResponseCodec.java:200)
	at org.openqa.selenium.remote.codec.w3c.W3CHttpResponseCodec.decode(W3CHttpResponseCodec.java:133)
	at org.openqa.selenium.remote.codec.w3c.W3CHttpResponseCodec.decode(W3CHttpResponseCodec.java:52)
	at org.openqa.selenium.remote.HttpCommandExecutor.execute(HttpCommandExecutor.java:191)
	at org.openqa.selenium.remote.service.DriverCommandExecutor.invokeExecute(DriverCommandExecutor.java:196)
	at org.openqa.selenium.remote.service.DriverCommandExecutor.execute(DriverCommandExecutor.java:171)
	at org.openqa.selenium.remote.RemoteWebDriver.execute(RemoteWebDriver.java:518)
	at org.openqa.selenium.remote.ElementLocation$ElementFinder$2.findElement(ElementLocation.java:165)
	at org.openqa.selenium.remote.ElementLocation.findElement(ElementLocation.java:59)
	at org.openqa.selenium.remote.RemoteWebDriver.findElement(RemoteWebDriver.java:355)
	at org.openqa.selenium.remote.RemoteWebDriver.findElement(RemoteWebDriver.java:349)
	at org.openqa.selenium.support.ui.ExpectedConditions$6.apply(ExpectedConditions.java:171)
	at org.openqa.selenium.support.ui.ExpectedConditions$6.apply(ExpectedConditions.java:168)
	at org.openqa.selenium.support.ui.FluentWait.until(FluentWait.java:205)
	... 16 more
]]></failure>
    <system-out><![CDATA[0
Test Failed: PerformInspection_ExpandSection3
Test Failed: PerformInspection_EnterCertifiedMailNumber
]]></system-out>
  </testcase>
  <testcase name="PerformInspection_VerifyRecipientSubSectionPresence" classname="TestCases.PerformInspection" time="62.894">
    <failure message="Expected condition failed: waiting for visibility of element located by By.xpath: //div[@class=&apos;recipient-tile-headline&apos;] (tried for 0 second(s) with 500 milliseconds interval)&#10;Build info: version: &apos;4.11.0&apos;, revision: &apos;040bc5406b&apos;&#10;System info: os.name: &apos;Windows 11&apos;, os.arch: &apos;amd64&apos;, os.version: &apos;10.0&apos;, java.version: &apos;18.0.2.1&apos;&#10;Driver info: driver.version: unknown" type="org.openqa.selenium.TimeoutException"><![CDATA[org.openqa.selenium.TimeoutException: 
Expected condition failed: waiting for visibility of element located by By.xpath: //div[@class='recipient-tile-headline'] (tried for 0 second(s) with 500 milliseconds interval)
Build info: version: '4.11.0', revision: '040bc5406b'
System info: os.name: 'Windows 11', os.arch: 'amd64', os.version: '10.0', java.version: '18.0.2.1'
Driver info: driver.version: unknown
	at org.openqa.selenium.support.ui.FluentWait.timeoutException(FluentWait.java:262)
	at org.openqa.selenium.support.ui.FluentWait.until(FluentWait.java:230)
	at CommonMethods.Helper.waitUntilVisibleWE(Helper.java:351)
	at POM.PerformInspectionUtility.PerformInspection_VerifyRecipientSubSectionPresence(PerformInspectionUtility.java:1110)
	at TestCases.PerformInspection.PerformInspection_VerifyRecipientSubSectionPresence(PerformInspection.java:242)
	at java.base/jdk.internal.reflect.DirectMethodHandleAccessor.invoke(DirectMethodHandleAccessor.java:104)
	at java.base/java.lang.reflect.Method.invoke(Method.java:577)
	at org.testng.internal.invokers.MethodInvocationHelper.invokeMethod(MethodInvocationHelper.java:135)
	at org.testng.internal.invokers.TestInvoker.invokeMethod(TestInvoker.java:673)
	at org.testng.internal.invokers.TestInvoker.invokeTestMethod(TestInvoker.java:220)
	at org.testng.internal.invokers.MethodRunner.runInSequence(MethodRunner.java:50)
	at org.testng.internal.invokers.TestInvoker$MethodInvocationAgent.invoke(TestInvoker.java:945)
	at org.testng.internal.invokers.TestInvoker.invokeTestMethods(TestInvoker.java:193)
	at org.testng.internal.invokers.TestMethodWorker.invokeTestMethods(TestMethodWorker.java:146)
	at org.testng.internal.invokers.TestMethodWorker.run(TestMethodWorker.java:128)
	at java.base/java.util.concurrent.ThreadPoolExecutor.runWorker(ThreadPoolExecutor.java:1136)
	at java.base/java.util.concurrent.ThreadPoolExecutor$Worker.run(ThreadPoolExecutor.java:635)
	at java.base/java.lang.Thread.run(Thread.java:833)
]]></failure>
    <system-out><![CDATA[Test Failed: PerformInspection_VerifyRecipientSubSectionPresence
]]></system-out>
  </testcase>
  <testcase name="PerformInspection_SelectMultipleContact" classname="TestCases.PerformInspection" time="120.857">
    <system-out><![CDATA[Test Failed: PerformInspection_VerifyRecipientNoLongerMandatory
Test Passed: PerformInspection_SelectMultipleContact
]]></system-out>
    <system-err><![CDATA[org.openqa.selenium.TimeoutException: Expected condition failed: waiting for visibility of element located by By.xpath: //div[@class='recipient-tile__subtile']//span[@class='contact-name'] (tried for 60 second(s) with 1000 milliseconds interval)
Build info: version: '4.11.0', revision: '040bc5406b'
System info: os.name: 'Windows 11', os.arch: 'amd64', os.version: '10.0', java.version: '18.0.2.1'
Driver info: driver.version: unknown
	at org.openqa.selenium.support.ui.FluentWait.timeoutException(FluentWait.java:262)
	at org.openqa.selenium.support.ui.FluentWait.until(FluentWait.java:230)
	at CommonMethods.Helper.waitUntilElementIsVisible(Helper.java:148)
	at POM.PerformInspectionUtility.PerformInspection_VerifyRecipientNoLongerMandatory(PerformInspectionUtility.java:1121)
	at TestCases.PerformInspection.PerformInspection_VerifyRecipientNoLongerMandatory(PerformInspection.java:247)
	at java.base/jdk.internal.reflect.DirectMethodHandleAccessor.invoke(DirectMethodHandleAccessor.java:104)
	at java.base/java.lang.reflect.Method.invoke(Method.java:577)
	at org.testng.internal.invokers.MethodInvocationHelper.invokeMethod(MethodInvocationHelper.java:135)
	at org.testng.internal.invokers.TestInvoker.invokeMethod(TestInvoker.java:673)
	at org.testng.internal.invokers.TestInvoker.invokeTestMethod(TestInvoker.java:220)
	at org.testng.internal.invokers.MethodRunner.runInSequence(MethodRunner.java:50)
	at org.testng.internal.invokers.TestInvoker$MethodInvocationAgent.invoke(TestInvoker.java:945)
	at org.testng.internal.invokers.TestInvoker.invokeTestMethods(TestInvoker.java:193)
	at org.testng.internal.invokers.TestMethodWorker.invokeTestMethods(TestMethodWorker.java:146)
	at org.testng.internal.invokers.TestMethodWorker.run(TestMethodWorker.java:128)
	at java.base/java.util.concurrent.ThreadPoolExecutor.runWorker(ThreadPoolExecutor.java:1136)
	at java.base/java.util.concurrent.ThreadPoolExecutor$Worker.run(ThreadPoolExecutor.java:635)
	at java.base/java.lang.Thread.run(Thread.java:833)
org.openqa.selenium.NoSuchElementException: no such element: Unable to locate element: {"method":"xpath","selector":"//div[@class='recipient-tile__subtile']//span[@class='contact-name']"}
  (Session info: chrome=115.0.5790.170)
For documentation on this error, please visit: https://www.selenium.dev/documentation/webdriver/troubleshooting/errors#no-such-element-exception
Build info: version: '4.11.0', revision: '040bc5406b'
System info: os.name: 'Windows 11', os.arch: 'amd64', os.version: '10.0', java.version: '18.0.2.1'
Driver info: org.openqa.selenium.chrome.ChromeDriver
Command: [111408be0ccb80cf16b2c4ac8874894e, findElement {using=xpath, value=//div[@class='recipient-tile__subtile']//span[@class='contact-name']}]
Capabilities {acceptInsecureCerts: false, browserName: chrome, browserVersion: 115.0.5790.170, chrome: {chromedriverVersion: 115.0.5790.170 (cc0d30c2ca5..., userDataDir: C:\Users\SQELAB~1\AppData\L...}, goog:chromeOptions: {debuggerAddress: localhost:55486}, networkConnectionEnabled: false, pageLoadStrategy: normal, platformName: windows, proxy: Proxy(), se:cdp: ws://localhost:55486/devtoo..., se:cdpVersion: 115.0.5790.170, setWindowRect: true, strictFileInteractability: false, timeouts: {implicit: 0, pageLoad: 300000, script: 30000}, unhandledPromptBehavior: dismiss and notify, webauthn:extension:credBlob: true, webauthn:extension:largeBlob: true, webauthn:extension:minPinLength: true, webauthn:extension:prf: true, webauthn:virtualAuthenticators: true}
Session ID: 111408be0ccb80cf16b2c4ac8874894e
	at java.base/jdk.internal.reflect.DirectConstructorHandleAccessor.newInstance(DirectConstructorHandleAccessor.java:67)
	at java.base/java.lang.reflect.Constructor.newInstanceWithCaller(Constructor.java:499)
	at java.base/java.lang.reflect.Constructor.newInstance(Constructor.java:483)
	at org.openqa.selenium.remote.codec.w3c.W3CHttpResponseCodec.createException(W3CHttpResponseCodec.java:200)
	at org.openqa.selenium.remote.codec.w3c.W3CHttpResponseCodec.decode(W3CHttpResponseCodec.java:133)
	at org.openqa.selenium.remote.codec.w3c.W3CHttpResponseCodec.decode(W3CHttpResponseCodec.java:52)
	at org.openqa.selenium.remote.HttpCommandExecutor.execute(HttpCommandExecutor.java:191)
	at org.openqa.selenium.remote.service.DriverCommandExecutor.invokeExecute(DriverCommandExecutor.java:196)
	at org.openqa.selenium.remote.service.DriverCommandExecutor.execute(DriverCommandExecutor.java:171)
	at org.openqa.selenium.remote.RemoteWebDriver.execute(RemoteWebDriver.java:518)
	at org.openqa.selenium.remote.ElementLocation$ElementFinder$2.findElement(ElementLocation.java:165)
	at org.openqa.selenium.remote.ElementLocation.findElement(ElementLocation.java:59)
	at org.openqa.selenium.remote.RemoteWebDriver.findElement(RemoteWebDriver.java:355)
	at org.openqa.selenium.remote.RemoteWebDriver.findElement(RemoteWebDriver.java:349)
	at org.openqa.selenium.support.ui.ExpectedConditions$6.apply(ExpectedConditions.java:171)
	at org.openqa.selenium.support.ui.ExpectedConditions$6.apply(ExpectedConditions.java:168)
	at org.openqa.selenium.support.ui.FluentWait.until(FluentWait.java:205)
	at CommonMethods.Helper.waitUntilElementPresent(Helper.java:103)
	at POM.PerformInspectionUtility.PerformInspection_VerifyRecipientNoLongerMandatory(PerformInspectionUtility.java:1122)
	at TestCases.PerformInspection.PerformInspection_VerifyRecipientNoLongerMandatory(PerformInspection.java:247)
	at java.base/jdk.internal.reflect.DirectMethodHandleAccessor.invoke(DirectMethodHandleAccessor.java:104)
	at java.base/java.lang.reflect.Method.invoke(Method.java:577)
	at org.testng.internal.invokers.MethodInvocationHelper.invokeMethod(MethodInvocationHelper.java:135)
	at org.testng.internal.invokers.TestInvoker.invokeMethod(TestInvoker.java:673)
	at org.testng.internal.invokers.TestInvoker.invokeTestMethod(TestInvoker.java:220)
	at org.testng.internal.invokers.MethodRunner.runInSequence(MethodRunner.java:50)
	at org.testng.internal.invokers.TestInvoker$MethodInvocationAgent.invoke(TestInvoker.java:945)
	at org.testng.internal.invokers.TestInvoker.invokeTestMethods(TestInvoker.java:193)
	at org.testng.internal.invokers.TestMethodWorker.invokeTestMethods(TestMethodWorker.java:146)
	at org.testng.internal.invokers.TestMethodWorker.run(TestMethodWorker.java:128)
	at java.base/java.util.concurrent.ThreadPoolExecutor.runWorker(ThreadPoolExecutor.java:1136)
	at java.base/java.util.concurrent.ThreadPoolExecutor$Worker.run(ThreadPoolExecutor.java:635)
	at java.base/java.lang.Thread.run(Thread.java:833)
org.openqa.selenium.TimeoutException: Expected condition failed: waiting for element to be clickable: By.xpath: //div[@class='recipient-tile__subtile']//span[@class='contact-name'] (tried for 60 second(s) with 1000 milliseconds interval)
Build info: version: '4.11.0', revision: '040bc5406b'
System info: os.name: 'Windows 11', os.arch: 'amd64', os.version: '10.0', java.version: '18.0.2.1'
Driver info: driver.version: unknown
	at org.openqa.selenium.support.ui.FluentWait.timeoutException(FluentWait.java:262)
	at org.openqa.selenium.support.ui.FluentWait.until(FluentWait.java:230)
	at CommonMethods.Helper.waitForElementIsInteractable(Helper.java:199)
	at POM.PerformInspectionUtility.PerformInspection_VerifyRecipientNoLongerMandatory(PerformInspectionUtility.java:1123)
	at TestCases.PerformInspection.PerformInspection_VerifyRecipientNoLongerMandatory(PerformInspection.java:247)
	at java.base/jdk.internal.reflect.DirectMethodHandleAccessor.invoke(DirectMethodHandleAccessor.java:104)
	at java.base/java.lang.reflect.Method.invoke(Method.java:577)
	at org.testng.internal.invokers.MethodInvocationHelper.invokeMethod(MethodInvocationHelper.java:135)
	at org.testng.internal.invokers.TestInvoker.invokeMethod(TestInvoker.java:673)
	at org.testng.internal.invokers.TestInvoker.invokeTestMethod(TestInvoker.java:220)
	at org.testng.internal.invokers.MethodRunner.runInSequence(MethodRunner.java:50)
	at org.testng.internal.invokers.TestInvoker$MethodInvocationAgent.invoke(TestInvoker.java:945)
	at org.testng.internal.invokers.TestInvoker.invokeTestMethods(TestInvoker.java:193)
	at org.testng.internal.invokers.TestMethodWorker.invokeTestMethods(TestMethodWorker.java:146)
	at org.testng.internal.invokers.TestMethodWorker.run(TestMethodWorker.java:128)
	at java.base/java.util.concurrent.ThreadPoolExecutor.runWorker(ThreadPoolExecutor.java:1136)
	at java.base/java.util.concurrent.ThreadPoolExecutor$Worker.run(ThreadPoolExecutor.java:635)
	at java.base/java.lang.Thread.run(Thread.java:833)
org.openqa.selenium.TimeoutException: Expected condition failed: waiting for element to be clickable: By.xpath: //div[@class='case-inspection__notice-action-buttons']/button[1] (tried for 60 second(s) with 1000 milliseconds interval)
Build info: version: '4.11.0', revision: '040bc5406b'
System info: os.name: 'Windows 11', os.arch: 'amd64', os.version: '10.0', java.version: '18.0.2.1'
Driver info: driver.version: unknown
	at org.openqa.selenium.support.ui.FluentWait.timeoutException(FluentWait.java:262)
	at org.openqa.selenium.support.ui.FluentWait.until(FluentWait.java:230)
	at CommonMethods.Helper.waitForElementIsInteractable(Helper.java:199)
	at POM.PerformInspectionUtility.PerformInspection_SelectMultipleContact(PerformInspectionUtility.java:1140)
	at TestCases.PerformInspection.PerformInspection_SelectMultipleContact(PerformInspection.java:252)
	at java.base/jdk.internal.reflect.DirectMethodHandleAccessor.invoke(DirectMethodHandleAccessor.java:104)
	at java.base/java.lang.reflect.Method.invoke(Method.java:577)
	at org.testng.internal.invokers.MethodInvocationHelper.invokeMethod(MethodInvocationHelper.java:135)
	at org.testng.internal.invokers.TestInvoker.invokeMethod(TestInvoker.java:673)
	at org.testng.internal.invokers.TestInvoker.invokeTestMethod(TestInvoker.java:220)
	at org.testng.internal.invokers.MethodRunner.runInSequence(MethodRunner.java:50)
	at org.testng.internal.invokers.TestInvoker$MethodInvocationAgent.invoke(TestInvoker.java:945)
	at org.testng.internal.invokers.TestInvoker.invokeTestMethods(TestInvoker.java:193)
	at org.testng.internal.invokers.TestMethodWorker.invokeTestMethods(TestMethodWorker.java:146)
	at org.testng.internal.invokers.TestMethodWorker.run(TestMethodWorker.java:128)
	at java.base/java.util.concurrent.ThreadPoolExecutor.runWorker(ThreadPoolExecutor.java:1136)
	at java.base/java.util.concurrent.ThreadPoolExecutor$Worker.run(ThreadPoolExecutor.java:635)
	at java.base/java.lang.Thread.run(Thread.java:833)
org.openqa.selenium.TimeoutException: Expected condition failed: waiting for element to be clickable: By.xpath: //div[@class='case-inspection__notice-action-buttons']/button[1] (tried for 60 second(s) with 500 milliseconds interval)
Build info: version: '4.11.0', revision: '040bc5406b'
System info: os.name: 'Windows 11', os.arch: 'amd64', os.version: '10.0', java.version: '18.0.2.1'
Driver info: org.openqa.selenium.chrome.ChromeDriver
Capabilities {acceptInsecureCerts: false, browserName: chrome, browserVersion: 115.0.5790.170, chrome: {chromedriverVersion: 115.0.5790.170 (cc0d30c2ca5..., userDataDir: C:\Users\SQELAB~1\AppData\L...}, goog:chromeOptions: {debuggerAddress: localhost:55486}, networkConnectionEnabled: false, pageLoadStrategy: normal, platformName: windows, proxy: Proxy(), se:cdp: ws://localhost:55486/devtoo..., se:cdpVersion: 115.0.5790.170, setWindowRect: true, strictFileInteractability: false, timeouts: {implicit: 0, pageLoad: 300000, script: 30000}, unhandledPromptBehavior: dismiss and notify, webauthn:extension:credBlob: true, webauthn:extension:largeBlob: true, webauthn:extension:minPinLength: true, webauthn:extension:prf: true, webauthn:virtualAuthenticators: true}
Session ID: 111408be0ccb80cf16b2c4ac8874894e
	at org.openqa.selenium.support.ui.WebDriverWait.timeoutException(WebDriverWait.java:84)
	at org.openqa.selenium.support.ui.FluentWait.until(FluentWait.java:230)
	at CommonMethods.Helper.clickOn(Helper.java:377)
	at POM.PerformInspectionUtility.PerformInspection_SelectMultipleContact(PerformInspectionUtility.java:1141)
	at TestCases.PerformInspection.PerformInspection_SelectMultipleContact(PerformInspection.java:252)
	at java.base/jdk.internal.reflect.DirectMethodHandleAccessor.invoke(DirectMethodHandleAccessor.java:104)
	at java.base/java.lang.reflect.Method.invoke(Method.java:577)
	at org.testng.internal.invokers.MethodInvocationHelper.invokeMethod(MethodInvocationHelper.java:135)
	at org.testng.internal.invokers.TestInvoker.invokeMethod(TestInvoker.java:673)
	at org.testng.internal.invokers.TestInvoker.invokeTestMethod(TestInvoker.java:220)
	at org.testng.internal.invokers.MethodRunner.runInSequence(MethodRunner.java:50)
	at org.testng.internal.invokers.TestInvoker$MethodInvocationAgent.invoke(TestInvoker.java:945)
	at org.testng.internal.invokers.TestInvoker.invokeTestMethods(TestInvoker.java:193)
	at org.testng.internal.invokers.TestMethodWorker.invokeTestMethods(TestMethodWorker.java:146)
	at org.testng.internal.invokers.TestMethodWorker.run(TestMethodWorker.java:128)
	at java.base/java.util.concurrent.ThreadPoolExecutor.runWorker(ThreadPoolExecutor.java:1136)
	at java.base/java.util.concurrent.ThreadPoolExecutor$Worker.run(ThreadPoolExecutor.java:635)
	at java.base/java.lang.Thread.run(Thread.java:833)
]]></system-err>
  </testcase>
  <testcase name="PerformInspection_VerifyResponsiblePartySectionPresence" classname="TestCases.PerformInspection" time="63.197">
    <failure message="Expected condition failed: waiting for visibility of element located by By.xpath: //div[@class=&apos;responsible-party-tile-headline&apos;] (tried for 0 second(s) with 500 milliseconds interval)&#10;Build info: version: &apos;4.11.0&apos;, revision: &apos;040bc5406b&apos;&#10;System info: os.name: &apos;Windows 11&apos;, os.arch: &apos;amd64&apos;, os.version: &apos;10.0&apos;, java.version: &apos;18.0.2.1&apos;&#10;Driver info: driver.version: unknown" type="org.openqa.selenium.TimeoutException"><![CDATA[org.openqa.selenium.TimeoutException: 
Expected condition failed: waiting for visibility of element located by By.xpath: //div[@class='responsible-party-tile-headline'] (tried for 0 second(s) with 500 milliseconds interval)
Build info: version: '4.11.0', revision: '040bc5406b'
System info: os.name: 'Windows 11', os.arch: 'amd64', os.version: '10.0', java.version: '18.0.2.1'
Driver info: driver.version: unknown
	at org.openqa.selenium.support.ui.FluentWait.timeoutException(FluentWait.java:262)
	at org.openqa.selenium.support.ui.FluentWait.until(FluentWait.java:230)
	at CommonMethods.Helper.waitUntilVisibleWE(Helper.java:351)
	at POM.PerformInspectionUtility.PerformInspection_VerifyResponsiblePartySectionPresence(PerformInspectionUtility.java:1164)
	at TestCases.PerformInspection.PerformInspection_VerifyResponsiblePartySectionPresence(PerformInspection.java:257)
	at java.base/jdk.internal.reflect.DirectMethodHandleAccessor.invoke(DirectMethodHandleAccessor.java:104)
	at java.base/java.lang.reflect.Method.invoke(Method.java:577)
	at org.testng.internal.invokers.MethodInvocationHelper.invokeMethod(MethodInvocationHelper.java:135)
	at org.testng.internal.invokers.TestInvoker.invokeMethod(TestInvoker.java:673)
	at org.testng.internal.invokers.TestInvoker.invokeTestMethod(TestInvoker.java:220)
	at org.testng.internal.invokers.MethodRunner.runInSequence(MethodRunner.java:50)
	at org.testng.internal.invokers.TestInvoker$MethodInvocationAgent.invoke(TestInvoker.java:945)
	at org.testng.internal.invokers.TestInvoker.invokeTestMethods(TestInvoker.java:193)
	at org.testng.internal.invokers.TestMethodWorker.invokeTestMethods(TestMethodWorker.java:146)
	at org.testng.internal.invokers.TestMethodWorker.run(TestMethodWorker.java:128)
	at java.base/java.util.concurrent.ThreadPoolExecutor.runWorker(ThreadPoolExecutor.java:1136)
	at java.base/java.util.concurrent.ThreadPoolExecutor$Worker.run(ThreadPoolExecutor.java:635)
	at java.base/java.lang.Thread.run(Thread.java:833)
]]></failure>
    <system-out><![CDATA[Test Failed: PerformInspection_VerifyResponsiblePartySectionPresence
]]></system-out>
  </testcase>
  <testcase name="PerformInspection_CloseConfirmationPopupForExitButto" classname="TestCases.PerformInspection" time="183.366">
    <failure message="The following asserts failed:&#10;	expected [true] but found [false]" type="java.lang.AssertionError"><![CDATA[java.lang.AssertionError: 
The following asserts failed:
	expected [true] but found [false]
	at org.testng.asserts.SoftAssert.assertAll(SoftAssert.java:46)
	at org.testng.asserts.SoftAssert.assertAll(SoftAssert.java:30)
	at POM.PerformInspectionUtility.PerformInspection_CloseConfirmationPopupForExitButto(PerformInspectionUtility.java:1205)
	at TestCases.PerformInspection.PerformInspection_CloseConfirmationPopupForExitButto(PerformInspection.java:268)
	at java.base/jdk.internal.reflect.DirectMethodHandleAccessor.invoke(DirectMethodHandleAccessor.java:104)
	at java.base/java.lang.reflect.Method.invoke(Method.java:577)
	at org.testng.internal.invokers.MethodInvocationHelper.invokeMethod(MethodInvocationHelper.java:135)
	at org.testng.internal.invokers.TestInvoker.invokeMethod(TestInvoker.java:673)
	at org.testng.internal.invokers.TestInvoker.invokeTestMethod(TestInvoker.java:220)
	at org.testng.internal.invokers.MethodRunner.runInSequence(MethodRunner.java:50)
	at org.testng.internal.invokers.TestInvoker$MethodInvocationAgent.invoke(TestInvoker.java:945)
	at org.testng.internal.invokers.TestInvoker.invokeTestMethods(TestInvoker.java:193)
	at org.testng.internal.invokers.TestMethodWorker.invokeTestMethods(TestMethodWorker.java:146)
	at org.testng.internal.invokers.TestMethodWorker.run(TestMethodWorker.java:128)
	at java.base/java.util.concurrent.ThreadPoolExecutor.runWorker(ThreadPoolExecutor.java:1136)
	at java.base/java.util.concurrent.ThreadPoolExecutor$Worker.run(ThreadPoolExecutor.java:635)
	at java.base/java.lang.Thread.run(Thread.java:833)
]]></failure>
    <system-out><![CDATA[Test Failed: PerformInspection_OpenConfirmationPopupOnExitButton
Test Failed: PerformInspection_CloseConfirmationPopupForExitButto
]]></system-out>
    <system-err><![CDATA[org.openqa.selenium.TimeoutException: Expected condition failed: waiting for visibility of element located by By.xpath: //div[@class='flex-row--center']/button[text()='Cancel'] (tried for 60 second(s) with 1000 milliseconds interval)
Build info: version: '4.11.0', revision: '040bc5406b'
System info: os.name: 'Windows 11', os.arch: 'amd64', os.version: '10.0', java.version: '18.0.2.1'
Driver info: driver.version: unknown
	at org.openqa.selenium.support.ui.FluentWait.timeoutException(FluentWait.java:262)
	at org.openqa.selenium.support.ui.FluentWait.until(FluentWait.java:230)
	at CommonMethods.Helper.waitUntilElementIsVisible(Helper.java:148)
	at POM.PerformInspectionUtility.PerformInspection_CloseConfirmationPopupForExitButto(PerformInspectionUtility.java:1190)
	at TestCases.PerformInspection.PerformInspection_CloseConfirmationPopupForExitButto(PerformInspection.java:268)
	at java.base/jdk.internal.reflect.DirectMethodHandleAccessor.invoke(DirectMethodHandleAccessor.java:104)
	at java.base/java.lang.reflect.Method.invoke(Method.java:577)
	at org.testng.internal.invokers.MethodInvocationHelper.invokeMethod(MethodInvocationHelper.java:135)
	at org.testng.internal.invokers.TestInvoker.invokeMethod(TestInvoker.java:673)
	at org.testng.internal.invokers.TestInvoker.invokeTestMethod(TestInvoker.java:220)
	at org.testng.internal.invokers.MethodRunner.runInSequence(MethodRunner.java:50)
	at org.testng.internal.invokers.TestInvoker$MethodInvocationAgent.invoke(TestInvoker.java:945)
	at org.testng.internal.invokers.TestInvoker.invokeTestMethods(TestInvoker.java:193)
	at org.testng.internal.invokers.TestMethodWorker.invokeTestMethods(TestMethodWorker.java:146)
	at org.testng.internal.invokers.TestMethodWorker.run(TestMethodWorker.java:128)
	at java.base/java.util.concurrent.ThreadPoolExecutor.runWorker(ThreadPoolExecutor.java:1136)
	at java.base/java.util.concurrent.ThreadPoolExecutor$Worker.run(ThreadPoolExecutor.java:635)
	at java.base/java.lang.Thread.run(Thread.java:833)
org.openqa.selenium.TimeoutException: Expected condition failed: waiting for element to be clickable: By.xpath: //div[@class='flex-row--center']/button[text()='Cancel'] (tried for 60 second(s) with 1000 milliseconds interval)
Build info: version: '4.11.0', revision: '040bc5406b'
System info: os.name: 'Windows 11', os.arch: 'amd64', os.version: '10.0', java.version: '18.0.2.1'
Driver info: driver.version: unknown
	at org.openqa.selenium.support.ui.FluentWait.timeoutException(FluentWait.java:262)
	at org.openqa.selenium.support.ui.FluentWait.until(FluentWait.java:230)
	at CommonMethods.Helper.waitForElementIsInteractable(Helper.java:199)
	at POM.PerformInspectionUtility.PerformInspection_CloseConfirmationPopupForExitButto(PerformInspectionUtility.java:1191)
	at TestCases.PerformInspection.PerformInspection_CloseConfirmationPopupForExitButto(PerformInspection.java:268)
	at java.base/jdk.internal.reflect.DirectMethodHandleAccessor.invoke(DirectMethodHandleAccessor.java:104)
	at java.base/java.lang.reflect.Method.invoke(Method.java:577)
	at org.testng.internal.invokers.MethodInvocationHelper.invokeMethod(MethodInvocationHelper.java:135)
	at org.testng.internal.invokers.TestInvoker.invokeMethod(TestInvoker.java:673)
	at org.testng.internal.invokers.TestInvoker.invokeTestMethod(TestInvoker.java:220)
	at org.testng.internal.invokers.MethodRunner.runInSequence(MethodRunner.java:50)
	at org.testng.internal.invokers.TestInvoker$MethodInvocationAgent.invoke(TestInvoker.java:945)
	at org.testng.internal.invokers.TestInvoker.invokeTestMethods(TestInvoker.java:193)
	at org.testng.internal.invokers.TestMethodWorker.invokeTestMethods(TestMethodWorker.java:146)
	at org.testng.internal.invokers.TestMethodWorker.run(TestMethodWorker.java:128)
	at java.base/java.util.concurrent.ThreadPoolExecutor.runWorker(ThreadPoolExecutor.java:1136)
	at java.base/java.util.concurrent.ThreadPoolExecutor$Worker.run(ThreadPoolExecutor.java:635)
	at java.base/java.lang.Thread.run(Thread.java:833)
org.openqa.selenium.TimeoutException: Expected condition failed: waiting for element to be clickable: By.xpath: //div[@class='flex-row--center']/button[text()='Cancel'] (tried for 60 second(s) with 500 milliseconds interval)
Build info: version: '4.11.0', revision: '040bc5406b'
System info: os.name: 'Windows 11', os.arch: 'amd64', os.version: '10.0', java.version: '18.0.2.1'
Driver info: org.openqa.selenium.chrome.ChromeDriver
Capabilities {acceptInsecureCerts: false, browserName: chrome, browserVersion: 115.0.5790.170, chrome: {chromedriverVersion: 115.0.5790.170 (cc0d30c2ca5..., userDataDir: C:\Users\SQELAB~1\AppData\L...}, goog:chromeOptions: {debuggerAddress: localhost:55486}, networkConnectionEnabled: false, pageLoadStrategy: normal, platformName: windows, proxy: Proxy(), se:cdp: ws://localhost:55486/devtoo..., se:cdpVersion: 115.0.5790.170, setWindowRect: true, strictFileInteractability: false, timeouts: {implicit: 0, pageLoad: 300000, script: 30000}, unhandledPromptBehavior: dismiss and notify, webauthn:extension:credBlob: true, webauthn:extension:largeBlob: true, webauthn:extension:minPinLength: true, webauthn:extension:prf: true, webauthn:virtualAuthenticators: true}
Session ID: 111408be0ccb80cf16b2c4ac8874894e
	at org.openqa.selenium.support.ui.WebDriverWait.timeoutException(WebDriverWait.java:84)
	at org.openqa.selenium.support.ui.FluentWait.until(FluentWait.java:230)
	at CommonMethods.Helper.clickOn(Helper.java:377)
	at POM.PerformInspectionUtility.PerformInspection_CloseConfirmationPopupForExitButto(PerformInspectionUtility.java:1192)
	at TestCases.PerformInspection.PerformInspection_CloseConfirmationPopupForExitButto(PerformInspection.java:268)
	at java.base/jdk.internal.reflect.DirectMethodHandleAccessor.invoke(DirectMethodHandleAccessor.java:104)
	at java.base/java.lang.reflect.Method.invoke(Method.java:577)
	at org.testng.internal.invokers.MethodInvocationHelper.invokeMethod(MethodInvocationHelper.java:135)
	at org.testng.internal.invokers.TestInvoker.invokeMethod(TestInvoker.java:673)
	at org.testng.internal.invokers.TestInvoker.invokeTestMethod(TestInvoker.java:220)
	at org.testng.internal.invokers.MethodRunner.runInSequence(MethodRunner.java:50)
	at org.testng.internal.invokers.TestInvoker$MethodInvocationAgent.invoke(TestInvoker.java:945)
	at org.testng.internal.invokers.TestInvoker.invokeTestMethods(TestInvoker.java:193)
	at org.testng.internal.invokers.TestMethodWorker.invokeTestMethods(TestMethodWorker.java:146)
	at org.testng.internal.invokers.TestMethodWorker.run(TestMethodWorker.java:128)
	at java.base/java.util.concurrent.ThreadPoolExecutor.runWorker(ThreadPoolExecutor.java:1136)
	at java.base/java.util.concurrent.ThreadPoolExecutor$Worker.run(ThreadPoolExecutor.java:635)
	at java.base/java.lang.Thread.run(Thread.java:833)
]]></system-err>
  </testcase>
  <testcase name="PerformInspection_CloseGenerateNoticePopup" classname="TestCases.PerformInspection" time="123.519">
    <failure message="The following asserts failed:&#10;	expected [true] but found [false]" type="java.lang.AssertionError"><![CDATA[java.lang.AssertionError: 
The following asserts failed:
	expected [true] but found [false]
	at org.testng.asserts.SoftAssert.assertAll(SoftAssert.java:46)
	at org.testng.asserts.SoftAssert.assertAll(SoftAssert.java:30)
	at POM.PerformInspectionUtility.PerformInspection_CloseGenerateNoticePopup(PerformInspectionUtility.java:1243)
	at TestCases.PerformInspection.PerformInspection_CloseGenerateNoticePopup(PerformInspection.java:278)
	at java.base/jdk.internal.reflect.DirectMethodHandleAccessor.invoke(DirectMethodHandleAccessor.java:104)
	at java.base/java.lang.reflect.Method.invoke(Method.java:577)
	at org.testng.internal.invokers.MethodInvocationHelper.invokeMethod(MethodInvocationHelper.java:135)
	at org.testng.internal.invokers.TestInvoker.invokeMethod(TestInvoker.java:673)
	at org.testng.internal.invokers.TestInvoker.invokeTestMethod(TestInvoker.java:220)
	at org.testng.internal.invokers.MethodRunner.runInSequence(MethodRunner.java:50)
	at org.testng.internal.invokers.TestInvoker$MethodInvocationAgent.invoke(TestInvoker.java:945)
	at org.testng.internal.invokers.TestInvoker.invokeTestMethods(TestInvoker.java:193)
	at org.testng.internal.invokers.TestMethodWorker.invokeTestMethods(TestMethodWorker.java:146)
	at org.testng.internal.invokers.TestMethodWorker.run(TestMethodWorker.java:128)
	at java.base/java.util.concurrent.ThreadPoolExecutor.runWorker(ThreadPoolExecutor.java:1136)
	at java.base/java.util.concurrent.ThreadPoolExecutor$Worker.run(ThreadPoolExecutor.java:635)
	at java.base/java.lang.Thread.run(Thread.java:833)
]]></failure>
    <system-out><![CDATA[Test Failed: PerformInspection_OpenGenerateNoticepopup
Test Failed: PerformInspection_CloseGenerateNoticePopup
]]></system-out>
    <system-err><![CDATA[org.openqa.selenium.TimeoutException: Expected condition failed: waiting for element to be clickable: By.xpath: //div[@class='progressive-form__footer']//button[text()='Generate Notice'] (tried for 60 second(s) with 1000 milliseconds interval)
Build info: version: '4.11.0', revision: '040bc5406b'
System info: os.name: 'Windows 11', os.arch: 'amd64', os.version: '10.0', java.version: '18.0.2.1'
Driver info: driver.version: unknown
	at org.openqa.selenium.support.ui.FluentWait.timeoutException(FluentWait.java:262)
	at org.openqa.selenium.support.ui.FluentWait.until(FluentWait.java:230)
	at CommonMethods.Helper.waitForElementIsInteractable(Helper.java:199)
	at POM.PerformInspectionUtility.PerformInspection_OpenGenerateNoticepopup(PerformInspectionUtility.java:1212)
	at TestCases.PerformInspection.PerformInspection_OpenGenerateNoticepopup(PerformInspection.java:273)
	at java.base/jdk.internal.reflect.DirectMethodHandleAccessor.invoke(DirectMethodHandleAccessor.java:104)
	at java.base/java.lang.reflect.Method.invoke(Method.java:577)
	at org.testng.internal.invokers.MethodInvocationHelper.invokeMethod(MethodInvocationHelper.java:135)
	at org.testng.internal.invokers.TestInvoker.invokeMethod(TestInvoker.java:673)
	at org.testng.internal.invokers.TestInvoker.invokeTestMethod(TestInvoker.java:220)
	at org.testng.internal.invokers.MethodRunner.runInSequence(MethodRunner.java:50)
	at org.testng.internal.invokers.TestInvoker$MethodInvocationAgent.invoke(TestInvoker.java:945)
	at org.testng.internal.invokers.TestInvoker.invokeTestMethods(TestInvoker.java:193)
	at org.testng.internal.invokers.TestMethodWorker.invokeTestMethods(TestMethodWorker.java:146)
	at org.testng.internal.invokers.TestMethodWorker.run(TestMethodWorker.java:128)
	at java.base/java.util.concurrent.ThreadPoolExecutor.runWorker(ThreadPoolExecutor.java:1136)
	at java.base/java.util.concurrent.ThreadPoolExecutor$Worker.run(ThreadPoolExecutor.java:635)
	at java.base/java.lang.Thread.run(Thread.java:833)
org.openqa.selenium.NoSuchElementException: no such element: Unable to locate element: {"method":"xpath","selector":"//div[@class='case-inspection__notice-action-buttons']/button[1]"}
  (Session info: chrome=115.0.5790.170)
For documentation on this error, please visit: https://www.selenium.dev/documentation/webdriver/troubleshooting/errors#no-such-element-exception
Build info: version: '4.11.0', revision: '040bc5406b'
System info: os.name: 'Windows 11', os.arch: 'amd64', os.version: '10.0', java.version: '18.0.2.1'
Driver info: org.openqa.selenium.chrome.ChromeDriver
Command: [111408be0ccb80cf16b2c4ac8874894e, findElement {using=xpath, value=//div[@class='case-inspection__notice-action-buttons']/button[1]}]
Capabilities {acceptInsecureCerts: false, browserName: chrome, browserVersion: 115.0.5790.170, chrome: {chromedriverVersion: 115.0.5790.170 (cc0d30c2ca5..., userDataDir: C:\Users\SQELAB~1\AppData\L...}, goog:chromeOptions: {debuggerAddress: localhost:55486}, networkConnectionEnabled: false, pageLoadStrategy: normal, platformName: windows, proxy: Proxy(), se:cdp: ws://localhost:55486/devtoo..., se:cdpVersion: 115.0.5790.170, setWindowRect: true, strictFileInteractability: false, timeouts: {implicit: 0, pageLoad: 300000, script: 30000}, unhandledPromptBehavior: dismiss and notify, webauthn:extension:credBlob: true, webauthn:extension:largeBlob: true, webauthn:extension:minPinLength: true, webauthn:extension:prf: true, webauthn:virtualAuthenticators: true}
Session ID: 111408be0ccb80cf16b2c4ac8874894e
	at java.base/jdk.internal.reflect.DirectConstructorHandleAccessor.newInstance(DirectConstructorHandleAccessor.java:67)
	at java.base/java.lang.reflect.Constructor.newInstanceWithCaller(Constructor.java:499)
	at java.base/java.lang.reflect.Constructor.newInstance(Constructor.java:483)
	at org.openqa.selenium.remote.codec.w3c.W3CHttpResponseCodec.createException(W3CHttpResponseCodec.java:200)
	at org.openqa.selenium.remote.codec.w3c.W3CHttpResponseCodec.decode(W3CHttpResponseCodec.java:133)
	at org.openqa.selenium.remote.codec.w3c.W3CHttpResponseCodec.decode(W3CHttpResponseCodec.java:52)
	at org.openqa.selenium.remote.HttpCommandExecutor.execute(HttpCommandExecutor.java:191)
	at org.openqa.selenium.remote.service.DriverCommandExecutor.invokeExecute(DriverCommandExecutor.java:196)
	at org.openqa.selenium.remote.service.DriverCommandExecutor.execute(DriverCommandExecutor.java:171)
	at org.openqa.selenium.remote.RemoteWebDriver.execute(RemoteWebDriver.java:518)
	at org.openqa.selenium.remote.ElementLocation$ElementFinder$2.findElement(ElementLocation.java:165)
	at org.openqa.selenium.remote.ElementLocation.findElement(ElementLocation.java:59)
	at org.openqa.selenium.remote.RemoteWebDriver.findElement(RemoteWebDriver.java:355)
	at org.openqa.selenium.remote.RemoteWebDriver.findElement(RemoteWebDriver.java:349)
	at org.openqa.selenium.support.ui.ExpectedConditions$6.apply(ExpectedConditions.java:171)
	at org.openqa.selenium.support.ui.ExpectedConditions$6.apply(ExpectedConditions.java:168)
	at org.openqa.selenium.support.ui.FluentWait.until(FluentWait.java:205)
	at CommonMethods.Helper.waitUntilElementPresent(Helper.java:103)
	at POM.PerformInspectionUtility.PerformInspection_CloseGenerateNoticePopup(PerformInspectionUtility.java:1226)
	at TestCases.PerformInspection.PerformInspection_CloseGenerateNoticePopup(PerformInspection.java:278)
	at java.base/jdk.internal.reflect.DirectMethodHandleAccessor.invoke(DirectMethodHandleAccessor.java:104)
	at java.base/java.lang.reflect.Method.invoke(Method.java:577)
	at org.testng.internal.invokers.MethodInvocationHelper.invokeMethod(MethodInvocationHelper.java:135)
	at org.testng.internal.invokers.TestInvoker.invokeMethod(TestInvoker.java:673)
	at org.testng.internal.invokers.TestInvoker.invokeTestMethod(TestInvoker.java:220)
	at org.testng.internal.invokers.MethodRunner.runInSequence(MethodRunner.java:50)
	at org.testng.internal.invokers.TestInvoker$MethodInvocationAgent.invoke(TestInvoker.java:945)
	at org.testng.internal.invokers.TestInvoker.invokeTestMethods(TestInvoker.java:193)
	at org.testng.internal.invokers.TestMethodWorker.invokeTestMethods(TestMethodWorker.java:146)
	at org.testng.internal.invokers.TestMethodWorker.run(TestMethodWorker.java:128)
	at java.base/java.util.concurrent.ThreadPoolExecutor.runWorker(ThreadPoolExecutor.java:1136)
	at java.base/java.util.concurrent.ThreadPoolExecutor$Worker.run(ThreadPoolExecutor.java:635)
	at java.base/java.lang.Thread.run(Thread.java:833)
org.openqa.selenium.TimeoutException: Expected condition failed: waiting for element to be clickable: By.xpath: //div[@class='case-inspection__notice-action-buttons']/button[1] (tried for 60 second(s) with 1000 milliseconds interval)
Build info: version: '4.11.0', revision: '040bc5406b'
System info: os.name: 'Windows 11', os.arch: 'amd64', os.version: '10.0', java.version: '18.0.2.1'
Driver info: driver.version: unknown
	at org.openqa.selenium.support.ui.FluentWait.timeoutException(FluentWait.java:262)
	at org.openqa.selenium.support.ui.FluentWait.until(FluentWait.java:230)
	at CommonMethods.Helper.waitForElementIsInteractable(Helper.java:199)
	at POM.PerformInspectionUtility.PerformInspection_CloseGenerateNoticePopup(PerformInspectionUtility.java:1227)
	at TestCases.PerformInspection.PerformInspection_CloseGenerateNoticePopup(PerformInspection.java:278)
	at java.base/jdk.internal.reflect.DirectMethodHandleAccessor.invoke(DirectMethodHandleAccessor.java:104)
	at java.base/java.lang.reflect.Method.invoke(Method.java:577)
	at org.testng.internal.invokers.MethodInvocationHelper.invokeMethod(MethodInvocationHelper.java:135)
	at org.testng.internal.invokers.TestInvoker.invokeMethod(TestInvoker.java:673)
	at org.testng.internal.invokers.TestInvoker.invokeTestMethod(TestInvoker.java:220)
	at org.testng.internal.invokers.MethodRunner.runInSequence(MethodRunner.java:50)
	at org.testng.internal.invokers.TestInvoker$MethodInvocationAgent.invoke(TestInvoker.java:945)
	at org.testng.internal.invokers.TestInvoker.invokeTestMethods(TestInvoker.java:193)
	at org.testng.internal.invokers.TestMethodWorker.invokeTestMethods(TestMethodWorker.java:146)
	at org.testng.internal.invokers.TestMethodWorker.run(TestMethodWorker.java:128)
	at java.base/java.util.concurrent.ThreadPoolExecutor.runWorker(ThreadPoolExecutor.java:1136)
	at java.base/java.util.concurrent.ThreadPoolExecutor$Worker.run(ThreadPoolExecutor.java:635)
	at java.base/java.lang.Thread.run(Thread.java:833)
org.openqa.selenium.TimeoutException: Expected condition failed: waiting for element to be clickable: By.xpath: //div[@class='case-inspection__notice-action-buttons']/button[1] (tried for 60 second(s) with 500 milliseconds interval)
Build info: version: '4.11.0', revision: '040bc5406b'
System info: os.name: 'Windows 11', os.arch: 'amd64', os.version: '10.0', java.version: '18.0.2.1'
Driver info: org.openqa.selenium.chrome.ChromeDriver
Capabilities {acceptInsecureCerts: false, browserName: chrome, browserVersion: 115.0.5790.170, chrome: {chromedriverVersion: 115.0.5790.170 (cc0d30c2ca5..., userDataDir: C:\Users\SQELAB~1\AppData\L...}, goog:chromeOptions: {debuggerAddress: localhost:55486}, networkConnectionEnabled: false, pageLoadStrategy: normal, platformName: windows, proxy: Proxy(), se:cdp: ws://localhost:55486/devtoo..., se:cdpVersion: 115.0.5790.170, setWindowRect: true, strictFileInteractability: false, timeouts: {implicit: 0, pageLoad: 300000, script: 30000}, unhandledPromptBehavior: dismiss and notify, webauthn:extension:credBlob: true, webauthn:extension:largeBlob: true, webauthn:extension:minPinLength: true, webauthn:extension:prf: true, webauthn:virtualAuthenticators: true}
Session ID: 111408be0ccb80cf16b2c4ac8874894e
	at org.openqa.selenium.support.ui.WebDriverWait.timeoutException(WebDriverWait.java:84)
	at org.openqa.selenium.support.ui.FluentWait.until(FluentWait.java:230)
	at CommonMethods.Helper.clickOn(Helper.java:377)
	at POM.PerformInspectionUtility.PerformInspection_CloseGenerateNoticePopup(PerformInspectionUtility.java:1228)
	at TestCases.PerformInspection.PerformInspection_CloseGenerateNoticePopup(PerformInspection.java:278)
	at java.base/jdk.internal.reflect.DirectMethodHandleAccessor.invoke(DirectMethodHandleAccessor.java:104)
	at java.base/java.lang.reflect.Method.invoke(Method.java:577)
	at org.testng.internal.invokers.MethodInvocationHelper.invokeMethod(MethodInvocationHelper.java:135)
	at org.testng.internal.invokers.TestInvoker.invokeMethod(TestInvoker.java:673)
	at org.testng.internal.invokers.TestInvoker.invokeTestMethod(TestInvoker.java:220)
	at org.testng.internal.invokers.MethodRunner.runInSequence(MethodRunner.java:50)
	at org.testng.internal.invokers.TestInvoker$MethodInvocationAgent.invoke(TestInvoker.java:945)
	at org.testng.internal.invokers.TestInvoker.invokeTestMethods(TestInvoker.java:193)
	at org.testng.internal.invokers.TestMethodWorker.invokeTestMethods(TestMethodWorker.java:146)
	at org.testng.internal.invokers.TestMethodWorker.run(TestMethodWorker.java:128)
	at java.base/java.util.concurrent.ThreadPoolExecutor.runWorker(ThreadPoolExecutor.java:1136)
	at java.base/java.util.concurrent.ThreadPoolExecutor$Worker.run(ThreadPoolExecutor.java:635)
	at java.base/java.lang.Thread.run(Thread.java:833)
]]></system-err>
  </testcase>
  <testcase name="PerformInspection_VerifyPrintToggleButtonState" classname="TestCases.PerformInspection" time="62.352">
    <failure message="Expected condition failed: waiting for visibility of element located by By.xpath: //div[@class=&apos;case-inspection__print-notice&apos;]//button[text()=&apos;Print&apos;] (tried for 0 second(s) with 500 milliseconds interval)&#10;Build info: version: &apos;4.11.0&apos;, revision: &apos;040bc5406b&apos;&#10;System info: os.name: &apos;Windows 11&apos;, os.arch: &apos;amd64&apos;, os.version: &apos;10.0&apos;, java.version: &apos;18.0.2.1&apos;&#10;Driver info: driver.version: unknown" type="org.openqa.selenium.TimeoutException"><![CDATA[org.openqa.selenium.TimeoutException: 
Expected condition failed: waiting for visibility of element located by By.xpath: //div[@class='case-inspection__print-notice']//button[text()='Print'] (tried for 0 second(s) with 500 milliseconds interval)
Build info: version: '4.11.0', revision: '040bc5406b'
System info: os.name: 'Windows 11', os.arch: 'amd64', os.version: '10.0', java.version: '18.0.2.1'
Driver info: driver.version: unknown
	at org.openqa.selenium.support.ui.FluentWait.timeoutException(FluentWait.java:262)
	at org.openqa.selenium.support.ui.FluentWait.until(FluentWait.java:230)
	at CommonMethods.Helper.waitUntilVisibleWE(Helper.java:351)
	at POM.PerformInspectionUtility.PerformInspection_VerifyPrintToggleButtonState(PerformInspectionUtility.java:1276)
	at TestCases.PerformInspection.PerformInspection_VerifyPrintToggleButtonState(PerformInspection.java:288)
	at java.base/jdk.internal.reflect.DirectMethodHandleAccessor.invoke(DirectMethodHandleAccessor.java:104)
	at java.base/java.lang.reflect.Method.invoke(Method.java:577)
	at org.testng.internal.invokers.MethodInvocationHelper.invokeMethod(MethodInvocationHelper.java:135)
	at org.testng.internal.invokers.TestInvoker.invokeMethod(TestInvoker.java:673)
	at org.testng.internal.invokers.TestInvoker.invokeTestMethod(TestInvoker.java:220)
	at org.testng.internal.invokers.MethodRunner.runInSequence(MethodRunner.java:50)
	at org.testng.internal.invokers.TestInvoker$MethodInvocationAgent.invoke(TestInvoker.java:945)
	at org.testng.internal.invokers.TestInvoker.invokeTestMethods(TestInvoker.java:193)
	at org.testng.internal.invokers.TestMethodWorker.invokeTestMethods(TestMethodWorker.java:146)
	at org.testng.internal.invokers.TestMethodWorker.run(TestMethodWorker.java:128)
	at java.base/java.util.concurrent.ThreadPoolExecutor.runWorker(ThreadPoolExecutor.java:1136)
	at java.base/java.util.concurrent.ThreadPoolExecutor$Worker.run(ThreadPoolExecutor.java:635)
	at java.base/java.lang.Thread.run(Thread.java:833)
]]></failure>
    <system-out><![CDATA[Test Failed: PerformInspection_AddTextToTextBox
Test Failed: PerformInspection_VerifyPrintToggleButtonState
]]></system-out>
    <system-err><![CDATA[org.openqa.selenium.TimeoutException: Expected condition failed: waiting for element to be clickable: By.xpath: //div[@class='progressive-form__footer']//button[text()='Generate Notice'] (tried for 60 second(s) with 1000 milliseconds interval)
Build info: version: '4.11.0', revision: '040bc5406b'
System info: os.name: 'Windows 11', os.arch: 'amd64', os.version: '10.0', java.version: '18.0.2.1'
Driver info: driver.version: unknown
	at org.openqa.selenium.support.ui.FluentWait.timeoutException(FluentWait.java:262)
	at org.openqa.selenium.support.ui.FluentWait.until(FluentWait.java:230)
	at CommonMethods.Helper.waitForElementIsInteractable(Helper.java:199)
	at POM.PerformInspectionUtility.PerformInspection_AddTextToTextBox(PerformInspectionUtility.java:1251)
	at TestCases.PerformInspection.PerformInspection_AddTextToTextBox(PerformInspection.java:283)
	at java.base/jdk.internal.reflect.DirectMethodHandleAccessor.invoke(DirectMethodHandleAccessor.java:104)
	at java.base/java.lang.reflect.Method.invoke(Method.java:577)
	at org.testng.internal.invokers.MethodInvocationHelper.invokeMethod(MethodInvocationHelper.java:135)
	at org.testng.internal.invokers.TestInvoker.invokeMethod(TestInvoker.java:673)
	at org.testng.internal.invokers.TestInvoker.invokeTestMethod(TestInvoker.java:220)
	at org.testng.internal.invokers.MethodRunner.runInSequence(MethodRunner.java:50)
	at org.testng.internal.invokers.TestInvoker$MethodInvocationAgent.invoke(TestInvoker.java:945)
	at org.testng.internal.invokers.TestInvoker.invokeTestMethods(TestInvoker.java:193)
	at org.testng.internal.invokers.TestMethodWorker.invokeTestMethods(TestMethodWorker.java:146)
	at org.testng.internal.invokers.TestMethodWorker.run(TestMethodWorker.java:128)
	at java.base/java.util.concurrent.ThreadPoolExecutor.runWorker(ThreadPoolExecutor.java:1136)
	at java.base/java.util.concurrent.ThreadPoolExecutor$Worker.run(ThreadPoolExecutor.java:635)
	at java.base/java.lang.Thread.run(Thread.java:833)
]]></system-err>
  </testcase>
  <testcase name="PerformInspection_CloseConfirmationPopupOnCancel" classname="TestCases.PerformInspection" time="121.191">
    <system-out><![CDATA[Test Failed: PerformInspection_SelectAnyToggleButton
Test Failed: PerformInspection_OpenConfirmationPopupForCompleteInspection
Test Passed: PerformInspection_CloseConfirmationPopupOnCancel
]]></system-out>
    <system-err><![CDATA[org.openqa.selenium.TimeoutException: Expected condition failed: waiting for element to be clickable: By.xpath: //div[@class='flex-row--center']/button[text()='Cancel'] (tried for 60 second(s) with 1000 milliseconds interval)
Build info: version: '4.11.0', revision: '040bc5406b'
System info: os.name: 'Windows 11', os.arch: 'amd64', os.version: '10.0', java.version: '18.0.2.1'
Driver info: driver.version: unknown
	at org.openqa.selenium.support.ui.FluentWait.timeoutException(FluentWait.java:262)
	at org.openqa.selenium.support.ui.FluentWait.until(FluentWait.java:230)
	at CommonMethods.Helper.waitForElementIsInteractable(Helper.java:199)
	at POM.PerformInspectionUtility.PerformInspection_CloseConfirmationPopupOnCancel(PerformInspectionUtility.java:1315)
	at TestCases.PerformInspection.PerformInspection_CloseConfirmationPopupOnCancel(PerformInspection.java:306)
	at java.base/jdk.internal.reflect.DirectMethodHandleAccessor.invoke(DirectMethodHandleAccessor.java:104)
	at java.base/java.lang.reflect.Method.invoke(Method.java:577)
	at org.testng.internal.invokers.MethodInvocationHelper.invokeMethod(MethodInvocationHelper.java:135)
	at org.testng.internal.invokers.TestInvoker.invokeMethod(TestInvoker.java:673)
	at org.testng.internal.invokers.TestInvoker.invokeTestMethod(TestInvoker.java:220)
	at org.testng.internal.invokers.MethodRunner.runInSequence(MethodRunner.java:50)
	at org.testng.internal.invokers.TestInvoker$MethodInvocationAgent.invoke(TestInvoker.java:945)
	at org.testng.internal.invokers.TestInvoker.invokeTestMethods(TestInvoker.java:193)
	at org.testng.internal.invokers.TestMethodWorker.invokeTestMethods(TestMethodWorker.java:146)
	at org.testng.internal.invokers.TestMethodWorker.run(TestMethodWorker.java:128)
	at java.base/java.util.concurrent.ThreadPoolExecutor.runWorker(ThreadPoolExecutor.java:1136)
	at java.base/java.util.concurrent.ThreadPoolExecutor$Worker.run(ThreadPoolExecutor.java:635)
	at java.base/java.lang.Thread.run(Thread.java:833)
org.openqa.selenium.TimeoutException: Expected condition failed: waiting for element to be clickable: By.xpath: //div[@class='flex-row--center']/button[text()='Cancel'] (tried for 60 second(s) with 500 milliseconds interval)
Build info: version: '4.11.0', revision: '040bc5406b'
System info: os.name: 'Windows 11', os.arch: 'amd64', os.version: '10.0', java.version: '18.0.2.1'
Driver info: org.openqa.selenium.chrome.ChromeDriver
Capabilities {acceptInsecureCerts: false, browserName: chrome, browserVersion: 115.0.5790.170, chrome: {chromedriverVersion: 115.0.5790.170 (cc0d30c2ca5..., userDataDir: C:\Users\SQELAB~1\AppData\L...}, goog:chromeOptions: {debuggerAddress: localhost:55486}, networkConnectionEnabled: false, pageLoadStrategy: normal, platformName: windows, proxy: Proxy(), se:cdp: ws://localhost:55486/devtoo..., se:cdpVersion: 115.0.5790.170, setWindowRect: true, strictFileInteractability: false, timeouts: {implicit: 0, pageLoad: 300000, script: 30000}, unhandledPromptBehavior: dismiss and notify, webauthn:extension:credBlob: true, webauthn:extension:largeBlob: true, webauthn:extension:minPinLength: true, webauthn:extension:prf: true, webauthn:virtualAuthenticators: true}
Session ID: 111408be0ccb80cf16b2c4ac8874894e
	at org.openqa.selenium.support.ui.WebDriverWait.timeoutException(WebDriverWait.java:84)
	at org.openqa.selenium.support.ui.FluentWait.until(FluentWait.java:230)
	at CommonMethods.Helper.clickOn(Helper.java:377)
	at POM.PerformInspectionUtility.PerformInspection_CloseConfirmationPopupOnCancel(PerformInspectionUtility.java:1316)
	at TestCases.PerformInspection.PerformInspection_CloseConfirmationPopupOnCancel(PerformInspection.java:306)
	at java.base/jdk.internal.reflect.DirectMethodHandleAccessor.invoke(DirectMethodHandleAccessor.java:104)
	at java.base/java.lang.reflect.Method.invoke(Method.java:577)
	at org.testng.internal.invokers.MethodInvocationHelper.invokeMethod(MethodInvocationHelper.java:135)
	at org.testng.internal.invokers.TestInvoker.invokeMethod(TestInvoker.java:673)
	at org.testng.internal.invokers.TestInvoker.invokeTestMethod(TestInvoker.java:220)
	at org.testng.internal.invokers.MethodRunner.runInSequence(MethodRunner.java:50)
	at org.testng.internal.invokers.TestInvoker$MethodInvocationAgent.invoke(TestInvoker.java:945)
	at org.testng.internal.invokers.TestInvoker.invokeTestMethods(TestInvoker.java:193)
	at org.testng.internal.invokers.TestMethodWorker.invokeTestMethods(TestMethodWorker.java:146)
	at org.testng.internal.invokers.TestMethodWorker.run(TestMethodWorker.java:128)
	at java.base/java.util.concurrent.ThreadPoolExecutor.runWorker(ThreadPoolExecutor.java:1136)
	at java.base/java.util.concurrent.ThreadPoolExecutor$Worker.run(ThreadPoolExecutor.java:635)
	at java.base/java.lang.Thread.run(Thread.java:833)
]]></system-err>
  </testcase>
  <testcase name="LoginAgency" classname="TestCases.CSPExternal" time="0.031">
    <system-out><![CDATA[2024-07-25 23:56:42,875 [info]: GetText fromBy.xpath: //div[@class='app-header__user-name']/label
Test Passed: LoginAgency
]]></system-out>
  </testcase>
  <testcase name="CSPExternal_PreRequisite_OpenReportAnIssuePage" classname="TestCases.CSPExternal" time="1.591">
    <system-out><![CDATA[2024-07-25 23:56:53,485 [info]: Click By JS By.xpath: //i[@class='fa fa-2 fa-sliders']
2024-07-25 23:56:53,505 [info]: Cleared value from By.xpath: //input[@name='centerLongitude']
2024-07-25 23:56:53,989 [info]: Sendkeys on By.xpath: //input[@name='centerLongitude'] with value -94.8992156982421900000000000
2024-07-25 23:56:54,123 [info]: Click By JS By.xpath: //button[@class='drawer__close']
2024-07-25 23:56:54,142 [info]: Cleared value from By.xpath: //input[@name='centerLatitude']
2024-07-25 23:56:54,252 [info]: Clicked on By.xpath: //h1[text()='Create Rule']//parent::div//button[text()='Cancel']
2024-07-25 23:56:54,349 [info]: Scroll Into View By.xpath: //button[text()='Add Rule']
2024-07-25 23:56:54,695 [info]: Sendkeys on By.xpath: //input[@name='centerLatitude'] with value 29.3833717078824430000000000
2024-07-25 23:56:54,830 [info]: GetText fromBy.xpath: //nav[@class='crm-submission__navigation-bar']/h1
Test Passed: CSPExternal_PreRequisite_OpenReportAnIssuePage
]]></system-out>
  </testcase>
  <testcase name="CSPExternal_VerifyIssueDescription" classname="TestCases.CSPExternal" time="14.638">
    <system-out><![CDATA[2024-07-25 23:57:36,481 [info]: Clicked on By.xpath: //button[text()='Create Custom Field']
2024-07-25 23:57:37,269 [info]: Clicked on By.xpath: //li[@id='react-autowhatever-1-section-0-item-0']
2024-07-25 23:57:37,896 [info]: Sendkeys on By.xpath: //input[@name='label'] with value IndiviualContact
2024-07-25 23:57:38,554 [info]: Sendkeys on By.id: okta-signin-password with value Hello@1234
2024-07-25 23:57:38,743 [info]: Clicked on By.id: okta-signin-submit
2024-07-25 23:57:39,062 [info]: Clicked on By.xpath: //div[@class='Select-placeholder']
2024-07-25 23:57:39,914 [info]: Scroll Into View By.xpath: //div[text()='Submission Received']//following::button[1]
2024-07-25 23:57:40,029 [info]: Click By JS By.xpath: //div[text()='Submission Received']//following::button[1]
2024-07-25 23:57:40,245 [info]: Clicked on By.xpath: //div[text()='Text']
2024-07-25 23:57:41,437 [info]: Clicked on By.xpath: //div[@class='modal-footer']//button[2]
2024-07-25 23:57:41,697 [info]: Clicked on By.xpath: //a[text()='Cases']
2024-07-25 23:57:45,329 [info]: Sendkeys on By.xpath: //textarea[@name='description'] with value A while back I needed to count the amount of letters that a piece of text in an email template had (to avoid passing any character limits). Unfortunately, I could not think of a quick way to do so on my macbook and I therefore turned to the Internet.There were a couple of tools out there, but none of them met my standards and since I am a web designer I thought: why not do it myself and help others along the way? And... here is the result, hope it helps out!A while back I needed to count the amount of letters that a piece of text in an email template had (to avoid passing any character limits). Unfortunately, I could not think of a quick way to do so on my macbook and I therefore turned to the Internet.There were a couple of tools out there, but none of them met my standards and since I am a web designer I thought: why not do it myself and help others along the way? And... here is the result, hope it helps out!A while back I needed to count the amount of letters that a piece of text in an email template had (to avoid passing any character limits). Unfortunately, I could not think of a quick way to do so on my macbook and I therefore turned to the Internet.There were a couple of tools out there, but none of them met my standards and since I am a web designer I thought: why not do it myself and help others along the way? And... here is the result, hope it helps out!A while back I needed to count the amount of letters that a piece of text in an email template had (to avoid passing any character limits). Unfortunately, I could not think of a quick way to do so on my macbook and I therefore turned to the Internet.There were a couple of tools out there, but none of them met my standards and since I am a web designer I thought: why not do it myself and help others along the way? And... here is the result, hope it helps out!A while back I needed to count the amount of letters that a piece of text in an email template had (to avoid passing any character limits).Thanks Everyone
2024-07-25 23:57:45,643 [info]: Clicked on By.xpath: //div/input[@placeholder='Start typing name of violation, article number or issue description']
2024-07-25 23:57:47,463 [info]: GetText fromBy.xpath: //div[@class='app-header__user-name']/label
2024-07-25 23:57:47,507 [info]: GetText fromBy.xpath: (//div[@class='agency-setup-tab__section__header']/h2)[1]
2024-07-25 23:57:47,534 [info]: Scroll Into View By.xpath: //div[@class='sidebar__options-container'] //label[text()='Contacts']
2024-07-25 23:57:49,410 [info]: Scroll Into View By.xpath: (//button[text()='Next'])[1]
case id is 24-1842
2024-07-25 23:57:49,515 [info]: Click By JS By.xpath: (//button[text()='Next'])[1]
2024-07-25 23:57:49,539 [info]: Scroll Into View By.xpath: //a[text()='Cases']
2024-07-25 23:57:49,599 [info]: GetText fromBy.xpath: //span[@class='field__error']
2024-07-25 23:57:49,731 [info]: Click By JS By.xpath: //a[text()='Cases']
2024-07-25 23:57:49,773 [info]: Clicked on By.xpath: //div[@class='sidebar__options-container'] //label[text()='Contacts']
2024-07-25 23:57:49,938 [info]: Click By JS By.xpath: //button[text()='Applied to Legal Entities']
2024-07-25 23:57:49,988 [info]: GetText fromBy.xpath: (//div[@class='agency-setup-tab__section__header']/h2)[1]
2024-07-25 23:57:50,958 [info]: Sendkeys on By.xpath: //textarea[@name='description'] with value eKdl0BlzNHi7KS2hBulylGF0sPWSRyX2neJ5GSCClJf5GxI4L9
Test Passed: CSPExternal_VerifyIssueDescription
]]></system-out>
  </testcase>
  <testcase name="CSPExternal_VerifyAddedAttachments" classname="TestCases.CSPExternal" time="2.379">
    <system-out><![CDATA[2024-07-25 23:58:05,587 [info]: GetText fromBy.xpath: //h2[@class='case-details__case-number']
2024-07-25 23:58:05,678 [info]: Scroll Into View By.cssSelector: div.case-details__close-icon img
2024-07-25 23:58:05,877 [info]: Clicked on By.xpath: //span/label[text()='Property Owner']
2024-07-25 23:58:06,213 [info]: Clicked on By.xpath: //button[text()='Apply']
2024-07-25 23:58:06,357 [info]: Click By JS By.cssSelector: div.case-details__close-icon img
2024-07-25 23:58:06,729 [info]: Scroll Into View By.xpath: //div[@class='app-header__menu__icon']
2024-07-25 23:58:06,756 [info]: Click By JS By.xpath: //div[@class='app-header__menu__icon']
2024-07-25 23:58:06,783 [info]: Scroll Into View By.xpath: //label[text()='Agency Setup']//preceding-sibling::a
250
2024-07-25 23:58:07,774 [info]: Click By JS By.xpath: //div[@class='pagination-top']//div[@class='table__pagination-nav-btns']/button[2]
Test Passed: CSPExternal_VerifyAddedAttachments
]]></system-out>
  </testcase>
  <testcase name="CSPExternal_VerifyNoLocationSection" classname="TestCases.CSPExternal" time="0.358">
    <system-out><![CDATA[2024-07-25 23:58:17,686 [info]: GetText fromBy.xpath: //div[@class='crm__anonymous-toggle col']/h5
2024-07-25 23:58:17,753 [info]: Scroll Into View By.xpath: //button[text()='Back']
2024-07-25 23:58:17,760 [info]: Clicked on By.xpath: //button[contains(text(),'More...')]
2024-07-25 23:58:17,856 [info]: Click By JS By.xpath: //button[text()='Back']
Test Passed: CSPExternal_VerifyNoLocationSection
]]></system-out>
  </testcase>
  <testcase name="CSPExternal_VerifyRequiredLocationSection" classname="TestCases.CSPExternal" time="1.01">
    <system-out><![CDATA[2024-07-25 23:58:42,560 [info]: Scroll Into View By.xpath: (//button[text()='Next'])[2]
2024-07-25 23:58:42,771 [info]: Click By JS By.xpath: //button[@aria-label='Close']
700
2024-07-25 23:58:42,832 [info]: Click By JS By.xpath: (//button[text()='Next'])[2]
2024-07-25 23:58:43,056 [info]: GetText fromBy.xpath: //div[@class='crm__anonymous-toggle col']/h5
2024-07-25 23:58:43,163 [info]: Scroll Into View By.xpath: //button[text()='Back']
2024-07-25 23:58:43,185 [info]: Sendkeys on By.id: okta-signin-password with value Hello@1234
2024-07-25 23:58:43,369 [info]: Click By JS By.xpath: //button[text()='Back']
Test Passed: CSPExternal_VerifyRequiredLocationSection
]]></system-out>
  </testcase>
  <testcase name="CSPExternal_VerifyNonMandatoryLocationSection" classname="TestCases.CSPExternal" time="3.459">
    <system-out><![CDATA[2024-07-25 23:58:43,423 [info]: Clicked on By.id: okta-signin-submit
2024-07-25 23:58:43,427 [info]: Clicked on By.xpath: //label[@title='Attribute']/following::div[@class='Select-placeholder'][1]
2024-07-25 23:58:43,532 [info]: Scroll Into View By.xpath: //h2[text()='Issue Description']
2024-07-25 23:58:43,601 [info]: Click By JS By.xpath: //h2[text()='Issue Description']
2024-07-25 23:58:43,670 [info]: Scroll Into View By.xpath: //h2[contains(text(),'Category')]//parent::div//div[@class='dropdown__label']
2024-07-25 23:58:43,774 [info]: Clicked on By.xpath: //div[text()='Submission Category']
2024-07-25 23:58:43,865 [info]: Clicked on By.xpath: //h2[contains(text(),'Category')]//parent::div//div[@class='dropdown__label']
2024-07-25 23:58:43,979 [info]: Clicked on By.xpath: //label[@title='Attribute']/following::div[@class='Select-placeholder'][1]
2024-07-25 23:58:43,996 [info]: Click By JS By.xpath: //div[@class='pagination-top']//div[@class='table__pagination-nav-btns']/button[2]
2024-07-25 23:58:44,258 [info]: Clicked on By.xpath: //div[text()='Equals']
2024-07-25 23:58:44,543 [info]: Clicked on By.xpath: //label[@title='Attribute']/following::div[@class='Select-placeholder'][1]
2024-07-25 23:58:44,636 [info]: Scroll Into View By.xpath: //div[text()='Other']
2024-07-25 23:58:44,669 [info]: Sendkeys on By.xpath: //div[@class='dropdown-content__search-container']//input[@type='text'] with value Location Not Required
2024-07-25 23:58:44,839 [info]: Clicked on By.xpath: //div[text()='Other']
2024-07-25 23:58:44,886 [info]: Clicked on By.xpath: //div[@class='option-black'][contains(text(),'Location Not Required')]
2024-07-25 23:58:44,910 [info]: Scroll Into View By.xpath: //label[@for='assignee']/following::label[1]
2024-07-25 23:58:44,967 [info]: Scroll Into View By.xpath: (//button[text()='Next'])[1]
2024-07-25 23:58:45,069 [info]: Click By JS By.xpath: (//button[text()='Next'])[1]
2024-07-25 23:58:45,080 [info]: Clicked on By.xpath: //label[@for='assignee']/following::label[1]
2024-07-25 23:58:46,296 [info]: Sendkeys on By.xpath: //input[@placeholder='Enter Text'] with value Supervisor Manager
2024-07-25 23:58:46,470 [info]: Click By JS By.xpath: //button[text()='Change']
2024-07-25 23:58:46,499 [info]: Sendkeys on By.xpath: //div[@id='assignee']//input[@placeholder='Search...'][@name='query'] with value Mark Shane
2024-07-25 23:58:46,592 [info]: Scroll Into View By.xpath: (//button[text()='Next'])[2]
2024-07-25 23:58:46,724 [info]: Sendkeys on By.xpath: //textarea[@name='description'] with value This Role is Basic Supervisore.
2024-07-25 23:58:46,729 [info]: Click By JS By.xpath: (//button[text()='Next'])[2]
2024-07-25 23:58:46,832 [info]: GetText fromBy.xpath: //div[@class='crm__anonymous-toggle col']/h5
Test Passed: CSPExternal_VerifyNonMandatoryLocationSection
]]></system-out>
  </testcase>
  <testcase name="CSPExternal_VerifyMandatoryFieldsForNonAnonymous" classname="TestCases.CSPExternal" time="0.212">
    <system-out><![CDATA[2024-07-25 23:58:48,512 [info]: Click By JS By.xpath: //button[text()='Submit']
2024-07-25 23:58:48,584 [info]: Scroll Into View By.xpath: //input[@name='firstName']/following::span[1]
2024-07-25 23:58:48,634 [info]: GetText fromBy.xpath: //input[@name='firstName']/following::span[1]
2024-07-25 23:58:48,646 [info]: Clicked on By.xpath: //button[text()='Can Void / Waive']
2024-07-25 23:58:48,692 [info]: GetText fromBy.xpath: //input[@name='firstName']/following::span[2]
Test Passed: CSPExternal_VerifyMandatoryFieldsForNonAnonymous
]]></system-out>
  </testcase>
  <testcase name="CSPExternal_VerifyEmailFieldPreference" classname="TestCases.CSPExternal" time="1.028">
    <system-out><![CDATA[2024-07-25 23:58:48,786 [info]: Click By JS By.xpath: //*[@class='case-details__close-icon']/img
2024-07-25 23:58:48,786 [info]: Scroll Into View By.xpath: //button[text()='Email']
2024-07-25 23:58:48,825 [info]: Clicked on By.xpath: (//button[text()='Yes'])[4]
2024-07-25 23:58:48,901 [info]: Click By JS By.xpath: //button[text()='Email']
2024-07-25 23:58:48,983 [info]: Clicked on By.xpath: (//button[text()='Yes'])[5]
2024-07-25 23:58:49,018 [info]: Scroll Into View By.xpath: //button[text()='Submit']
2024-07-25 23:58:49,110 [info]: Click By JS By.xpath: //button[text()='Submit']
2024-07-25 23:58:49,167 [info]: Clicked on By.xpath: //label[@title='Animal']//parent::div//parent::div//button[text()='Overwrite']
2024-07-25 23:58:49,173 [info]: GetText fromBy.xpath: //*[@name='email']/../../span
2024-07-25 23:58:49,341 [info]: Clicked on By.xpath: //label[@title='General']//parent::div//parent::div//button[text()='Overwrite']
2024-07-25 23:58:49,468 [info]: Sendkeys on By.xpath: //input[@name='email'] with value invalid@mail
2024-07-25 23:58:49,521 [info]: Clicked on By.xpath: (//span[text()='CRM']//parent::label//following-sibling::div//button[text()='Yes'])[1]
2024-07-25 23:58:49,540 [info]: Scroll Into View By.xpath: //button[text()='Submit']
2024-07-25 23:58:49,636 [info]: Click By JS By.xpath: //button[text()='Submit']
2024-07-25 23:58:49,673 [info]: Clicked on By.xpath: (//span[text()='CRM']//parent::label//following-sibling::div//button[text()='Yes'])[2]
2024-07-25 23:58:49,726 [info]: GetText fromBy.xpath: //*[@name='email']/../../span
Test Passed: CSPExternal_VerifyEmailFieldPreference
]]></system-out>
  </testcase>
  <testcase name="CSPExternal_VerifyNonAnonymousSubmission" classname="TestCases.CSPExternal" time="3.904">
    <failure message="Expected condition failed: waiting for presence of element located by: By.xpath: //textarea[@name=&apos;description&apos;] (tried for 60 second(s) with 500 milliseconds interval)" type="org.openqa.selenium.TimeoutException"><![CDATA[org.openqa.selenium.TimeoutException: Expected condition failed: waiting for presence of element located by: By.xpath: //textarea[@name='description'] (tried for 60 second(s) with 500 milliseconds interval)
	at org.openqa.selenium.support.ui.WebDriverWait.timeoutException(WebDriverWait.java:84)
	at org.openqa.selenium.support.ui.FluentWait.until(FluentWait.java:230)
	at CommonMethods.Helper.sendKeysWithWait(Helper.java:385)
	at CommonMethods.CRMCommonMethods.createExternalSubmission(CRMCommonMethods.java:555)
	at POM.CSPExternalUtility.CSPExternal_VerifyNonAnonymousSubmission(CSPExternalUtility.java:518)
	at TestCases.CSPExternal.CSPExternal_VerifyNonAnonymousSubmission(CSPExternal.java:139)
	at java.base/jdk.internal.reflect.DirectMethodHandleAccessor.invoke(DirectMethodHandleAccessor.java:104)
	at java.base/java.lang.reflect.Method.invoke(Method.java:577)
	at org.testng.internal.invokers.MethodInvocationHelper.invokeMethod(MethodInvocationHelper.java:135)
	at org.testng.internal.invokers.TestInvoker.invokeMethod(TestInvoker.java:673)
	at org.testng.internal.invokers.TestInvoker.invokeTestMethod(TestInvoker.java:220)
	at org.testng.internal.invokers.MethodRunner.runInSequence(MethodRunner.java:50)
	at org.testng.internal.invokers.TestInvoker$MethodInvocationAgent.invoke(TestInvoker.java:945)
	at org.testng.internal.invokers.TestInvoker.invokeTestMethods(TestInvoker.java:193)
	at org.testng.internal.invokers.TestMethodWorker.invokeTestMethods(TestMethodWorker.java:146)
	at org.testng.internal.invokers.TestMethodWorker.run(TestMethodWorker.java:128)
	at java.base/java.util.concurrent.ThreadPoolExecutor.runWorker(ThreadPoolExecutor.java:1136)
	at java.base/java.util.concurrent.ThreadPoolExecutor$Worker.run(ThreadPoolExecutor.java:635)
	at java.base/java.lang.Thread.run(Thread.java:833)
Caused by: org.openqa.selenium.NoSuchElementException: no such element: Unable to locate element: {"method":"xpath","selector":"//textarea[@name='description']"}
  (Session info: chrome=115.0.5790.170)
For documentation on this error, please visit: https://www.selenium.dev/documentation/webdriver/troubleshooting/errors#no-such-element-exception
Build info: version: '4.11.0', revision: '040bc5406b'
System info: os.name: 'Windows 11', os.arch: 'amd64', os.version: '10.0', java.version: '18.0.2.1'
Driver info: org.openqa.selenium.chrome.ChromeDriver
Command: [8357b04f9619fd94e30b184b2fe6f361, findElement {using=xpath, value=//textarea[@name='description']}]
Capabilities {acceptInsecureCerts: false, browserName: chrome, browserVersion: 115.0.5790.170, chrome: {chromedriverVersion: 115.0.5790.170 (cc0d30c2ca5..., userDataDir: C:\Users\SQELAB~1\AppData\L...}, goog:chromeOptions: {debuggerAddress: localhost:56386}, networkConnectionEnabled: false, pageLoadStrategy: normal, platformName: windows, proxy: Proxy(), se:cdp: ws://localhost:56386/devtoo..., se:cdpVersion: 115.0.5790.170, setWindowRect: true, strictFileInteractability: false, timeouts: {implicit: 0, pageLoad: 300000, script: 30000}, unhandledPromptBehavior: dismiss and notify, webauthn:extension:credBlob: true, webauthn:extension:largeBlob: true, webauthn:extension:minPinLength: true, webauthn:extension:prf: true, webauthn:virtualAuthenticators: true}
Session ID: 8357b04f9619fd94e30b184b2fe6f361
	at java.base/jdk.internal.reflect.DirectConstructorHandleAccessor.newInstance(DirectConstructorHandleAccessor.java:67)
	at java.base/java.lang.reflect.Constructor.newInstanceWithCaller(Constructor.java:499)
	at java.base/java.lang.reflect.Constructor.newInstance(Constructor.java:483)
	at org.openqa.selenium.remote.codec.w3c.W3CHttpResponseCodec.createException(W3CHttpResponseCodec.java:200)
	at org.openqa.selenium.remote.codec.w3c.W3CHttpResponseCodec.decode(W3CHttpResponseCodec.java:133)
	at org.openqa.selenium.remote.codec.w3c.W3CHttpResponseCodec.decode(W3CHttpResponseCodec.java:52)
	at org.openqa.selenium.remote.HttpCommandExecutor.execute(HttpCommandExecutor.java:191)
	at org.openqa.selenium.remote.service.DriverCommandExecutor.invokeExecute(DriverCommandExecutor.java:196)
	at org.openqa.selenium.remote.service.DriverCommandExecutor.execute(DriverCommandExecutor.java:171)
	at org.openqa.selenium.remote.RemoteWebDriver.execute(RemoteWebDriver.java:518)
	at org.openqa.selenium.remote.ElementLocation$ElementFinder$2.findElement(ElementLocation.java:165)
	at org.openqa.selenium.remote.ElementLocation.findElement(ElementLocation.java:59)
	at org.openqa.selenium.remote.RemoteWebDriver.findElement(RemoteWebDriver.java:355)
	at org.openqa.selenium.remote.RemoteWebDriver.findElement(RemoteWebDriver.java:349)
	at org.openqa.selenium.support.ui.ExpectedConditions$6.apply(ExpectedConditions.java:171)
	at org.openqa.selenium.support.ui.ExpectedConditions$6.apply(ExpectedConditions.java:168)
	at org.openqa.selenium.support.ui.FluentWait.until(FluentWait.java:205)
	... 17 more
]]></failure>
    <system-out><![CDATA[2024-07-26 00:04:00,036 [info]: Scroll Into View By.xpath: //div[@class='app-header__menu__icon']
2024-07-26 00:04:00,071 [info]: Click By JS By.xpath: //div[@class='app-header__menu__icon']
2024-07-26 00:04:00,114 [info]: Scroll Into View By.xpath: //label[text()='Agency Setup']//preceding-sibling::a
2024-07-26 00:04:02,422 [info]: Click By JS By.xpath: //label[text()='Agency Setup']//preceding-sibling::a
Test Failed: CSPExternal_VerifyNonAnonymousSubmission
]]></system-out>
  </testcase>
  <testcase name="CSPExternal_CreateExternalSubmissionLocationNotRequired" classname="TestCases.CSPExternal" time="4.043">
    <system-out><![CDATA[2024-07-26 00:05:02,536 [info]: Sendkeys on By.xpath: //input[@name='firstName'] with value UjeOoN
2024-07-26 00:05:02,598 [info]: Scroll Into View By.xpath: //a[text()='Cases']
https://admin-stage.comcate.com/agencies
220
https://app-stage.comcate.com/agencies/220/login
2024-07-26 00:05:02,718 [info]: Click By JS By.xpath: //a[text()='Cases']
2024-07-26 00:05:02,762 [info]: Sendkeys on By.xpath: //input[@name='lastName'] with value pEykMy
2024-07-26 00:05:03,004 [info]: Scroll Into View failed.
2024-07-26 00:05:03,067 [info]: Sendkeys on By.xpath: //input[@name='email'] with value automationcomcate@gmail.com
2024-07-26 00:05:03,319 [info]: Sendkeys on By.xpath: //input[@name='phoneNumber'] with value +12057547399
2024-07-26 00:05:03,434 [info]: Scroll Into View By.xpath: //button[text()='Apply Approved Notice']
2024-07-26 00:05:03,466 [info]: Scroll Into View By.cssSelector: div.actions button.btn-primary
2024-07-26 00:05:04,159 [info]: Click By JS By.xpath: //button[text()='Apply Approved Notice']
Window size is: 1552 x 832
2024-07-26 00:05:04,913 [info]: Click By JS By.xpath: (//button[text()='Apply Approved Notice'])[2]
Test Failed: PerformInspection_VerifyOpenStatusForViolation
2024-07-26 00:05:05,620 [info]: Click By JS By.cssSelector: div.actions button.btn-primary
2024-07-26 00:05:06,159 [info]: Clicked on By.xpath: //button[text()='Do Not Print']
2024-07-26 00:05:06,342 [info]: Cleared value from By.xpath: //input[@name='searchQuery']
2024-07-26 00:05:06,547 [info]: Clicked on By.xpath: //div[@class='case-inspection__notice-action-buttons']/button[2]
2024-07-26 00:05:07,180 [info]: Sendkeys on By.xpath: //input[@name='searchQuery'] with value 24-1847
2024-07-26 00:05:07,186 [info]: Scroll Into View By.xpath: //div[@class='agency-setup-tab__section__header']/h2[contains(text(),'Users')]
2024-07-26 00:05:07,280 [info]: Click By JS By.xpath: //button[text()='Yes']
2024-07-26 00:05:08,192 [info]: Scroll Into View By.xpath: //label[text()='Violations']
2024-07-26 00:05:08,328 [info]: Click By JS By.xpath: //label[text()='Violations']
2024-07-26 00:05:08,616 [info]: Click By JS By.xpath: //div[text()='Violations']
2024-07-26 00:05:09,084 [info]: Click By JS By.xpath: //button[text()='Create Violation']
2024-07-26 00:05:10,331 [info]: Scroll Into View By.xpath: //section[@class='crm__success-message-section']//h5
Test Passed: CSPExternal_CreateExternalSubmissionLocationNotRequired
]]></system-out>
    <system-err><![CDATA[org.openqa.selenium.TimeoutException: Expected condition failed: waiting for element to be clickable: By.xpath: //div[@class='dropdown__selector__selected']/label (tried for 60 second(s) with 1000 milliseconds interval)
Build info: version: '4.11.0', revision: '040bc5406b'
System info: os.name: 'Windows 11', os.arch: 'amd64', os.version: '10.0', java.version: '18.0.2.1'
Driver info: driver.version: unknown
	at org.openqa.selenium.support.ui.FluentWait.timeoutException(FluentWait.java:262)
	at org.openqa.selenium.support.ui.FluentWait.until(FluentWait.java:230)
	at CommonMethods.Helper.waitForElementIsInteractable(Helper.java:199)
	at CommonMethods.CRMCommonMethods.createSubmission(CRMCommonMethods.java:210)
	at POM.CSDPUtility.CSDP_SubmissionDetails(CSDPUtility.java:849)
	at TestCases.CSDP.CSDP_SubmissionDetails(CSDP.java:187)
	at java.base/jdk.internal.reflect.DirectMethodHandleAccessor.invoke(DirectMethodHandleAccessor.java:104)
	at java.base/java.lang.reflect.Method.invoke(Method.java:577)
	at org.testng.internal.invokers.MethodInvocationHelper.invokeMethod(MethodInvocationHelper.java:135)
	at org.testng.internal.invokers.TestInvoker.invokeMethod(TestInvoker.java:673)
	at org.testng.internal.invokers.TestInvoker.invokeTestMethod(TestInvoker.java:220)
	at org.testng.internal.invokers.MethodRunner.runInSequence(MethodRunner.java:50)
	at org.testng.internal.invokers.TestInvoker$MethodInvocationAgent.invoke(TestInvoker.java:945)
	at org.testng.internal.invokers.TestInvoker.invokeTestMethods(TestInvoker.java:193)
	at org.testng.internal.invokers.TestMethodWorker.invokeTestMethods(TestMethodWorker.java:146)
	at org.testng.internal.invokers.TestMethodWorker.run(TestMethodWorker.java:128)
	at java.base/java.util.concurrent.ThreadPoolExecutor.runWorker(ThreadPoolExecutor.java:1136)
	at java.base/java.util.concurrent.ThreadPoolExecutor$Worker.run(ThreadPoolExecutor.java:635)
	at java.base/java.lang.Thread.run(Thread.java:833)
org.openqa.selenium.NoSuchElementException: no such element: Unable to locate element: {"method":"xpath","selector":"//div[@class='dropdown__selector__selected']/label"}
  (Session info: chrome=115.0.5790.170)
For documentation on this error, please visit: https://www.selenium.dev/documentation/webdriver/troubleshooting/errors#no-such-element-exception
Build info: version: '4.11.0', revision: '040bc5406b'
System info: os.name: 'Windows 11', os.arch: 'amd64', os.version: '10.0', java.version: '18.0.2.1'
Driver info: org.openqa.selenium.chrome.ChromeDriver
Command: [d912ad183baba31645c5abb6ebff7616, findElement {using=xpath, value=//div[@class='dropdown__selector__selected']/label}]
Capabilities {acceptInsecureCerts: false, browserName: chrome, browserVersion: 115.0.5790.170, chrome: {chromedriverVersion: 115.0.5790.170 (cc0d30c2ca5..., userDataDir: C:\Users\SQELAB~1\AppData\L...}, goog:chromeOptions: {debuggerAddress: localhost:54245}, networkConnectionEnabled: false, pageLoadStrategy: normal, platformName: windows, proxy: Proxy(), se:cdp: ws://localhost:54245/devtoo..., se:cdpVersion: 115.0.5790.170, setWindowRect: true, strictFileInteractability: false, timeouts: {implicit: 0, pageLoad: 300000, script: 30000}, unhandledPromptBehavior: dismiss and notify, webauthn:extension:credBlob: true, webauthn:extension:largeBlob: true, webauthn:extension:minPinLength: true, webauthn:extension:prf: true, webauthn:virtualAuthenticators: true}
Session ID: d912ad183baba31645c5abb6ebff7616
	at java.base/jdk.internal.reflect.DirectConstructorHandleAccessor.newInstance(DirectConstructorHandleAccessor.java:67)
	at java.base/java.lang.reflect.Constructor.newInstanceWithCaller(Constructor.java:499)
	at java.base/java.lang.reflect.Constructor.newInstance(Constructor.java:483)
	at org.openqa.selenium.remote.codec.w3c.W3CHttpResponseCodec.createException(W3CHttpResponseCodec.java:200)
	at org.openqa.selenium.remote.codec.w3c.W3CHttpResponseCodec.decode(W3CHttpResponseCodec.java:133)
	at org.openqa.selenium.remote.codec.w3c.W3CHttpResponseCodec.decode(W3CHttpResponseCodec.java:52)
	at org.openqa.selenium.remote.HttpCommandExecutor.execute(HttpCommandExecutor.java:191)
	at org.openqa.selenium.remote.service.DriverCommandExecutor.invokeExecute(DriverCommandExecutor.java:196)
	at org.openqa.selenium.remote.service.DriverCommandExecutor.execute(DriverCommandExecutor.java:171)
	at org.openqa.selenium.remote.RemoteWebDriver.execute(RemoteWebDriver.java:518)
	at org.openqa.selenium.remote.ElementLocation$ElementFinder$2.findElement(ElementLocation.java:165)
	at org.openqa.selenium.remote.ElementLocation.findElement(ElementLocation.java:59)
	at org.openqa.selenium.remote.RemoteWebDriver.findElement(RemoteWebDriver.java:355)
	at org.openqa.selenium.remote.RemoteWebDriver.findElement(RemoteWebDriver.java:349)
	at CommonMethods.Helper.scrollIntoView(Helper.java:467)
	at CommonMethods.CRMCommonMethods.createSubmission(CRMCommonMethods.java:212)
	at POM.CSDPUtility.CSDP_SubmissionDetails(CSDPUtility.java:849)
	at TestCases.CSDP.CSDP_SubmissionDetails(CSDP.java:187)
	at java.base/jdk.internal.reflect.DirectMethodHandleAccessor.invoke(DirectMethodHandleAccessor.java:104)
	at java.base/java.lang.reflect.Method.invoke(Method.java:577)
	at org.testng.internal.invokers.MethodInvocationHelper.invokeMethod(MethodInvocationHelper.java:135)
	at org.testng.internal.invokers.TestInvoker.invokeMethod(TestInvoker.java:673)
	at org.testng.internal.invokers.TestInvoker.invokeTestMethod(TestInvoker.java:220)
	at org.testng.internal.invokers.MethodRunner.runInSequence(MethodRunner.java:50)
	at org.testng.internal.invokers.TestInvoker$MethodInvocationAgent.invoke(TestInvoker.java:945)
	at org.testng.internal.invokers.TestInvoker.invokeTestMethods(TestInvoker.java:193)
	at org.testng.internal.invokers.TestMethodWorker.invokeTestMethods(TestMethodWorker.java:146)
	at org.testng.internal.invokers.TestMethodWorker.run(TestMethodWorker.java:128)
	at java.base/java.util.concurrent.ThreadPoolExecutor.runWorker(ThreadPoolExecutor.java:1136)
	at java.base/java.util.concurrent.ThreadPoolExecutor$Worker.run(ThreadPoolExecutor.java:635)
	at java.base/java.lang.Thread.run(Thread.java:833)
org.openqa.selenium.TimeoutException: Expected condition failed: waiting for visibility of element located by By.xpath: //button[text()='Apply Notice'] (tried for 60 second(s) with 1000 milliseconds interval)
Build info: version: '4.11.0', revision: '040bc5406b'
System info: os.name: 'Windows 11', os.arch: 'amd64', os.version: '10.0', java.version: '18.0.2.1'
Driver info: driver.version: unknown
	at org.openqa.selenium.support.ui.FluentWait.timeoutException(FluentWait.java:262)
	at org.openqa.selenium.support.ui.FluentWait.until(FluentWait.java:230)
	at CommonMethods.Helper.waitUntilElementIsVisible(Helper.java:148)
	at CommonMethods.CECommonMethods.applyEsclatedNoticeCDP(CECommonMethods.java:922)
	at POM.CDP_Utility.VerifyEsclatedNoticeStatusAppearToSupervisorManager(CDP_Utility.java:1360)
	at TestCases.EscalatedNoticesCDP.EscalatedNoticesCDP_VerifyEsclatedNoticeStatusAppearToSupervisorManager(EscalatedNoticesCDP.java:75)
	at java.base/jdk.internal.reflect.DirectMethodHandleAccessor.invoke(DirectMethodHandleAccessor.java:104)
	at java.base/java.lang.reflect.Method.invoke(Method.java:577)
	at org.testng.internal.invokers.MethodInvocationHelper.invokeMethod(MethodInvocationHelper.java:135)
	at org.testng.internal.invokers.TestInvoker.invokeMethod(TestInvoker.java:673)
	at org.testng.internal.invokers.TestInvoker.invokeTestMethod(TestInvoker.java:220)
	at org.testng.internal.invokers.MethodRunner.runInSequence(MethodRunner.java:50)
	at org.testng.internal.invokers.TestInvoker$MethodInvocationAgent.invoke(TestInvoker.java:945)
	at org.testng.internal.invokers.TestInvoker.invokeTestMethods(TestInvoker.java:193)
	at org.testng.internal.invokers.TestMethodWorker.invokeTestMethods(TestMethodWorker.java:146)
	at org.testng.internal.invokers.TestMethodWorker.run(TestMethodWorker.java:128)
	at java.base/java.util.concurrent.ThreadPoolExecutor.runWorker(ThreadPoolExecutor.java:1136)
	at java.base/java.util.concurrent.ThreadPoolExecutor$Worker.run(ThreadPoolExecutor.java:635)
	at java.base/java.lang.Thread.run(Thread.java:833)
]]></system-err>
  </testcase>
  <testcase name="CSPExternal_CreateExternalSubmissionWithPinaLocation" classname="TestCases.CSPExternal" time="1.517">
    <system-out><![CDATA[2024-07-26 00:07:10,911 [info]: Scroll Into View By.cssSelector: div.case-details__close-icon img
2024-07-26 00:07:11,623 [info]: Click By JS By.cssSelector: div.case-details__close-icon img
2024-07-26 00:07:12,244 [info]: Scroll Into View By.xpath: //section[@class='crm__success-message-section']//h5
Test Passed: CSPExternal_CreateExternalSubmissionWithPinaLocation
]]></system-out>
  </testcase>
  <testcase name="LoginAgency" classname="TestCases.CSLP" time="3.988">
    <system-out><![CDATA[2024-07-25 23:56:42,887 [info]: Switched to Window DA7994DE107B328C83489FCBDCD3CC03
2024-07-25 23:56:42,960 [info]: Scroll Into View By.xpath: //h2[contains(text(),'Active')]
2024-07-25 23:56:43,043 [info]: GetText fromBy.xpath: //h2[contains(text(),'Active')]
2024-07-25 23:56:43,110 [info]: GetText fromBy.xpath: (//h2[contains(text(),'Active')]//ancestor::div[@class='agency-setup-tab__section']//div[@class='rt-td'])[37]
2024-07-25 23:56:43,165 [info]: GetText fromBy.xpath: (//h2[contains(text(),'Active')]//ancestor::div[@class='agency-setup-tab__section']//div[@class='rt-td'])[38]
2024-07-25 23:56:43,244 [info]: Clicked on By.xpath: //p[text()='Tasks']/..//button
2024-07-25 23:56:43,251 [info]: Scroll Into View By.xpath: //button[text()='Create SLA']
2024-07-25 23:56:43,425 [info]: Click By JS By.xpath: //button[text()='Create SLA']
2024-07-25 23:56:43,493 [info]: Click By JS By.xpath: //button[text()='Continue']
2024-07-25 23:56:44,453 [info]: Sendkeys on By.xpath: //input[@placeholder='Enter Text'] with value C123C456
2024-07-25 23:56:44,822 [info]: Sendkeys on By.xpath: //input[@placeholder='Enter Number'] with value 12345
2024-07-25 23:56:45,086 [info]: Clicked on By.xpath: //div[@class='Select-placeholder']
2024-07-25 23:56:45,354 [info]: Clicked on By.xpath: //div[text()='Yes']
2024-07-25 23:56:45,391 [info]: Scroll Into View By.xpath: //button[text()='Continue to Generate Document']
2024-07-25 23:56:45,448 [info]: GetText fromBy.xpath: //div[text()='Add a Task']
2024-07-25 23:56:45,765 [info]: Clicked on By.xpath: //button[text()='Continue to Generate Document']
2024-07-25 23:56:45,777 [info]: Sendkeys on By.xpath: //input[@name='name'] with value GoPjKhJh
2024-07-25 23:56:46,076 [info]: Clicked on By.xpath: //label[@for='assigneeId']/following::span[1]
2024-07-25 23:56:46,174 [info]: Sendkeys on By.xpath: //input[@name='label'] with value EditSLAMniI
2024-07-25 23:56:46,395 [info]: Sendkeys on By.xpath: //input[@placeholder='Enter Email'] with value support@comcate.com
2024-07-25 23:56:46,523 [info]: Sendkeys on By.xpath: //input[@name='description'] with value EditSLADescbnYr
2024-07-25 23:56:46,632 [info]: Scroll Into View By.xpath: //button[text()='Add Rule']
2024-07-25 23:56:46,746 [info]: Sendkeys on By.xpath: //input[@placeholder='Enter Password'] with value C0de#432!
Current IST time: 2024-07-25 23:56:46
2024-07-25 23:56:46,773 [info]: Timestamp 2024-07-25 23:56:46
2024-07-25 23:56:46,811 [info]: Click By JS By.xpath: //button[text()='Yes']
2024-07-25 23:56:46,865 [info]: GetText fromBy.xpath: //div[@class='app-header__user-name']/label
Test Passed: LoginAgency
]]></system-out>
  </testcase>
  <testcase name="CSLP_VerifyCSLPOpensUP" classname="TestCases.CSLP" time="2.444">
    <system-out><![CDATA[2024-07-25 23:56:50,876 [info]: Scroll Into View By.xpath: //button[@class='edit-btn edit-task-content__actions__edit space-right btn btn-primary']
2024-07-25 23:56:50,965 [info]: Click By JS By.xpath: //button[@class='edit-btn edit-task-content__actions__edit space-right btn btn-primary']
2024-07-25 23:56:50,987 [info]: GetText fromBy.xpath: //h1[text()='Create Rule']
2024-07-25 23:56:51,019 [info]: Scroll Into View By.xpath: //h1[text()='Create Rule']//parent::div//button[text()='Cancel']
2024-07-25 23:56:51,379 [info]: Click By JS By.xpath: //a[text()='Customer Submissions']
2024-07-25 23:56:52,616 [info]: Scroll Into View By.xpath: //div[@class='agency-form__product-config']/a
Test Failed: PerformInspection_OpenVerificationInspectionInProgressPage
2024-07-25 23:56:53,093 [info]: Click By JS By.xpath: //div[@class='agency-form__product-config']/a
2024-07-25 23:56:53,175 [info]: GetText fromBy.xpath: //div[text()='Edit a Task']
2024-07-25 23:56:53,240 [info]: GetText fromBy.xpath: //label[@class='dropdown__selector__label']
Test Passed: CSLP_VerifyCSLPOpensUP
]]></system-out>
    <system-err><![CDATA[org.openqa.selenium.TimeoutException: Expected condition failed: waiting for visibility of element located by By.xpath: //a[text()='Refresh'] (tried for 60 second(s) with 1000 milliseconds interval)
Build info: version: '4.11.0', revision: '040bc5406b'
System info: os.name: 'Windows 11', os.arch: 'amd64', os.version: '10.0', java.version: '18.0.2.1'
Driver info: driver.version: unknown
	at org.openqa.selenium.support.ui.FluentWait.timeoutException(FluentWait.java:262)
	at org.openqa.selenium.support.ui.FluentWait.until(FluentWait.java:230)
	at CommonMethods.Helper.waitUntilElementIsVisible(Helper.java:148)
	at POM.AppPreRequisiteUtility.AgencySetup_VerifyUploadedAgencyParcelFile(AppPreRequisiteUtility.java:721)
	at TestCases.AgencyCreation.AgencySetup_VerifyUploadedAgencyParcelFile(AgencyCreation.java:133)
	at java.base/jdk.internal.reflect.DirectMethodHandleAccessor.invoke(DirectMethodHandleAccessor.java:104)
	at java.base/java.lang.reflect.Method.invoke(Method.java:577)
	at org.testng.internal.invokers.MethodInvocationHelper.invokeMethod(MethodInvocationHelper.java:135)
	at org.testng.internal.invokers.TestInvoker.invokeMethod(TestInvoker.java:673)
	at org.testng.internal.invokers.TestInvoker.invokeTestMethod(TestInvoker.java:220)
	at org.testng.internal.invokers.MethodRunner.runInSequence(MethodRunner.java:50)
	at org.testng.internal.invokers.TestInvoker$MethodInvocationAgent.invoke(TestInvoker.java:945)
	at org.testng.internal.invokers.TestInvoker.invokeTestMethods(TestInvoker.java:193)
	at org.testng.internal.invokers.TestMethodWorker.invokeTestMethods(TestMethodWorker.java:146)
	at org.testng.internal.invokers.TestMethodWorker.run(TestMethodWorker.java:128)
	at java.base/java.util.concurrent.ThreadPoolExecutor.runWorker(ThreadPoolExecutor.java:1136)
	at java.base/java.util.concurrent.ThreadPoolExecutor$Worker.run(ThreadPoolExecutor.java:635)
	at java.base/java.lang.Thread.run(Thread.java:833)
]]></system-err>
  </testcase>
  <testcase name="CSLP_VerifyPrimaryFilters" classname="TestCases.CSLP" time="0.041">
    <system-out><![CDATA[2024-07-25 23:56:54,897 [info]: Clicked on By.xpath: //button[text()='Add Rule']
0
Test Passed: CSLP_VerifyPrimaryFilters
]]></system-out>
  </testcase>
  <testcase name="CSLP_VerifyTagFilter" classname="TestCases.CSLP" time="0.789">
    <system-out><![CDATA[Active group Name Enterprise2024-07-25 23:57:03,412 [info]: Click By JS By.xpath: //span[@class='clipped-text']/a
2024-07-25 23:57:03,453 [info]: Scroll Into View By.xpath: //div[@class='app-header__menu__icon']
2024-07-25 23:57:03,496 [info]: Click By JS By.xpath: //div[@class='app-header__menu__icon']
2024-07-25 23:57:03,535 [info]: Scroll Into View By.xpath: //label[text()='Agency Setup']//preceding-sibling::a
2024-07-25 23:57:03,554 [info]: GetText fromBy.xpath: //label[@for='tagIds']
2024-07-25 23:57:03,687 [info]: GetText fromBy.xpath: //label[@for='tagIds']/following::label[1]
Test Failed: CSDP_VerifyUpdationAndDeletionOfTasks
2024-07-25 23:57:03,970 [info]: Click By JS By.xpath: //a[text()='Clear all filters']
Test Passed: CSLP_VerifyTagFilter
]]></system-out>
  </testcase>
  <testcase name="CSLP_VerifyNavigationFromPagination" classname="TestCases.CSLP" time="1.431">
    <system-out><![CDATA[2024-07-25 23:57:08,969 [info]: GetText fromBy.xpath: //div[text()='Location Custom Fields']
2024-07-25 23:57:09,178 [info]: GetText fromBy.xpath: (//div[@class='agency-setup-tab__section__header']/h2)[1]
2024-07-25 23:57:09,368 [info]: Clicked on By.xpath: //li[text()='Close Submission']
2024-07-25 23:57:09,454 [info]: Click By JS By.xpath: //button[text()='Create Custom Field']
2024-07-25 23:57:09,684 [info]: Clicked on By.xpath: //div[@class='table__pagination-nav-btns']/button[2]
2024-07-25 23:57:10,775 [info]: Sendkeys on By.id: okta-signin-password with value Hello@1234
2024-07-25 23:57:10,962 [info]: GetText fromBy.xpath: //div[@class='modal-header']
2024-07-25 23:57:11,111 [info]: Clicked on By.id: okta-signin-submit
https://admin-stage.comcate.com/agencies
220
https://app-stage.comcate.com/agencies/220/login
2024-07-25 23:57:12,237 [info]: Clicked on By.xpath: //button[text()='Yes, Close']
2024-07-25 23:57:12,384 [info]: Clicked on By.xpath: //button[contains(text(),'From Parcel File')]
Window size is: 1552 x 832
2024-07-25 23:57:13,450 [info]: Sendkeys on By.xpath: //input[@name='label'] with value Zip
2024-07-25 23:57:13,765 [info]: Clicked on By.xpath: //div[@class='Select-placeholder']
2024-07-25 23:57:14,329 [info]: Clicked on By.xpath: //div[@class='Select-menu-outer']//div[contains(text(),'owner_zip')]
2024-07-25 23:57:14,738 [info]: Clicked on By.xpath: //div[@class='modal-footer']//button[2]
2024-07-25 23:57:14,754 [info]: GetText fromBy.xpath: //span[@class='checkbox-holder']/following::a[1]
differenceID51
Test Passed: CSLP_VerifyNavigationFromPagination
]]></system-out>
    <system-err><![CDATA[org.openqa.selenium.TimeoutException: Expected condition failed: waiting for visibility of element located by By.xpath: //div[@class='attachments-modal__footer']/button[2] (tried for 60 second(s) with 1000 milliseconds interval)
Build info: version: '4.11.0', revision: '040bc5406b'
System info: os.name: 'Windows 11', os.arch: 'amd64', os.version: '10.0', java.version: '18.0.2.1'
Driver info: driver.version: unknown
	at org.openqa.selenium.support.ui.FluentWait.timeoutException(FluentWait.java:262)
	at org.openqa.selenium.support.ui.FluentWait.until(FluentWait.java:230)
	at CommonMethods.Helper.waitUntilElementIsVisible(Helper.java:148)
	at POM.CCPUtility.CCP_AddAnAttachment(CCPUtility.java:1471)
	at TestCases.CCP.CCP_AddAnAttachment(CCP.java:277)
	at java.base/jdk.internal.reflect.DirectMethodHandleAccessor.invoke(DirectMethodHandleAccessor.java:104)
	at java.base/java.lang.reflect.Method.invoke(Method.java:577)
	at org.testng.internal.invokers.MethodInvocationHelper.invokeMethod(MethodInvocationHelper.java:135)
	at org.testng.internal.invokers.TestInvoker.invokeMethod(TestInvoker.java:673)
	at org.testng.internal.invokers.TestInvoker.invokeTestMethod(TestInvoker.java:220)
	at org.testng.internal.invokers.MethodRunner.runInSequence(MethodRunner.java:50)
	at org.testng.internal.invokers.TestInvoker$MethodInvocationAgent.invoke(TestInvoker.java:945)
	at org.testng.internal.invokers.TestInvoker.invokeTestMethods(TestInvoker.java:193)
	at org.testng.internal.invokers.TestMethodWorker.invokeTestMethods(TestMethodWorker.java:146)
	at org.testng.internal.invokers.TestMethodWorker.run(TestMethodWorker.java:128)
	at java.base/java.util.concurrent.ThreadPoolExecutor.runWorker(ThreadPoolExecutor.java:1136)
	at java.base/java.util.concurrent.ThreadPoolExecutor$Worker.run(ThreadPoolExecutor.java:635)
	at java.base/java.lang.Thread.run(Thread.java:833)
]]></system-err>
  </testcase>
  <testcase name="CSLP_VerifyDescendingOrderOfSubmissions" classname="TestCases.CSLP" time="0.466">
    <system-out><![CDATA[Test Passed: CSLP_VerifyDescendingOrderOfSubmissions
]]></system-out>
  </testcase>
  <testcase name="CSLP_VerifyAscendingOrderOfCases" classname="TestCases.CSLP" time="1.14">
    <system-out><![CDATA[2024-07-25 23:57:19,171 [info]: Sendkeys on By.xpath: //input[@name='label'] with value Block
2024-07-25 23:57:19,312 [info]: Clicked on By.xpath: //button[text()='More...']
2024-07-25 23:57:19,441 [info]: Clicked on By.xpath: //div[@class='Select-placeholder']
2024-07-25 23:57:19,734 [info]: Clicked on By.xpath: //li[text()='Reopen Submission']
2024-07-25 23:57:19,878 [info]: Clicked on By.xpath: //div[text()='Number']
2024-07-25 23:57:20,189 [info]: Clicked on By.xpath: //div[@class='modal-footer']//button[2]
Test Passed: CSLP_VerifyAscendingOrderOfCases
]]></system-out>
  </testcase>
  <testcase name="CSLP_VerifyDeletedSubmission" classname="TestCases.CSLP" time="1.334">
    <system-out><![CDATA[2024-07-25 23:57:50,981 [info]: Sendkeys on By.xpath: //div/input[@placeholder='Start typing name of violation, article number or issue description'] with value Wa
2024-07-25 23:57:51,526 [info]: Clicked on By.xpath: //div[@class='react-autosuggest__suggestion-element']/div
2024-07-25 23:57:52,166 [info]: Click By JS By.xpath: //button[text()='Create Custom Field']
2024-07-25 23:57:52,305 [info]: GetText fromBy.xpath: //div[@class='cs-listing__section__header']//following-sibling::span
Test Passed: CSLP_VerifyDeletedSubmission
]]></system-out>
  </testcase>
  <testcase name="CSLP_VerifyTotalCountOfSubmissions" classname="TestCases.CSLP" time="1.423">
    <failure message="The following asserts failed:&#10;	expected [874] but found [824]" type="java.lang.AssertionError"><![CDATA[java.lang.AssertionError: 
The following asserts failed:
	expected [874] but found [824]
	at org.testng.asserts.SoftAssert.assertAll(SoftAssert.java:46)
	at org.testng.asserts.SoftAssert.assertAll(SoftAssert.java:30)
	at POM.CSLPUtility.CSLP_VerifyTotalCountOfSubmissions(CSLPUtility.java:390)
	at TestCases.CSLP.CSLP_VerifyTotalCountOfSubmissions(CSLP.java:82)
	at java.base/jdk.internal.reflect.DirectMethodHandleAccessor.invoke(DirectMethodHandleAccessor.java:104)
	at java.base/java.lang.reflect.Method.invoke(Method.java:577)
	at org.testng.internal.invokers.MethodInvocationHelper.invokeMethod(MethodInvocationHelper.java:135)
	at org.testng.internal.invokers.TestInvoker.invokeMethod(TestInvoker.java:673)
	at org.testng.internal.invokers.TestInvoker.invokeTestMethod(TestInvoker.java:220)
	at org.testng.internal.invokers.MethodRunner.runInSequence(MethodRunner.java:50)
	at org.testng.internal.invokers.TestInvoker$MethodInvocationAgent.invoke(TestInvoker.java:945)
	at org.testng.internal.invokers.TestInvoker.invokeTestMethods(TestInvoker.java:193)
	at org.testng.internal.invokers.TestMethodWorker.invokeTestMethods(TestMethodWorker.java:146)
	at org.testng.internal.invokers.TestMethodWorker.run(TestMethodWorker.java:128)
	at java.base/java.util.concurrent.ThreadPoolExecutor.runWorker(ThreadPoolExecutor.java:1136)
	at java.base/java.util.concurrent.ThreadPoolExecutor$Worker.run(ThreadPoolExecutor.java:635)
	at java.base/java.lang.Thread.run(Thread.java:833)
]]></failure>
    <system-out><![CDATA[2024-07-25 23:58:54,518 [info]: Scroll Into View By.xpath: //div[text()='Other']
824
Test Failed: CSLP_VerifyTotalCountOfSubmissions
2024-07-25 23:58:54,819 [info]: Clicked on By.xpath: //div[text()='Other']
2024-07-25 23:58:54,861 [info]: Scroll Into View By.xpath: //div[@class='app-header__menu__icon']
2024-07-25 23:58:54,893 [info]: Scroll Into View By.xpath: //label[@for='assignee']/following::label[1]
2024-07-25 23:58:54,923 [info]: Click By JS By.xpath: //div[@class='app-header__menu__icon']
2024-07-25 23:58:54,979 [info]: Scroll Into View By.xpath: //label[text()='Agency Setup']//preceding-sibling::a
2024-07-25 23:58:55,070 [info]: Click By JS By.xpath: //label[text()='Agency Setup']//preceding-sibling::a
2024-07-25 23:58:55,125 [info]: Clicked on By.xpath: //label[@for='assignee']/following::label[1]
2024-07-25 23:58:55,210 [info]: Scroll Into View By.xpath: //div[@class='app-header__menu__icon']
2024-07-25 23:58:55,277 [info]: Click By JS By.xpath: //div[@class='app-header__menu__icon']
]]></system-out>
  </testcase>
  <testcase name="CSLP_VerifyClearAllFiltersLinkText" classname="TestCases.CSLP" time="4.75">
    <system-out><![CDATA[2024-07-25 23:59:03,089 [info]: Click By JS By.xpath: (//h1[text()='Create Rule']//parent::div//following-sibling::div//button)[2]
2024-07-25 23:59:03,123 [info]: Scroll Into View By.xpath: //label[text()='User Management']
2024-07-25 23:59:03,150 [info]: Click By JS By.xpath: //button[text()='Cancel']
2024-07-25 23:59:03,183 [info]: Scroll Into View By.xpath: (//div[@class='sortable-table__body__td'])[1]
2024-07-25 23:59:03,290 [info]: Click By JS By.xpath: //label[text()='User Management']
2024-07-25 23:59:03,325 [info]: GetText fromBy.xpath: (//div[@class='sortable-table__body__td'])[1]
2024-07-25 23:59:03,363 [info]: Scroll Into View By.xpath: //div[@class='modal-header']//button[text()='Create SLA']
2024-07-25 23:59:03,606 [info]: Clicked on By.xpath: //div[@class='modal-header']//button[text()='Create SLA']
2024-07-25 23:59:04,079 [info]: Clicked on By.xpath: //label[@title='Attribute']/following::div[@class='Select-placeholder'][1]
Window size is: 1552 x 832
2024-07-25 23:59:05,359 [info]: Clicked on By.xpath: //div[text()='Submission Category']
2024-07-25 23:59:05,607 [info]: Clicked on By.xpath: //label[@title='Attribute']/following::div[@class='Select-placeholder'][1]
2024-07-25 23:59:05,692 [info]: Sendkeys on By.xpath: //input[@name='searchQuery'] with value Submission
2024-07-25 23:59:05,852 [info]: Clicked on By.xpath: //div[text()='Equals']
2024-07-25 23:59:06,150 [info]: Clicked on By.xpath: //label[@title='Attribute']/following::div[@class='Select-placeholder'][1]
2024-07-25 23:59:06,227 [info]: Scroll Into View By.xpath: //div[text()='Other']
2024-07-25 23:59:06,432 [info]: Clicked on By.xpath: //div[text()='Other']
2024-07-25 23:59:06,518 [info]: Scroll Into View By.xpath: //label[@for='assignee']/following::label[1]
2024-07-25 23:59:06,751 [info]: Clicked on By.xpath: //label[@for='assignee']/following::label[1]
2024-07-25 23:59:07,167 [info]: Clicked on By.xpath: //div[@class='attachments-modal__footer']/button[2]
2024-07-25 23:59:07,315 [info]: Sendkeys on By.xpath: //div[@id='assignee']//input[@placeholder='Search...'][@name='query'] with value Mark Shane
2024-07-25 23:59:07,585 [info]: Clicked on By.xpath: //div[@id='assignee']//ul//li//span//b
2024-07-25 23:59:07,893 [info]: Clicked on By.xpath: //label[@for='collaborators']/following::label[1]
2024-07-25 23:59:09,349 [info]: Sendkeys on By.xpath: //div[@id='collaborators']//input[@placeholder='Search...'][@name='query'] with value Amandeep Singh
2024-07-25 23:59:09,383 [info]: GetText fromBy.xpath: //div[contains(text(),'Duplicate name. Please use a different name.')]
2024-07-25 23:59:09,418 [info]: Scroll Into View By.xpath: //div[@class='modal-header']//button[text()='Cancel']
2024-07-25 23:59:09,421 [info]: Click By JS By.xpath: //input[@name='Amandeep Singh']//parent::span//label
2024-07-25 23:59:09,623 [info]: Click By JS By.xpath: //div[@class='modal-header']//button[text()='Cancel']
2024-07-25 23:59:09,801 [info]: Clicked on By.xpath: //button[text()='Create Rule']
Test Passed: CSLP_VerifyClearAllFiltersLinkText
]]></system-out>
  </testcase>
  <testcase name="CSLP_VerifyClearAllFiltersAfterClicking" classname="TestCases.CSLP" time="0.431">
    <system-out><![CDATA[2024-07-25 23:59:10,217 [info]: Click By JS By.xpath: //a[text()='Clear all filters']
Test Passed: CSLP_VerifyClearAllFiltersAfterClicking
]]></system-out>
  </testcase>
  <testcase name="CSLP_VerifyFilterGetsRemoved" classname="TestCases.CSLP" time="1.249">
    <system-out><![CDATA[2024-07-26 00:00:07,352 [info]: Scroll Into View By.xpath: (//div[@class='dropdown__selector__selected']//label)[2]
2024-07-26 00:00:07,415 [info]: GetText fromBy.xpath: (//div[@class='dropdown__selector__selected']//label)[2]
2024-07-26 00:00:07,729 [info]: Clicked on By.xpath: (//div[@class='dropdown__selector__selected']//label)[2]
2024-07-26 00:00:09,272 [info]: Sendkeys on By.xpath: //div[@id='collaboratorIds']//input[@name='query'][@placeholder='Search...'] with value Amandeep
2024-07-26 00:00:09,699 [info]: Clicked on By.xpath: //div[@class='user-form__header full-page-modal__header']//button[text()='Create User']
Test Failed: CSLP_VerifyApplicationOfsecondaryFilters
2024-07-26 00:00:13,398 [info]: Click By JS By.cssSelector: div#collaboratorIds ul li
2024-07-26 00:00:13,488 [info]: Scroll Into View By.xpath: (//div[@class='dropdown__selector__selected']//label)[2]
2024-07-26 00:00:13,546 [info]: GetText fromBy.xpath: (//div[@class='dropdown__selector__selected']//label)[2]
actualDefaultCol:  None
UpdatedCollaborator : -> false
Test Failed: CSDP_VerifySubmissionCollaborator
2024-07-26 00:00:13,619 [info]: Clicked on By.xpath: //div[@class='filter-options category']/following::button[1]
Test Passed: CSLP_VerifyFilterGetsRemoved
]]></system-out>
    <system-err><![CDATA[org.openqa.selenium.TimeoutException: Expected condition failed: waiting for element to be clickable: By.xpath: //label[@for='categoryIds']/following::span[1] (tried for 60 second(s) with 1000 milliseconds interval)
Build info: version: '4.11.0', revision: '040bc5406b'
System info: os.name: 'Windows 11', os.arch: 'amd64', os.version: '10.0', java.version: '18.0.2.1'
Driver info: driver.version: unknown
	at org.openqa.selenium.support.ui.FluentWait.timeoutException(FluentWait.java:262)
	at org.openqa.selenium.support.ui.FluentWait.until(FluentWait.java:230)
	at CommonMethods.Helper.waitForElementIsInteractable(Helper.java:199)
	at POM.CSLPUtility.CSLP_VerifyApplicationOfsecondaryFilters(CSLPUtility.java:432)
	at TestCases.CSLP.CSLP_VerifyApplicationOfsecondaryFilters(CSLP.java:100)
	at java.base/jdk.internal.reflect.DirectMethodHandleAccessor.invoke(DirectMethodHandleAccessor.java:104)
	at java.base/java.lang.reflect.Method.invoke(Method.java:577)
	at org.testng.internal.invokers.MethodInvocationHelper.invokeMethod(MethodInvocationHelper.java:135)
	at org.testng.internal.invokers.TestInvoker.invokeMethod(TestInvoker.java:673)
	at org.testng.internal.invokers.TestInvoker.invokeTestMethod(TestInvoker.java:220)
	at org.testng.internal.invokers.MethodRunner.runInSequence(MethodRunner.java:50)
	at org.testng.internal.invokers.TestInvoker$MethodInvocationAgent.invoke(TestInvoker.java:945)
	at org.testng.internal.invokers.TestInvoker.invokeTestMethods(TestInvoker.java:193)
	at org.testng.internal.invokers.TestMethodWorker.invokeTestMethods(TestMethodWorker.java:146)
	at org.testng.internal.invokers.TestMethodWorker.run(TestMethodWorker.java:128)
	at java.base/java.util.concurrent.ThreadPoolExecutor.runWorker(ThreadPoolExecutor.java:1136)
	at java.base/java.util.concurrent.ThreadPoolExecutor$Worker.run(ThreadPoolExecutor.java:635)
	at java.base/java.lang.Thread.run(Thread.java:833)
]]></system-err>
  </testcase>
  <testcase name="CSLP_VerifyFilterAndSearch" classname="TestCases.CSLP" time="1.707">
    <failure message="The following asserts failed:&#10;	expected [true] but found [false]" type="java.lang.AssertionError"><![CDATA[java.lang.AssertionError: 
The following asserts failed:
	expected [true] but found [false]
	at org.testng.asserts.SoftAssert.assertAll(SoftAssert.java:46)
	at org.testng.asserts.SoftAssert.assertAll(SoftAssert.java:30)
	at POM.CSLPUtility.CSLP_VerifyFilterAndSearch(CSLPUtility.java:496)
	at TestCases.CSLP.CSLP_VerifyFilterAndSearch(CSLP.java:112)
	at java.base/jdk.internal.reflect.DirectMethodHandleAccessor.invoke(DirectMethodHandleAccessor.java:104)
	at java.base/java.lang.reflect.Method.invoke(Method.java:577)
	at org.testng.internal.invokers.MethodInvocationHelper.invokeMethod(MethodInvocationHelper.java:135)
	at org.testng.internal.invokers.TestInvoker.invokeMethod(TestInvoker.java:673)
	at org.testng.internal.invokers.TestInvoker.invokeTestMethod(TestInvoker.java:220)
	at org.testng.internal.invokers.MethodRunner.runInSequence(MethodRunner.java:50)
	at org.testng.internal.invokers.TestInvoker$MethodInvocationAgent.invoke(TestInvoker.java:945)
	at org.testng.internal.invokers.TestInvoker.invokeTestMethods(TestInvoker.java:193)
	at org.testng.internal.invokers.TestMethodWorker.invokeTestMethods(TestMethodWorker.java:146)
	at org.testng.internal.invokers.TestMethodWorker.run(TestMethodWorker.java:128)
	at java.base/java.util.concurrent.ThreadPoolExecutor.runWorker(ThreadPoolExecutor.java:1136)
	at java.base/java.util.concurrent.ThreadPoolExecutor$Worker.run(ThreadPoolExecutor.java:635)
	at java.base/java.lang.Thread.run(Thread.java:833)
]]></failure>
    <system-out><![CDATA[2024-07-26 00:01:24,320 [info]: Clicked on By.xpath: //h5[text()='Assign Case To']//parent::div//span[@class='dropdown__arrow']
2024-07-26 00:01:24,486 [info]: Clicked on By.xpath: //h5[text()='Assign Inspection To']//parent::div//span[@class='dropdown__arrow']
]]></system-out>
  </testcase>
  <testcase name="CSLP_VerifyRemovalOfColumns" classname="TestCases.CSLP" time="0.848">
    <system-out><![CDATA[2024-07-26 00:01:25,570 [info]: Clicked on By.xpath: //i[@class='fa fa-2 fa-cog']
2024-07-26 00:01:25,988 [info]: Clicked on By.xpath: //label[@for='checkbox-column-Issue Description']
2024-07-26 00:01:26,037 [info]: Sendkeys on By.xpath: //h5[text()='Assign Inspection To']//parent::div//input[@placeholder='Start typing name of the assignee'] with value Mark Shane
2024-07-26 00:01:26,142 [info]: Click By JS By.xpath: //button[@class='drawer__close']
Test Passed: CSLP_VerifyRemovalOfColumns
]]></system-out>
  </testcase>
  <testcase name="CSLP_VerifyRestorationOfColumns" classname="TestCases.CSLP" time="1.001">
    <system-out><![CDATA[2024-07-26 00:01:26,267 [info]: Clicked on By.xpath: //div[@class='react-autosuggest__suggestion-element']//b
2024-07-26 00:01:26,429 [info]: Clicked on By.xpath: //i[@class='fa fa-2 fa-cog']
2024-07-26 00:01:26,809 [info]: Clicked on By.xpath: //label[@for='checkbox-column-Issue Description']
2024-07-26 00:01:27,087 [info]: Move to element and Click on [[ChromeDriver: chrome on windows (d040a6a235f3e772b3f010b668ee39de)] -> xpath: //*[@name='amount']]
2024-07-26 00:01:27,115 [info]: Clicked on By.xpath: //button[@class='drawer__close']
Test Passed: CSLP_VerifyRestorationOfColumns
]]></system-out>
  </testcase>
  <testcase name="CSLP_VerifySavedFilter" classname="TestCases.CSLP" time="0.667">
    <system-out><![CDATA[2024-07-26 00:02:32,396 [info]: Scroll Into View By.xpath: (//div[@class='email-item__body']//a[@class='clip-text'][text()='more'])[1]
2024-07-26 00:02:32,562 [info]: Clicked on By.xpath: //button[text()='Cancel']
2024-07-26 00:02:32,881 [info]: Clicked on By.xpath: (//div[@class='dropdown__selector__selected']/label)[1]
Test Passed: CSLP_VerifySavedFilter
]]></system-out>
  </testcase>
  <testcase name="CSLP_VerifyDeletedFilter" classname="TestCases.CSLP" time="7.113">
    <system-out><![CDATA[2024-07-26 00:02:39,011 [info]: Scroll Into View By.xpath: //div[@class='customer-submission-details__close-icon']/img
EnterSuccessfully..
2024-07-26 00:02:39,204 [info]: Clicked on By.xpath: //div[@class='user-form__header full-page-modal__header']//button[text()='Create User']
2024-07-26 00:02:40,379 [info]: Click By JS By.xpath: //div[@class='flex-row--middle']/button[2]
2024-07-26 00:02:41,358 [info]: Click By JS By.xpath: //div[@class='customer-submission-details__close-icon']/img
Test Passed: CSLP_VerifyDeletedFilter
]]></system-out>
    <system-err><![CDATA[org.openqa.selenium.NoSuchElementException: no such element: Unable to locate element: {"method":"xpath","selector":"//div[@class='flex-row--middle']/button[2]"}
  (Session info: chrome=115.0.5790.170)
For documentation on this error, please visit: https://www.selenium.dev/documentation/webdriver/troubleshooting/errors#no-such-element-exception
Build info: version: '4.11.0', revision: '040bc5406b'
System info: os.name: 'Windows 11', os.arch: 'amd64', os.version: '10.0', java.version: '18.0.2.1'
Driver info: org.openqa.selenium.chrome.ChromeDriver
Command: [08e4f5f21e38b953fdd6775e0181c3ed, findElement {using=xpath, value=//div[@class='flex-row--middle']/button[2]}]
Capabilities {acceptInsecureCerts: false, browserName: chrome, browserVersion: 115.0.5790.170, chrome: {chromedriverVersion: 115.0.5790.170 (cc0d30c2ca5..., userDataDir: C:\Users\SQELAB~1\AppData\L...}, goog:chromeOptions: {debuggerAddress: localhost:56461}, networkConnectionEnabled: false, pageLoadStrategy: normal, platformName: windows, proxy: Proxy(), se:cdp: ws://localhost:56461/devtoo..., se:cdpVersion: 115.0.5790.170, setWindowRect: true, strictFileInteractability: false, timeouts: {implicit: 0, pageLoad: 300000, script: 30000}, unhandledPromptBehavior: dismiss and notify, webauthn:extension:credBlob: true, webauthn:extension:largeBlob: true, webauthn:extension:minPinLength: true, webauthn:extension:prf: true, webauthn:virtualAuthenticators: true}
Session ID: 08e4f5f21e38b953fdd6775e0181c3ed
	at java.base/jdk.internal.reflect.DirectConstructorHandleAccessor.newInstance(DirectConstructorHandleAccessor.java:67)
	at java.base/java.lang.reflect.Constructor.newInstanceWithCaller(Constructor.java:499)
	at java.base/java.lang.reflect.Constructor.newInstance(Constructor.java:483)
	at org.openqa.selenium.remote.codec.w3c.W3CHttpResponseCodec.createException(W3CHttpResponseCodec.java:200)
	at org.openqa.selenium.remote.codec.w3c.W3CHttpResponseCodec.decode(W3CHttpResponseCodec.java:133)
	at org.openqa.selenium.remote.codec.w3c.W3CHttpResponseCodec.decode(W3CHttpResponseCodec.java:52)
	at org.openqa.selenium.remote.HttpCommandExecutor.execute(HttpCommandExecutor.java:191)
	at org.openqa.selenium.remote.service.DriverCommandExecutor.invokeExecute(DriverCommandExecutor.java:196)
	at org.openqa.selenium.remote.service.DriverCommandExecutor.execute(DriverCommandExecutor.java:171)
	at org.openqa.selenium.remote.RemoteWebDriver.execute(RemoteWebDriver.java:518)
	at org.openqa.selenium.remote.ElementLocation$ElementFinder$2.findElement(ElementLocation.java:165)
	at org.openqa.selenium.remote.ElementLocation.findElement(ElementLocation.java:59)
	at org.openqa.selenium.remote.RemoteWebDriver.findElement(RemoteWebDriver.java:355)
	at org.openqa.selenium.remote.RemoteWebDriver.findElement(RemoteWebDriver.java:349)
	at CommonMethods.Helper.waitUntilElementIsInvisible(Helper.java:223)
	at POM.CSLPUtility.CSLP_VerifyDeletedFilter(CSLPUtility.java:569)
	at TestCases.CSLP.CSLP_VerifyDeletedFilter(CSLP.java:136)
	at java.base/jdk.internal.reflect.DirectMethodHandleAccessor.invoke(DirectMethodHandleAccessor.java:104)
	at java.base/java.lang.reflect.Method.invoke(Method.java:577)
	at org.testng.internal.invokers.MethodInvocationHelper.invokeMethod(MethodInvocationHelper.java:135)
	at org.testng.internal.invokers.TestInvoker.invokeMethod(TestInvoker.java:673)
	at org.testng.internal.invokers.TestInvoker.invokeTestMethod(TestInvoker.java:220)
	at org.testng.internal.invokers.MethodRunner.runInSequence(MethodRunner.java:50)
	at org.testng.internal.invokers.TestInvoker$MethodInvocationAgent.invoke(TestInvoker.java:945)
	at org.testng.internal.invokers.TestInvoker.invokeTestMethods(TestInvoker.java:193)
	at org.testng.internal.invokers.TestMethodWorker.invokeTestMethods(TestMethodWorker.java:146)
	at org.testng.internal.invokers.TestMethodWorker.run(TestMethodWorker.java:128)
	at java.base/java.util.concurrent.ThreadPoolExecutor.runWorker(ThreadPoolExecutor.java:1136)
	at java.base/java.util.concurrent.ThreadPoolExecutor$Worker.run(ThreadPoolExecutor.java:635)
	at java.base/java.lang.Thread.run(Thread.java:833)
]]></system-err>
  </testcase>
  <testcase name="CSLP_VerifyCSVFile" classname="TestCases.CSLP" time="2.308">
    <system-out><![CDATA[2024-07-26 00:02:51,152 [info]: Sendkeys on By.xpath: //span[@class='agencies-listing__search']/input with value 220
enteer in try ..
Test Failed: UserManagement_OpenEditUserPopup
Test Passed: CSLP_VerifyCSVFile
]]></system-out>
  </testcase>
  <testcase name="CSLP_VerifyDirectionToRespectiveSubmission" classname="TestCases.CSLP" time="9.568">
    <system-out><![CDATA[2024-07-26 00:02:53,319 [info]: GetText fromBy.xpath: //span[@class='checkbox-holder']/following::a[1]
2024-07-26 00:02:53,460 [info]: Switched to Window FDF47B6EE76B5D13311EE6203230450E
2024-07-26 00:02:53,820 [info]: Click By JS By.xpath: //div[@class='agencies-listing__agency-actions']/button[3]
2024-07-26 00:02:53,847 [info]: Click By JS By.xpath: //span[@class='checkbox-holder']/following::a[1]
2024-07-26 00:02:54,825 [info]: Clicked on By.xpath: //div[@class='user-form__header full-page-modal__header']//button[text()='Create User']
2024-07-26 00:02:55,430 [info]: Clicked on By.xpath: //div/input[@placeholder='Start typing name of violation, article number or issue description']
2024-07-26 00:02:55,570 [info]: Sendkeys on By.xpath: //div/input[@placeholder='Start typing name of violation, article number or issue description'] with value Animal
2024-07-26 00:02:55,837 [info]: Clicked on By.xpath: //div[@class="react-autosuggest__suggestion-element"]/div
Exception while rendering.
Link .... https://app-stage.comcate.com/agencies/220/products/customer-submission/create
2024-07-26 00:02:57,806 [info]: Scroll Into View By.xpath: //div[@class='agency-form__product-config']/a
2024-07-26 00:02:58,046 [info]: Click By JS By.xpath: //div[@class='agency-form__product-config']/a
2024-07-26 00:02:58,370 [info]: Sendkeys on By.xpath: //div/input[@name='Animal Colour'] with value Black
2024-07-26 00:02:58,649 [info]: Clicked on By.xpath: //button[text()='Add']
2024-07-26 00:02:58,725 [info]: Scroll Into View By.xpath: //div[@class='contact-tile tile']//input
2024-07-26 00:02:59,069 [info]: GetText fromBy.xpath: //h2[@class='customer-submission-details__number']
2024-07-26 00:02:59,090 [info]: Clicked on By.xpath: //div[@class='contact-tile tile']//input
2024-07-26 00:02:59,313 [info]: Click By JS By.xpath: //div[@class='contact-tile tile']//div[@class='react-autosuggest__function']
2024-07-26 00:02:59,471 [info]: Click By JS By.xpath: //div[@class='customer-submission-details__close-icon']/img
2024-07-26 00:03:00,053 [info]: GetText fromBy.xpath: //nav[@class='crm-submission__navigation-bar']/h1
2024-07-26 00:03:00,127 [info]: Scroll Into View By.xpath: //h2[contains(text(),'Category')]//parent::div//div[@class='dropdown__label']
2024-07-26 00:03:00,251 [info]: Clicked on By.xpath: //h2[contains(text(),'Category')]//parent::div//div[@class='dropdown__label']
2024-07-26 00:03:00,574 [info]: Sendkeys on By.xpath: //div[@class='dropdown-content__search-container']//input[@type='text'] with value Location Not Required
2024-07-26 00:03:00,620 [info]: Sendkeys on By.xpath: //input[@name='name'] with value ZNMOTUtS
2024-07-26 00:03:00,831 [info]: Sendkeys on By.xpath: //input[@name='email'] with value ZNMOTUtS@yopmail.com
2024-07-26 00:03:01,036 [info]: Sendkeys on By.xpath: //input[@name='workPhone'] with value 3631173553
2024-07-26 00:03:01,059 [info]: Scroll Into View By.xpath: (//div[@class='full-page-modal__header']//button[2])[2]
2024-07-26 00:03:01,254 [info]: Clicked on By.xpath: (//div[@class='full-page-modal__header']//button[2])[2]
2024-07-26 00:03:01,543 [info]: Sendkeys on By.xpath: //div[@class='location-tile__inputs-container']//input with value TEXAS CITY Museum
2024-07-26 00:03:01,793 [info]: Sendkeys on By.xpath: //div[@class='location-tile__inputs-container']//input with value TEXAS CITY Museum
2024-07-26 00:03:01,919 [info]: Clicked on By.xpath: //div[@class='option-black'][contains(text(),'Location Not Required')]
2024-07-26 00:03:03,118 [info]: Clicked on By.xpath: //li[@id='react-autowhatever-1-section-0-item-0']
Test Passed: CSLP_VerifyDirectionToRespectiveSubmission
]]></system-out>
    <system-err><![CDATA[org.openqa.selenium.TimeoutException: Expected condition failed: waiting for element to be clickable: By.xpath: //div[@class='multi-choice-buttons']/button[text()='Invalid'] (tried for 60 second(s) with 1000 milliseconds interval)
Build info: version: '4.11.0', revision: '040bc5406b'
System info: os.name: 'Windows 11', os.arch: 'amd64', os.version: '10.0', java.version: '18.0.2.1'
Driver info: driver.version: unknown
	at org.openqa.selenium.support.ui.FluentWait.timeoutException(FluentWait.java:262)
	at org.openqa.selenium.support.ui.FluentWait.until(FluentWait.java:230)
	at CommonMethods.Helper.waitForElementIsInteractable(Helper.java:199)
	at POM.PerformInspectionUtility.PerformInspection_VerifyClosedStatusForViolation(PerformInspectionUtility.java:550)
	at TestCases.PerformInspection.PerformInspection_VerifyClosedStatusForViolation(PerformInspection.java:91)
	at java.base/jdk.internal.reflect.DirectMethodHandleAccessor.invoke(DirectMethodHandleAccessor.java:104)
	at java.base/java.lang.reflect.Method.invoke(Method.java:577)
	at org.testng.internal.invokers.MethodInvocationHelper.invokeMethod(MethodInvocationHelper.java:135)
	at org.testng.internal.invokers.TestInvoker.invokeMethod(TestInvoker.java:673)
	at org.testng.internal.invokers.TestInvoker.invokeTestMethod(TestInvoker.java:220)
	at org.testng.internal.invokers.MethodRunner.runInSequence(MethodRunner.java:50)
	at org.testng.internal.invokers.TestInvoker$MethodInvocationAgent.invoke(TestInvoker.java:945)
	at org.testng.internal.invokers.TestInvoker.invokeTestMethods(TestInvoker.java:193)
	at org.testng.internal.invokers.TestMethodWorker.invokeTestMethods(TestMethodWorker.java:146)
	at org.testng.internal.invokers.TestMethodWorker.run(TestMethodWorker.java:128)
	at java.base/java.util.concurrent.ThreadPoolExecutor.runWorker(ThreadPoolExecutor.java:1136)
	at java.base/java.util.concurrent.ThreadPoolExecutor$Worker.run(ThreadPoolExecutor.java:635)
	at java.base/java.lang.Thread.run(Thread.java:833)
]]></system-err>
  </testcase>
  <testcase name="CSLP_VerifySubmissionsForMineButton" classname="TestCases.CSLP" time="3.877">
    <system-out><![CDATA[2024-07-26 00:05:10,600 [info]: Switched to Window 74747DBECDE015D82E3EAD0BC3BA39F4
2024-07-26 00:05:11,324 [info]: GetText fromBy.xpath: //h1[text()='Create Violation']
2024-07-26 00:05:11,589 [info]: Sendkeys on By.xpath: //input[@name='label'] with value Water
2024-07-26 00:05:11,640 [info]: Scroll Into View By.xpath: //label[@title='Violation Type']/following::div[@class='Select-placeholder']
2024-07-26 00:05:11,831 [info]: Clicked on By.xpath: //label[@title='Violation Type']/following::div[@class='Select-placeholder']
2024-07-26 00:05:12,071 [info]: Clicked on By.xpath: //div[@aria-label='General']
2024-07-26 00:05:12,556 [info]: Clicked on By.xpath: //label[text()='Municipal Code']/following::span[1]
2024-07-26 00:05:12,788 [info]: Clicked on By.xpath: //ul[@class='picklist-with-handler__picklist-section']/li
2024-07-26 00:05:12,874 [info]: Click By JS By.xpath: (//button[text()='Create Violation'])[2]
2024-07-26 00:05:13,520 [info]: Clicked on By.xpath: //a[text()='Clear all filters']
Test Passed: CSLP_VerifySubmissionsForMineButton
]]></system-out>
    <system-err><![CDATA[org.openqa.selenium.TimeoutException: Expected condition failed: waiting for invisibility of [[ChromeDriver: chrome on windows (08e4f5f21e38b953fdd6775e0181c3ed)] -> xpath: //div[@class='app-header__user-name']/label] (tried for 60 second(s) with 1000 milliseconds interval)
Build info: version: '4.11.0', revision: '040bc5406b'
System info: os.name: 'Windows 11', os.arch: 'amd64', os.version: '10.0', java.version: '18.0.2.1'
Driver info: driver.version: unknown
	at org.openqa.selenium.support.ui.FluentWait.timeoutException(FluentWait.java:262)
	at org.openqa.selenium.support.ui.FluentWait.until(FluentWait.java:230)
	at CommonMethods.Helper.waitUntilElementIsInvisible(Helper.java:223)
	at POM.CSLPUtility.CSLP_VerifySubmissionsForMineButton(CSLPUtility.java:656)
	at TestCases.CSLP.CSLP_VerifySubmissionsForMineButton(CSLP.java:154)
	at java.base/jdk.internal.reflect.DirectMethodHandleAccessor.invoke(DirectMethodHandleAccessor.java:104)
	at java.base/java.lang.reflect.Method.invoke(Method.java:577)
	at org.testng.internal.invokers.MethodInvocationHelper.invokeMethod(MethodInvocationHelper.java:135)
	at org.testng.internal.invokers.TestInvoker.invokeMethod(TestInvoker.java:673)
	at org.testng.internal.invokers.TestInvoker.invokeTestMethod(TestInvoker.java:220)
	at org.testng.internal.invokers.MethodRunner.runInSequence(MethodRunner.java:50)
	at org.testng.internal.invokers.TestInvoker$MethodInvocationAgent.invoke(TestInvoker.java:945)
	at org.testng.internal.invokers.TestInvoker.invokeTestMethods(TestInvoker.java:193)
	at org.testng.internal.invokers.TestMethodWorker.invokeTestMethods(TestMethodWorker.java:146)
	at org.testng.internal.invokers.TestMethodWorker.run(TestMethodWorker.java:128)
	at java.base/java.util.concurrent.ThreadPoolExecutor.runWorker(ThreadPoolExecutor.java:1136)
	at java.base/java.util.concurrent.ThreadPoolExecutor$Worker.run(ThreadPoolExecutor.java:635)
	at java.base/java.lang.Thread.run(Thread.java:833)
org.openqa.selenium.NoSuchElementException: no such element: Unable to locate element: {"method":"xpath","selector":"//div[@class='table-container__table table_disabled']"}
  (Session info: chrome=115.0.5790.170)
For documentation on this error, please visit: https://www.selenium.dev/documentation/webdriver/troubleshooting/errors#no-such-element-exception
Build info: version: '4.11.0', revision: '040bc5406b'
System info: os.name: 'Windows 11', os.arch: 'amd64', os.version: '10.0', java.version: '18.0.2.1'
Driver info: org.openqa.selenium.chrome.ChromeDriver
Command: [08e4f5f21e38b953fdd6775e0181c3ed, findElement {using=xpath, value=//div[@class='table-container__table table_disabled']}]
Capabilities {acceptInsecureCerts: false, browserName: chrome, browserVersion: 115.0.5790.170, chrome: {chromedriverVersion: 115.0.5790.170 (cc0d30c2ca5..., userDataDir: C:\Users\SQELAB~1\AppData\L...}, goog:chromeOptions: {debuggerAddress: localhost:56461}, networkConnectionEnabled: false, pageLoadStrategy: normal, platformName: windows, proxy: Proxy(), se:cdp: ws://localhost:56461/devtoo..., se:cdpVersion: 115.0.5790.170, setWindowRect: true, strictFileInteractability: false, timeouts: {implicit: 0, pageLoad: 300000, script: 30000}, unhandledPromptBehavior: dismiss and notify, webauthn:extension:credBlob: true, webauthn:extension:largeBlob: true, webauthn:extension:minPinLength: true, webauthn:extension:prf: true, webauthn:virtualAuthenticators: true}
Session ID: 08e4f5f21e38b953fdd6775e0181c3ed
	at java.base/jdk.internal.reflect.DirectConstructorHandleAccessor.newInstance(DirectConstructorHandleAccessor.java:67)
	at java.base/java.lang.reflect.Constructor.newInstanceWithCaller(Constructor.java:499)
	at java.base/java.lang.reflect.Constructor.newInstance(Constructor.java:483)
	at org.openqa.selenium.remote.codec.w3c.W3CHttpResponseCodec.createException(W3CHttpResponseCodec.java:200)
	at org.openqa.selenium.remote.codec.w3c.W3CHttpResponseCodec.decode(W3CHttpResponseCodec.java:133)
	at org.openqa.selenium.remote.codec.w3c.W3CHttpResponseCodec.decode(W3CHttpResponseCodec.java:52)
	at org.openqa.selenium.remote.HttpCommandExecutor.execute(HttpCommandExecutor.java:191)
	at org.openqa.selenium.remote.service.DriverCommandExecutor.invokeExecute(DriverCommandExecutor.java:196)
	at org.openqa.selenium.remote.service.DriverCommandExecutor.execute(DriverCommandExecutor.java:171)
	at org.openqa.selenium.remote.RemoteWebDriver.execute(RemoteWebDriver.java:518)
	at org.openqa.selenium.remote.ElementLocation$ElementFinder$2.findElement(ElementLocation.java:165)
	at org.openqa.selenium.remote.ElementLocation.findElement(ElementLocation.java:59)
	at org.openqa.selenium.remote.RemoteWebDriver.findElement(RemoteWebDriver.java:355)
	at org.openqa.selenium.remote.RemoteWebDriver.findElement(RemoteWebDriver.java:349)
	at CommonMethods.Helper.waitUntilElementIsInvisible(Helper.java:223)
	at POM.CSLPUtility.CSLP_VerifySubmissionsForMineButton(CSLPUtility.java:657)
	at TestCases.CSLP.CSLP_VerifySubmissionsForMineButton(CSLP.java:154)
	at java.base/jdk.internal.reflect.DirectMethodHandleAccessor.invoke(DirectMethodHandleAccessor.java:104)
	at java.base/java.lang.reflect.Method.invoke(Method.java:577)
	at org.testng.internal.invokers.MethodInvocationHelper.invokeMethod(MethodInvocationHelper.java:135)
	at org.testng.internal.invokers.TestInvoker.invokeMethod(TestInvoker.java:673)
	at org.testng.internal.invokers.TestInvoker.invokeTestMethod(TestInvoker.java:220)
	at org.testng.internal.invokers.MethodRunner.runInSequence(MethodRunner.java:50)
	at org.testng.internal.invokers.TestInvoker$MethodInvocationAgent.invoke(TestInvoker.java:945)
	at org.testng.internal.invokers.TestInvoker.invokeTestMethods(TestInvoker.java:193)
	at org.testng.internal.invokers.TestMethodWorker.invokeTestMethods(TestMethodWorker.java:146)
	at org.testng.internal.invokers.TestMethodWorker.run(TestMethodWorker.java:128)
	at java.base/java.util.concurrent.ThreadPoolExecutor.runWorker(ThreadPoolExecutor.java:1136)
	at java.base/java.util.concurrent.ThreadPoolExecutor$Worker.run(ThreadPoolExecutor.java:635)
	at java.base/java.lang.Thread.run(Thread.java:833)
]]></system-err>
  </testcase>
  <testcase name="CSLP_VerifyDescendingSubmission" classname="TestCases.CSLP" time="0.225">
    <system-out><![CDATA[2024-07-26 00:05:18,333 [info]: GetText fromBy.xpath: //h2[@class='case-details__case-number']
Test Passed: CSLP_VerifyDescendingSubmission
]]></system-out>
  </testcase>
  <testcase name="CSLP_VerifyNoExistingSubmissionSearch" classname="TestCases.CSLP" time="10.285">
    <system-out><![CDATA[2024-07-26 00:06:15,290 [info]: Click By JS By.xpath: (//div[@class='table__pagination-nav-btns']//button)[2]
2024-07-26 00:06:15,407 [info]: Scroll Into View By.xpath: //a[text()='Cases']
2024-07-26 00:06:15,825 [info]: Click By JS By.xpath: //a[text()='Cases']
2024-07-26 00:06:16,937 [info]: Sendkeys on By.id: idp-discovery-username with value MarkShane123@yopmail.com
2024-07-26 00:06:17,027 [info]: Click By JS By.xpath: //div[@class='table__pagination-nav-btns']//button[@class='square-btn btn btn-default'][2]
2024-07-26 00:06:17,261 [info]: Clicked on By.id: idp-discovery-submit
2024-07-26 00:06:17,643 [info]: Click By JS By.xpath: (//div[@class='table__pagination-nav-btns']//button)[2]
2024-07-26 00:06:18,810 [info]: Cleared value from By.xpath: //input[@name='searchQuery']
2024-07-26 00:06:19,830 [info]: Sendkeys on By.id: okta-signin-password with value Hello@1234
2024-07-26 00:06:19,843 [info]: Scroll Into View By.xpath: (//div[@role='gridcell'][@class='rt-td'])[26]
2024-07-26 00:06:20,103 [info]: Clicked on By.id: okta-signin-submit
2024-07-26 00:06:20,899 [info]: GetText fromBy.xpath: (//div[@role='gridcell'][@class='rt-td'])[26]
2024-07-26 00:06:21,199 [info]: Sendkeys on By.xpath: //input[@name='searchQuery'] with value 24-1847
2024-07-26 00:06:22,845 [info]: Click By JS By.xpath: //div[@class='table__pagination-nav-btns']//button[@class='square-btn btn btn-default'][2]
Test Failed: cleanUp
2024-07-26 00:06:24,295 [info]: GetText fromBy.xpath: (//div[@class='cs-listing__section__header']//span)[2]
2024-07-26 00:06:24,791 [info]: Click By JS By.xpath: //a[text()='Clear all filters']
Test Passed: CSLP_VerifyNoExistingSubmissionSearch
]]></system-out>
    <system-err><![CDATA[org.openqa.selenium.TimeoutException: Expected condition failed: waiting for invisibility of [[ChromeDriver: chrome on windows (08e4f5f21e38b953fdd6775e0181c3ed)] -> xpath: //div[@class='table-container__table table_disabled']] (tried for 60 second(s) with 1000 milliseconds interval)
Build info: version: '4.11.0', revision: '040bc5406b'
System info: os.name: 'Windows 11', os.arch: 'amd64', os.version: '10.0', java.version: '18.0.2.1'
Driver info: driver.version: unknown
	at org.openqa.selenium.support.ui.FluentWait.timeoutException(FluentWait.java:262)
	at org.openqa.selenium.support.ui.FluentWait.until(FluentWait.java:230)
	at CommonMethods.Helper.waitUntilElementIsInvisible(Helper.java:223)
	at POM.CSLPUtility.CSLP_VerifyNoExistingSubmissionSearch(CSLPUtility.java:696)
	at TestCases.CSLP.CSLP_VerifyNoExistingSubmissionSearch(CSLP.java:166)
	at java.base/jdk.internal.reflect.DirectMethodHandleAccessor.invoke(DirectMethodHandleAccessor.java:104)
	at java.base/java.lang.reflect.Method.invoke(Method.java:577)
	at org.testng.internal.invokers.MethodInvocationHelper.invokeMethod(MethodInvocationHelper.java:135)
	at org.testng.internal.invokers.TestInvoker.invokeMethod(TestInvoker.java:673)
	at org.testng.internal.invokers.TestInvoker.invokeTestMethod(TestInvoker.java:220)
	at org.testng.internal.invokers.MethodRunner.runInSequence(MethodRunner.java:50)
	at org.testng.internal.invokers.TestInvoker$MethodInvocationAgent.invoke(TestInvoker.java:945)
	at org.testng.internal.invokers.TestInvoker.invokeTestMethods(TestInvoker.java:193)
	at org.testng.internal.invokers.TestMethodWorker.invokeTestMethods(TestMethodWorker.java:146)
	at org.testng.internal.invokers.TestMethodWorker.run(TestMethodWorker.java:128)
	at java.base/java.util.concurrent.ThreadPoolExecutor.runWorker(ThreadPoolExecutor.java:1136)
	at java.base/java.util.concurrent.ThreadPoolExecutor$Worker.run(ThreadPoolExecutor.java:635)
	at java.base/java.lang.Thread.run(Thread.java:833)
]]></system-err>
  </testcase>
  <testcase name="VerifyMapViewPresent" classname="TestCases.CSLP" time="4.544">
    <system-out><![CDATA[2024-07-26 00:10:14,625 [info]: Clicked on By.xpath: //div[@class='flex-row--center']/button[text()='Yes']
2024-07-26 00:10:14,887 [info]: Clicked on By.xpath: //button[text()='Create Role']
2024-07-26 00:10:15,398 [info]: Scroll Into View By.xpath: //div[@class='footer_actions']/button[2]
2024-07-26 00:10:15,591 [info]: Click By JS By.xpath: //div[@class='footer_actions']/button[2]
2024-07-26 00:10:16,675 [info]: Click By JS By.xpath: //div[@class='cs-listing__section__header']//button
2024-07-26 00:10:17,173 [info]: Sendkeys on By.xpath: //div/input[@placeholder='Start typing name of violation, article number or issue description'] with value Wa
2024-07-26 00:10:17,613 [info]: Clicked on By.xpath: //div[@class='react-autosuggest__suggestion-element']/div
2024-07-26 00:10:18,877 [info]: Clicked on By.xpath: //div[@class='cs-listing__section__header']//button
Test Passed: VerifyMapViewPresent
]]></system-out>
    <system-err><![CDATA[org.openqa.selenium.TimeoutException: Expected condition failed: waiting for element to be clickable: By.xpath: //div[@class='flex-row--center']/button[text()='Cancel'] (tried for 60 second(s) with 1000 milliseconds interval)
Build info: version: '4.11.0', revision: '040bc5406b'
System info: os.name: 'Windows 11', os.arch: 'amd64', os.version: '10.0', java.version: '18.0.2.1'
Driver info: driver.version: unknown
	at org.openqa.selenium.support.ui.FluentWait.timeoutException(FluentWait.java:262)
	at org.openqa.selenium.support.ui.FluentWait.until(FluentWait.java:230)
	at CommonMethods.Helper.waitForElementIsInteractable(Helper.java:199)
	at POM.PerformInspectionUtility.PerformInspection_CloseConfirmationPopup(PerformInspectionUtility.java:610)
	at TestCases.PerformInspection.PerformInspection_CloseConfirmationPopup(PerformInspection.java:113)
	at java.base/jdk.internal.reflect.DirectMethodHandleAccessor.invoke(DirectMethodHandleAccessor.java:104)
	at java.base/java.lang.reflect.Method.invoke(Method.java:577)
	at org.testng.internal.invokers.MethodInvocationHelper.invokeMethod(MethodInvocationHelper.java:135)
	at org.testng.internal.invokers.TestInvoker.invokeMethod(TestInvoker.java:673)
	at org.testng.internal.invokers.TestInvoker.invokeTestMethod(TestInvoker.java:220)
	at org.testng.internal.invokers.MethodRunner.runInSequence(MethodRunner.java:50)
	at org.testng.internal.invokers.TestInvoker$MethodInvocationAgent.invoke(TestInvoker.java:945)
	at org.testng.internal.invokers.TestInvoker.invokeTestMethods(TestInvoker.java:193)
	at org.testng.internal.invokers.TestMethodWorker.invokeTestMethods(TestMethodWorker.java:146)
	at org.testng.internal.invokers.TestMethodWorker.run(TestMethodWorker.java:128)
	at java.base/java.util.concurrent.ThreadPoolExecutor.runWorker(ThreadPoolExecutor.java:1136)
	at java.base/java.util.concurrent.ThreadPoolExecutor$Worker.run(ThreadPoolExecutor.java:635)
	at java.base/java.lang.Thread.run(Thread.java:833)
org.openqa.selenium.TimeoutException: Expected condition failed: waiting for visibility of element located by By.xpath: //span[text()='Merge Fields'] (tried for 60 second(s) with 1000 milliseconds interval)
Build info: version: '4.11.0', revision: '040bc5406b'
System info: os.name: 'Windows 11', os.arch: 'amd64', os.version: '10.0', java.version: '18.0.2.1'
Driver info: driver.version: unknown
	at org.openqa.selenium.support.ui.FluentWait.timeoutException(FluentWait.java:262)
	at org.openqa.selenium.support.ui.FluentWait.until(FluentWait.java:230)
	at CommonMethods.Helper.waitUntilElementIsVisible(Helper.java:148)
	at POM.AppPreRequisiteUtility.AgencySetup_VerifyCreationOfHTMLNotice(AppPreRequisiteUtility.java:1202)
	at TestCases.AgencyCreation.AgencySetup_VerifyCreationOfHTMLNotice(AgencyCreation.java:339)
	at java.base/jdk.internal.reflect.DirectMethodHandleAccessor.invoke(DirectMethodHandleAccessor.java:104)
	at java.base/java.lang.reflect.Method.invoke(Method.java:577)
	at org.testng.internal.invokers.MethodInvocationHelper.invokeMethod(MethodInvocationHelper.java:135)
	at org.testng.internal.invokers.TestInvoker.invokeMethod(TestInvoker.java:673)
	at org.testng.internal.invokers.TestInvoker.invokeTestMethod(TestInvoker.java:220)
	at org.testng.internal.invokers.MethodRunner.runInSequence(MethodRunner.java:50)
	at org.testng.internal.invokers.TestInvoker$MethodInvocationAgent.invoke(TestInvoker.java:945)
	at org.testng.internal.invokers.TestInvoker.invokeTestMethods(TestInvoker.java:193)
	at org.testng.internal.invokers.TestMethodWorker.invokeTestMethods(TestMethodWorker.java:146)
	at org.testng.internal.invokers.TestMethodWorker.run(TestMethodWorker.java:128)
	at java.base/java.util.concurrent.ThreadPoolExecutor.runWorker(ThreadPoolExecutor.java:1136)
	at java.base/java.util.concurrent.ThreadPoolExecutor$Worker.run(ThreadPoolExecutor.java:635)
	at java.base/java.lang.Thread.run(Thread.java:833)
]]></system-err>
  </testcase>
  <testcase name="LoginAgency" classname="TestCases.ViolationSpecificFinesLinkedToViolations" time="0.316">
    <system-out><![CDATA[Current IST time: 2024-07-25 23:57:19
2024-07-25 23:57:19,042 [info]: Timestamp 2024-07-25 23:57:19
2024-07-25 23:57:19,169 [info]: GetText fromBy.xpath: //div[@class='app-header__user-name']/label
Test Passed: LoginAgency
]]></system-out>
  </testcase>
  <testcase name="verifyViolationSpecificFineIsDisplayedOnPerformInspection" classname="TestCases.ViolationSpecificFinesLinkedToViolations" time="5.263">
    <system-out><![CDATA[2024-07-25 23:59:38,097 [info]: Clicked on By.xpath: //button[text()='Close']
2024-07-25 23:59:38,124 [info]: Click By JS By.xpath: //button[text()='Create User']
2024-07-25 23:59:38,711 [info]: Sendkeys on By.xpath: //input[@name='searchQuery'] with value 24-1842
2024-07-25 23:59:40,451 [info]: Sendkeys on By.xpath: //input[@name='firstName'] with value two
2024-07-25 23:59:40,628 [info]: Sendkeys on By.xpath: //input[@name='lastName'] with value User
2024-07-25 23:59:40,951 [info]: Sendkeys on By.xpath: //input[@name='email'] with value twoUser6884MPyxYb@yopmail.com
2024-07-25 23:59:41,099 [info]: Clicked on By.xpath: //label[text()='Role']/following::span[1]
2024-07-25 23:59:41,335 [info]: Clicked on By.xpath: //*[text()='Agency Admin CRM and CEM']
2024-07-25 23:59:41,373 [info]: Scroll Into View By JS [[ChromeDriver: chrome on windows (d040a6a235f3e772b3f010b668ee39de)] -> xpath: //*[text()='Notice For Violation Fine Linked To Violations']]
2024-07-25 23:59:41,472 [info]: Sendkeys on By.xpath: //input[@name='label'] with value HTML fThgubLv
2024-07-25 23:59:41,503 [info]: Scroll Into View By.xpath: //button[text()='Create Notice']
2024-07-25 23:59:41,603 [info]: Click By JS By.xpath: //button[text()='Create Notice']
2024-07-25 23:59:42,648 [info]: Clicked on By.xpath: //button[text()='Add']
2024-07-25 23:59:42,687 [info]: Move to element and Click on [[ChromeDriver: chrome on windows (d040a6a235f3e772b3f010b668ee39de)] -> xpath: //*[text()='Notice For Violation Fine Linked To Violations']]
2024-07-25 23:59:42,755 [info]: Scroll Into View By.xpath: //button[text()='Create Submission']
Test Passed: verifyViolationSpecificFineIsDisplayedOnPerformInspection
]]></system-out>
  </testcase>
  <testcase name="verifyVSFineLinkedToViolation_AmountIsDisplayedOnPI" classname="TestCases.ViolationSpecificFinesLinkedToViolations" time="0.12">
    <system-out><![CDATA[2024-07-25 23:59:42,937 [info]: Click By JS By.xpath: //button[text()='Create Submission']
2024-07-25 23:59:43,012 [info]: Get Attribute value from By.xpath: //*[@name='amount']
100
Test Passed: verifyVSFineLinkedToViolation_AmountIsDisplayedOnPI
]]></system-out>
  </testcase>
  <testcase name="verifyUserIsAbleToEditVSFineLinkedToViolationsOnPI" classname="TestCases.ViolationSpecificFinesLinkedToViolations" time="4.527">
    <system-out><![CDATA[2024-07-25 23:59:44,091 [info]: Click By JS By.xpath: //a[text()='24-1842']
2024-07-25 23:59:44,934 [info]: Clicked on By.xpath: //button[text()='Submit Anyway']
2024-07-25 23:59:45,592 [info]: Clicked on By.xpath: //div[@class='user-form__header full-page-modal__header']//button[text()='Create User']
2024-07-25 23:59:46,674 [info]: Move to element and Click on [[ChromeDriver: chrome on windows (d040a6a235f3e772b3f010b668ee39de)] -> xpath: //*[@name='amount']]
2024-07-25 23:59:47,375 [info]: Sendkeys on By.xpath: //*[@name='amount'] with value 20000
2024-07-25 23:59:47,543 [info]: Get Attribute value from By.xpath: //*[@name='amount']
Test Passed: verifyUserIsAbleToEditVSFineLinkedToViolationsOnPI
]]></system-out>
  </testcase>
  <testcase name="verifyDoNotIssueTheFineCheckboxIsDisplayed" classname="TestCases.ViolationSpecificFinesLinkedToViolations" time="18.074">
    <system-out><![CDATA[2024-07-26 00:00:32,581 [info]: Clicked on By.xpath: //div[@class='user-form__header full-page-modal__header']//button[text()='Create User']
2024-07-26 00:00:33,340 [info]: Click By JS By.xpath: //label[contains(text(),'FA')]//parent::span//input[@name='associatedNoticeIds'][@type='checkbox'][not (@disabled)]
2024-07-26 00:00:33,426 [info]: Click By JS By.xpath: //button[text()='Apply']
2024-07-26 00:00:33,507 [info]: Click By JS By.xpath: //span[text()='Select Violation']
2024-07-26 00:00:45,296 [info]: Clicked on By.xpath: //div[@class='attachments-tile__photo-container']/img
2024-07-26 00:00:46,631 [info]: Scroll Into View By.xpath: //button[text()='Create User']
2024-07-26 00:00:47,618 [info]: Clicked on By.xpath: //div[@class='attachments-edit__carousel']//button
2024-07-26 00:00:48,264 [info]: Click By JS By.xpath: //*[@class='checkbox-holder checkbox-holder--radio col-md-12']//*[@type='checkbox']
true
2024-07-26 00:00:48,459 [info]: Click By JS By.xpath: //*[@class='checkbox-holder checkbox-holder--radio col-md-12']//*[@type='checkbox']
Test Passed: verifyDoNotIssueTheFineCheckboxIsDisplayed
]]></system-out>
    <system-err><![CDATA[org.openqa.selenium.TimeoutException: Expected condition failed: waiting for visibility of element located by By.xpath: //label[contains(text(),'FA')]//parent::span//input[@name='associatedNoticeIds'][@type='checkbox'][not (@disabled)] (tried for 60 second(s) with 1000 milliseconds interval)
Build info: version: '4.11.0', revision: '040bc5406b'
System info: os.name: 'Windows 11', os.arch: 'amd64', os.version: '10.0', java.version: '18.0.2.1'
Driver info: driver.version: unknown
	at org.openqa.selenium.support.ui.FluentWait.timeoutException(FluentWait.java:262)
	at org.openqa.selenium.support.ui.FluentWait.until(FluentWait.java:230)
	at CommonMethods.Helper.waitUntilElementIsVisible(Helper.java:148)
	at CommonMethods.Helper.waitForPresenceandVisiblity(Helper.java:658)
	at POM.FinesUtility.SelectNoticeAndFAdocument(FinesUtility.java:721)
	at TestCases.VSFineLinkedFADoc.verifyCreateViolationSpecficfineFADocument(VSFineLinkedFADoc.java:68)
	at java.base/jdk.internal.reflect.DirectMethodHandleAccessor.invoke(DirectMethodHandleAccessor.java:104)
	at java.base/java.lang.reflect.Method.invoke(Method.java:577)
	at org.testng.internal.invokers.MethodInvocationHelper.invokeMethod(MethodInvocationHelper.java:135)
	at org.testng.internal.invokers.TestInvoker.invokeMethod(TestInvoker.java:673)
	at org.testng.internal.invokers.TestInvoker.invokeTestMethod(TestInvoker.java:220)
	at org.testng.internal.invokers.MethodRunner.runInSequence(MethodRunner.java:50)
	at org.testng.internal.invokers.TestInvoker$MethodInvocationAgent.invoke(TestInvoker.java:945)
	at org.testng.internal.invokers.TestInvoker.invokeTestMethods(TestInvoker.java:193)
	at org.testng.internal.invokers.TestMethodWorker.invokeTestMethods(TestMethodWorker.java:146)
	at org.testng.internal.invokers.TestMethodWorker.run(TestMethodWorker.java:128)
	at java.base/java.util.concurrent.ThreadPoolExecutor.runWorker(ThreadPoolExecutor.java:1136)
	at java.base/java.util.concurrent.ThreadPoolExecutor$Worker.run(ThreadPoolExecutor.java:635)
	at java.base/java.lang.Thread.run(Thread.java:833)
org.openqa.selenium.TimeoutException: Expected condition failed: waiting for visibility of element located by By.xpath: //div[@class='modal-header' and text()='Attachments Details'] (tried for 60 second(s) with 1000 milliseconds interval)
Build info: version: '4.11.0', revision: '040bc5406b'
System info: os.name: 'Windows 11', os.arch: 'amd64', os.version: '10.0', java.version: '18.0.2.1'
Driver info: driver.version: unknown
	at org.openqa.selenium.support.ui.FluentWait.timeoutException(FluentWait.java:262)
	at org.openqa.selenium.support.ui.FluentWait.until(FluentWait.java:230)
	at CommonMethods.Helper.waitUntilElementIsVisible(Helper.java:148)
	at POM.CCPUtility.CCP_DeleteAnAttachment(CCPUtility.java:1530)
	at TestCases.CCP.CCP_DeleteAnAttachment(CCP.java:297)
	at java.base/jdk.internal.reflect.DirectMethodHandleAccessor.invoke(DirectMethodHandleAccessor.java:104)
	at java.base/java.lang.reflect.Method.invoke(Method.java:577)
	at org.testng.internal.invokers.MethodInvocationHelper.invokeMethod(MethodInvocationHelper.java:135)
	at org.testng.internal.invokers.TestInvoker.invokeMethod(TestInvoker.java:673)
	at org.testng.internal.invokers.TestInvoker.invokeTestMethod(TestInvoker.java:220)
	at org.testng.internal.invokers.MethodRunner.runInSequence(MethodRunner.java:50)
	at org.testng.internal.invokers.TestInvoker$MethodInvocationAgent.invoke(TestInvoker.java:945)
	at org.testng.internal.invokers.TestInvoker.invokeTestMethods(TestInvoker.java:193)
	at org.testng.internal.invokers.TestMethodWorker.invokeTestMethods(TestMethodWorker.java:146)
	at org.testng.internal.invokers.TestMethodWorker.run(TestMethodWorker.java:128)
	at java.base/java.util.concurrent.ThreadPoolExecutor.runWorker(ThreadPoolExecutor.java:1136)
	at java.base/java.util.concurrent.ThreadPoolExecutor$Worker.run(ThreadPoolExecutor.java:635)
	at java.base/java.lang.Thread.run(Thread.java:833)
org.openqa.selenium.TimeoutException: Expected condition failed: waiting for element to be clickable: By.xpath: //*[@class='checkbox-holder checkbox-holder--radio col-md-12']//*[@type='checkbox'] (tried for 60 second(s) with 1000 milliseconds interval)
Build info: version: '4.11.0', revision: '040bc5406b'
System info: os.name: 'Windows 11', os.arch: 'amd64', os.version: '10.0', java.version: '18.0.2.1'
Driver info: driver.version: unknown
	at org.openqa.selenium.support.ui.FluentWait.timeoutException(FluentWait.java:262)
	at org.openqa.selenium.support.ui.FluentWait.until(FluentWait.java:230)
	at CommonMethods.Helper.waitForElementIsInteractable(Helper.java:199)
	at POM.FinesUtility.verifyDoNotIssueFineCheckboxDisplayed(FinesUtility.java:271)
	at TestCases.ViolationSpecificFinesLinkedToViolations.verifyDoNotIssueTheFineCheckboxIsDisplayed(ViolationSpecificFinesLinkedToViolations.java:57)
	at java.base/jdk.internal.reflect.DirectMethodHandleAccessor.invoke(DirectMethodHandleAccessor.java:104)
	at java.base/java.lang.reflect.Method.invoke(Method.java:577)
	at org.testng.internal.invokers.MethodInvocationHelper.invokeMethod(MethodInvocationHelper.java:135)
	at org.testng.internal.invokers.TestInvoker.invokeMethod(TestInvoker.java:673)
	at org.testng.internal.invokers.TestInvoker.invokeTestMethod(TestInvoker.java:220)
	at org.testng.internal.invokers.MethodRunner.runInSequence(MethodRunner.java:50)
	at org.testng.internal.invokers.TestInvoker$MethodInvocationAgent.invoke(TestInvoker.java:945)
	at org.testng.internal.invokers.TestInvoker.invokeTestMethods(TestInvoker.java:193)
	at org.testng.internal.invokers.TestMethodWorker.invokeTestMethods(TestMethodWorker.java:146)
	at org.testng.internal.invokers.TestMethodWorker.run(TestMethodWorker.java:128)
	at java.base/java.util.concurrent.ThreadPoolExecutor.runWorker(ThreadPoolExecutor.java:1136)
	at java.base/java.util.concurrent.ThreadPoolExecutor$Worker.run(ThreadPoolExecutor.java:635)
	at java.base/java.lang.Thread.run(Thread.java:833)
]]></system-err>
  </testcase>
  <testcase name="verifyViolationSpecificFineAmountIsAddedUnderOutstandingBalance" classname="TestCases.ViolationSpecificFinesLinkedToViolations" time="3.068">
    <system-out><![CDATA[2024-07-26 00:01:01,657 [info]: Clicked on By.xpath: //div/button[text()='Create Case']
2024-07-26 00:01:02,362 [info]: Clicked on By.xpath: //button[text()='Create Notice']
200
Test Passed: verifyViolationSpecificFineAmountIsAddedUnderOutstandingBalance
]]></system-out>
  </testcase>
  <testcase name="verifyViolationSpecificFineIsDisplayedOnFinesAndPaymentsPage" classname="TestCases.ViolationSpecificFinesLinkedToViolations" time="2.28">
    <system-out><![CDATA[2024-07-26 00:01:09,819 [info]: Click By JS By.xpath: //button[@class='edit-btn space-right btn btn-primary']
2024-07-26 00:01:11,148 [info]: Scroll Into View By.xpath: //button[text()='Create User']
Test Passed: verifyViolationSpecificFineIsDisplayedOnFinesAndPaymentsPage
]]></system-out>
  </testcase>
  <testcase name="verifyFlatFineWithNoticeDisplayedForGenerateNotice" classname="TestCases.ViolationSpecificFinesLinkedToViolations" time="1.361">
    <system-out><![CDATA[2024-07-26 00:01:22,377 [info]: Clicked on By.xpath: //a[text()='Clear all filters']
Test Failed: CSLP_VerifyFilterAndSearch
2024-07-26 00:01:22,454 [info]: Clicked on By.xpath: //h5[text()='Assign Case To']//parent::div//span[@class='dropdown__arrow']
2024-07-26 00:01:22,905 [info]: Sendkeys on By.xpath: //h5[text()='Assign Case To']//parent::div//input[@placeholder='Start typing name of the assignee'] with value Mark Shane
2024-07-26 00:01:23,195 [info]: Clicked on By.xpath: //div[@class='react-autosuggest__suggestion-element']//b
Test Passed: verifyFlatFineWithNoticeDisplayedForGenerateNotice
]]></system-out>
  </testcase>
  <testcase name="verifyFlatFineWithNoticeAmountIsDisplayedForGenerateNotice" classname="TestCases.ViolationSpecificFinesLinkedToViolations" time="0.106">
    <system-out><![CDATA[2024-07-26 00:01:23,624 [info]: Get Attribute value from By.xpath: //*[@name='amount']
100
Test Passed: verifyFlatFineWithNoticeAmountIsDisplayedForGenerateNotice
]]></system-out>
  </testcase>
  <testcase name="verifyUserIsAbleToEditFlatFineAmount" classname="TestCases.ViolationSpecificFinesLinkedToViolations" time="0.435">
    <system-out><![CDATA[2024-07-26 00:01:27,421 [info]: Clicked on By.xpath: //h5[text()='Assign Inspection To']//parent::div//span[@class='dropdown__arrow']
2024-07-26 00:01:27,422 [info]: Clicked on By.xpath: (//div[@class='dropdown__selector__selected']/label)[1]
2024-07-26 00:01:27,479 [info]: Scroll Into View By.xpath: //div[@class='modal-footer']//button[2]
2024-07-26 00:01:27,510 [info]: Sendkeys on By.xpath: //*[@name='amount'] with value 20000
2024-07-26 00:01:27,616 [info]: Get Attribute value from By.xpath: //*[@name='amount']
Test Passed: verifyUserIsAbleToEditFlatFineAmount
]]></system-out>
  </testcase>
  <testcase name="verifyOutstandingBalanceIsUpdatedAfterNoticeGeneratedIsApplied" classname="TestCases.ViolationSpecificFinesLinkedToViolations" time="3.594">
    <system-out><![CDATA[2024-07-26 00:01:46,687 [info]: Scroll Into View By.cssSelector: div.case-details__close-icon img
2024-07-26 00:01:46,948 [info]: Click By JS By.cssSelector: div.case-details__close-icon img
2024-07-26 00:01:49,887 [info]: GetText fromBy.xpath: //div[@class='app-header__user-name']/label
400
Test Passed: verifyOutstandingBalanceIsUpdatedAfterNoticeGeneratedIsApplied
]]></system-out>
  </testcase>
  <testcase name="LoginAgency" classname="TestCases.ReopenCases" time="5.785">
    <system-out><![CDATA[2024-07-25 23:57:30,581 [info]: Scroll Into View By.xpath: //div[@class='sidebar__options-container'] //label[text()='Contacts']
2024-07-25 23:57:30,593 [info]: Sendkeys on By.xpath: //input[@name='deleteText'] with value DELETE
2024-07-25 23:57:30,866 [info]: Click By JS By.xpath: //label[text()='Agency Setup']//preceding-sibling::a
2024-07-25 23:57:31,070 [info]: Clicked on By.xpath: //button[text()='Delete Submission']
2024-07-25 23:57:32,841 [info]: Clicked on By.xpath: //div[@class='sidebar__options-container'] //label[text()='Contacts']
2024-07-25 23:57:32,893 [info]: GetText fromBy.xpath: (//div[@class='agency-setup-tab__section__header']/h2)[1]
2024-07-25 23:57:35,142 [info]: Scroll Into View By.xpath: //label[text()='Audit Trail']
2024-07-25 23:57:35,193 [info]: Scroll Into View By.xpath: //button[text()='Create Custom Field']
2024-07-25 23:57:35,310 [info]: Scroll Into View By.xpath: //label[text()='Assignment Rules']
2024-07-25 23:57:35,440 [info]: Sendkeys on By.id: idp-discovery-username with value BasicSuperviserStage@yopmail.com
2024-07-25 23:57:35,506 [info]: Click By JS By.xpath: //label[text()='Assignment Rules']
2024-07-25 23:57:35,668 [info]: Clicked on By.id: idp-discovery-submit
2024-07-25 23:57:35,736 [info]: Sendkeys on By.xpath: //div[@class='location-tile__inputs-container']//input with value TEXAS CITY Museum
Current IST time: 2024-07-25 23:57:36
2024-07-25 23:57:36,212 [info]: Timestamp 2024-07-25 23:57:36
2024-07-25 23:57:36,332 [info]: GetText fromBy.xpath: //div[@class='app-header__user-name']/label
Test Passed: LoginAgency
]]></system-out>
    <system-err><![CDATA[org.openqa.selenium.TimeoutException: Expected condition failed: waiting for visibility of element located by By.id: okta-signin-username (tried for 60 second(s) with 1000 milliseconds interval)
Build info: version: '4.11.0', revision: '040bc5406b'
System info: os.name: 'Windows 11', os.arch: 'amd64', os.version: '10.0', java.version: '18.0.2.1'
Driver info: driver.version: unknown
	at org.openqa.selenium.support.ui.FluentWait.timeoutException(FluentWait.java:262)
	at org.openqa.selenium.support.ui.FluentWait.until(FluentWait.java:230)
	at CommonMethods.Helper.waitUntilElementIsVisible(Helper.java:148)
	at POM.LoginUtility.LoginAgencyUser(LoginUtility.java:1132)
	at POM.LoginUtility.loginBasicSupervisor_QAProdStage(LoginUtility.java:1241)
	at POM.CDP_Utility.VerifyApproveNoticeNotAppear(CDP_Utility.java:1278)
	at TestCases.EscalatedNoticesCDP.EscalatedNoticesCDP_VerifyApproveNoticeNotAppear(EscalatedNoticesCDP.java:57)
	at java.base/jdk.internal.reflect.DirectMethodHandleAccessor.invoke(DirectMethodHandleAccessor.java:104)
	at java.base/java.lang.reflect.Method.invoke(Method.java:577)
	at org.testng.internal.invokers.MethodInvocationHelper.invokeMethod(MethodInvocationHelper.java:135)
	at org.testng.internal.invokers.TestInvoker.invokeMethod(TestInvoker.java:673)
	at org.testng.internal.invokers.TestInvoker.invokeTestMethod(TestInvoker.java:220)
	at org.testng.internal.invokers.MethodRunner.runInSequence(MethodRunner.java:50)
	at org.testng.internal.invokers.TestInvoker$MethodInvocationAgent.invoke(TestInvoker.java:945)
	at org.testng.internal.invokers.TestInvoker.invokeTestMethods(TestInvoker.java:193)
	at org.testng.internal.invokers.TestMethodWorker.invokeTestMethods(TestMethodWorker.java:146)
	at org.testng.internal.invokers.TestMethodWorker.run(TestMethodWorker.java:128)
	at java.base/java.util.concurrent.ThreadPoolExecutor.runWorker(ThreadPoolExecutor.java:1136)
	at java.base/java.util.concurrent.ThreadPoolExecutor$Worker.run(ThreadPoolExecutor.java:635)
	at java.base/java.lang.Thread.run(Thread.java:833)
]]></system-err>
  </testcase>
  <testcase name="ReopenCase_OpenReopenCasePopup" classname="TestCases.ReopenCases" time="4.433">
    <system-out><![CDATA[2024-07-25 23:58:09,825 [info]: Click By JS By.xpath: //*[@class='app-header__user-name']/div
2024-07-25 23:58:09,844 [info]: Click By JS By.xpath: //button[text()='Generate FAA Document']
2024-07-25 23:58:09,966 [info]: Click By JS By.xpath: //label[text()='Logout']
2024-07-25 23:58:10,793 [info]: Scroll Into View By.xpath: //label[text()='Audit Trail']
300
2024-07-25 23:58:10,861 [info]: Scroll Into View By.xpath: //label[text()='User Management']
2024-07-25 23:58:10,987 [info]: Click By JS By.xpath: //label[text()='User Management']
2024-07-25 23:58:11,249 [info]: Click By JS By.xpath: //div[@class='pagination-top']//div[@class='table__pagination-nav-btns']/button[2]
2024-07-25 23:58:11,400 [info]: Scroll Into View By.xpath: //div/button[text()='Create Case']
2024-07-25 23:58:12,219 [info]: Clicked on By.xpath: //div/button[text()='Create Case']
2024-07-25 23:58:12,230 [info]: Click By JS By.xpath: //div[@class='option-black'][contains(text(),'Location Not Included')]
2024-07-25 23:58:12,445 [info]: Scroll Into View By.xpath: (//button[text()='Next'])[1]
2024-07-25 23:58:12,552 [info]: Click By JS By.xpath: (//button[text()='Next'])[1]
2024-07-25 23:58:13,033 [info]: Scroll Into View By.xpath: //div[contains(text(),'Roles')]
2024-07-25 23:58:13,115 [info]: Click By JS By.xpath: //div[contains(text(),'Roles')]
2024-07-25 23:58:13,265 [info]: Click By JS By.xpath: //button[text()='Create Role']
2024-07-25 23:58:13,614 [info]: Clicked on By.xpath: //li[text()='Reopen Case']
2024-07-25 23:58:13,900 [info]: GetText fromBy.xpath: //div[@class='modal-header']/following::span[text()='Reopen Case']
Test Passed: ReopenCase_OpenReopenCasePopup
]]></system-out>
  </testcase>
  <testcase name="ReopenCase_VerifyViolationsFromCDP" classname="TestCases.ReopenCases" time="2.671">
    <system-out><![CDATA[2024-07-25 23:58:14,221 [info]: Clicked on By.xpath: //button[text()='Cancel']
350
2024-07-25 23:58:14,924 [info]: Click By JS By.xpath: //div[@class='pagination-top']//div[@class='table__pagination-nav-btns']/button[2]
2024-07-25 23:58:15,105 [info]: Scroll Into View By.xpath: //div[@class='case-inspection__print-notice']//button[text()='Do Not Print']
2024-07-25 23:58:15,399 [info]: Click By JS By.xpath: //div[@class='case-inspection__print-notice']//button[text()='Do Not Print']
2024-07-25 23:58:15,439 [info]: Scroll Into View By.xpath: //span[@class='violation-label']
2024-07-25 23:58:15,490 [info]: Clicked on By.xpath: //button[text()='Perform Inspection']
2024-07-25 23:58:15,648 [info]: Scroll Into View By.xpath: //button[contains(text(),'More...')]
2024-07-25 23:58:15,735 [info]: Click By JS By.xpath: //div[@class='case-inspection__notice-action-buttons']/button[2]
2024-07-25 23:58:15,869 [info]: Scroll Into View By.xpath: //button[text()='Create & Perform Inspection']
2024-07-25 23:58:15,995 [info]: Clicked on By.xpath: //button[contains(text(),'More...')]
2024-07-25 23:58:16,238 [info]: Clicked on By.xpath: //button[text()='Create & Perform Inspection']
2024-07-25 23:58:16,488 [info]: Clicked on By.xpath: //li[text()='Reopen Case']
Test Passed: ReopenCase_VerifyViolationsFromCDP
]]></system-out>
    <system-err><![CDATA[org.openqa.selenium.TimeoutException: Expected condition failed: waiting for element to be clickable: By.xpath: //div[@class='attachments-modal__footer']/button[2] (tried for 60 second(s) with 1000 milliseconds interval)
Build info: version: '4.11.0', revision: '040bc5406b'
System info: os.name: 'Windows 11', os.arch: 'amd64', os.version: '10.0', java.version: '18.0.2.1'
Driver info: driver.version: unknown
	at org.openqa.selenium.support.ui.FluentWait.timeoutException(FluentWait.java:262)
	at org.openqa.selenium.support.ui.FluentWait.until(FluentWait.java:230)
	at CommonMethods.Helper.waitForElementIsInteractable(Helper.java:199)
	at POM.CCPUtility.CCP_AddAnAttachment(CCPUtility.java:1472)
	at TestCases.CCP.CCP_AddAnAttachment(CCP.java:277)
	at java.base/jdk.internal.reflect.DirectMethodHandleAccessor.invoke(DirectMethodHandleAccessor.java:104)
	at java.base/java.lang.reflect.Method.invoke(Method.java:577)
	at org.testng.internal.invokers.MethodInvocationHelper.invokeMethod(MethodInvocationHelper.java:135)
	at org.testng.internal.invokers.TestInvoker.invokeMethod(TestInvoker.java:673)
	at org.testng.internal.invokers.TestInvoker.invokeTestMethod(TestInvoker.java:220)
	at org.testng.internal.invokers.MethodRunner.runInSequence(MethodRunner.java:50)
	at org.testng.internal.invokers.TestInvoker$MethodInvocationAgent.invoke(TestInvoker.java:945)
	at org.testng.internal.invokers.TestInvoker.invokeTestMethods(TestInvoker.java:193)
	at org.testng.internal.invokers.TestMethodWorker.invokeTestMethods(TestMethodWorker.java:146)
	at org.testng.internal.invokers.TestMethodWorker.run(TestMethodWorker.java:128)
	at java.base/java.util.concurrent.ThreadPoolExecutor.runWorker(ThreadPoolExecutor.java:1136)
	at java.base/java.util.concurrent.ThreadPoolExecutor$Worker.run(ThreadPoolExecutor.java:635)
	at java.base/java.lang.Thread.run(Thread.java:833)
]]></system-err>
  </testcase>
  <testcase name="ReopenCase_NonCompliantViolationIsRequired" classname="TestCases.ReopenCases" time="0.353">
    <system-out><![CDATA[2024-07-25 23:58:16,855 [info]: Clicked on By.xpath: //button[text()='Reopen Case']
2024-07-25 23:58:16,924 [info]: GetText fromBy.xpath: //h5[@id='reopen-case-heading']
Test Passed: ReopenCase_NonCompliantViolationIsRequired
]]></system-out>
  </testcase>
  <testcase name="ReopenCase_CaseDoesNotReopenOnCancel" classname="TestCases.ReopenCases" time="0.573">
    <system-out><![CDATA[2024-07-25 23:58:17,215 [info]: Clicked on By.xpath: //button[text()='Cancel']
2024-07-25 23:58:17,498 [info]: GetText fromBy.xpath: //h2[@class='case-details__case-status']
Test Passed: ReopenCase_CaseDoesNotReopenOnCancel
]]></system-out>
  </testcase>
  <testcase name="ReopenCase_VerifyCaseReopened" classname="TestCases.ReopenCases" time="1.001">
    <system-out><![CDATA[2024-07-25 23:58:21,435 [info]: Scroll Into View By.xpath: //*[@class='field__label-data-field']/span
2024-07-25 23:58:21,548 [info]: Scroll Into View By.xpath: (//button[text()='Next'])[2]
2024-07-25 23:58:21,639 [info]: Click By JS By.xpath: (//button[text()='Next'])[2]
2024-07-25 23:58:21,681 [info]: Click By JS By.xpath: //*[@class='view-details']
2024-07-25 23:58:21,727 [info]: GetText fromBy.xpath: //div[@class='crm-location-field error']/following::span
2024-07-25 23:58:21,816 [info]: Click By JS By.xpath: //input[@type='text']
2024-07-25 23:58:21,922 [info]: Click By JS By.xpath: //input[@type='text']
450
2024-07-25 23:58:23,337 [info]: Sendkeys on By.xpath: //input[@type='text'] with value 720 14th Avenue North, Texas City, TX 77590
2024-07-25 23:58:23,651 [info]: Click By JS By.xpath: //div[@class='pagination-top']//div[@class='table__pagination-nav-btns']/button[2]
Test Failed: CCP_AddAnAttachment
2024-07-25 23:58:26,196 [info]: GetText fromBy.xpath: //span[text()='Role created']
2024-07-25 23:58:26,222 [info]: Scroll Into View By.xpath: //div[contains(text(),'Roles')]
2024-07-25 23:58:26,412 [info]: Click By JS By.xpath: //div[contains(text(),'Roles')]
2024-07-25 23:58:26,595 [info]: Click By JS By.xpath: //button[text()='Create Role']
500
2024-07-25 23:58:27,196 [info]: Click By JS By.xpath: //div[@class='pagination-top']//div[@class='table__pagination-nav-btns']/button[2]
2024-07-25 23:58:27,362 [info]: Scroll Into View failed.
2024-07-25 23:58:27,395 [info]: GetText fromBy.xpath: //h2[@class='case-details__case-status']
Test Passed: ReopenCase_VerifyCaseReopened
]]></system-out>
    <system-err><![CDATA[org.openqa.selenium.TimeoutException: Expected condition failed: waiting for visibility of element located by By.xpath: //button[text()='Save'] (tried for 60 second(s) with 1000 milliseconds interval)
Build info: version: '4.11.0', revision: '040bc5406b'
System info: os.name: 'Windows 11', os.arch: 'amd64', os.version: '10.0', java.version: '18.0.2.1'
Driver info: driver.version: unknown
	at org.openqa.selenium.support.ui.FluentWait.timeoutException(FluentWait.java:262)
	at org.openqa.selenium.support.ui.FluentWait.until(FluentWait.java:230)
	at CommonMethods.Helper.waitUntilElementIsVisible(Helper.java:148)
	at POM.TemplateManagementUtility.TemplateMangement_VerifyTemplateAdditionOfTemplate(TemplateManagementUtility.java:326)
	at TestCases.TemplateManagement.TemplateMangement_VerifyTemplateAdditionOfTemplate(TemplateManagement.java:69)
	at java.base/jdk.internal.reflect.DirectMethodHandleAccessor.invoke(DirectMethodHandleAccessor.java:104)
	at java.base/java.lang.reflect.Method.invoke(Method.java:577)
	at org.testng.internal.invokers.MethodInvocationHelper.invokeMethod(MethodInvocationHelper.java:135)
	at org.testng.internal.invokers.TestInvoker.invokeMethod(TestInvoker.java:673)
	at org.testng.internal.invokers.TestInvoker.invokeTestMethod(TestInvoker.java:220)
	at org.testng.internal.invokers.MethodRunner.runInSequence(MethodRunner.java:50)
	at org.testng.internal.invokers.TestInvoker$MethodInvocationAgent.invoke(TestInvoker.java:945)
	at org.testng.internal.invokers.TestInvoker.invokeTestMethods(TestInvoker.java:193)
	at org.testng.internal.invokers.TestMethodWorker.invokeTestMethods(TestMethodWorker.java:146)
	at org.testng.internal.invokers.TestMethodWorker.run(TestMethodWorker.java:128)
	at java.base/java.util.concurrent.ThreadPoolExecutor.runWorker(ThreadPoolExecutor.java:1136)
	at java.base/java.util.concurrent.ThreadPoolExecutor$Worker.run(ThreadPoolExecutor.java:635)
	at java.base/java.lang.Thread.run(Thread.java:833)
org.openqa.selenium.NoSuchElementException: no such element: Unable to locate element: {"method":"xpath","selector":"//button[text()='Save']"}
  (Session info: chrome=115.0.5790.170)
For documentation on this error, please visit: https://www.selenium.dev/documentation/webdriver/troubleshooting/errors#no-such-element-exception
Build info: version: '4.11.0', revision: '040bc5406b'
System info: os.name: 'Windows 11', os.arch: 'amd64', os.version: '10.0', java.version: '18.0.2.1'
Driver info: org.openqa.selenium.chrome.ChromeDriver
Command: [ce5a891fc7051da9189a266828f63841, findElement {using=xpath, value=//button[text()='Save']}]
Capabilities {acceptInsecureCerts: false, browserName: chrome, browserVersion: 115.0.5790.170, chrome: {chromedriverVersion: 115.0.5790.170 (cc0d30c2ca5..., userDataDir: C:\Users\SQELAB~1\AppData\L...}, goog:chromeOptions: {debuggerAddress: localhost:51036}, networkConnectionEnabled: false, pageLoadStrategy: normal, platformName: windows, proxy: Proxy(), se:cdp: ws://localhost:51036/devtoo..., se:cdpVersion: 115.0.5790.170, setWindowRect: true, strictFileInteractability: false, timeouts: {implicit: 0, pageLoad: 300000, script: 30000}, unhandledPromptBehavior: dismiss and notify, webauthn:extension:credBlob: true, webauthn:extension:largeBlob: true, webauthn:extension:minPinLength: true, webauthn:extension:prf: true, webauthn:virtualAuthenticators: true}
Session ID: ce5a891fc7051da9189a266828f63841
	at java.base/jdk.internal.reflect.DirectConstructorHandleAccessor.newInstance(DirectConstructorHandleAccessor.java:67)
	at java.base/java.lang.reflect.Constructor.newInstanceWithCaller(Constructor.java:499)
	at java.base/java.lang.reflect.Constructor.newInstance(Constructor.java:483)
	at org.openqa.selenium.remote.codec.w3c.W3CHttpResponseCodec.createException(W3CHttpResponseCodec.java:200)
	at org.openqa.selenium.remote.codec.w3c.W3CHttpResponseCodec.decode(W3CHttpResponseCodec.java:133)
	at org.openqa.selenium.remote.codec.w3c.W3CHttpResponseCodec.decode(W3CHttpResponseCodec.java:52)
	at org.openqa.selenium.remote.HttpCommandExecutor.execute(HttpCommandExecutor.java:191)
	at org.openqa.selenium.remote.service.DriverCommandExecutor.invokeExecute(DriverCommandExecutor.java:196)
	at org.openqa.selenium.remote.service.DriverCommandExecutor.execute(DriverCommandExecutor.java:171)
	at org.openqa.selenium.remote.RemoteWebDriver.execute(RemoteWebDriver.java:518)
	at org.openqa.selenium.remote.ElementLocation$ElementFinder$2.findElement(ElementLocation.java:165)
	at org.openqa.selenium.remote.ElementLocation.findElement(ElementLocation.java:59)
	at org.openqa.selenium.remote.RemoteWebDriver.findElement(RemoteWebDriver.java:355)
	at org.openqa.selenium.remote.RemoteWebDriver.findElement(RemoteWebDriver.java:349)
	at CommonMethods.Helper.scrollIntoView(Helper.java:467)
	at POM.TemplateManagementUtility.TemplateMangement_VerifyTemplateAdditionOfTemplate(TemplateManagementUtility.java:327)
	at TestCases.TemplateManagement.TemplateMangement_VerifyTemplateAdditionOfTemplate(TemplateManagement.java:69)
	at java.base/jdk.internal.reflect.DirectMethodHandleAccessor.invoke(DirectMethodHandleAccessor.java:104)
	at java.base/java.lang.reflect.Method.invoke(Method.java:577)
	at org.testng.internal.invokers.MethodInvocationHelper.invokeMethod(MethodInvocationHelper.java:135)
	at org.testng.internal.invokers.TestInvoker.invokeMethod(TestInvoker.java:673)
	at org.testng.internal.invokers.TestInvoker.invokeTestMethod(TestInvoker.java:220)
	at org.testng.internal.invokers.MethodRunner.runInSequence(MethodRunner.java:50)
	at org.testng.internal.invokers.TestInvoker$MethodInvocationAgent.invoke(TestInvoker.java:945)
	at org.testng.internal.invokers.TestInvoker.invokeTestMethods(TestInvoker.java:193)
	at org.testng.internal.invokers.TestMethodWorker.invokeTestMethods(TestMethodWorker.java:146)
	at org.testng.internal.invokers.TestMethodWorker.run(TestMethodWorker.java:128)
	at java.base/java.util.concurrent.ThreadPoolExecutor.runWorker(ThreadPoolExecutor.java:1136)
	at java.base/java.util.concurrent.ThreadPoolExecutor$Worker.run(ThreadPoolExecutor.java:635)
	at java.base/java.lang.Thread.run(Thread.java:833)
]]></system-err>
  </testcase>
  <testcase name="ReopenCase_VerifyCaseReopenedDetails" classname="TestCases.ReopenCases" time="0.162">
    <system-out><![CDATA[2024-07-25 23:58:27,506 [info]: GetText fromBy.xpath: //h4[@class='case-activity__label' and text()='Case Reopened']
2024-07-25 23:58:27,557 [info]: GetText fromBy.xpath: //h4[text()='Case Reopened']/following::label[@class='case-activity__user-info']
Test Passed: ReopenCase_VerifyCaseReopenedDetails
]]></system-out>
  </testcase>
  <testcase name="LoginAgency" classname="TestCases.Notices" time="1.147">
    <system-out><![CDATA[2024-07-25 23:58:53,673 [info]: Clicked on By.xpath: //div[text()='Submission Category']
2024-07-25 23:58:53,873 [info]: Clicked on By.xpath: //label[@title='Attribute']/following::div[@class='Select-placeholder'][1]
2024-07-25 23:58:54,116 [info]: Clicked on By.xpath: //div[text()='Equals']
Current IST time: 2024-07-25 23:58:54
2024-07-25 23:58:54,419 [info]: Timestamp 2024-07-25 23:58:54
2024-07-25 23:58:54,445 [info]: Clicked on By.xpath: //label[@title='Attribute']/following::div[@class='Select-placeholder'][1]
2024-07-25 23:58:54,467 [info]: GetText fromBy.xpath: //div[@class='app-header__user-name']/label
Test Passed: LoginAgency
]]></system-out>
  </testcase>
  <testcase name="Notices_OpenCreateNonHtmlNoticePopup" classname="TestCases.Notices" time="7.038">
    <system-out><![CDATA[https://admin-stage.comcate.com/agencies
220
https://app-stage.comcate.com/agencies/220/login
2024-07-25 23:59:02,878 [info]: Scroll Into View By.xpath: //label[text()='Audit Trail']
2024-07-25 23:59:02,920 [info]: GetText fromBy.xpath: //div[text()='Create Non-HTML Notice']
Test Passed: Notices_OpenCreateNonHtmlNoticePopup
]]></system-out>
  </testcase>
  <testcase name="Notices_CreateNonHTMLNotice" classname="TestCases.Notices" time="0.569">
    <system-out><![CDATA[2024-07-25 23:59:26,172 [info]: Scroll Into View By.xpath: //div[@class='app-header__menu__icon']
2024-07-25 23:59:26,210 [info]: Click By JS By.xpath: //div[@class='app-header__menu__icon']
2024-07-25 23:59:26,320 [info]: Scroll Into View By.xpath: //label[text()='Agency Setup']//preceding-sibling::a
2024-07-25 23:59:26,381 [info]: Scroll Into View By.xpath: //div[@class='agency-setup-tab__section__header']/h2
2024-07-25 23:59:26,409 [info]: Click By JS By.xpath: //label[text()='Agency Setup']//preceding-sibling::a
2024-07-25 23:59:27,511 [info]: Scroll Into View By.xpath: //button[text()='Active']
Test Failed: TemplateMangement_VerifyTemplateAdditionOfTemplate
2024-07-25 23:59:27,742 [info]: Clicked on By.xpath: //button[text()='Active']
Address CSP: -> TEXAS CITY Museum
2024-07-25 23:59:28,424 [info]: Sendkeys on By.xpath: //div[@class='location-tile__inputs-container']//input with value TEXAS CITY Museum
2024-07-25 23:59:28,909 [info]: Click By JS By.xpath: //div[@class='multi-choice-buttons']/button[text()='Invalid']
2024-07-25 23:59:28,989 [info]: Scroll Into View failed.
2024-07-25 23:59:29,261 [info]: Scroll Into View By.xpath: //label[text()='Audit Trail']
2024-07-25 23:59:29,286 [info]: Sendkeys on By.xpath: (//*[@placeholder='Start typing name of violation or article number'])[2] with value Waterff
2024-07-25 23:59:29,309 [info]: Scroll Into View By.xpath: //h6[text()='PRODUCT SETTINGS']/following::label[1]
2024-07-25 23:59:29,435 [info]: Scroll Into View By.xpath: //h6[text()='PRODUCT SETTINGS']/following::label[1]
2024-07-25 23:59:29,545 [info]: Click By JS By.xpath: //h6[text()='PRODUCT SETTINGS']/following::label[1]
2024-07-25 23:59:29,563 [info]: GetText fromBy.xpath: //div[@class='agency-setup-tab__section__header']/h2
Test Passed: Notices_CreateNonHTMLNotice
]]></system-out>
    <system-err><![CDATA[org.openqa.selenium.TimeoutException: Expected condition failed: waiting for element to be clickable: By.xpath: //button[text()='Save'] (tried for 60 second(s) with 1000 milliseconds interval)
Build info: version: '4.11.0', revision: '040bc5406b'
System info: os.name: 'Windows 11', os.arch: 'amd64', os.version: '10.0', java.version: '18.0.2.1'
Driver info: driver.version: unknown
	at org.openqa.selenium.support.ui.FluentWait.timeoutException(FluentWait.java:262)
	at org.openqa.selenium.support.ui.FluentWait.until(FluentWait.java:230)
	at CommonMethods.Helper.waitForElementIsInteractable(Helper.java:199)
	at POM.TemplateManagementUtility.TemplateMangement_VerifyTemplateAdditionOfTemplate(TemplateManagementUtility.java:328)
	at TestCases.TemplateManagement.TemplateMangement_VerifyTemplateAdditionOfTemplate(TemplateManagement.java:69)
	at java.base/jdk.internal.reflect.DirectMethodHandleAccessor.invoke(DirectMethodHandleAccessor.java:104)
	at java.base/java.lang.reflect.Method.invoke(Method.java:577)
	at org.testng.internal.invokers.MethodInvocationHelper.invokeMethod(MethodInvocationHelper.java:135)
	at org.testng.internal.invokers.TestInvoker.invokeMethod(TestInvoker.java:673)
	at org.testng.internal.invokers.TestInvoker.invokeTestMethod(TestInvoker.java:220)
	at org.testng.internal.invokers.MethodRunner.runInSequence(MethodRunner.java:50)
	at org.testng.internal.invokers.TestInvoker$MethodInvocationAgent.invoke(TestInvoker.java:945)
	at org.testng.internal.invokers.TestInvoker.invokeTestMethods(TestInvoker.java:193)
	at org.testng.internal.invokers.TestMethodWorker.invokeTestMethods(TestMethodWorker.java:146)
	at org.testng.internal.invokers.TestMethodWorker.run(TestMethodWorker.java:128)
	at java.base/java.util.concurrent.ThreadPoolExecutor.runWorker(ThreadPoolExecutor.java:1136)
	at java.base/java.util.concurrent.ThreadPoolExecutor$Worker.run(ThreadPoolExecutor.java:635)
	at java.base/java.lang.Thread.run(Thread.java:833)
org.openqa.selenium.TimeoutException: Expected condition failed: waiting for visibility of element located by By.xpath: //h1[contains(text(),'verification inspection')] (tried for 60 second(s) with 1000 milliseconds interval)
Build info: version: '4.11.0', revision: '040bc5406b'
System info: os.name: 'Windows 11', os.arch: 'amd64', os.version: '10.0', java.version: '18.0.2.1'
Driver info: driver.version: unknown
	at org.openqa.selenium.support.ui.FluentWait.timeoutException(FluentWait.java:262)
	at org.openqa.selenium.support.ui.FluentWait.until(FluentWait.java:230)
	at CommonMethods.Helper.waitUntilElementIsVisible(Helper.java:148)
	at CommonMethods.CECommonMethods.createCaseAndPerformInspectionWithoutAttachment(CECommonMethods.java:261)
	at POM.FinesUtility.createCaseAndPerformInspectionWithWaterFFViolation(FinesUtility.java:692)
	at TestCases.ViolationSpecificFinesLinkedToViolations.verifyViolationSpecificFineIsDisplayedOnPerformInspection(ViolationSpecificFinesLinkedToViolations.java:37)
	at java.base/jdk.internal.reflect.DirectMethodHandleAccessor.invoke(DirectMethodHandleAccessor.java:104)
	at java.base/java.lang.reflect.Method.invoke(Method.java:577)
	at org.testng.internal.invokers.MethodInvocationHelper.invokeMethod(MethodInvocationHelper.java:135)
	at org.testng.internal.invokers.TestInvoker.invokeMethod(TestInvoker.java:673)
	at org.testng.internal.invokers.TestInvoker.invokeTestMethod(TestInvoker.java:220)
	at org.testng.internal.invokers.MethodRunner.runInSequence(MethodRunner.java:50)
	at org.testng.internal.invokers.TestInvoker$MethodInvocationAgent.invoke(TestInvoker.java:945)
	at org.testng.internal.invokers.TestInvoker.invokeTestMethods(TestInvoker.java:193)
	at org.testng.internal.invokers.TestMethodWorker.invokeTestMethods(TestMethodWorker.java:146)
	at org.testng.internal.invokers.TestMethodWorker.run(TestMethodWorker.java:128)
	at java.base/java.util.concurrent.ThreadPoolExecutor.runWorker(ThreadPoolExecutor.java:1136)
	at java.base/java.util.concurrent.ThreadPoolExecutor$Worker.run(ThreadPoolExecutor.java:635)
	at java.base/java.lang.Thread.run(Thread.java:833)
org.openqa.selenium.NoSuchElementException: no such element: Unable to locate element: {"method":"xpath","selector":"//h2[contains(text(),'Active')]"}
  (Session info: chrome=115.0.5790.170)
For documentation on this error, please visit: https://www.selenium.dev/documentation/webdriver/troubleshooting/errors#no-such-element-exception
Build info: version: '4.11.0', revision: '040bc5406b'
System info: os.name: 'Windows 11', os.arch: 'amd64', os.version: '10.0', java.version: '18.0.2.1'
Driver info: org.openqa.selenium.chrome.ChromeDriver
Command: [ce5a891fc7051da9189a266828f63841, findElement {using=xpath, value=//h2[contains(text(),'Active')]}]
Capabilities {acceptInsecureCerts: false, browserName: chrome, browserVersion: 115.0.5790.170, chrome: {chromedriverVersion: 115.0.5790.170 (cc0d30c2ca5..., userDataDir: C:\Users\SQELAB~1\AppData\L...}, goog:chromeOptions: {debuggerAddress: localhost:51036}, networkConnectionEnabled: false, pageLoadStrategy: normal, platformName: windows, proxy: Proxy(), se:cdp: ws://localhost:51036/devtoo..., se:cdpVersion: 115.0.5790.170, setWindowRect: true, strictFileInteractability: false, timeouts: {implicit: 0, pageLoad: 300000, script: 30000}, unhandledPromptBehavior: dismiss and notify, webauthn:extension:credBlob: true, webauthn:extension:largeBlob: true, webauthn:extension:minPinLength: true, webauthn:extension:prf: true, webauthn:virtualAuthenticators: true}
Session ID: ce5a891fc7051da9189a266828f63841
	at java.base/jdk.internal.reflect.DirectConstructorHandleAccessor.newInstance(DirectConstructorHandleAccessor.java:67)
	at java.base/java.lang.reflect.Constructor.newInstanceWithCaller(Constructor.java:499)
	at java.base/java.lang.reflect.Constructor.newInstance(Constructor.java:483)
	at org.openqa.selenium.remote.codec.w3c.W3CHttpResponseCodec.createException(W3CHttpResponseCodec.java:200)
	at org.openqa.selenium.remote.codec.w3c.W3CHttpResponseCodec.decode(W3CHttpResponseCodec.java:133)
	at org.openqa.selenium.remote.codec.w3c.W3CHttpResponseCodec.decode(W3CHttpResponseCodec.java:52)
	at org.openqa.selenium.remote.HttpCommandExecutor.execute(HttpCommandExecutor.java:191)
	at org.openqa.selenium.remote.service.DriverCommandExecutor.invokeExecute(DriverCommandExecutor.java:196)
	at org.openqa.selenium.remote.service.DriverCommandExecutor.execute(DriverCommandExecutor.java:171)
	at org.openqa.selenium.remote.RemoteWebDriver.execute(RemoteWebDriver.java:518)
	at org.openqa.selenium.remote.ElementLocation$ElementFinder$2.findElement(ElementLocation.java:165)
	at org.openqa.selenium.remote.ElementLocation.findElement(ElementLocation.java:59)
	at org.openqa.selenium.remote.RemoteWebDriver.findElement(RemoteWebDriver.java:355)
	at org.openqa.selenium.remote.RemoteWebDriver.findElement(RemoteWebDriver.java:349)
	at CommonMethods.Helper.scrollIntoView(Helper.java:467)
	at POM.TemplateManagementUtility.TemplateMangement_VerifyEditTheTemplate(TemplateManagementUtility.java:368)
	at TestCases.TemplateManagement.TemplateMangement_VerifyEditTheTemplate(TemplateManagement.java:76)
	at java.base/jdk.internal.reflect.DirectMethodHandleAccessor.invoke(DirectMethodHandleAccessor.java:104)
	at java.base/java.lang.reflect.Method.invoke(Method.java:577)
	at org.testng.internal.invokers.MethodInvocationHelper.invokeMethod(MethodInvocationHelper.java:135)
	at org.testng.internal.invokers.TestInvoker.invokeMethod(TestInvoker.java:673)
	at org.testng.internal.invokers.TestInvoker.invokeTestMethod(TestInvoker.java:220)
	at org.testng.internal.invokers.MethodRunner.runInSequence(MethodRunner.java:50)
	at org.testng.internal.invokers.TestInvoker$MethodInvocationAgent.invoke(TestInvoker.java:945)
	at org.testng.internal.invokers.TestInvoker.invokeTestMethods(TestInvoker.java:193)
	at org.testng.internal.invokers.TestMethodWorker.invokeTestMethods(TestMethodWorker.java:146)
	at org.testng.internal.invokers.TestMethodWorker.run(TestMethodWorker.java:128)
	at java.base/java.util.concurrent.ThreadPoolExecutor.runWorker(ThreadPoolExecutor.java:1136)
	at java.base/java.util.concurrent.ThreadPoolExecutor$Worker.run(ThreadPoolExecutor.java:635)
	at java.base/java.lang.Thread.run(Thread.java:833)
org.openqa.selenium.NoSuchElementException: no such element: Unable to locate element: {"method":"xpath","selector":"div.sortable-table__body__td"}
  (Session info: chrome=115.0.5790.170)
For documentation on this error, please visit: https://www.selenium.dev/documentation/webdriver/troubleshooting/errors#no-such-element-exception
Build info: version: '4.11.0', revision: '040bc5406b'
System info: os.name: 'Windows 11', os.arch: 'amd64', os.version: '10.0', java.version: '18.0.2.1'
Driver info: org.openqa.selenium.chrome.ChromeDriver
Command: [a255be6b82ff3c4e9fdf3277de960b07, findElement {using=xpath, value=div.sortable-table__body__td}]
Capabilities {acceptInsecureCerts: false, browserName: chrome, browserVersion: 115.0.5790.170, chrome: {chromedriverVersion: 115.0.5790.170 (cc0d30c2ca5..., userDataDir: C:\Users\SQELAB~1\AppData\L...}, goog:chromeOptions: {debuggerAddress: localhost:57338}, networkConnectionEnabled: false, pageLoadStrategy: normal, platformName: windows, proxy: Proxy(), se:cdp: ws://localhost:57338/devtoo..., se:cdpVersion: 115.0.5790.170, setWindowRect: true, strictFileInteractability: false, timeouts: {implicit: 0, pageLoad: 300000, script: 30000}, unhandledPromptBehavior: dismiss and notify, webauthn:extension:credBlob: true, webauthn:extension:largeBlob: true, webauthn:extension:minPinLength: true, webauthn:extension:prf: true, webauthn:virtualAuthenticators: true}
Session ID: a255be6b82ff3c4e9fdf3277de960b07
	at java.base/jdk.internal.reflect.DirectConstructorHandleAccessor.newInstance(DirectConstructorHandleAccessor.java:67)
	at java.base/java.lang.reflect.Constructor.newInstanceWithCaller(Constructor.java:499)
	at java.base/java.lang.reflect.Constructor.newInstance(Constructor.java:483)
	at org.openqa.selenium.remote.codec.w3c.W3CHttpResponseCodec.createException(W3CHttpResponseCodec.java:200)
	at org.openqa.selenium.remote.codec.w3c.W3CHttpResponseCodec.decode(W3CHttpResponseCodec.java:133)
	at org.openqa.selenium.remote.codec.w3c.W3CHttpResponseCodec.decode(W3CHttpResponseCodec.java:52)
	at org.openqa.selenium.remote.HttpCommandExecutor.execute(HttpCommandExecutor.java:191)
	at org.openqa.selenium.remote.service.DriverCommandExecutor.invokeExecute(DriverCommandExecutor.java:196)
	at org.openqa.selenium.remote.service.DriverCommandExecutor.execute(DriverCommandExecutor.java:171)
	at org.openqa.selenium.remote.RemoteWebDriver.execute(RemoteWebDriver.java:518)
	at org.openqa.selenium.remote.ElementLocation$ElementFinder$2.findElement(ElementLocation.java:165)
	at org.openqa.selenium.remote.ElementLocation.findElement(ElementLocation.java:59)
	at org.openqa.selenium.remote.RemoteWebDriver.findElement(RemoteWebDriver.java:355)
	at org.openqa.selenium.remote.RemoteWebDriver.findElement(RemoteWebDriver.java:349)
	at org.openqa.selenium.support.ui.ExpectedConditions$6.apply(ExpectedConditions.java:171)
	at org.openqa.selenium.support.ui.ExpectedConditions$6.apply(ExpectedConditions.java:168)
	at org.openqa.selenium.support.ui.FluentWait.until(FluentWait.java:205)
	at CommonMethods.Helper.waitUntilElementPresent(Helper.java:103)
	at POM.NoticesUtility.Notices_CreateNonHTMLNotice(NoticesUtility.java:184)
	at TestCases.Notices.Notices_CreateNonHTMLNotice(Notices.java:46)
	at java.base/jdk.internal.reflect.DirectMethodHandleAccessor.invoke(DirectMethodHandleAccessor.java:104)
	at java.base/java.lang.reflect.Method.invoke(Method.java:577)
	at org.testng.internal.invokers.MethodInvocationHelper.invokeMethod(MethodInvocationHelper.java:135)
	at org.testng.internal.invokers.TestInvoker.invokeMethod(TestInvoker.java:673)
	at org.testng.internal.invokers.TestInvoker.invokeTestMethod(TestInvoker.java:220)
	at org.testng.internal.invokers.MethodRunner.runInSequence(MethodRunner.java:50)
	at org.testng.internal.invokers.TestInvoker$MethodInvocationAgent.invoke(TestInvoker.java:945)
	at org.testng.internal.invokers.TestInvoker.invokeTestMethods(TestInvoker.java:193)
	at org.testng.internal.invokers.TestMethodWorker.invokeTestMethods(TestMethodWorker.java:146)
	at org.testng.internal.invokers.TestMethodWorker.run(TestMethodWorker.java:128)
	at java.base/java.util.concurrent.ThreadPoolExecutor.runWorker(ThreadPoolExecutor.java:1136)
	at java.base/java.util.concurrent.ThreadPoolExecutor$Worker.run(ThreadPoolExecutor.java:635)
	at java.base/java.lang.Thread.run(Thread.java:833)
]]></system-err>
  </testcase>
  <testcase name="Notices_OpenCreateHtmlNoticePopup" classname="TestCases.Notices" time="2.278">
    <system-out><![CDATA[2024-07-25 23:59:29,626 [info]: Scroll Into View By.xpath: //label[text()='Fines']
2024-07-25 23:59:29,648 [info]: Scroll Into View By.xpath: //button[text()='Create HTML Notice']
2024-07-25 23:59:29,713 [info]: Click By JS By.xpath: //label[text()='Fines']
2024-07-25 23:59:29,781 [info]: Scroll Into View By.xpath: //div[@class='modal-header']//button[text()='Save']
2024-07-25 23:59:30,004 [info]: Clicked on By.xpath: //div[@class='modal-header']//button[text()='Save']
2024-07-25 23:59:30,135 [info]: Move to element and Click on [[ChromeDriver: chrome on windows (d040a6a235f3e772b3f010b668ee39de)] -> xpath: //*[@class='list-label']]
2024-07-25 23:59:30,200 [info]: Click By JS By.xpath: (//*[text()="Valid"])[2]
2024-07-25 23:59:30,245 [info]: Scroll Into View By.xpath: //div[@class='footer_actions']/button[2]
2024-07-25 23:59:30,426 [info]: Clicked on By.xpath: //button[text()='Create HTML Notice']
2024-07-25 23:59:30,920 [info]: Click By JS By.xpath: //div[@class='footer_actions']/button[2]
0
2024-07-25 23:59:31,474 [info]: Scroll Into View By.xpath: //button[text()='Create Fine']
2024-07-25 23:59:31,550 [info]: Click By JS By.xpath: //button[text()='Create Fine']
2024-07-25 23:59:31,754 [info]: Click By JS By.xpath: //button[text()='Violation Specific']
2024-07-25 23:59:31,852 [info]: GetText fromBy.xpath: //h1[text()='Create HTML Notice']
Test Passed: Notices_OpenCreateHtmlNoticePopup
]]></system-out>
  </testcase>
  <testcase name="Notices_OpenAddMergeFieldsPopup" classname="TestCases.Notices" time="1.428">
    <system-out><![CDATA[2024-07-25 23:59:32,639 [info]: Click By JS By.xpath: //span[text()='Select Notice']
2024-07-25 23:59:32,711 [info]: Click By JS By.xpath: //span[text()='Merge Fields']
2024-07-25 23:59:33,607 [info]: Click By JS By.xpath: //li[@id='react-autowhatever-1-section-0-item-0']
2024-07-25 23:59:33,939 [info]: GetText fromBy.xpath: //div[text()='Add Merge Fields']
Test Passed: Notices_OpenAddMergeFieldsPopup
]]></system-out>
  </testcase>
  <testcase name="Notices_ApplyCategoryOnMergeFields" classname="TestCases.Notices" time="0.863">
    <system-out><![CDATA[2024-07-25 23:59:34,350 [info]: Clicked on By.xpath: //div[@class='Select-value']
case id is 24-1842
2024-07-25 23:59:34,520 [info]: Scroll Into View By.xpath: //a[text()='Cases']
2024-07-25 23:59:34,670 [info]: Clicked on By.xpath: //*[text()='Case Activity']
2024-07-25 23:59:34,763 [info]: Click By JS By.xpath: //a[text()='Cases']
Test Passed: Notices_ApplyCategoryOnMergeFields
]]></system-out>
  </testcase>
  <testcase name="Notices_VerifyMergeFieldsOnHtmleditor" classname="TestCases.Notices" time="0.927">
    <system-out><![CDATA[2024-07-25 23:59:35,094 [info]: Clicked on By.xpath: //div/div[@class='rt-td']/a
2024-07-25 23:59:35,161 [info]: GetText fromBy.xpath: //div/div[@class='rt-td']/a
2024-07-25 23:59:35,387 [info]: Clicked on By.xpath: //button[text()='Done']
2024-07-25 23:59:35,729 [info]: GetText fromBy.xpath: //body[@class='mce-content-body ']/p
Test Passed: Notices_VerifyMergeFieldsOnHtmleditor
]]></system-out>
  </testcase>
  <testcase name="Notices_VerifyPreviewPopup" classname="TestCases.Notices" time="1.904">
    <failure message="null expected:&lt;[]&gt; but was:&lt;[{{next_inspection_date_numeric}}]&gt;" type="junit.framework.ComparisonFailure"><![CDATA[junit.framework.ComparisonFailure: null expected:<[]> but was:<[{{next_inspection_date_numeric}}]>
	at junit.framework.Assert.assertEquals(Assert.java:81)
	at junit.framework.Assert.assertEquals(Assert.java:87)
	at POM.NoticesUtility.Notices_VerifyPreviewPopup(NoticesUtility.java:247)
	at TestCases.Notices.Notices_VerifyPreviewPopup(Notices.java:71)
	at java.base/jdk.internal.reflect.DirectMethodHandleAccessor.invoke(DirectMethodHandleAccessor.java:104)
	at java.base/java.lang.reflect.Method.invoke(Method.java:577)
	at org.testng.internal.invokers.MethodInvocationHelper.invokeMethod(MethodInvocationHelper.java:135)
	at org.testng.internal.invokers.TestInvoker.invokeMethod(TestInvoker.java:673)
	at org.testng.internal.invokers.TestInvoker.invokeTestMethod(TestInvoker.java:220)
	at org.testng.internal.invokers.MethodRunner.runInSequence(MethodRunner.java:50)
	at org.testng.internal.invokers.TestInvoker$MethodInvocationAgent.invoke(TestInvoker.java:945)
	at org.testng.internal.invokers.TestInvoker.invokeTestMethods(TestInvoker.java:193)
	at org.testng.internal.invokers.TestMethodWorker.invokeTestMethods(TestMethodWorker.java:146)
	at org.testng.internal.invokers.TestMethodWorker.run(TestMethodWorker.java:128)
	at java.base/java.util.concurrent.ThreadPoolExecutor.runWorker(ThreadPoolExecutor.java:1136)
	at java.base/java.util.concurrent.ThreadPoolExecutor$Worker.run(ThreadPoolExecutor.java:635)
	at java.base/java.lang.Thread.run(Thread.java:833)
]]></failure>
  </testcase>
  <testcase name="Notices_CreateHtmlCaseNotice" classname="TestCases.Notices" time="3.6">
    <system-out><![CDATA[2024-07-25 23:59:50,698 [info]: Scroll Into View By.xpath: //button[text()='Approve Notice']
2024-07-25 23:59:50,932 [info]: Click By JS By.xpath: //button[text()='Approve Notice']
2024-07-25 23:59:51,082 [info]: Scroll Into View By.xpath: //div[@class='agency-setup-tab__section__header']/h2
2024-07-25 23:59:51,143 [info]: GetText fromBy.xpath: //div[@class='agency-setup-tab__section__header']/h2
Test Passed: Notices_CreateHtmlCaseNotice
]]></system-out>
  </testcase>
  <testcase name="Notices_CreateFADocumentHtmlNotice" classname="TestCases.Notices" time="4.911">
    <system-out><![CDATA[2024-07-26 00:01:04,832 [info]: Click By JS By.xpath: //*[@class='view-details']
2024-07-26 00:01:07,009 [info]: Scroll Into View By.xpath: //div[@class='agency-setup-tab__section__header']/h2
Found fine with name Fine (Violation Specific Fine Linked To Violations Only: Due 08/01/2024)
2024-07-26 00:01:08,575 [info]: Click By JS By.xpath: //button[@aria-label='Close']
2024-07-26 00:01:08,875 [info]: Scroll Into View failed.
2024-07-26 00:01:09,262 [info]: GetText fromBy.xpath: //div[@class='agency-setup-tab__section__header']/h2
Test Passed: Notices_CreateFADocumentHtmlNotice
]]></system-out>
    <system-err><![CDATA[org.openqa.selenium.NoSuchElementException: no such element: Unable to locate element: {"method":"xpath","selector":"//button[text()='Yes']"}
  (Session info: chrome=115.0.5790.170)
For documentation on this error, please visit: https://www.selenium.dev/documentation/webdriver/troubleshooting/errors#no-such-element-exception
Build info: version: '4.11.0', revision: '040bc5406b'
System info: os.name: 'Windows 11', os.arch: 'amd64', os.version: '10.0', java.version: '18.0.2.1'
Driver info: org.openqa.selenium.chrome.ChromeDriver
Command: [8357b04f9619fd94e30b184b2fe6f361, findElement {using=xpath, value=//button[text()='Yes']}]
Capabilities {acceptInsecureCerts: false, browserName: chrome, browserVersion: 115.0.5790.170, chrome: {chromedriverVersion: 115.0.5790.170 (cc0d30c2ca5..., userDataDir: C:\Users\SQELAB~1\AppData\L...}, goog:chromeOptions: {debuggerAddress: localhost:56386}, networkConnectionEnabled: false, pageLoadStrategy: normal, platformName: windows, proxy: Proxy(), se:cdp: ws://localhost:56386/devtoo..., se:cdpVersion: 115.0.5790.170, setWindowRect: true, strictFileInteractability: false, timeouts: {implicit: 0, pageLoad: 300000, script: 30000}, unhandledPromptBehavior: dismiss and notify, webauthn:extension:credBlob: true, webauthn:extension:largeBlob: true, webauthn:extension:minPinLength: true, webauthn:extension:prf: true, webauthn:virtualAuthenticators: true}
Session ID: 8357b04f9619fd94e30b184b2fe6f361
	at java.base/jdk.internal.reflect.DirectConstructorHandleAccessor.newInstance(DirectConstructorHandleAccessor.java:67)
	at java.base/java.lang.reflect.Constructor.newInstanceWithCaller(Constructor.java:499)
	at java.base/java.lang.reflect.Constructor.newInstance(Constructor.java:483)
	at org.openqa.selenium.remote.codec.w3c.W3CHttpResponseCodec.createException(W3CHttpResponseCodec.java:200)
	at org.openqa.selenium.remote.codec.w3c.W3CHttpResponseCodec.decode(W3CHttpResponseCodec.java:133)
	at org.openqa.selenium.remote.codec.w3c.W3CHttpResponseCodec.decode(W3CHttpResponseCodec.java:52)
	at org.openqa.selenium.remote.HttpCommandExecutor.execute(HttpCommandExecutor.java:191)
	at org.openqa.selenium.remote.service.DriverCommandExecutor.invokeExecute(DriverCommandExecutor.java:196)
	at org.openqa.selenium.remote.service.DriverCommandExecutor.execute(DriverCommandExecutor.java:171)
	at org.openqa.selenium.remote.RemoteWebDriver.execute(RemoteWebDriver.java:518)
	at org.openqa.selenium.remote.ElementLocation$ElementFinder$2.findElement(ElementLocation.java:165)
	at org.openqa.selenium.remote.ElementLocation.findElement(ElementLocation.java:59)
	at org.openqa.selenium.remote.RemoteWebDriver.findElement(RemoteWebDriver.java:355)
	at org.openqa.selenium.remote.RemoteWebDriver.findElement(RemoteWebDriver.java:349)
	at CommonMethods.Helper.scrollIntoView(Helper.java:467)
	at POM.CSPExternalUtility.CSPExternal_VerifyAnonymousSubmission(CSPExternalUtility.java:495)
	at TestCases.CSPExternal.CSPExternal_VerifyAnonymousSubmission(CSPExternal.java:132)
	at java.base/jdk.internal.reflect.DirectMethodHandleAccessor.invoke(DirectMethodHandleAccessor.java:104)
	at java.base/java.lang.reflect.Method.invoke(Method.java:577)
	at org.testng.internal.invokers.MethodInvocationHelper.invokeMethod(MethodInvocationHelper.java:135)
	at org.testng.internal.invokers.TestInvoker.invokeMethod(TestInvoker.java:673)
	at org.testng.internal.invokers.TestInvoker.invokeTestMethod(TestInvoker.java:220)
	at org.testng.internal.invokers.MethodRunner.runInSequence(MethodRunner.java:50)
	at org.testng.internal.invokers.TestInvoker$MethodInvocationAgent.invoke(TestInvoker.java:945)
	at org.testng.internal.invokers.TestInvoker.invokeTestMethods(TestInvoker.java:193)
	at org.testng.internal.invokers.TestMethodWorker.invokeTestMethods(TestMethodWorker.java:146)
	at org.testng.internal.invokers.TestMethodWorker.run(TestMethodWorker.java:128)
	at java.base/java.util.concurrent.ThreadPoolExecutor.runWorker(ThreadPoolExecutor.java:1136)
	at java.base/java.util.concurrent.ThreadPoolExecutor$Worker.run(ThreadPoolExecutor.java:635)
	at java.base/java.lang.Thread.run(Thread.java:833)
org.openqa.selenium.NoSuchElementException: no such element: Unable to locate element: {"method":"xpath","selector":"div.sortable-table__body__td"}
  (Session info: chrome=115.0.5790.170)
For documentation on this error, please visit: https://www.selenium.dev/documentation/webdriver/troubleshooting/errors#no-such-element-exception
Build info: version: '4.11.0', revision: '040bc5406b'
System info: os.name: 'Windows 11', os.arch: 'amd64', os.version: '10.0', java.version: '18.0.2.1'
Driver info: org.openqa.selenium.chrome.ChromeDriver
Command: [a255be6b82ff3c4e9fdf3277de960b07, findElement {using=xpath, value=div.sortable-table__body__td}]
Capabilities {acceptInsecureCerts: false, browserName: chrome, browserVersion: 115.0.5790.170, chrome: {chromedriverVersion: 115.0.5790.170 (cc0d30c2ca5..., userDataDir: C:\Users\SQELAB~1\AppData\L...}, goog:chromeOptions: {debuggerAddress: localhost:57338}, networkConnectionEnabled: false, pageLoadStrategy: normal, platformName: windows, proxy: Proxy(), se:cdp: ws://localhost:57338/devtoo..., se:cdpVersion: 115.0.5790.170, setWindowRect: true, strictFileInteractability: false, timeouts: {implicit: 0, pageLoad: 300000, script: 30000}, unhandledPromptBehavior: dismiss and notify, webauthn:extension:credBlob: true, webauthn:extension:largeBlob: true, webauthn:extension:minPinLength: true, webauthn:extension:prf: true, webauthn:virtualAuthenticators: true}
Session ID: a255be6b82ff3c4e9fdf3277de960b07
	at java.base/jdk.internal.reflect.DirectConstructorHandleAccessor.newInstance(DirectConstructorHandleAccessor.java:67)
	at java.base/java.lang.reflect.Constructor.newInstanceWithCaller(Constructor.java:499)
	at java.base/java.lang.reflect.Constructor.newInstance(Constructor.java:483)
	at org.openqa.selenium.remote.codec.w3c.W3CHttpResponseCodec.createException(W3CHttpResponseCodec.java:200)
	at org.openqa.selenium.remote.codec.w3c.W3CHttpResponseCodec.decode(W3CHttpResponseCodec.java:133)
	at org.openqa.selenium.remote.codec.w3c.W3CHttpResponseCodec.decode(W3CHttpResponseCodec.java:52)
	at org.openqa.selenium.remote.HttpCommandExecutor.execute(HttpCommandExecutor.java:191)
	at org.openqa.selenium.remote.service.DriverCommandExecutor.invokeExecute(DriverCommandExecutor.java:196)
	at org.openqa.selenium.remote.service.DriverCommandExecutor.execute(DriverCommandExecutor.java:171)
	at org.openqa.selenium.remote.RemoteWebDriver.execute(RemoteWebDriver.java:518)
	at org.openqa.selenium.remote.ElementLocation$ElementFinder$2.findElement(ElementLocation.java:165)
	at org.openqa.selenium.remote.ElementLocation.findElement(ElementLocation.java:59)
	at org.openqa.selenium.remote.RemoteWebDriver.findElement(RemoteWebDriver.java:355)
	at org.openqa.selenium.remote.RemoteWebDriver.findElement(RemoteWebDriver.java:349)
	at org.openqa.selenium.support.ui.ExpectedConditions$6.apply(ExpectedConditions.java:171)
	at org.openqa.selenium.support.ui.ExpectedConditions$6.apply(ExpectedConditions.java:168)
	at org.openqa.selenium.support.ui.FluentWait.until(FluentWait.java:205)
	at CommonMethods.Helper.waitUntilElementPresent(Helper.java:103)
	at POM.NoticesUtility.Notices_CreateFADocumentHtmlNotice(NoticesUtility.java:303)
	at TestCases.Notices.Notices_CreateFADocumentHtmlNotice(Notices.java:81)
	at java.base/jdk.internal.reflect.DirectMethodHandleAccessor.invoke(DirectMethodHandleAccessor.java:104)
	at java.base/java.lang.reflect.Method.invoke(Method.java:577)
	at org.testng.internal.invokers.MethodInvocationHelper.invokeMethod(MethodInvocationHelper.java:135)
	at org.testng.internal.invokers.TestInvoker.invokeMethod(TestInvoker.java:673)
	at org.testng.internal.invokers.TestInvoker.invokeTestMethod(TestInvoker.java:220)
	at org.testng.internal.invokers.MethodRunner.runInSequence(MethodRunner.java:50)
	at org.testng.internal.invokers.TestInvoker$MethodInvocationAgent.invoke(TestInvoker.java:945)
	at org.testng.internal.invokers.TestInvoker.invokeTestMethods(TestInvoker.java:193)
	at org.testng.internal.invokers.TestMethodWorker.invokeTestMethods(TestMethodWorker.java:146)
	at org.testng.internal.invokers.TestMethodWorker.run(TestMethodWorker.java:128)
	at java.base/java.util.concurrent.ThreadPoolExecutor.runWorker(ThreadPoolExecutor.java:1136)
	at java.base/java.util.concurrent.ThreadPoolExecutor$Worker.run(ThreadPoolExecutor.java:635)
	at java.base/java.lang.Thread.run(Thread.java:833)
]]></system-err>
  </testcase>
  <testcase name="Notices_VerifyEditNotices" classname="TestCases.Notices" time="6.497">
    <system-out><![CDATA[2024-07-26 00:02:13,399 [info]: Scroll Into View By.xpath: //div[@class='app-header__menu__icon']
2024-07-26 00:02:13,420 [info]: Click By JS By.xpath: //div[@class='app-header__menu__icon']
2024-07-26 00:02:14,542 [info]: Scroll Into View By.xpath: //a[@class='tools-dropdown__tool-img tools-dropdown__tool-img--setup']
2024-07-26 00:02:14,634 [info]: Click By JS By.xpath: //a[@class='tools-dropdown__tool-img tools-dropdown__tool-img--setup']
2024-07-26 00:02:17,232 [info]: Scroll Into View By.cssSelector: #header div.app-header__new
2024-07-26 00:02:17,386 [info]: Click By JS By.cssSelector: #header div.app-header__new
2024-07-26 00:02:18,556 [info]: Click By JS By.xpath: //label[text()='Code Enforcement Case']
Test Failed: CSDP_VerifySubmissionCollaboratorDeselect
Test Failed: CSPExternal_VerifyAnonymousSubmission
2024-07-26 00:02:19,794 [info]: GetText fromBy.xpath: //div[@class='sortable-table__body__td'][1]
Test Passed: Notices_VerifyEditNotices
]]></system-out>
    <system-err><![CDATA[org.openqa.selenium.TimeoutException: Expected condition failed: waiting for element to be clickable: By.xpath: //button[text()='Yes'] (tried for 60 second(s) with 1000 milliseconds interval)
Build info: version: '4.11.0', revision: '040bc5406b'
System info: os.name: 'Windows 11', os.arch: 'amd64', os.version: '10.0', java.version: '18.0.2.1'
Driver info: driver.version: unknown
	at org.openqa.selenium.support.ui.FluentWait.timeoutException(FluentWait.java:262)
	at org.openqa.selenium.support.ui.FluentWait.until(FluentWait.java:230)
	at CommonMethods.Helper.waitForElementIsInteractable(Helper.java:199)
	at POM.CSPExternalUtility.CSPExternal_VerifyAnonymousSubmission(CSPExternalUtility.java:496)
	at TestCases.CSPExternal.CSPExternal_VerifyAnonymousSubmission(CSPExternal.java:132)
	at java.base/jdk.internal.reflect.DirectMethodHandleAccessor.invoke(DirectMethodHandleAccessor.java:104)
	at java.base/java.lang.reflect.Method.invoke(Method.java:577)
	at org.testng.internal.invokers.MethodInvocationHelper.invokeMethod(MethodInvocationHelper.java:135)
	at org.testng.internal.invokers.TestInvoker.invokeMethod(TestInvoker.java:673)
	at org.testng.internal.invokers.TestInvoker.invokeTestMethod(TestInvoker.java:220)
	at org.testng.internal.invokers.MethodRunner.runInSequence(MethodRunner.java:50)
	at org.testng.internal.invokers.TestInvoker$MethodInvocationAgent.invoke(TestInvoker.java:945)
	at org.testng.internal.invokers.TestInvoker.invokeTestMethods(TestInvoker.java:193)
	at org.testng.internal.invokers.TestMethodWorker.invokeTestMethods(TestMethodWorker.java:146)
	at org.testng.internal.invokers.TestMethodWorker.run(TestMethodWorker.java:128)
	at java.base/java.util.concurrent.ThreadPoolExecutor.runWorker(ThreadPoolExecutor.java:1136)
	at java.base/java.util.concurrent.ThreadPoolExecutor$Worker.run(ThreadPoolExecutor.java:635)
	at java.base/java.lang.Thread.run(Thread.java:833)
]]></system-err>
  </testcase>
  <testcase name="Notices_VerifyCountOfNotices" classname="TestCases.Notices" time="0.188">
    <system-out><![CDATA[2024-07-26 00:02:19,875 [info]: Scroll Into View By.xpath: //label[text()='Audit Trail']
2024-07-26 00:02:19,892 [info]: GetText fromBy.xpath: //div[@class='agency-setup-tab__section__header']/h2
2024-07-26 00:02:19,941 [info]: Scroll Into View By.xpath: //label[text()='User Management']
Test Passed: Notices_VerifyCountOfNotices
]]></system-out>
  </testcase>
  <testcase name="Notices_VerifyAutoPopulationOfNotices" classname="TestCases.Notices" time="0.003">
    <system-out><![CDATA[Test Passed: Notices_VerifyAutoPopulationOfNotices
]]></system-out>
  </testcase>
  <testcase name="LoginAgency" classname="TestCases.VSFineLinkedFADoc" time="5.338">
    <system-out><![CDATA[2024-07-25 23:59:20,813 [info]: Scroll Into View By.xpath: //h2[contains(text(),'Active')]
2024-07-25 23:59:20,865 [info]: GetText fromBy.xpath: //h2[contains(text(),'Active')]
2024-07-25 23:59:20,952 [info]: Scroll Into View By.xpath: //h2[contains(text(),'Inactive')]
2024-07-25 23:59:21,065 [info]: GetText fromBy.xpath: //h2[contains(text(),'Inactive')]
2024-07-25 23:59:21,676 [info]: Scroll Into View By.xpath: //div[@class='dropdown__selector__selected']/label
2024-07-25 23:59:21,776 [info]: Click By JS By.xpath: //div[@class='dropdown__selector__selected']/label
2024-07-25 23:59:22,036 [info]: Sendkeys on By.id: okta-signin-password with value Hello@1234
2024-07-25 23:59:22,317 [info]: Sendkeys on By.xpath: //input[@name='query'] with value Location Required
2024-07-25 23:59:22,433 [info]: Clicked on By.id: okta-signin-submit
2024-07-25 23:59:22,442 [info]: Click By JS By.xpath: //ul[@class='dropdown__options--single']//li//b
2024-07-25 23:59:22,729 [info]: Sendkeys on By.xpath: //textarea[@name='issueDescription'] with value 8A1yQsDxPu7EJexszH3L
2024-07-25 23:59:22,955 [info]: Sendkeys on By.xpath: //label[@class='contact-tile__searchbox-label']/following::input[1] with value Amandeep Singh
2024-07-25 23:59:23,155 [info]: GetText fromBy.xpath: (//h2[contains(text(),'Inactive')]//ancestor::div[@class='agency-setup-tab__section']//div[@class='rt-td']//button)[1]
2024-07-25 23:59:23,282 [info]: Click By JS By.xpath: (//h2[contains(text(),'Inactive')]//ancestor::div[@class='agency-setup-tab__section']//div[@class='rt-td']//button)[1]
2024-07-25 23:59:24,117 [info]: Click By JS By.xpath: (//div[@class='list-label']//b)[1]
2024-07-25 23:59:24,200 [info]: Get Attribute value from By.xpath: //input[@name='phoneNumber']
2024-07-25 23:59:24,425 [info]: Sendkeys on By.xpath: //div[@class='tags-input__chips']/input with value c1Fc,
2024-07-25 23:59:24,577 [info]: Sendkeys on By.xpath: //div[@class='tags-input__chips']/input with value qfPX,
2024-07-25 23:59:24,782 [info]: Click By JS By.xpath: //div[@class='user-form__header full-page-modal__header']//button[text()='Create User']
2024-07-25 23:59:24,812 [info]: Sendkeys on By.xpath: //div[@class='tags-input__chips']/input with value eh9S,
2024-07-25 23:59:24,953 [info]: Sendkeys on By.xpath: //div[@class='tags-input__chips']/input with value 1iGY,
2024-07-25 23:59:25,132 [info]: Sendkeys on By.xpath: //div[@class='tags-input__chips']/input with value N0vy,
Current IST time: 2024-07-25 23:59:25
2024-07-25 23:59:25,886 [info]: Timestamp 2024-07-25 23:59:25
2024-07-25 23:59:25,988 [info]: GetText fromBy.xpath: //div[@class='app-header__user-name']/label
Test Passed: LoginAgency
]]></system-out>
  </testcase>
  <testcase name="verifyAssociateNoticeAndFADocumentRequired" classname="TestCases.VSFineLinkedFADoc" time="0.659">
    <system-out><![CDATA[2024-07-25 23:59:32,182 [info]: Sendkeys on By.xpath: //input[@name='label'] with value 9ufTPViolationSpecific
2024-07-25 23:59:32,351 [info]: Sendkeys on By.xpath: //input[@name='defaultAmount'] with value 20000
2024-07-25 23:59:32,399 [info]: GetText fromBy.xpath: //div[@class='app-header__user-name']/label
2024-07-25 23:59:32,419 [info]: Get Attribute value from By.xpath: //input[@name='defaultAmount']
2024-07-25 23:59:32,478 [info]: Click By JS By.xpath: //div[text()='Create Fine'][@class='modal-header']//parent::div//button[text()='Create Fine']
2024-07-25 23:59:32,510 [info]: GetText fromBy.xpath: //span[@class='field__error']
Test Passed: verifyAssociateNoticeAndFADocumentRequired
]]></system-out>
  </testcase>
  <testcase name="verifyAssocitedFineFADocumentAppearOnFAA" classname="TestCases.VSFineLinkedFADoc" time="8.916">
    <system-out><![CDATA[2024-07-26 00:04:47,333 [info]: Clicked on By.xpath: //div[@class='option-black'][contains(text(),'Location Not Required')]
2024-07-26 00:04:48,126 [info]: Sendkeys on By.xpath: //textarea[@name='description'] with value AqOIJPhW6mOtAUv8IIIJsmpDZBS57CB9rlIiygfUoxxgDyUSU3
2024-07-26 00:04:48,399 [info]: Scroll Into View By.xpath: (//button[text()='Next'])[1]
2024-07-26 00:04:48,888 [info]: Move to element and Click on [[ChromeDriver: chrome on windows (4fdbe4840d53dc0a25485e551cd464ed)] -> xpath: //*[@class='abatement-activities__documents']//*[@class='dropdown__arrow']]
2024-07-26 00:04:50,054 [info]: Sendkeys on By.id: idp-discovery-username with value SupervisorManagerStage@yopmail.com
2024-07-26 00:04:50,170 [info]: Clicked on By.id: idp-discovery-submit
2024-07-26 00:04:52,110 [info]: Click By JS By.xpath: (//button[text()='Next'])[1]
2024-07-26 00:04:52,272 [info]: Scroll Into View By.xpath: //label[text()='Violations']
2024-07-26 00:04:52,296 [info]: Sendkeys on By.id: okta-signin-password with value Hello@1234
2024-07-26 00:04:52,439 [info]: Click By JS By.xpath: //label[text()='Violations']
2024-07-26 00:04:52,512 [info]: Clicked on By.id: okta-signin-submit
2024-07-26 00:04:53,408 [info]: Click By JS By.xpath: //input[@type='text']
2024-07-26 00:04:54,849 [info]: Sendkeys on By.xpath: //input[@type='text'] with value Texas City Museum, Texas City, TX 77590
Test Failed: UserManagement_VerifyUpdatedUserDetails
2024-07-26 00:04:55,469 [info]: Click By JS By.xpath: //div[text()='Municipal Code']
2024-07-26 00:04:55,632 [info]: Click By JS By.xpath: //button[text()='Create Municipal Code']
Test Passed: verifyAssocitedFineFADocumentAppearOnFAA
]]></system-out>
  </testcase>
  <testcase name="verifyAssocitedFineAppearWithFADocOnFAA" classname="TestCases.VSFineLinkedFADoc" time="3.761">
    <failure message="The following asserts failed:&#10;	Associated FineName is not present. expected [9ufTPViolationSpecific] but found [SZoHbViolationSpecific]" type="java.lang.AssertionError"><![CDATA[java.lang.AssertionError: 
The following asserts failed:
	Associated FineName is not present. expected [9ufTPViolationSpecific] but found [SZoHbViolationSpecific]
	at org.testng.asserts.SoftAssert.assertAll(SoftAssert.java:46)
	at org.testng.asserts.SoftAssert.assertAll(SoftAssert.java:30)
	at TestCases.VSFineLinkedFADoc.verifyAssocitedFineAppearWithFADocOnFAA(VSFineLinkedFADoc.java:138)
	at java.base/jdk.internal.reflect.DirectMethodHandleAccessor.invoke(DirectMethodHandleAccessor.java:104)
	at java.base/java.lang.reflect.Method.invoke(Method.java:577)
	at org.testng.internal.invokers.MethodInvocationHelper.invokeMethod(MethodInvocationHelper.java:135)
	at org.testng.internal.invokers.TestInvoker.invokeMethod(TestInvoker.java:673)
	at org.testng.internal.invokers.TestInvoker.invokeTestMethod(TestInvoker.java:220)
	at org.testng.internal.invokers.MethodRunner.runInSequence(MethodRunner.java:50)
	at org.testng.internal.invokers.TestInvoker$MethodInvocationAgent.invoke(TestInvoker.java:945)
	at org.testng.internal.invokers.TestInvoker.invokeTestMethods(TestInvoker.java:193)
	at org.testng.internal.invokers.TestMethodWorker.invokeTestMethods(TestMethodWorker.java:146)
	at org.testng.internal.invokers.TestMethodWorker.run(TestMethodWorker.java:128)
	at java.base/java.util.concurrent.ThreadPoolExecutor.runWorker(ThreadPoolExecutor.java:1136)
	at java.base/java.util.concurrent.ThreadPoolExecutor$Worker.run(ThreadPoolExecutor.java:635)
	at java.base/java.lang.Thread.run(Thread.java:833)
]]></failure>
    <system-out><![CDATA[2024-07-26 00:04:57,997 [info]: GetText fromBy.xpath: //div[text()='Create Municipal Code']
2024-07-26 00:04:58,228 [info]: Sendkeys on By.xpath: //input[@name='articleNumber'] with value 8282
2024-07-26 00:04:58,568 [info]: GetText fromBy.xpath: //span[@class='selected-notice']
Test Failed: verifyAssocitedFineAppearWithFADocOnFAA
2024-07-26 00:04:58,915 [info]: Sendkeys on By.xpath: //textarea[@name='description'] with value hoIiDdTCfNpcHSxbNLbEhFBFlbPkAoYqsNaJbIDuqFGlormImb
2024-07-26 00:04:59,205 [info]: Sendkeys on By.xpath: //textarea[@name='resolutionAction'] with value VQiUEqAYlpnUQFaXVDOb
2024-07-26 00:04:59,311 [info]: Click By JS By.xpath: //div[@class='municipal-code-form__footer']/button[2]
]]></system-out>
  </testcase>
  <testcase name="verifyAssocitedFineAmountAppearWithFADocOnFAA" classname="TestCases.VSFineLinkedFADoc" time="0.117">
    <system-out><![CDATA[2024-07-26 00:05:00,705 [info]: Get Attribute value from By.xpath: //input[@name='amount']
associated_FineAmount : 200
defaultAmount : 200.00
Test Passed: verifyAssocitedFineAmountAppearWithFADocOnFAA
]]></system-out>
  </testcase>
  <testcase name="verifyAmountAddOnOutstandingBalance" classname="TestCases.VSFineLinkedFADoc" time="1.292">
    <system-out><![CDATA[2024-07-26 00:05:14,682 [info]: Sendkeys on By.id: idp-discovery-username with value MarkShane123@yopmail.com
2024-07-26 00:05:14,921 [info]: Clicked on By.id: idp-discovery-submit
2024-07-26 00:05:15,577 [info]: GetText fromBy.xpath: //label[text()='Outstanding Balance']//parent::div//label[@class='field__label-data-field']//span
Test Passed: verifyAmountAddOnOutstandingBalance
]]></system-out>
  </testcase>
  <testcase name="verifyFineonFinanacePage" classname="TestCases.VSFineLinkedFADoc" time="5.083">
    <failure message="The following asserts failed:&#10;	expected [true] but found [false],&#10;	expected [true] but found [false]" type="java.lang.AssertionError"><![CDATA[java.lang.AssertionError: 
The following asserts failed:
	expected [true] but found [false],
	expected [true] but found [false]
	at org.testng.asserts.SoftAssert.assertAll(SoftAssert.java:46)
	at org.testng.asserts.SoftAssert.assertAll(SoftAssert.java:30)
	at TestCases.VSFineLinkedFADoc.verifyFineonFinanacePage(VSFineLinkedFADoc.java:198)
	at java.base/jdk.internal.reflect.DirectMethodHandleAccessor.invoke(DirectMethodHandleAccessor.java:104)
	at java.base/java.lang.reflect.Method.invoke(Method.java:577)
	at org.testng.internal.invokers.MethodInvocationHelper.invokeMethod(MethodInvocationHelper.java:135)
	at org.testng.internal.invokers.TestInvoker.invokeMethod(TestInvoker.java:673)
	at org.testng.internal.invokers.TestInvoker.invokeTestMethod(TestInvoker.java:220)
	at org.testng.internal.invokers.MethodRunner.runInSequence(MethodRunner.java:50)
	at org.testng.internal.invokers.TestInvoker$MethodInvocationAgent.invoke(TestInvoker.java:945)
	at org.testng.internal.invokers.TestInvoker.invokeTestMethods(TestInvoker.java:193)
	at org.testng.internal.invokers.TestMethodWorker.invokeTestMethods(TestMethodWorker.java:146)
	at org.testng.internal.invokers.TestMethodWorker.run(TestMethodWorker.java:128)
	at java.base/java.util.concurrent.ThreadPoolExecutor.runWorker(ThreadPoolExecutor.java:1136)
	at java.base/java.util.concurrent.ThreadPoolExecutor$Worker.run(ThreadPoolExecutor.java:635)
	at java.base/java.lang.Thread.run(Thread.java:833)
]]></failure>
    <system-out><![CDATA[2024-07-26 00:05:34,123 [info]: Scroll Into View By.xpath: //span[@class='agencies-listing__search']/input
2024-07-26 00:05:34,631 [info]: Sendkeys on By.xpath: //span[@class='agencies-listing__search']/input with value 220
2024-07-26 00:05:37,105 [info]: GetText fromBy.xpath: (//div[@role='grid']//div[@role='gridcell'])[1]
Agency Details

Created Agency : 220
Agency Name : 220
Agency Details

2024-07-26 00:05:37,204 [info]: Scroll Into View By.xpath: //div[@class='agencies-listing__agency-actions']/button[2]
2024-07-26 00:05:37,270 [info]: Click By JS By.xpath: //div[@class='table__pagination-nav-btns']//button[@class='square-btn btn btn-default'][2]
2024-07-26 00:05:37,386 [info]: Click By JS By.xpath: //div[@class='agencies-listing__agency-actions']/button[2]
1
2024-07-26 00:05:37,961 [info]: GetText fromBy.xpath: (//div[@role='gridcell'])[1]
Test Failed: verifyFineonFinanacePage
]]></system-out>
  </testcase>
  <testcase name="LoginTest" classname="TestCases.UserManagement" time="3.256">
    <system-out><![CDATA[2024-07-26 00:02:10,128 [info]: GetText fromBy.xpath: //h2[@class='case-details__case-number']
2024-07-26 00:02:10,220 [info]: Scroll Into View By.cssSelector: div.case-details__close-icon img
2024-07-26 00:02:10,729 [info]: Click By JS By.cssSelector: div.case-details__close-icon img
2024-07-26 00:02:11,465 [info]: Clicked on By.xpath: //button[text()='Save']
2024-07-26 00:02:13,045 [info]: Click By JS By.xpath: //*[@class='app-header__user-name']/div
2024-07-26 00:02:13,132 [info]: Click By JS By.xpath: //label[text()='Logout']
Current IST time: 2024-07-26 00:02:13
2024-07-26 00:02:13,250 [info]: Timestamp 2024-07-26 00:02:13
2024-07-26 00:02:13,296 [info]: GetText fromBy.xpath: //div[@class='app-header__user-name']/label
Test Passed: LoginTest
]]></system-out>
    <system-err><![CDATA[org.openqa.selenium.TimeoutException: Expected condition failed: waiting for element to no longer be visible: By.xpath: //button[@class='edit-btn space-right btn btn-primary'] (tried for 60 second(s) with 1000 milliseconds interval)
Build info: version: '4.11.0', revision: '040bc5406b'
System info: os.name: 'Windows 11', os.arch: 'amd64', os.version: '10.0', java.version: '18.0.2.1'
Driver info: driver.version: unknown
	at org.openqa.selenium.support.ui.FluentWait.timeoutException(FluentWait.java:262)
	at org.openqa.selenium.support.ui.FluentWait.until(FluentWait.java:230)
	at CommonMethods.Helper.waitUntilElementInvisibleLocated(Helper.java:237)
	at POM.NoticesUtility.Notices_VerifyEditNotices(NoticesUtility.java:319)
	at TestCases.Notices.Notices_VerifyEditNotices(Notices.java:86)
	at java.base/jdk.internal.reflect.DirectMethodHandleAccessor.invoke(DirectMethodHandleAccessor.java:104)
	at java.base/java.lang.reflect.Method.invoke(Method.java:577)
	at org.testng.internal.invokers.MethodInvocationHelper.invokeMethod(MethodInvocationHelper.java:135)
	at org.testng.internal.invokers.TestInvoker.invokeMethod(TestInvoker.java:673)
	at org.testng.internal.invokers.TestInvoker.invokeTestMethod(TestInvoker.java:220)
	at org.testng.internal.invokers.MethodRunner.runInSequence(MethodRunner.java:50)
	at org.testng.internal.invokers.TestInvoker$MethodInvocationAgent.invoke(TestInvoker.java:945)
	at org.testng.internal.invokers.TestInvoker.invokeTestMethods(TestInvoker.java:193)
	at org.testng.internal.invokers.TestMethodWorker.invokeTestMethods(TestMethodWorker.java:146)
	at org.testng.internal.invokers.TestMethodWorker.run(TestMethodWorker.java:128)
	at java.base/java.util.concurrent.ThreadPoolExecutor.runWorker(ThreadPoolExecutor.java:1136)
	at java.base/java.util.concurrent.ThreadPoolExecutor$Worker.run(ThreadPoolExecutor.java:635)
	at java.base/java.lang.Thread.run(Thread.java:833)
]]></system-err>
  </testcase>
  <testcase name="UserManagement_OpenCreateUserPopup" classname="TestCases.UserManagement" time="9.951">
    <system-out><![CDATA[Window size is: 1552 x 832
2024-07-26 00:02:23,116 [info]: Scroll Into View By.xpath: //button[text()='Create User']
2024-07-26 00:02:23,701 [info]: Click By JS By.xpath: //p[text()='Customer Messages']/parent::div//button
2024-07-26 00:02:25,129 [info]: Click By JS By.xpath: //label[text()='User Management']
2024-07-26 00:02:25,241 [info]: Click By JS By.xpath: //button[text()='Create User']
2024-07-26 00:02:25,293 [info]: Sendkeys on By.xpath: //div[@class='fade compose-email modal-base modal show']//input[@name='subject'] with value MVsBoKSNUG
2024-07-26 00:02:26,198 [info]: Sendkeys on By.xpath: //body[@class='mce-content-body '] with value Random BodyEeSWBtD5qqBvmr3xYd1lh9qDk5rfx6InGPiixthC5JB71EAvAc
2024-07-26 00:02:26,595 [info]: Sendkeys on By.xpath: //input[@name='firstName'] with value Supervisor
2024-07-26 00:02:26,833 [info]: Sendkeys on By.xpath: //input[@name='lastName'] with value Manager
2024-07-26 00:02:26,963 [info]: Scroll Into View By.xpath: //div[@class='action-item']//button
2024-07-26 00:02:27,180 [info]: Click By JS By.xpath: //div[@class='action-item']//button
2024-07-26 00:02:27,209 [info]: Sendkeys on By.xpath: //input[@name='email'] with value SupervisorManager7884MPyxYb@yopmail.com
2024-07-26 00:02:27,396 [info]: Clicked on By.xpath: //label[text()='Role']/following::span[1]
2024-07-26 00:02:27,616 [info]: Clicked on By.xpath: //*[text()='Supervisor Manager']
2024-07-26 00:02:28,250 [info]: Scroll Into View By.xpath: //button[text()='Send']
2024-07-26 00:02:28,330 [info]: Click By JS By.xpath: //button[text()='Send']
2024-07-26 00:02:28,455 [info]: Clicked on By.xpath: (//div[@class='dropdown__selector__selected']/label)[1]
2024-07-26 00:02:29,527 [info]: Clicked on By.xpath: //button[text()='Save As']
2024-07-26 00:02:31,103 [info]: GetText fromBy.xpath: //div[text()='Save As']
2024-07-26 00:02:31,359 [info]: Sendkeys on By.id: idp-discovery-username with value nonsupervisorStage@yopmail.com
2024-07-26 00:02:31,427 [info]: Sendkeys on By.xpath: //input[@placeholder='Enter Text'] with value Filter dQnse
2024-07-26 00:02:31,521 [info]: Clicked on By.id: idp-discovery-submit
2024-07-26 00:02:31,913 [info]: Clicked on By.xpath: //div[@class='user-form__header full-page-modal__header']//button[text()='Create User']
2024-07-26 00:02:32,177 [info]: Clicked on By.xpath: //button[text()='Save']
2024-07-26 00:02:32,285 [info]: GetText fromBy.xpath: //h1[text()='Create User']
Test Passed: UserManagement_OpenCreateUserPopup
]]></system-out>
    <system-err><![CDATA[org.openqa.selenium.TimeoutException: Expected condition failed: waiting for visibility of element located by By.xpath: //button[@class='delete-btn  btn btn-primary'] (tried for 60 second(s) with 1000 milliseconds interval)
Build info: version: '4.11.0', revision: '040bc5406b'
System info: os.name: 'Windows 11', os.arch: 'amd64', os.version: '10.0', java.version: '18.0.2.1'
Driver info: driver.version: unknown
	at org.openqa.selenium.support.ui.FluentWait.timeoutException(FluentWait.java:262)
	at org.openqa.selenium.support.ui.FluentWait.until(FluentWait.java:230)
	at CommonMethods.Helper.waitUntilElementIsVisible(Helper.java:148)
	at POM.CSLPUtility.CSLP_VerifySavedFilter(CSLPUtility.java:532)
	at TestCases.CSLP.CSLP_VerifySavedFilter(CSLP.java:130)
	at java.base/jdk.internal.reflect.DirectMethodHandleAccessor.invoke(DirectMethodHandleAccessor.java:104)
	at java.base/java.lang.reflect.Method.invoke(Method.java:577)
	at org.testng.internal.invokers.MethodInvocationHelper.invokeMethod(MethodInvocationHelper.java:135)
	at org.testng.internal.invokers.TestInvoker.invokeMethod(TestInvoker.java:673)
	at org.testng.internal.invokers.TestInvoker.invokeTestMethod(TestInvoker.java:220)
	at org.testng.internal.invokers.MethodRunner.runInSequence(MethodRunner.java:50)
	at org.testng.internal.invokers.TestInvoker$MethodInvocationAgent.invoke(TestInvoker.java:945)
	at org.testng.internal.invokers.TestInvoker.invokeTestMethods(TestInvoker.java:193)
	at org.testng.internal.invokers.TestMethodWorker.invokeTestMethods(TestMethodWorker.java:146)
	at org.testng.internal.invokers.TestMethodWorker.run(TestMethodWorker.java:128)
	at java.base/java.util.concurrent.ThreadPoolExecutor.runWorker(ThreadPoolExecutor.java:1136)
	at java.base/java.util.concurrent.ThreadPoolExecutor$Worker.run(ThreadPoolExecutor.java:635)
	at java.base/java.lang.Thread.run(Thread.java:833)
]]></system-err>
  </testcase>
  <testcase name="UserManagement_VerifyUserGetsCreated" classname="TestCases.UserManagement" time="1.804">
    <system-out><![CDATA[2024-07-26 00:02:46,128 [info]: Scroll Into View By.xpath: //button[text()='Create User']
2024-07-26 00:02:46,435 [info]: Clicked on By.xpath: //button[text()='Download']
2024-07-26 00:02:47,137 [info]: Scroll Into View By.cssSelector: #header div.app-header__new
2024-07-26 00:02:47,337 [info]: Clicked on By.xpath: //li[text()='CSV']
2024-07-26 00:02:47,511 [info]: Scroll Into View By.cssSelector: #header div.app-header__new
2024-07-26 00:02:47,608 [info]: Click By JS By.cssSelector: #header div.app-header__new
2024-07-26 00:02:47,718 [info]: Click By JS By.xpath: //label[text()='Code Enforcement Case']
2024-07-26 00:02:47,821 [info]: Scroll Into View By.xpath: //div[@class='agency-setup-tab__section__header']/h2[contains(text(),'Users')]
2024-07-26 00:02:47,864 [info]: GetText fromBy.xpath: //div[@class='agency-setup-tab__section__header']/h2[contains(text(),'Users')]
Test Passed: UserManagement_VerifyUserGetsCreated
]]></system-out>
    <system-err><![CDATA[org.openqa.selenium.TimeoutException: Expected condition failed: waiting for visibility of element located by By.cssSelector: #header div.app-header__new (tried for 60 second(s) with 1000 milliseconds interval)
Build info: version: '4.11.0', revision: '040bc5406b'
System info: os.name: 'Windows 11', os.arch: 'amd64', os.version: '10.0', java.version: '18.0.2.1'
Driver info: driver.version: unknown
	at org.openqa.selenium.support.ui.FluentWait.timeoutException(FluentWait.java:262)
	at org.openqa.selenium.support.ui.FluentWait.until(FluentWait.java:230)
	at CommonMethods.Helper.waitUntilElementIsVisible(Helper.java:148)
	at CommonMethods.CECommonMethods.navigateToCCP(CECommonMethods.java:559)
	at CommonMethods.CECommonMethods.createCaseCCP(CECommonMethods.java:297)
	at TestCases.VSFineLinkedFADoc.verifyAssocitedFineFADocumentAppearOnFAA(VSFineLinkedFADoc.java:84)
	at java.base/jdk.internal.reflect.DirectMethodHandleAccessor.invoke(DirectMethodHandleAccessor.java:104)
	at java.base/java.lang.reflect.Method.invoke(Method.java:577)
	at org.testng.internal.invokers.MethodInvocationHelper.invokeMethod(MethodInvocationHelper.java:135)
	at org.testng.internal.invokers.TestInvoker.invokeMethod(TestInvoker.java:673)
	at org.testng.internal.invokers.TestInvoker.invokeTestMethod(TestInvoker.java:220)
	at org.testng.internal.invokers.MethodRunner.runInSequence(MethodRunner.java:50)
	at org.testng.internal.invokers.TestInvoker$MethodInvocationAgent.invoke(TestInvoker.java:945)
	at org.testng.internal.invokers.TestInvoker.invokeTestMethods(TestInvoker.java:193)
	at org.testng.internal.invokers.TestMethodWorker.invokeTestMethods(TestMethodWorker.java:146)
	at org.testng.internal.invokers.TestMethodWorker.run(TestMethodWorker.java:128)
	at java.base/java.util.concurrent.ThreadPoolExecutor.runWorker(ThreadPoolExecutor.java:1136)
	at java.base/java.util.concurrent.ThreadPoolExecutor$Worker.run(ThreadPoolExecutor.java:635)
	at java.base/java.lang.Thread.run(Thread.java:833)
]]></system-err>
  </testcase>
  <testcase name="UserManagement_VerifySearchUser" classname="TestCases.UserManagement" time="2.96">
    <system-out><![CDATA[2024-07-26 00:02:48,232 [info]: Sendkeys on By.xpath: //input[@placeholder='Filter by name or email'] with value zUWoik
2024-07-26 00:02:48,248 [info]: Click By JS By.xpath: //button[text()='Create User']
2024-07-26 00:02:48,571 [info]: Sendkeys on By.xpath: //input[@placeholder='Filter by name or email'] with value meFOSO
2024-07-26 00:02:49,343 [info]: Click By JS By.cssSelector: #header div.app-header__new
2024-07-26 00:02:49,569 [info]: Sendkeys on By.xpath: //input[@name='firstName'] with value Non
2024-07-26 00:02:49,799 [info]: Sendkeys on By.xpath: //input[@name='lastName'] with value Supervisor
2024-07-26 00:02:50,121 [info]: Sendkeys on By.xpath: //input[@name='email'] with value NonSupervisor9690MPyxYb@yopmail.com
2024-07-26 00:02:50,312 [info]: Clicked on By.xpath: //label[text()='Role']/following::span[1]
2024-07-26 00:02:50,524 [info]: Clicked on By.xpath: //*[text()='No Supervisor']
2024-07-26 00:02:50,599 [info]: Click By JS By.xpath: //label[text()='Code Enforcement Case']
AgencyID : 220
2024-07-26 00:02:50,775 [info]: Scroll Into View By.xpath: //span[@class='agencies-listing__search']/input
2024-07-26 00:02:50,824 [info]: GetText fromBy.xpath: //div[@class='rt-tr -odd']/div
Test Passed: UserManagement_VerifySearchUser
]]></system-out>
  </testcase>
  <testcase name="UserManagement_VerifyUpdatedUserDetails" classname="TestCases.UserManagement" time="0.613">
    <failure message="Expected condition failed: waiting for visibility of element located by By.xpath: //input[@name=&apos;firstName&apos;] (tried for 0 second(s) with 500 milliseconds interval)&#10;Build info: version: &apos;4.11.0&apos;, revision: &apos;040bc5406b&apos;&#10;System info: os.name: &apos;Windows 11&apos;, os.arch: &apos;amd64&apos;, os.version: &apos;10.0&apos;, java.version: &apos;18.0.2.1&apos;&#10;Driver info: driver.version: unknown" type="org.openqa.selenium.TimeoutException"><![CDATA[org.openqa.selenium.TimeoutException: 
Expected condition failed: waiting for visibility of element located by By.xpath: //input[@name='firstName'] (tried for 0 second(s) with 500 milliseconds interval)
Build info: version: '4.11.0', revision: '040bc5406b'
System info: os.name: 'Windows 11', os.arch: 'amd64', os.version: '10.0', java.version: '18.0.2.1'
Driver info: driver.version: unknown
	at org.openqa.selenium.support.ui.FluentWait.timeoutException(FluentWait.java:262)
	at org.openqa.selenium.support.ui.FluentWait.until(FluentWait.java:230)
	at CommonMethods.Helper.waitUntilVisibleWE(Helper.java:351)
	at POM.UserManagementUtility.UserManagement_VerifyUpdatedUserDetails(UserManagementUtility.java:302)
	at TestCases.UserManagement.UserManagement_VerifyUpdatedUserDetails(UserManagement.java:99)
	at java.base/jdk.internal.reflect.DirectMethodHandleAccessor.invoke(DirectMethodHandleAccessor.java:104)
	at java.base/java.lang.reflect.Method.invoke(Method.java:577)
	at org.testng.internal.invokers.MethodInvocationHelper.invokeMethod(MethodInvocationHelper.java:135)
	at org.testng.internal.invokers.TestInvoker.invokeMethod(TestInvoker.java:673)
	at org.testng.internal.invokers.TestInvoker.invokeTestMethod(TestInvoker.java:220)
	at org.testng.internal.invokers.MethodRunner.runInSequence(MethodRunner.java:50)
	at org.testng.internal.invokers.TestInvoker$MethodInvocationAgent.invoke(TestInvoker.java:945)
	at org.testng.internal.invokers.TestInvoker.invokeTestMethods(TestInvoker.java:193)
	at org.testng.internal.invokers.TestMethodWorker.invokeTestMethods(TestMethodWorker.java:146)
	at org.testng.internal.invokers.TestMethodWorker.run(TestMethodWorker.java:128)
	at java.base/java.util.concurrent.ThreadPoolExecutor.runWorker(ThreadPoolExecutor.java:1136)
	at java.base/java.util.concurrent.ThreadPoolExecutor$Worker.run(ThreadPoolExecutor.java:635)
	at java.base/java.lang.Thread.run(Thread.java:833)
]]></failure>
    <system-out><![CDATA[2024-07-26 00:04:56,368 [info]: Click By JS By.xpath: //label[@title='Select an FAA Document']//parent::div//parent::div//li[@class='option']//span//b
]]></system-out>
  </testcase>
  <testcase name="UserManagement_VerifyCountOfUsers" classname="TestCases.UserManagement" time="2.149">
    <system-out><![CDATA[2024-07-26 00:08:32,951 [info]: Scroll Into View By.xpath: //div[@class='table__pagination-nav-btns']//button[@class='square-btn btn btn-default'][2]
2024-07-26 00:08:33,046 [info]: Scroll Into View By.xpath: //div[@class='table__pagination-nav-btns']//button[@class='square-btn btn btn-default'][2]
2024-07-26 00:08:33,354 [info]: Click By JS By.xpath: //div[@class='table__pagination-nav-btns']//button[@class='square-btn btn btn-default'][2]
2024-07-26 00:08:34,133 [info]: Click By JS By.xpath: //div[@class='table__pagination-nav-btns']//button[@class='square-btn btn btn-default'][2]
2024-07-26 00:08:34,856 [info]: Scroll Into View By.cssSelector: #header div.app-header__new
2024-07-26 00:08:34,943 [info]: Click By JS By.cssSelector: #header div.app-header__new
2024-07-26 00:08:36,063 [info]: Click By JS By.xpath: //label[text()='Code Enforcement Case']
2024-07-26 00:08:38,564 [info]: GetText fromBy.xpath: //div[@class='app-header__user-name']/label
2024-07-26 00:08:39,263 [info]: Clicked on By.xpath: //button[text()='Add']
2024-07-26 00:08:39,292 [info]: Scroll Into View By.xpath: //span[contains(text(),'Attachments')]//following-sibling::button
2024-07-26 00:08:39,467 [info]: Click By JS By.xpath: //span[contains(text(),'Attachments')]//following-sibling::button
2024-07-26 00:08:40,487 [info]: Scroll Into View By.xpath: //div[@class='table__pagination-nav-btns']//button[@class='square-btn btn btn-default'][2]
2024-07-26 00:08:40,572 [info]: Scroll Into View By.xpath: //div[@class='table__pagination-nav-btns']//button[@class='square-btn btn btn-default'][2]
2024-07-26 00:08:40,645 [info]: Click By JS By.xpath: //div[@class='table__pagination-nav-btns']//button[@class='square-btn btn btn-default'][2]
2024-07-26 00:08:40,743 [info]: Scroll Into View By.cssSelector: #header div.app-header__new
2024-07-26 00:08:40,903 [info]: Click By JS By.cssSelector: #header div.app-header__new
2024-07-26 00:08:41,195 [info]: Click By JS By.xpath: //div[@class='table__pagination-nav-btns']//button[@class='square-btn btn btn-default'][2]
2024-07-26 00:08:41,290 [info]: Click By JS By.xpath: //div[@class='footer_actions']/button[2]
2024-07-26 00:08:42,172 [info]: Click By JS By.xpath: //label[text()='Code Enforcement Case']
0
2024-07-26 00:08:45,011 [info]: Scroll Into View failed.
Test Failed: TemplateMangement_VerifyEscalatedNoticeSupervisorTemplate
2024-07-26 00:08:46,100 [info]: Click By JS By.xpath: //div[@class='table__pagination-nav-btns']//button[@class='square-btn btn btn-default'][2]
Test Passed: UserManagement_VerifyCountOfUsers
]]></system-out>
    <system-err><![CDATA[org.openqa.selenium.TimeoutException: Expected condition failed: waiting for visibility of element located by By.xpath: //div[text()='Escalated Notice Reviewed by Supervisor'] (tried for 60 second(s) with 1000 milliseconds interval)
Build info: version: '4.11.0', revision: '040bc5406b'
System info: os.name: 'Windows 11', os.arch: 'amd64', os.version: '10.0', java.version: '18.0.2.1'
Driver info: driver.version: unknown
	at org.openqa.selenium.support.ui.FluentWait.timeoutException(FluentWait.java:262)
	at org.openqa.selenium.support.ui.FluentWait.until(FluentWait.java:230)
	at CommonMethods.Helper.waitUntilElementIsVisible(Helper.java:148)
	at POM.TemplateManagementUtility.TemplateMangement_VerifyEscalatedNoticeSupervisorTemplate(TemplateManagementUtility.java:567)
	at TestCases.TemplateManagement.TemplateMangement_VerifyEscalatedNoticeSupervisorTemplate(TemplateManagement.java:107)
	at java.base/jdk.internal.reflect.DirectMethodHandleAccessor.invoke(DirectMethodHandleAccessor.java:104)
	at java.base/java.lang.reflect.Method.invoke(Method.java:577)
	at org.testng.internal.invokers.MethodInvocationHelper.invokeMethod(MethodInvocationHelper.java:135)
	at org.testng.internal.invokers.TestInvoker.invokeMethod(TestInvoker.java:673)
	at org.testng.internal.invokers.TestInvoker.invokeTestMethod(TestInvoker.java:220)
	at org.testng.internal.invokers.MethodRunner.runInSequence(MethodRunner.java:50)
	at org.testng.internal.invokers.TestInvoker$MethodInvocationAgent.invoke(TestInvoker.java:945)
	at org.testng.internal.invokers.TestInvoker.invokeTestMethods(TestInvoker.java:193)
	at org.testng.internal.invokers.TestMethodWorker.invokeTestMethods(TestMethodWorker.java:146)
	at org.testng.internal.invokers.TestMethodWorker.run(TestMethodWorker.java:128)
	at java.base/java.util.concurrent.ThreadPoolExecutor.runWorker(ThreadPoolExecutor.java:1136)
	at java.base/java.util.concurrent.ThreadPoolExecutor$Worker.run(ThreadPoolExecutor.java:635)
	at java.base/java.lang.Thread.run(Thread.java:833)
org.openqa.selenium.NoSuchElementException: no such element: Unable to locate element: {"method":"xpath","selector":"//div[text()='Escalated Notice Reviewed by Supervisor']"}
  (Session info: chrome=115.0.5790.170)
For documentation on this error, please visit: https://www.selenium.dev/documentation/webdriver/troubleshooting/errors#no-such-element-exception
Build info: version: '4.11.0', revision: '040bc5406b'
System info: os.name: 'Windows 11', os.arch: 'amd64', os.version: '10.0', java.version: '18.0.2.1'
Driver info: org.openqa.selenium.chrome.ChromeDriver
Command: [ce5a891fc7051da9189a266828f63841, findElement {using=xpath, value=//div[text()='Escalated Notice Reviewed by Supervisor']}]
Capabilities {acceptInsecureCerts: false, browserName: chrome, browserVersion: 115.0.5790.170, chrome: {chromedriverVersion: 115.0.5790.170 (cc0d30c2ca5..., userDataDir: C:\Users\SQELAB~1\AppData\L...}, goog:chromeOptions: {debuggerAddress: localhost:51036}, networkConnectionEnabled: false, pageLoadStrategy: normal, platformName: windows, proxy: Proxy(), se:cdp: ws://localhost:51036/devtoo..., se:cdpVersion: 115.0.5790.170, setWindowRect: true, strictFileInteractability: false, timeouts: {implicit: 0, pageLoad: 300000, script: 30000}, unhandledPromptBehavior: dismiss and notify, webauthn:extension:credBlob: true, webauthn:extension:largeBlob: true, webauthn:extension:minPinLength: true, webauthn:extension:prf: true, webauthn:virtualAuthenticators: true}
Session ID: ce5a891fc7051da9189a266828f63841
	at java.base/jdk.internal.reflect.DirectConstructorHandleAccessor.newInstance(DirectConstructorHandleAccessor.java:67)
	at java.base/java.lang.reflect.Constructor.newInstanceWithCaller(Constructor.java:499)
	at java.base/java.lang.reflect.Constructor.newInstance(Constructor.java:483)
	at org.openqa.selenium.remote.codec.w3c.W3CHttpResponseCodec.createException(W3CHttpResponseCodec.java:200)
	at org.openqa.selenium.remote.codec.w3c.W3CHttpResponseCodec.decode(W3CHttpResponseCodec.java:133)
	at org.openqa.selenium.remote.codec.w3c.W3CHttpResponseCodec.decode(W3CHttpResponseCodec.java:52)
	at org.openqa.selenium.remote.HttpCommandExecutor.execute(HttpCommandExecutor.java:191)
	at org.openqa.selenium.remote.service.DriverCommandExecutor.invokeExecute(DriverCommandExecutor.java:196)
	at org.openqa.selenium.remote.service.DriverCommandExecutor.execute(DriverCommandExecutor.java:171)
	at org.openqa.selenium.remote.RemoteWebDriver.execute(RemoteWebDriver.java:518)
	at org.openqa.selenium.remote.ElementLocation$ElementFinder$2.findElement(ElementLocation.java:165)
	at org.openqa.selenium.remote.ElementLocation.findElement(ElementLocation.java:59)
	at org.openqa.selenium.remote.RemoteWebDriver.findElement(RemoteWebDriver.java:355)
	at org.openqa.selenium.remote.RemoteWebDriver.findElement(RemoteWebDriver.java:349)
	at CommonMethods.Helper.scrollIntoView(Helper.java:467)
	at POM.TemplateManagementUtility.TemplateMangement_VerifyEscalatedNoticeSupervisorTemplate(TemplateManagementUtility.java:568)
	at TestCases.TemplateManagement.TemplateMangement_VerifyEscalatedNoticeSupervisorTemplate(TemplateManagement.java:107)
	at java.base/jdk.internal.reflect.DirectMethodHandleAccessor.invoke(DirectMethodHandleAccessor.java:104)
	at java.base/java.lang.reflect.Method.invoke(Method.java:577)
	at org.testng.internal.invokers.MethodInvocationHelper.invokeMethod(MethodInvocationHelper.java:135)
	at org.testng.internal.invokers.TestInvoker.invokeMethod(TestInvoker.java:673)
	at org.testng.internal.invokers.TestInvoker.invokeTestMethod(TestInvoker.java:220)
	at org.testng.internal.invokers.MethodRunner.runInSequence(MethodRunner.java:50)
	at org.testng.internal.invokers.TestInvoker$MethodInvocationAgent.invoke(TestInvoker.java:945)
	at org.testng.internal.invokers.TestInvoker.invokeTestMethods(TestInvoker.java:193)
	at org.testng.internal.invokers.TestMethodWorker.invokeTestMethods(TestMethodWorker.java:146)
	at org.testng.internal.invokers.TestMethodWorker.run(TestMethodWorker.java:128)
	at java.base/java.util.concurrent.ThreadPoolExecutor.runWorker(ThreadPoolExecutor.java:1136)
	at java.base/java.util.concurrent.ThreadPoolExecutor$Worker.run(ThreadPoolExecutor.java:635)
	at java.base/java.lang.Thread.run(Thread.java:833)
]]></system-err>
  </testcase>
  <testcase name="UserManagement_OpenCreateRolePopup" classname="TestCases.UserManagement" time="0.425">
    <system-out><![CDATA[2024-07-26 00:09:54,622 [info]: Click By JS By.xpath: //h2[text()='Notices']//parent::div//a//label[contains(text(),'Escalated')]
2024-07-26 00:09:54,759 [info]: Clicked on By.xpath: //button[text()='Invalid']
2024-07-26 00:09:54,939 [info]: GetText fromBy.xpath: //h1[text()='Create Role']
Test Passed: UserManagement_OpenCreateRolePopup
]]></system-out>
    <system-err><![CDATA[org.openqa.selenium.TimeoutException: Expected condition failed: waiting for element to no longer be visible: By.xpath: //button[text()='Create Role'] (tried for 60 second(s) with 1000 milliseconds interval)
Build info: version: '4.11.0', revision: '040bc5406b'
System info: os.name: 'Windows 11', os.arch: 'amd64', os.version: '10.0', java.version: '18.0.2.1'
Driver info: driver.version: unknown
	at org.openqa.selenium.support.ui.FluentWait.timeoutException(FluentWait.java:262)
	at org.openqa.selenium.support.ui.FluentWait.until(FluentWait.java:230)
	at CommonMethods.Helper.waitUntilElementInvisibleLocated(Helper.java:237)
	at POM.UserManagementUtility.UserManagement_OpenCreateRolePopup(UserManagementUtility.java:469)
	at TestCases.UserManagement.UserManagement_OpenCreateRolePopup(UserManagement.java:132)
	at java.base/jdk.internal.reflect.DirectMethodHandleAccessor.invoke(DirectMethodHandleAccessor.java:104)
	at java.base/java.lang.reflect.Method.invoke(Method.java:577)
	at org.testng.internal.invokers.MethodInvocationHelper.invokeMethod(MethodInvocationHelper.java:135)
	at org.testng.internal.invokers.TestInvoker.invokeMethod(TestInvoker.java:673)
	at org.testng.internal.invokers.TestInvoker.invokeTestMethod(TestInvoker.java:220)
	at org.testng.internal.invokers.MethodRunner.runInSequence(MethodRunner.java:50)
	at org.testng.internal.invokers.TestInvoker$MethodInvocationAgent.invoke(TestInvoker.java:945)
	at org.testng.internal.invokers.TestInvoker.invokeTestMethods(TestInvoker.java:193)
	at org.testng.internal.invokers.TestMethodWorker.invokeTestMethods(TestMethodWorker.java:146)
	at org.testng.internal.invokers.TestMethodWorker.run(TestMethodWorker.java:128)
	at java.base/java.util.concurrent.ThreadPoolExecutor.runWorker(ThreadPoolExecutor.java:1136)
	at java.base/java.util.concurrent.ThreadPoolExecutor$Worker.run(ThreadPoolExecutor.java:635)
	at java.base/java.lang.Thread.run(Thread.java:833)
]]></system-err>
  </testcase>
  <testcase name="UserManagement_VerifyRoleCreationWithoutProdSettings" classname="TestCases.UserManagement" time="2.596">
    <system-out><![CDATA[2024-07-26 00:10:07,835 [info]: Clicked on By.xpath: //li//b[text()='two']
2024-07-26 00:10:07,897 [info]: Scroll Into View By.xpath: //button[text()='New Notice']
2024-07-26 00:10:07,970 [info]: Click By JS By.xpath: //button[text()='New Notice']
2024-07-26 00:10:08,252 [info]: Click By JS By.xpath: (//div[@class='notice-list row'])[2]//div[@class='multi-choice-buttons']/button[starts-with(text(),'HTML')]
2024-07-26 00:10:08,585 [info]: Clicked on By.xpath: (//button[text()='Continue'])[2]
2024-07-26 00:10:10,367 [info]: Move to element and Click on [[ChromeDriver: chrome on windows (7be09a9df3b9dc124d9622fad529c486)] -> xpath: //*[@class='app-header__user-name']/div]
Test Failed: CSLP_VerifyNoExistingCategorySubmission
2024-07-26 00:10:11,722 [info]: Move to element and Click on [[ChromeDriver: chrome on windows (7be09a9df3b9dc124d9622fad529c486)] -> xpath: //label[text()='Logout']]
2024-07-26 00:10:11,878 [info]: Clicked on By.xpath: //div/input[@placeholder='Start typing name of violation, article number or issue description']
2024-07-26 00:10:12,644 [info]: Scroll Into View By.xpath: //div[@class='table__pagination-nav-btns']//button[@class='square-btn btn btn-default'][2]
2024-07-26 00:10:12,718 [info]: Scroll Into View By.xpath: //div[@class='table__pagination-nav-btns']//button[@class='square-btn btn btn-default'][2]
2024-07-26 00:10:12,788 [info]: Clicked on By.xpath: //div[@class='progressive-form__footer']//button[text()='Generate Notice']
2024-07-26 00:10:12,980 [info]: Click By JS By.xpath: //div[@class='table__pagination-nav-btns']//button[@class='square-btn btn btn-default'][2]
2024-07-26 00:10:14,088 [info]: Clicked on By.xpath: //div[@class='case-inspection__print-notice']//button[text()='Queue To Print']
2024-07-26 00:10:14,266 [info]: Scroll Into View By.xpath: //div[@class='agency-setup-tab__section__header']//h2[contains(text(),'Active')]
2024-07-26 00:10:14,310 [info]: Clicked on By.xpath: //button[text()='Issue Notice & Complete Inspection']
2024-07-26 00:10:14,366 [info]: GetText fromBy.xpath: //div[@class='agency-setup-tab__section__header']//h2[contains(text(),'Active')]
299
Test Passed: UserManagement_VerifyRoleCreationWithoutProdSettings
]]></system-out>
    <system-err><![CDATA[org.openqa.selenium.TimeoutException: Expected condition failed: waiting for element to be clickable: By.xpath: //label[@for='categoryIds']/following::span[1] (tried for 60 second(s) with 1000 milliseconds interval)
Build info: version: '4.11.0', revision: '040bc5406b'
System info: os.name: 'Windows 11', os.arch: 'amd64', os.version: '10.0', java.version: '18.0.2.1'
Driver info: driver.version: unknown
	at org.openqa.selenium.support.ui.FluentWait.timeoutException(FluentWait.java:262)
	at org.openqa.selenium.support.ui.FluentWait.until(FluentWait.java:230)
	at CommonMethods.Helper.waitForElementIsInteractable(Helper.java:199)
	at POM.CSLPUtility.CSLP_VerifyNoExistingCategorySubmission(CSLPUtility.java:744)
	at TestCases.CSLP.CSLP_VerifyNoExistingCategorySubmission(CSLP.java:172)
	at java.base/jdk.internal.reflect.DirectMethodHandleAccessor.invoke(DirectMethodHandleAccessor.java:104)
	at java.base/java.lang.reflect.Method.invoke(Method.java:577)
	at org.testng.internal.invokers.MethodInvocationHelper.invokeMethod(MethodInvocationHelper.java:135)
	at org.testng.internal.invokers.TestInvoker.invokeMethod(TestInvoker.java:673)
	at org.testng.internal.invokers.TestInvoker.invokeTestMethod(TestInvoker.java:220)
	at org.testng.internal.invokers.MethodRunner.runInSequence(MethodRunner.java:50)
	at org.testng.internal.invokers.TestInvoker$MethodInvocationAgent.invoke(TestInvoker.java:945)
	at org.testng.internal.invokers.TestInvoker.invokeTestMethods(TestInvoker.java:193)
	at org.testng.internal.invokers.TestMethodWorker.invokeTestMethods(TestMethodWorker.java:146)
	at org.testng.internal.invokers.TestMethodWorker.run(TestMethodWorker.java:128)
	at java.base/java.util.concurrent.ThreadPoolExecutor.runWorker(ThreadPoolExecutor.java:1136)
	at java.base/java.util.concurrent.ThreadPoolExecutor$Worker.run(ThreadPoolExecutor.java:635)
	at java.base/java.lang.Thread.run(Thread.java:833)
]]></system-err>
  </testcase>
  <testcase name="UserManagement_VerifyRoleCreationWithProdSettings" classname="TestCases.UserManagement" time="0.996">
    <system-out><![CDATA[2024-07-26 00:11:22,539 [info]: GetText fromBy.xpath: //span[contains(text(),'Attachments')]
2024-07-26 00:11:22,546 [info]: Click By JS By.xpath: //h2[text()='Notices']//parent::div//a//label[contains(text(),'Escalated')]
2024-07-26 00:11:22,894 [info]: Move to element and Click on [[ChromeDriver: chrome on windows (ae7165f3eac5bf8da1a42ffa9e9d3ef0)] -> xpath: //span[@class='Select-arrow']]
2024-07-26 00:11:23,193 [info]: Scroll Into View By.xpath: (//div[@class='attachments-edit__saved-summary']//button[@class='delete-btn  btn btn-primary'])[4]
2024-07-26 00:11:23,480 [info]: GetText fromBy.xpath: //span[text()='Role created']
Test Passed: UserManagement_VerifyRoleCreationWithProdSettings
]]></system-out>
  </testcase>
  <testcase name="UserManagement_OpenCreateGroupPopup" classname="TestCases.UserManagement" time="0.117">
    <system-out><![CDATA[2024-07-26 00:11:26,091 [info]: Click By JS By.xpath: //label[text()='Escalated Notice Status']
2024-07-26 00:11:26,161 [info]: GetText fromBy.xpath: //h1[text()='Create Group']
Test Passed: UserManagement_OpenCreateGroupPopup
]]></system-out>
  </testcase>
  <testcase name="UserManagement_VerifyGroupCreationWithoutProdSettings" classname="TestCases.UserManagement" time="4.27">
    <failure message="expected [Group created] but found []" type="java.lang.AssertionError"><![CDATA[java.lang.AssertionError: expected [Group created] but found []
	at org.testng.Assert.fail(Assert.java:110)
	at org.testng.Assert.failNotEquals(Assert.java:1413)
	at org.testng.Assert.assertEqualsImpl(Assert.java:149)
	at org.testng.Assert.assertEquals(Assert.java:131)
	at org.testng.Assert.assertEquals(Assert.java:655)
	at org.testng.Assert.assertEquals(Assert.java:665)
	at POM.UserManagementUtility.UserManagement_VerifyGroupCreationWithoutProdSettings(UserManagementUtility.java:663)
	at TestCases.UserManagement.UserManagement_VerifyGroupCreationWithoutProdSettings(UserManagement.java:162)
	at java.base/jdk.internal.reflect.DirectMethodHandleAccessor.invoke(DirectMethodHandleAccessor.java:104)
	at java.base/java.lang.reflect.Method.invoke(Method.java:577)
	at org.testng.internal.invokers.MethodInvocationHelper.invokeMethod(MethodInvocationHelper.java:135)
	at org.testng.internal.invokers.TestInvoker.invokeMethod(TestInvoker.java:673)
	at org.testng.internal.invokers.TestInvoker.invokeTestMethod(TestInvoker.java:220)
	at org.testng.internal.invokers.MethodRunner.runInSequence(MethodRunner.java:50)
	at org.testng.internal.invokers.TestInvoker$MethodInvocationAgent.invoke(TestInvoker.java:945)
	at org.testng.internal.invokers.TestInvoker.invokeTestMethods(TestInvoker.java:193)
	at org.testng.internal.invokers.TestMethodWorker.invokeTestMethods(TestMethodWorker.java:146)
	at org.testng.internal.invokers.TestMethodWorker.run(TestMethodWorker.java:128)
	at java.base/java.util.concurrent.ThreadPoolExecutor.runWorker(ThreadPoolExecutor.java:1136)
	at java.base/java.util.concurrent.ThreadPoolExecutor$Worker.run(ThreadPoolExecutor.java:635)
	at java.base/java.lang.Thread.run(Thread.java:833)
]]></failure>
    <system-out><![CDATA[2024-07-26 00:11:28,922 [info]: Scroll Into View By.xpath: //div[@class='table__pagination-nav-btns']//button[@class='square-btn btn btn-default'][2]
2024-07-26 00:11:28,925 [info]: Sendkeys on By.xpath: //input[@name='label'] with value dAEnyuSR
2024-07-26 00:11:29,282 [info]: Move to element and Click on [[ChromeDriver: chrome on windows (ae7165f3eac5bf8da1a42ffa9e9d3ef0)] -> xpath: //*[text()='EscalatedNotice']]
2024-07-26 00:11:29,312 [info]: Click By JS By.xpath: //div[@class='table__pagination-nav-btns']//button[@class='square-btn btn btn-default'][2]
2024-07-26 00:11:29,404 [info]: Click By JS By.xpath: //div[@class='progressive-form active']//button[text()='Continue']
2024-07-26 00:11:29,416 [info]: Sendkeys on By.xpath: //textarea[@name='description'] with value ZkIlAkMZNGGoPBiHXMOC
2024-07-26 00:11:29,670 [info]: Clicked on By.xpath: //button[text()='Create Group']
2024-07-26 00:11:30,606 [info]: Scroll Into View By.xpath: //div[@class='progressive-form__footer']//button[text()='Generate Notice']
2024-07-26 00:11:31,305 [info]: Clicked on By.xpath: //button[text()='Update']
2024-07-26 00:11:31,376 [info]: Move to element and Click on [[ChromeDriver: chrome on windows (7be09a9df3b9dc124d9622fad529c486)] -> xpath: (//*[@id='escalatedNoticeStatus']//input)[2]]
2024-07-26 00:11:32,370 [info]: GetText fromBy.xpath: //span[text()='Group created']
Test Failed: UserManagement_VerifyGroupCreationWithoutProdSettings
2024-07-26 00:11:33,197 [info]: Move to element and Click on [[ChromeDriver: chrome on windows (ae7165f3eac5bf8da1a42ffa9e9d3ef0)] -> xpath: //div[@class='progressive-form__footer']//button[text()='Generate Notice']]
]]></system-out>
  </testcase>
  <testcase name="LoginNonSupervisor" classname="TestCases.EscalatedNotices" time="1.354">
    <system-out><![CDATA[Test Failed: TemplateMangement_VerifyErrorMessgeOnAdditionOfExistingTemplate
2024-07-26 00:02:33,917 [info]: Scroll Into View By.xpath: //div[@class='action-item']//button
2024-07-26 00:02:33,958 [info]: Sendkeys on By.id: okta-signin-password with value Hello@1234
2024-07-26 00:02:34,019 [info]: GetText fromBy.xpath: //div[@class='agency-setup-tab__section__header']/h2[contains(text(),'Users')]
2024-07-26 00:02:34,176 [info]: Click By JS By.xpath: //div[@class='action-item']//button
2024-07-26 00:02:34,310 [info]: Clicked on By.id: okta-signin-submit
Test Passed: LoginNonSupervisor
]]></system-out>
  </testcase>
  <testcase name="verifyEscalatedNoticeNeedsSupervisorApprovalIsDisplayed" classname="TestCases.EscalatedNotices" time="13.362">
    <system-out><![CDATA[2024-07-26 00:04:04,266 [info]: Scroll Into View By.xpath: //label[text()='Audit Trail']
2024-07-26 00:04:04,928 [info]: Click By JS By.xpath: //div[@class='footer_actions']/button[2]
0
2024-07-26 00:04:07,655 [info]: Clicked on By.xpath: //h6[text()='PRODUCT SETTINGS']/following::label[1]
2024-07-26 00:04:07,964 [info]: Click By JS By.xpath: //label[text()='Case Management']
2024-07-26 00:04:08,183 [info]: Scroll Into View By.xpath: //div[@class='tabs__names']/div[text()='Forced Abatement']
2024-07-26 00:04:08,384 [info]: Click By JS By.xpath: //div[@class='tabs__names']/div[text()='Forced Abatement']
2024-07-26 00:04:08,622 [info]: Click By JS By.xpath: //button[text()='Create Forced Abatement Activity']
2024-07-26 00:04:09,868 [info]: GetText fromBy.xpath: //div[@class='app-header__user-name']/label
LoggedInUserNameMark Shane
2024-07-26 00:04:10,068 [info]: Sendkeys on By.xpath: //input[@name='label'] with value Forced Abatement
LoggedIn User is Presenttrue
50
50
2024-07-26 00:04:10,467 [info]: Sendkeys on By.xpath: //textarea[@name='description'] with value ncDYuMHlczLVIszWgvcD
2024-07-26 00:04:10,513 [info]: Click By JS By.xpath: //a[@class='fields-container__add-field']
2024-07-26 00:04:11,076 [info]: Sendkeys on By.xpath: (//div[@class='tile-header']/following::input[@name='label'])[1] with value Select Date
2024-07-26 00:04:11,355 [info]: Clicked on By.xpath: (//input[@value='Select Date']//ancestor::div[@class='field-section field-section--required  col-md-12 col-12']//following-sibling::div)[4]//span[@class='Select-arrow-zone']//span
2024-07-26 00:04:11,607 [info]: Clicked on By.xpath: (//input[@value='Select Date']//ancestor::div[@class='field-section field-section--required  col-md-12 col-12']//following-sibling::div)[4]//div[@class='Select-menu-outer']//div[contains(text(),'Date')]
2024-07-26 00:04:11,641 [info]: Click By JS By.xpath: //a[@class='fields-container__add-field']
2024-07-26 00:04:12,158 [info]: Move to element and Click on [[ChromeDriver: chrome on windows (ae7165f3eac5bf8da1a42ffa9e9d3ef0)] -> xpath: //span[@class='Select-arrow']]
2024-07-26 00:04:12,168 [info]: Sendkeys on By.xpath: (//div[@class='tile-header']/following::input[@name='label'])[2] with value Case ID
2024-07-26 00:04:12,389 [info]: Clicked on By.xpath: (//input[@value='Case ID']//ancestor::div[@class='field-section field-section--required  col-md-12 col-12']//following-sibling::div)[2]//button[contains(text(),'Yes')]
2024-07-26 00:04:12,608 [info]: Clicked on By.xpath: (//input[@value='Case ID']//ancestor::div[@class='field-section field-section--required  col-md-12 col-12']//following-sibling::div)[4]//span[@class='Select-arrow-zone']//span
2024-07-26 00:04:12,829 [info]: Clicked on By.xpath: (//input[@value='Case ID']//ancestor::div[@class='field-section field-section--required  col-md-12 col-12']//following-sibling::div)[4]//div[@class='Select-menu-outer']//div[contains(text(),'Text')]
2024-07-26 00:04:12,857 [info]: Click By JS By.xpath: //a[@class='fields-container__add-field']
2024-07-26 00:04:13,418 [info]: Sendkeys on By.xpath: (//div[@class='tile-header']/following::input[@name='label'])[3] with value Case Number
2024-07-26 00:04:13,533 [info]: Click By JS By.xpath: //button[contains(text(),'More...')]
2024-07-26 00:04:13,641 [info]: Clicked on By.xpath: (//input[@value='Case Number']//ancestor::div[@class='field-section field-section--required  col-md-12 col-12']//following-sibling::div)[2]//button[contains(text(),'Yes')]
2024-07-26 00:04:13,756 [info]: Clicked on By.xpath: //li[text()='Initiate Forced Abatement']
2024-07-26 00:04:13,847 [info]: Clicked on By.xpath: (//input[@value='Case Number']//ancestor::div[@class='field-section field-section--required  col-md-12 col-12']//following-sibling::div)[4]//span[@class='Select-arrow-zone']//span
2024-07-26 00:04:14,085 [info]: Clicked on By.xpath: (//input[@value='Case Number']//ancestor::div[@class='field-section field-section--required  col-md-12 col-12']//following-sibling::div)[4]//div[@class='Select-menu-outer']//div[contains(text(),'Number')]
2024-07-26 00:04:14,125 [info]: Click By JS By.xpath: //a[@class='fields-container__add-field']
2024-07-26 00:04:14,576 [info]: Sendkeys on By.xpath: (//div[@class='tile-header']/following::input[@name='label'])[4] with value Any Other Linked Case
2024-07-26 00:04:14,821 [info]: Clicked on By.xpath: (//input[@value='Any Other Linked Case']//ancestor::div[@class='field-section field-section--required  col-md-12 col-12']//following-sibling::div)[2]//button[contains(text(),'Yes')]
2024-07-26 00:04:15,044 [info]: Clicked on By.xpath: (//input[@value='Any Other Linked Case']//ancestor::div[@class='field-section field-section--required  col-md-12 col-12']//following-sibling::div)[4]//span[@class='Select-arrow-zone']//span
2024-07-26 00:04:15,148 [info]: Scroll Into View By.xpath: (//input[@value='Any Other Linked Case']//ancestor::div[@class='field-section field-section--required  col-md-12 col-12']//following-sibling::div)[4]//div[@class='Select-menu-outer']//div[contains(text(),'Picklist')]
2024-07-26 00:04:16,361 [info]: Clicked on By.xpath: (//input[@value='Any Other Linked Case']//ancestor::div[@class='field-section field-section--required  col-md-12 col-12']//following-sibling::div)[4]//div[@class='Select-menu-outer']//div[contains(text(),'Picklist')]
2024-07-26 00:04:17,203 [info]: Scroll Into View By JS [[ChromeDriver: chrome on windows (ae7165f3eac5bf8da1a42ffa9e9d3ef0)] -> xpath: //*[text()='EscalatedNotice']]
2024-07-26 00:04:17,239 [info]: Sendkeys on By.xpath: //textarea[@placeholder='Enter Note'] with value Notes for FA
2024-07-26 00:04:17,437 [info]: Clicked on By.xpath: //div[@class='modal-footer']//button[2]
2024-07-26 00:04:17,451 [info]: Move to element and Click on [[ChromeDriver: chrome on windows (ae7165f3eac5bf8da1a42ffa9e9d3ef0)] -> xpath: //*[text()='EscalatedNotice']]
Test Passed: verifyEscalatedNoticeNeedsSupervisorApprovalIsDisplayed
]]></system-out>
    <system-err><![CDATA[org.openqa.selenium.TimeoutException: Expected condition failed: waiting for invisibility of [[ChromeDriver: chrome on windows (08e4f5f21e38b953fdd6775e0181c3ed)] -> xpath: //div[@class='table-container__table table_disabled']] (tried for 60 second(s) with 1000 milliseconds interval)
Build info: version: '4.11.0', revision: '040bc5406b'
System info: os.name: 'Windows 11', os.arch: 'amd64', os.version: '10.0', java.version: '18.0.2.1'
Driver info: driver.version: unknown
	at org.openqa.selenium.support.ui.FluentWait.timeoutException(FluentWait.java:262)
	at org.openqa.selenium.support.ui.FluentWait.until(FluentWait.java:230)
	at CommonMethods.Helper.waitUntilElementIsInvisible(Helper.java:223)
	at POM.CSLPUtility.CSLP_VerifySubmissionsForMineButton(CSLPUtility.java:639)
	at TestCases.CSLP.CSLP_VerifySubmissionsForMineButton(CSLP.java:154)
	at java.base/jdk.internal.reflect.DirectMethodHandleAccessor.invoke(DirectMethodHandleAccessor.java:104)
	at java.base/java.lang.reflect.Method.invoke(Method.java:577)
	at org.testng.internal.invokers.MethodInvocationHelper.invokeMethod(MethodInvocationHelper.java:135)
	at org.testng.internal.invokers.TestInvoker.invokeMethod(TestInvoker.java:673)
	at org.testng.internal.invokers.TestInvoker.invokeTestMethod(TestInvoker.java:220)
	at org.testng.internal.invokers.MethodRunner.runInSequence(MethodRunner.java:50)
	at org.testng.internal.invokers.TestInvoker$MethodInvocationAgent.invoke(TestInvoker.java:945)
	at org.testng.internal.invokers.TestInvoker.invokeTestMethods(TestInvoker.java:193)
	at org.testng.internal.invokers.TestMethodWorker.invokeTestMethods(TestMethodWorker.java:146)
	at org.testng.internal.invokers.TestMethodWorker.run(TestMethodWorker.java:128)
	at java.base/java.util.concurrent.ThreadPoolExecutor.runWorker(ThreadPoolExecutor.java:1136)
	at java.base/java.util.concurrent.ThreadPoolExecutor$Worker.run(ThreadPoolExecutor.java:635)
	at java.base/java.lang.Thread.run(Thread.java:833)
]]></system-err>
  </testcase>
  <testcase name="verifyPendingSupervisorApprovalIsDisplayed" classname="TestCases.EscalatedNotices" time="3.244">
    <system-out><![CDATA[2024-07-26 00:04:19,363 [info]: Scroll Into View By.xpath: //a[text()='Cases']
2024-07-26 00:04:19,486 [info]: Click By JS By.xpath: //a[text()='Cases']
2024-07-26 00:04:19,880 [info]: Move to element and Click on [[ChromeDriver: chrome on windows (ae7165f3eac5bf8da1a42ffa9e9d3ef0)] -> xpath: //div[@class='progressive-form__footer']//button[text()='Generate Notice']]
2024-07-26 00:04:20,646 [info]: Click By JS By.xpath: //a[@class='picklist-options__add']
2024-07-26 00:04:22,075 [info]: Scroll Into View By.xpath: //div[@class='escalated-label pending-approval']
2024-07-26 00:04:22,457 [info]: GetText fromBy.xpath: //div[@class='escalated-label pending-approval']
Test Passed: verifyPendingSupervisorApprovalIsDisplayed
]]></system-out>
  </testcase>
  <testcase name="verifyIssueNoticeAndCompleteInspectionNotDisplayed" classname="TestCases.EscalatedNotices" time="0.041">
    <system-out><![CDATA[Test Passed: verifyIssueNoticeAndCompleteInspectionNotDisplayed
]]></system-out>
  </testcase>
  <testcase name="verifyCompleteInspectionAndGenerateNoticeIsDisplayed" classname="TestCases.EscalatedNotices" time="11.951">
    <system-out><![CDATA[2024-07-26 00:04:22,621 [info]: Click By JS By.xpath: //div[@class='case-inspection__print-notice']//button[text()='Do Not Print']
2024-07-26 00:04:22,678 [info]: Click By JS By.xpath: //button[text()='Complete Inspection & Generate Notice for Approval']
2024-07-26 00:04:22,868 [info]: Click By JS By.xpath: //a[@class='picklist-options__add']
2024-07-26 00:04:23,173 [info]: Sendkeys on By.xpath: (//input[@placeholder='Enter Text'][@name='option'])[1] with value Yes
2024-07-26 00:04:23,445 [info]: Sendkeys on By.xpath: (//input[@placeholder='Enter Text'][@name='option'])[2] with value No
2024-07-26 00:04:23,715 [info]: Clicked on By.xpath: //button[text()='Save']
2024-07-26 00:04:23,803 [info]: Scroll Into View By.xpath: //h1[text()='Create Forced Abatement Activity']/following::button[2]
2024-07-26 00:04:23,944 [info]: Click By JS By.xpath: //h1[text()='Create Forced Abatement Activity']/following::button[2]
2024-07-26 00:04:26,540 [info]: Click By JS By.xpath: //button[text()='Add Activity']
2024-07-26 00:04:26,836 [info]: GetText fromBy.xpath: //div[@class='sortable-table__body__td'][1]
2024-07-26 00:04:30,045 [info]: Sendkeys on By.xpath: //input[@placeholder='Enter Text'] with value C123C456
2024-07-26 00:04:30,326 [info]: Sendkeys on By.xpath: //input[@placeholder='Enter Number'] with value 12345
2024-07-26 00:04:30,592 [info]: Clicked on By.xpath: //div[@class='Select-placeholder']
2024-07-26 00:04:30,868 [info]: Clicked on By.xpath: //div[text()='Yes']
2024-07-26 00:04:30,916 [info]: Scroll Into View By.xpath: //button[text()='Continue to Generate Document']
2024-07-26 00:04:31,332 [info]: Clicked on By.xpath: //button[text()='Continue to Generate Document']
2024-07-26 00:04:34,035 [info]: Scroll to the Top.
2024-07-26 00:04:34,092 [info]: Click By JS By.xpath: //button[text()='Create Forced Abatement Activity']
AgencyID : 220
2024-07-26 00:04:34,276 [info]: Scroll Into View By.xpath: //span[@class='agencies-listing__search']/input
Test Passed: verifyCompleteInspectionAndGenerateNoticeIsDisplayed
]]></system-out>
  </testcase>
  <testcase name="verifyPendingSupervisorApprovalDislayedUnderAbatementActivity" classname="TestCases.EscalatedNotices" time="0.295">
    <system-out><![CDATA[Escalated
24-1847
Test Passed: verifyPendingSupervisorApprovalDislayedUnderAbatementActivity
]]></system-out>
  </testcase>
  <testcase name="supervisorLoginAndApproveEscalatedNotice" classname="TestCases.EscalatedNotices" time="1.343">
    <system-out><![CDATA[https://admin-stage.comcate.com/agencies
220
https://app-stage.comcate.com/agencies/220/login
2024-07-26 00:06:25,108 [info]: Click By JS By.xpath: //label[text()='Open cases for my agency']
Window size is: 1552 x 832
2024-07-26 00:06:27,167 [info]: Switched to Window 0855F3D91DC854A4CFDF75AA04FED14A
2024-07-26 00:06:27,895 [info]: Click By JS By.xpath: //*[@class='checkbox-holder']//../a
Test Passed: supervisorLoginAndApproveEscalatedNotice
]]></system-out>
  </testcase>
  <testcase name="verifyApprovedStatusDisplayed" classname="TestCases.EscalatedNotices" time="3.099">
    <system-out><![CDATA[2024-07-26 00:06:31,763 [info]: Scroll Into View By.xpath: //div[@class='sidebar__options-container__options flex-column--left'][2]/label
2024-07-26 00:06:32,232 [info]: Scroll Into View By.xpath: //label[text()='Total cases for my agency']
2024-07-26 00:06:32,412 [info]: Click By JS By.xpath: //label[text()='Total cases for my agency']
2024-07-26 00:06:34,540 [info]: Click By JS By.xpath: //div[@class='table__pagination-nav-btns']//button[@class='square-btn btn btn-default'][2]
2024-07-26 00:06:34,643 [info]: Sendkeys on By.id: okta-signin-password with value Hello@1234
Test Passed: verifyApprovedStatusDisplayed
]]></system-out>
  </testcase>
  <testcase name="verifyApplyNoticeAndManageNoticeIsDisplayed" classname="TestCases.EscalatedNotices" time="0.169">
    <system-out><![CDATA[Test Passed: verifyApplyNoticeAndManageNoticeIsDisplayed
]]></system-out>
  </testcase>
  <testcase name="verifyApplyNoticePopUpOpens" classname="TestCases.EscalatedNotices" time="1.702">
    <system-out><![CDATA[2024-07-26 00:06:37,537 [info]: Click By JS By.xpath: //button[text()='Exit']
Test Passed: verifyApplyNoticePopUpOpens
]]></system-out>
  </testcase>
  <testcase name="verifyViewNoticeLinkIsDisplayed" classname="TestCases.EscalatedNotices" time="3.895">
    <system-out><![CDATA[2024-07-26 00:06:42,622 [info]: Scroll Into View By.xpath: //span[@class='agencies-listing__search']/input
2024-07-26 00:06:43,275 [info]: Sendkeys on By.xpath: //span[@class='agencies-listing__search']/input with value 220
2024-07-26 00:06:45,749 [info]: Click By JS By.xpath: //div[@class='agencies-listing__agency-actions']/button[3]
2024-07-26 00:06:46,200 [info]: Click By JS By.xpath: //div[@class='table__pagination-nav-btns']//button[@class='square-btn btn btn-default'][2]
2024-07-26 00:06:46,386 [info]: GetText fromBy.xpath: //div[@class='app-header__user-name']/label
Test Passed: verifyViewNoticeLinkIsDisplayed
]]></system-out>
  </testcase>
  <testcase name="verifyApprovedBtnAppearsForNotice" classname="TestCases.EscalatedNotices" time="11.482">
    <system-out><![CDATA[2024-07-26 00:08:48,510 [info]: Scroll Into View By.xpath: //div[contains(text(),'Roles')]
2024-07-26 00:08:48,609 [info]: Click By JS By.xpath: //div[contains(text(),'Roles')]
2024-07-26 00:08:48,763 [info]: Scroll Into View By.xpath: //div[@class='table__pagination-nav-btns']//button[@class='square-btn btn btn-default'][2]
2024-07-26 00:08:48,773 [info]: Click By JS By.xpath: //button[text()='Create Role']
2024-07-26 00:08:48,864 [info]: Scroll Into View By.xpath: //div[@class='table__pagination-nav-btns']//button[@class='square-btn btn btn-default'][2]
2024-07-26 00:08:49,098 [info]: Move to element and Click on [[ChromeDriver: chrome on windows (ae7165f3eac5bf8da1a42ffa9e9d3ef0)] -> xpath: //span[@class='Select-arrow']]
2024-07-26 00:08:49,355 [info]: Click By JS By.xpath: //div[@class='table__pagination-nav-btns']//button[@class='square-btn btn btn-default'][2]
2024-07-26 00:08:49,605 [info]: Sendkeys on By.xpath: //div[@class='location-tile__inputs-container']//input with value TEXAS CITY Museum
2024-07-26 00:08:50,141 [info]: Clicked on By.xpath: //button[text()='Add']
2024-07-26 00:08:51,917 [info]: Clicked on By.xpath: //li[@id='react-autowhatever-1-section-0-item-0']
2024-07-26 00:08:52,408 [info]: Sendkeys on By.xpath: //div[@class='location-tile__inputs-container']//input with value TEXAS CITY Museum
2024-07-26 00:08:54,157 [info]: Scroll Into View By JS [[ChromeDriver: chrome on windows (ae7165f3eac5bf8da1a42ffa9e9d3ef0)] -> xpath: //*[text()='EscalatedNotice']]
2024-07-26 00:08:55,229 [info]: Scroll Into View By.xpath: //div/button[text()='Create Case']
2024-07-26 00:08:55,336 [info]: Move to element and Click on [[ChromeDriver: chrome on windows (ae7165f3eac5bf8da1a42ffa9e9d3ef0)] -> xpath: //*[text()='EscalatedNotice']]
2024-07-26 00:08:55,396 [info]: Click By JS By.xpath: //div[@class='progressive-form active']//button[text()='Continue']
2024-07-26 00:08:55,747 [info]: Clicked on By.xpath: //li[@id='react-autowhatever-1-section-0-item-0']
2024-07-26 00:08:55,919 [info]: Clicked on By.xpath: //div/button[text()='Create Case']
2024-07-26 00:08:56,544 [info]: Scroll Into View By.xpath: //div[@class='progressive-form__footer']//button[text()='Generate Notice']
2024-07-26 00:08:56,566 [info]: Scroll Into View By.xpath: //div[@class='table__pagination-nav-btns']//button[@class='square-btn btn btn-default'][2]
2024-07-26 00:08:56,674 [info]: Scroll Into View By.xpath: //div[@class='table__pagination-nav-btns']//button[@class='square-btn btn btn-default'][2]
2024-07-26 00:08:57,024 [info]: Click By JS By.xpath: //div[@class='table__pagination-nav-btns']//button[@class='square-btn btn btn-default'][2]
2024-07-26 00:08:58,621 [info]: Click By JS By.xpath: //div[@class='progressive-form__footer']//button[text()='Generate Notice']
2024-07-26 00:08:58,916 [info]: Clicked on By.xpath: //button[text()='Perform Inspection']
2024-07-26 00:08:59,092 [info]: Scroll Into View By.xpath: //button[text()='Create & Perform Inspection']
2024-07-26 00:08:59,410 [info]: Clicked on By.xpath: //button[text()='Create & Perform Inspection']
2024-07-26 00:08:59,908 [info]: Scroll Into View By.xpath: //div[text()='Approved']
2024-07-26 00:08:59,960 [info]: GetText fromBy.xpath: //div[text()='Approved']
Test Passed: verifyApprovedBtnAppearsForNotice
]]></system-out>
  </testcase>
  <testcase name="verifyIssueNoticeAndCompleteInspectionIsDisplayed" classname="TestCases.EscalatedNotices" time="2.169">
    <system-out><![CDATA[2024-07-26 00:09:00,122 [info]: Clicked on By.xpath: //div/input[@placeholder='Start typing name of violation, article number or issue description']
Test Passed: verifyIssueNoticeAndCompleteInspectionIsDisplayed
]]></system-out>
  </testcase>
  <testcase name="verifyUserIsNavigatedToCDP" classname="TestCases.EscalatedNotices" time="17.033">
    <system-out><![CDATA[2024-07-26 00:09:02,174 [info]: Click By JS By.xpath: //div[@class='case-inspection__print-notice']//button[text()='Do Not Print']
2024-07-26 00:09:02,243 [info]: Click By JS By.xpath: //button[text()='Issue Notice & Complete Inspection']
2024-07-26 00:09:04,176 [info]: Scroll Into View By.xpath: //div[@class='table__pagination-nav-btns']//button[@class='square-btn btn btn-default'][2]
2024-07-26 00:09:04,238 [info]: Scroll Into View By.xpath: //div[@class='table__pagination-nav-btns']//button[@class='square-btn btn btn-default'][2]
2024-07-26 00:09:04,507 [info]: Click By JS By.xpath: //div[@class='table__pagination-nav-btns']//button[@class='square-btn btn btn-default'][2]
2024-07-26 00:09:04,571 [info]: Click By JS By.xpath: //*[@class='flex-row--center']/ button[text()='Cancel']
2024-07-26 00:09:04,585 [info]: Clicked on By.xpath: //div/input[@placeholder='Start typing name of violation, article number or issue description']
2024-07-26 00:09:04,636 [info]: Click By JS By.xpath: //button[text()='Issue Notice & Complete Inspection']
2024-07-26 00:09:04,997 [info]: Click By JS By.xpath: //button[text()='Yes']
2024-07-26 00:09:05,340 [info]: Sendkeys on By.xpath: //div/input[@placeholder='Start typing name of violation, article number or issue description'] with value Wa
2024-07-26 00:09:05,573 [info]: Clicked on By.xpath: //div[@class='react-autosuggest__suggestion-element']/div
2024-07-26 00:09:08,645 [info]: Scroll Into View By.xpath: //div[@class='contact-tile tile']//input
2024-07-26 00:09:08,880 [info]: Clicked on By.xpath: //div[@class='contact-tile tile']//input
2024-07-26 00:09:09,047 [info]: Click By JS By.xpath: //div[@class='contact-tile tile']//div[@class='react-autosuggest__function']
2024-07-26 00:09:09,284 [info]: Sendkeys on By.xpath: //input[@name='name'] with value gyPoppYm
2024-07-26 00:09:09,493 [info]: Sendkeys on By.xpath: //input[@name='email'] with value gyPoppYm@yopmail.com
2024-07-26 00:09:09,660 [info]: Sendkeys on By.xpath: //input[@name='workPhone'] with value 9934071736
2024-07-26 00:09:09,680 [info]: Scroll Into View By.xpath: (//div[@class='full-page-modal__header']//button[2])[2]
2024-07-26 00:09:09,791 [info]: Sendkeys on By.xpath: //div/input[@placeholder='Start typing name of violation, article number or issue description'] with value Wa
2024-07-26 00:09:09,825 [info]: Clicked on By.xpath: (//div[@class='full-page-modal__header']//button[2])[2]
2024-07-26 00:09:10,078 [info]: Clicked on By.xpath: //div[@class='react-autosuggest__suggestion-element']/div
2024-07-26 00:09:11,638 [info]: Scroll Into View By.xpath: //div[@class='table__pagination-nav-btns']//button[@class='square-btn btn btn-default'][2]
2024-07-26 00:09:11,732 [info]: Scroll Into View By.xpath: //div[@class='table__pagination-nav-btns']//button[@class='square-btn btn btn-default'][2]
2024-07-26 00:09:12,129 [info]: Click By JS By.xpath: //div[@class='table__pagination-nav-btns']//button[@class='square-btn btn btn-default'][2]
2024-07-26 00:09:13,074 [info]: Clicked on By.xpath: //span/label[text()='Property Owner']
2024-07-26 00:09:13,152 [info]: Scroll Into View By.xpath: //div[@class='contact-tile tile']//input
2024-07-26 00:09:13,304 [info]: Clicked on By.xpath: //button[text()='Apply']
2024-07-26 00:09:13,333 [info]: Scroll Into View By.xpath: //span[contains(text(),'Attachments')]//following-sibling::button
2024-07-26 00:09:13,450 [info]: Click By JS By.xpath: //span[contains(text(),'Attachments')]//following-sibling::button
2024-07-26 00:09:13,470 [info]: Clicked on By.xpath: //div[@class='contact-tile tile']//input
2024-07-26 00:09:13,700 [info]: Click By JS By.xpath: //div[@class='contact-tile tile']//div[@class='react-autosuggest__function']
2024-07-26 00:09:14,560 [info]: Scroll Into View By.xpath: //div[@class='footer_actions']/button[2]
2024-07-26 00:09:15,229 [info]: Click By JS By.xpath: //div[@class='footer_actions']/button[2]
2024-07-26 00:09:16,058 [info]: Sendkeys on By.xpath: //input[@name='name'] with value aiilHtFv
2024-07-26 00:09:16,299 [info]: Sendkeys on By.xpath: //input[@name='email'] with value aiilHtFv@yopmail.com
2024-07-26 00:09:16,523 [info]: Sendkeys on By.xpath: //input[@name='workPhone'] with value 8758606796
2024-07-26 00:09:16,552 [info]: Scroll Into View By.xpath: (//div[@class='full-page-modal__header']//button[2])[2]
2024-07-26 00:09:16,752 [info]: Clicked on By.xpath: (//div[@class='full-page-modal__header']//button[2])[2]
Test Passed: verifyUserIsNavigatedToCDP
]]></system-out>
    <system-err><![CDATA[org.openqa.selenium.TimeoutException: Expected condition failed: waiting for visibility of element located by By.xpath: //label[@for='categoryIds']/following::span[1] (tried for 60 second(s) with 1000 milliseconds interval)
Build info: version: '4.11.0', revision: '040bc5406b'
System info: os.name: 'Windows 11', os.arch: 'amd64', os.version: '10.0', java.version: '18.0.2.1'
Driver info: driver.version: unknown
	at org.openqa.selenium.support.ui.FluentWait.timeoutException(FluentWait.java:262)
	at org.openqa.selenium.support.ui.FluentWait.until(FluentWait.java:230)
	at CommonMethods.Helper.waitUntilElementIsVisible(Helper.java:148)
	at POM.CSLPUtility.CSLP_VerifyNoExistingCategorySubmission(CSLPUtility.java:743)
	at TestCases.CSLP.CSLP_VerifyNoExistingCategorySubmission(CSLP.java:172)
	at java.base/jdk.internal.reflect.DirectMethodHandleAccessor.invoke(DirectMethodHandleAccessor.java:104)
	at java.base/java.lang.reflect.Method.invoke(Method.java:577)
	at org.testng.internal.invokers.MethodInvocationHelper.invokeMethod(MethodInvocationHelper.java:135)
	at org.testng.internal.invokers.TestInvoker.invokeMethod(TestInvoker.java:673)
	at org.testng.internal.invokers.TestInvoker.invokeTestMethod(TestInvoker.java:220)
	at org.testng.internal.invokers.MethodRunner.runInSequence(MethodRunner.java:50)
	at org.testng.internal.invokers.TestInvoker$MethodInvocationAgent.invoke(TestInvoker.java:945)
	at org.testng.internal.invokers.TestInvoker.invokeTestMethods(TestInvoker.java:193)
	at org.testng.internal.invokers.TestMethodWorker.invokeTestMethods(TestMethodWorker.java:146)
	at org.testng.internal.invokers.TestMethodWorker.run(TestMethodWorker.java:128)
	at java.base/java.util.concurrent.ThreadPoolExecutor.runWorker(ThreadPoolExecutor.java:1136)
	at java.base/java.util.concurrent.ThreadPoolExecutor$Worker.run(ThreadPoolExecutor.java:635)
	at java.base/java.lang.Thread.run(Thread.java:833)
org.openqa.selenium.TimeoutException: Expected condition failed: waiting for visibility of element located by By.xpath: //span[text()='Merge Fields'] (tried for 60 second(s) with 1000 milliseconds interval)
Build info: version: '4.11.0', revision: '040bc5406b'
System info: os.name: 'Windows 11', os.arch: 'amd64', os.version: '10.0', java.version: '18.0.2.1'
Driver info: driver.version: unknown
	at org.openqa.selenium.support.ui.FluentWait.timeoutException(FluentWait.java:262)
	at org.openqa.selenium.support.ui.FluentWait.until(FluentWait.java:230)
	at CommonMethods.Helper.waitUntilElementIsVisible(Helper.java:148)
	at POM.AppPreRequisiteUtility.AgencySetup_VerifyCreationOfHTMLNotice(AppPreRequisiteUtility.java:1201)
	at TestCases.AgencyCreation.AgencySetup_VerifyCreationOfHTMLNotice(AgencyCreation.java:339)
	at java.base/jdk.internal.reflect.DirectMethodHandleAccessor.invoke(DirectMethodHandleAccessor.java:104)
	at java.base/java.lang.reflect.Method.invoke(Method.java:577)
	at org.testng.internal.invokers.MethodInvocationHelper.invokeMethod(MethodInvocationHelper.java:135)
	at org.testng.internal.invokers.TestInvoker.invokeMethod(TestInvoker.java:673)
	at org.testng.internal.invokers.TestInvoker.invokeTestMethod(TestInvoker.java:220)
	at org.testng.internal.invokers.MethodRunner.runInSequence(MethodRunner.java:50)
	at org.testng.internal.invokers.TestInvoker$MethodInvocationAgent.invoke(TestInvoker.java:945)
	at org.testng.internal.invokers.TestInvoker.invokeTestMethods(TestInvoker.java:193)
	at org.testng.internal.invokers.TestMethodWorker.invokeTestMethods(TestMethodWorker.java:146)
	at org.testng.internal.invokers.TestMethodWorker.run(TestMethodWorker.java:128)
	at java.base/java.util.concurrent.ThreadPoolExecutor.runWorker(ThreadPoolExecutor.java:1136)
	at java.base/java.util.concurrent.ThreadPoolExecutor$Worker.run(ThreadPoolExecutor.java:635)
	at java.base/java.lang.Thread.run(Thread.java:833)
org.openqa.selenium.TimeoutException: Expected condition failed: waiting for visibility of element located by By.xpath: //div[@class='flex-row--center']/button[text()='Cancel'] (tried for 60 second(s) with 1000 milliseconds interval)
Build info: version: '4.11.0', revision: '040bc5406b'
System info: os.name: 'Windows 11', os.arch: 'amd64', os.version: '10.0', java.version: '18.0.2.1'
Driver info: driver.version: unknown
	at org.openqa.selenium.support.ui.FluentWait.timeoutException(FluentWait.java:262)
	at org.openqa.selenium.support.ui.FluentWait.until(FluentWait.java:230)
	at CommonMethods.Helper.waitUntilElementIsVisible(Helper.java:148)
	at POM.PerformInspectionUtility.PerformInspection_CloseConfirmationPopup(PerformInspectionUtility.java:609)
	at TestCases.PerformInspection.PerformInspection_CloseConfirmationPopup(PerformInspection.java:113)
	at java.base/jdk.internal.reflect.DirectMethodHandleAccessor.invoke(DirectMethodHandleAccessor.java:104)
	at java.base/java.lang.reflect.Method.invoke(Method.java:577)
	at org.testng.internal.invokers.MethodInvocationHelper.invokeMethod(MethodInvocationHelper.java:135)
	at org.testng.internal.invokers.TestInvoker.invokeMethod(TestInvoker.java:673)
	at org.testng.internal.invokers.TestInvoker.invokeTestMethod(TestInvoker.java:220)
	at org.testng.internal.invokers.MethodRunner.runInSequence(MethodRunner.java:50)
	at org.testng.internal.invokers.TestInvoker$MethodInvocationAgent.invoke(TestInvoker.java:945)
	at org.testng.internal.invokers.TestInvoker.invokeTestMethods(TestInvoker.java:193)
	at org.testng.internal.invokers.TestMethodWorker.invokeTestMethods(TestMethodWorker.java:146)
	at org.testng.internal.invokers.TestMethodWorker.run(TestMethodWorker.java:128)
	at java.base/java.util.concurrent.ThreadPoolExecutor.runWorker(ThreadPoolExecutor.java:1136)
	at java.base/java.util.concurrent.ThreadPoolExecutor$Worker.run(ThreadPoolExecutor.java:635)
	at java.base/java.lang.Thread.run(Thread.java:833)
]]></system-err>
  </testcase>
  <testcase name="verifyApprovedAndAppliedToCaseIsDisplayed" classname="TestCases.EscalatedNotices" time="0.156">
    <system-out><![CDATA[2024-07-26 00:09:19,296 [info]: Scroll Into View By.xpath: //div[@class='table__pagination-nav-btns']//button[@class='square-btn btn btn-default'][2]
2024-07-26 00:09:19,317 [info]: Click By JS By.xpath: //*[@class='case-details__close-icon']/img
Test Passed: verifyApprovedAndAppliedToCaseIsDisplayed
]]></system-out>
  </testcase>
  <testcase name="loginNonSupervisor" classname="TestCases.EscalatedNotices" time="3.031">
    <system-out><![CDATA[2024-07-26 00:11:46,698 [info]: Scroll Into View By.xpath: //div[@class='table__pagination-nav-btns']//button[@class='square-btn btn btn-default'][2]
2024-07-26 00:11:46,811 [info]: Scroll Into View By.xpath: //div[@class='table__pagination-nav-btns']//button[@class='square-btn btn btn-default'][2]
2024-07-26 00:11:47,736 [info]: Click By JS By.xpath: //button[text()='Select Photos']
2024-07-26 00:11:48,141 [info]: Click By JS By.xpath: //div[@class='table__pagination-nav-btns']//button[@class='square-btn btn btn-default'][2]
Window size is: 1552 x 832
2024-07-26 00:11:48,451 [info]: Click By JS By.xpath: //button[text()='Create Notice']
Window size is: 1552 x 832
Window size is: 1552 x 832
Window size is: 1552 x 832
2024-07-26 00:11:49,438 [info]: Click By JS By.xpath: (//div[@class='tick--not-selected'])[1]
2024-07-26 00:11:49,954 [info]: GetText fromBy.xpath: (//div[@class='tick--selected']//following-sibling::div[@class='file-details']//span)[1]
2024-07-26 00:11:50,580 [info]: Sendkeys on By.id: idp-discovery-username with value MarkShane123@yopmail.com
2024-07-26 00:11:51,590 [info]: Click By JS By.xpath: //button[text()='Download Selected']
2024-07-26 00:11:51,858 [info]: Clicked on By.id: idp-discovery-submit
Test Passed: loginNonSupervisor
]]></system-out>
  </testcase>
  <testcase name="verifyApproveBtnIsDisplayedForSupervisor" classname="TestCases.EscalatedNotices" time="3.618">
    <system-out><![CDATA[2024-07-26 00:12:56,000 [info]: GetText fromBy.xpath: (//div[@class='agency-setup-tab__section__header']/h2)[1]
2024-07-26 00:12:56,380 [info]: Click By JS By.xpath: //button[text()='Create Category']
2024-07-26 00:12:56,526 [info]: Click By JS By.xpath: (//div[@class='table__pagination-nav-btns']//button)[1]
2024-07-26 00:12:56,684 [info]: Sendkeys on By.id: tinymce with value {{photos}}{{photos_without_uploaded_by}}{{open_violations_list}}{{open_violations_comma_separated}}{{fines_table}}
2024-07-26 00:12:56,834 [info]: Click By JS By.xpath: //button[text()='Create Notice']
2024-07-26 00:12:57,868 [info]: Scroll Into View By.xpath: //div[@class='contact-tile tile']//input
2024-07-26 00:12:57,871 [info]: Click By JS By.xpath: (//div[@class='table__pagination-nav-btns']//button)[1]
2024-07-26 00:12:58,086 [info]: Click By JS By.xpath: //div[text()='Case Created']//following::button[1]
2024-07-26 00:12:58,426 [info]: Clicked on By.xpath: //div[@class='contact-tile tile']//input
2024-07-26 00:12:58,778 [info]: Click By JS By.xpath: //div[@class='contact-tile tile']//div[@class='react-autosuggest__function']
2024-07-26 00:12:59,217 [info]: Click By JS By.xpath: (//div[@class='table__pagination-nav-btns']//button)[1]
Test Passed: verifyApproveBtnIsDisplayedForSupervisor
]]></system-out>
  </testcase>
  <testcase name="verifyApproveNoticePopUpOpens" classname="TestCases.EscalatedNotices" time="0.011">
    <system-out><![CDATA[Test Passed: verifyApproveNoticePopUpOpens
]]></system-out>
  </testcase>
  <testcase name="verifyPrintBtnIsDisplayed" classname="TestCases.EscalatedNotices" time="1.056">
    <system-out><![CDATA[2024-07-26 00:13:03,276 [info]: Click By JS By.xpath: (//div[@class='table__pagination-nav-btns']//button)[1]
Test Passed: verifyPrintBtnIsDisplayed
]]></system-out>
  </testcase>
  <testcase name="verifyValidationMsgAppearsAfterReject" classname="TestCases.EscalatedNotices" time="0.241">
    <system-out><![CDATA[Window size is: 1552 x 832
2024-07-26 00:13:03,619 [info]: Scroll Into View By.xpath: //button[text()='Save']
2024-07-26 00:13:03,681 [info]: Click By JS By.xpath: //button[text()='Reject']
Test Passed: verifyValidationMsgAppearsAfterReject
]]></system-out>
  </testcase>
  <testcase name="verifyUserIsAbleToRejectNotice" classname="TestCases.EscalatedNotices" time="0.97">
    <system-out><![CDATA[2024-07-26 00:13:34,474 [info]: Clicked on By.xpath: //button[text()='Create Category']
2024-07-26 00:13:34,489 [info]: Sendkeys on By.xpath: //div[@class='location-tile__inputs-container']//input with value TEXAS CITY Museum
Test Passed: verifyUserIsAbleToRejectNotice
]]></system-out>
  </testcase>
  <testcase name="verifyUserIsAbleToUpdateCaseNote" classname="TestCases.EscalatedNotices" time="6.851">
    <system-out><![CDATA[2024-07-26 00:13:40,748 [info]: Clicked on By.xpath: //div[text()='Add Report']
2024-07-26 00:13:42,687 [info]: GetText fromBy.xpath: //textarea[@name='internalComment']
Rejected
2024-07-26 00:13:42,791 [info]: Cleared value from By.xpath: //textarea[@name='internalComment']
2024-07-26 00:13:43,145 [info]: Sendkeys on By.xpath: //label[@title='Dashboard Name']/following::input[1] with value dtMebBizi
2024-07-26 00:13:43,285 [info]: Sendkeys on By.xpath: //textarea[@name='internalComment'] with value RejectedUpdated
2024-07-26 00:13:43,346 [info]: Click By JS By.xpath: //button[text()='Save']
2024-07-26 00:13:43,381 [info]: Sendkeys on By.xpath: //label[@title='Dashboard ID']/following::input[1] with value lAcDRhYJVAZl9n6
2024-07-26 00:13:43,572 [info]: Clicked on By.xpath: //button[text()='Add Report']
2024-07-26 00:13:43,874 [info]: GetText fromBy.xpath: //div[@class='notification-message']
2024-07-26 00:13:43,965 [info]: Clicked on By.xpath: //div/input[@placeholder='Start typing name of violation, article number or issue description']
2024-07-26 00:13:44,070 [info]: Clicked on By.xpath: //button[text()='Cancel']
2024-07-26 00:13:44,118 [info]: Clicked on By.xpath: (//div[text()='Edit & Configure CRM']//following::div[@class='table__pagination-nav-btns']//button)[2]
2024-07-26 00:13:44,516 [info]: Clicked on By.xpath: (//div[text()='Edit & Configure CRM']//following::div[@class='table__pagination-nav-btns']//button)[2]
2024-07-26 00:13:44,869 [info]: Clicked on By.xpath: (//div[text()='Edit & Configure CRM']//following::div[@class='table__pagination-nav-btns']//button)[2]
2024-07-26 00:13:45,187 [info]: Clicked on By.xpath: (//div[text()='Edit & Configure CRM']//following::div[@class='table__pagination-nav-btns']//button)[2]
2024-07-26 00:13:45,557 [info]: Clicked on By.xpath: (//div[text()='Edit & Configure CRM']//following::div[@class='table__pagination-nav-btns']//button)[2]
2024-07-26 00:13:45,603 [info]: Click By JS By.xpath: //button[text()='Create HTML Notice']
2024-07-26 00:13:46,153 [info]: Clicked on By.xpath: (//div[text()='Edit & Configure CRM']//following::div[@class='table__pagination-nav-btns']//button)[2]
2024-07-26 00:13:46,544 [info]: Clicked on By.xpath: (//div[text()='Edit & Configure CRM']//following::div[@class='table__pagination-nav-btns']//button)[2]
2024-07-26 00:13:46,830 [info]: Click By JS By.xpath: //button[text()='FA Document']
2024-07-26 00:13:46,953 [info]: Clicked on By.xpath: //div[text()='Edit & Configure CRM']//following::button[text()='Save']
2024-07-26 00:13:47,059 [info]: Sendkeys on By.xpath: //input[@name='label'] with value HTML FA b30X8T
2024-07-26 00:13:47,391 [info]: GetText fromBy.xpath: //div[@class='case-note-tile__content']
Test Passed: verifyUserIsAbleToUpdateCaseNote
]]></system-out>
  </testcase>
  <testcase name="verifyNotApprovedDisplayed" classname="TestCases.EscalatedNotices" time="0.048">
    <system-out><![CDATA[Test Passed: verifyNotApprovedDisplayed
]]></system-out>
  </testcase>
  <testcase name="verifyUserIsAbleToApproveNotice" classname="TestCases.EscalatedNotices" time="2.196">
    <system-out><![CDATA[2024-07-26 00:14:25,357 [info]: Scroll Into View By.cssSelector: #header div.app-header__new
2024-07-26 00:14:25,457 [info]: Click By JS By.cssSelector: #header div.app-header__new
2024-07-26 00:14:25,562 [info]: Click By JS By.xpath: //label[text()='Code Enforcement Case']
2024-07-26 00:14:26,589 [info]: Clicked on By.xpath: //div[@class='progressive-form__footer']//button[text()='Generate Notice']
Test Passed: verifyUserIsAbleToApproveNotice
]]></system-out>
  </testcase>
  <testcase name="verifyUserIsAbleToUpdateCaseNoteForApproval" classname="TestCases.EscalatedNotices" time="4.788">
    <system-out><![CDATA[2024-07-26 00:14:42,507 [info]: Click By JS By.xpath: //button[text()='Generate Notice']
2024-07-26 00:14:42,691 [info]: Click By JS By.xpath: //*[@class='app-header__user-name']/div
2024-07-26 00:14:43,137 [info]: Click By JS By.xpath: //label[text()='Logout']
2024-07-26 00:14:44,909 [info]: Clicked on By.xpath: //div[@class='footer_actions']/button
2024-07-26 00:14:45,385 [info]: Scroll Into View By.xpath: //button[text()='Create Category']
2024-07-26 00:14:45,539 [info]: Click By JS By.xpath: //button[text()='Create Category']
2024-07-26 00:14:46,945 [info]: Clicked on By.xpath: //div/input[@placeholder='Start typing name of violation, article number or issue description']
2024-07-26 00:14:47,216 [info]: GetText fromBy.xpath: (//div[@class='case-note-tile__content'])[2]
Test Passed: verifyUserIsAbleToUpdateCaseNoteForApproval
]]></system-out>
  </testcase>
  <testcase name="verifyCaseHistoryUpdated" classname="TestCases.EscalatedNotices" time="2.503">
    <system-out><![CDATA[2024-07-26 00:14:47,282 [info]: Scroll Into View By.xpath: //a[text()='View History']
2024-07-26 00:14:47,537 [info]: Click By JS By.xpath: //a[text()='View History']
2
2024-07-26 00:14:48,164 [info]: Click By JS By.xpath: //div[@class='multi-choice-buttons']/button[(starts-with(text(),'HTML'))]
2024-07-26 00:14:48,381 [info]: Clicked on By.xpath: (//div[@class='progressive-form__footer']//button[@class='square-btn btn btn-primary'])[2]
2024-07-26 00:14:49,720 [info]: Click By JS By.xpath: //button[@class='btn-close']
Test Passed: verifyCaseHistoryUpdated
]]></system-out>
  </testcase>
  <testcase name="preRequisiteForCDS301" classname="TestCases.EscalatedNotices" time="0.263">
    <system-out><![CDATA[Test Passed: preRequisiteForCDS301
]]></system-out>
  </testcase>
  <testcase name="verifyEscalatedNoticeTextDisplayedOnCDPForNonSupervisor" classname="TestCases.EscalatedNotices" time="5.26">
    <system-out><![CDATA[2024-07-26 00:18:53,838 [info]: Clicked on By.xpath: //button[@class='delete-btn  btn btn-primary']
2024-07-26 00:18:55,882 [info]: Clicked on By.xpath: //div[@class='flex-row--middle']/button[2]
2024-07-26 00:18:56,075 [info]: Clicked on By.xpath: //button[text()='Add Rule']
2024-07-26 00:18:57,391 [info]: Clicked on By.xpath: //label[@title='Attribute']/following::div[@class='Select-placeholder'][1]
2024-07-26 00:18:57,622 [info]: Clicked on By.xpath: //div[text()='Case Violation']
2024-07-26 00:18:57,817 [info]: Clicked on By.xpath: //label[@title='Attribute']/following::div[@class='Select-placeholder'][1]
2024-07-26 00:18:58,022 [info]: Clicked on By.xpath: //div[text()='Contains']
2024-07-26 00:18:58,201 [info]: Clicked on By.xpath: //label[@title='Attribute']/following::div[@class='Select-placeholder'][1]
2024-07-26 00:18:58,273 [info]: Scroll Into View By.xpath: //div[text()='Animal']
2024-07-26 00:18:58,524 [info]: Clicked on By.xpath: //div[text()='Animal']
Test Passed: verifyEscalatedNoticeTextDisplayedOnCDPForNonSupervisor
2024-07-26 00:18:58,595 [info]: Scroll Into View By.xpath: //label[@for='caseAssignee']/following::label[1]
]]></system-out>
    <system-err><![CDATA[org.openqa.selenium.TimeoutException: Expected condition failed: waiting for element to be clickable: By.xpath: //input[@placeholder='Filter by name or email'][@type='TEXT'] (tried for 60 second(s) with 1000 milliseconds interval)
Build info: version: '4.11.0', revision: '040bc5406b'
System info: os.name: 'Windows 11', os.arch: 'amd64', os.version: '10.0', java.version: '18.0.2.1'
Driver info: driver.version: unknown
	at org.openqa.selenium.support.ui.FluentWait.timeoutException(FluentWait.java:262)
	at org.openqa.selenium.support.ui.FluentWait.until(FluentWait.java:230)
	at CommonMethods.Helper.waitForElementIsInteractable(Helper.java:199)
	at POM.CreateCRMUserUtility.CreateCRMUser_VerifyNoCEAccessToCRMOnlyUser(CreateCRMUserUtility.java:572)
	at TestCases.CreateCRMUser.CreateCRMUser_VerifyNoCEAccessToCRMOnlyUser(CreateCRMUser.java:93)
	at java.base/jdk.internal.reflect.DirectMethodHandleAccessor.invoke(DirectMethodHandleAccessor.java:104)
	at java.base/java.lang.reflect.Method.invoke(Method.java:577)
	at org.testng.internal.invokers.MethodInvocationHelper.invokeMethod(MethodInvocationHelper.java:135)
	at org.testng.internal.invokers.TestInvoker.invokeMethod(TestInvoker.java:673)
	at org.testng.internal.invokers.TestInvoker.invokeTestMethod(TestInvoker.java:220)
	at org.testng.internal.invokers.MethodRunner.runInSequence(MethodRunner.java:50)
	at org.testng.internal.invokers.TestInvoker$MethodInvocationAgent.invoke(TestInvoker.java:945)
	at org.testng.internal.invokers.TestInvoker.invokeTestMethods(TestInvoker.java:193)
	at org.testng.internal.invokers.TestMethodWorker.invokeTestMethods(TestMethodWorker.java:146)
	at org.testng.internal.invokers.TestMethodWorker.run(TestMethodWorker.java:128)
	at java.base/java.util.concurrent.ThreadPoolExecutor.runWorker(ThreadPoolExecutor.java:1136)
	at java.base/java.util.concurrent.ThreadPoolExecutor$Worker.run(ThreadPoolExecutor.java:635)
	at java.base/java.lang.Thread.run(Thread.java:833)
]]></system-err>
  </testcase>
  <testcase name="verifyNotApprovedIsDisplayed" classname="TestCases.EscalatedNotices" time="0.065">
    <system-out><![CDATA[Test Passed: verifyNotApprovedIsDisplayed
]]></system-out>
  </testcase>
  <testcase name="verifyManageNoticeIsDisplayed" classname="TestCases.EscalatedNotices" time="0.043">
    <system-out><![CDATA[Test Passed: verifyManageNoticeIsDisplayed
]]></system-out>
  </testcase>
  <testcase name="verifyUserIsAbleToViewNotes" classname="TestCases.EscalatedNotices" time="0.09">
    <system-out><![CDATA[2024-07-26 00:18:58,751 [info]: Clicked on By.xpath: //label[@for='caseAssignee']/following::label[1]
2024-07-26 00:18:58,792 [info]: GetText fromBy.xpath: //div[@class='case-note-tile__content']
Test Passed: verifyUserIsAbleToViewNotes
]]></system-out>
  </testcase>
  <testcase name="verifyViewEscalatedNoticePopUpOpensUp" classname="TestCases.EscalatedNotices" time="0.326">
    <system-out><![CDATA[2024-07-26 00:18:59,001 [info]: Click By JS By.xpath: //div[@class='abatement-activities__draft-notice-cta']/a
Test Passed: verifyViewEscalatedNoticePopUpOpensUp
]]></system-out>
  </testcase>
  <testcase name="verifyUserIsAbleToDeleteAndReissueNotice" classname="TestCases.EscalatedNotices" time="1.121">
    <system-out><![CDATA[Test Failed: CreateCRMUser_VerifyNoCEAccessToCRMOnlyUser
2024-07-26 00:19:01,150 [info]: Clicked on By.xpath: //button[text()='Create Case']
2024-07-26 00:19:01,998 [info]: GetText fromBy.xpath: (//div[@class='progressive-form__title']/h2)[1]
Test Passed: verifyUserIsAbleToDeleteAndReissueNotice
]]></system-out>
  </testcase>
  <testcase name="LoginTest" classname="TestCases.DashBoard" time="11.119">
    <system-out><![CDATA[2024-07-26 00:05:18,445 [info]: Scroll Into View By.cssSelector: div.case-details__close-icon img
2024-07-26 00:05:18,699 [info]: Scroll Into View By.xpath: //button[text()='Create Violation']
2024-07-26 00:05:18,867 [info]: Click By JS By.xpath: //button[text()='Create Violation']
2024-07-26 00:05:20,340 [info]: Click By JS By.cssSelector: div.case-details__close-icon img
2024-07-26 00:05:20,725 [info]: Click By JS By.xpath: //div[@class='table__pagination-nav-btns']//button[@class='square-btn btn btn-default'][2]
2024-07-26 00:05:21,076 [info]: Sendkeys on By.xpath: //input[@name='label'] with value Animal
2024-07-26 00:05:21,099 [info]: Scroll Into View By.xpath: //label[@title='Violation Type']/following::div[@class='Select-placeholder']
2024-07-26 00:05:21,227 [info]: Clicked on By.xpath: //label[@title='Violation Type']/following::div[@class='Select-placeholder']
2024-07-26 00:05:21,363 [info]: Scroll Into View By.xpath: //div[@aria-label='Animal']
2024-07-26 00:05:21,561 [info]: Clicked on By.xpath: //div[@aria-label='Animal']
2024-07-26 00:05:21,727 [info]: Click By JS By.xpath: //*[@class='app-header__user-name']/div
2024-07-26 00:05:21,758 [info]: Clicked on By.xpath: //label[text()='Municipal Code']/following::span[1]
2024-07-26 00:05:21,866 [info]: Click By JS By.xpath: //label[text()='Logout']
2024-07-26 00:05:21,925 [info]: Clicked on By.xpath: //ul[@class='picklist-with-handler__picklist-section']/li
2024-07-26 00:05:21,999 [info]: Click By JS By.xpath: (//button[text()='Create Violation'])[2]
2024-07-26 00:05:23,568 [info]: Click By JS By.cssSelector: div.app-header__menu__icon
2024-07-26 00:05:23,609 [info]: Sendkeys on By.xpath: //input[@name='searchQuery'] with value 7781
2024-07-26 00:05:23,858 [info]: Click By JS By.xpath: //button[text()='Approve Notice']
2024-07-26 00:05:24,931 [info]: Click By JS By.xpath: //label[text()='Finance']
2024-07-26 00:05:26,081 [info]: Scroll Into View By.xpath: //button[text()='Save']
2024-07-26 00:05:26,182 [info]: Click By JS By.xpath: //div[@class='table__pagination-nav-btns']//button[@class='square-btn btn btn-default'][2]
2024-07-26 00:05:26,190 [info]: Click By JS By.xpath: //button[text()='Save']
2024-07-26 00:05:28,174 [info]: Scroll Into View By.xpath: //button[text()='Create Violation']
2024-07-26 00:05:28,359 [info]: Click By JS By.xpath: //button[text()='Create Violation']
2024-07-26 00:05:28,862 [info]: Clicked on By.xpath: //a[text()='Agencies']
Current IST time: 2024-07-26 00:05:29
2024-07-26 00:05:29,497 [info]: Timestamp 2024-07-26 00:05:29
2024-07-26 00:05:29,548 [info]: GetText fromBy.xpath: //div[@class='app-header__user-name']/label
Test Passed: LoginTest
]]></system-out>
  </testcase>
  <testcase name="TC_Dashboard_ViewAllStaffDashboard" classname="TestCases.DashBoard" time="3.318">
    <system-out><![CDATA[2024-07-26 00:05:38,858 [info]: Scroll Into View By.xpath: //div[text()='Dispositions']
2024-07-26 00:05:38,975 [info]: Click By JS By.xpath: //div[text()='Dispositions']
2024-07-26 00:05:38,985 [info]: Scroll Into View By.xpath: //div[@class='app-header__menu__icon']
2024-07-26 00:05:39,006 [info]: Click By JS By.xpath: //div[@class='app-header__menu__icon']
2024-07-26 00:05:39,033 [info]: Scroll Into View By.xpath: //label[text()='Agency Setup']//preceding-sibling::a
2
2024-07-26 00:05:40,372 [info]: Click By JS By.xpath: //button[text()='Create Invalid Disposition']
2024-07-26 00:05:41,396 [info]: Click By JS By.xpath: //label[text()='Agency Setup']//preceding-sibling::a
2024-07-26 00:05:42,025 [info]: Click By JS By.xpath: //span[@class='dropdown__arrow']
2024-07-26 00:05:42,111 [info]: Click By JS By.xpath: //li[text()='All Staff']
2024-07-26 00:05:42,170 [info]: GetText fromBy.xpath: //div[@class='dropdown__selector__selected']/label
Test Passed: TC_Dashboard_ViewAllStaffDashboard
]]></system-out>
    <system-err><![CDATA[org.openqa.selenium.TimeoutException: Expected condition failed: waiting for visibility of element located by By.xpath: //div[text()='Escalated Notice Generated'] (tried for 60 second(s) with 1000 milliseconds interval)
Build info: version: '4.11.0', revision: '040bc5406b'
System info: os.name: 'Windows 11', os.arch: 'amd64', os.version: '10.0', java.version: '18.0.2.1'
Driver info: driver.version: unknown
	at org.openqa.selenium.support.ui.FluentWait.timeoutException(FluentWait.java:262)
	at org.openqa.selenium.support.ui.FluentWait.until(FluentWait.java:230)
	at CommonMethods.Helper.waitUntilElementIsVisible(Helper.java:148)
	at POM.TemplateManagementUtility.TemplateMangement_VerifyDefaultEsclatedNoticeTemplate(TemplateManagementUtility.java:513)
	at TestCases.TemplateManagement.TemplateMangement_VerifyDefaultEsclatedNoticeTemplate(TemplateManagement.java:95)
	at java.base/jdk.internal.reflect.DirectMethodHandleAccessor.invoke(DirectMethodHandleAccessor.java:104)
	at java.base/java.lang.reflect.Method.invoke(Method.java:577)
	at org.testng.internal.invokers.MethodInvocationHelper.invokeMethod(MethodInvocationHelper.java:135)
	at org.testng.internal.invokers.TestInvoker.invokeMethod(TestInvoker.java:673)
	at org.testng.internal.invokers.TestInvoker.invokeTestMethod(TestInvoker.java:220)
	at org.testng.internal.invokers.MethodRunner.runInSequence(MethodRunner.java:50)
	at org.testng.internal.invokers.TestInvoker$MethodInvocationAgent.invoke(TestInvoker.java:945)
	at org.testng.internal.invokers.TestInvoker.invokeTestMethods(TestInvoker.java:193)
	at org.testng.internal.invokers.TestMethodWorker.invokeTestMethods(TestMethodWorker.java:146)
	at org.testng.internal.invokers.TestMethodWorker.run(TestMethodWorker.java:128)
	at java.base/java.util.concurrent.ThreadPoolExecutor.runWorker(ThreadPoolExecutor.java:1136)
	at java.base/java.util.concurrent.ThreadPoolExecutor$Worker.run(ThreadPoolExecutor.java:635)
	at java.base/java.lang.Thread.run(Thread.java:833)
]]></system-err>
  </testcase>
  <testcase name="TC_Dashboard_ViewMeDashboard" classname="TestCases.DashBoard" time="6.669">
    <system-out><![CDATA[2024-07-26 00:05:42,739 [info]: GetText fromBy.xpath: //div[text()='Create Invalid Disposition']
2024-07-26 00:05:42,791 [info]: Click By JS By.xpath: //div[@class='table__pagination-nav-btns']//button[@class='square-btn btn btn-default'][2]
2024-07-26 00:05:42,858 [info]: Click By JS By.xpath: //button[text()='Create Disposition']
2024-07-26 00:05:42,956 [info]: GetText fromBy.xpath: //span[@class='field__error']
2024-07-26 00:05:43,176 [info]: Sendkeys on By.xpath: //input[@name='label'] with value Invalid Dispositionnn
2024-07-26 00:05:43,298 [info]: Click By JS By.xpath: //button[text()='Create Disposition']
2024-07-26 00:05:43,868 [info]: GetText fromBy.xpath: //div[@class='multi-choice-buttons']/button[2]
2024-07-26 00:05:44,015 [info]: Scroll Into View By.xpath: //div[@class='app-header__menu__icon']
2024-07-26 00:05:44,038 [info]: Click By JS By.xpath: //div[@class='app-header__menu__icon']
2024-07-26 00:05:44,063 [info]: Scroll Into View By.xpath: //label[text()='Agency Setup']//preceding-sibling::a
2024-07-26 00:05:44,149 [info]: Click By JS By.xpath: //label[text()='Agency Setup']//preceding-sibling::a
2024-07-26 00:05:46,364 [info]: Scroll Into View By.xpath: //label[text()='Audit Trail']
2024-07-26 00:05:46,401 [info]: Scroll Into View By.xpath: //h6[text()='PRODUCT SETTINGS']/following::label[1]
2024-07-26 00:05:46,549 [info]: Scroll Into View By.xpath: //h6[text()='PRODUCT SETTINGS']/following::label[1]
2024-07-26 00:05:46,799 [info]: Click By JS By.xpath: //h6[text()='PRODUCT SETTINGS']/following::label[1]
2024-07-26 00:05:46,867 [info]: Scroll Into View By.xpath: //label[text()='Fines']
2024-07-26 00:05:46,971 [info]: Click By JS By.xpath: //label[text()='Fines']
2024-07-26 00:05:48,203 [info]: Click By JS By.xpath: //div[@class='table__pagination-nav-btns']//button[@class='square-btn btn btn-default'][2]
2024-07-26 00:05:48,547 [info]: Clicked on By.xpath: //span[@class='dropdown__arrow']
2024-07-26 00:05:48,803 [info]: Clicked on By.xpath: //li[text()='Me']
2024-07-26 00:05:48,839 [info]: GetText fromBy.xpath: //div[@class='dropdown__selector__selected']/label
Test Passed: TC_Dashboard_ViewMeDashboard
]]></system-out>
  </testcase>
  <testcase name="TC_Dashboard_OpenCasesAssignedToMeLink" classname="TestCases.DashBoard" time="2.193">
    <system-out><![CDATA[2024-07-26 00:05:52,074 [info]: Scroll Into View By.xpath: //div[@class='app-header__menu__icon']
2024-07-26 00:05:52,088 [info]: Scroll Into View By.xpath: //label[text()='Audit Trail']
2024-07-26 00:05:52,101 [info]: Click By JS By.xpath: //div[@class='app-header__menu__icon']
2024-07-26 00:05:52,134 [info]: Scroll Into View By.xpath: //label[text()='Agency Setup']//preceding-sibling::a
2024-07-26 00:05:53,607 [info]: Click By JS By.xpath: (//div[@class='table__pagination-nav-btns']//button)[2]
2024-07-26 00:05:53,677 [info]: Click By JS By.xpath: //div[@class='table__pagination-nav-btns']//button[@class='square-btn btn btn-default'][2]
2024-07-26 00:05:54,043 [info]: Click By JS By.xpath: //label[text()='Logout']
Test Passed: TC_Dashboard_OpenCasesAssignedToMeLink
]]></system-out>
  </testcase>
  <testcase name="TC_Dashboard_OpenCasesForMyAgencyLink" classname="TestCases.DashBoard" time="5.782">
    <system-out><![CDATA[2024-07-26 00:05:54,221 [info]: Click By JS By.xpath: //a[text()='Dashboard']
2024-07-26 00:05:54,361 [info]: Click By JS By.xpath: //label[text()='Agency Setup']//preceding-sibling::a
2024-07-26 00:05:55,719 [info]: Click By JS By.xpath: (//div[@class='table__pagination-nav-btns']//button)[2]
2024-07-26 00:05:57,347 [info]: Scroll Into View By.xpath: //label[text()='Audit Trail']
2024-07-26 00:05:57,852 [info]: Click By JS By.xpath: (//div[@class='table__pagination-nav-btns']//button)[2]
2024-07-26 00:05:58,556 [info]: Click By JS By.xpath: //span[@class='dropdown__arrow']
2024-07-26 00:05:58,675 [info]: Clicked on By.xpath: //li[text()='Me']
2024-07-26 00:05:59,122 [info]: Click By JS By.xpath: //div[@class='table__pagination-nav-btns']//button[@class='square-btn btn btn-default'][2]
hello true 1
2024-07-26 00:05:59,799 [info]: Scroll Into View By.xpath: //label[contains(text(),'CE')]
2024-07-26 00:05:59,833 [info]: Clicked on By.xpath: //label[text()='Open cases for my agency']
Test Passed: TC_Dashboard_OpenCasesForMyAgencyLink
]]></system-out>
  </testcase>
  <testcase name="TC_Dashboard_OverdueInspectionsLink" classname="TestCases.DashBoard" time="4.068">
    <system-out><![CDATA[2024-07-26 00:05:59,993 [info]: Click By JS By.xpath: (//div[@class='table__pagination-nav-btns']//button)[2]
2024-07-26 00:06:00,042 [info]: Click By JS By.xpath: //label[contains(text(),'CE')]
2024-07-26 00:06:02,133 [info]: Click By JS By.xpath: (//div[@class='table__pagination-nav-btns']//button)[2]
2024-07-26 00:06:02,253 [info]: Sendkeys on By.id: idp-discovery-username with value nonsupervisorStage@yopmail.com
2024-07-26 00:06:02,404 [info]: Clicked on By.id: idp-discovery-submit
2024-07-26 00:06:02,812 [info]: Click By JS By.xpath: //span[@class='dropdown__arrow']
2024-07-26 00:06:02,870 [info]: Scroll Into View By.xpath: //li[text()='Me']
2024-07-26 00:06:02,945 [info]: Click By JS By.xpath: //li[text()='Me']
2024-07-26 00:06:03,004 [info]: Scroll Into View By.xpath: //label[text()='Overdue Inspections']
2024-07-26 00:06:03,109 [info]: Click By JS By.xpath: //label[text()='Overdue Inspections']
Test Failed: CSDP_SubmissionDetails
Test Passed: TC_Dashboard_OverdueInspectionsLink
]]></system-out>
    <system-err><![CDATA[org.openqa.selenium.TimeoutException: Expected condition failed: waiting for element to be clickable: By.xpath: //div[@class='dropdown__selector__selected']/label (tried for 60 second(s) with 1000 milliseconds interval)
Build info: version: '4.11.0', revision: '040bc5406b'
System info: os.name: 'Windows 11', os.arch: 'amd64', os.version: '10.0', java.version: '18.0.2.1'
Driver info: driver.version: unknown
	at org.openqa.selenium.support.ui.FluentWait.timeoutException(FluentWait.java:262)
	at org.openqa.selenium.support.ui.FluentWait.until(FluentWait.java:230)
	at CommonMethods.Helper.waitForElementIsInteractable(Helper.java:199)
	at CommonMethods.CRMCommonMethods.createSubmission(CRMCommonMethods.java:213)
	at POM.CSDPUtility.CSDP_SubmissionDetails(CSDPUtility.java:849)
	at TestCases.CSDP.CSDP_SubmissionDetails(CSDP.java:187)
	at java.base/jdk.internal.reflect.DirectMethodHandleAccessor.invoke(DirectMethodHandleAccessor.java:104)
	at java.base/java.lang.reflect.Method.invoke(Method.java:577)
	at org.testng.internal.invokers.MethodInvocationHelper.invokeMethod(MethodInvocationHelper.java:135)
	at org.testng.internal.invokers.TestInvoker.invokeMethod(TestInvoker.java:673)
	at org.testng.internal.invokers.TestInvoker.invokeTestMethod(TestInvoker.java:220)
	at org.testng.internal.invokers.MethodRunner.runInSequence(MethodRunner.java:50)
	at org.testng.internal.invokers.TestInvoker$MethodInvocationAgent.invoke(TestInvoker.java:945)
	at org.testng.internal.invokers.TestInvoker.invokeTestMethods(TestInvoker.java:193)
	at org.testng.internal.invokers.TestMethodWorker.invokeTestMethods(TestMethodWorker.java:146)
	at org.testng.internal.invokers.TestMethodWorker.run(TestMethodWorker.java:128)
	at java.base/java.util.concurrent.ThreadPoolExecutor.runWorker(ThreadPoolExecutor.java:1136)
	at java.base/java.util.concurrent.ThreadPoolExecutor$Worker.run(ThreadPoolExecutor.java:635)
	at java.base/java.lang.Thread.run(Thread.java:833)
]]></system-err>
  </testcase>
  <testcase name="TC_Dashboard_InspectionsDueTodayLink" classname="TestCases.DashBoard" time="3.062">
    <system-out><![CDATA[2024-07-26 00:06:04,451 [info]: Click By JS By.xpath: (//div[@class='table__pagination-nav-btns']//button)[2]
2024-07-26 00:06:04,451 [info]: Sendkeys on By.id: okta-signin-password with value Hello@1234
2024-07-26 00:06:04,766 [info]: Clicked on By.id: okta-signin-submit
2024-07-26 00:06:04,910 [info]: Click By JS By.xpath: //div[@class='table__pagination-nav-btns']//button[@class='square-btn btn btn-default'][2]
https://admin-stage.comcate.com/agencies
220
https://app-stage.comcate.com/agencies/220/login
2024-07-26 00:06:06,571 [info]: Click By JS By.xpath: (//div[@class='table__pagination-nav-btns']//button)[2]
2024-07-26 00:06:06,605 [info]: Click By JS By.xpath: //span[@class='dropdown__arrow']
2024-07-26 00:06:06,708 [info]: Click By JS By.xpath: //li[text()='Me']
Window size is: 1552 x 832
2024-07-26 00:06:07,908 [info]: Scroll Into View By.xpath: //label[contains(text(),'Due Today')]/preceding-sibling::span
2024-07-26 00:06:07,972 [info]: GetText fromBy.xpath: //label[contains(text(),'Due Today')]/preceding-sibling::span
2024-07-26 00:06:08,016 [info]: Click By JS By.xpath: //label[contains(text(),'Due Today')]
2024-07-26 00:06:08,741 [info]: Click By JS By.xpath: (//div[@class='table__pagination-nav-btns']//button)[2]
2024-07-26 00:06:09,455 [info]: GetText fromBy.xpath: //div[@class='tab-name tab-name--active']
2024-07-26 00:06:09,579 [info]: Scroll Into View By.xpath: //button[text()='Create Category']
2024-07-26 00:06:10,034 [info]: Click By JS By.xpath: //button[text()='Create Category']
Test Passed: TC_Dashboard_InspectionsDueTodayLink
]]></system-out>
  </testcase>
  <testcase name="TC_Dashboard_TotalInspectionsLink" classname="TestCases.DashBoard" time="4.093">
    <system-out><![CDATA[2024-07-26 00:06:10,658 [info]: Click By JS By.xpath: //div[@class='table__pagination-nav-btns']//button[@class='square-btn btn btn-default'][2]
2024-07-26 00:06:10,918 [info]: Click By JS By.xpath: (//div[@class='table__pagination-nav-btns']//button)[2]
2024-07-26 00:06:12,232 [info]: Click By JS By.xpath: //span[@class='dropdown__arrow']
2024-07-26 00:06:12,304 [info]: Click By JS By.xpath: //li[text()='Me']
2024-07-26 00:06:12,358 [info]: Scroll Into View By.xpath: //label[text()='Total Inspections']
2024-07-26 00:06:12,466 [info]: Click By JS By.xpath: //label[text()='Total Inspections']
2024-07-26 00:06:13,067 [info]: Sendkeys on By.xpath: //input[@name='name'] with value Required mgfP3C
2024-07-26 00:06:13,076 [info]: Click By JS By.xpath: (//div[@class='table__pagination-nav-btns']//button)[2]
2024-07-26 00:06:13,226 [info]: Click By JS By.xpath: //div[@class='full-page-modal__header']//following::button[text()='Create Category']
Test Passed: TC_Dashboard_TotalInspectionsLink
]]></system-out>
  </testcase>
  <testcase name="TC_Dashboard_AllStaff_OpenCasesForMyAgency" classname="TestCases.DashBoard" time="0.781">
    <system-out><![CDATA[2024-07-26 00:06:28,552 [info]: Click By JS By.xpath: //div[@class='table__pagination-nav-btns']//button[@class='square-btn btn btn-default'][2]
2024-07-26 00:06:28,716 [info]: Scroll Into View By.xpath: //div[@class='app-header__menu__icon']
Test Passed: TC_Dashboard_AllStaff_OpenCasesForMyAgency
]]></system-out>
  </testcase>
  <testcase name="TC_Dashboard_TotalcasesForMyAgencyLink" classname="TestCases.DashBoard" time="0.824">
    <system-out><![CDATA[2024-07-26 00:06:35,061 [info]: Clicked on By.id: okta-signin-submit
2024-07-26 00:06:35,718 [info]: Click By JS By.xpath: //button[text()='Apply Approved Notice']
Test Passed: TC_Dashboard_TotalcasesForMyAgencyLink
]]></system-out>
  </testcase>
  <testcase name="TC_Dashboard_AllStaff_OverdueInspections" classname="TestCases.DashBoard" time="4.648">
    <system-out><![CDATA[2024-07-26 00:06:37,758 [info]: Sendkeys on By.id: idp-discovery-username with value MarkShane123@yopmail.com
2024-07-26 00:06:38,061 [info]: Clicked on By.id: idp-discovery-submit
2024-07-26 00:06:38,489 [info]: Click By JS By.xpath: //button[text()='Apply Approved Notice']
2024-07-26 00:06:38,563 [info]: Scroll Into View By.xpath: //label[text()='Overdue Inspections']
2024-07-26 00:06:38,845 [info]: Click By JS By.xpath: //label[text()='Overdue Inspections']
2024-07-26 00:06:39,006 [info]: Click By JS By.xpath: (//button[text()='Apply Approved Notice'])[2]
2024-07-26 00:06:39,179 [info]: Click By JS By.xpath: //button[text()='Yes']
2024-07-26 00:06:40,282 [info]: Sendkeys on By.id: okta-signin-password with value Hello@1234
2024-07-26 00:06:40,518 [info]: Click By JS By.xpath: //div[@class='table__pagination-nav-btns']//button[@class='square-btn btn btn-default'][2]
2024-07-26 00:06:40,579 [info]: Clicked on By.id: okta-signin-submit
Test Failed: TemplateMangement_VerifyDefaultEsclatedNoticeTemplate
Test Passed: TC_Dashboard_AllStaff_OverdueInspections
]]></system-out>
    <system-err><![CDATA[org.openqa.selenium.TimeoutException: Expected condition failed: waiting for visibility of element located by By.xpath: //div[text()='Escalated Notice Reviewed by Supervisor'] (tried for 60 second(s) with 1000 milliseconds interval)
Build info: version: '4.11.0', revision: '040bc5406b'
System info: os.name: 'Windows 11', os.arch: 'amd64', os.version: '10.0', java.version: '18.0.2.1'
Driver info: driver.version: unknown
	at org.openqa.selenium.support.ui.FluentWait.timeoutException(FluentWait.java:262)
	at org.openqa.selenium.support.ui.FluentWait.until(FluentWait.java:230)
	at CommonMethods.Helper.waitUntilElementIsVisible(Helper.java:148)
	at POM.TemplateManagementUtility.TemplateMangement_VerifyDefaultEsclatedNoticeTemplate(TemplateManagementUtility.java:514)
	at TestCases.TemplateManagement.TemplateMangement_VerifyDefaultEsclatedNoticeTemplate(TemplateManagement.java:95)
	at java.base/jdk.internal.reflect.DirectMethodHandleAccessor.invoke(DirectMethodHandleAccessor.java:104)
	at java.base/java.lang.reflect.Method.invoke(Method.java:577)
	at org.testng.internal.invokers.MethodInvocationHelper.invokeMethod(MethodInvocationHelper.java:135)
	at org.testng.internal.invokers.TestInvoker.invokeMethod(TestInvoker.java:673)
	at org.testng.internal.invokers.TestInvoker.invokeTestMethod(TestInvoker.java:220)
	at org.testng.internal.invokers.MethodRunner.runInSequence(MethodRunner.java:50)
	at org.testng.internal.invokers.TestInvoker$MethodInvocationAgent.invoke(TestInvoker.java:945)
	at org.testng.internal.invokers.TestInvoker.invokeTestMethods(TestInvoker.java:193)
	at org.testng.internal.invokers.TestMethodWorker.invokeTestMethods(TestMethodWorker.java:146)
	at org.testng.internal.invokers.TestMethodWorker.run(TestMethodWorker.java:128)
	at java.base/java.util.concurrent.ThreadPoolExecutor.runWorker(ThreadPoolExecutor.java:1136)
	at java.base/java.util.concurrent.ThreadPoolExecutor$Worker.run(ThreadPoolExecutor.java:635)
	at java.base/java.lang.Thread.run(Thread.java:833)
]]></system-err>
  </testcase>
  <testcase name="TC_Dashboard_AllStaff_InspectionsDueToday" classname="TestCases.DashBoard" time="0.388">
    <system-out><![CDATA[2024-07-26 00:06:51,292 [info]: Scroll Into View By.xpath: //a[text()='Cases']
2024-07-26 00:06:51,437 [info]: Click By JS By.xpath: //a[text()='Cases']
2024-07-26 00:06:51,517 [info]: Click By JS By.xpath: //label[text()='Logout']
Test Passed: TC_Dashboard_AllStaff_InspectionsDueToday
]]></system-out>
  </testcase>
  <testcase name="TC_Dashboard_AllStaff_TotalInspectionsLink" classname="TestCases.DashBoard" time="0.565">
    <system-out><![CDATA[2024-07-26 00:06:57,588 [info]: Click By JS By.xpath: //a[@title='Zoom in'][@role='button']
2024-07-26 00:06:57,857 [info]: Clicked on By.xpath: //div[@class='widget widget--all-dashboard']/a/label
2024-07-26 00:06:57,912 [info]: Click By JS By.xpath: //a[@title='Zoom in'][@role='button']
2024-07-26 00:06:57,923 [info]: Click By JS By.xpath: //div[@class='table__pagination-nav-btns']//button[@class='square-btn btn btn-default'][2]
Test Passed: TC_Dashboard_AllStaff_TotalInspectionsLink
]]></system-out>
  </testcase>
  <testcase name="TC_Dashboard_OpenTotalInspectionPopup" classname="TestCases.DashBoard" time="5.146">
    <system-out><![CDATA[2024-07-26 00:07:03,645 [info]: Click By JS By.xpath: //div[@class='table__pagination-nav-btns']//button[@class='square-btn btn btn-default'][2]
2024-07-26 00:07:03,703 [info]: GetText fromBy.xpath: //span[@class='checkbox-holder']/following::a[1]
2024-07-26 00:07:03,733 [info]: Scroll Into View By.xpath: //div[@class='table__pagination-nav-btns']//button[@class='square-btn btn btn-default'][2]
2024-07-26 00:07:04,520 [info]: Click By JS By.xpath: //div[@class='table__pagination-nav-btns']//button[@class='square-btn btn btn-default'][2]
2024-07-26 00:07:05,156 [info]: Scroll Into View By.xpath: (//button[text()='Next'])[2]
2024-07-26 00:07:05,265 [info]: Click By JS By.xpath: (//button[text()='Next'])[2]
2024-07-26 00:07:05,327 [info]: Click By JS By.xpath: //div[@class='multi-choice-buttons']/button[2]
2024-07-26 00:07:05,327 [info]: Sendkeys on By.id: okta-signin-password with value Hello@1234
2024-07-26 00:07:05,366 [info]: Scroll Into View By.xpath: //button[text()='Text Message']
2024-07-26 00:07:05,443 [info]: Click By JS By.xpath: //button[text()='Email']
2024-07-26 00:07:05,472 [info]: Clicked on By.id: okta-signin-submit
2024-07-26 00:07:05,472 [info]: Scroll Into View By.xpath: //button[text()='Text Message']
2024-07-26 00:07:05,549 [info]: Click By JS By.xpath: //button[text()='Text Message']
2024-07-26 00:07:05,777 [info]: Sendkeys on By.xpath: //input[@name='firstName'] with value RComyI
2024-07-26 00:07:05,996 [info]: Sendkeys on By.xpath: //input[@name='lastName'] with value ORQMxj
2024-07-26 00:07:06,297 [info]: Sendkeys on By.xpath: //input[@name='email'] with value automationcomcate@gmail.com
2024-07-26 00:07:06,544 [info]: Sendkeys on By.xpath: //input[@name='phoneNumber'] with value +12057547399
2024-07-26 00:07:06,625 [info]: Scroll Into View By.cssSelector: div.actions button.btn-primary
2024-07-26 00:07:06,690 [info]: Clicked on By.xpath: (//div[@class='dashboard__widgets-holder__widgets']//label)[2]
Test Passed: TC_Dashboard_OpenTotalInspectionPopup
]]></system-out>
    <system-err><![CDATA[org.openqa.selenium.ElementClickInterceptedException: element click intercepted: Element is not clickable at point (88, 1166)
  (Session info: chrome=115.0.5790.170)
Build info: version: '4.11.0', revision: '040bc5406b'
System info: os.name: 'Windows 11', os.arch: 'amd64', os.version: '10.0', java.version: '18.0.2.1'
Driver info: org.openqa.selenium.chrome.ChromeDriver
Command: [3109e1de7df95413de9714965dfb9593, clickElement {id=A6B9C0F8E93E88F710CD11FBCB823075_element_615}]
Capabilities {acceptInsecureCerts: false, browserName: chrome, browserVersion: 115.0.5790.170, chrome: {chromedriverVersion: 115.0.5790.170 (cc0d30c2ca5..., userDataDir: C:\Users\SQELAB~1\AppData\L...}, goog:chromeOptions: {debuggerAddress: localhost:60210}, networkConnectionEnabled: false, pageLoadStrategy: normal, platformName: windows, proxy: Proxy(), se:cdp: ws://localhost:60210/devtoo..., se:cdpVersion: 115.0.5790.170, setWindowRect: true, strictFileInteractability: false, timeouts: {implicit: 0, pageLoad: 300000, script: 30000}, unhandledPromptBehavior: dismiss and notify, webauthn:extension:credBlob: true, webauthn:extension:largeBlob: true, webauthn:extension:minPinLength: true, webauthn:extension:prf: true, webauthn:virtualAuthenticators: true}
Element: [[ChromeDriver: chrome on windows (3109e1de7df95413de9714965dfb9593)] -> xpath: //label[text()='Total Inspections']/following::a]
Session ID: 3109e1de7df95413de9714965dfb9593
	at java.base/jdk.internal.reflect.DirectConstructorHandleAccessor.newInstance(DirectConstructorHandleAccessor.java:67)
	at java.base/java.lang.reflect.Constructor.newInstanceWithCaller(Constructor.java:499)
	at java.base/java.lang.reflect.Constructor.newInstance(Constructor.java:483)
	at org.openqa.selenium.remote.codec.w3c.W3CHttpResponseCodec.createException(W3CHttpResponseCodec.java:200)
	at org.openqa.selenium.remote.codec.w3c.W3CHttpResponseCodec.decode(W3CHttpResponseCodec.java:133)
	at org.openqa.selenium.remote.codec.w3c.W3CHttpResponseCodec.decode(W3CHttpResponseCodec.java:52)
	at org.openqa.selenium.remote.HttpCommandExecutor.execute(HttpCommandExecutor.java:191)
	at org.openqa.selenium.remote.service.DriverCommandExecutor.invokeExecute(DriverCommandExecutor.java:196)
	at org.openqa.selenium.remote.service.DriverCommandExecutor.execute(DriverCommandExecutor.java:171)
	at org.openqa.selenium.remote.RemoteWebDriver.execute(RemoteWebDriver.java:518)
	at org.openqa.selenium.remote.RemoteWebElement.execute(RemoteWebElement.java:224)
	at org.openqa.selenium.remote.RemoteWebElement.click(RemoteWebElement.java:77)
	at CommonMethods.Helper.clickOn(Helper.java:380)
	at POM.DashBoardUtility.TC_Dashboard_OpenTotalInspectionPopup(DashBoardUtility.java:386)
	at TestCases.DashBoard.TC_Dashboard_OpenTotalInspectionPopup(DashBoard.java:124)
	at java.base/jdk.internal.reflect.DirectMethodHandleAccessor.invoke(DirectMethodHandleAccessor.java:104)
	at java.base/java.lang.reflect.Method.invoke(Method.java:577)
	at org.testng.internal.invokers.MethodInvocationHelper.invokeMethod(MethodInvocationHelper.java:135)
	at org.testng.internal.invokers.TestInvoker.invokeMethod(TestInvoker.java:673)
	at org.testng.internal.invokers.TestInvoker.invokeTestMethod(TestInvoker.java:220)
	at org.testng.internal.invokers.MethodRunner.runInSequence(MethodRunner.java:50)
	at org.testng.internal.invokers.TestInvoker$MethodInvocationAgent.invoke(TestInvoker.java:945)
	at org.testng.internal.invokers.TestInvoker.invokeTestMethods(TestInvoker.java:193)
	at org.testng.internal.invokers.TestMethodWorker.invokeTestMethods(TestMethodWorker.java:146)
	at org.testng.internal.invokers.TestMethodWorker.run(TestMethodWorker.java:128)
	at java.base/java.util.concurrent.ThreadPoolExecutor.runWorker(ThreadPoolExecutor.java:1136)
	at java.base/java.util.concurrent.ThreadPoolExecutor$Worker.run(ThreadPoolExecutor.java:635)
	at java.base/java.lang.Thread.run(Thread.java:833)
]]></system-err>
  </testcase>
  <testcase name="TC_Dashboard_CompareCountOfCasesWithCLP" classname="TestCases.DashBoard" time="1.677">
    <failure message="For input string: &quot;Cases&quot;" type="java.lang.NumberFormatException"><![CDATA[java.lang.NumberFormatException: For input string: "Cases"
	at java.base/java.lang.NumberFormatException.forInputString(NumberFormatException.java:67)
	at java.base/java.lang.Integer.parseInt(Integer.java:668)
	at java.base/java.lang.Integer.parseInt(Integer.java:784)
	at POM.DashBoardUtility.TC_Dashboard_CompareCountOfCasesWithCLP(DashBoardUtility.java:427)
	at TestCases.DashBoard.TC_Dashboard_CompareCountOfCasesWithCLP(DashBoard.java:132)
	at java.base/jdk.internal.reflect.DirectMethodHandleAccessor.invoke(DirectMethodHandleAccessor.java:104)
	at java.base/java.lang.reflect.Method.invoke(Method.java:577)
	at org.testng.internal.invokers.MethodInvocationHelper.invokeMethod(MethodInvocationHelper.java:135)
	at org.testng.internal.invokers.TestInvoker.invokeMethod(TestInvoker.java:673)
	at org.testng.internal.invokers.TestInvoker.invokeTestMethod(TestInvoker.java:220)
	at org.testng.internal.invokers.MethodRunner.runInSequence(MethodRunner.java:50)
	at org.testng.internal.invokers.TestInvoker$MethodInvocationAgent.invoke(TestInvoker.java:945)
	at org.testng.internal.invokers.TestInvoker.invokeTestMethods(TestInvoker.java:193)
	at org.testng.internal.invokers.TestMethodWorker.invokeTestMethods(TestMethodWorker.java:146)
	at org.testng.internal.invokers.TestMethodWorker.run(TestMethodWorker.java:128)
	at java.base/java.util.concurrent.ThreadPoolExecutor.runWorker(ThreadPoolExecutor.java:1136)
	at java.base/java.util.concurrent.ThreadPoolExecutor$Worker.run(ThreadPoolExecutor.java:635)
	at java.base/java.lang.Thread.run(Thread.java:833)
]]></failure>
    <system-out><![CDATA[2024-07-26 00:07:24,618 [info]: GetText fromBy.xpath: //div[@class='cs-listing__section__header']//following-sibling::span
Cases
2024-07-26 00:07:24,669 [info]: GetText fromBy.xpath: //div[@class='cs-listing__section__header']//following-sibling::span
size of list 1
Cases
Test Failed: TC_Dashboard_CompareCountOfCasesWithCLP
]]></system-out>
  </testcase>
  <testcase name="TC_Dashboard_OpenPrintQueuePopup" classname="TestCases.DashBoard" time="8.585">
    <system-out><![CDATA[2024-07-26 00:07:58,996 [info]: Scroll Into View By.xpath: //input[@name='deleteText']
2024-07-26 00:07:59,373 [info]: Sendkeys on By.xpath: //input[@name='deleteText'] with value DELETE
2024-07-26 00:08:00,195 [info]: Clicked on By.xpath: //button[text()='Delete Case']
2024-07-26 00:08:00,787 [info]: Click By JS By.xpath: //label[text()='Notices']
2024-07-26 00:08:00,860 [info]: Scroll Into View By.xpath: //div[@class='app-header__menu__icon']
2024-07-26 00:08:01,035 [info]: Click By JS By.xpath: //div[@class='table__pagination-nav-btns']//button[@class='square-btn btn btn-default'][2]
2024-07-26 00:08:03,061 [info]: Click By JS By.xpath: //i[@class='fa fa-2 fa-sliders']
2024-07-26 00:08:05,063 [info]: GetText fromBy.xpath: //div[@class='agency-setup-tab__section__header']/h2
2024-07-26 00:08:05,234 [info]: Click By JS By.xpath: //button[text()='Create HTML Notice']
2024-07-26 00:08:06,438 [info]: Click By JS By.xpath: //div[@class='table__pagination-nav-btns']//button[@class='square-btn btn btn-default'][2]
2024-07-26 00:08:07,045 [info]: Clicked on By.xpath: //div/input[@placeholder='Start typing name of violation, article number or issue description']
2024-07-26 00:08:07,430 [info]: Clicked on By.xpath: //div[@class='modal-footer']//button[1]
Test Passed: TC_Dashboard_OpenPrintQueuePopup
]]></system-out>
    <system-err><![CDATA[org.openqa.selenium.TimeoutException: Expected condition failed: waiting for element to be clickable: By.xpath: //label[text()='Notices'] (tried for 60 second(s) with 1000 milliseconds interval)
Build info: version: '4.11.0', revision: '040bc5406b'
System info: os.name: 'Windows 11', os.arch: 'amd64', os.version: '10.0', java.version: '18.0.2.1'
Driver info: driver.version: unknown
	at org.openqa.selenium.support.ui.FluentWait.timeoutException(FluentWait.java:262)
	at org.openqa.selenium.support.ui.FluentWait.until(FluentWait.java:230)
	at CommonMethods.Helper.waitForElementIsInteractable(Helper.java:199)
	at CommonMethods.CRMCommonMethods.navigationToNotices(CRMCommonMethods.java:108)
	at POM.AppPreRequisiteUtility.AgencySetup_VerifyCreationOfHTMLNotice(AppPreRequisiteUtility.java:1188)
	at TestCases.AgencyCreation.AgencySetup_VerifyCreationOfHTMLNotice(AgencyCreation.java:339)
	at java.base/jdk.internal.reflect.DirectMethodHandleAccessor.invoke(DirectMethodHandleAccessor.java:104)
	at java.base/java.lang.reflect.Method.invoke(Method.java:577)
	at org.testng.internal.invokers.MethodInvocationHelper.invokeMethod(MethodInvocationHelper.java:135)
	at org.testng.internal.invokers.TestInvoker.invokeMethod(TestInvoker.java:673)
	at org.testng.internal.invokers.TestInvoker.invokeTestMethod(TestInvoker.java:220)
	at org.testng.internal.invokers.MethodRunner.runInSequence(MethodRunner.java:50)
	at org.testng.internal.invokers.TestInvoker$MethodInvocationAgent.invoke(TestInvoker.java:945)
	at org.testng.internal.invokers.TestInvoker.invokeTestMethods(TestInvoker.java:193)
	at org.testng.internal.invokers.TestMethodWorker.invokeTestMethods(TestMethodWorker.java:146)
	at org.testng.internal.invokers.TestMethodWorker.run(TestMethodWorker.java:128)
	at java.base/java.util.concurrent.ThreadPoolExecutor.runWorker(ThreadPoolExecutor.java:1136)
	at java.base/java.util.concurrent.ThreadPoolExecutor$Worker.run(ThreadPoolExecutor.java:635)
	at java.base/java.lang.Thread.run(Thread.java:833)
]]></system-err>
  </testcase>
  <testcase name="LoginTest" classname="TestCases.DashboardCRM" time="3.031">
    <system-out><![CDATA[2024-07-26 00:06:28,829 [info]: Click By JS By.xpath: //div[@class='app-header__menu__icon']
2024-07-26 00:06:28,918 [info]: Scroll Into View By.xpath: //label[text()='Agency Setup']//preceding-sibling::a
2024-07-26 00:06:30,760 [info]: Click By JS By.xpath: //label[text()='Agency Setup']//preceding-sibling::a
2024-07-26 00:06:30,905 [info]: Sendkeys on By.id: idp-discovery-username with value nonsupervisorStage@yopmail.com
2024-07-26 00:06:31,225 [info]: Clicked on By.id: idp-discovery-submit
Current IST time: 2024-07-26 00:06:31
2024-07-26 00:06:31,718 [info]: Timestamp 2024-07-26 00:06:31
2024-07-26 00:06:31,737 [info]: Scroll Into View By.xpath: //label[text()='Audit Trail']
2024-07-26 00:06:31,759 [info]: GetText fromBy.xpath: //div[@class='app-header__user-name']/label
Test Passed: LoginTest
]]></system-out>
    <system-err><![CDATA[org.openqa.selenium.TimeoutException: Expected condition failed: waiting for visibility of element located by By.id: okta-signin-username (tried for 60 second(s) with 1000 milliseconds interval)
Build info: version: '4.11.0', revision: '040bc5406b'
System info: os.name: 'Windows 11', os.arch: 'amd64', os.version: '10.0', java.version: '18.0.2.1'
Driver info: driver.version: unknown
	at org.openqa.selenium.support.ui.FluentWait.timeoutException(FluentWait.java:262)
	at org.openqa.selenium.support.ui.FluentWait.until(FluentWait.java:230)
	at CommonMethods.Helper.waitUntilElementIsVisible(Helper.java:148)
	at POM.LoginUtility.LoginAgencyUser(LoginUtility.java:1132)
	at POM.LoginUtility.loginNoSupervisor_QAProdStage(LoginUtility.java:1293)
	at POM.CDP_Utility.VerifyEsclatedNoticeStatusAppearToNonSupervisorManager(CDP_Utility.java:1381)
	at TestCases.EscalatedNoticesCDP.EscalatedNoticesCDP_VerifyEsclatedNoticeStatusAppearToNonSupervisorManager(EscalatedNoticesCDP.java:82)
	at java.base/jdk.internal.reflect.DirectMethodHandleAccessor.invoke(DirectMethodHandleAccessor.java:104)
	at java.base/java.lang.reflect.Method.invoke(Method.java:577)
	at org.testng.internal.invokers.MethodInvocationHelper.invokeMethod(MethodInvocationHelper.java:135)
	at org.testng.internal.invokers.TestInvoker.invokeMethod(TestInvoker.java:673)
	at org.testng.internal.invokers.TestInvoker.invokeTestMethod(TestInvoker.java:220)
	at org.testng.internal.invokers.MethodRunner.runInSequence(MethodRunner.java:50)
	at org.testng.internal.invokers.TestInvoker$MethodInvocationAgent.invoke(TestInvoker.java:945)
	at org.testng.internal.invokers.TestInvoker.invokeTestMethods(TestInvoker.java:193)
	at org.testng.internal.invokers.TestMethodWorker.invokeTestMethods(TestMethodWorker.java:146)
	at org.testng.internal.invokers.TestMethodWorker.run(TestMethodWorker.java:128)
	at java.base/java.util.concurrent.ThreadPoolExecutor.runWorker(ThreadPoolExecutor.java:1136)
	at java.base/java.util.concurrent.ThreadPoolExecutor$Worker.run(ThreadPoolExecutor.java:635)
	at java.base/java.lang.Thread.run(Thread.java:833)
]]></system-err>
  </testcase>
  <testcase name="Dashboard_VerifyDirectionToCRMDashboard" classname="TestCases.DashboardCRM" time="3.992">
    <system-out><![CDATA[2024-07-26 00:06:51,693 [info]: Sendkeys on By.xpath: //textarea[@name='description'] with value JXVWjz3ZX9l8
Test Failed: Dashboard_VerifyCRMToggleButton
2024-07-26 00:06:51,968 [info]: Click By JS By.xpath: //div[@class='table__pagination-nav-btns']//button[@class='square-btn btn btn-default'][2]
2024-07-26 00:06:52,640 [info]: Scroll Into View By.xpath: (//button[text()='Next'])[1]
2024-07-26 00:06:53,605 [info]: Click By JS By.xpath: //div[@class='multi-choice-buttons']/button[2]
2024-07-26 00:06:53,825 [info]: Sendkeys on By.xpath: //input[@name='searchQuery'] with value 24-1842
2024-07-26 00:06:55,289 [info]: Scroll Into View By.xpath: //label[text()='Total Inspections']
2024-07-26 00:06:55,394 [info]: Click By JS By.xpath: //label[text()='Total Inspections']
2024-07-26 00:06:55,918 [info]: Click By JS By.xpath: (//button[text()='Next'])[1]
2024-07-26 00:06:57,368 [info]: Click By JS By.xpath: //a[@title='Zoom in'][@role='button']
Test Passed: Dashboard_VerifyDirectionToCRMDashboard
]]></system-out>
  </testcase>
  <testcase name="Dashboard_VerifyDirectionToCSLPForAssignedToMELink" classname="TestCases.DashboardCRM" time="0.241">
    <system-out><![CDATA[2024-07-26 00:07:01,391 [info]: Scroll Into View By.xpath: //div[text()='Assignee']
Test Passed: Dashboard_VerifyDirectionToCSLPForAssignedToMELink
]]></system-out>
  </testcase>
  <testcase name="Dashboard_VerifyDirectionToCSLPForMyAgency" classname="TestCases.DashboardCRM" time="0.004">
    <system-out><![CDATA[Test Passed: Dashboard_VerifyDirectionToCSLPForMyAgency
]]></system-out>
  </testcase>
  <testcase name="LoginNoSupervisorUser" classname="TestCases.DashboardCRM" time="6.791">
    <system-out><![CDATA[2024-07-26 00:07:26,801 [info]: Click By JS By.xpath: //div[@class='table__pagination-nav-btns']//button[@class='square-btn btn btn-default'][2]
2024-07-26 00:07:29,080 [info]: Sendkeys on By.xpath: //div[@class='location-tile__inputs-container']//input with value TEXAS CITY Museum
2024-07-26 00:07:29,142 [info]: Sendkeys on By.id: idp-discovery-username with value nonsupervisorStage@yopmail.com
2024-07-26 00:07:29,378 [info]: Clicked on By.id: idp-discovery-submit
2024-07-26 00:07:31,668 [info]: Clicked on By.xpath: //li[@id='react-autowhatever-1-section-0-item-0']
2024-07-26 00:07:31,820 [info]: Sendkeys on By.id: okta-signin-password with value Hello@1234
2024-07-26 00:07:32,107 [info]: Clicked on By.id: okta-signin-submit
Test Passed: LoginNoSupervisorUser
]]></system-out>
  </testcase>
  <testcase name="VerifyEscalatedinkForMyAgencyDisplayedForNoSupervisorUser" classname="TestCases.DashboardCRM" time="35.202">
    <system-out><![CDATA[2024-07-26 00:09:19,353 [info]: Click By JS By.xpath: //*[@class='app-header__user-name']/div
2024-07-26 00:09:19,362 [info]: Scroll Into View By.xpath: //div[@class='table__pagination-nav-btns']//button[@class='square-btn btn btn-default'][2]
2024-07-26 00:09:19,646 [info]: Click By JS By.xpath: //div[@class='table__pagination-nav-btns']//button[@class='square-btn btn btn-default'][2]
2024-07-26 00:09:20,920 [info]: Clicked on By.xpath: //span[@aria-selected='true']//ancestor::div[@class='Select-multi-value-wrapper']//following-sibling::span
2024-07-26 00:09:21,202 [info]: Clicked on By.xpath: //span/label[text()='Property Owner']
2024-07-26 00:09:21,395 [info]: Click By JS By.xpath: //label[text()='Logout']
2024-07-26 00:09:21,464 [info]: Clicked on By.xpath: //button[text()='Apply']
2024-07-26 00:09:21,494 [info]: Scroll Into View By.xpath: //span[contains(text(),'Attachments')]//following-sibling::button
2024-07-26 00:09:21,577 [info]: Click By JS By.xpath: //span[contains(text(),'Attachments')]//following-sibling::button
2024-07-26 00:09:23,999 [info]: Scroll Into View By JS [[ChromeDriver: chrome on windows (7be09a9df3b9dc124d9622fad529c486)] -> xpath: //*[text()='EscalatedNotice']]
2024-07-26 00:09:24,519 [info]: Move to element and Click on [[ChromeDriver: chrome on windows (7be09a9df3b9dc124d9622fad529c486)] -> xpath: //*[text()='EscalatedNotice']]
2024-07-26 00:09:24,644 [info]: Click By JS By.xpath: //div[@class='progressive-form active']//button[text()='Continue']
2024-07-26 00:09:25,789 [info]: Scroll Into View By.xpath: //div[@class='progressive-form__footer']//button[text()='Generate Notice']
2024-07-26 00:09:26,800 [info]: Scroll Into View By.xpath: //div[@class='table__pagination-nav-btns']//button[@class='square-btn btn btn-default'][2]
2024-07-26 00:09:27,056 [info]: Scroll Into View By.xpath: //div[@class='table__pagination-nav-btns']//button[@class='square-btn btn btn-default'][2]
hello true 1
2024-07-26 00:09:27,382 [info]: Click By JS By.xpath: //div[@class='table__pagination-nav-btns']//button[@class='square-btn btn btn-default'][2]
2024-07-26 00:09:27,432 [info]: Clicked on By.xpath: //button[text()='Add']
2024-07-26 00:09:27,454 [info]: Scroll Into View By.xpath: //span[contains(text(),'Attachments')]//following-sibling::button
2024-07-26 00:09:27,719 [info]: Click By JS By.xpath: //span[contains(text(),'Attachments')]//following-sibling::button
2024-07-26 00:09:29,046 [info]: Move to element and Click on [[ChromeDriver: chrome on windows (7be09a9df3b9dc124d9622fad529c486)] -> xpath: //div[@class='progressive-form__footer']//button[text()='Generate Notice']]
2024-07-26 00:09:31,434 [info]: Sendkeys on By.id: idp-discovery-username with value nonsupervisorStage@yopmail.com
2024-07-26 00:09:31,570 [info]: Clicked on By.id: idp-discovery-submit
2024-07-26 00:09:32,457 [info]: Scroll Into View By.xpath: //div[@class='case-inspection__print-notice']//button[text()='Do Not Print']
2024-07-26 00:09:33,277 [info]: Sendkeys on By.id: okta-signin-password with value Hello@1234
2024-07-26 00:09:33,670 [info]: Clicked on By.id: okta-signin-submit
2024-07-26 00:09:33,675 [info]: Click By JS By.xpath: //div[@class='case-inspection__print-notice']//button[text()='Do Not Print']
2024-07-26 00:09:34,409 [info]: Clicked on By.xpath: //button[text()='Add']
2024-07-26 00:09:34,432 [info]: Scroll Into View By.xpath: //span[contains(text(),'Attachments')]//following-sibling::button
2024-07-26 00:09:34,509 [info]: Click By JS By.xpath: //span[contains(text(),'Attachments')]//following-sibling::button
2024-07-26 00:09:34,570 [info]: Scroll Into View By.xpath: //div[@class='table__pagination-nav-btns']//button[@class='square-btn btn btn-default'][2]
2024-07-26 00:09:34,647 [info]: Scroll Into View By.xpath: //div[@class='table__pagination-nav-btns']//button[@class='square-btn btn btn-default'][2]
2024-07-26 00:09:34,785 [info]: Click By JS By.xpath: //button[text()='Complete Inspection & Generate Notice for Approval']
2024-07-26 00:09:34,989 [info]: Click By JS By.xpath: //div[@class='table__pagination-nav-btns']//button[@class='square-btn btn btn-default'][2]
2024-07-26 00:09:36,170 [info]: Clicked on By.xpath: //button[text()='Add']
2024-07-26 00:09:41,230 [info]: Scroll Into View By.xpath: //div/button[text()='Create Case']
2024-07-26 00:09:41,599 [info]: Clicked on By.xpath: //div/button[text()='Create Case']
2024-07-26 00:09:42,145 [info]: Scroll Into View By.xpath: //div[@class='table__pagination-nav-btns']//button[@class='square-btn btn btn-default'][2]
2024-07-26 00:09:42,233 [info]: Scroll Into View By.xpath: //div[@class='table__pagination-nav-btns']//button[@class='square-btn btn btn-default'][2]
2024-07-26 00:09:42,295 [info]: Scroll Into View By.cssSelector: #header div.app-header__new
2024-07-26 00:09:42,441 [info]: Click By JS By.cssSelector: #header div.app-header__new
2024-07-26 00:09:42,517 [info]: Click By JS By.xpath: //div[@class='table__pagination-nav-btns']//button[@class='square-btn btn btn-default'][2]
2024-07-26 00:09:43,529 [info]: Clicked on By.xpath: //button[text()='Perform Inspection']
2024-07-26 00:09:43,576 [info]: Click By JS By.xpath: //label[text()='Code Enforcement Case']
2024-07-26 00:09:43,660 [info]: Scroll Into View By.xpath: //button[text()='Create & Perform Inspection']
2024-07-26 00:09:43,889 [info]: Clicked on By.xpath: //button[text()='Create & Perform Inspection']
2024-07-26 00:09:43,986 [info]: Clicked on By.xpath: //button[text()='Add']
2024-07-26 00:09:47,293 [info]: Scroll Into View failed.
Test Failed: TemplateMangement_VerifyEscalatedNoticeEditedTemplate
2024-07-26 00:09:49,055 [info]: Scroll Into View By.xpath: //div/button[text()='Create Case']
2024-07-26 00:09:49,407 [info]: Clicked on By.xpath: //div/button[text()='Create Case']
2024-07-26 00:09:49,674 [info]: Scroll Into View By.xpath: //div[@class='table__pagination-nav-btns']//button[@class='square-btn btn btn-default'][2]
2024-07-26 00:09:49,746 [info]: Scroll Into View By.xpath: //div[@class='table__pagination-nav-btns']//button[@class='square-btn btn btn-default'][2]
2024-07-26 00:09:49,751 [info]: Click By JS By.xpath: //*[@class='case-details__close-icon']/img
2024-07-26 00:09:50,134 [info]: Click By JS By.xpath: //div[@class='table__pagination-nav-btns']//button[@class='square-btn btn btn-default'][2]
2024-07-26 00:09:54,492 [info]: Scroll Into View By.xpath: //h2[text()='Notices']//parent::div//a//label[contains(text(),'Escalated')]
Test Passed: VerifyEscalatedinkForMyAgencyDisplayedForNoSupervisorUser
]]></system-out>
    <system-err><![CDATA[org.openqa.selenium.TimeoutException: Expected condition failed: waiting for visibility of element located by By.xpath: //div[text()='Escalated Notice Edited'] (tried for 60 second(s) with 1000 milliseconds interval)
Build info: version: '4.11.0', revision: '040bc5406b'
System info: os.name: 'Windows 11', os.arch: 'amd64', os.version: '10.0', java.version: '18.0.2.1'
Driver info: driver.version: unknown
	at org.openqa.selenium.support.ui.FluentWait.timeoutException(FluentWait.java:262)
	at org.openqa.selenium.support.ui.FluentWait.until(FluentWait.java:230)
	at CommonMethods.Helper.waitUntilElementIsVisible(Helper.java:148)
	at POM.TemplateManagementUtility.TemplateMangement_VerifyEscalatedNoticeEditedTemplate(TemplateManagementUtility.java:594)
	at TestCases.TemplateManagement.TemplateMangement_VerifyEscalatedNoticeEditedTemplate(TemplateManagement.java:113)
	at java.base/jdk.internal.reflect.DirectMethodHandleAccessor.invoke(DirectMethodHandleAccessor.java:104)
	at java.base/java.lang.reflect.Method.invoke(Method.java:577)
	at org.testng.internal.invokers.MethodInvocationHelper.invokeMethod(MethodInvocationHelper.java:135)
	at org.testng.internal.invokers.TestInvoker.invokeMethod(TestInvoker.java:673)
	at org.testng.internal.invokers.TestInvoker.invokeTestMethod(TestInvoker.java:220)
	at org.testng.internal.invokers.MethodRunner.runInSequence(MethodRunner.java:50)
	at org.testng.internal.invokers.TestInvoker$MethodInvocationAgent.invoke(TestInvoker.java:945)
	at org.testng.internal.invokers.TestInvoker.invokeTestMethods(TestInvoker.java:193)
	at org.testng.internal.invokers.TestMethodWorker.invokeTestMethods(TestMethodWorker.java:146)
	at org.testng.internal.invokers.TestMethodWorker.run(TestMethodWorker.java:128)
	at java.base/java.util.concurrent.ThreadPoolExecutor.runWorker(ThreadPoolExecutor.java:1136)
	at java.base/java.util.concurrent.ThreadPoolExecutor$Worker.run(ThreadPoolExecutor.java:635)
	at java.base/java.lang.Thread.run(Thread.java:833)
org.openqa.selenium.NoSuchElementException: no such element: Unable to locate element: {"method":"xpath","selector":"//div[text()='Escalated Notice Edited']"}
  (Session info: chrome=115.0.5790.170)
For documentation on this error, please visit: https://www.selenium.dev/documentation/webdriver/troubleshooting/errors#no-such-element-exception
Build info: version: '4.11.0', revision: '040bc5406b'
System info: os.name: 'Windows 11', os.arch: 'amd64', os.version: '10.0', java.version: '18.0.2.1'
Driver info: org.openqa.selenium.chrome.ChromeDriver
Command: [ce5a891fc7051da9189a266828f63841, findElement {using=xpath, value=//div[text()='Escalated Notice Edited']}]
Capabilities {acceptInsecureCerts: false, browserName: chrome, browserVersion: 115.0.5790.170, chrome: {chromedriverVersion: 115.0.5790.170 (cc0d30c2ca5..., userDataDir: C:\Users\SQELAB~1\AppData\L...}, goog:chromeOptions: {debuggerAddress: localhost:51036}, networkConnectionEnabled: false, pageLoadStrategy: normal, platformName: windows, proxy: Proxy(), se:cdp: ws://localhost:51036/devtoo..., se:cdpVersion: 115.0.5790.170, setWindowRect: true, strictFileInteractability: false, timeouts: {implicit: 0, pageLoad: 300000, script: 30000}, unhandledPromptBehavior: dismiss and notify, webauthn:extension:credBlob: true, webauthn:extension:largeBlob: true, webauthn:extension:minPinLength: true, webauthn:extension:prf: true, webauthn:virtualAuthenticators: true}
Session ID: ce5a891fc7051da9189a266828f63841
	at java.base/jdk.internal.reflect.DirectConstructorHandleAccessor.newInstance(DirectConstructorHandleAccessor.java:67)
	at java.base/java.lang.reflect.Constructor.newInstanceWithCaller(Constructor.java:499)
	at java.base/java.lang.reflect.Constructor.newInstance(Constructor.java:483)
	at org.openqa.selenium.remote.codec.w3c.W3CHttpResponseCodec.createException(W3CHttpResponseCodec.java:200)
	at org.openqa.selenium.remote.codec.w3c.W3CHttpResponseCodec.decode(W3CHttpResponseCodec.java:133)
	at org.openqa.selenium.remote.codec.w3c.W3CHttpResponseCodec.decode(W3CHttpResponseCodec.java:52)
	at org.openqa.selenium.remote.HttpCommandExecutor.execute(HttpCommandExecutor.java:191)
	at org.openqa.selenium.remote.service.DriverCommandExecutor.invokeExecute(DriverCommandExecutor.java:196)
	at org.openqa.selenium.remote.service.DriverCommandExecutor.execute(DriverCommandExecutor.java:171)
	at org.openqa.selenium.remote.RemoteWebDriver.execute(RemoteWebDriver.java:518)
	at org.openqa.selenium.remote.ElementLocation$ElementFinder$2.findElement(ElementLocation.java:165)
	at org.openqa.selenium.remote.ElementLocation.findElement(ElementLocation.java:59)
	at org.openqa.selenium.remote.RemoteWebDriver.findElement(RemoteWebDriver.java:355)
	at org.openqa.selenium.remote.RemoteWebDriver.findElement(RemoteWebDriver.java:349)
	at CommonMethods.Helper.scrollIntoView(Helper.java:467)
	at POM.TemplateManagementUtility.TemplateMangement_VerifyEscalatedNoticeEditedTemplate(TemplateManagementUtility.java:595)
	at TestCases.TemplateManagement.TemplateMangement_VerifyEscalatedNoticeEditedTemplate(TemplateManagement.java:113)
	at java.base/jdk.internal.reflect.DirectMethodHandleAccessor.invoke(DirectMethodHandleAccessor.java:104)
	at java.base/java.lang.reflect.Method.invoke(Method.java:577)
	at org.testng.internal.invokers.MethodInvocationHelper.invokeMethod(MethodInvocationHelper.java:135)
	at org.testng.internal.invokers.TestInvoker.invokeMethod(TestInvoker.java:673)
	at org.testng.internal.invokers.TestInvoker.invokeTestMethod(TestInvoker.java:220)
	at org.testng.internal.invokers.MethodRunner.runInSequence(MethodRunner.java:50)
	at org.testng.internal.invokers.TestInvoker$MethodInvocationAgent.invoke(TestInvoker.java:945)
	at org.testng.internal.invokers.TestInvoker.invokeTestMethods(TestInvoker.java:193)
	at org.testng.internal.invokers.TestMethodWorker.invokeTestMethods(TestMethodWorker.java:146)
	at org.testng.internal.invokers.TestMethodWorker.run(TestMethodWorker.java:128)
	at java.base/java.util.concurrent.ThreadPoolExecutor.runWorker(ThreadPoolExecutor.java:1136)
	at java.base/java.util.concurrent.ThreadPoolExecutor$Worker.run(ThreadPoolExecutor.java:635)
	at java.base/java.lang.Thread.run(Thread.java:833)
log4j:WARN No appenders could be found for logger (freemarker.cache).
log4j:WARN Please initialize the log4j system properly.
log4j:WARN See http://logging.apache.org/log4j/1.2/faq.html#noconfig for more info.
]]></system-err>
  </testcase>
  <testcase name="VerifyNonSupervisorIsNaviagtedToCLP" classname="TestCases.DashboardCRM" time="1.438">
    <system-out><![CDATA[2024-07-26 00:09:55,031 [info]: Scroll Into View By.xpath: //div[@class='agency-setup-tab__section__header']//h2[contains(text(),'Active')]
2024-07-26 00:09:55,112 [info]: Clicked on By.xpath: //button[text()='Valid'][@class='square-btn btn btn-default']
2024-07-26 00:09:55,173 [info]: GetText fromBy.xpath: //div[@class='agency-setup-tab__section__header']//h2[contains(text(),'Active')]
298
2024-07-26 00:09:55,347 [info]: Clicked on By.xpath: //button[text()='Perform Inspection']
2024-07-26 00:09:55,482 [info]: Scroll Into View By.xpath: //button[text()='Create & Perform Inspection']
2024-07-26 00:09:55,594 [info]: Sendkeys on By.xpath: //input[@placeholder='Enter Text'] with value blWQIMrt
2024-07-26 00:09:55,699 [info]: Clicked on By.xpath: //div[@class='footer_actions']/button[text()='Continue']
2024-07-26 00:09:55,763 [info]: Clicked on By.xpath: //button[text()='Create & Perform Inspection']
2024-07-26 00:09:55,954 [info]: Sendkeys on By.xpath: //textarea[@name='description'] with value oaoaqPriLrxgCW5elZtH
2024-07-26 00:09:56,187 [info]: Clicked on By.xpath: //div[@class='modal-header']//following::button[text() ='Create Role']
Test Passed: VerifyNonSupervisorIsNaviagtedToCLP
]]></system-out>
  </testcase>
  <testcase name="VerifyEscalatedNoticeFilterAppliedByDefault" classname="TestCases.DashboardCRM" time="0.053">
    <system-out><![CDATA[Test Passed: VerifyEscalatedNoticeFilterAppliedByDefault
]]></system-out>
  </testcase>
  <testcase name="VerifyAllOptionsSelectedForEscalatedFilter" classname="TestCases.DashboardCRM" time="2.151">
    <system-out><![CDATA[2024-07-26 00:09:56,473 [info]: Click By JS By.xpath: //label[text()='Escalated Notice Status']
2024-07-26 00:09:57,331 [info]: Scroll Into View By.xpath: //div[@class='table__pagination-nav-btns']//button[@class='square-btn btn btn-default'][2]
2024-07-26 00:09:57,427 [info]: Scroll Into View By.xpath: //div[@class='table__pagination-nav-btns']//button[@class='square-btn btn btn-default'][2]
2024-07-26 00:09:57,722 [info]: Click By JS By.xpath: //div[@class='table__pagination-nav-btns']//button[@class='square-btn btn btn-default'][2]
2024-07-26 00:09:58,031 [info]: Click By JS By.xpath: //button[text()='No Notice']
2024-07-26 00:09:58,350 [info]: Clicked on By.xpath: //label[text()='More...']
Test Passed: VerifyAllOptionsSelectedForEscalatedFilter
]]></system-out>
  </testcase>
  <testcase name="VerifyAppropriateResultsAppearAfterFilter" classname="TestCases.DashboardCRM" time="8.422">
    <system-out><![CDATA[2024-07-26 00:10:00,105 [info]: Move to element and Click on [[ChromeDriver: chrome on windows (7be09a9df3b9dc124d9622fad529c486)] -> xpath: (//*[@id='escalatedNoticeStatus']//input)[2]]
2024-07-26 00:10:01,126 [info]: Sendkeys on By.xpath: //div[@class='location-tile__inputs-container']//input with value TEXAS CITY Museum
2024-07-26 00:10:01,774 [info]: Move to element and Click on [[ChromeDriver: chrome on windows (7be09a9df3b9dc124d9622fad529c486)] -> xpath: (//*[@id='escalatedNoticeStatus']//input)[3]]
2024-07-26 00:10:02,996 [info]: Move to element and Click on [[ChromeDriver: chrome on windows (7be09a9df3b9dc124d9622fad529c486)] -> xpath: (//*[@id='escalatedNoticeStatus']//input)[4]]
2024-07-26 00:10:03,301 [info]: Click By JS By.xpath: //label[text()='Escalated Notice Status']
size is 21
2024-07-26 00:10:03,505 [info]: Clicked on By.xpath: //li[@id='react-autowhatever-1-section-0-item-0']
2024-07-26 00:10:03,615 [info]: Sendkeys on By.xpath: (//input[@placeholder='Search...'])[2] with value two
2024-07-26 00:10:05,029 [info]: Scroll Into View By.xpath: //div[@class='table__pagination-nav-btns']//button[@class='square-btn btn btn-default'][2]
2024-07-26 00:10:05,122 [info]: Scroll Into View By.xpath: //div[@class='table__pagination-nav-btns']//button[@class='square-btn btn btn-default'][2]
2024-07-26 00:10:05,499 [info]: Click By JS By.xpath: //div[@class='table__pagination-nav-btns']//button[@class='square-btn btn btn-default'][2]
Test Passed: VerifyAppropriateResultsAppearAfterFilter
]]></system-out>
  </testcase>
  <testcase name="LoginBasicSupervisorUser" classname="TestCases.DashboardCRM" time="0.554">
    <system-out><![CDATA[2024-07-26 00:10:27,264 [info]: GetText fromBy.xpath: //div[@class='agency-setup-tab__section__header']/h2
2024-07-26 00:10:27,267 [info]: GetText fromBy.xpath: (//div[@class='multi-choice-buttons']//button)[1]
2024-07-26 00:10:27,471 [info]: Sendkeys on By.xpath: //input[@name='hours'] with value 1.00
2024-07-26 00:10:27,569 [info]: Sendkeys on By.id: okta-signin-password with value Hello@1234
2024-07-26 00:10:27,612 [info]: Click By JS By.xpath: //button[text()='Create Non-HTML Notice']
2024-07-26 00:10:27,649 [info]: Scroll Into View By.xpath: //div[@class='table__pagination-nav-btns']//button[@class='square-btn btn btn-default'][2]
2024-07-26 00:10:27,737 [info]: Clicked on By.id: okta-signin-submit
Test Passed: LoginBasicSupervisorUser
]]></system-out>
  </testcase>
  <testcase name="EscalatedNoticeForMyAgencyDisplayed" classname="TestCases.DashboardCRM" time="4.194">
    <system-out><![CDATA[2024-07-26 00:10:35,457 [info]: Scroll Into View By.cssSelector: input[autocomplete='new-password'][placeholder='Find contact by name, email or phone number or start typing to create a new contact']
2024-07-26 00:10:35,679 [info]: Scroll Into View By.xpath: //div[@class='table__pagination-nav-btns']//button[@class='square-btn btn btn-default'][2]
2024-07-26 00:10:35,752 [info]: Scroll Into View By.xpath: //div[@class='table__pagination-nav-btns']//button[@class='square-btn btn btn-default'][2]
2024-07-26 00:10:35,857 [info]: Clicked on By.xpath: (//div[@class='contact__actions']//button[@class='edit-btn  btn btn-primary'])[2]
2024-07-26 00:10:36,039 [info]: Click By JS By.xpath: //div[@class='table__pagination-nav-btns']//button[@class='square-btn btn btn-default'][2]
2024-07-26 00:10:36,687 [info]: Get Attribute value from By.xpath: //input[@name='name']
2024-07-26 00:10:36,828 [info]: Cleared value from By.xpath: //input[@name='name']
2024-07-26 00:10:37,053 [info]: Sendkeys on By.xpath: //input[@name='name'] with value nOXjUium
2024-07-26 00:10:37,271 [info]: Clicked on By.xpath: //button[text()='Save']
Test Passed: EscalatedNoticeForMyAgencyDisplayed
]]></system-out>
  </testcase>
  <testcase name="verifyBasicSupervisorNavigatedToCLP" classname="TestCases.DashboardCRM" time="1.66">
    <system-out><![CDATA[2024-07-26 00:10:40,145 [info]: Clicked on By.xpath: (//div[@class='contact__actions']//button[@class='delete-btn  btn btn-primary'])[2]
2024-07-26 00:10:41,173 [info]: Clicked on By.xpath: //button[text()='Add']
2024-07-26 00:10:41,197 [info]: Scroll Into View By.xpath: //span[contains(text(),'Attachments')]//following-sibling::button
2024-07-26 00:10:41,350 [info]: Click By JS By.xpath: //span[contains(text(),'Attachments')]//following-sibling::button
Test Passed: verifyBasicSupervisorNavigatedToCLP
]]></system-out>
  </testcase>
  <testcase name="verifyFilteeIsAppliedForEscalatedNotice" classname="TestCases.DashboardCRM" time="0.043">
    <system-out><![CDATA[Test Passed: verifyFilteeIsAppliedForEscalatedNotice
]]></system-out>
  </testcase>
  <testcase name="verifyAllOptionsAreSelected" classname="TestCases.DashboardCRM" time="2.188">
    <system-out><![CDATA[2024-07-26 00:10:41,616 [info]: Click By JS By.xpath: //label[text()='Escalated Notice Status']
2024-07-26 00:10:43,150 [info]: Scroll Into View By.xpath: //div[@class='table__pagination-nav-btns']//button[@class='square-btn btn btn-default'][2]
2024-07-26 00:10:43,238 [info]: Scroll Into View By.xpath: //div[@class='table__pagination-nav-btns']//button[@class='square-btn btn btn-default'][2]
2024-07-26 00:10:43,535 [info]: Click By JS By.xpath: //div[@class='table__pagination-nav-btns']//button[@class='square-btn btn btn-default'][2]
Test Passed: verifyAllOptionsAreSelected
]]></system-out>
  </testcase>
  <testcase name="VerifyAppropriateResultsAppearAfterApplyingFilter" classname="TestCases.DashboardCRM" time="2.642">
    <system-out><![CDATA[2024-07-26 00:10:49,211 [info]: GetText fromBy.xpath: (//h2//div)[1]
2024-07-26 00:10:49,422 [info]: Clicked on By.cssSelector: input[autocomplete='new-password'][placeholder='Find contact by name, email or phone number or start typing to create a new contact']
2024-07-26 00:10:49,842 [info]: Clicked on By.xpath: //div[@class='react-autosuggest__function']//span[text()='Create a  new contact']
2024-07-26 00:10:50,062 [info]: Sendkeys on By.xpath: //input[@name='name'] with value PPLSJttE
2024-07-26 00:10:50,316 [info]: Sendkeys on By.xpath: //input[@name='email'] with value PPLSJttE@yopmail.com
2024-07-26 00:10:50,535 [info]: Sendkeys on By.xpath: //input[@name='workPhone'] with value 7230191466
2024-07-26 00:10:50,710 [info]: Clicked on By.xpath: //button[text()='Individual']
2024-07-26 00:10:50,737 [info]: Scroll Into View By.xpath: //div[@class='table__pagination-nav-btns']//button[@class='square-btn btn btn-default'][2]
2024-07-26 00:10:50,835 [info]: Scroll Into View By.xpath: //div[@class='table__pagination-nav-btns']//button[@class='square-btn btn btn-default'][2]
2024-07-26 00:10:51,180 [info]: Clicked on By.xpath: //div[@class='full-page-modal__header']//button[2]
2024-07-26 00:10:51,288 [info]: Click By JS By.xpath: //div[@class='table__pagination-nav-btns']//button[@class='square-btn btn btn-default'][2]
Test Passed: VerifyAppropriateResultsAppearAfterApplyingFilter
]]></system-out>
  </testcase>
  <testcase name="LoginSupervisorManagerUser" classname="TestCases.DashboardCRM" time="11.979">
    <system-out><![CDATA[2024-07-26 00:10:59,260 [info]: GetText fromBy.xpath: //span[contains(text(),'Attachments')]
2
2024-07-26 00:10:59,332 [info]: Scroll Into View By.xpath: //span[contains(text(),'Attachments')]//parent::h2//button[@class='attach-btn btn btn-primary']
2024-07-26 00:10:59,699 [info]: Click By JS By.xpath: //span[contains(text(),'Attachments')]//parent::h2//button[@class='attach-btn btn btn-primary']
2024-07-26 00:11:00,722 [info]: Click By JS By.xpath: //*[@class='app-header__user-name']/div
2024-07-26 00:11:00,816 [info]: Click By JS By.xpath: //label[text()='Logout']
2024-07-26 00:11:02,126 [info]: Clicked on By.xpath: //button[text()='Perform Inspection']
2024-07-26 00:11:02,414 [info]: Scroll Into View By.xpath: //button[text()='Create & Perform Inspection']
2024-07-26 00:11:02,913 [info]: Clicked on By.xpath: //button[text()='Create & Perform Inspection']
2024-07-26 00:11:04,658 [info]: Clicked on By.xpath: //button[text()='Add']
2024-07-26 00:11:06,004 [info]: Scroll Into View By.xpath: //div[@class='table__pagination-nav-btns']//button[@class='square-btn btn btn-default'][2]
2024-07-26 00:11:06,075 [info]: Scroll Into View By.xpath: //div[@class='table__pagination-nav-btns']//button[@class='square-btn btn btn-default'][2]
2024-07-26 00:11:06,443 [info]: Click By JS By.xpath: //div[@class='table__pagination-nav-btns']//button[@class='square-btn btn btn-default'][2]
2024-07-26 00:11:08,734 [info]: Sendkeys on By.id: idp-discovery-username with value SupervisorManagerStage@yopmail.com
2024-07-26 00:11:08,880 [info]: Clicked on By.id: idp-discovery-submit
2024-07-26 00:11:10,774 [info]: Sendkeys on By.id: okta-signin-password with value Hello@1234
2024-07-26 00:11:11,183 [info]: Clicked on By.id: okta-signin-submit
Test Passed: LoginSupervisorManagerUser
]]></system-out>
  </testcase>
  <testcase name="EscalatedNoticeForMyAgencyDisplayedForSupervisorManager" classname="TestCases.DashboardCRM" time="4.914">
    <system-out><![CDATA[2024-07-26 00:11:17,937 [info]: Clicked on By.xpath: //button[text()='Add']
2024-07-26 00:11:21,198 [info]: Scroll Into View By.xpath: //div[@class='table__pagination-nav-btns']//button[@class='square-btn btn btn-default'][2]
2024-07-26 00:11:21,269 [info]: Scroll Into View By.xpath: //div[@class='table__pagination-nav-btns']//button[@class='square-btn btn btn-default'][2]
2024-07-26 00:11:21,575 [info]: Click By JS By.xpath: //div[@class='table__pagination-nav-btns']//button[@class='square-btn btn btn-default'][2]
Test Passed: EscalatedNoticeForMyAgencyDisplayedForSupervisorManager
]]></system-out>
  </testcase>
  <testcase name="verifySupervisorManagerNavigatedToCLP" classname="TestCases.DashboardCRM" time="2.499">
    <system-out><![CDATA[2024-07-26 00:11:23,651 [info]: Click By JS By.xpath: //div[contains(text(),'Groups')]
2024-07-26 00:11:23,733 [info]: Scroll Into View By.xpath: //button[text()='Create New Group']
2024-07-26 00:11:23,749 [info]: Clicked on By.xpath: (//div[@class='attachments-edit__saved-summary']//button[@class='delete-btn  btn btn-primary'])[4]
2024-07-26 00:11:23,856 [info]: Click By JS By.xpath: //button[text()='Create New Group']
2024-07-26 00:11:25,048 [info]: Clicked on By.xpath: //button[text()='Yes, Delete']
Test Passed: verifySupervisorManagerNavigatedToCLP
]]></system-out>
  </testcase>
  <testcase name="verifyFilteeIsAppliedForEscalatedNoticeForSupervisorManager" classname="TestCases.DashboardCRM" time="0.066">
    <system-out><![CDATA[Test Passed: verifyFilteeIsAppliedForEscalatedNoticeForSupervisorManager
]]></system-out>
  </testcase>
  <testcase name="verifyAllOptionsAreSelectedForSupervisorManager" classname="TestCases.DashboardCRM" time="2.747">
    <system-out><![CDATA[2024-07-26 00:11:27,980 [info]: Scroll Into View By JS [[ChromeDriver: chrome on windows (ae7165f3eac5bf8da1a42ffa9e9d3ef0)] -> xpath: //*[text()='EscalatedNotice']]
Test Failed: AgencySetup_VerifyCreationOfNonHTMLNotice
2024-07-26 00:11:28,802 [info]: Scroll Into View By.xpath: //div[@class='table__pagination-nav-btns']//button[@class='square-btn btn btn-default'][2]
Test Passed: verifyAllOptionsAreSelectedForSupervisorManager
]]></system-out>
  </testcase>
  <testcase name="VerifyAppropriateResultsAppearAfterApplyingFilterForSupervisorManager" classname="TestCases.DashboardCRM" time="4.907">
    <system-out><![CDATA[2024-07-26 00:11:37,516 [info]: Move to element and Click on [[ChromeDriver: chrome on windows (7be09a9df3b9dc124d9622fad529c486)] -> xpath: (//*[@id='escalatedNoticeStatus']//input)[4]]
2024-07-26 00:11:37,616 [info]: Click By JS By.xpath: //div[@class='table__pagination-nav-btns']//button[@class='square-btn btn btn-default'][2]
2024-07-26 00:11:38,218 [info]: Click By JS By.xpath: //label[text()='Escalated Notice Status']
2024-07-26 00:11:38,235 [info]: Clicked on By.xpath: //button[text()='Select Photos']
size is 24
2024-07-26 00:11:38,971 [info]: Sendkeys on By.xpath: //input[@name='label'] with value FA Doc PUHcxYUo
2024-07-26 00:11:39,171 [info]: Click By JS By.xpath: //span[text()='Merge Fields']
2024-07-26 00:11:40,804 [info]: Clicked on By.xpath: (//div[@class='tick--not-selected'])[1]
2024-07-26 00:11:40,965 [info]: GetText fromBy.xpath: (//div[@class='tick--selected']//following-sibling::div[@class='file-details']//span)[1]
2024-07-26 00:11:41,358 [info]: Clicked on By.xpath: //button[text()='Print Selected']
2024-07-26 00:11:41,483 [info]: Click By JS By.xpath: //div/div[@class='rt-td']/a
2024-07-26 00:11:41,625 [info]: Click By JS By.xpath: //button[text()='Done']
Test Passed: VerifyAppropriateResultsAppearAfterApplyingFilterForSupervisorManager
]]></system-out>
  </testcase>
  <testcase name="LoginTest" classname="TestCases.CLP" time="4.707">
    <system-out><![CDATA[2024-07-26 00:06:47,676 [info]: Scroll Into View By.xpath: //div[@class='agency-form__product-config']/a
2024-07-26 00:06:47,855 [info]: Click By JS By.xpath: //div[@class='agency-form__product-config']/a
2024-07-26 00:06:47,975 [info]: Click By JS By.xpath: //*[@class='case-details__close-icon']/img
2024-07-26 00:06:48,002 [info]: GetText fromBy.xpath: //label[contains(text(),'Due Today')]/preceding-sibling::span
2024-07-26 00:06:48,036 [info]: Scroll Into View By.xpath: //label[contains(text(),'Due Today')]
2024-07-26 00:06:48,222 [info]: Click By JS By.xpath: //label[contains(text(),'Due Today')]
case id is 24-1842
2024-07-26 00:06:48,491 [info]: Scroll Into View By.xpath: //a[text()='Cases']
2024-07-26 00:06:48,645 [info]: Click By JS By.xpath: //a[text()='Cases']
2024-07-26 00:06:49,384 [info]: Click By JS By.xpath: //*[@class='app-header__user-name']/div
2024-07-26 00:06:49,997 [info]: GetText fromBy.xpath: //nav[@class='crm-submission__navigation-bar']/h1
2024-07-26 00:06:50,069 [info]: Scroll Into View By.xpath: //h2[contains(text(),'Category')]//parent::div//div[@class='dropdown__label']
2024-07-26 00:06:50,204 [info]: Clicked on By.xpath: //h2[contains(text(),'Category')]//parent::div//div[@class='dropdown__label']
2024-07-26 00:06:50,509 [info]: Sendkeys on By.xpath: //div[@class='dropdown-content__search-container']//input[@type='text'] with value Required mgfP3C
Current IST time: 2024-07-26 00:06:50
2024-07-26 00:06:50,963 [info]: Timestamp 2024-07-26 00:06:50
2024-07-26 00:06:51,062 [info]: Clicked on By.xpath: //div[@class='option-black'][contains(text(),'Required mgfP3C')]
2024-07-26 00:06:51,122 [info]: GetText fromBy.xpath: //div[@class='app-header__user-name']/label
Test Passed: LoginTest
]]></system-out>
  </testcase>
  <testcase name="CLP_VerifyCLPOpensUp" classname="TestCases.CLP" time="3.069">
    <system-out><![CDATA[2024-07-26 00:06:58,439 [info]: Click By JS By.xpath: //a[@title='Zoom in'][@role='button']
2024-07-26 00:06:59,051 [info]: Click By JS By.xpath: //a[@title='Zoom in'][@role='button']
hello true 1
2024-07-26 00:06:59,512 [info]: Click By JS By.xpath: //a[@title='Zoom in'][@role='button']
2024-07-26 00:06:59,723 [info]: Click By JS By.xpath: //a[text()='24-1842']
2024-07-26 00:06:59,899 [info]: Click By JS By.xpath: //a[@title='Zoom in'][@role='button']
2024-07-26 00:07:00,162 [info]: Scroll Into View By.xpath: //label[text()='Notices']
2024-07-26 00:07:00,299 [info]: Click By JS By.xpath: //a[@title='Zoom in'][@role='button']
Test Passed: CLP_VerifyCLPOpensUp
]]></system-out>
    <system-err><![CDATA[org.openqa.selenium.TimeoutException: Expected condition failed: waiting for visibility of element located by By.xpath: //label[text()='Notices'] (tried for 60 second(s) with 1000 milliseconds interval)
Build info: version: '4.11.0', revision: '040bc5406b'
System info: os.name: 'Windows 11', os.arch: 'amd64', os.version: '10.0', java.version: '18.0.2.1'
Driver info: driver.version: unknown
	at org.openqa.selenium.support.ui.FluentWait.timeoutException(FluentWait.java:262)
	at org.openqa.selenium.support.ui.FluentWait.until(FluentWait.java:230)
	at CommonMethods.Helper.waitUntilElementIsVisible(Helper.java:148)
	at CommonMethods.Helper.waitForPresenceandVisiblity(Helper.java:658)
	at CommonMethods.CRMCommonMethods.navigationToNotices(CRMCommonMethods.java:106)
	at POM.AppPreRequisiteUtility.AgencySetup_VerifyCreationOfHTMLNotice(AppPreRequisiteUtility.java:1188)
	at TestCases.AgencyCreation.AgencySetup_VerifyCreationOfHTMLNotice(AgencyCreation.java:339)
	at java.base/jdk.internal.reflect.DirectMethodHandleAccessor.invoke(DirectMethodHandleAccessor.java:104)
	at java.base/java.lang.reflect.Method.invoke(Method.java:577)
	at org.testng.internal.invokers.MethodInvocationHelper.invokeMethod(MethodInvocationHelper.java:135)
	at org.testng.internal.invokers.TestInvoker.invokeMethod(TestInvoker.java:673)
	at org.testng.internal.invokers.TestInvoker.invokeTestMethod(TestInvoker.java:220)
	at org.testng.internal.invokers.MethodRunner.runInSequence(MethodRunner.java:50)
	at org.testng.internal.invokers.TestInvoker$MethodInvocationAgent.invoke(TestInvoker.java:945)
	at org.testng.internal.invokers.TestInvoker.invokeTestMethods(TestInvoker.java:193)
	at org.testng.internal.invokers.TestMethodWorker.invokeTestMethods(TestMethodWorker.java:146)
	at org.testng.internal.invokers.TestMethodWorker.run(TestMethodWorker.java:128)
	at java.base/java.util.concurrent.ThreadPoolExecutor.runWorker(ThreadPoolExecutor.java:1136)
	at java.base/java.util.concurrent.ThreadPoolExecutor$Worker.run(ThreadPoolExecutor.java:635)
	at java.base/java.lang.Thread.run(Thread.java:833)
]]></system-err>
  </testcase>
  <testcase name="CLP_VerifyDefaultColumns" classname="TestCases.CLP" time="2.14">
    <system-out><![CDATA[2024-07-26 00:07:02,674 [info]: Sendkeys on By.id: idp-discovery-username with value SupervisorManagerStage@yopmail.com
2024-07-26 00:07:02,792 [info]: Scroll Into View By.xpath: //div[text()='Status']
2024-07-26 00:07:02,890 [info]: Scroll Into View By.xpath: //div[text()='Created']
2024-07-26 00:07:02,953 [info]: Scroll Into View By.xpath: //div[text()='Closed']
2024-07-26 00:07:03,011 [info]: Scroll Into View By.xpath: //div[text()='Inspection Assignee']
2024-07-26 00:07:03,077 [info]: Scroll Into View By.xpath: //div[text()='Next Scheduled Inspection']
2024-07-26 00:07:03,142 [info]: Scroll Into View By.xpath: //div[text()='Delete']
2024-07-26 00:07:03,525 [info]: Clicked on By.id: idp-discovery-submit
Test Passed: CLP_VerifyDefaultColumns
]]></system-out>
  </testcase>
  <testcase name="CLP_VerifyNavigationToNextPage" classname="TestCases.CLP" time="10.449">
    <system-out><![CDATA[2024-07-26 00:07:14,084 [info]: Move to element and Click on [[ChromeDriver: chrome on windows (7be09a9df3b9dc124d9622fad529c486)] -> xpath: //*[@class='app-header__user-name']/div]
2024-07-26 00:07:14,493 [info]: Click By JS By.xpath: //div[@class='table__pagination-nav-btns']//button[@class='square-btn btn btn-default'][2]
2024-07-26 00:07:15,333 [info]: Move to element and Click on [[ChromeDriver: chrome on windows (7be09a9df3b9dc124d9622fad529c486)] -> xpath: //label[text()='Logout']]
2024-07-26 00:07:15,411 [info]: Scroll Into View By.cssSelector: #header div.app-header__new
2024-07-26 00:07:15,678 [info]: Click By JS By.cssSelector: #header div.app-header__new
2024-07-26 00:07:16,317 [info]: Click By JS By.xpath: //*[@class='app-header__user-name']/div
2024-07-26 00:07:16,423 [info]: Click By JS By.xpath: //label[text()='Logout']
2024-07-26 00:07:17,218 [info]: Click By JS By.xpath: //label[text()='Code Enforcement Case']
2024-07-26 00:07:19,048 [info]: GetText fromBy.xpath: //label[text()='Open cases for my agency']/preceding-sibling::span
count1 1511
2024-07-26 00:07:19,101 [info]: Scroll Into View By.xpath: //label[text()='Open cases for my agency']
2024-07-26 00:07:19,386 [info]: Clicked on By.xpath: //label[text()='Open cases for my agency']
2024-07-26 00:07:20,361 [info]: Click By JS By.xpath: //div[@class='table__pagination-nav-btns']//button[@class='square-btn btn btn-default'][2]
2024-07-26 00:07:21,264 [info]: GetText fromBy.xpath: //span[@class='checkbox-holder']/following::a[1]
Test Passed: CLP_VerifyNavigationToNextPage
]]></system-out>
  </testcase>
  <testcase name="CLP_VerifynavigationToSpecificPage" classname="TestCases.CLP" time="0.534">
    <system-out><![CDATA[Test Passed: CLP_VerifynavigationToSpecificPage
]]></system-out>
  </testcase>
  <testcase name="CLP_VerifyDescendingOrderOfCases" classname="TestCases.CLP" time="1.841">
    <system-out><![CDATA[Test Passed: CLP_VerifyDescendingOrderOfCases
]]></system-out>
  </testcase>
  <testcase name="CLP_VerifyAscendingOrderOfCases" classname="TestCases.CLP" time="1.484">
    <system-out><![CDATA[2024-07-26 00:07:32,154 [info]: Clicked on By.xpath: //div[text()='Case Number']
2024-07-26 00:07:32,276 [info]: Scroll Into View By.xpath: //label[text()='Categories']
2024-07-26 00:07:32,473 [info]: Click By JS By.xpath: //div[@class='table__pagination-nav-btns']//button[@class='square-btn btn btn-default'][2]
2024-07-26 00:07:32,748 [info]: Click By JS By.xpath: //label[text()='Categories']
2024-07-26 00:07:38,035 [info]: Click By JS By.xpath: //div[@class='table__pagination-nav-btns']//button[@class='square-btn btn btn-default'][2]
2024-07-26 00:07:39,931 [info]: Scroll Into View By.xpath: //button[text()='Create Category']
2024-07-26 00:07:39,993 [info]: Clicked on By.xpath: //div/input[@placeholder='Start typing name of violation, article number or issue description']
2024-07-26 00:07:40,121 [info]: Click By JS By.xpath: //button[text()='Create Category']
2024-07-26 00:07:41,698 [info]: Scroll Into View By.cssSelector: #header div.app-header__new
2024-07-26 00:07:41,796 [info]: Click By JS By.cssSelector: #header div.app-header__new
2024-07-26 00:07:41,959 [info]: Scroll Into View By.xpath: (//span[@class='widget__total'])[7]
2024-07-26 00:07:42,016 [info]: GetText fromBy.xpath: (//span[@class='widget__total'])[7]
2024-07-26 00:07:42,040 [info]: Scroll Into View By.xpath: //*[@class='widget widget-size']/a/*[contains(text(),'unprinted notices')]
2024-07-26 00:07:42,138 [info]: Click By JS By.xpath: //*[@class='widget widget-size']/a/*[contains(text(),'unprinted notices')]
2024-07-26 00:07:43,035 [info]: Click By JS By.xpath: //label[text()='Code Enforcement Case']
2024-07-26 00:07:43,292 [info]: Scroll Into View failed.
Test Failed: TemplateMangement_VerifyEscalatedNoticeGeneratedTemplate
2024-07-26 00:07:43,817 [info]: Sendkeys on By.xpath: //input[@name='name'] with value EditedCatYvUlB
2024-07-26 00:07:43,928 [info]: Click By JS By.xpath: //div[@class='full-page-modal__header']//following::button[text()='Create Category']
2024-07-26 00:07:44,622 [info]: Click By JS By.xpath: //div[@class='table__pagination-nav-btns']//button[@class='square-btn btn btn-default'][2]
2024-07-26 00:07:45,344 [info]: Sendkeys on By.xpath: //div/input[@placeholder='Start typing name of violation, article number or issue description'] with value Wa
2024-07-26 00:07:45,719 [info]: Clicked on By.xpath: //div[@class='react-autosuggest__suggestion-element']/div
Test Passed: CLP_VerifyAscendingOrderOfCases
]]></system-out>
    <system-err><![CDATA[org.openqa.selenium.TimeoutException: Expected condition failed: waiting for visibility of element located by By.xpath: //label[text()='Categories'] (tried for 60 second(s) with 1000 milliseconds interval)
Build info: version: '4.11.0', revision: '040bc5406b'
System info: os.name: 'Windows 11', os.arch: 'amd64', os.version: '10.0', java.version: '18.0.2.1'
Driver info: driver.version: unknown
	at org.openqa.selenium.support.ui.FluentWait.timeoutException(FluentWait.java:262)
	at org.openqa.selenium.support.ui.FluentWait.until(FluentWait.java:230)
	at CommonMethods.Helper.waitUntilElementIsVisible(Helper.java:148)
	at CommonMethods.Helper.waitForPresenceandVisiblity(Helper.java:658)
	at POM.CSLPUtility.CSLP_VerifyNoExistingCategorySubmission(CSLPUtility.java:723)
	at TestCases.CSLP.CSLP_VerifyNoExistingCategorySubmission(CSLP.java:172)
	at java.base/jdk.internal.reflect.DirectMethodHandleAccessor.invoke(DirectMethodHandleAccessor.java:104)
	at java.base/java.lang.reflect.Method.invoke(Method.java:577)
	at org.testng.internal.invokers.MethodInvocationHelper.invokeMethod(MethodInvocationHelper.java:135)
	at org.testng.internal.invokers.TestInvoker.invokeMethod(TestInvoker.java:673)
	at org.testng.internal.invokers.TestInvoker.invokeTestMethod(TestInvoker.java:220)
	at org.testng.internal.invokers.MethodRunner.runInSequence(MethodRunner.java:50)
	at org.testng.internal.invokers.TestInvoker$MethodInvocationAgent.invoke(TestInvoker.java:945)
	at org.testng.internal.invokers.TestInvoker.invokeTestMethods(TestInvoker.java:193)
	at org.testng.internal.invokers.TestMethodWorker.invokeTestMethods(TestMethodWorker.java:146)
	at org.testng.internal.invokers.TestMethodWorker.run(TestMethodWorker.java:128)
	at java.base/java.util.concurrent.ThreadPoolExecutor.runWorker(ThreadPoolExecutor.java:1136)
	at java.base/java.util.concurrent.ThreadPoolExecutor$Worker.run(ThreadPoolExecutor.java:635)
	at java.base/java.lang.Thread.run(Thread.java:833)
org.openqa.selenium.TimeoutException: Expected condition failed: waiting for visibility of element located by By.xpath: //div[text()='Escalated Notice Generated'] (tried for 60 second(s) with 1000 milliseconds interval)
Build info: version: '4.11.0', revision: '040bc5406b'
System info: os.name: 'Windows 11', os.arch: 'amd64', os.version: '10.0', java.version: '18.0.2.1'
Driver info: driver.version: unknown
	at org.openqa.selenium.support.ui.FluentWait.timeoutException(FluentWait.java:262)
	at org.openqa.selenium.support.ui.FluentWait.until(FluentWait.java:230)
	at CommonMethods.Helper.waitUntilElementIsVisible(Helper.java:148)
	at POM.TemplateManagementUtility.TemplateMangement_VerifyEscalatedNoticeGeneratedTemplate(TemplateManagementUtility.java:535)
	at TestCases.TemplateManagement.TemplateMangement_VerifyEscalatedNoticeGeneratedTemplate(TemplateManagement.java:101)
	at java.base/jdk.internal.reflect.DirectMethodHandleAccessor.invoke(DirectMethodHandleAccessor.java:104)
	at java.base/java.lang.reflect.Method.invoke(Method.java:577)
	at org.testng.internal.invokers.MethodInvocationHelper.invokeMethod(MethodInvocationHelper.java:135)
	at org.testng.internal.invokers.TestInvoker.invokeMethod(TestInvoker.java:673)
	at org.testng.internal.invokers.TestInvoker.invokeTestMethod(TestInvoker.java:220)
	at org.testng.internal.invokers.MethodRunner.runInSequence(MethodRunner.java:50)
	at org.testng.internal.invokers.TestInvoker$MethodInvocationAgent.invoke(TestInvoker.java:945)
	at org.testng.internal.invokers.TestInvoker.invokeTestMethods(TestInvoker.java:193)
	at org.testng.internal.invokers.TestMethodWorker.invokeTestMethods(TestMethodWorker.java:146)
	at org.testng.internal.invokers.TestMethodWorker.run(TestMethodWorker.java:128)
	at java.base/java.util.concurrent.ThreadPoolExecutor.runWorker(ThreadPoolExecutor.java:1136)
	at java.base/java.util.concurrent.ThreadPoolExecutor$Worker.run(ThreadPoolExecutor.java:635)
	at java.base/java.lang.Thread.run(Thread.java:833)
org.openqa.selenium.NoSuchElementException: no such element: Unable to locate element: {"method":"xpath","selector":"//div[text()='Escalated Notice Generated']"}
  (Session info: chrome=115.0.5790.170)
For documentation on this error, please visit: https://www.selenium.dev/documentation/webdriver/troubleshooting/errors#no-such-element-exception
Build info: version: '4.11.0', revision: '040bc5406b'
System info: os.name: 'Windows 11', os.arch: 'amd64', os.version: '10.0', java.version: '18.0.2.1'
Driver info: org.openqa.selenium.chrome.ChromeDriver
Command: [ce5a891fc7051da9189a266828f63841, findElement {using=xpath, value=//div[text()='Escalated Notice Generated']}]
Capabilities {acceptInsecureCerts: false, browserName: chrome, browserVersion: 115.0.5790.170, chrome: {chromedriverVersion: 115.0.5790.170 (cc0d30c2ca5..., userDataDir: C:\Users\SQELAB~1\AppData\L...}, goog:chromeOptions: {debuggerAddress: localhost:51036}, networkConnectionEnabled: false, pageLoadStrategy: normal, platformName: windows, proxy: Proxy(), se:cdp: ws://localhost:51036/devtoo..., se:cdpVersion: 115.0.5790.170, setWindowRect: true, strictFileInteractability: false, timeouts: {implicit: 0, pageLoad: 300000, script: 30000}, unhandledPromptBehavior: dismiss and notify, webauthn:extension:credBlob: true, webauthn:extension:largeBlob: true, webauthn:extension:minPinLength: true, webauthn:extension:prf: true, webauthn:virtualAuthenticators: true}
Session ID: ce5a891fc7051da9189a266828f63841
	at java.base/jdk.internal.reflect.DirectConstructorHandleAccessor.newInstance(DirectConstructorHandleAccessor.java:67)
	at java.base/java.lang.reflect.Constructor.newInstanceWithCaller(Constructor.java:499)
	at java.base/java.lang.reflect.Constructor.newInstance(Constructor.java:483)
	at org.openqa.selenium.remote.codec.w3c.W3CHttpResponseCodec.createException(W3CHttpResponseCodec.java:200)
	at org.openqa.selenium.remote.codec.w3c.W3CHttpResponseCodec.decode(W3CHttpResponseCodec.java:133)
	at org.openqa.selenium.remote.codec.w3c.W3CHttpResponseCodec.decode(W3CHttpResponseCodec.java:52)
	at org.openqa.selenium.remote.HttpCommandExecutor.execute(HttpCommandExecutor.java:191)
	at org.openqa.selenium.remote.service.DriverCommandExecutor.invokeExecute(DriverCommandExecutor.java:196)
	at org.openqa.selenium.remote.service.DriverCommandExecutor.execute(DriverCommandExecutor.java:171)
	at org.openqa.selenium.remote.RemoteWebDriver.execute(RemoteWebDriver.java:518)
	at org.openqa.selenium.remote.ElementLocation$ElementFinder$2.findElement(ElementLocation.java:165)
	at org.openqa.selenium.remote.ElementLocation.findElement(ElementLocation.java:59)
	at org.openqa.selenium.remote.RemoteWebDriver.findElement(RemoteWebDriver.java:355)
	at org.openqa.selenium.remote.RemoteWebDriver.findElement(RemoteWebDriver.java:349)
	at CommonMethods.Helper.scrollIntoView(Helper.java:467)
	at POM.TemplateManagementUtility.TemplateMangement_VerifyEscalatedNoticeGeneratedTemplate(TemplateManagementUtility.java:536)
	at TestCases.TemplateManagement.TemplateMangement_VerifyEscalatedNoticeGeneratedTemplate(TemplateManagement.java:101)
	at java.base/jdk.internal.reflect.DirectMethodHandleAccessor.invoke(DirectMethodHandleAccessor.java:104)
	at java.base/java.lang.reflect.Method.invoke(Method.java:577)
	at org.testng.internal.invokers.MethodInvocationHelper.invokeMethod(MethodInvocationHelper.java:135)
	at org.testng.internal.invokers.TestInvoker.invokeMethod(TestInvoker.java:673)
	at org.testng.internal.invokers.TestInvoker.invokeTestMethod(TestInvoker.java:220)
	at org.testng.internal.invokers.MethodRunner.runInSequence(MethodRunner.java:50)
	at org.testng.internal.invokers.TestInvoker$MethodInvocationAgent.invoke(TestInvoker.java:945)
	at org.testng.internal.invokers.TestInvoker.invokeTestMethods(TestInvoker.java:193)
	at org.testng.internal.invokers.TestMethodWorker.invokeTestMethods(TestMethodWorker.java:146)
	at org.testng.internal.invokers.TestMethodWorker.run(TestMethodWorker.java:128)
	at java.base/java.util.concurrent.ThreadPoolExecutor.runWorker(ThreadPoolExecutor.java:1136)
	at java.base/java.util.concurrent.ThreadPoolExecutor$Worker.run(ThreadPoolExecutor.java:635)
	at java.base/java.lang.Thread.run(Thread.java:833)
]]></system-err>
  </testcase>
  <testcase name="CLP_OpenDeleteCasePopup" classname="TestCases.CLP" time="12.305">
    <system-out><![CDATA[2024-07-26 00:07:47,385 [info]: Clicked on By.xpath: //div[text()='Case Number']
2024-07-26 00:07:48,800 [info]: Scroll Into View By.xpath: //div[@class='contact-tile tile']//input
2024-07-26 00:07:49,161 [info]: Clicked on By.xpath: //div[@class='contact-tile tile']//input
2024-07-26 00:07:49,221 [info]: Click By JS By.xpath: //a[text()='Customer Submissions']
2024-07-26 00:07:49,384 [info]: Click By JS By.xpath: //div[@class='contact-tile tile']//div[@class='react-autosuggest__function']
2024-07-26 00:07:50,104 [info]: Click By JS By.xpath: //div[@class='table__pagination-nav-btns']//button[@class='square-btn btn btn-default'][2]
2024-07-26 00:07:51,315 [info]: Sendkeys on By.xpath: //input[@name='name'] with value COyRGeEg
2024-07-26 00:07:51,682 [info]: Sendkeys on By.xpath: //input[@name='email'] with value COyRGeEg@yopmail.com
2024-07-26 00:07:52,013 [info]: Sendkeys on By.xpath: //input[@name='workPhone'] with value 0138206747
2024-07-26 00:07:52,114 [info]: Scroll Into View By.xpath: (//div[@class='full-page-modal__header']//button[2])[2]
2024-07-26 00:07:52,326 [info]: Clicked on By.xpath: (//div[@class='full-page-modal__header']//button[2])[2]
2024-07-26 00:07:52,477 [info]: Scroll Into View By.xpath: (//a[text()='Delete'])[20]
2024-07-26 00:07:52,533 [info]: Scrolled horizontally by 0 pixels.
2024-07-26 00:07:53,277 [info]: Click By JS By.xpath: (//a[text()='Delete'])[20]
2024-07-26 00:07:55,492 [info]: Click By JS By.xpath: //div[@class='table__pagination-nav-btns']//button[@class='square-btn btn btn-default'][2]
2024-07-26 00:07:55,843 [info]: Sendkeys on By.xpath: //div[@class='location-tile__inputs-container']//input with value TEXAS CITY Museum
2024-07-26 00:07:56,649 [info]: Clicked on By.xpath: //span/label[text()='Property Owner']
2024-07-26 00:07:57,452 [info]: Clicked on By.xpath: //button[text()='Apply']
2024-07-26 00:07:57,487 [info]: Scroll Into View By.xpath: //span[contains(text(),'Attachments')]//following-sibling::button
2024-07-26 00:07:57,634 [info]: Click By JS By.xpath: //span[contains(text(),'Attachments')]//following-sibling::button
2024-07-26 00:07:58,381 [info]: GetText fromBy.xpath: //div[@class='modal-header' and text()='Delete Case']
Test Passed: CLP_OpenDeleteCasePopup
]]></system-out>
  </testcase>
  <testcase name="CLP_ValidationMsgForDeleteCase" classname="TestCases.CLP" time="0.464">
    <system-out><![CDATA[2024-07-26 00:07:58,511 [info]: GetText fromBy.xpath: //div[@class='cs-listing__section__header']//following-sibling::span
2024-07-26 00:07:58,601 [info]: Clicked on By.xpath: //li[@id='react-autowhatever-1-section-0-item-0']
2024-07-26 00:07:58,716 [info]: Click By JS By.xpath: //button[text()='Delete Case']
2024-07-26 00:07:58,845 [info]: GetText fromBy.xpath: //div[@class='modal-base__error modal-base__error--show']
Test Passed: CLP_ValidationMsgForDeleteCase
]]></system-out>
  </testcase>
  <testcase name="CLP_VerifyDeletedcase" classname="TestCases.CLP" time="10.691">
    <system-out><![CDATA[https://admin-stage.comcate.com/agencies
220
https://app-stage.comcate.com/agencies/220/login
2024-07-26 00:08:08,866 [info]: Sendkeys on By.xpath: //input[@name='label'] with value HTML stoqfDHl
2024-07-26 00:08:09,020 [info]: Clicked on By.xpath: //label[text()='Category']
2024-07-26 00:08:09,179 [info]: Clicked on By.xpath: //button[text()='Add']
2024-07-26 00:08:09,473 [info]: Scroll Into View By.xpath: //span[contains(text(),'Attachments')]//following-sibling::button
2024-07-26 00:08:09,881 [info]: Click By JS By.xpath: //span[contains(text(),'Attachments')]//following-sibling::button
Window size is: 1552 x 832
2024-07-26 00:08:10,229 [info]: Clicked on By.xpath: //button[@class='drawer__close']
Test Failed: PerformInspection_OpenConfirmationPopupForCloseCaseButton
2024-07-26 00:08:11,838 [info]: Click By JS By.xpath: //div[@class='table__pagination-nav-btns']//button[@class='square-btn btn btn-default'][2]
2024-07-26 00:08:12,616 [info]: Sendkeys on By.xpath: //div/input[@placeholder='Start typing name of violation, article number or issue description'] with value Wa
2024-07-26 00:08:13,201 [info]: Clicked on By.xpath: //div[@class='react-autosuggest__suggestion-element']/div
2024-07-26 00:08:16,330 [info]: Scroll Into View By.xpath: //div[@class='contact-tile tile']//input
2024-07-26 00:08:16,760 [info]: Clicked on By.xpath: //div[@class='contact-tile tile']//input
2024-07-26 00:08:17,085 [info]: Click By JS By.xpath: //div[@class='contact-tile tile']//div[@class='react-autosuggest__function']
2024-07-26 00:08:17,538 [info]: Click By JS By.xpath: //div[@class='table__pagination-nav-btns']//button[@class='square-btn btn btn-default'][2]
2024-07-26 00:08:18,959 [info]: Sendkeys on By.id: idp-discovery-username with value MarkShane123@yopmail.com
2024-07-26 00:08:19,055 [info]: Sendkeys on By.xpath: //input[@name='name'] with value lRsFIgPm
2024-07-26 00:08:19,146 [info]: Clicked on By.id: idp-discovery-submit
2024-07-26 00:08:19,412 [info]: Scroll Into View By.xpath: //div[@class='cs-listing__section__header']//following-sibling::span
2024-07-26 00:08:19,470 [info]: Sendkeys on By.xpath: //input[@name='email'] with value lRsFIgPm@yopmail.com
2024-07-26 00:08:19,723 [info]: Clicked on By.xpath: //button[text()='Add']
2024-07-26 00:08:19,727 [info]: Sendkeys on By.xpath: //input[@name='workPhone'] with value 4485545995
2024-07-26 00:08:19,769 [info]: Scroll Into View By.xpath: (//div[@class='full-page-modal__header']//button[2])[2]
2024-07-26 00:08:20,018 [info]: Clicked on By.xpath: (//div[@class='full-page-modal__header']//button[2])[2]
2024-07-26 00:08:20,968 [info]: Sendkeys on By.id: okta-signin-password with value Hello@1234
2024-07-26 00:08:21,168 [info]: Clicked on By.id: okta-signin-submit
2024-07-26 00:08:23,051 [info]: Click By JS By.xpath: //div[@class='table__pagination-nav-btns']//button[@class='square-btn btn btn-default'][2]
2024-07-26 00:08:23,561 [info]: GetText fromBy.xpath: //div[@class='cs-listing__section__header']//following-sibling::span
Test Passed: CLP_VerifyDeletedcase
]]></system-out>
  </testcase>
  <testcase name="CLP_VerifyCasesForDoNotDeleteOption" classname="TestCases.CLP" time="1.515">
    <system-out><![CDATA[2024-07-26 00:08:23,648 [info]: GetText fromBy.xpath: //div[@class='cs-listing__section__header']//following-sibling::span
2024-07-26 00:08:24,011 [info]: Clicked on By.xpath: //a[text()='Delete']
2024-07-26 00:08:24,225 [info]: Sendkeys on By.id: idp-discovery-username with value DummyUser1235@yopmail.com
2024-07-26 00:08:24,427 [info]: Clicked on By.id: idp-discovery-submit
2024-07-26 00:08:24,810 [info]: Scroll Into View By.xpath: //div/button[text()='Create Case']
2024-07-26 00:08:24,861 [info]: Clicked on By.xpath: //button[text()='Do Not Delete']
2024-07-26 00:08:25,076 [info]: GetText fromBy.xpath: //div[@class='cs-listing__section__header']//following-sibling::span
Test Passed: CLP_VerifyCasesForDoNotDeleteOption
]]></system-out>
    <system-err><![CDATA[org.openqa.selenium.TimeoutException: Expected condition failed: waiting for visibility of element located by By.id: okta-signin-username (tried for 60 second(s) with 1000 milliseconds interval)
Build info: version: '4.11.0', revision: '040bc5406b'
System info: os.name: 'Windows 11', os.arch: 'amd64', os.version: '10.0', java.version: '18.0.2.1'
Driver info: driver.version: unknown
	at org.openqa.selenium.support.ui.FluentWait.timeoutException(FluentWait.java:262)
	at org.openqa.selenium.support.ui.FluentWait.until(FluentWait.java:230)
	at CommonMethods.Helper.waitUntilElementIsVisible(Helper.java:148)
	at POM.LoginUtility.LoginAgencyUser(LoginUtility.java:1132)
	at POM.LoginUtility.loginUserOutsideOfGroup_QAStageProd(LoginUtility.java:1344)
	at POM.CDP_Utility.VerifyRejectNoticeOutsideGroupManager(CDP_Utility.java:1404)
	at TestCases.EscalatedNoticesCDP.EscalatedNoticesCDP_VerifyRejectNoticeOutsideGroupManager(EscalatedNoticesCDP.java:87)
	at java.base/jdk.internal.reflect.DirectMethodHandleAccessor.invoke(DirectMethodHandleAccessor.java:104)
	at java.base/java.lang.reflect.Method.invoke(Method.java:577)
	at org.testng.internal.invokers.MethodInvocationHelper.invokeMethod(MethodInvocationHelper.java:135)
	at org.testng.internal.invokers.TestInvoker.invokeMethod(TestInvoker.java:673)
	at org.testng.internal.invokers.TestInvoker.invokeTestMethod(TestInvoker.java:220)
	at org.testng.internal.invokers.MethodRunner.runInSequence(MethodRunner.java:50)
	at org.testng.internal.invokers.TestInvoker$MethodInvocationAgent.invoke(TestInvoker.java:945)
	at org.testng.internal.invokers.TestInvoker.invokeTestMethods(TestInvoker.java:193)
	at org.testng.internal.invokers.TestMethodWorker.invokeTestMethods(TestMethodWorker.java:146)
	at org.testng.internal.invokers.TestMethodWorker.run(TestMethodWorker.java:128)
	at java.base/java.util.concurrent.ThreadPoolExecutor.runWorker(ThreadPoolExecutor.java:1136)
	at java.base/java.util.concurrent.ThreadPoolExecutor$Worker.run(ThreadPoolExecutor.java:635)
	at java.base/java.lang.Thread.run(Thread.java:833)
]]></system-err>
  </testcase>
  <testcase name="CLP_VerifyTotalCountOfCases" classname="TestCases.CLP" time="6.809">
    <failure message="The following asserts failed:&#10;	expected [1617] but found [1662]" type="java.lang.AssertionError"><![CDATA[java.lang.AssertionError: 
The following asserts failed:
	expected [1617] but found [1662]
	at org.testng.asserts.SoftAssert.assertAll(SoftAssert.java:46)
	at org.testng.asserts.SoftAssert.assertAll(SoftAssert.java:30)
	at POM.CLPUtility.CLP_VerifyTotalCountOfCases(CLPUtility.java:512)
	at TestCases.CLP.CLP_VerifyTotalCountOfCases(CLP.java:128)
	at java.base/jdk.internal.reflect.DirectMethodHandleAccessor.invoke(DirectMethodHandleAccessor.java:104)
	at java.base/java.lang.reflect.Method.invoke(Method.java:577)
	at org.testng.internal.invokers.MethodInvocationHelper.invokeMethod(MethodInvocationHelper.java:135)
	at org.testng.internal.invokers.TestInvoker.invokeMethod(TestInvoker.java:673)
	at org.testng.internal.invokers.TestInvoker.invokeTestMethod(TestInvoker.java:220)
	at org.testng.internal.invokers.MethodRunner.runInSequence(MethodRunner.java:50)
	at org.testng.internal.invokers.TestInvoker$MethodInvocationAgent.invoke(TestInvoker.java:945)
	at org.testng.internal.invokers.TestInvoker.invokeTestMethods(TestInvoker.java:193)
	at org.testng.internal.invokers.TestMethodWorker.invokeTestMethods(TestMethodWorker.java:146)
	at org.testng.internal.invokers.TestMethodWorker.run(TestMethodWorker.java:128)
	at java.base/java.util.concurrent.ThreadPoolExecutor.runWorker(ThreadPoolExecutor.java:1136)
	at java.base/java.util.concurrent.ThreadPoolExecutor$Worker.run(ThreadPoolExecutor.java:635)
	at java.base/java.lang.Thread.run(Thread.java:833)
]]></failure>
    <system-out><![CDATA[2024-07-26 00:12:45,140 [info]: Click By JS By.cssSelector: a#edit-default-resolution
2024-07-26 00:12:45,380 [info]: Clicked on By.xpath: //*[text()='Agency Admin CRM and CEM']
2024-07-26 00:12:45,546 [info]: Clicked on By.xpath: //label[text()='Add Group']
2024-07-26 00:12:45,707 [info]: Clicked on By.xpath: //button[text()='Add Rule']
2024-07-26 00:12:45,838 [info]: Clicked on By.xpath: //label[text()='Standard Group']
2024-07-26 00:12:45,935 [info]: Sendkeys on By.id: tinymce with value {{photos}}{{photos_without_uploaded_by}}{{open_violations_list}}{{open_violations_comma_separated}}{{fines_table}}
2024-07-26 00:12:46,027 [info]: Click By JS By.xpath: //button[text()='Create Notice']
2024-07-26 00:12:46,062 [info]: Clicked on By.xpath: //button[text()='Apply']
2024-07-26 00:12:46,651 [info]: Scroll Into View By.xpath: //div[@class='table__pagination-nav-btns']//button[@class='square-btn btn btn-default'][2]
2024-07-26 00:12:46,964 [info]: Clicked on By.xpath: //label[@title='Attribute']/following::div[@class='Select-placeholder'][1]
2024-07-26 00:12:47,209 [info]: Clicked on By.xpath: //*[text()='Zip']
2024-07-26 00:12:47,348 [info]: GetText fromBy.xpath: //div[@class='modal-header']
2024-07-26 00:12:47,378 [info]: Clicked on By.xpath: //label[@title='Attribute']/following::div[@class='Select-placeholder'][1]
2024-07-26 00:12:47,627 [info]: Clicked on By.xpath: //*[text()='Equals']
2024-07-26 00:12:47,971 [info]: Sendkeys on By.xpath: //input[@name='value'] with value 77590
2024-07-26 00:12:48,148 [info]: Clicked on By.xpath: //label[@for='caseAssignee']/following::label
2024-07-26 00:12:49,048 [info]: Clicked on By.xpath: //div/input[@placeholder='Start typing name of violation, article number or issue description']
2024-07-26 00:12:49,456 [info]: Clicked on By.xpath: //label[@for='caseAssignee']/following::ul/li[1]
2024-07-26 00:12:49,609 [info]: Clicked on By.xpath: //label[@for='inspectionAssignee']/following::label[text()='Select Option']
Test Failed: CLP_VerifyTotalCountOfCases
2024-07-26 00:12:50,341 [info]: Clicked on By.xpath: //div[@class='user-form__header full-page-modal__header']//button[text()='Create User']
2024-07-26 00:12:50,925 [info]: Clicked on By.xpath: //label[@for='inspectionAssignee']/following::ul/li[1]
2024-07-26 00:12:51,204 [info]: Clicked on By.xpath: //button[text()='Create Rule']
2024-07-26 00:12:51,446 [info]: Clicked on By.xpath: //button[text()='Inactive']
2024-07-26 00:12:51,601 [info]: Clicked on By.xpath: //button[text()='Save']
]]></system-out>
  </testcase>
  <testcase name="CLP_VerifyPrimaryFilters" classname="TestCases.CLP" time="0.394">
    <system-out><![CDATA[2024-07-26 00:12:52,018 [info]: Click By JS By.xpath: //*[@class='checkbox-holder']//../a
Test Passed: CLP_VerifyPrimaryFilters
]]></system-out>
  </testcase>
  <testcase name="CLP_VerifyApplicationOfPrimaryFilters" classname="TestCases.CLP" time="5.61">
    <system-out><![CDATA[2024-07-26 00:14:28,315 [info]: Scroll Into View By.xpath: //label[text()='Audit Trail']
2024-07-26 00:14:28,349 [info]: Scroll Into View By.xpath: //div[@class='sidebar__options-container__options flex-column--left'][2]/label
2024-07-26 00:14:28,475 [info]: Click By JS By.xpath: //div[@class='sidebar__options-container__options flex-column--left'][2]/label
2024-07-26 00:14:28,546 [info]: Scroll Into View By.xpath: //label[text()='Categories']
2024-07-26 00:14:28,672 [info]: Click By JS By.xpath: //label[text()='Categories']
2024-07-26 00:14:29,984 [info]: Clicked on By.xpath: //div[@class='case-inspection__print-notice']//button[text()='Do Not Print']
2024-07-26 00:14:30,222 [info]: Clicked on By.xpath: //button[text()='Issue Notice & Complete Inspection']
2024-07-26 00:14:32,098 [info]: Scroll Into View By.xpath: (//div[@id='case-notes']/div/div/div/div)[2]/div/button
2024-07-26 00:14:32,326 [info]: Click By JS By.xpath: (//div[@class='case-note-tile__notes']//button[@class='edit-btn  btn btn-primary'])[2]
2024-07-26 00:14:32,586 [info]: Clicked on By.xpath: //div[@class='flex-row--center']/button[text()='Yes']
Test Passed: CLP_VerifyApplicationOfPrimaryFilters
]]></system-out>
    <system-err><![CDATA[org.openqa.selenium.TimeoutException: Expected condition failed: waiting for element to no longer be visible: By.xpath: //div[@class='user-form__header full-page-modal__header']//button[text()='Create User'] (tried for 60 second(s) with 1000 milliseconds interval)
Build info: version: '4.11.0', revision: '040bc5406b'
System info: os.name: 'Windows 11', os.arch: 'amd64', os.version: '10.0', java.version: '18.0.2.1'
Driver info: driver.version: unknown
	at org.openqa.selenium.support.ui.FluentWait.timeoutException(FluentWait.java:262)
	at org.openqa.selenium.support.ui.FluentWait.until(FluentWait.java:230)
	at CommonMethods.Helper.waitUntilElementInvisibleLocated(Helper.java:237)
	at POM.CreateCRMUserUtility.CreateCRMUser_CreateProductAdminUser(CreateCRMUserUtility.java:270)
	at TestCases.CreateCRMUser.CreateCRMUser_CreateProductAdminUser(CreateCRMUser.java:72)
	at java.base/jdk.internal.reflect.DirectMethodHandleAccessor.invoke(DirectMethodHandleAccessor.java:104)
	at java.base/java.lang.reflect.Method.invoke(Method.java:577)
	at org.testng.internal.invokers.MethodInvocationHelper.invokeMethod(MethodInvocationHelper.java:135)
	at org.testng.internal.invokers.TestInvoker.invokeMethod(TestInvoker.java:673)
	at org.testng.internal.invokers.TestInvoker.invokeTestMethod(TestInvoker.java:220)
	at org.testng.internal.invokers.MethodRunner.runInSequence(MethodRunner.java:50)
	at org.testng.internal.invokers.TestInvoker$MethodInvocationAgent.invoke(TestInvoker.java:945)
	at org.testng.internal.invokers.TestInvoker.invokeTestMethods(TestInvoker.java:193)
	at org.testng.internal.invokers.TestMethodWorker.invokeTestMethods(TestMethodWorker.java:146)
	at org.testng.internal.invokers.TestMethodWorker.run(TestMethodWorker.java:128)
	at java.base/java.util.concurrent.ThreadPoolExecutor.runWorker(ThreadPoolExecutor.java:1136)
	at java.base/java.util.concurrent.ThreadPoolExecutor$Worker.run(ThreadPoolExecutor.java:635)
	at java.base/java.lang.Thread.run(Thread.java:833)
org.openqa.selenium.TimeoutException: Expected condition failed: waiting for element to be clickable: By.xpath: //input[@class='checkbox__input'][@type='checkbox'] (tried for 60 second(s) with 1000 milliseconds interval)
Build info: version: '4.11.0', revision: '040bc5406b'
System info: os.name: 'Windows 11', os.arch: 'amd64', os.version: '10.0', java.version: '18.0.2.1'
Driver info: driver.version: unknown
	at org.openqa.selenium.support.ui.FluentWait.timeoutException(FluentWait.java:262)
	at org.openqa.selenium.support.ui.FluentWait.until(FluentWait.java:230)
	at CommonMethods.Helper.waitForElementIsInteractable(Helper.java:199)
	at POM.CLPUtility.CLP_VerifyApplicationOfPrimaryFilters(CLPUtility.java:560)
	at TestCases.CLP.CLP_VerifyApplicationOfPrimaryFilters(CLP.java:142)
	at java.base/jdk.internal.reflect.DirectMethodHandleAccessor.invoke(DirectMethodHandleAccessor.java:104)
	at java.base/java.lang.reflect.Method.invoke(Method.java:577)
	at org.testng.internal.invokers.MethodInvocationHelper.invokeMethod(MethodInvocationHelper.java:135)
	at org.testng.internal.invokers.TestInvoker.invokeMethod(TestInvoker.java:673)
	at org.testng.internal.invokers.TestInvoker.invokeTestMethod(TestInvoker.java:220)
	at org.testng.internal.invokers.MethodRunner.runInSequence(MethodRunner.java:50)
	at org.testng.internal.invokers.TestInvoker$MethodInvocationAgent.invoke(TestInvoker.java:945)
	at org.testng.internal.invokers.TestInvoker.invokeTestMethods(TestInvoker.java:193)
	at org.testng.internal.invokers.TestMethodWorker.invokeTestMethods(TestMethodWorker.java:146)
	at org.testng.internal.invokers.TestMethodWorker.run(TestMethodWorker.java:128)
	at java.base/java.util.concurrent.ThreadPoolExecutor.runWorker(ThreadPoolExecutor.java:1136)
	at java.base/java.util.concurrent.ThreadPoolExecutor$Worker.run(ThreadPoolExecutor.java:635)
	at java.base/java.lang.Thread.run(Thread.java:833)
]]></system-err>
  </testcase>
  <testcase name="CLP_VerifyClearAllFiltersLinkText" classname="TestCases.CLP" time="2.982">
    <system-out><![CDATA[2024-07-26 00:15:36,790 [info]: Click By JS By.xpath: //button[text()='No']
2024-07-26 00:15:37,097 [info]: Sendkeys on By.xpath: //input[@placeholder='Filter by name or email'][@type='TEXT'] with value CE User
2024-07-26 00:15:38,747 [info]: Clicked on By.xpath: //button[text()='Yes']
2024-07-26 00:15:38,936 [info]: Sendkeys on By.xpath: //input[@name='name'] with value Category S9dY9
2024-07-26 00:15:39,025 [info]: Click By JS By.xpath: //div[@class='full-page-modal__header']//following::button[text()='Create Category']
2024-07-26 00:15:39,246 [info]: Click By JS By.xpath: //div[@class='case-inspection__print-notice']//button[text()='Queue To Print']
2024-07-26 00:15:39,344 [info]: Scroll Into View By.xpath: (//button[text()='Generate Notice'])[3]
2024-07-26 00:15:39,636 [info]: Scroll Into View By.xpath: //a[text()='Clear all filters']
Test Passed: CLP_VerifyClearAllFiltersLinkText
]]></system-out>
  </testcase>
  <testcase name="CLP_VerifyClearAllFiltersLinkNotPresent" classname="TestCases.CLP" time="10.281">
    <system-out><![CDATA[2024-07-26 00:15:39,720 [info]: Scroll Into View By.xpath: //a[text()='Clear all filters']
2024-07-26 00:15:39,756 [info]: Clicked on By.xpath: (//button[text()='Generate Notice'])[3]
2024-07-26 00:15:39,938 [info]: Click By JS By.xpath: //a[text()='Clear all filters']
2024-07-26 00:15:40,011 [info]: Sendkeys on By.xpath: //div/input[@placeholder='Start typing name of violation, article number or issue description'] with value Wa
2024-07-26 00:15:40,508 [info]: Clicked on By.xpath: //div[@class='react-autosuggest__suggestion-element']/div
2024-07-26 00:15:41,276 [info]: Clicked on By.xpath: //div[@class='footer_actions']/button
2024-07-26 00:15:43,596 [info]: Scroll Into View By.xpath: //div[@class='contact-tile tile']//input
2024-07-26 00:15:44,016 [info]: Clicked on By.xpath: //div[@class='contact-tile tile']//input
2024-07-26 00:15:44,400 [info]: Click By JS By.xpath: //div[@class='contact-tile tile']//div[@class='react-autosuggest__function']
2
2024-07-26 00:15:44,547 [info]: Click By JS By.xpath: //div[@class='multi-choice-buttons']/button[(starts-with(text(),'HTML'))]
2024-07-26 00:15:44,833 [info]: Clicked on By.xpath: (//div[@class='progressive-form__footer']//button[@class='square-btn btn btn-primary'])[2]
2024-07-26 00:15:45,286 [info]: Scroll Into View By.xpath: //button[text()='Create Category']
2024-07-26 00:15:45,466 [info]: Click By JS By.xpath: //button[text()='Create Category']
2024-07-26 00:15:46,317 [info]: Sendkeys on By.xpath: //input[@name='name'] with value CuTcnvcC
2024-07-26 00:15:46,329 [info]: Clicked on By.xpath: (//div[@class='progressive-form__footer']//button[@class='square-btn btn btn-primary'])[3]
2024-07-26 00:15:46,684 [info]: Sendkeys on By.xpath: //input[@name='email'] with value CuTcnvcC@yopmail.com
2024-07-26 00:15:47,011 [info]: Sendkeys on By.xpath: //input[@name='workPhone'] with value 1171773073
2024-07-26 00:15:47,055 [info]: Scroll Into View By.xpath: (//div[@class='full-page-modal__header']//button[2])[2]
2024-07-26 00:15:47,310 [info]: Clicked on By.xpath: (//div[@class='full-page-modal__header']//button[2])[2]
2024-07-26 00:15:47,675 [info]: Clicked on By.xpath: //div[@class='apply-notice-footer']//button[1]
2024-07-26 00:15:47,723 [info]: Click By JS By.xpath: //div[@class='apply-notice-footer']//button[1]
2024-07-26 00:15:49,602 [info]: Sendkeys on By.xpath: //input[@name='name'] with value Location Not Required
2024-07-26 00:15:49,708 [info]: Click By JS By.xpath: //div[@class='full-page-modal__header']//following::button[text()='Create Category']
Test Passed: CLP_VerifyClearAllFiltersLinkNotPresent
]]></system-out>
  </testcase>
  <testcase name="CLP_VerifySelectionOfSecondaryFilters" classname="TestCases.CLP" time="1.291">
    <system-out><![CDATA[2024-07-26 00:15:50,117 [info]: Click By JS By.xpath: //i[@class='fa fa-2 fa-sliders']
2024-07-26 00:15:50,572 [info]: Clicked on By.xpath: //label[@for='checkbox-violations']
2024-07-26 00:15:50,732 [info]: Clicked on By.xpath: //span/label[text()='Property Owner']
2024-07-26 00:15:50,907 [info]: Clicked on By.xpath: //div[@class='case-inspection__print-notice']//button[text()='Do Not Print']
2024-07-26 00:15:51,107 [info]: Clicked on By.xpath: //label[@for='checkbox-outstandingBalance']
2024-07-26 00:15:51,110 [info]: Clicked on By.xpath: //button[text()='Apply']
2024-07-26 00:15:51,141 [info]: Scroll Into View By.xpath: //span[contains(text(),'Attachments')]//following-sibling::button
2024-07-26 00:15:51,214 [info]: Clicked on By.xpath: //div[@class='case-inspection__notice-action-buttons']/button[2]
Test Passed: CLP_VerifySelectionOfSecondaryFilters
]]></system-out>
  </testcase>
  <testcase name="CLP_VerifyPresenceOfSecondaryFiltersUnderPrimaryFilters" classname="TestCases.CLP" time="0.451">
    <system-out><![CDATA[2024-07-26 00:15:51,313 [info]: Click By JS By.xpath: //span[contains(text(),'Attachments')]//following-sibling::button
2024-07-26 00:15:51,511 [info]: Click By JS By.xpath: //div[@class='footer_actions']/button[2]
2024-07-26 00:15:51,517 [info]: Clicked on By.xpath: //button[@class='drawer__close']
Test Passed: CLP_VerifyPresenceOfSecondaryFiltersUnderPrimaryFilters
]]></system-out>
  </testcase>
  <testcase name="CLP_VerifyApplicationOfsecondaryFilters" classname="TestCases.CLP" time="4.194">
    <system-out><![CDATA[2024-07-26 00:15:51,860 [info]: Click By JS By.xpath: //i[@class='fa fa-2 fa-cog']
2024-07-26 00:15:52,318 [info]: Clicked on By.xpath: //label[@for='checkbox-column-outstandingBalance' and text()='Outstanding Balance']
2024-07-26 00:15:52,539 [info]: Clicked on By.xpath: //button[@class='drawer__close']
2024-07-26 00:15:52,749 [info]: Clicked on By.xpath: //div[@id='outstandingBalance']//div/label[text()='Any']
2024-07-26 00:15:53,090 [info]: GetText fromBy.cssSelector: div.abatement-activities__draft-notice div h4
prev notice HTML Mandatory Notice
2024-07-26 00:15:53,997 [info]: Clicked on By.xpath: //label[@for='Outstanding Balance-2']
1
2024-07-26 00:15:54,497 [info]: Click By JS By.xpath: //*[contains(text(),'HTML Mandatory Notice')]
2024-07-26 00:15:54,539 [info]: Click By JS By.xpath: //div[@class='progressive-form active']//button[text()='Continue']
2024-07-26 00:15:55,256 [info]: Sendkeys on By.id: idp-discovery-username with value SupervisorManagerStage@yopmail.com
2024-07-26 00:15:55,530 [info]: Clicked on By.id: idp-discovery-submit
2024-07-26 00:15:55,909 [info]: Clicked on By.xpath: //label[@for='Outstanding Balance-2']//following::button[text()='Apply']
Test Passed: CLP_VerifyApplicationOfsecondaryFilters
]]></system-out>
    <system-err><![CDATA[org.openqa.selenium.ScriptTimeoutException: script timeout
  (Session info: chrome=115.0.5790.170)
Build info: version: '4.11.0', revision: '040bc5406b'
System info: os.name: 'Windows 11', os.arch: 'amd64', os.version: '10.0', java.version: '18.0.2.1'
Driver info: org.openqa.selenium.chrome.ChromeDriver
Command: [17815f433c2d03edfeea8d0d43538058, isElementDisplayed {id=46822111D604951C8B3DF06D8C1DD864_element_924}]
Capabilities {acceptInsecureCerts: false, browserName: chrome, browserVersion: 115.0.5790.170, chrome: {chromedriverVersion: 115.0.5790.170 (cc0d30c2ca5..., userDataDir: C:\Users\SQELAB~1\AppData\L...}, goog:chromeOptions: {debuggerAddress: localhost:62519}, networkConnectionEnabled: false, pageLoadStrategy: normal, platformName: windows, proxy: Proxy(), se:cdp: ws://localhost:62519/devtoo..., se:cdpVersion: 115.0.5790.170, setWindowRect: true, strictFileInteractability: false, timeouts: {implicit: 0, pageLoad: 300000, script: 30000}, unhandledPromptBehavior: dismiss and notify, webauthn:extension:credBlob: true, webauthn:extension:largeBlob: true, webauthn:extension:minPinLength: true, webauthn:extension:prf: true, webauthn:virtualAuthenticators: true}
Element: [[ChromeDriver: chrome on windows (17815f433c2d03edfeea8d0d43538058)] -> xpath: //img[@src='/assets/loading.gif']]
Session ID: 17815f433c2d03edfeea8d0d43538058
	at java.base/jdk.internal.reflect.DirectConstructorHandleAccessor.newInstance(DirectConstructorHandleAccessor.java:67)
	at java.base/java.lang.reflect.Constructor.newInstanceWithCaller(Constructor.java:499)
	at java.base/java.lang.reflect.Constructor.newInstance(Constructor.java:483)
	at org.openqa.selenium.remote.codec.w3c.W3CHttpResponseCodec.createException(W3CHttpResponseCodec.java:200)
	at org.openqa.selenium.remote.codec.w3c.W3CHttpResponseCodec.decode(W3CHttpResponseCodec.java:133)
	at org.openqa.selenium.remote.codec.w3c.W3CHttpResponseCodec.decode(W3CHttpResponseCodec.java:52)
	at org.openqa.selenium.remote.HttpCommandExecutor.execute(HttpCommandExecutor.java:191)
	at org.openqa.selenium.remote.service.DriverCommandExecutor.invokeExecute(DriverCommandExecutor.java:196)
	at org.openqa.selenium.remote.service.DriverCommandExecutor.execute(DriverCommandExecutor.java:171)
	at org.openqa.selenium.remote.RemoteWebDriver.execute(RemoteWebDriver.java:518)
	at org.openqa.selenium.remote.RemoteWebElement.execute(RemoteWebElement.java:224)
	at org.openqa.selenium.remote.RemoteWebElement.isDisplayed(RemoteWebElement.java:280)
	at org.openqa.selenium.support.ui.ExpectedConditions.isInvisible(ExpectedConditions.java:1374)
	at org.openqa.selenium.support.ui.ExpectedConditions.access$200(ExpectedConditions.java:37)
	at org.openqa.selenium.support.ui.ExpectedConditions$48.apply(ExpectedConditions.java:1362)
	at org.openqa.selenium.support.ui.ExpectedConditions$48.apply(ExpectedConditions.java:1358)
	at org.openqa.selenium.support.ui.FluentWait.until(FluentWait.java:205)
	at CommonMethods.Helper.waitForCurserRunning(Helper.java:290)
	at POM.CDP_Utility.CDP_VerifyUserAbleGenerateNoticeOutsideofInspection(CDP_Utility.java:686)
	at POM.CDP_Utility.CDP_VerifyUserAbleToDeleteAndReissueNotice(CDP_Utility.java:718)
	at TestCases.CDP.CDP_VerifyUserAbleToDeleteAndReissueNotice(CDP.java:166)
	at java.base/jdk.internal.reflect.DirectMethodHandleAccessor.invoke(DirectMethodHandleAccessor.java:104)
	at java.base/java.lang.reflect.Method.invoke(Method.java:577)
	at org.testng.internal.invokers.MethodInvocationHelper.invokeMethod(MethodInvocationHelper.java:135)
	at org.testng.internal.invokers.TestInvoker.invokeMethod(TestInvoker.java:673)
	at org.testng.internal.invokers.TestInvoker.invokeTestMethod(TestInvoker.java:220)
	at org.testng.internal.invokers.MethodRunner.runInSequence(MethodRunner.java:50)
	at org.testng.internal.invokers.TestInvoker$MethodInvocationAgent.invoke(TestInvoker.java:945)
	at org.testng.internal.invokers.TestInvoker.invokeTestMethods(TestInvoker.java:193)
	at org.testng.internal.invokers.TestMethodWorker.invokeTestMethods(TestMethodWorker.java:146)
	at org.testng.internal.invokers.TestMethodWorker.run(TestMethodWorker.java:128)
	at java.base/java.util.concurrent.ThreadPoolExecutor.runWorker(ThreadPoolExecutor.java:1136)
	at java.base/java.util.concurrent.ThreadPoolExecutor$Worker.run(ThreadPoolExecutor.java:635)
	at java.base/java.lang.Thread.run(Thread.java:833)
org.openqa.selenium.TimeoutException: Expected condition failed: waiting for visibility of element located by By.id: okta-signin-username (tried for 60 second(s) with 1000 milliseconds interval)
Build info: version: '4.11.0', revision: '040bc5406b'
System info: os.name: 'Windows 11', os.arch: 'amd64', os.version: '10.0', java.version: '18.0.2.1'
Driver info: driver.version: unknown
	at org.openqa.selenium.support.ui.FluentWait.timeoutException(FluentWait.java:262)
	at org.openqa.selenium.support.ui.FluentWait.until(FluentWait.java:230)
	at CommonMethods.Helper.waitUntilElementIsVisible(Helper.java:148)
	at POM.LoginUtility.LoginAgencyUser(LoginUtility.java:1132)
	at POM.LoginUtility.loginSupervisorManager_QAProdStage(LoginUtility.java:1189)
	at POM.CLPUtility.VerifyEsclatedColStatusApproved(CLPUtility.java:1032)
	at TestCases.EscalatedNoticesCLP.VerifyEsclatedColStatusApproved(EscalatedNoticesCLP.java:51)
	at java.base/jdk.internal.reflect.DirectMethodHandleAccessor.invoke(DirectMethodHandleAccessor.java:104)
	at java.base/java.lang.reflect.Method.invoke(Method.java:577)
	at org.testng.internal.invokers.MethodInvocationHelper.invokeMethod(MethodInvocationHelper.java:135)
	at org.testng.internal.invokers.TestInvoker.invokeMethod(TestInvoker.java:673)
	at org.testng.internal.invokers.TestInvoker.invokeTestMethod(TestInvoker.java:220)
	at org.testng.internal.invokers.MethodRunner.runInSequence(MethodRunner.java:50)
	at org.testng.internal.invokers.TestInvoker$MethodInvocationAgent.invoke(TestInvoker.java:945)
	at org.testng.internal.invokers.TestInvoker.invokeTestMethods(TestInvoker.java:193)
	at org.testng.internal.invokers.TestMethodWorker.invokeTestMethods(TestMethodWorker.java:146)
	at org.testng.internal.invokers.TestMethodWorker.run(TestMethodWorker.java:128)
	at java.base/java.util.concurrent.ThreadPoolExecutor.runWorker(ThreadPoolExecutor.java:1136)
	at java.base/java.util.concurrent.ThreadPoolExecutor$Worker.run(ThreadPoolExecutor.java:635)
	at java.base/java.lang.Thread.run(Thread.java:833)
]]></system-err>
  </testcase>
  <testcase name="CLP_VerifyRemovalOfSecondaryFilters" classname="TestCases.CLP" time="0.701">
    <system-out><![CDATA[2024-07-26 00:15:56,037 [info]: Scroll Into View By.xpath: //button[text()='Create Category']
2024-07-26 00:15:56,174 [info]: Click By JS By.xpath: //button[text()='Create Category']
2024-07-26 00:15:56,559 [info]: Clicked on By.xpath: //div[@class='filter-options violations']/following-sibling::button
Test Passed: CLP_VerifyRemovalOfSecondaryFilters
]]></system-out>
  </testcase>
  <testcase name="CLP_VerifySearchField" classname="TestCases.CLP" time="3.473">
    <system-out><![CDATA[2024-07-26 00:16:30,213 [info]: Click By JS By.xpath: //button[contains(text(),'More')]
2024-07-26 00:16:30,303 [info]: Click By JS By.xpath: //ul[@class='dropdown-button__dropdown-wrap']/li
2024-07-26 00:16:30,448 [info]: Click By JS By.xpath: //button[text()='Close Case']
Test Passed: CLP_VerifySearchField
]]></system-out>
  </testcase>
  <testcase name="CLP_VerifyInfoMsgForNoSearchResults" classname="TestCases.CLP" time="7.255">
    <system-out><![CDATA[2024-07-26 00:17:01,892 [info]: Click By JS By.xpath: //*[@class='app-header__user-name']/div
2024-07-26 00:17:02,850 [info]: Clicked on By.xpath: //li[@id='react-autowhatever-1-section-0-item-0']
2024-07-26 00:17:03,946 [info]: Click By JS By.xpath: //label[text()='Logout']
2024-07-26 00:17:04,923 [info]: Scroll Into View By.xpath: //div[@class='contact-tile tile']//input
2024-07-26 00:17:06,862 [info]: GetText fromBy.xpath: //div[@class='rt-noData']
Test Passed: CLP_VerifyInfoMsgForNoSearchResults
]]></system-out>
  </testcase>
  <testcase name="CLP_VerifyAdditionOfColumns" classname="TestCases.CLP" time="5.444">
    <system-out><![CDATA[2024-07-26 00:17:18,902 [info]: Scroll Into View By.xpath: //div[@class='app-header__menu__icon']
2024-07-26 00:17:18,935 [info]: Click By JS By.xpath: //div[@class='app-header__menu__icon']
2024-07-26 00:17:18,962 [info]: Scroll Into View By.xpath: //label[text()='Agency Setup']//preceding-sibling::a
2024-07-26 00:17:21,312 [info]: Click By JS By.xpath: //label[text()='Agency Setup']//preceding-sibling::a
2024-07-26 00:17:21,622 [info]: Clicked on By.xpath: //i[@class='fa fa-2 fa-cog']
false
2024-07-26 00:17:22,136 [info]: Clicked on By.xpath: //button[@class='drawer__close']
2024-07-26 00:17:23,307 [info]: Scroll Into View By.xpath: //a[text()='Cases']
2024-07-26 00:17:23,522 [info]: Click By JS By.xpath: //a[text()='Cases']
2024-07-26 00:17:23,533 [info]: Sendkeys on By.xpath: //div/input[@placeholder='Start typing name of violation, article number or issue description'] with value Water
2024-07-26 00:17:23,815 [info]: Clicked on By.xpath: //div[@class='react-autosuggest__suggestion-element']/div
2024-07-26 00:17:23,916 [info]: Scroll Into View By.xpath: //div/button[text()='Create Case']
2024-07-26 00:17:23,959 [info]: Sendkeys on By.xpath: (//input[@placeholder='Search...'])[2] with value Amandeep
Test Passed: CLP_VerifyAdditionOfColumns
]]></system-out>
  </testcase>
  <testcase name="CLP_VerifyRestorationOfCheckedBoxes" classname="TestCases.CLP" time="2.838">
    <system-out><![CDATA[2024-07-26 00:17:24,361 [info]: Clicked on By.xpath: //div/button[text()='Create Case']
2024-07-26 00:17:24,393 [info]: Clicked on By.xpath: //i[@class='fa fa-2 fa-cog']
2024-07-26 00:17:24,937 [info]: Clicked on By.xpath: //a[text()='Restore Defaults']
2024-07-26 00:17:25,809 [info]: Cleared value from By.xpath: //input[@name='searchQuery']
2024-07-26 00:17:26,124 [info]: Scroll Into View By.xpath: //label[text()='Audit Trail']
2024-07-26 00:17:26,197 [info]: Scroll Into View By.xpath: //label[text()='Assignment Rules']
2024-07-26 00:17:26,299 [info]: Click By JS By.xpath: //label[text()='Assignment Rules']
2024-07-26 00:17:26,401 [info]: Sendkeys on By.xpath: //input[@name='searchQuery'] with value 24-1857
Test Passed: CLP_VerifyRestorationOfCheckedBoxes
]]></system-out>
    <system-err><![CDATA[org.openqa.selenium.TimeoutException: Expected condition failed: waiting for visibility of element located by By.xpath: //button[text()='Approve Notice'] (tried for 60 second(s) with 1000 milliseconds interval)
Build info: version: '4.11.0', revision: '040bc5406b'
System info: os.name: 'Windows 11', os.arch: 'amd64', os.version: '10.0', java.version: '18.0.2.1'
Driver info: driver.version: unknown
	at org.openqa.selenium.support.ui.FluentWait.timeoutException(FluentWait.java:262)
	at org.openqa.selenium.support.ui.FluentWait.until(FluentWait.java:230)
	at CommonMethods.Helper.waitUntilElementIsVisible(Helper.java:148)
	at POM.CLPUtility.VerifyEsclatedColStatusApproved(CLPUtility.java:1035)
	at TestCases.EscalatedNoticesCLP.VerifyEsclatedColStatusApproved(EscalatedNoticesCLP.java:51)
	at java.base/jdk.internal.reflect.DirectMethodHandleAccessor.invoke(DirectMethodHandleAccessor.java:104)
	at java.base/java.lang.reflect.Method.invoke(Method.java:577)
	at org.testng.internal.invokers.MethodInvocationHelper.invokeMethod(MethodInvocationHelper.java:135)
	at org.testng.internal.invokers.TestInvoker.invokeMethod(TestInvoker.java:673)
	at org.testng.internal.invokers.TestInvoker.invokeTestMethod(TestInvoker.java:220)
	at org.testng.internal.invokers.MethodRunner.runInSequence(MethodRunner.java:50)
	at org.testng.internal.invokers.TestInvoker$MethodInvocationAgent.invoke(TestInvoker.java:945)
	at org.testng.internal.invokers.TestInvoker.invokeTestMethods(TestInvoker.java:193)
	at org.testng.internal.invokers.TestMethodWorker.invokeTestMethods(TestMethodWorker.java:146)
	at org.testng.internal.invokers.TestMethodWorker.run(TestMethodWorker.java:128)
	at java.base/java.util.concurrent.ThreadPoolExecutor.runWorker(ThreadPoolExecutor.java:1136)
	at java.base/java.util.concurrent.ThreadPoolExecutor$Worker.run(ThreadPoolExecutor.java:635)
	at java.base/java.lang.Thread.run(Thread.java:833)
]]></system-err>
  </testcase>
  <testcase name="CLP_VerifyAddedColumnsAfterRestoreDefaultsLink" classname="TestCases.CLP" time="11.068">
    <system-out><![CDATA[2024-07-26 00:18:00,967 [info]: Scroll Into View By.xpath: //button[text()='Apply Notice']
2024-07-26 00:18:03,216 [info]: Clicked on By.xpath: //button[text()='Apply Notice']
2024-07-26 00:18:08,908 [info]: Click By JS By.xpath: //*[@class='case-details__close-icon']/img
2024-07-26 00:18:11,207 [info]: Click By JS By.xpath: //*[@class='app-header__user-name']/div
2024-07-26 00:18:13,290 [info]: Click By JS By.xpath: //label[text()='Logout']
hello true 1
2024-07-26 00:18:21,555 [info]: Sendkeys on By.id: idp-discovery-username with value nonsupervisorStage@yopmail.com
2024-07-26 00:18:21,669 [info]: Clicked on By.id: idp-discovery-submit
2024-07-26 00:18:23,356 [info]: Sendkeys on By.id: okta-signin-password with value Hello@1234
2024-07-26 00:18:23,515 [info]: Clicked on By.id: okta-signin-submit
2024-07-26 00:18:26,615 [info]: Scroll Into View failed.
Test Failed: VerifyEsclatedColStatusApproved
2024-07-26 00:18:31,286 [info]: Scroll Into View By.xpath: //a[text()='Cases']
2024-07-26 00:18:31,428 [info]: Click By JS By.xpath: //a[text()='Cases']
2024-07-26 00:18:33,453 [info]: Cleared value from By.xpath: //input[@name='searchQuery']
2024-07-26 00:18:33,907 [info]: Sendkeys on By.xpath: //input[@name='searchQuery'] with value 24-1857
2024-07-26 00:18:39,017 [info]: Clicked on By.xpath: //button[text()='Add Rule']
Test Passed: CLP_VerifyAddedColumnsAfterRestoreDefaultsLink
]]></system-out>
    <system-err><![CDATA[org.openqa.selenium.TimeoutException: Expected condition failed: waiting for visibility of element located by By.xpath: //input[@placeholder='Filter by name or email'][@type='TEXT'] (tried for 60 second(s) with 1000 milliseconds interval)
Build info: version: '4.11.0', revision: '040bc5406b'
System info: os.name: 'Windows 11', os.arch: 'amd64', os.version: '10.0', java.version: '18.0.2.1'
Driver info: driver.version: unknown
	at org.openqa.selenium.support.ui.FluentWait.timeoutException(FluentWait.java:262)
	at org.openqa.selenium.support.ui.FluentWait.until(FluentWait.java:230)
	at CommonMethods.Helper.waitUntilElementIsVisible(Helper.java:148)
	at POM.CreateCRMUserUtility.CreateCRMUser_VerifyNoCEAccessToCRMOnlyUser(CreateCRMUserUtility.java:571)
	at TestCases.CreateCRMUser.CreateCRMUser_VerifyNoCEAccessToCRMOnlyUser(CreateCRMUser.java:93)
	at java.base/jdk.internal.reflect.DirectMethodHandleAccessor.invoke(DirectMethodHandleAccessor.java:104)
	at java.base/java.lang.reflect.Method.invoke(Method.java:577)
	at org.testng.internal.invokers.MethodInvocationHelper.invokeMethod(MethodInvocationHelper.java:135)
	at org.testng.internal.invokers.TestInvoker.invokeMethod(TestInvoker.java:673)
	at org.testng.internal.invokers.TestInvoker.invokeTestMethod(TestInvoker.java:220)
	at org.testng.internal.invokers.MethodRunner.runInSequence(MethodRunner.java:50)
	at org.testng.internal.invokers.TestInvoker$MethodInvocationAgent.invoke(TestInvoker.java:945)
	at org.testng.internal.invokers.TestInvoker.invokeTestMethods(TestInvoker.java:193)
	at org.testng.internal.invokers.TestMethodWorker.invokeTestMethods(TestMethodWorker.java:146)
	at org.testng.internal.invokers.TestMethodWorker.run(TestMethodWorker.java:128)
	at java.base/java.util.concurrent.ThreadPoolExecutor.runWorker(ThreadPoolExecutor.java:1136)
	at java.base/java.util.concurrent.ThreadPoolExecutor$Worker.run(ThreadPoolExecutor.java:635)
	at java.base/java.lang.Thread.run(Thread.java:833)
org.openqa.selenium.TimeoutException: Expected condition failed: waiting for visibility of element located by By.xpath: //button[text()='Approve Notice'] (tried for 60 second(s) with 1000 milliseconds interval)
Build info: version: '4.11.0', revision: '040bc5406b'
System info: os.name: 'Windows 11', os.arch: 'amd64', os.version: '10.0', java.version: '18.0.2.1'
Driver info: driver.version: unknown
	at org.openqa.selenium.support.ui.FluentWait.timeoutException(FluentWait.java:262)
	at org.openqa.selenium.support.ui.FluentWait.until(FluentWait.java:230)
	at CommonMethods.Helper.waitUntilElementIsVisible(Helper.java:148)
	at CommonMethods.CECommonMethods.approvedPendingEsclatedNoticeCDP(CECommonMethods.java:907)
	at POM.CLPUtility.VerifyEsclatedColStatusApproved(CLPUtility.java:1036)
	at TestCases.EscalatedNoticesCLP.VerifyEsclatedColStatusApproved(EscalatedNoticesCLP.java:51)
	at java.base/jdk.internal.reflect.DirectMethodHandleAccessor.invoke(DirectMethodHandleAccessor.java:104)
	at java.base/java.lang.reflect.Method.invoke(Method.java:577)
	at org.testng.internal.invokers.MethodInvocationHelper.invokeMethod(MethodInvocationHelper.java:135)
	at org.testng.internal.invokers.TestInvoker.invokeMethod(TestInvoker.java:673)
	at org.testng.internal.invokers.TestInvoker.invokeTestMethod(TestInvoker.java:220)
	at org.testng.internal.invokers.MethodRunner.runInSequence(MethodRunner.java:50)
	at org.testng.internal.invokers.TestInvoker$MethodInvocationAgent.invoke(TestInvoker.java:945)
	at org.testng.internal.invokers.TestInvoker.invokeTestMethods(TestInvoker.java:193)
	at org.testng.internal.invokers.TestMethodWorker.invokeTestMethods(TestMethodWorker.java:146)
	at org.testng.internal.invokers.TestMethodWorker.run(TestMethodWorker.java:128)
	at java.base/java.util.concurrent.ThreadPoolExecutor.runWorker(ThreadPoolExecutor.java:1136)
	at java.base/java.util.concurrent.ThreadPoolExecutor$Worker.run(ThreadPoolExecutor.java:635)
	at java.base/java.lang.Thread.run(Thread.java:833)
org.openqa.selenium.NoSuchElementException: no such element: Unable to locate element: {"method":"xpath","selector":"//button[text()='Approve Notice']"}
  (Session info: chrome=115.0.5790.170)
For documentation on this error, please visit: https://www.selenium.dev/documentation/webdriver/troubleshooting/errors#no-such-element-exception
Build info: version: '4.11.0', revision: '040bc5406b'
System info: os.name: 'Windows 11', os.arch: 'amd64', os.version: '10.0', java.version: '18.0.2.1'
Driver info: org.openqa.selenium.chrome.ChromeDriver
Command: [cc25a4e3a88027035c1e9d4297d76c17, findElement {using=xpath, value=//button[text()='Approve Notice']}]
Capabilities {acceptInsecureCerts: false, browserName: chrome, browserVersion: 115.0.5790.170, chrome: {chromedriverVersion: 115.0.5790.170 (cc0d30c2ca5..., userDataDir: C:\Users\SQELAB~1\AppData\L...}, goog:chromeOptions: {debuggerAddress: localhost:64093}, networkConnectionEnabled: false, pageLoadStrategy: normal, platformName: windows, proxy: Proxy(), se:cdp: ws://localhost:64093/devtoo..., se:cdpVersion: 115.0.5790.170, setWindowRect: true, strictFileInteractability: false, timeouts: {implicit: 0, pageLoad: 300000, script: 30000}, unhandledPromptBehavior: dismiss and notify, webauthn:extension:credBlob: true, webauthn:extension:largeBlob: true, webauthn:extension:minPinLength: true, webauthn:extension:prf: true, webauthn:virtualAuthenticators: true}
Session ID: cc25a4e3a88027035c1e9d4297d76c17
	at java.base/jdk.internal.reflect.DirectConstructorHandleAccessor.newInstance(DirectConstructorHandleAccessor.java:67)
	at java.base/java.lang.reflect.Constructor.newInstanceWithCaller(Constructor.java:499)
	at java.base/java.lang.reflect.Constructor.newInstance(Constructor.java:483)
	at org.openqa.selenium.remote.codec.w3c.W3CHttpResponseCodec.createException(W3CHttpResponseCodec.java:200)
	at org.openqa.selenium.remote.codec.w3c.W3CHttpResponseCodec.decode(W3CHttpResponseCodec.java:133)
	at org.openqa.selenium.remote.codec.w3c.W3CHttpResponseCodec.decode(W3CHttpResponseCodec.java:52)
	at org.openqa.selenium.remote.HttpCommandExecutor.execute(HttpCommandExecutor.java:191)
	at org.openqa.selenium.remote.service.DriverCommandExecutor.invokeExecute(DriverCommandExecutor.java:196)
	at org.openqa.selenium.remote.service.DriverCommandExecutor.execute(DriverCommandExecutor.java:171)
	at org.openqa.selenium.remote.RemoteWebDriver.execute(RemoteWebDriver.java:518)
	at org.openqa.selenium.remote.ElementLocation$ElementFinder$2.findElement(ElementLocation.java:165)
	at org.openqa.selenium.remote.ElementLocation.findElement(ElementLocation.java:59)
	at org.openqa.selenium.remote.RemoteWebDriver.findElement(RemoteWebDriver.java:355)
	at org.openqa.selenium.remote.RemoteWebDriver.findElement(RemoteWebDriver.java:349)
	at CommonMethods.Helper.scrollIntoView(Helper.java:467)
	at CommonMethods.CECommonMethods.approvedPendingEsclatedNoticeCDP(CECommonMethods.java:909)
	at POM.CLPUtility.VerifyEsclatedColStatusApproved(CLPUtility.java:1036)
	at TestCases.EscalatedNoticesCLP.VerifyEsclatedColStatusApproved(EscalatedNoticesCLP.java:51)
	at java.base/jdk.internal.reflect.DirectMethodHandleAccessor.invoke(DirectMethodHandleAccessor.java:104)
	at java.base/java.lang.reflect.Method.invoke(Method.java:577)
	at org.testng.internal.invokers.MethodInvocationHelper.invokeMethod(MethodInvocationHelper.java:135)
	at org.testng.internal.invokers.TestInvoker.invokeMethod(TestInvoker.java:673)
	at org.testng.internal.invokers.TestInvoker.invokeTestMethod(TestInvoker.java:220)
	at org.testng.internal.invokers.MethodRunner.runInSequence(MethodRunner.java:50)
	at org.testng.internal.invokers.TestInvoker$MethodInvocationAgent.invoke(TestInvoker.java:945)
	at org.testng.internal.invokers.TestInvoker.invokeTestMethods(TestInvoker.java:193)
	at org.testng.internal.invokers.TestMethodWorker.invokeTestMethods(TestMethodWorker.java:146)
	at org.testng.internal.invokers.TestMethodWorker.run(TestMethodWorker.java:128)
	at java.base/java.util.concurrent.ThreadPoolExecutor.runWorker(ThreadPoolExecutor.java:1136)
	at java.base/java.util.concurrent.ThreadPoolExecutor$Worker.run(ThreadPoolExecutor.java:635)
	at java.base/java.lang.Thread.run(Thread.java:833)
org.openqa.selenium.TimeoutException: Expected condition failed: waiting for visibility of element located by By.xpath: //div[text()='Outstanding Balance'] (tried for 60 second(s) with 1000 milliseconds interval)
Build info: version: '4.11.0', revision: '040bc5406b'
System info: os.name: 'Windows 11', os.arch: 'amd64', os.version: '10.0', java.version: '18.0.2.1'
Driver info: driver.version: unknown
	at org.openqa.selenium.support.ui.FluentWait.timeoutException(FluentWait.java:262)
	at org.openqa.selenium.support.ui.FluentWait.until(FluentWait.java:230)
	at CommonMethods.Helper.waitUntilElementIsVisible(Helper.java:148)
	at POM.CLPUtility.CLP_VerifyAddedColumnsAfterRestoreDefaultsLink(CLPUtility.java:802)
	at TestCases.CLP.CLP_VerifyAddedColumnsAfterRestoreDefaultsLink(CLP.java:219)
	at java.base/jdk.internal.reflect.DirectMethodHandleAccessor.invoke(DirectMethodHandleAccessor.java:104)
	at java.base/java.lang.reflect.Method.invoke(Method.java:577)
	at org.testng.internal.invokers.MethodInvocationHelper.invokeMethod(MethodInvocationHelper.java:135)
	at org.testng.internal.invokers.TestInvoker.invokeMethod(TestInvoker.java:673)
	at org.testng.internal.invokers.TestInvoker.invokeTestMethod(TestInvoker.java:220)
	at org.testng.internal.invokers.MethodRunner.runInSequence(MethodRunner.java:50)
	at org.testng.internal.invokers.TestInvoker$MethodInvocationAgent.invoke(TestInvoker.java:945)
	at org.testng.internal.invokers.TestInvoker.invokeTestMethods(TestInvoker.java:193)
	at org.testng.internal.invokers.TestMethodWorker.invokeTestMethods(TestMethodWorker.java:146)
	at org.testng.internal.invokers.TestMethodWorker.run(TestMethodWorker.java:128)
	at java.base/java.util.concurrent.ThreadPoolExecutor.runWorker(ThreadPoolExecutor.java:1136)
	at java.base/java.util.concurrent.ThreadPoolExecutor$Worker.run(ThreadPoolExecutor.java:635)
	at java.base/java.lang.Thread.run(Thread.java:833)
org.openqa.selenium.TimeoutException: Expected condition failed: waiting for element to no longer be visible: By.xpath: //div[text()='Case Created']//following::button[1] (tried for 60 second(s) with 1000 milliseconds interval)
Build info: version: '4.11.0', revision: '040bc5406b'
System info: os.name: 'Windows 11', os.arch: 'amd64', os.version: '10.0', java.version: '18.0.2.1'
Driver info: driver.version: unknown
	at org.openqa.selenium.support.ui.FluentWait.timeoutException(FluentWait.java:262)
	at org.openqa.selenium.support.ui.FluentWait.until(FluentWait.java:230)
	at CommonMethods.Helper.waitUntilElementInvisibleLocated(Helper.java:237)
	at CommonMethods.CRMCommonMethods.editCaseAssignmentRule(CRMCommonMethods.java:327)
	at POM.AppPreRequisiteUtility.AgencySetup_VerifyCaseAssignmentRules(AppPreRequisiteUtility.java:477)
	at TestCases.AgencyCreation.AgencySetup_VerifyCaseAssignmentRules(AgencyCreation.java:370)
	at java.base/jdk.internal.reflect.DirectMethodHandleAccessor.invoke(DirectMethodHandleAccessor.java:104)
	at java.base/java.lang.reflect.Method.invoke(Method.java:577)
	at org.testng.internal.invokers.MethodInvocationHelper.invokeMethod(MethodInvocationHelper.java:135)
	at org.testng.internal.invokers.TestInvoker.invokeMethod(TestInvoker.java:673)
	at org.testng.internal.invokers.TestInvoker.invokeTestMethod(TestInvoker.java:220)
	at org.testng.internal.invokers.MethodRunner.runInSequence(MethodRunner.java:50)
	at org.testng.internal.invokers.TestInvoker$MethodInvocationAgent.invoke(TestInvoker.java:945)
	at org.testng.internal.invokers.TestInvoker.invokeTestMethods(TestInvoker.java:193)
	at org.testng.internal.invokers.TestMethodWorker.invokeTestMethods(TestMethodWorker.java:146)
	at org.testng.internal.invokers.TestMethodWorker.run(TestMethodWorker.java:128)
	at java.base/java.util.concurrent.ThreadPoolExecutor.runWorker(ThreadPoolExecutor.java:1136)
	at java.base/java.util.concurrent.ThreadPoolExecutor$Worker.run(ThreadPoolExecutor.java:635)
	at java.base/java.lang.Thread.run(Thread.java:833)
]]></system-err>
  </testcase>
  <testcase name="CLP_OpenSaveAsPopup" classname="TestCases.CLP" time="7.209">
    <system-out><![CDATA[2024-07-26 00:18:39,208 [info]: Click By JS By.xpath: (//div[@class='dropdown__selector__selected']/label)[1]
2024-07-26 00:18:40,396 [info]: Clicked on By.xpath: //label[@title='Attribute']/following::div[@class='Select-placeholder'][1]
2024-07-26 00:18:40,627 [info]: Clicked on By.xpath: //div[text()='Case Violation']
2024-07-26 00:18:40,810 [info]: Clicked on By.xpath: //label[@title='Attribute']/following::div[@class='Select-placeholder'][1]
2024-07-26 00:18:41,041 [info]: Clicked on By.xpath: //div[text()='Contains']
2024-07-26 00:18:41,245 [info]: Clicked on By.xpath: //label[@title='Attribute']/following::div[@class='Select-placeholder'][1]
2024-07-26 00:18:41,328 [info]: Scroll Into View By.xpath: //div[text()='Water']
2024-07-26 00:18:41,498 [info]: Clicked on By.xpath: //div[text()='Water']
2024-07-26 00:18:41,576 [info]: Scroll Into View By.xpath: //label[@for='caseAssignee']/following::label[1]
2024-07-26 00:18:41,729 [info]: Clicked on By.xpath: //label[@for='caseAssignee']/following::label[1]
2024-07-26 00:18:43,121 [info]: Sendkeys on By.xpath: //div[@id='caseAssignee']//input[@placeholder='Search...'][@name='query'] with value Mark Shane
2024-07-26 00:18:43,427 [info]: Clicked on By.xpath: (//label[@for='caseAssignee']/following::ul/li//b)[1]
2024-07-26 00:18:43,718 [info]: Clicked on By.xpath: //label[@for='inspectionAssignee']/following::label[1]
2024-07-26 00:18:45,005 [info]: Clicked on By.xpath: //button[text()='Save As']
2024-07-26 00:18:46,110 [info]: Sendkeys on By.xpath: //div[@id='inspectionAssignee']//input[@placeholder='Search...'][@name='query'] with value Amandeep
Test Passed: CLP_OpenSaveAsPopup
]]></system-out>
    <system-err><![CDATA[org.openqa.selenium.TimeoutException: Expected condition failed: waiting for visibility of element located by By.xpath: //textarea[@placeholder='Enter Note'] (tried for 60 second(s) with 1000 milliseconds interval)
Build info: version: '4.11.0', revision: '040bc5406b'
System info: os.name: 'Windows 11', os.arch: 'amd64', os.version: '10.0', java.version: '18.0.2.1'
Driver info: driver.version: unknown
	at org.openqa.selenium.support.ui.FluentWait.timeoutException(FluentWait.java:262)
	at org.openqa.selenium.support.ui.FluentWait.until(FluentWait.java:230)
	at CommonMethods.Helper.waitUntilElementIsVisible(Helper.java:148)
	at POM.PerformInspectionUtility.PerformInspection_AddInspectionNote(PerformInspectionUtility.java:721)
	at TestCases.PerformInspection.PerformInspection_AddInspectionNote(PerformInspection.java:146)
	at java.base/jdk.internal.reflect.DirectMethodHandleAccessor.invoke(DirectMethodHandleAccessor.java:104)
	at java.base/java.lang.reflect.Method.invoke(Method.java:577)
	at org.testng.internal.invokers.MethodInvocationHelper.invokeMethod(MethodInvocationHelper.java:135)
	at org.testng.internal.invokers.TestInvoker.invokeMethod(TestInvoker.java:673)
	at org.testng.internal.invokers.TestInvoker.invokeTestMethod(TestInvoker.java:220)
	at org.testng.internal.invokers.MethodRunner.runInSequence(MethodRunner.java:50)
	at org.testng.internal.invokers.TestInvoker$MethodInvocationAgent.invoke(TestInvoker.java:945)
	at org.testng.internal.invokers.TestInvoker.invokeTestMethods(TestInvoker.java:193)
	at org.testng.internal.invokers.TestMethodWorker.invokeTestMethods(TestMethodWorker.java:146)
	at org.testng.internal.invokers.TestMethodWorker.run(TestMethodWorker.java:128)
	at java.base/java.util.concurrent.ThreadPoolExecutor.runWorker(ThreadPoolExecutor.java:1136)
	at java.base/java.util.concurrent.ThreadPoolExecutor$Worker.run(ThreadPoolExecutor.java:635)
	at java.base/java.lang.Thread.run(Thread.java:833)
org.openqa.selenium.NoSuchElementException: no such element: Unable to locate element: {"method":"xpath","selector":"//textarea[@placeholder='Enter Note']"}
  (Session info: chrome=115.0.5790.170)
For documentation on this error, please visit: https://www.selenium.dev/documentation/webdriver/troubleshooting/errors#no-such-element-exception
Build info: version: '4.11.0', revision: '040bc5406b'
System info: os.name: 'Windows 11', os.arch: 'amd64', os.version: '10.0', java.version: '18.0.2.1'
Driver info: org.openqa.selenium.chrome.ChromeDriver
Command: [111408be0ccb80cf16b2c4ac8874894e, findElement {using=xpath, value=//textarea[@placeholder='Enter Note']}]
Capabilities {acceptInsecureCerts: false, browserName: chrome, browserVersion: 115.0.5790.170, chrome: {chromedriverVersion: 115.0.5790.170 (cc0d30c2ca5..., userDataDir: C:\Users\SQELAB~1\AppData\L...}, goog:chromeOptions: {debuggerAddress: localhost:55486}, networkConnectionEnabled: false, pageLoadStrategy: normal, platformName: windows, proxy: Proxy(), se:cdp: ws://localhost:55486/devtoo..., se:cdpVersion: 115.0.5790.170, setWindowRect: true, strictFileInteractability: false, timeouts: {implicit: 0, pageLoad: 300000, script: 30000}, unhandledPromptBehavior: dismiss and notify, webauthn:extension:credBlob: true, webauthn:extension:largeBlob: true, webauthn:extension:minPinLength: true, webauthn:extension:prf: true, webauthn:virtualAuthenticators: true}
Session ID: 111408be0ccb80cf16b2c4ac8874894e
	at java.base/jdk.internal.reflect.DirectConstructorHandleAccessor.newInstance(DirectConstructorHandleAccessor.java:67)
	at java.base/java.lang.reflect.Constructor.newInstanceWithCaller(Constructor.java:499)
	at java.base/java.lang.reflect.Constructor.newInstance(Constructor.java:483)
	at org.openqa.selenium.remote.codec.w3c.W3CHttpResponseCodec.createException(W3CHttpResponseCodec.java:200)
	at org.openqa.selenium.remote.codec.w3c.W3CHttpResponseCodec.decode(W3CHttpResponseCodec.java:133)
	at org.openqa.selenium.remote.codec.w3c.W3CHttpResponseCodec.decode(W3CHttpResponseCodec.java:52)
	at org.openqa.selenium.remote.HttpCommandExecutor.execute(HttpCommandExecutor.java:191)
	at org.openqa.selenium.remote.service.DriverCommandExecutor.invokeExecute(DriverCommandExecutor.java:196)
	at org.openqa.selenium.remote.service.DriverCommandExecutor.execute(DriverCommandExecutor.java:171)
	at org.openqa.selenium.remote.RemoteWebDriver.execute(RemoteWebDriver.java:518)
	at org.openqa.selenium.remote.ElementLocation$ElementFinder$2.findElement(ElementLocation.java:165)
	at org.openqa.selenium.remote.ElementLocation.findElement(ElementLocation.java:59)
	at org.openqa.selenium.remote.RemoteWebDriver.findElement(RemoteWebDriver.java:355)
	at org.openqa.selenium.remote.RemoteWebDriver.findElement(RemoteWebDriver.java:349)
	at org.openqa.selenium.support.ui.ExpectedConditions$6.apply(ExpectedConditions.java:171)
	at org.openqa.selenium.support.ui.ExpectedConditions$6.apply(ExpectedConditions.java:168)
	at org.openqa.selenium.support.ui.FluentWait.until(FluentWait.java:205)
	at CommonMethods.Helper.waitUntilElementPresent(Helper.java:103)
	at POM.PerformInspectionUtility.PerformInspection_AddInspectionNote(PerformInspectionUtility.java:722)
	at TestCases.PerformInspection.PerformInspection_AddInspectionNote(PerformInspection.java:146)
	at java.base/jdk.internal.reflect.DirectMethodHandleAccessor.invoke(DirectMethodHandleAccessor.java:104)
	at java.base/java.lang.reflect.Method.invoke(Method.java:577)
	at org.testng.internal.invokers.MethodInvocationHelper.invokeMethod(MethodInvocationHelper.java:135)
	at org.testng.internal.invokers.TestInvoker.invokeMethod(TestInvoker.java:673)
	at org.testng.internal.invokers.TestInvoker.invokeTestMethod(TestInvoker.java:220)
	at org.testng.internal.invokers.MethodRunner.runInSequence(MethodRunner.java:50)
	at org.testng.internal.invokers.TestInvoker$MethodInvocationAgent.invoke(TestInvoker.java:945)
	at org.testng.internal.invokers.TestInvoker.invokeTestMethods(TestInvoker.java:193)
	at org.testng.internal.invokers.TestMethodWorker.invokeTestMethods(TestMethodWorker.java:146)
	at org.testng.internal.invokers.TestMethodWorker.run(TestMethodWorker.java:128)
	at java.base/java.util.concurrent.ThreadPoolExecutor.runWorker(ThreadPoolExecutor.java:1136)
	at java.base/java.util.concurrent.ThreadPoolExecutor$Worker.run(ThreadPoolExecutor.java:635)
	at java.base/java.lang.Thread.run(Thread.java:833)
]]></system-err>
  </testcase>
  <testcase name="CLP_VerifyValidationMessageForSaveBtn" classname="TestCases.CLP" time="0.413">
    <system-out><![CDATA[2024-07-26 00:18:46,332 [info]: Clicked on By.xpath: //label[@for='inspectionAssignee']/following::ul/li//b
2024-07-26 00:18:46,525 [info]: Clicked on By.xpath: //button[text()='Save']
2024-07-26 00:18:46,604 [info]: Clicked on By.xpath: //button[text()='Create Rule']
Test Passed: CLP_VerifyValidationMessageForSaveBtn
]]></system-out>
  </testcase>
  <testcase name="CLP_VerifySavedFilter" classname="TestCases.CLP" time="6.432">
    <system-out><![CDATA[2024-07-26 00:18:47,043 [info]: Sendkeys on By.xpath: //input[@placeholder='Enter Text'] with value Filter Zczl08
2024-07-26 00:18:47,622 [info]: Clicked on By.xpath: //button[text()='Save']
2024-07-26 00:18:48,058 [info]: Clicked on By.xpath: (//div[@class='dropdown__selector__selected']/label)[1]
2024-07-26 00:18:48,299 [info]: Click By JS By.xpath: //*[@class='checkbox-holder']//../a
Test Passed: CLP_VerifySavedFilter
]]></system-out>
  </testcase>
  <testcase name="CLP_VerifyDeletionOfSavedFilter" classname="TestCases.CLP" time="1.759">
    <system-out><![CDATA[2024-07-26 00:18:59,364 [info]: Click By JS By.xpath: //a[text()='Delete and Reissue']
2024-07-26 00:18:59,732 [info]: Click By JS By.xpath: //button[text()='Yes']
2024-07-26 00:19:00,126 [info]: Sendkeys on By.xpath: //div[@id='caseAssignee']//input[@placeholder='Search...'][@name='query'] with value Mark Shane
2024-07-26 00:19:00,378 [info]: Clicked on By.xpath: (//label[@for='caseAssignee']/following::ul/li//b)[1]
2024-07-26 00:19:00,594 [info]: Clicked on By.xpath: //label[@for='inspectionAssignee']/following::label[1]
Test Passed: CLP_VerifyDeletionOfSavedFilter
]]></system-out>
  </testcase>
  <testcase name="CLP_OpenCCPFromCreateCaseBtn" classname="TestCases.CLP" time="6.504">
    <system-out><![CDATA[2024-07-26 00:19:02,981 [info]: Sendkeys on By.xpath: //div[@id='inspectionAssignee']//input[@placeholder='Search...'][@name='query'] with value Amandeep
2024-07-26 00:19:03,164 [info]: Clicked on By.xpath: //label[@for='inspectionAssignee']/following::ul/li//b
2024-07-26 00:19:03,406 [info]: Clicked on By.xpath: //button[text()='Create Rule']
2024-07-26 00:19:03,864 [info]: Click By JS By.xpath: //*[@name='skipFollowUpInspection']
2024-07-26 00:19:04,198 [info]: Scroll Into View By.xpath: (//button[text()='Continue'])[1]
2024-07-26 00:19:05,590 [info]: Click By JS By.xpath: (//button[text()='Continue'])[1]
2024-07-26 00:19:07,100 [info]: Clicked on By.xpath: //button[text()='Yes']
Test Passed: CLP_OpenCCPFromCreateCaseBtn
]]></system-out>
    <system-err><![CDATA[org.openqa.selenium.TimeoutException: Expected condition failed: waiting for visibility of element located by By.cssSelector: #skip-inspection (tried for 60 second(s) with 1000 milliseconds interval)
Build info: version: '4.11.0', revision: '040bc5406b'
System info: os.name: 'Windows 11', os.arch: 'amd64', os.version: '10.0', java.version: '18.0.2.1'
Driver info: driver.version: unknown
	at org.openqa.selenium.support.ui.FluentWait.timeoutException(FluentWait.java:262)
	at org.openqa.selenium.support.ui.FluentWait.until(FluentWait.java:230)
	at CommonMethods.Helper.waitUntilElementIsVisible(Helper.java:148)
	at POM.CDP_Utility.CDP_VerifyUserAbleApplyNoticeOutsideofInspection(CDP_Utility.java:791)
	at TestCases.CDP.CDP_VerifyUserAbleApplyNoticeOutsideofInspection(CDP.java:172)
	at java.base/jdk.internal.reflect.DirectMethodHandleAccessor.invoke(DirectMethodHandleAccessor.java:104)
	at java.base/java.lang.reflect.Method.invoke(Method.java:577)
	at org.testng.internal.invokers.MethodInvocationHelper.invokeMethod(MethodInvocationHelper.java:135)
	at org.testng.internal.invokers.TestInvoker.invokeMethod(TestInvoker.java:673)
	at org.testng.internal.invokers.TestInvoker.invokeTestMethod(TestInvoker.java:220)
	at org.testng.internal.invokers.MethodRunner.runInSequence(MethodRunner.java:50)
	at org.testng.internal.invokers.TestInvoker$MethodInvocationAgent.invoke(TestInvoker.java:945)
	at org.testng.internal.invokers.TestInvoker.invokeTestMethods(TestInvoker.java:193)
	at org.testng.internal.invokers.TestMethodWorker.invokeTestMethods(TestMethodWorker.java:146)
	at org.testng.internal.invokers.TestMethodWorker.run(TestMethodWorker.java:128)
	at java.base/java.util.concurrent.ThreadPoolExecutor.runWorker(ThreadPoolExecutor.java:1136)
	at java.base/java.util.concurrent.ThreadPoolExecutor$Worker.run(ThreadPoolExecutor.java:635)
	at java.base/java.lang.Thread.run(Thread.java:833)
]]></system-err>
  </testcase>
  <testcase name="CLP_VerifyCSVFileDownloaded" classname="TestCases.CLP" time="7.095">
    <system-out><![CDATA[Test Passed: CLP_VerifyCSVFileDownloaded
]]></system-out>
    <system-err><![CDATA[org.openqa.selenium.TimeoutException: timeout: Timed out receiving message from renderer: 5.000
  (Session info: chrome=115.0.5790.170)
Build info: version: '4.11.0', revision: '040bc5406b'
System info: os.name: 'Windows 11', os.arch: 'amd64', os.version: '10.0', java.version: '18.0.2.1'
Driver info: org.openqa.selenium.chrome.ChromeDriver
Command: [17815f433c2d03edfeea8d0d43538058, isElementDisplayed {id=46822111D604951C8B3DF06D8C1DD864_element_1062}]
Capabilities {acceptInsecureCerts: false, browserName: chrome, browserVersion: 115.0.5790.170, chrome: {chromedriverVersion: 115.0.5790.170 (cc0d30c2ca5..., userDataDir: C:\Users\SQELAB~1\AppData\L...}, goog:chromeOptions: {debuggerAddress: localhost:62519}, networkConnectionEnabled: false, pageLoadStrategy: normal, platformName: windows, proxy: Proxy(), se:cdp: ws://localhost:62519/devtoo..., se:cdpVersion: 115.0.5790.170, setWindowRect: true, strictFileInteractability: false, timeouts: {implicit: 0, pageLoad: 300000, script: 30000}, unhandledPromptBehavior: dismiss and notify, webauthn:extension:credBlob: true, webauthn:extension:largeBlob: true, webauthn:extension:minPinLength: true, webauthn:extension:prf: true, webauthn:virtualAuthenticators: true}
Element: [[ChromeDriver: chrome on windows (17815f433c2d03edfeea8d0d43538058)] -> xpath: //img[@src='/assets/loading.gif']]
Session ID: 17815f433c2d03edfeea8d0d43538058
	at java.base/jdk.internal.reflect.DirectConstructorHandleAccessor.newInstance(DirectConstructorHandleAccessor.java:67)
	at java.base/java.lang.reflect.Constructor.newInstanceWithCaller(Constructor.java:499)
	at java.base/java.lang.reflect.Constructor.newInstance(Constructor.java:483)
	at org.openqa.selenium.remote.codec.w3c.W3CHttpResponseCodec.createException(W3CHttpResponseCodec.java:200)
	at org.openqa.selenium.remote.codec.w3c.W3CHttpResponseCodec.decode(W3CHttpResponseCodec.java:133)
	at org.openqa.selenium.remote.codec.w3c.W3CHttpResponseCodec.decode(W3CHttpResponseCodec.java:52)
	at org.openqa.selenium.remote.HttpCommandExecutor.execute(HttpCommandExecutor.java:191)
	at org.openqa.selenium.remote.service.DriverCommandExecutor.invokeExecute(DriverCommandExecutor.java:196)
	at org.openqa.selenium.remote.service.DriverCommandExecutor.execute(DriverCommandExecutor.java:171)
	at org.openqa.selenium.remote.RemoteWebDriver.execute(RemoteWebDriver.java:518)
	at org.openqa.selenium.remote.RemoteWebElement.execute(RemoteWebElement.java:224)
	at org.openqa.selenium.remote.RemoteWebElement.isDisplayed(RemoteWebElement.java:280)
	at org.openqa.selenium.support.ui.ExpectedConditions.isInvisible(ExpectedConditions.java:1374)
	at org.openqa.selenium.support.ui.ExpectedConditions.access$200(ExpectedConditions.java:37)
	at org.openqa.selenium.support.ui.ExpectedConditions$48.apply(ExpectedConditions.java:1362)
	at org.openqa.selenium.support.ui.ExpectedConditions$48.apply(ExpectedConditions.java:1358)
	at org.openqa.selenium.support.ui.FluentWait.until(FluentWait.java:205)
	at CommonMethods.Helper.waitForCurserRunning(Helper.java:290)
	at POM.CDP_Utility.CDP_VerifyUserAbleApplyNoticeOutsideofInspection(CDP_Utility.java:798)
	at TestCases.CDP.CDP_VerifyUserAbleApplyNoticeOutsideofInspection(CDP.java:172)
	at java.base/jdk.internal.reflect.DirectMethodHandleAccessor.invoke(DirectMethodHandleAccessor.java:104)
	at java.base/java.lang.reflect.Method.invoke(Method.java:577)
	at org.testng.internal.invokers.MethodInvocationHelper.invokeMethod(MethodInvocationHelper.java:135)
	at org.testng.internal.invokers.TestInvoker.invokeMethod(TestInvoker.java:673)
	at org.testng.internal.invokers.TestInvoker.invokeTestMethod(TestInvoker.java:220)
	at org.testng.internal.invokers.MethodRunner.runInSequence(MethodRunner.java:50)
	at org.testng.internal.invokers.TestInvoker$MethodInvocationAgent.invoke(TestInvoker.java:945)
	at org.testng.internal.invokers.TestInvoker.invokeTestMethods(TestInvoker.java:193)
	at org.testng.internal.invokers.TestMethodWorker.invokeTestMethods(TestMethodWorker.java:146)
	at org.testng.internal.invokers.TestMethodWorker.run(TestMethodWorker.java:128)
	at java.base/java.util.concurrent.ThreadPoolExecutor.runWorker(ThreadPoolExecutor.java:1136)
	at java.base/java.util.concurrent.ThreadPoolExecutor$Worker.run(ThreadPoolExecutor.java:635)
	at java.base/java.lang.Thread.run(Thread.java:833)
]]></system-err>
  </testcase>
  <testcase name="CLP_VerifyDirectionToCDP" classname="TestCases.CLP" time="3.336">
    <system-out><![CDATA[2024-07-26 00:19:27,340 [info]: Scroll Into View By.xpath: //button[text()='Print']
2024-07-26 00:19:27,534 [info]: GetText fromBy.xpath: //h2[@class='case-details__case-number']
2024-07-26 00:19:27,617 [info]: Scroll Into View By.xpath: //a[@class='view-history']
2024-07-26 00:19:28,241 [info]: GetText fromBy.xpath: //span[@class='checkbox-holder']/following::a[1]
2024-07-26 00:19:28,497 [info]: Clicked on By.xpath: //span[@class='checkbox-holder']/following::a[1]
2024-07-26 00:19:29,206 [info]: Scroll Into View By.xpath: //div[text()='Submission Received']//following::button[1]
2024-07-26 00:19:29,393 [info]: Click By JS By.xpath: //div[text()='Submission Received']//following::button[1]
Test Failed: CDP_VerifyCaseHistory
2024-07-26 00:19:33,351 [info]: GetText fromBy.xpath: //h2[@class='case-details__case-number']
2024-07-26 00:19:33,519 [info]: GetText fromBy.xpath: //span[@class='abatement-status']
2024-07-26 00:19:33,663 [info]: GetText fromBy.xpath: //span[@class='space-left']
2024-07-26 00:19:33,797 [info]: GetText fromBy.xpath: (//h2//div)[1]
2024-07-26 00:19:33,971 [info]: GetText fromBy.xpath: //span[contains(text(),'Attachments')]
2024-07-26 00:19:34,165 [info]: GetText fromBy.xpath: //span[@class='violation-tile-headline__count']
2024-07-26 00:19:34,236 [info]: GetText fromBy.cssSelector:  div.abatement-activities__next-details h4
2024-07-26 00:19:34,371 [info]: Scroll Into View By.xpath: //button[text()='Print']
Test Failed: CDP_VerifyPrintCaseDetailsPage
2024-07-26 00:19:36,509 [info]: GetText fromBy.xpath: //h2[@class='case-details__case-number']
Test Passed: CLP_VerifyDirectionToCDP
]]></system-out>
    <system-err><![CDATA[org.openqa.selenium.TimeoutException: Expected condition failed: waiting for visibility of element located by By.xpath: (//div[@role='grid']//a)[1] (tried for 60 second(s) with 1000 milliseconds interval)
Build info: version: '4.11.0', revision: '040bc5406b'
System info: os.name: 'Windows 11', os.arch: 'amd64', os.version: '10.0', java.version: '18.0.2.1'
Driver info: driver.version: unknown
	at org.openqa.selenium.support.ui.FluentWait.timeoutException(FluentWait.java:262)
	at org.openqa.selenium.support.ui.FluentWait.until(FluentWait.java:230)
	at CommonMethods.Helper.waitUntilElementIsVisible(Helper.java:148)
	at POM.CLPUtility.VerifyEsclatedColStatusApprovedAppliedCase(CLPUtility.java:1060)
	at TestCases.EscalatedNoticesCLP.VerifyEsclatedColStatusApprovedAppliedCase(EscalatedNoticesCLP.java:58)
	at java.base/jdk.internal.reflect.DirectMethodHandleAccessor.invoke(DirectMethodHandleAccessor.java:104)
	at java.base/java.lang.reflect.Method.invoke(Method.java:577)
	at org.testng.internal.invokers.MethodInvocationHelper.invokeMethod(MethodInvocationHelper.java:135)
	at org.testng.internal.invokers.TestInvoker.invokeMethod(TestInvoker.java:673)
	at org.testng.internal.invokers.TestInvoker.invokeTestMethod(TestInvoker.java:220)
	at org.testng.internal.invokers.MethodRunner.runInSequence(MethodRunner.java:50)
	at org.testng.internal.invokers.TestInvoker$MethodInvocationAgent.invoke(TestInvoker.java:945)
	at org.testng.internal.invokers.TestInvoker.invokeTestMethods(TestInvoker.java:193)
	at org.testng.internal.invokers.TestMethodWorker.invokeTestMethods(TestMethodWorker.java:146)
	at org.testng.internal.invokers.TestMethodWorker.run(TestMethodWorker.java:128)
	at java.base/java.util.concurrent.ThreadPoolExecutor.runWorker(ThreadPoolExecutor.java:1136)
	at java.base/java.util.concurrent.ThreadPoolExecutor$Worker.run(ThreadPoolExecutor.java:635)
	at java.base/java.lang.Thread.run(Thread.java:833)
]]></system-err>
  </testcase>
  <testcase name="CLP_VerifyDirectionToCLPPreview" classname="TestCases.CLP" time="12.729">
    <system-out><![CDATA[2024-07-26 00:19:37,156 [info]: Scroll Into View By.cssSelector: div.case-details__close-icon img
2024-07-26 00:19:37,196 [info]: Clicked on By.xpath: //div[@class='case-details__close-icon']/img
2024-07-26 00:19:37,445 [info]: Click By JS By.xpath: //button[text()='Print']
2024-07-26 00:19:39,513 [info]: Click By JS By.cssSelector: div.case-details__close-icon img
2024-07-26 00:19:44,432 [info]: Scroll Into View By.cssSelector: #header div.app-header__new
2024-07-26 00:19:44,514 [info]: Click By JS By.cssSelector: #header div.app-header__new
2024-07-26 00:19:45,682 [info]: Click By JS By.xpath: //label[text()='Code Enforcement Case']
Test Failed: PerformInspection_AddInspectionNote
Test Passed: CLP_VerifyDirectionToCLPPreview
]]></system-out>
    <system-err><![CDATA[org.openqa.selenium.TimeoutException: Expected condition failed: waiting for element to be clickable: By.xpath: //textarea[@placeholder='Enter Note'] (tried for 60 second(s) with 1000 milliseconds interval)
Build info: version: '4.11.0', revision: '040bc5406b'
System info: os.name: 'Windows 11', os.arch: 'amd64', os.version: '10.0', java.version: '18.0.2.1'
Driver info: driver.version: unknown
	at org.openqa.selenium.support.ui.FluentWait.timeoutException(FluentWait.java:262)
	at org.openqa.selenium.support.ui.FluentWait.until(FluentWait.java:230)
	at CommonMethods.Helper.waitForElementIsInteractable(Helper.java:199)
	at POM.PerformInspectionUtility.PerformInspection_AddInspectionNote(PerformInspectionUtility.java:723)
	at TestCases.PerformInspection.PerformInspection_AddInspectionNote(PerformInspection.java:146)
	at java.base/jdk.internal.reflect.DirectMethodHandleAccessor.invoke(DirectMethodHandleAccessor.java:104)
	at java.base/java.lang.reflect.Method.invoke(Method.java:577)
	at org.testng.internal.invokers.MethodInvocationHelper.invokeMethod(MethodInvocationHelper.java:135)
	at org.testng.internal.invokers.TestInvoker.invokeMethod(TestInvoker.java:673)
	at org.testng.internal.invokers.TestInvoker.invokeTestMethod(TestInvoker.java:220)
	at org.testng.internal.invokers.MethodRunner.runInSequence(MethodRunner.java:50)
	at org.testng.internal.invokers.TestInvoker$MethodInvocationAgent.invoke(TestInvoker.java:945)
	at org.testng.internal.invokers.TestInvoker.invokeTestMethods(TestInvoker.java:193)
	at org.testng.internal.invokers.TestMethodWorker.invokeTestMethods(TestMethodWorker.java:146)
	at org.testng.internal.invokers.TestMethodWorker.run(TestMethodWorker.java:128)
	at java.base/java.util.concurrent.ThreadPoolExecutor.runWorker(ThreadPoolExecutor.java:1136)
	at java.base/java.util.concurrent.ThreadPoolExecutor$Worker.run(ThreadPoolExecutor.java:635)
	at java.base/java.lang.Thread.run(Thread.java:833)
]]></system-err>
  </testcase>
  <testcase name="CLP_VerifyMineButtonApplication" classname="TestCases.CLP" time="47.785">
    <failure message="expected [true] but found [false]" type="java.lang.AssertionError"><![CDATA[java.lang.AssertionError: expected [true] but found [false]
	at org.testng.Assert.fail(Assert.java:110)
	at org.testng.Assert.failNotEquals(Assert.java:1413)
	at org.testng.Assert.assertTrue(Assert.java:56)
	at org.testng.Assert.assertTrue(Assert.java:66)
	at POM.CLPUtility.CLP_VerifyMineButtonApplication(CLPUtility.java:1006)
	at TestCases.CLP.CLP_VerifyMineButtonApplication(CLP.java:278)
	at java.base/jdk.internal.reflect.DirectMethodHandleAccessor.invoke(DirectMethodHandleAccessor.java:104)
	at java.base/java.lang.reflect.Method.invoke(Method.java:577)
	at org.testng.internal.invokers.MethodInvocationHelper.invokeMethod(MethodInvocationHelper.java:135)
	at org.testng.internal.invokers.TestInvoker.invokeMethod(TestInvoker.java:673)
	at org.testng.internal.invokers.TestInvoker.invokeTestMethod(TestInvoker.java:220)
	at org.testng.internal.invokers.MethodRunner.runInSequence(MethodRunner.java:50)
	at org.testng.internal.invokers.TestInvoker$MethodInvocationAgent.invoke(TestInvoker.java:945)
	at org.testng.internal.invokers.TestInvoker.invokeTestMethods(TestInvoker.java:193)
	at org.testng.internal.invokers.TestMethodWorker.invokeTestMethods(TestMethodWorker.java:146)
	at org.testng.internal.invokers.TestMethodWorker.run(TestMethodWorker.java:128)
	at java.base/java.util.concurrent.ThreadPoolExecutor.runWorker(ThreadPoolExecutor.java:1136)
	at java.base/java.util.concurrent.ThreadPoolExecutor$Worker.run(ThreadPoolExecutor.java:635)
	at java.base/java.lang.Thread.run(Thread.java:833)
]]></failure>
    <system-out><![CDATA[2024-07-26 00:19:49,965 [info]: Scroll Into View By.xpath: //a[text()='Cases']
2024-07-26 00:19:51,011 [info]: Click By JS By.xpath: //a[text()='Cases']
2024-07-26 00:19:52,172 [info]: Sendkeys on By.xpath: //div[@class='location-tile__inputs-container']//input with value TEXAS CITY Museum
2024-07-26 00:19:53,550 [info]: Clicked on By.xpath: //li[@id='react-autowhatever-1-section-0-item-0']
2024-07-26 00:20:02,883 [info]: Clicked on By.xpath: //button[text()='Mine']
2024-07-26 00:20:08,671 [info]: Clicked on By.xpath: //div/input[@placeholder='Start typing name of violation, article number or issue description']
2024-07-26 00:20:20,084 [info]: Sendkeys on By.xpath: //div/input[@placeholder='Start typing name of violation, article number or issue description'] with value Wa
2024-07-26 00:20:22,117 [info]: Clicked on By.xpath: //div[@class='react-autosuggest__suggestion-element']/div
2024-07-26 00:20:22,441 [info]: Clicked on By.xpath: //div/input[@placeholder='Start typing name of violation, article number or issue description']
2024-07-26 00:20:22,644 [info]: Sendkeys on By.xpath: //div/input[@placeholder='Start typing name of violation, article number or issue description'] with value Animal
2024-07-26 00:20:22,994 [info]: Clicked on By.xpath: //div[@class="react-autosuggest__suggestion-element"]/div
2024-07-26 00:20:26,472 [info]: Sendkeys on By.xpath: //div/input[@name='Animal Colour'] with value Black
2024-07-26 00:20:28,450 [info]: Clicked on By.xpath: //button[text()='Add']
2024-07-26 00:20:28,538 [info]: Scroll Into View By.xpath: //div[@class='contact-tile tile']//input
Test Failed: VerifyEsclatedColStatusApprovedAppliedCase
2024-07-26 00:20:29,226 [info]: Scroll Into View By.cssSelector: div.case-details__close-icon img
2024-07-26 00:20:29,795 [info]: Click By JS By.cssSelector: div.case-details__close-icon img
2024-07-26 00:20:30,420 [info]: Clicked on By.xpath: //div[@class='contact-tile tile']//input
2024-07-26 00:20:32,251 [info]: Click By JS By.xpath: //div[@class='contact-tile tile']//div[@class='react-autosuggest__function']
2024-07-26 00:20:33,059 [info]: Sendkeys on By.xpath: //input[@name='name'] with value BBuqRMJi
2024-07-26 00:20:33,356 [info]: Sendkeys on By.xpath: //input[@name='email'] with value BBuqRMJi@yopmail.com
2024-07-26 00:20:33,639 [info]: Sendkeys on By.xpath: //input[@name='workPhone'] with value 6724788094
2024-07-26 00:20:33,681 [info]: Scroll Into View By.xpath: (//div[@class='full-page-modal__header']//button[2])[2]
2024-07-26 00:20:33,810 [info]: Click By JS By.xpath: //button[text()='Add Rule']
2024-07-26 00:20:33,950 [info]: Clicked on By.xpath: (//div[@class='full-page-modal__header']//button[2])[2]
2024-07-26 00:20:34,419 [info]: Scroll Into View By.cssSelector: #header div.app-header__new
2024-07-26 00:20:34,517 [info]: Click By JS By.cssSelector: #header div.app-header__new
2024-07-26 00:20:34,647 [info]: Click By JS By.xpath: //label[text()='Code Enforcement Case']
2024-07-26 00:20:36,178 [info]: Clicked on By.xpath: //label[@title='Attribute']/following::div[@class='Select-placeholder'][1]
2024-07-26 00:20:36,379 [info]: Clicked on By.xpath: //div[text()='Submission Category']
2024-07-26 00:20:36,540 [info]: Clicked on By.xpath: //label[@title='Attribute']/following::div[@class='Select-placeholder'][1]
2024-07-26 00:20:36,781 [info]: Clicked on By.xpath: //div[text()='Equals']
2024-07-26 00:20:36,988 [info]: Clicked on By.xpath: //label[@title='Attribute']/following::div[@class='Select-placeholder'][1]
2024-07-26 00:20:37,073 [info]: Scroll Into View By.xpath: //div[text()='Location Required']
2024-07-26 00:20:37,262 [info]: Clicked on By.xpath: //div[text()='Location Required']
2024-07-26 00:20:37,353 [info]: Scroll Into View By.xpath: //label[@for='assignee']/following::label[1]
2024-07-26 00:20:37,502 [info]: Clicked on By.xpath: //label[@for='assignee']/following::label[1]
2024-07-26 00:20:38,843 [info]: Sendkeys on By.xpath: //div[@id='assignee']//input[@placeholder='Search...'][@name='query'] with value Mark Shane
2024-07-26 00:20:39,107 [info]: Clicked on By.xpath: //div[@id='assignee']//ul//li//span//b
2024-07-26 00:20:39,333 [info]: Clicked on By.xpath: //label[@for='collaborators']/following::label[1]
2024-07-26 00:20:41,720 [info]: Sendkeys on By.xpath: //div[@id='collaborators']//input[@placeholder='Search...'][@name='query'] with value Amandeep Singh
2024-07-26 00:20:41,802 [info]: Sendkeys on By.xpath: //div[@class='location-tile__inputs-container']//input with value TEXAS CITY Museum
2024-07-26 00:20:41,814 [info]: Click By JS By.xpath: //input[@name='Amandeep Singh']//parent::span//label
2024-07-26 00:20:42,079 [info]: Clicked on By.xpath: //button[text()='Create Rule']
2024-07-26 00:20:42,203 [info]: Clicked on By.xpath: //span/label[text()='Property Owner']
2024-07-26 00:20:43,073 [info]: Clicked on By.xpath: //li[@id='react-autowhatever-1-section-0-item-0']
2024-07-26 00:20:44,050 [info]: Clicked on By.xpath: //button[text()='Apply']
2024-07-26 00:20:44,082 [info]: Scroll Into View By.xpath: //span[contains(text(),'Attachments')]//following-sibling::button
2024-07-26 00:20:45,742 [info]: Click By JS By.xpath: //span[contains(text(),'Attachments')]//following-sibling::button
2024-07-26 00:20:49,425 [info]: Click By JS By.xpath: //button[text()='Add Rule']
2024-07-26 00:20:50,743 [info]: Clicked on By.xpath: //label[@title='Attribute']/following::div[@class='Select-placeholder'][1]
2024-07-26 00:20:50,960 [info]: Clicked on By.xpath: //div[text()='Submission Category']
2024-07-26 00:20:51,160 [info]: Clicked on By.xpath: //label[@title='Attribute']/following::div[@class='Select-placeholder'][1]
2024-07-26 00:20:51,329 [info]: Clicked on By.xpath: //div/input[@placeholder='Start typing name of violation, article number or issue description']
2024-07-26 00:20:51,367 [info]: Clicked on By.xpath: //div[text()='Equals']
2024-07-26 00:20:51,571 [info]: Clicked on By.xpath: //label[@title='Attribute']/following::div[@class='Select-placeholder'][1]
2024-07-26 00:20:51,655 [info]: Scroll Into View By.xpath: //div[text()='Location Not Required']
2024-07-26 00:20:51,830 [info]: Clicked on By.xpath: //div[text()='Location Not Required']
2024-07-26 00:20:51,910 [info]: Scroll Into View By.xpath: //label[@for='assignee']/following::label[1]
2024-07-26 00:20:52,083 [info]: Clicked on By.xpath: //label[@for='assignee']/following::label[1]
2024-07-26 00:20:53,473 [info]: Sendkeys on By.xpath: //div[@id='assignee']//input[@placeholder='Search...'][@name='query'] with value Mark Shane
2024-07-26 00:20:53,736 [info]: Clicked on By.xpath: //div[@id='assignee']//ul//li//span//b
2024-07-26 00:20:53,949 [info]: Clicked on By.xpath: //label[@for='collaborators']/following::label[1]
2024-07-26 00:20:56,363 [info]: Sendkeys on By.xpath: //div[@id='collaborators']//input[@placeholder='Search...'][@name='query'] with value Amandeep Singh
2024-07-26 00:20:56,427 [info]: Click By JS By.xpath: //input[@name='Amandeep Singh']//parent::span//label
2024-07-26 00:20:56,517 [info]: Sendkeys on By.xpath: //div/input[@placeholder='Start typing name of violation, article number or issue description'] with value Wa
2024-07-26 00:20:56,618 [info]: Clicked on By.xpath: //button[text()='Create Rule']
2024-07-26 00:20:56,704 [info]: Clicked on By.xpath: //div[@class='react-autosuggest__suggestion-element']/div
2024-07-26 00:20:59,772 [info]: Scroll Into View By.xpath: //div[@class='contact-tile tile']//input
2024-07-26 00:21:00,005 [info]: Clicked on By.xpath: //div[@class='contact-tile tile']//input
2024-07-26 00:21:00,147 [info]: Click By JS By.xpath: //div[@class='contact-tile tile']//div[@class='react-autosuggest__function']
2024-07-26 00:21:00,382 [info]: Sendkeys on By.xpath: //input[@name='name'] with value xQxtnOch
2024-07-26 00:21:00,596 [info]: Sendkeys on By.xpath: //input[@name='email'] with value xQxtnOch@yopmail.com
2024-07-26 00:21:00,809 [info]: Sendkeys on By.xpath: //input[@name='workPhone'] with value 6902974620
2024-07-26 00:21:00,834 [info]: Scroll Into View By.xpath: (//div[@class='full-page-modal__header']//button[2])[2]
2024-07-26 00:21:01,040 [info]: Clicked on By.xpath: (//div[@class='full-page-modal__header']//button[2])[2]
2024-07-26 00:21:03,234 [info]: Clicked on By.xpath: //span/label[text()='Property Owner']
2024-07-26 00:21:03,401 [info]: Clicked on By.xpath: //button[text()='Apply']
2024-07-26 00:21:03,499 [info]: Scroll Into View By.xpath: //span[contains(text(),'Attachments')]//following-sibling::button
2024-07-26 00:21:03,606 [info]: Click By JS By.xpath: //span[contains(text(),'Attachments')]//following-sibling::button
2024-07-26 00:21:04,005 [info]: Click By JS By.xpath: //button[text()='Add Rule']
2024-07-26 00:21:05,360 [info]: Clicked on By.xpath: //label[@title='Attribute']/following::div[@class='Select-placeholder'][1]
2024-07-26 00:21:05,547 [info]: Clicked on By.xpath: //div[text()='Submission Category']
2024-07-26 00:21:05,745 [info]: Clicked on By.xpath: //label[@title='Attribute']/following::div[@class='Select-placeholder'][1]
2024-07-26 00:21:05,981 [info]: Clicked on By.xpath: //div[text()='Equals']
2024-07-26 00:21:06,177 [info]: Clicked on By.xpath: //label[@title='Attribute']/following::div[@class='Select-placeholder'][1]
2024-07-26 00:21:06,261 [info]: Scroll Into View By.xpath: //div[text()='Location Not Included']
2024-07-26 00:21:06,422 [info]: Clicked on By.xpath: //div[text()='Location Not Included']
2024-07-26 00:21:06,484 [info]: Scroll Into View By.xpath: //label[@for='assignee']/following::label[1]
2024-07-26 00:21:06,629 [info]: Clicked on By.xpath: //label[@for='assignee']/following::label[1]
2024-07-26 00:21:07,941 [info]: Sendkeys on By.xpath: //div[@id='assignee']//input[@placeholder='Search...'][@name='query'] with value Mark Shane
2024-07-26 00:21:08,193 [info]: Clicked on By.xpath: //div[@id='assignee']//ul//li//span//b
2024-07-26 00:21:08,420 [info]: Clicked on By.xpath: //label[@for='collaborators']/following::label[1]
2024-07-26 00:21:08,587 [info]: Clicked on By.xpath: //button[text()='Add']
2024-07-26 00:21:08,656 [info]: Scroll Into View By.xpath: //div/button[text()='Create Case']
2024-07-26 00:21:09,420 [info]: Clicked on By.xpath: //button[text()='Add']
2024-07-26 00:21:09,446 [info]: Scroll Into View By.xpath: //span[contains(text(),'Attachments')]//following-sibling::button
2024-07-26 00:21:09,482 [info]: Click By JS By.xpath: //span[contains(text(),'Attachments')]//following-sibling::button
2024-07-26 00:21:09,515 [info]: GetText fromBy.xpath: //div[@class='app-header__user-name']/label
2024-07-26 00:21:09,656 [info]: Scroll Into View By.xpath: //span[@class='checkbox-holder']/following::span[2]
2024-07-26 00:21:10,857 [info]: Sendkeys on By.xpath: //div[@id='collaborators']//input[@placeholder='Search...'][@name='query'] with value Amandeep Singh
2024-07-26 00:21:10,929 [info]: Click By JS By.xpath: //input[@name='Amandeep Singh']//parent::span//label
2024-07-26 00:21:11,138 [info]: Clicked on By.xpath: //button[text()='Create Rule']
2024-07-26 00:21:12,371 [info]: Clicked on By.xpath: //button[text()='Add']
Test Failed: CLP_VerifyMineButtonApplication
2024-07-26 00:21:16,495 [info]: Clicked on By.xpath: //div/button[text()='Create Case']
]]></system-out>
    <system-err><![CDATA[org.openqa.selenium.ScriptTimeoutException: script timeout
  (Session info: chrome=115.0.5790.170)
Build info: version: '4.11.0', revision: '040bc5406b'
System info: os.name: 'Windows 11', os.arch: 'amd64', os.version: '10.0', java.version: '18.0.2.1'
Driver info: org.openqa.selenium.chrome.ChromeDriver
Command: [17815f433c2d03edfeea8d0d43538058, isElementDisplayed {id=46822111D604951C8B3DF06D8C1DD864_element_1091}]
Capabilities {acceptInsecureCerts: false, browserName: chrome, browserVersion: 115.0.5790.170, chrome: {chromedriverVersion: 115.0.5790.170 (cc0d30c2ca5..., userDataDir: C:\Users\SQELAB~1\AppData\L...}, goog:chromeOptions: {debuggerAddress: localhost:62519}, networkConnectionEnabled: false, pageLoadStrategy: normal, platformName: windows, proxy: Proxy(), se:cdp: ws://localhost:62519/devtoo..., se:cdpVersion: 115.0.5790.170, setWindowRect: true, strictFileInteractability: false, timeouts: {implicit: 0, pageLoad: 300000, script: 30000}, unhandledPromptBehavior: dismiss and notify, webauthn:extension:credBlob: true, webauthn:extension:largeBlob: true, webauthn:extension:minPinLength: true, webauthn:extension:prf: true, webauthn:virtualAuthenticators: true}
Element: [[ChromeDriver: chrome on windows (17815f433c2d03edfeea8d0d43538058)] -> xpath: //img[@src='/assets/loading.gif']]
Session ID: 17815f433c2d03edfeea8d0d43538058
	at java.base/jdk.internal.reflect.DirectConstructorHandleAccessor.newInstance(DirectConstructorHandleAccessor.java:67)
	at java.base/java.lang.reflect.Constructor.newInstanceWithCaller(Constructor.java:499)
	at java.base/java.lang.reflect.Constructor.newInstance(Constructor.java:483)
	at org.openqa.selenium.remote.codec.w3c.W3CHttpResponseCodec.createException(W3CHttpResponseCodec.java:200)
	at org.openqa.selenium.remote.codec.w3c.W3CHttpResponseCodec.decode(W3CHttpResponseCodec.java:133)
	at org.openqa.selenium.remote.codec.w3c.W3CHttpResponseCodec.decode(W3CHttpResponseCodec.java:52)
	at org.openqa.selenium.remote.HttpCommandExecutor.execute(HttpCommandExecutor.java:191)
	at org.openqa.selenium.remote.service.DriverCommandExecutor.invokeExecute(DriverCommandExecutor.java:196)
	at org.openqa.selenium.remote.service.DriverCommandExecutor.execute(DriverCommandExecutor.java:171)
	at org.openqa.selenium.remote.RemoteWebDriver.execute(RemoteWebDriver.java:518)
	at org.openqa.selenium.remote.RemoteWebElement.execute(RemoteWebElement.java:224)
	at org.openqa.selenium.remote.RemoteWebElement.isDisplayed(RemoteWebElement.java:280)
	at org.openqa.selenium.support.ui.ExpectedConditions.isInvisible(ExpectedConditions.java:1374)
	at org.openqa.selenium.support.ui.ExpectedConditions.access$200(ExpectedConditions.java:37)
	at org.openqa.selenium.support.ui.ExpectedConditions$48.apply(ExpectedConditions.java:1362)
	at org.openqa.selenium.support.ui.ExpectedConditions$48.apply(ExpectedConditions.java:1358)
	at org.openqa.selenium.support.ui.FluentWait.until(FluentWait.java:205)
	at CommonMethods.Helper.waitForCurserRunning(Helper.java:290)
	at CommonMethods.CECommonMethods.navigateToCCP(CECommonMethods.java:569)
	at POM.CDP_Utility.CDP_VerifyUserAbletoEditviolationsonCDP(CDP_Utility.java:909)
	at TestCases.CDP.CDP_VerifyUserAbletoEditviolationsonCDP(CDP.java:191)
	at java.base/jdk.internal.reflect.DirectMethodHandleAccessor.invoke(DirectMethodHandleAccessor.java:104)
	at java.base/java.lang.reflect.Method.invoke(Method.java:577)
	at org.testng.internal.invokers.MethodInvocationHelper.invokeMethod(MethodInvocationHelper.java:135)
	at org.testng.internal.invokers.TestInvoker.invokeMethod(TestInvoker.java:673)
	at org.testng.internal.invokers.TestInvoker.invokeTestMethod(TestInvoker.java:220)
	at org.testng.internal.invokers.MethodRunner.runInSequence(MethodRunner.java:50)
	at org.testng.internal.invokers.TestInvoker$MethodInvocationAgent.invoke(TestInvoker.java:945)
	at org.testng.internal.invokers.TestInvoker.invokeTestMethods(TestInvoker.java:193)
	at org.testng.internal.invokers.TestMethodWorker.invokeTestMethods(TestMethodWorker.java:146)
	at org.testng.internal.invokers.TestMethodWorker.run(TestMethodWorker.java:128)
	at java.base/java.util.concurrent.ThreadPoolExecutor.runWorker(ThreadPoolExecutor.java:1136)
	at java.base/java.util.concurrent.ThreadPoolExecutor$Worker.run(ThreadPoolExecutor.java:635)
	at java.base/java.lang.Thread.run(Thread.java:833)
org.openqa.selenium.TimeoutException: timeout: Timed out receiving message from renderer: 5.000
  (Session info: chrome=115.0.5790.170)
Build info: version: '4.11.0', revision: '040bc5406b'
System info: os.name: 'Windows 11', os.arch: 'amd64', os.version: '10.0', java.version: '18.0.2.1'
Driver info: org.openqa.selenium.chrome.ChromeDriver
Command: [17815f433c2d03edfeea8d0d43538058, findElement {using=xpath, value=//div/input[@placeholder='Start typing name of violation, article number or issue description']}]
Capabilities {acceptInsecureCerts: false, browserName: chrome, browserVersion: 115.0.5790.170, chrome: {chromedriverVersion: 115.0.5790.170 (cc0d30c2ca5..., userDataDir: C:\Users\SQELAB~1\AppData\L...}, goog:chromeOptions: {debuggerAddress: localhost:62519}, networkConnectionEnabled: false, pageLoadStrategy: normal, platformName: windows, proxy: Proxy(), se:cdp: ws://localhost:62519/devtoo..., se:cdpVersion: 115.0.5790.170, setWindowRect: true, strictFileInteractability: false, timeouts: {implicit: 0, pageLoad: 300000, script: 30000}, unhandledPromptBehavior: dismiss and notify, webauthn:extension:credBlob: true, webauthn:extension:largeBlob: true, webauthn:extension:minPinLength: true, webauthn:extension:prf: true, webauthn:virtualAuthenticators: true}
Session ID: 17815f433c2d03edfeea8d0d43538058
	at java.base/jdk.internal.reflect.DirectConstructorHandleAccessor.newInstance(DirectConstructorHandleAccessor.java:67)
	at java.base/java.lang.reflect.Constructor.newInstanceWithCaller(Constructor.java:499)
	at java.base/java.lang.reflect.Constructor.newInstance(Constructor.java:483)
	at org.openqa.selenium.remote.codec.w3c.W3CHttpResponseCodec.createException(W3CHttpResponseCodec.java:200)
	at org.openqa.selenium.remote.codec.w3c.W3CHttpResponseCodec.decode(W3CHttpResponseCodec.java:133)
	at org.openqa.selenium.remote.codec.w3c.W3CHttpResponseCodec.decode(W3CHttpResponseCodec.java:52)
	at org.openqa.selenium.remote.HttpCommandExecutor.execute(HttpCommandExecutor.java:191)
	at org.openqa.selenium.remote.service.DriverCommandExecutor.invokeExecute(DriverCommandExecutor.java:196)
	at org.openqa.selenium.remote.service.DriverCommandExecutor.execute(DriverCommandExecutor.java:171)
	at org.openqa.selenium.remote.RemoteWebDriver.execute(RemoteWebDriver.java:518)
	at org.openqa.selenium.remote.ElementLocation$ElementFinder$2.findElement(ElementLocation.java:165)
	at org.openqa.selenium.remote.ElementLocation.findElement(ElementLocation.java:59)
	at org.openqa.selenium.remote.RemoteWebDriver.findElement(RemoteWebDriver.java:355)
	at org.openqa.selenium.remote.RemoteWebDriver.findElement(RemoteWebDriver.java:349)
	at org.openqa.selenium.support.ui.ExpectedConditions$7.apply(ExpectedConditions.java:194)
	at org.openqa.selenium.support.ui.ExpectedConditions$7.apply(ExpectedConditions.java:190)
	at org.openqa.selenium.support.ui.FluentWait.until(FluentWait.java:205)
	at CommonMethods.Helper.waitUntilElementIsVisible(Helper.java:148)
	at CommonMethods.CECommonMethods.addViolationParam(CECommonMethods.java:432)
	at POM.CDP_Utility.CDP_VerifyUserAbletoEditviolationsonCDP(CDP_Utility.java:913)
	at TestCases.CDP.CDP_VerifyUserAbletoEditviolationsonCDP(CDP.java:191)
	at java.base/jdk.internal.reflect.DirectMethodHandleAccessor.invoke(DirectMethodHandleAccessor.java:104)
	at java.base/java.lang.reflect.Method.invoke(Method.java:577)
	at org.testng.internal.invokers.MethodInvocationHelper.invokeMethod(MethodInvocationHelper.java:135)
	at org.testng.internal.invokers.TestInvoker.invokeMethod(TestInvoker.java:673)
	at org.testng.internal.invokers.TestInvoker.invokeTestMethod(TestInvoker.java:220)
	at org.testng.internal.invokers.MethodRunner.runInSequence(MethodRunner.java:50)
	at org.testng.internal.invokers.TestInvoker$MethodInvocationAgent.invoke(TestInvoker.java:945)
	at org.testng.internal.invokers.TestInvoker.invokeTestMethods(TestInvoker.java:193)
	at org.testng.internal.invokers.TestMethodWorker.invokeTestMethods(TestMethodWorker.java:146)
	at org.testng.internal.invokers.TestMethodWorker.run(TestMethodWorker.java:128)
	at java.base/java.util.concurrent.ThreadPoolExecutor.runWorker(ThreadPoolExecutor.java:1136)
	at java.base/java.util.concurrent.ThreadPoolExecutor$Worker.run(ThreadPoolExecutor.java:635)
	at java.base/java.lang.Thread.run(Thread.java:833)
org.openqa.selenium.TimeoutException: timeout: Timed out receiving message from renderer: 5.000
  (Session info: chrome=115.0.5790.170)
Build info: version: '4.11.0', revision: '040bc5406b'
System info: os.name: 'Windows 11', os.arch: 'amd64', os.version: '10.0', java.version: '18.0.2.1'
Driver info: org.openqa.selenium.chrome.ChromeDriver
Command: [17815f433c2d03edfeea8d0d43538058, findElement {using=xpath, value=//div/input[@placeholder='Start typing name of violation, article number or issue description']}]
Capabilities {acceptInsecureCerts: false, browserName: chrome, browserVersion: 115.0.5790.170, chrome: {chromedriverVersion: 115.0.5790.170 (cc0d30c2ca5..., userDataDir: C:\Users\SQELAB~1\AppData\L...}, goog:chromeOptions: {debuggerAddress: localhost:62519}, networkConnectionEnabled: false, pageLoadStrategy: normal, platformName: windows, proxy: Proxy(), se:cdp: ws://localhost:62519/devtoo..., se:cdpVersion: 115.0.5790.170, setWindowRect: true, strictFileInteractability: false, timeouts: {implicit: 0, pageLoad: 300000, script: 30000}, unhandledPromptBehavior: dismiss and notify, webauthn:extension:credBlob: true, webauthn:extension:largeBlob: true, webauthn:extension:minPinLength: true, webauthn:extension:prf: true, webauthn:virtualAuthenticators: true}
Session ID: 17815f433c2d03edfeea8d0d43538058
	at java.base/jdk.internal.reflect.DirectConstructorHandleAccessor.newInstance(DirectConstructorHandleAccessor.java:67)
	at java.base/java.lang.reflect.Constructor.newInstanceWithCaller(Constructor.java:499)
	at java.base/java.lang.reflect.Constructor.newInstance(Constructor.java:483)
	at org.openqa.selenium.remote.codec.w3c.W3CHttpResponseCodec.createException(W3CHttpResponseCodec.java:200)
	at org.openqa.selenium.remote.codec.w3c.W3CHttpResponseCodec.decode(W3CHttpResponseCodec.java:133)
	at org.openqa.selenium.remote.codec.w3c.W3CHttpResponseCodec.decode(W3CHttpResponseCodec.java:52)
	at org.openqa.selenium.remote.HttpCommandExecutor.execute(HttpCommandExecutor.java:191)
	at org.openqa.selenium.remote.service.DriverCommandExecutor.invokeExecute(DriverCommandExecutor.java:196)
	at org.openqa.selenium.remote.service.DriverCommandExecutor.execute(DriverCommandExecutor.java:171)
	at org.openqa.selenium.remote.RemoteWebDriver.execute(RemoteWebDriver.java:518)
	at org.openqa.selenium.remote.ElementLocation$ElementFinder$2.findElement(ElementLocation.java:165)
	at org.openqa.selenium.remote.ElementLocation.findElement(ElementLocation.java:59)
	at org.openqa.selenium.remote.RemoteWebDriver.findElement(RemoteWebDriver.java:355)
	at org.openqa.selenium.remote.RemoteWebDriver.findElement(RemoteWebDriver.java:349)
	at org.openqa.selenium.support.ui.ExpectedConditions$7.apply(ExpectedConditions.java:194)
	at org.openqa.selenium.support.ui.ExpectedConditions$7.apply(ExpectedConditions.java:190)
	at org.openqa.selenium.support.ui.ExpectedConditions$22.apply(ExpectedConditions.java:627)
	at org.openqa.selenium.support.ui.ExpectedConditions$22.apply(ExpectedConditions.java:624)
	at org.openqa.selenium.support.ui.FluentWait.until(FluentWait.java:205)
	at CommonMethods.Helper.waitForElementIsInteractable(Helper.java:199)
	at CommonMethods.CECommonMethods.addViolationParam(CECommonMethods.java:433)
	at POM.CDP_Utility.CDP_VerifyUserAbletoEditviolationsonCDP(CDP_Utility.java:913)
	at TestCases.CDP.CDP_VerifyUserAbletoEditviolationsonCDP(CDP.java:191)
	at java.base/jdk.internal.reflect.DirectMethodHandleAccessor.invoke(DirectMethodHandleAccessor.java:104)
	at java.base/java.lang.reflect.Method.invoke(Method.java:577)
	at org.testng.internal.invokers.MethodInvocationHelper.invokeMethod(MethodInvocationHelper.java:135)
	at org.testng.internal.invokers.TestInvoker.invokeMethod(TestInvoker.java:673)
	at org.testng.internal.invokers.TestInvoker.invokeTestMethod(TestInvoker.java:220)
	at org.testng.internal.invokers.MethodRunner.runInSequence(MethodRunner.java:50)
	at org.testng.internal.invokers.TestInvoker$MethodInvocationAgent.invoke(TestInvoker.java:945)
	at org.testng.internal.invokers.TestInvoker.invokeTestMethods(TestInvoker.java:193)
	at org.testng.internal.invokers.TestMethodWorker.invokeTestMethods(TestMethodWorker.java:146)
	at org.testng.internal.invokers.TestMethodWorker.run(TestMethodWorker.java:128)
	at java.base/java.util.concurrent.ThreadPoolExecutor.runWorker(ThreadPoolExecutor.java:1136)
	at java.base/java.util.concurrent.ThreadPoolExecutor$Worker.run(ThreadPoolExecutor.java:635)
	at java.base/java.lang.Thread.run(Thread.java:833)
org.openqa.selenium.TimeoutException: Expected condition failed: waiting for element to no longer be visible: By.xpath: //div[text()='Submission Received']//following::button[1] (tried for 60 second(s) with 1000 milliseconds interval)
Build info: version: '4.11.0', revision: '040bc5406b'
System info: os.name: 'Windows 11', os.arch: 'amd64', os.version: '10.0', java.version: '18.0.2.1'
Driver info: driver.version: unknown
	at org.openqa.selenium.support.ui.FluentWait.timeoutException(FluentWait.java:262)
	at org.openqa.selenium.support.ui.FluentWait.until(FluentWait.java:230)
	at CommonMethods.Helper.waitUntilElementInvisibleLocated(Helper.java:237)
	at CommonMethods.CRMCommonMethods.editSubmissionAssignmentRule(CRMCommonMethods.java:339)
	at POM.AppPreRequisiteUtility.AgencySetup_VerifySubmissionAssignmentRules(AppPreRequisiteUtility.java:507)
	at TestCases.AgencyCreation.AgencySetup_VerifySubmissionAssignmentRules(AgencyCreation.java:377)
	at java.base/jdk.internal.reflect.DirectMethodHandleAccessor.invoke(DirectMethodHandleAccessor.java:104)
	at java.base/java.lang.reflect.Method.invoke(Method.java:577)
	at org.testng.internal.invokers.MethodInvocationHelper.invokeMethod(MethodInvocationHelper.java:135)
	at org.testng.internal.invokers.TestInvoker.invokeMethod(TestInvoker.java:673)
	at org.testng.internal.invokers.TestInvoker.invokeTestMethod(TestInvoker.java:220)
	at org.testng.internal.invokers.MethodRunner.runInSequence(MethodRunner.java:50)
	at org.testng.internal.invokers.TestInvoker$MethodInvocationAgent.invoke(TestInvoker.java:945)
	at org.testng.internal.invokers.TestInvoker.invokeTestMethods(TestInvoker.java:193)
	at org.testng.internal.invokers.TestMethodWorker.invokeTestMethods(TestMethodWorker.java:146)
	at org.testng.internal.invokers.TestMethodWorker.run(TestMethodWorker.java:128)
	at java.base/java.util.concurrent.ThreadPoolExecutor.runWorker(ThreadPoolExecutor.java:1136)
	at java.base/java.util.concurrent.ThreadPoolExecutor$Worker.run(ThreadPoolExecutor.java:635)
	at java.base/java.lang.Thread.run(Thread.java:833)
org.openqa.selenium.TimeoutException: Expected condition failed: waiting for element to be clickable: By.xpath: //div[@class='case__attachment__title']/button (tried for 60 second(s) with 1000 milliseconds interval)
Build info: version: '4.11.0', revision: '040bc5406b'
System info: os.name: 'Windows 11', os.arch: 'amd64', os.version: '10.0', java.version: '18.0.2.1'
Driver info: driver.version: unknown
	at org.openqa.selenium.support.ui.FluentWait.timeoutException(FluentWait.java:262)
	at org.openqa.selenium.support.ui.FluentWait.until(FluentWait.java:230)
	at CommonMethods.Helper.waitForElementIsInteractable(Helper.java:199)
	at POM.PerformInspectionUtility.PerformInspection_AddAttachment(PerformInspectionUtility.java:731)
	at TestCases.PerformInspection.PerformInspection_AddAttachment(PerformInspection.java:151)
	at java.base/jdk.internal.reflect.DirectMethodHandleAccessor.invoke(DirectMethodHandleAccessor.java:104)
	at java.base/java.lang.reflect.Method.invoke(Method.java:577)
	at org.testng.internal.invokers.MethodInvocationHelper.invokeMethod(MethodInvocationHelper.java:135)
	at org.testng.internal.invokers.TestInvoker.invokeMethod(TestInvoker.java:673)
	at org.testng.internal.invokers.TestInvoker.invokeTestMethod(TestInvoker.java:220)
	at org.testng.internal.invokers.MethodRunner.runInSequence(MethodRunner.java:50)
	at org.testng.internal.invokers.TestInvoker$MethodInvocationAgent.invoke(TestInvoker.java:945)
	at org.testng.internal.invokers.TestInvoker.invokeTestMethods(TestInvoker.java:193)
	at org.testng.internal.invokers.TestMethodWorker.invokeTestMethods(TestMethodWorker.java:146)
	at org.testng.internal.invokers.TestMethodWorker.run(TestMethodWorker.java:128)
	at java.base/java.util.concurrent.ThreadPoolExecutor.runWorker(ThreadPoolExecutor.java:1136)
	at java.base/java.util.concurrent.ThreadPoolExecutor$Worker.run(ThreadPoolExecutor.java:635)
	at java.base/java.lang.Thread.run(Thread.java:833)
org.openqa.selenium.TimeoutException: Expected condition failed: waiting for element to be clickable: By.xpath: //input[@class='checkbox__input'][@type='checkbox'] (tried for 60 second(s) with 1000 milliseconds interval)
Build info: version: '4.11.0', revision: '040bc5406b'
System info: os.name: 'Windows 11', os.arch: 'amd64', os.version: '10.0', java.version: '18.0.2.1'
Driver info: driver.version: unknown
	at org.openqa.selenium.support.ui.FluentWait.timeoutException(FluentWait.java:262)
	at org.openqa.selenium.support.ui.FluentWait.until(FluentWait.java:230)
	at CommonMethods.Helper.waitForElementIsInteractable(Helper.java:199)
	at POM.CLPUtility.CLP_VerifyMineButtonApplication(CLPUtility.java:986)
	at TestCases.CLP.CLP_VerifyMineButtonApplication(CLP.java:278)
	at java.base/jdk.internal.reflect.DirectMethodHandleAccessor.invoke(DirectMethodHandleAccessor.java:104)
	at java.base/java.lang.reflect.Method.invoke(Method.java:577)
	at org.testng.internal.invokers.MethodInvocationHelper.invokeMethod(MethodInvocationHelper.java:135)
	at org.testng.internal.invokers.TestInvoker.invokeMethod(TestInvoker.java:673)
	at org.testng.internal.invokers.TestInvoker.invokeTestMethod(TestInvoker.java:220)
	at org.testng.internal.invokers.MethodRunner.runInSequence(MethodRunner.java:50)
	at org.testng.internal.invokers.TestInvoker$MethodInvocationAgent.invoke(TestInvoker.java:945)
	at org.testng.internal.invokers.TestInvoker.invokeTestMethods(TestInvoker.java:193)
	at org.testng.internal.invokers.TestMethodWorker.invokeTestMethods(TestMethodWorker.java:146)
	at org.testng.internal.invokers.TestMethodWorker.run(TestMethodWorker.java:128)
	at java.base/java.util.concurrent.ThreadPoolExecutor.runWorker(ThreadPoolExecutor.java:1136)
	at java.base/java.util.concurrent.ThreadPoolExecutor$Worker.run(ThreadPoolExecutor.java:635)
	at java.base/java.lang.Thread.run(Thread.java:833)
]]></system-err>
  </testcase>
  <testcase name="LoginTest" classname="TestCases.CDP" time="7.435">
    <system-out><![CDATA[2024-07-26 00:08:25,156 [info]: GetText fromBy.xpath: //div[@class='cs-listing__section__header']//following-sibling::span
2024-07-26 00:08:25,203 [info]: GetText fromBy.xpath: //span[@class='table__pagination-of-text']
2024-07-26 00:08:25,310 [info]: Scroll Into View By.xpath: //div[@class='table__pagination-nav-btns']//button[@class='square-btn btn btn-default'][2]
2024-07-26 00:08:25,317 [info]: Clicked on By.xpath: //div/button[text()='Create Case']
2024-07-26 00:08:25,715 [info]: Clicked on By.xpath: //span/label[text()='Property Owner']
2024-07-26 00:08:25,757 [info]: Click By JS By.xpath: //div[@class='table__pagination-nav-btns']//button[@class='square-btn btn btn-default'][2]
2024-07-26 00:08:26,074 [info]: Clicked on By.xpath: //button[text()='Apply']
2024-07-26 00:08:26,133 [info]: Scroll Into View By.xpath: //span[contains(text(),'Attachments')]//following-sibling::button
2024-07-26 00:08:26,410 [info]: Click By JS By.xpath: //span[contains(text(),'Attachments')]//following-sibling::button
2024-07-26 00:08:27,353 [info]: Clicked on By.xpath: //button[text()='Perform Inspection']
2024-07-26 00:08:27,506 [info]: Scroll Into View By.xpath: //button[text()='Create & Perform Inspection']
2024-07-26 00:08:27,729 [info]: Clicked on By.xpath: //button[text()='Create & Perform Inspection']
2024-07-26 00:08:27,967 [info]: Sendkeys on By.id: okta-signin-password with value Hello@1234
2024-07-26 00:08:28,200 [info]: Clicked on By.id: okta-signin-submit
2024-07-26 00:08:28,698 [info]: Click By JS By.xpath: //div[@class='table__pagination-nav-btns']//button[@class='square-btn btn btn-default'][2]
Current IST time: 2024-07-26 00:08:32
2024-07-26 00:08:32,468 [info]: Timestamp 2024-07-26 00:08:32
2024-07-26 00:08:32,511 [info]: GetText fromBy.xpath: //div[@class='app-header__user-name']/label
Test Passed: LoginTest
]]></system-out>
  </testcase>
  <testcase name="CDP_CaseDetailPagePreRequisite" classname="TestCases.CDP" time="7.082">
    <system-out><![CDATA[2024-07-26 00:10:20,184 [info]: Scroll Into View By.xpath: //div[@class='table__pagination-nav-btns']//button[@class='square-btn btn btn-default'][2]
2024-07-26 00:10:20,259 [info]: Scroll Into View By.xpath: //div[@class='table__pagination-nav-btns']//button[@class='square-btn btn btn-default'][2]
2024-07-26 00:10:20,521 [info]: Click By JS By.xpath: //div[@class='table__pagination-nav-btns']//button[@class='square-btn btn btn-default'][2]
2024-07-26 00:10:20,775 [info]: Scroll Into View By.xpath: //div[@class='contact-tile tile']//input
2024-07-26 00:10:21,131 [info]: Clicked on By.xpath: //span[@aria-selected='true']//ancestor::div[@class='Select-multi-value-wrapper']//following-sibling::span
2024-07-26 00:10:21,225 [info]: Clicked on By.xpath: //div[@class='contact-tile tile']//input
2024-07-26 00:10:21,446 [info]: GetText fromBy.xpath: //label[text()='Case Initiation']//parent::div//div[@class='dropdown__selector__selected']//label
Test Passed: CDP_CaseDetailPagePreRequisite
]]></system-out>
    <system-err><![CDATA[org.openqa.selenium.NoSuchElementException: no such element: Unable to locate element: {"method":"xpath","selector":"//span[text()='Merge Fields']"}
  (Session info: chrome=115.0.5790.170)
For documentation on this error, please visit: https://www.selenium.dev/documentation/webdriver/troubleshooting/errors#no-such-element-exception
Build info: version: '4.11.0', revision: '040bc5406b'
System info: os.name: 'Windows 11', os.arch: 'amd64', os.version: '10.0', java.version: '18.0.2.1'
Driver info: org.openqa.selenium.chrome.ChromeDriver
Command: [d64c4e8dfb07668baacf27adaf85147e, findElement {using=xpath, value=//span[text()='Merge Fields']}]
Capabilities {acceptInsecureCerts: false, browserName: chrome, browserVersion: 115.0.5790.170, chrome: {chromedriverVersion: 115.0.5790.170 (cc0d30c2ca5..., userDataDir: C:\Users\SQELAB~1\AppData\L...}, goog:chromeOptions: {debuggerAddress: localhost:51446}, networkConnectionEnabled: false, pageLoadStrategy: normal, platformName: windows, proxy: Proxy(), se:cdp: ws://localhost:51446/devtoo..., se:cdpVersion: 115.0.5790.170, setWindowRect: true, strictFileInteractability: false, timeouts: {implicit: 0, pageLoad: 300000, script: 30000}, unhandledPromptBehavior: dismiss and notify, webauthn:extension:credBlob: true, webauthn:extension:largeBlob: true, webauthn:extension:minPinLength: true, webauthn:extension:prf: true, webauthn:virtualAuthenticators: true}
Session ID: d64c4e8dfb07668baacf27adaf85147e
	at java.base/jdk.internal.reflect.DirectConstructorHandleAccessor.newInstance(DirectConstructorHandleAccessor.java:67)
	at java.base/java.lang.reflect.Constructor.newInstanceWithCaller(Constructor.java:499)
	at java.base/java.lang.reflect.Constructor.newInstance(Constructor.java:483)
	at org.openqa.selenium.remote.codec.w3c.W3CHttpResponseCodec.createException(W3CHttpResponseCodec.java:200)
	at org.openqa.selenium.remote.codec.w3c.W3CHttpResponseCodec.decode(W3CHttpResponseCodec.java:133)
	at org.openqa.selenium.remote.codec.w3c.W3CHttpResponseCodec.decode(W3CHttpResponseCodec.java:52)
	at org.openqa.selenium.remote.HttpCommandExecutor.execute(HttpCommandExecutor.java:191)
	at org.openqa.selenium.remote.service.DriverCommandExecutor.invokeExecute(DriverCommandExecutor.java:196)
	at org.openqa.selenium.remote.service.DriverCommandExecutor.execute(DriverCommandExecutor.java:171)
	at org.openqa.selenium.remote.RemoteWebDriver.execute(RemoteWebDriver.java:518)
	at org.openqa.selenium.remote.ElementLocation$ElementFinder$2.findElement(ElementLocation.java:165)
	at org.openqa.selenium.remote.ElementLocation.findElement(ElementLocation.java:59)
	at org.openqa.selenium.remote.RemoteWebDriver.findElement(RemoteWebDriver.java:355)
	at org.openqa.selenium.remote.RemoteWebDriver.findElement(RemoteWebDriver.java:349)
	at org.openqa.selenium.support.ui.ExpectedConditions$6.apply(ExpectedConditions.java:171)
	at org.openqa.selenium.support.ui.ExpectedConditions$6.apply(ExpectedConditions.java:168)
	at org.openqa.selenium.support.ui.FluentWait.until(FluentWait.java:205)
	at CommonMethods.Helper.waitUntilElementPresent(Helper.java:103)
	at POM.AppPreRequisiteUtility.AgencySetup_VerifyCreationOfHTMLNotice(AppPreRequisiteUtility.java:1203)
	at TestCases.AgencyCreation.AgencySetup_VerifyCreationOfHTMLNotice(AgencyCreation.java:339)
	at java.base/jdk.internal.reflect.DirectMethodHandleAccessor.invoke(DirectMethodHandleAccessor.java:104)
	at java.base/java.lang.reflect.Method.invoke(Method.java:577)
	at org.testng.internal.invokers.MethodInvocationHelper.invokeMethod(MethodInvocationHelper.java:135)
	at org.testng.internal.invokers.TestInvoker.invokeMethod(TestInvoker.java:673)
	at org.testng.internal.invokers.TestInvoker.invokeTestMethod(TestInvoker.java:220)
	at org.testng.internal.invokers.MethodRunner.runInSequence(MethodRunner.java:50)
	at org.testng.internal.invokers.TestInvoker$MethodInvocationAgent.invoke(TestInvoker.java:945)
	at org.testng.internal.invokers.TestInvoker.invokeTestMethods(TestInvoker.java:193)
	at org.testng.internal.invokers.TestMethodWorker.invokeTestMethods(TestMethodWorker.java:146)
	at org.testng.internal.invokers.TestMethodWorker.run(TestMethodWorker.java:128)
	at java.base/java.util.concurrent.ThreadPoolExecutor.runWorker(ThreadPoolExecutor.java:1136)
	at java.base/java.util.concurrent.ThreadPoolExecutor$Worker.run(ThreadPoolExecutor.java:635)
	at java.base/java.lang.Thread.run(Thread.java:833)
]]></system-err>
  </testcase>
  <testcase name="CDP_UserAbleToChangeAssignee" classname="TestCases.CDP" time="1.564">
    <system-out><![CDATA[2024-07-26 00:10:21,640 [info]: GetText fromBy.xpath: //label[text()='Assigned to']//parent::div//div[@class='dropdown__selector__selected']//label
Mark Shane
2024-07-26 00:10:21,689 [info]: Click By JS By.xpath: //div[@class='contact-tile tile']//div[@class='react-autosuggest__function']
2024-07-26 00:10:21,934 [info]: Clicked on By.xpath: //label[text()='Assigned to']//parent::div//div[@class='dropdown__selector__selected']//span
2024-07-26 00:10:22,151 [info]: Clicked on By.xpath: (//div[@id='caseAssignee']//li[@class='option'])[3]
Test Failed: AgencySetup_VerifyCreationOfHTMLNotice
2024-07-26 00:10:23,738 [info]: Sendkeys on By.xpath: //input[@name='name'] with value XTjxQCQQ
2024-07-26 00:10:24,195 [info]: Scroll Into View By JS [[ChromeDriver: chrome on windows (8756fc42a7892db972226591766dc183)] -> xpath: //*[text()='EscalatedNotice']]
2024-07-26 00:10:24,198 [info]: Sendkeys on By.xpath: //input[@name='email'] with value XTjxQCQQ@yopmail.com
2024-07-26 00:10:24,560 [info]: Sendkeys on By.xpath: //input[@name='workPhone'] with value 1338235970
2024-07-26 00:10:24,619 [info]: Scroll Into View By.xpath: (//div[@class='full-page-modal__header']//button[2])[2]
2024-07-26 00:10:24,858 [info]: Sendkeys on By.id: idp-discovery-username with value BasicSuperviserStage@yopmail.com
2024-07-26 00:10:24,956 [info]: Clicked on By.xpath: (//div[@class='full-page-modal__header']//button[2])[2]
2024-07-26 00:10:25,108 [info]: Clicked on By.id: idp-discovery-submit
2024-07-26 00:10:25,488 [info]: Move to element and Click on [[ChromeDriver: chrome on windows (8756fc42a7892db972226591766dc183)] -> xpath: //*[text()='EscalatedNotice']]
2024-07-26 00:10:25,594 [info]: Click By JS By.xpath: //div[@class='progressive-form active']//button[text()='Continue']
2024-07-26 00:10:25,661 [info]: GetText fromBy.xpath: //label[text()='Assigned to']//parent::div//div[@class='dropdown__selector__selected']//label
StandCRMprozvH DEfEeo
Test Passed: CDP_UserAbleToChangeAssignee
]]></system-out>
  </testcase>
  <testcase name="CDP_VerifyUserDirectedToTimeTracking" classname="TestCases.CDP" time="1.521">
    <system-out><![CDATA[2024-07-26 00:10:25,899 [info]: Clicked on By.cssSelector: a.time-tracking
2024-07-26 00:10:26,747 [info]: Scroll Into View By.xpath: //div[@class='progressive-form__footer']//button[text()='Generate Notice']
2024-07-26 00:10:27,184 [info]: GetText fromBy.xpath: (//div[@class='modal-header'])[2]
Test Passed: CDP_VerifyUserDirectedToTimeTracking
]]></system-out>
  </testcase>
  <testcase name="CDP_VerifyUserAbleToAddTimeLogOnTimeTracking" classname="TestCases.CDP" time="3.011">
    <system-out><![CDATA[2024-07-26 00:10:27,741 [info]: Scroll Into View By.xpath: //div[@class='table__pagination-nav-btns']//button[@class='square-btn btn btn-default'][2]
2024-07-26 00:10:27,915 [info]: Sendkeys on By.xpath: //textarea[@name='note'] with value Time Log Added For Case
2024-07-26 00:10:28,182 [info]: Clicked on By.xpath: //div[@class='add-time-log']//button
2024-07-26 00:10:28,328 [info]: Click By JS By.xpath: //div[@class='table__pagination-nav-btns']//button[@class='square-btn btn btn-default'][2]
2024-07-26 00:10:29,571 [info]: Clicked on By.xpath: //span/label[text()='Property Owner']
2024-07-26 00:10:29,896 [info]: Clicked on By.xpath: //button[text()='Apply']
2024-07-26 00:10:29,987 [info]: Scroll Into View By.xpath: //span[contains(text(),'Attachments')]//following-sibling::button
2024-07-26 00:10:30,107 [info]: Move to element and Click on [[ChromeDriver: chrome on windows (8756fc42a7892db972226591766dc183)] -> xpath: //div[@class='progressive-form__footer']//button[text()='Generate Notice']]
2024-07-26 00:10:30,162 [info]: Click By JS By.xpath: //span[contains(text(),'Attachments')]//following-sibling::button
2024-07-26 00:10:30,285 [info]: GetText fromBy.xpath: (//div[@role='grid']//div[@role='gridcell'])[5]
2024-07-26 00:10:30,344 [info]: GetText fromBy.xpath: (//div[@role='grid']//div[@role='gridcell'])[4]
2024-07-26 00:10:30,742 [info]: GetText fromBy.xpath: (//div[@role='gridcell'][2])
Test Passed: CDP_VerifyUserAbleToAddTimeLogOnTimeTracking
]]></system-out>
  </testcase>
  <testcase name="CDP_VerifyUserAbleToDeleteAddedLogTime" classname="TestCases.CDP" time="4.338">
    <system-out><![CDATA[2024-07-26 00:10:31,157 [info]: Clicked on By.xpath: //span[text()='Time Log Added For Case']//ancestor::div[@role='gridcell']//following-sibling::div//button
2024-07-26 00:10:31,494 [info]: Clicked on By.xpath: //div[@class='flex-row--middle']//button[contains(text(),'Yes, Delete')]
2024-07-26 00:10:32,614 [info]: Scroll Into View By.xpath: //div[@class='case-inspection__print-notice']//button[text()='Do Not Print']
2024-07-26 00:10:33,674 [info]: Click By JS By.xpath: //div[@class='case-inspection__print-notice']//button[text()='Do Not Print']
2024-07-26 00:10:33,994 [info]: Clicked on By.xpath: //div[@class='modal-footer']//button[contains(text(),'Close')]
2024-07-26 00:10:34,792 [info]: Click By JS By.xpath: //button[text()='Complete Inspection & Generate Notice for Approval']
Test Passed: CDP_VerifyUserAbleToDeleteAddedLogTime
]]></system-out>
  </testcase>
  <testcase name="CDP_VerifyAbatementActivityTile" classname="TestCases.CDP" time="0.305">
    <system-out><![CDATA[2024-07-26 00:10:35,281 [info]: GetText fromBy.cssSelector: h4.case-activity__label
2024-07-26 00:10:35,392 [info]: GetText fromBy.cssSelector: div.abatement-activities__next-details h4
Test Passed: CDP_VerifyAbatementActivityTile
]]></system-out>
  </testcase>
  <testcase name="CDP_VerifyUserAbletoEditContact" classname="TestCases.CDP" time="0.294">
    <system-out><![CDATA[2024-07-26 00:10:39,645 [info]: Click By JS By.xpath: //h2[text()='Notices']//parent::div//a//label[contains(text(),'Escalated')]
2024-07-26 00:10:39,847 [info]: GetText fromBy.xpath: (//div[@class='contact__name-role']//label//b)[2]
Test Passed: CDP_VerifyUserAbletoEditContact
]]></system-out>
  </testcase>
  <testcase name="CDP_VerifyUserAbletoDeleteContact" classname="TestCases.CDP" time="5.39">
    <system-out><![CDATA[2024-07-26 00:10:45,822 [info]: Move to element and Click on [[ChromeDriver: chrome on windows (7be09a9df3b9dc124d9622fad529c486)] -> xpath: (//*[@id='escalatedNoticeStatus']//input)[2]]
2024-07-26 00:10:46,856 [info]: Move to element and Click on [[ChromeDriver: chrome on windows (7be09a9df3b9dc124d9622fad529c486)] -> xpath: (//*[@id='escalatedNoticeStatus']//input)[3]]
2024-07-26 00:10:47,904 [info]: Move to element and Click on [[ChromeDriver: chrome on windows (7be09a9df3b9dc124d9622fad529c486)] -> xpath: (//*[@id='escalatedNoticeStatus']//input)[4]]
2024-07-26 00:10:47,974 [info]: Click By JS By.xpath: //label[text()='Escalated Notice Status']
size is 18
2024-07-26 00:10:49,162 [info]: GetText fromBy.xpath: (//h2//div)[1]
Test Passed: CDP_VerifyUserAbletoDeleteContact
]]></system-out>
  </testcase>
  <testcase name="CDP_VerifyUserAbletoAddNewContact" classname="TestCases.CDP" time="7.401">
    <system-out><![CDATA[2024-07-26 00:10:52,603 [info]: Clicked on By.xpath: //button[text()='Add']
2024-07-26 00:10:54,529 [info]: Clicked on By.xpath: //span/label[text()='Property Owner']
2024-07-26 00:10:54,738 [info]: Clicked on By.xpath: //button[text()='Apply']
2024-07-26 00:10:55,056 [info]: Move to element and Click on [[ChromeDriver: chrome on windows (7be09a9df3b9dc124d9622fad529c486)] -> xpath: //*[@class='app-header__user-name']/div]
2024-07-26 00:10:56,197 [info]: Move to element and Click on [[ChromeDriver: chrome on windows (7be09a9df3b9dc124d9622fad529c486)] -> xpath: //label[text()='Logout']]
2024-07-26 00:10:56,894 [info]: GetText fromBy.xpath: //h2[@class='case-details__case-number']
2024-07-26 00:10:56,961 [info]: Scroll Into View By.cssSelector: div.case-details__close-icon img
2024-07-26 00:10:57,297 [info]: Click By JS By.cssSelector: div.case-details__close-icon img
2024-07-26 00:10:57,704 [info]: Scroll Into View By.xpath: //div/button[text()='Create Case']
2024-07-26 00:10:58,360 [info]: Clicked on By.xpath: //div/button[text()='Create Case']
2024-07-26 00:10:58,437 [info]: Scroll Into View By.xpath: //div[@class='table__pagination-nav-btns']//button[@class='square-btn btn btn-default'][2]
2024-07-26 00:10:58,509 [info]: Scroll Into View By.xpath: //div[@class='table__pagination-nav-btns']//button[@class='square-btn btn btn-default'][2]
2024-07-26 00:10:58,873 [info]: Click By JS By.xpath: //div[@class='table__pagination-nav-btns']//button[@class='square-btn btn btn-default'][2]
2024-07-26 00:10:59,205 [info]: GetText fromBy.xpath: (//h2//div)[1]
Test Passed: CDP_VerifyUserAbletoAddNewContact
]]></system-out>
  </testcase>
  <testcase name="CDP_VerifyUserAbletoAddMultipleAttachment" classname="TestCases.CDP" time="0.015">
    <system-out><![CDATA[2024-07-26 00:11:22,481 [info]: GetText fromBy.xpath: //span[contains(text(),'Attachments')]
Test Passed: CDP_VerifyUserAbletoAddMultipleAttachment
]]></system-out>
  </testcase>
  <testcase name="CDP_VerifyUserAbletoDeleteAttachment" classname="TestCases.CDP" time="0.302">
    <system-out><![CDATA[2024-07-26 00:11:34,061 [info]: Click By JS By.xpath: //button[text()='Create HTML Notice']
2024-07-26 00:11:34,327 [info]: Move to element and Click on [[ChromeDriver: chrome on windows (7be09a9df3b9dc124d9622fad529c486)] -> xpath: (//*[@id='escalatedNoticeStatus']//input)[3]]
https://admin-stage.comcate.com/agencies
220
https://app-stage.comcate.com/agencies/220/login
2024-07-26 00:11:35,545 [info]: Click By JS By.xpath: //button[text()='FA Document']
2024-07-26 00:11:37,018 [info]: Scroll Into View By.xpath: //div[@class='case-inspection__print-notice']//button[text()='Do Not Print']
2024-07-26 00:11:37,024 [info]: Scroll Into View By.xpath: //div[@class='table__pagination-nav-btns']//button[@class='square-btn btn btn-default'][2]
Window size is: 1552 x 832
2024-07-26 00:11:37,130 [info]: Click By JS By.xpath: //div[@class='case-inspection__print-notice']//button[text()='Do Not Print']
2024-07-26 00:11:37,189 [info]: Scroll Into View By.xpath: //div[@class='table__pagination-nav-btns']//button[@class='square-btn btn btn-default'][2]
2024-07-26 00:11:37,247 [info]: Click By JS By.xpath: //button[text()='Complete Inspection & Generate Notice for Approval']
2024-07-26 00:11:37,338 [info]: GetText fromBy.xpath: //span[contains(text(),'Attachments')]
Test Passed: CDP_VerifyUserAbletoDeleteAttachment
]]></system-out>
  </testcase>
  <testcase name="CDP_VerifyUserAblePrintSelectedAttatchment" classname="TestCases.CDP" time="7.48">
    <system-out><![CDATA[https://admin-stage.comcate.com/agencies
220
https://app-stage.comcate.com/agencies/220/login
https://admin-stage.comcate.com/agencies
220
https://app-stage.comcate.com/agencies/220/login
https://admin-stage.comcate.com/agencies
220
https://app-stage.comcate.com/agencies/220/login
https://admin-stage.comcate.com/agencies
220
https://app-stage.comcate.com/agencies/220/login
2024-07-26 00:11:44,598 [info]: GetText fromBy.xpath: (//div[@class='view-print-images__image-info']//p)[2]
Test Passed: CDP_VerifyUserAblePrintSelectedAttatchment
]]></system-out>
  </testcase>
  <testcase name="CDP_VerifyUserAbleDownloadSelectedAttatchment" classname="TestCases.CDP" time="8.456">
    <system-out><![CDATA[2024-07-26 00:11:51,947 [info]: Click By JS By.xpath: //*[@class='app-header__user-name']/div
2024-07-26 00:11:54,018 [info]: Click By JS By.xpath: //label[text()='Logout']
2024-07-26 00:11:54,863 [info]: Sendkeys on By.id: okta-signin-password with value Hello@1234
2024-07-26 00:11:55,259 [info]: Clicked on By.id: okta-signin-submit
null
2024-07-26 00:11:56,728 [info]: Click By JS By.xpath: //button[text()='Cancel']
Test Passed: CDP_VerifyUserAbleDownloadSelectedAttatchment
]]></system-out>
    <system-err><![CDATA[org.openqa.selenium.NoSuchElementException: no such element: Unable to locate element: {"method":"xpath","selector":"//img[@src='/assets/loading.gif']"}
  (Session info: chrome=115.0.5790.170)
For documentation on this error, please visit: https://www.selenium.dev/documentation/webdriver/troubleshooting/errors#no-such-element-exception
Build info: version: '4.11.0', revision: '040bc5406b'
System info: os.name: 'Windows 11', os.arch: 'amd64', os.version: '10.0', java.version: '18.0.2.1'
Driver info: org.openqa.selenium.chrome.ChromeDriver
Command: [d64c4e8dfb07668baacf27adaf85147e, findElement {using=xpath, value=//img[@src='/assets/loading.gif']}]
Capabilities {acceptInsecureCerts: false, browserName: chrome, browserVersion: 115.0.5790.170, chrome: {chromedriverVersion: 115.0.5790.170 (cc0d30c2ca5..., userDataDir: C:\Users\SQELAB~1\AppData\L...}, goog:chromeOptions: {debuggerAddress: localhost:51446}, networkConnectionEnabled: false, pageLoadStrategy: normal, platformName: windows, proxy: Proxy(), se:cdp: ws://localhost:51446/devtoo..., se:cdpVersion: 115.0.5790.170, setWindowRect: true, strictFileInteractability: false, timeouts: {implicit: 0, pageLoad: 300000, script: 30000}, unhandledPromptBehavior: dismiss and notify, webauthn:extension:credBlob: true, webauthn:extension:largeBlob: true, webauthn:extension:minPinLength: true, webauthn:extension:prf: true, webauthn:virtualAuthenticators: true}
Session ID: d64c4e8dfb07668baacf27adaf85147e
	at java.base/jdk.internal.reflect.DirectConstructorHandleAccessor.newInstance(DirectConstructorHandleAccessor.java:67)
	at java.base/java.lang.reflect.Constructor.newInstanceWithCaller(Constructor.java:499)
	at java.base/java.lang.reflect.Constructor.newInstance(Constructor.java:483)
	at org.openqa.selenium.remote.codec.w3c.W3CHttpResponseCodec.createException(W3CHttpResponseCodec.java:200)
	at org.openqa.selenium.remote.codec.w3c.W3CHttpResponseCodec.decode(W3CHttpResponseCodec.java:133)
	at org.openqa.selenium.remote.codec.w3c.W3CHttpResponseCodec.decode(W3CHttpResponseCodec.java:52)
	at org.openqa.selenium.remote.HttpCommandExecutor.execute(HttpCommandExecutor.java:191)
	at org.openqa.selenium.remote.service.DriverCommandExecutor.invokeExecute(DriverCommandExecutor.java:196)
	at org.openqa.selenium.remote.service.DriverCommandExecutor.execute(DriverCommandExecutor.java:171)
	at org.openqa.selenium.remote.RemoteWebDriver.execute(RemoteWebDriver.java:518)
	at org.openqa.selenium.remote.ElementLocation$ElementFinder$2.findElement(ElementLocation.java:165)
	at org.openqa.selenium.remote.ElementLocation.findElement(ElementLocation.java:59)
	at org.openqa.selenium.remote.RemoteWebDriver.findElement(RemoteWebDriver.java:355)
	at org.openqa.selenium.remote.RemoteWebDriver.findElement(RemoteWebDriver.java:349)
	at CommonMethods.Helper.waitForCurserRunning(Helper.java:289)
	at POM.AppPreRequisiteUtility.AgencySetup_VerifyCreationOfFADocument(AppPreRequisiteUtility.java:1257)
	at TestCases.AgencyCreation.AgencySetup_AgencySetup_AgencySetup_VerifyCreationOfFADocument(AgencyCreation.java:352)
	at java.base/jdk.internal.reflect.DirectMethodHandleAccessor.invoke(DirectMethodHandleAccessor.java:104)
	at java.base/java.lang.reflect.Method.invoke(Method.java:577)
	at org.testng.internal.invokers.MethodInvocationHelper.invokeMethod(MethodInvocationHelper.java:135)
	at org.testng.internal.invokers.TestInvoker.invokeMethod(TestInvoker.java:673)
	at org.testng.internal.invokers.TestInvoker.invokeTestMethod(TestInvoker.java:220)
	at org.testng.internal.invokers.MethodRunner.runInSequence(MethodRunner.java:50)
	at org.testng.internal.invokers.TestInvoker$MethodInvocationAgent.invoke(TestInvoker.java:945)
	at org.testng.internal.invokers.TestInvoker.invokeTestMethods(TestInvoker.java:193)
	at org.testng.internal.invokers.TestMethodWorker.invokeTestMethods(TestMethodWorker.java:146)
	at org.testng.internal.invokers.TestMethodWorker.run(TestMethodWorker.java:128)
	at java.base/java.util.concurrent.ThreadPoolExecutor.runWorker(ThreadPoolExecutor.java:1136)
	at java.base/java.util.concurrent.ThreadPoolExecutor$Worker.run(ThreadPoolExecutor.java:635)
	at java.base/java.lang.Thread.run(Thread.java:833)
org.openqa.selenium.ScriptTimeoutException: script timeout
  (Session info: chrome=115.0.5790.170)
Build info: version: '4.11.0', revision: '040bc5406b'
System info: os.name: 'Windows 11', os.arch: 'amd64', os.version: '10.0', java.version: '18.0.2.1'
Driver info: org.openqa.selenium.chrome.ChromeDriver
Command: [17815f433c2d03edfeea8d0d43538058, isElementDisplayed {id=46822111D604951C8B3DF06D8C1DD864_element_719}]
Capabilities {acceptInsecureCerts: false, browserName: chrome, browserVersion: 115.0.5790.170, chrome: {chromedriverVersion: 115.0.5790.170 (cc0d30c2ca5..., userDataDir: C:\Users\SQELAB~1\AppData\L...}, goog:chromeOptions: {debuggerAddress: localhost:62519}, networkConnectionEnabled: false, pageLoadStrategy: normal, platformName: windows, proxy: Proxy(), se:cdp: ws://localhost:62519/devtoo..., se:cdpVersion: 115.0.5790.170, setWindowRect: true, strictFileInteractability: false, timeouts: {implicit: 0, pageLoad: 300000, script: 30000}, unhandledPromptBehavior: dismiss and notify, webauthn:extension:credBlob: true, webauthn:extension:largeBlob: true, webauthn:extension:minPinLength: true, webauthn:extension:prf: true, webauthn:virtualAuthenticators: true}
Element: [[ChromeDriver: chrome on windows (17815f433c2d03edfeea8d0d43538058)] -> xpath: //button[text()='Cancel']]
Session ID: 17815f433c2d03edfeea8d0d43538058
	at java.base/jdk.internal.reflect.DirectConstructorHandleAccessor.newInstance(DirectConstructorHandleAccessor.java:67)
	at java.base/java.lang.reflect.Constructor.newInstanceWithCaller(Constructor.java:499)
	at java.base/java.lang.reflect.Constructor.newInstance(Constructor.java:483)
	at org.openqa.selenium.remote.codec.w3c.W3CHttpResponseCodec.createException(W3CHttpResponseCodec.java:200)
	at org.openqa.selenium.remote.codec.w3c.W3CHttpResponseCodec.decode(W3CHttpResponseCodec.java:133)
	at org.openqa.selenium.remote.codec.w3c.W3CHttpResponseCodec.decode(W3CHttpResponseCodec.java:52)
	at org.openqa.selenium.remote.HttpCommandExecutor.execute(HttpCommandExecutor.java:191)
	at org.openqa.selenium.remote.service.DriverCommandExecutor.invokeExecute(DriverCommandExecutor.java:196)
	at org.openqa.selenium.remote.service.DriverCommandExecutor.execute(DriverCommandExecutor.java:171)
	at org.openqa.selenium.remote.RemoteWebDriver.execute(RemoteWebDriver.java:518)
	at org.openqa.selenium.remote.RemoteWebElement.execute(RemoteWebElement.java:224)
	at org.openqa.selenium.remote.RemoteWebElement.isDisplayed(RemoteWebElement.java:280)
	at org.openqa.selenium.support.ui.ExpectedConditions$20.apply(ExpectedConditions.java:569)
	at org.openqa.selenium.support.ui.ExpectedConditions$20.apply(ExpectedConditions.java:565)
	at org.openqa.selenium.support.ui.FluentWait.until(FluentWait.java:205)
	at CommonMethods.Helper.waitUntilElementInvisibleLocated(Helper.java:237)
	at POM.CDP_Utility.CDP_VerifyUserAbleDownloadSelectedAttatchment(CDP_Utility.java:642)
	at TestCases.CDP.CDP_VerifyUserAbleDownloadSelectedAttatchment(CDP.java:147)
	at java.base/jdk.internal.reflect.DirectMethodHandleAccessor.invoke(DirectMethodHandleAccessor.java:104)
	at java.base/java.lang.reflect.Method.invoke(Method.java:577)
	at org.testng.internal.invokers.MethodInvocationHelper.invokeMethod(MethodInvocationHelper.java:135)
	at org.testng.internal.invokers.TestInvoker.invokeMethod(TestInvoker.java:673)
	at org.testng.internal.invokers.TestInvoker.invokeTestMethod(TestInvoker.java:220)
	at org.testng.internal.invokers.MethodRunner.runInSequence(MethodRunner.java:50)
	at org.testng.internal.invokers.TestInvoker$MethodInvocationAgent.invoke(TestInvoker.java:945)
	at org.testng.internal.invokers.TestInvoker.invokeTestMethods(TestInvoker.java:193)
	at org.testng.internal.invokers.TestMethodWorker.invokeTestMethods(TestMethodWorker.java:146)
	at org.testng.internal.invokers.TestMethodWorker.run(TestMethodWorker.java:128)
	at java.base/java.util.concurrent.ThreadPoolExecutor.runWorker(ThreadPoolExecutor.java:1136)
	at java.base/java.util.concurrent.ThreadPoolExecutor$Worker.run(ThreadPoolExecutor.java:635)
	at java.base/java.lang.Thread.run(Thread.java:833)
]]></system-err>
  </testcase>
  <testcase name="CDP_VerifyUserAbleGenerateNoticeOutsideofInspection" classname="TestCases.CDP" time="2.011">
    <system-out><![CDATA[2024-07-26 00:13:47,642 [info]: Click By JS By.xpath: //button[text()='Approve Notice']
2024-07-26 00:13:47,876 [info]: Sendkeys on By.id: tinymce with value {{photos}}{{photos_without_uploaded_by}}{{open_violations_list}}{{open_violations_comma_separated}}{{fines_table}}
2024-07-26 00:13:47,949 [info]: Click By JS By.xpath: //button[text()='Create Notice']
2024-07-26 00:13:48,261 [info]: Clicked on By.xpath: //h1[text()='Edit Agency']//following::button[text()='Save']
2024-07-26 00:13:49,210 [info]: Sendkeys on By.xpath: //div/input[@placeholder='Start typing name of violation, article number or issue description'] with value Wa
Test Passed: CDP_VerifyUserAbleGenerateNoticeOutsideofInspection
]]></system-out>
  </testcase>
  <testcase name="CDP_VerifyUserAbleToDeleteNotice" classname="TestCases.CDP" time="5.337">
    <system-out><![CDATA[2024-07-26 00:13:54,806 [info]: Scroll Into View By.xpath: //div/button[text()='Create Case']
2024-07-26 00:13:54,949 [info]: Click By JS By.xpath: //div[@class='agencies-listing__agency-actions']/button[3]
2024-07-26 00:13:55,276 [info]: Clicked on By.xpath: //div/button[text()='Create Case']
2024-07-26 00:13:55,771 [info]: Click By JS By.xpath: //button[text()='FA Document']
2024-07-26 00:13:55,925 [info]: Scroll Into View failed.
Test Failed: EscalatedNoticesCDP_VerifyRejectNoticeOutsideGroupManager
2024-07-26 00:13:56,015 [info]: Sendkeys on By.xpath: //input[@name='label'] with value HTML FA JgEcRl
2024-07-26 00:13:56,840 [info]: Sendkeys on By.id: tinymce with value {{photos}}{{photos_without_uploaded_by}}{{open_violations_list}}{{open_violations_comma_separated}}{{fines_table}}
2024-07-26 00:13:56,922 [info]: Click By JS By.xpath: //button[text()='Create Notice']
2024-07-26 00:13:56,929 [info]: Scroll Into View By.xpath: //div[@class='footer_actions']/button[2]
2024-07-26 00:13:57,038 [info]: Clicked on By.xpath: //button[text()='Yes']
2024-07-26 00:13:57,374 [info]: Click By JS By.xpath: //div[@class='footer_actions']/button[2]
2024-07-26 00:13:57,446 [info]: Click By JS By.xpath: //h4[text()='CRM']/following::button[1]
https://admin-stage.comcate.com/agencies
220
https://app-stage.comcate.com/agencies/220/login
2024-07-26 00:13:58,544 [info]: Clicked on By.xpath: //button[text()='Perform Inspection']
2024-07-26 00:13:58,739 [info]: Scroll Into View By.xpath: //button[text()='Create & Perform Inspection']
2024-07-26 00:13:58,852 [info]: Click By JS By.xpath: //div[@class='product-form__executive-reports']//button
2024-07-26 00:13:59,026 [info]: Click By JS By.xpath: //button[text()='Save']
2024-07-26 00:13:59,072 [info]: Clicked on By.xpath: //button[text()='Create & Perform Inspection']
Window size is: 1552 x 832
2024-07-26 00:14:01,536 [info]: Sendkeys on By.xpath: //label[@title='Dashboard ID']/following::input[1] with value Edited123#
2024-07-26 00:14:01,652 [info]: Click By JS By.xpath: //div[@class='integration__footer']/button[text()='Save']
2024-07-26 00:14:02,511 [info]: Click By JS By.xpath: //button[text()='Create HTML Notice']
2024-07-26 00:14:03,132 [info]: Clicked on By.xpath: //div[@class='product-form__footer']/button[text()='Save']
2024-07-26 00:14:03,151 [info]: Clicked on By.xpath: //span[@aria-selected='true']//ancestor::div[@class='Select-multi-value-wrapper']//following-sibling::span
2024-07-26 00:14:03,806 [info]: Click By JS By.xpath: //button[text()='FA Document']
2024-07-26 00:14:04,055 [info]: Sendkeys on By.xpath: //input[@name='label'] with value HTML FA rBPWtO
2024-07-26 00:14:04,360 [info]: Clicked on By.xpath: //div[@class='case-header__actions']/button[text()='Save']
2024-07-26 00:14:04,873 [info]: Sendkeys on By.id: tinymce with value {{photos}}{{photos_without_uploaded_by}}{{open_violations_list}}{{open_violations_comma_separated}}{{fines_table}}
2024-07-26 00:14:04,932 [info]: Click By JS By.xpath: //button[text()='Create Notice']
Test Passed: CDP_VerifyUserAbleToDeleteNotice
]]></system-out>
    <system-err><![CDATA[org.openqa.selenium.TimeoutException: Expected condition failed: waiting for visibility of element located by By.xpath: //button[text()='Approve Notice'] (tried for 60 second(s) with 1000 milliseconds interval)
Build info: version: '4.11.0', revision: '040bc5406b'
System info: os.name: 'Windows 11', os.arch: 'amd64', os.version: '10.0', java.version: '18.0.2.1'
Driver info: driver.version: unknown
	at org.openqa.selenium.support.ui.FluentWait.timeoutException(FluentWait.java:262)
	at org.openqa.selenium.support.ui.FluentWait.until(FluentWait.java:230)
	at CommonMethods.Helper.waitUntilElementIsVisible(Helper.java:148)
	at CommonMethods.CECommonMethods.rejectORNotApprovedEsclatedNoticeCDP(CECommonMethods.java:938)
	at POM.CDP_Utility.VerifyRejectNoticeOutsideGroupManager(CDP_Utility.java:1425)
	at TestCases.EscalatedNoticesCDP.EscalatedNoticesCDP_VerifyRejectNoticeOutsideGroupManager(EscalatedNoticesCDP.java:87)
	at java.base/jdk.internal.reflect.DirectMethodHandleAccessor.invoke(DirectMethodHandleAccessor.java:104)
	at java.base/java.lang.reflect.Method.invoke(Method.java:577)
	at org.testng.internal.invokers.MethodInvocationHelper.invokeMethod(MethodInvocationHelper.java:135)
	at org.testng.internal.invokers.TestInvoker.invokeMethod(TestInvoker.java:673)
	at org.testng.internal.invokers.TestInvoker.invokeTestMethod(TestInvoker.java:220)
	at org.testng.internal.invokers.MethodRunner.runInSequence(MethodRunner.java:50)
	at org.testng.internal.invokers.TestInvoker$MethodInvocationAgent.invoke(TestInvoker.java:945)
	at org.testng.internal.invokers.TestInvoker.invokeTestMethods(TestInvoker.java:193)
	at org.testng.internal.invokers.TestMethodWorker.invokeTestMethods(TestMethodWorker.java:146)
	at org.testng.internal.invokers.TestMethodWorker.run(TestMethodWorker.java:128)
	at java.base/java.util.concurrent.ThreadPoolExecutor.runWorker(ThreadPoolExecutor.java:1136)
	at java.base/java.util.concurrent.ThreadPoolExecutor$Worker.run(ThreadPoolExecutor.java:635)
	at java.base/java.lang.Thread.run(Thread.java:833)
org.openqa.selenium.NoSuchElementException: no such element: Unable to locate element: {"method":"xpath","selector":"//button[text()='Approve Notice']"}
  (Session info: chrome=115.0.5790.170)
For documentation on this error, please visit: https://www.selenium.dev/documentation/webdriver/troubleshooting/errors#no-such-element-exception
Build info: version: '4.11.0', revision: '040bc5406b'
System info: os.name: 'Windows 11', os.arch: 'amd64', os.version: '10.0', java.version: '18.0.2.1'
Driver info: org.openqa.selenium.chrome.ChromeDriver
Command: [8756fc42a7892db972226591766dc183, findElement {using=xpath, value=//button[text()='Approve Notice']}]
Capabilities {acceptInsecureCerts: false, browserName: chrome, browserVersion: 115.0.5790.170, chrome: {chromedriverVersion: 115.0.5790.170 (cc0d30c2ca5..., userDataDir: C:\Users\SQELAB~1\AppData\L...}, goog:chromeOptions: {debuggerAddress: localhost:51556}, networkConnectionEnabled: false, pageLoadStrategy: normal, platformName: windows, proxy: Proxy(), se:cdp: ws://localhost:51556/devtoo..., se:cdpVersion: 115.0.5790.170, setWindowRect: true, strictFileInteractability: false, timeouts: {implicit: 0, pageLoad: 300000, script: 30000}, unhandledPromptBehavior: dismiss and notify, webauthn:extension:credBlob: true, webauthn:extension:largeBlob: true, webauthn:extension:minPinLength: true, webauthn:extension:prf: true, webauthn:virtualAuthenticators: true}
Session ID: 8756fc42a7892db972226591766dc183
	at java.base/jdk.internal.reflect.DirectConstructorHandleAccessor.newInstance(DirectConstructorHandleAccessor.java:67)
	at java.base/java.lang.reflect.Constructor.newInstanceWithCaller(Constructor.java:499)
	at java.base/java.lang.reflect.Constructor.newInstance(Constructor.java:483)
	at org.openqa.selenium.remote.codec.w3c.W3CHttpResponseCodec.createException(W3CHttpResponseCodec.java:200)
	at org.openqa.selenium.remote.codec.w3c.W3CHttpResponseCodec.decode(W3CHttpResponseCodec.java:133)
	at org.openqa.selenium.remote.codec.w3c.W3CHttpResponseCodec.decode(W3CHttpResponseCodec.java:52)
	at org.openqa.selenium.remote.HttpCommandExecutor.execute(HttpCommandExecutor.java:191)
	at org.openqa.selenium.remote.service.DriverCommandExecutor.invokeExecute(DriverCommandExecutor.java:196)
	at org.openqa.selenium.remote.service.DriverCommandExecutor.execute(DriverCommandExecutor.java:171)
	at org.openqa.selenium.remote.RemoteWebDriver.execute(RemoteWebDriver.java:518)
	at org.openqa.selenium.remote.ElementLocation$ElementFinder$2.findElement(ElementLocation.java:165)
	at org.openqa.selenium.remote.ElementLocation.findElement(ElementLocation.java:59)
	at org.openqa.selenium.remote.RemoteWebDriver.findElement(RemoteWebDriver.java:355)
	at org.openqa.selenium.remote.RemoteWebDriver.findElement(RemoteWebDriver.java:349)
	at CommonMethods.Helper.scrollIntoView(Helper.java:467)
	at CommonMethods.CECommonMethods.rejectORNotApprovedEsclatedNoticeCDP(CECommonMethods.java:940)
	at POM.CDP_Utility.VerifyRejectNoticeOutsideGroupManager(CDP_Utility.java:1425)
	at TestCases.EscalatedNoticesCDP.EscalatedNoticesCDP_VerifyRejectNoticeOutsideGroupManager(EscalatedNoticesCDP.java:87)
	at java.base/jdk.internal.reflect.DirectMethodHandleAccessor.invoke(DirectMethodHandleAccessor.java:104)
	at java.base/java.lang.reflect.Method.invoke(Method.java:577)
	at org.testng.internal.invokers.MethodInvocationHelper.invokeMethod(MethodInvocationHelper.java:135)
	at org.testng.internal.invokers.TestInvoker.invokeMethod(TestInvoker.java:673)
	at org.testng.internal.invokers.TestInvoker.invokeTestMethod(TestInvoker.java:220)
	at org.testng.internal.invokers.MethodRunner.runInSequence(MethodRunner.java:50)
	at org.testng.internal.invokers.TestInvoker$MethodInvocationAgent.invoke(TestInvoker.java:945)
	at org.testng.internal.invokers.TestInvoker.invokeTestMethods(TestInvoker.java:193)
	at org.testng.internal.invokers.TestMethodWorker.invokeTestMethods(TestMethodWorker.java:146)
	at org.testng.internal.invokers.TestMethodWorker.run(TestMethodWorker.java:128)
	at java.base/java.util.concurrent.ThreadPoolExecutor.runWorker(ThreadPoolExecutor.java:1136)
	at java.base/java.util.concurrent.ThreadPoolExecutor$Worker.run(ThreadPoolExecutor.java:635)
	at java.base/java.lang.Thread.run(Thread.java:833)
]]></system-err>
  </testcase>
  <testcase name="CDP_VerifyUserAbleToDeleteAndReissueNotice" classname="TestCases.CDP" time="20.147">
    <system-out><![CDATA[2024-07-26 00:17:43,028 [info]: Sendkeys on By.xpath: //*[@class='field__input row']/textarea with value I am rejecting notice
2024-07-26 00:17:43,145 [info]: Click By JS By.xpath: //button[text()='Save']
2024-07-26 00:17:55,785 [info]: GetText fromBy.cssSelector: div.abatement-activities__draft-notice div h4
new notice gfghfbdgh
Test Passed: CDP_VerifyUserAbleToDeleteAndReissueNotice
]]></system-out>
    <system-err><![CDATA[org.openqa.selenium.ScriptTimeoutException: script timeout
  (Session info: chrome=115.0.5790.170)
Build info: version: '4.11.0', revision: '040bc5406b'
System info: os.name: 'Windows 11', os.arch: 'amd64', os.version: '10.0', java.version: '18.0.2.1'
Driver info: org.openqa.selenium.chrome.ChromeDriver
Command: [17815f433c2d03edfeea8d0d43538058, isElementDisplayed {id=46822111D604951C8B3DF06D8C1DD864_element_1038}]
Capabilities {acceptInsecureCerts: false, browserName: chrome, browserVersion: 115.0.5790.170, chrome: {chromedriverVersion: 115.0.5790.170 (cc0d30c2ca5..., userDataDir: C:\Users\SQELAB~1\AppData\L...}, goog:chromeOptions: {debuggerAddress: localhost:62519}, networkConnectionEnabled: false, pageLoadStrategy: normal, platformName: windows, proxy: Proxy(), se:cdp: ws://localhost:62519/devtoo..., se:cdpVersion: 115.0.5790.170, setWindowRect: true, strictFileInteractability: false, timeouts: {implicit: 0, pageLoad: 300000, script: 30000}, unhandledPromptBehavior: dismiss and notify, webauthn:extension:credBlob: true, webauthn:extension:largeBlob: true, webauthn:extension:minPinLength: true, webauthn:extension:prf: true, webauthn:virtualAuthenticators: true}
Element: [[ChromeDriver: chrome on windows (17815f433c2d03edfeea8d0d43538058)] -> xpath: //img[@src='/assets/loading.gif']]
Session ID: 17815f433c2d03edfeea8d0d43538058
	at java.base/jdk.internal.reflect.DirectConstructorHandleAccessor.newInstance(DirectConstructorHandleAccessor.java:67)
	at java.base/java.lang.reflect.Constructor.newInstanceWithCaller(Constructor.java:499)
	at java.base/java.lang.reflect.Constructor.newInstance(Constructor.java:483)
	at org.openqa.selenium.remote.codec.w3c.W3CHttpResponseCodec.createException(W3CHttpResponseCodec.java:200)
	at org.openqa.selenium.remote.codec.w3c.W3CHttpResponseCodec.decode(W3CHttpResponseCodec.java:133)
	at org.openqa.selenium.remote.codec.w3c.W3CHttpResponseCodec.decode(W3CHttpResponseCodec.java:52)
	at org.openqa.selenium.remote.HttpCommandExecutor.execute(HttpCommandExecutor.java:191)
	at org.openqa.selenium.remote.service.DriverCommandExecutor.invokeExecute(DriverCommandExecutor.java:196)
	at org.openqa.selenium.remote.service.DriverCommandExecutor.execute(DriverCommandExecutor.java:171)
	at org.openqa.selenium.remote.RemoteWebDriver.execute(RemoteWebDriver.java:518)
	at org.openqa.selenium.remote.RemoteWebElement.execute(RemoteWebElement.java:224)
	at org.openqa.selenium.remote.RemoteWebElement.isDisplayed(RemoteWebElement.java:280)
	at org.openqa.selenium.support.ui.ExpectedConditions.isInvisible(ExpectedConditions.java:1374)
	at org.openqa.selenium.support.ui.ExpectedConditions.access$200(ExpectedConditions.java:37)
	at org.openqa.selenium.support.ui.ExpectedConditions$48.apply(ExpectedConditions.java:1362)
	at org.openqa.selenium.support.ui.ExpectedConditions$48.apply(ExpectedConditions.java:1358)
	at org.openqa.selenium.support.ui.FluentWait.until(FluentWait.java:205)
	at CommonMethods.Helper.waitForCurserRunning(Helper.java:290)
	at POM.CDP_Utility.CDP_VerifyUserAbleToDeleteAndReissueNotice(CDP_Utility.java:772)
	at TestCases.CDP.CDP_VerifyUserAbleToDeleteAndReissueNotice(CDP.java:166)
	at java.base/jdk.internal.reflect.DirectMethodHandleAccessor.invoke(DirectMethodHandleAccessor.java:104)
	at java.base/java.lang.reflect.Method.invoke(Method.java:577)
	at org.testng.internal.invokers.MethodInvocationHelper.invokeMethod(MethodInvocationHelper.java:135)
	at org.testng.internal.invokers.TestInvoker.invokeMethod(TestInvoker.java:673)
	at org.testng.internal.invokers.TestInvoker.invokeTestMethod(TestInvoker.java:220)
	at org.testng.internal.invokers.MethodRunner.runInSequence(MethodRunner.java:50)
	at org.testng.internal.invokers.TestInvoker$MethodInvocationAgent.invoke(TestInvoker.java:945)
	at org.testng.internal.invokers.TestInvoker.invokeTestMethods(TestInvoker.java:193)
	at org.testng.internal.invokers.TestMethodWorker.invokeTestMethods(TestMethodWorker.java:146)
	at org.testng.internal.invokers.TestMethodWorker.run(TestMethodWorker.java:128)
	at java.base/java.util.concurrent.ThreadPoolExecutor.runWorker(ThreadPoolExecutor.java:1136)
	at java.base/java.util.concurrent.ThreadPoolExecutor$Worker.run(ThreadPoolExecutor.java:635)
	at java.base/java.lang.Thread.run(Thread.java:833)
]]></system-err>
  </testcase>
  <testcase name="CDP_VerifyUserAbleApplyNoticeOutsideofInspection" classname="TestCases.CDP" time="0.742">
    <system-out><![CDATA[2024-07-26 00:19:26,922 [info]: GetText fromBy.xpath: (//label[@class='completed-summary']//b)[1]
Test Passed: CDP_VerifyUserAbleApplyNoticeOutsideofInspection
]]></system-out>
  </testcase>
  <testcase name="CDP_VerifyUserAbletoEditviolationsonCDP" classname="TestCases.CDP" time="14.52">
    <system-out><![CDATA[2024-07-26 00:21:26,811 [info]: Scroll Into View By.xpath: //*[@class='app-header__new']
2024-07-26 00:21:26,936 [info]: Click By JS By.xpath: //*[@class='app-header__new']
2024-07-26 00:21:28,172 [info]: Click By JS By.xpath: //label[text()='Code Enforcement Case']
2024-07-26 00:21:30,976 [info]: GetText fromBy.xpath: //label[text()='Case Initiation']//parent::div//div[@class='dropdown__selector__selected']//label
2024-07-26 00:21:31,857 [info]: Scroll Into View By.xpath: (//span[@class='violation-label'])[1]
2024-07-26 00:21:31,893 [info]: GetText fromBy.xpath: (//span[@class='violation-label'])[1]
2024-07-26 00:21:31,923 [info]: Scroll Into View By.xpath: (//span[@class='violation-label'])[1]
2024-07-26 00:21:31,960 [info]: GetText fromBy.xpath: (//span[@class='violation-label'])[2]
2024-07-26 00:21:32,089 [info]: Scroll Into View By.xpath: //div[@class='footer_actions']/button[2]
2024-07-26 00:21:32,287 [info]: Click By JS By.xpath: //div[@class='footer_actions']/button[2]
2024-07-26 00:21:32,858 [info]: Clicked on By.cssSelector: div.edit-entity__button-wrapper button
2024-07-26 00:21:37,351 [info]: Sendkeys on By.xpath: //input[@placeholder='Enter Number'][@type='NUMBER'] with value 3
2024-07-26 00:21:37,557 [info]: Clicked on By.xpath: //span[@aria-selected='true']//ancestor::div[@class='Select-multi-value-wrapper']//following-sibling::span
2024-07-26 00:21:37,618 [info]: Sendkeys on By.xpath: //textarea[@name='Note'] with value ViolationUpdated
2024-07-26 00:21:37,973 [info]: Clicked on By.xpath: //div[@class='entity-modal__footer']//button[text()='Save']
2024-07-26 00:21:40,601 [info]: Scroll Into View By JS [[ChromeDriver: chrome on windows (cc25a4e3a88027035c1e9d4297d76c17)] -> xpath: //*[text()='EscalatedNotice']]
2024-07-26 00:21:40,831 [info]: Move to element and Click on [[ChromeDriver: chrome on windows (cc25a4e3a88027035c1e9d4297d76c17)] -> xpath: //*[text()='EscalatedNotice']]
2024-07-26 00:21:40,889 [info]: Click By JS By.xpath: //div[@class='progressive-form active']//button[text()='Continue']
2024-07-26 00:21:41,018 [info]: Scroll Into View By.xpath: //div[@class='progressive-form__footer']//button[text()='Generate Notice']
2024-07-26 00:21:41,101 [info]: GetText fromBy.xpath: //div[@class='entity-info']//following-sibling::label//span[@class='clipped-text']
2024-07-26 00:21:41,228 [info]: GetText fromBy.xpath: //div[@class='entity-info']//div[contains(text(),'Age')]//following-sibling::div
Test Passed: CDP_VerifyUserAbletoEditviolationsonCDP
]]></system-out>
  </testcase>
  <testcase name="CDP_VerifyAddPaymentFromFineAndPaymentDetalis" classname="TestCases.CDP" time="71.182">
    <failure message="expected [true] but found [false]" type="java.lang.AssertionError"><![CDATA[java.lang.AssertionError: expected [true] but found [false]
	at org.testng.Assert.fail(Assert.java:110)
	at org.testng.Assert.failNotEquals(Assert.java:1413)
	at org.testng.Assert.assertTrue(Assert.java:56)
	at org.testng.Assert.assertTrue(Assert.java:66)
	at POM.CDP_Utility.CDP_VerifyAddPaymentFromFineAndPaymentDetalis(CDP_Utility.java:1057)
	at TestCases.CDP.CDP_VerifyAddPaymentFromFineAndPaymentDetalis(CDP.java:198)
	at java.base/jdk.internal.reflect.DirectMethodHandleAccessor.invoke(DirectMethodHandleAccessor.java:104)
	at java.base/java.lang.reflect.Method.invoke(Method.java:577)
	at org.testng.internal.invokers.MethodInvocationHelper.invokeMethod(MethodInvocationHelper.java:135)
	at org.testng.internal.invokers.TestInvoker.invokeMethod(TestInvoker.java:673)
	at org.testng.internal.invokers.TestInvoker.invokeTestMethod(TestInvoker.java:220)
	at org.testng.internal.invokers.MethodRunner.runInSequence(MethodRunner.java:50)
	at org.testng.internal.invokers.TestInvoker$MethodInvocationAgent.invoke(TestInvoker.java:945)
	at org.testng.internal.invokers.TestInvoker.invokeTestMethods(TestInvoker.java:193)
	at org.testng.internal.invokers.TestMethodWorker.invokeTestMethods(TestMethodWorker.java:146)
	at org.testng.internal.invokers.TestMethodWorker.run(TestMethodWorker.java:128)
	at java.base/java.util.concurrent.ThreadPoolExecutor.runWorker(ThreadPoolExecutor.java:1136)
	at java.base/java.util.concurrent.ThreadPoolExecutor$Worker.run(ThreadPoolExecutor.java:635)
	at java.base/java.lang.Thread.run(Thread.java:833)
]]></failure>
    <system-out><![CDATA[2024-07-26 00:21:41,857 [info]: Scroll Into View By.xpath: //button[text()='Print']
2024-07-26 00:21:42,375 [info]: Clicked on By.xpath: //label[text()='Outstanding Balance']//parent::div//a[@class='view-details']
2024-07-26 00:21:44,220 [info]: Move to element and Click on [[ChromeDriver: chrome on windows (cc25a4e3a88027035c1e9d4297d76c17)] -> xpath: //div[@class='progressive-form__footer']//button[text()='Generate Notice']]
2024-07-26 00:21:45,363 [info]: Scroll Into View By.xpath: //div[@class='case-inspection__print-notice']//button[text()='Do Not Print']
2024-07-26 00:21:46,401 [info]: Click By JS By.xpath: //div[@class='case-inspection__print-notice']//button[text()='Do Not Print']
2024-07-26 00:21:47,512 [info]: Click By JS By.xpath: //button[text()='Issue Notice & Complete Inspection']
2024-07-26 00:21:47,581 [info]: GetText fromBy.xpath: //h2[@class='case-details__case-number']
2024-07-26 00:21:47,665 [info]: Scroll Into View By.cssSelector: div.case-details__close-icon img
2024-07-26 00:21:47,884 [info]: Clicked on By.xpath: //label[@title='Select Fine']//parent::div//parent::div//span[@class='Select-arrow']
2024-07-26 00:21:48,182 [info]: Click By JS By.cssSelector: div.case-details__close-icon img
2024-07-26 00:21:48,867 [info]: Clicked on By.xpath: //div[@class='Select-menu-outer']/div/div[1]
2024-07-26 00:21:49,405 [info]: Click By JS By.xpath: //*[@class='app-header__user-name']/div
2024-07-26 00:21:49,462 [info]: Click By JS By.xpath: //label[text()='Logout']
2024-07-26 00:21:49,996 [info]: Clicked on By.xpath: //div[@class='add-transaction']//button[text()='Add Fine']
Test Failed: PerformInspection_AddAttachment
2024-07-26 00:21:59,447 [info]: GetText fromBy.xpath: (//div[@role='rowgroup']//div[@role='gridcell'])[3]
2024-07-26 00:21:59,909 [info]: Clicked on By.xpath: //button[text()='Add Payment']
2024-07-26 00:22:02,041 [info]: Sendkeys on By.xpath: //input[@name='amount'] with value 1500
2024-07-26 00:22:02,930 [info]: Clicked on By.xpath: //div[text()='Payor']
2024-07-26 00:22:04,042 [info]: Clicked on By.xpath: (//div[@class='Select-menu-outer']//div[@class='Select-option'])[1]
2024-07-26 00:22:08,398 [info]: Click By JS By.xpath: //div[@class='add-transaction']//button
2024-07-26 00:22:08,566 [info]: GetText fromBy.xpath: (//div[@role='rowgroup']//div[@role='gridcell']//span)[1]
2024-07-26 00:22:56,953 [info]: Sendkeys on By.id: idp-discovery-username with value SupervisorManagerStage@yopmail.com
2024-07-26 00:22:57,074 [info]: Clicked on By.id: idp-discovery-submit
2024-07-26 00:22:59,335 [info]: Sendkeys on By.id: okta-signin-password with value Hello@1234
2024-07-26 00:22:59,645 [info]: Clicked on By.id: okta-signin-submit
2024-07-26 00:23:07,990 [info]: GetText fromBy.xpath: //div[@class='app-header__user-name']/label
Test Failed: CDP_VerifyAddPaymentFromFineAndPaymentDetalis
case id is 24-1860
2024-07-26 00:23:10,068 [info]: Scroll Into View By.xpath: //a[text()='Cases']
2024-07-26 00:23:10,193 [info]: Click By JS By.xpath: //a[text()='Cases']
]]></system-out>
    <system-err><![CDATA[org.openqa.selenium.ScriptTimeoutException: script timeout
  (Session info: chrome=115.0.5790.170)
Build info: version: '4.11.0', revision: '040bc5406b'
System info: os.name: 'Windows 11', os.arch: 'amd64', os.version: '10.0', java.version: '18.0.2.1'
Driver info: org.openqa.selenium.chrome.ChromeDriver
Command: [17815f433c2d03edfeea8d0d43538058, isElementDisplayed {id=46822111D604951C8B3DF06D8C1DD864_element_1389}]
Capabilities {acceptInsecureCerts: false, browserName: chrome, browserVersion: 115.0.5790.170, chrome: {chromedriverVersion: 115.0.5790.170 (cc0d30c2ca5..., userDataDir: C:\Users\SQELAB~1\AppData\L...}, goog:chromeOptions: {debuggerAddress: localhost:62519}, networkConnectionEnabled: false, pageLoadStrategy: normal, platformName: windows, proxy: Proxy(), se:cdp: ws://localhost:62519/devtoo..., se:cdpVersion: 115.0.5790.170, setWindowRect: true, strictFileInteractability: false, timeouts: {implicit: 0, pageLoad: 300000, script: 30000}, unhandledPromptBehavior: dismiss and notify, webauthn:extension:credBlob: true, webauthn:extension:largeBlob: true, webauthn:extension:minPinLength: true, webauthn:extension:prf: true, webauthn:virtualAuthenticators: true}
Element: [[ChromeDriver: chrome on windows (17815f433c2d03edfeea8d0d43538058)] -> xpath: //img[@src='/assets/loading.gif']]
Session ID: 17815f433c2d03edfeea8d0d43538058
	at java.base/jdk.internal.reflect.DirectConstructorHandleAccessor.newInstance(DirectConstructorHandleAccessor.java:67)
	at java.base/java.lang.reflect.Constructor.newInstanceWithCaller(Constructor.java:499)
	at java.base/java.lang.reflect.Constructor.newInstance(Constructor.java:483)
	at org.openqa.selenium.remote.codec.w3c.W3CHttpResponseCodec.createException(W3CHttpResponseCodec.java:200)
	at org.openqa.selenium.remote.codec.w3c.W3CHttpResponseCodec.decode(W3CHttpResponseCodec.java:133)
	at org.openqa.selenium.remote.codec.w3c.W3CHttpResponseCodec.decode(W3CHttpResponseCodec.java:52)
	at org.openqa.selenium.remote.HttpCommandExecutor.execute(HttpCommandExecutor.java:191)
	at org.openqa.selenium.remote.service.DriverCommandExecutor.invokeExecute(DriverCommandExecutor.java:196)
	at org.openqa.selenium.remote.service.DriverCommandExecutor.execute(DriverCommandExecutor.java:171)
	at org.openqa.selenium.remote.RemoteWebDriver.execute(RemoteWebDriver.java:518)
	at org.openqa.selenium.remote.RemoteWebElement.execute(RemoteWebElement.java:224)
	at org.openqa.selenium.remote.RemoteWebElement.isDisplayed(RemoteWebElement.java:280)
	at org.openqa.selenium.support.ui.ExpectedConditions.isInvisible(ExpectedConditions.java:1374)
	at org.openqa.selenium.support.ui.ExpectedConditions.access$200(ExpectedConditions.java:37)
	at org.openqa.selenium.support.ui.ExpectedConditions$48.apply(ExpectedConditions.java:1362)
	at org.openqa.selenium.support.ui.ExpectedConditions$48.apply(ExpectedConditions.java:1358)
	at org.openqa.selenium.support.ui.FluentWait.until(FluentWait.java:205)
	at CommonMethods.Helper.waitForCurserRunning(Helper.java:290)
	at POM.CDP_Utility.CDP_VerifyAddPaymentFromFineAndPaymentDetalis(CDP_Utility.java:1019)
	at TestCases.CDP.CDP_VerifyAddPaymentFromFineAndPaymentDetalis(CDP.java:198)
	at java.base/jdk.internal.reflect.DirectMethodHandleAccessor.invoke(DirectMethodHandleAccessor.java:104)
	at java.base/java.lang.reflect.Method.invoke(Method.java:577)
	at org.testng.internal.invokers.MethodInvocationHelper.invokeMethod(MethodInvocationHelper.java:135)
	at org.testng.internal.invokers.TestInvoker.invokeMethod(TestInvoker.java:673)
	at org.testng.internal.invokers.TestInvoker.invokeTestMethod(TestInvoker.java:220)
	at org.testng.internal.invokers.MethodRunner.runInSequence(MethodRunner.java:50)
	at org.testng.internal.invokers.TestInvoker$MethodInvocationAgent.invoke(TestInvoker.java:945)
	at org.testng.internal.invokers.TestInvoker.invokeTestMethods(TestInvoker.java:193)
	at org.testng.internal.invokers.TestMethodWorker.invokeTestMethods(TestMethodWorker.java:146)
	at org.testng.internal.invokers.TestMethodWorker.run(TestMethodWorker.java:128)
	at java.base/java.util.concurrent.ThreadPoolExecutor.runWorker(ThreadPoolExecutor.java:1136)
	at java.base/java.util.concurrent.ThreadPoolExecutor$Worker.run(ThreadPoolExecutor.java:635)
	at java.base/java.lang.Thread.run(Thread.java:833)
org.openqa.selenium.InvalidSelectorException: invalid selector: Unable to locate an element with the xpath expression //div[contains(text(),'Fines & Payments Details')]//parent::div//button[text()='Close']) because of the following error:
SyntaxError: Failed to execute 'evaluate' on 'Document': The string '//div[contains(text(),'Fines & Payments Details')]//parent::div//button[text()='Close'])' is not a valid XPath expression.
  (Session info: chrome=115.0.5790.170)
For documentation on this error, please visit: https://www.selenium.dev/documentation/webdriver/troubleshooting/errors#invalid-selector-exception
Build info: version: '4.11.0', revision: '040bc5406b'
System info: os.name: 'Windows 11', os.arch: 'amd64', os.version: '10.0', java.version: '18.0.2.1'
Driver info: org.openqa.selenium.chrome.ChromeDriver
Command: [17815f433c2d03edfeea8d0d43538058, findElement {using=xpath, value=//div[contains(text(),'Fines & Payments Details')]//parent::div//button[text()='Close'])}]
Capabilities {acceptInsecureCerts: false, browserName: chrome, browserVersion: 115.0.5790.170, chrome: {chromedriverVersion: 115.0.5790.170 (cc0d30c2ca5..., userDataDir: C:\Users\SQELAB~1\AppData\L...}, goog:chromeOptions: {debuggerAddress: localhost:62519}, networkConnectionEnabled: false, pageLoadStrategy: normal, platformName: windows, proxy: Proxy(), se:cdp: ws://localhost:62519/devtoo..., se:cdpVersion: 115.0.5790.170, setWindowRect: true, strictFileInteractability: false, timeouts: {implicit: 0, pageLoad: 300000, script: 30000}, unhandledPromptBehavior: dismiss and notify, webauthn:extension:credBlob: true, webauthn:extension:largeBlob: true, webauthn:extension:minPinLength: true, webauthn:extension:prf: true, webauthn:virtualAuthenticators: true}
Session ID: 17815f433c2d03edfeea8d0d43538058
	at java.base/jdk.internal.reflect.DirectConstructorHandleAccessor.newInstance(DirectConstructorHandleAccessor.java:67)
	at java.base/java.lang.reflect.Constructor.newInstanceWithCaller(Constructor.java:499)
	at java.base/java.lang.reflect.Constructor.newInstance(Constructor.java:483)
	at org.openqa.selenium.remote.codec.w3c.W3CHttpResponseCodec.createException(W3CHttpResponseCodec.java:200)
	at org.openqa.selenium.remote.codec.w3c.W3CHttpResponseCodec.decode(W3CHttpResponseCodec.java:133)
	at org.openqa.selenium.remote.codec.w3c.W3CHttpResponseCodec.decode(W3CHttpResponseCodec.java:52)
	at org.openqa.selenium.remote.HttpCommandExecutor.execute(HttpCommandExecutor.java:191)
	at org.openqa.selenium.remote.service.DriverCommandExecutor.invokeExecute(DriverCommandExecutor.java:196)
	at org.openqa.selenium.remote.service.DriverCommandExecutor.execute(DriverCommandExecutor.java:171)
	at org.openqa.selenium.remote.RemoteWebDriver.execute(RemoteWebDriver.java:518)
	at org.openqa.selenium.remote.ElementLocation$ElementFinder$2.findElement(ElementLocation.java:165)
	at org.openqa.selenium.remote.ElementLocation.findElement(ElementLocation.java:59)
	at org.openqa.selenium.remote.RemoteWebDriver.findElement(RemoteWebDriver.java:355)
	at org.openqa.selenium.remote.RemoteWebDriver.findElement(RemoteWebDriver.java:349)
	at org.openqa.selenium.support.ui.ExpectedConditions$7.apply(ExpectedConditions.java:194)
	at org.openqa.selenium.support.ui.ExpectedConditions$7.apply(ExpectedConditions.java:190)
	at org.openqa.selenium.support.ui.FluentWait.until(FluentWait.java:205)
	at CommonMethods.Helper.waitUntilElementIsVisible(Helper.java:148)
	at POM.CDP_Utility.CDP_VerifyAddPaymentFromFineAndPaymentDetalis(CDP_Utility.java:1020)
	at TestCases.CDP.CDP_VerifyAddPaymentFromFineAndPaymentDetalis(CDP.java:198)
	at java.base/jdk.internal.reflect.DirectMethodHandleAccessor.invoke(DirectMethodHandleAccessor.java:104)
	at java.base/java.lang.reflect.Method.invoke(Method.java:577)
	at org.testng.internal.invokers.MethodInvocationHelper.invokeMethod(MethodInvocationHelper.java:135)
	at org.testng.internal.invokers.TestInvoker.invokeMethod(TestInvoker.java:673)
	at org.testng.internal.invokers.TestInvoker.invokeTestMethod(TestInvoker.java:220)
	at org.testng.internal.invokers.MethodRunner.runInSequence(MethodRunner.java:50)
	at org.testng.internal.invokers.TestInvoker$MethodInvocationAgent.invoke(TestInvoker.java:945)
	at org.testng.internal.invokers.TestInvoker.invokeTestMethods(TestInvoker.java:193)
	at org.testng.internal.invokers.TestMethodWorker.invokeTestMethods(TestMethodWorker.java:146)
	at org.testng.internal.invokers.TestMethodWorker.run(TestMethodWorker.java:128)
	at java.base/java.util.concurrent.ThreadPoolExecutor.runWorker(ThreadPoolExecutor.java:1136)
	at java.base/java.util.concurrent.ThreadPoolExecutor$Worker.run(ThreadPoolExecutor.java:635)
	at java.base/java.lang.Thread.run(Thread.java:833)
org.openqa.selenium.InvalidSelectorException: invalid selector: Unable to locate an element with the xpath expression //div[contains(text(),'Fines & Payments Details')]//parent::div//button[text()='Close']) because of the following error:
SyntaxError: Failed to execute 'evaluate' on 'Document': The string '//div[contains(text(),'Fines & Payments Details')]//parent::div//button[text()='Close'])' is not a valid XPath expression.
  (Session info: chrome=115.0.5790.170)
For documentation on this error, please visit: https://www.selenium.dev/documentation/webdriver/troubleshooting/errors#invalid-selector-exception
Build info: version: '4.11.0', revision: '040bc5406b'
System info: os.name: 'Windows 11', os.arch: 'amd64', os.version: '10.0', java.version: '18.0.2.1'
Driver info: org.openqa.selenium.chrome.ChromeDriver
Command: [17815f433c2d03edfeea8d0d43538058, findElement {using=xpath, value=//div[contains(text(),'Fines & Payments Details')]//parent::div//button[text()='Close'])}]
Capabilities {acceptInsecureCerts: false, browserName: chrome, browserVersion: 115.0.5790.170, chrome: {chromedriverVersion: 115.0.5790.170 (cc0d30c2ca5..., userDataDir: C:\Users\SQELAB~1\AppData\L...}, goog:chromeOptions: {debuggerAddress: localhost:62519}, networkConnectionEnabled: false, pageLoadStrategy: normal, platformName: windows, proxy: Proxy(), se:cdp: ws://localhost:62519/devtoo..., se:cdpVersion: 115.0.5790.170, setWindowRect: true, strictFileInteractability: false, timeouts: {implicit: 0, pageLoad: 300000, script: 30000}, unhandledPromptBehavior: dismiss and notify, webauthn:extension:credBlob: true, webauthn:extension:largeBlob: true, webauthn:extension:minPinLength: true, webauthn:extension:prf: true, webauthn:virtualAuthenticators: true}
Session ID: 17815f433c2d03edfeea8d0d43538058
	at java.base/jdk.internal.reflect.DirectConstructorHandleAccessor.newInstance(DirectConstructorHandleAccessor.java:67)
	at java.base/java.lang.reflect.Constructor.newInstanceWithCaller(Constructor.java:499)
	at java.base/java.lang.reflect.Constructor.newInstance(Constructor.java:483)
	at org.openqa.selenium.remote.codec.w3c.W3CHttpResponseCodec.createException(W3CHttpResponseCodec.java:200)
	at org.openqa.selenium.remote.codec.w3c.W3CHttpResponseCodec.decode(W3CHttpResponseCodec.java:133)
	at org.openqa.selenium.remote.codec.w3c.W3CHttpResponseCodec.decode(W3CHttpResponseCodec.java:52)
	at org.openqa.selenium.remote.HttpCommandExecutor.execute(HttpCommandExecutor.java:191)
	at org.openqa.selenium.remote.service.DriverCommandExecutor.invokeExecute(DriverCommandExecutor.java:196)
	at org.openqa.selenium.remote.service.DriverCommandExecutor.execute(DriverCommandExecutor.java:171)
	at org.openqa.selenium.remote.RemoteWebDriver.execute(RemoteWebDriver.java:518)
	at org.openqa.selenium.remote.ElementLocation$ElementFinder$2.findElement(ElementLocation.java:165)
	at org.openqa.selenium.remote.ElementLocation.findElement(ElementLocation.java:59)
	at org.openqa.selenium.remote.RemoteWebDriver.findElement(RemoteWebDriver.java:355)
	at org.openqa.selenium.remote.RemoteWebDriver.findElement(RemoteWebDriver.java:349)
	at org.openqa.selenium.support.ui.ExpectedConditions$6.apply(ExpectedConditions.java:171)
	at org.openqa.selenium.support.ui.ExpectedConditions$6.apply(ExpectedConditions.java:168)
	at org.openqa.selenium.support.ui.FluentWait.until(FluentWait.java:205)
	at CommonMethods.Helper.waitUntilElementPresent(Helper.java:103)
	at POM.CDP_Utility.CDP_VerifyAddPaymentFromFineAndPaymentDetalis(CDP_Utility.java:1021)
	at TestCases.CDP.CDP_VerifyAddPaymentFromFineAndPaymentDetalis(CDP.java:198)
	at java.base/jdk.internal.reflect.DirectMethodHandleAccessor.invoke(DirectMethodHandleAccessor.java:104)
	at java.base/java.lang.reflect.Method.invoke(Method.java:577)
	at org.testng.internal.invokers.MethodInvocationHelper.invokeMethod(MethodInvocationHelper.java:135)
	at org.testng.internal.invokers.TestInvoker.invokeMethod(TestInvoker.java:673)
	at org.testng.internal.invokers.TestInvoker.invokeTestMethod(TestInvoker.java:220)
	at org.testng.internal.invokers.MethodRunner.runInSequence(MethodRunner.java:50)
	at org.testng.internal.invokers.TestInvoker$MethodInvocationAgent.invoke(TestInvoker.java:945)
	at org.testng.internal.invokers.TestInvoker.invokeTestMethods(TestInvoker.java:193)
	at org.testng.internal.invokers.TestMethodWorker.invokeTestMethods(TestMethodWorker.java:146)
	at org.testng.internal.invokers.TestMethodWorker.run(TestMethodWorker.java:128)
	at java.base/java.util.concurrent.ThreadPoolExecutor.runWorker(ThreadPoolExecutor.java:1136)
	at java.base/java.util.concurrent.ThreadPoolExecutor$Worker.run(ThreadPoolExecutor.java:635)
	at java.base/java.lang.Thread.run(Thread.java:833)
org.openqa.selenium.TimeoutException: Expected condition failed: waiting for visibility of element located by By.xpath: //h1[text()='Create A Case'] (tried for 60 second(s) with 1000 milliseconds interval)
Build info: version: '4.11.0', revision: '040bc5406b'
System info: os.name: 'Windows 11', os.arch: 'amd64', os.version: '10.0', java.version: '18.0.2.1'
Driver info: driver.version: unknown
	at org.openqa.selenium.support.ui.FluentWait.timeoutException(FluentWait.java:262)
	at org.openqa.selenium.support.ui.FluentWait.until(FluentWait.java:230)
	at CommonMethods.Helper.waitUntilElementIsVisible(Helper.java:148)
	at CommonMethods.Helper.waitForPresenceandVisiblity(Helper.java:658)
	at POM.AppPreRequisiteUtility.AgencySetup_VerifySuccessfulDirectionToCCP(AppPreRequisiteUtility.java:1382)
	at TestCases.AgencyCreation.AgencySetup_VerifySuccessfulDirectionToCCP(AgencyCreation.java:383)
	at java.base/jdk.internal.reflect.DirectMethodHandleAccessor.invoke(DirectMethodHandleAccessor.java:104)
	at java.base/java.lang.reflect.Method.invoke(Method.java:577)
	at org.testng.internal.invokers.MethodInvocationHelper.invokeMethod(MethodInvocationHelper.java:135)
	at org.testng.internal.invokers.TestInvoker.invokeMethod(TestInvoker.java:673)
	at org.testng.internal.invokers.TestInvoker.invokeTestMethod(TestInvoker.java:220)
	at org.testng.internal.invokers.MethodRunner.runInSequence(MethodRunner.java:50)
	at org.testng.internal.invokers.TestInvoker$MethodInvocationAgent.invoke(TestInvoker.java:945)
	at org.testng.internal.invokers.TestInvoker.invokeTestMethods(TestInvoker.java:193)
	at org.testng.internal.invokers.TestMethodWorker.invokeTestMethods(TestMethodWorker.java:146)
	at org.testng.internal.invokers.TestMethodWorker.run(TestMethodWorker.java:128)
	at java.base/java.util.concurrent.ThreadPoolExecutor.runWorker(ThreadPoolExecutor.java:1136)
	at java.base/java.util.concurrent.ThreadPoolExecutor$Worker.run(ThreadPoolExecutor.java:635)
	at java.base/java.lang.Thread.run(Thread.java:833)
org.openqa.selenium.NoSuchElementException: no such element: Unable to locate element: {"method":"xpath","selector":"//h1[text()='Create A Case']"}
  (Session info: chrome=115.0.5790.170)
For documentation on this error, please visit: https://www.selenium.dev/documentation/webdriver/troubleshooting/errors#no-such-element-exception
Build info: version: '4.11.0', revision: '040bc5406b'
System info: os.name: 'Windows 11', os.arch: 'amd64', os.version: '10.0', java.version: '18.0.2.1'
Driver info: org.openqa.selenium.chrome.ChromeDriver
Command: [d64c4e8dfb07668baacf27adaf85147e, findElement {using=xpath, value=//h1[text()='Create A Case']}]
Capabilities {acceptInsecureCerts: false, browserName: chrome, browserVersion: 115.0.5790.170, chrome: {chromedriverVersion: 115.0.5790.170 (cc0d30c2ca5..., userDataDir: C:\Users\SQELAB~1\AppData\L...}, goog:chromeOptions: {debuggerAddress: localhost:51446}, networkConnectionEnabled: false, pageLoadStrategy: normal, platformName: windows, proxy: Proxy(), se:cdp: ws://localhost:51446/devtoo..., se:cdpVersion: 115.0.5790.170, setWindowRect: true, strictFileInteractability: false, timeouts: {implicit: 0, pageLoad: 300000, script: 30000}, unhandledPromptBehavior: dismiss and notify, webauthn:extension:credBlob: true, webauthn:extension:largeBlob: true, webauthn:extension:minPinLength: true, webauthn:extension:prf: true, webauthn:virtualAuthenticators: true}
Session ID: d64c4e8dfb07668baacf27adaf85147e
	at java.base/jdk.internal.reflect.DirectConstructorHandleAccessor.newInstance(DirectConstructorHandleAccessor.java:67)
	at java.base/java.lang.reflect.Constructor.newInstanceWithCaller(Constructor.java:499)
	at java.base/java.lang.reflect.Constructor.newInstance(Constructor.java:483)
	at org.openqa.selenium.remote.codec.w3c.W3CHttpResponseCodec.createException(W3CHttpResponseCodec.java:200)
	at org.openqa.selenium.remote.codec.w3c.W3CHttpResponseCodec.decode(W3CHttpResponseCodec.java:133)
	at org.openqa.selenium.remote.codec.w3c.W3CHttpResponseCodec.decode(W3CHttpResponseCodec.java:52)
	at org.openqa.selenium.remote.HttpCommandExecutor.execute(HttpCommandExecutor.java:191)
	at org.openqa.selenium.remote.service.DriverCommandExecutor.invokeExecute(DriverCommandExecutor.java:196)
	at org.openqa.selenium.remote.service.DriverCommandExecutor.execute(DriverCommandExecutor.java:171)
	at org.openqa.selenium.remote.RemoteWebDriver.execute(RemoteWebDriver.java:518)
	at org.openqa.selenium.remote.ElementLocation$ElementFinder$2.findElement(ElementLocation.java:165)
	at org.openqa.selenium.remote.ElementLocation.findElement(ElementLocation.java:59)
	at org.openqa.selenium.remote.RemoteWebDriver.findElement(RemoteWebDriver.java:355)
	at org.openqa.selenium.remote.RemoteWebDriver.findElement(RemoteWebDriver.java:349)
	at org.openqa.selenium.support.ui.ExpectedConditions$6.apply(ExpectedConditions.java:171)
	at org.openqa.selenium.support.ui.ExpectedConditions$6.apply(ExpectedConditions.java:168)
	at org.openqa.selenium.support.ui.FluentWait.until(FluentWait.java:205)
	at CommonMethods.Helper.waitUntilElementPresent(Helper.java:103)
	at CommonMethods.Helper.waitForPresenceandVisiblity(Helper.java:659)
	at POM.AppPreRequisiteUtility.AgencySetup_VerifySuccessfulDirectionToCCP(AppPreRequisiteUtility.java:1382)
	at TestCases.AgencyCreation.AgencySetup_VerifySuccessfulDirectionToCCP(AgencyCreation.java:383)
	at java.base/jdk.internal.reflect.DirectMethodHandleAccessor.invoke(DirectMethodHandleAccessor.java:104)
	at java.base/java.lang.reflect.Method.invoke(Method.java:577)
	at org.testng.internal.invokers.MethodInvocationHelper.invokeMethod(MethodInvocationHelper.java:135)
	at org.testng.internal.invokers.TestInvoker.invokeMethod(TestInvoker.java:673)
	at org.testng.internal.invokers.TestInvoker.invokeTestMethod(TestInvoker.java:220)
	at org.testng.internal.invokers.MethodRunner.runInSequence(MethodRunner.java:50)
	at org.testng.internal.invokers.TestInvoker$MethodInvocationAgent.invoke(TestInvoker.java:945)
	at org.testng.internal.invokers.TestInvoker.invokeTestMethods(TestInvoker.java:193)
	at org.testng.internal.invokers.TestMethodWorker.invokeTestMethods(TestMethodWorker.java:146)
	at org.testng.internal.invokers.TestMethodWorker.run(TestMethodWorker.java:128)
	at java.base/java.util.concurrent.ThreadPoolExecutor.runWorker(ThreadPoolExecutor.java:1136)
	at java.base/java.util.concurrent.ThreadPoolExecutor$Worker.run(ThreadPoolExecutor.java:635)
	at java.base/java.lang.Thread.run(Thread.java:833)
org.openqa.selenium.TimeoutException: Expected condition failed: waiting for visibility of element located by By.id: okta-signin-username (tried for 60 second(s) with 1000 milliseconds interval)
Build info: version: '4.11.0', revision: '040bc5406b'
System info: os.name: 'Windows 11', os.arch: 'amd64', os.version: '10.0', java.version: '18.0.2.1'
Driver info: driver.version: unknown
	at org.openqa.selenium.support.ui.FluentWait.timeoutException(FluentWait.java:262)
	at org.openqa.selenium.support.ui.FluentWait.until(FluentWait.java:230)
	at CommonMethods.Helper.waitUntilElementIsVisible(Helper.java:148)
	at POM.LoginUtility.LoginAgencyUser(LoginUtility.java:1132)
	at POM.LoginUtility.loginSupervisorManager_QAProdStage(LoginUtility.java:1189)
	at POM.CLPUtility.VerifyEsclatedColStatusNotApproved(CLPUtility.java:1104)
	at TestCases.EscalatedNoticesCLP.VerifyEsclatedColStatusNotApproved(EscalatedNoticesCLP.java:65)
	at java.base/jdk.internal.reflect.DirectMethodHandleAccessor.invoke(DirectMethodHandleAccessor.java:104)
	at java.base/java.lang.reflect.Method.invoke(Method.java:577)
	at org.testng.internal.invokers.MethodInvocationHelper.invokeMethod(MethodInvocationHelper.java:135)
	at org.testng.internal.invokers.TestInvoker.invokeMethod(TestInvoker.java:673)
	at org.testng.internal.invokers.TestInvoker.invokeTestMethod(TestInvoker.java:220)
	at org.testng.internal.invokers.MethodRunner.runInSequence(MethodRunner.java:50)
	at org.testng.internal.invokers.TestInvoker$MethodInvocationAgent.invoke(TestInvoker.java:945)
	at org.testng.internal.invokers.TestInvoker.invokeTestMethods(TestInvoker.java:193)
	at org.testng.internal.invokers.TestMethodWorker.invokeTestMethods(TestMethodWorker.java:146)
	at org.testng.internal.invokers.TestMethodWorker.run(TestMethodWorker.java:128)
	at java.base/java.util.concurrent.ThreadPoolExecutor.runWorker(ThreadPoolExecutor.java:1136)
	at java.base/java.util.concurrent.ThreadPoolExecutor$Worker.run(ThreadPoolExecutor.java:635)
	at java.base/java.lang.Thread.run(Thread.java:833)
org.openqa.selenium.TimeoutException: Expected condition failed: waiting for element to be clickable: By.xpath: //div[@class='footer_actions']/button[2] (tried for 60 second(s) with 1000 milliseconds interval)
Build info: version: '4.11.0', revision: '040bc5406b'
System info: os.name: 'Windows 11', os.arch: 'amd64', os.version: '10.0', java.version: '18.0.2.1'
Driver info: driver.version: unknown
	at org.openqa.selenium.support.ui.FluentWait.timeoutException(FluentWait.java:262)
	at org.openqa.selenium.support.ui.FluentWait.until(FluentWait.java:230)
	at CommonMethods.Helper.waitForElementIsInteractable(Helper.java:199)
	at POM.PerformInspectionUtility.PerformInspection_ExpandSection2OnContinue(PerformInspectionUtility.java:747)
	at TestCases.PerformInspection.PerformInspection_ExpandSection2OnContinue(PerformInspection.java:156)
	at java.base/jdk.internal.reflect.DirectMethodHandleAccessor.invoke(DirectMethodHandleAccessor.java:104)
	at java.base/java.lang.reflect.Method.invoke(Method.java:577)
	at org.testng.internal.invokers.MethodInvocationHelper.invokeMethod(MethodInvocationHelper.java:135)
	at org.testng.internal.invokers.TestInvoker.invokeMethod(TestInvoker.java:673)
	at org.testng.internal.invokers.TestInvoker.invokeTestMethod(TestInvoker.java:220)
	at org.testng.internal.invokers.MethodRunner.runInSequence(MethodRunner.java:50)
	at org.testng.internal.invokers.TestInvoker$MethodInvocationAgent.invoke(TestInvoker.java:945)
	at org.testng.internal.invokers.TestInvoker.invokeTestMethods(TestInvoker.java:193)
	at org.testng.internal.invokers.TestMethodWorker.invokeTestMethods(TestMethodWorker.java:146)
	at org.testng.internal.invokers.TestMethodWorker.run(TestMethodWorker.java:128)
	at java.base/java.util.concurrent.ThreadPoolExecutor.runWorker(ThreadPoolExecutor.java:1136)
	at java.base/java.util.concurrent.ThreadPoolExecutor$Worker.run(ThreadPoolExecutor.java:635)
	at java.base/java.lang.Thread.run(Thread.java:833)
org.openqa.selenium.TimeoutException: Expected condition failed: waiting for visibility of element located by By.xpath: //button[text()='Partially Paid'] (tried for 60 second(s) with 1000 milliseconds interval)
Build info: version: '4.11.0', revision: '040bc5406b'
System info: os.name: 'Windows 11', os.arch: 'amd64', os.version: '10.0', java.version: '18.0.2.1'
Driver info: driver.version: unknown
	at org.openqa.selenium.support.ui.FluentWait.timeoutException(FluentWait.java:262)
	at org.openqa.selenium.support.ui.FluentWait.until(FluentWait.java:230)
	at CommonMethods.Helper.waitUntilElementIsVisible(Helper.java:148)
	at POM.CDP_Utility.CDP_VerifyAddPaymentFromFineAndPaymentDetalis(CDP_Utility.java:1051)
	at TestCases.CDP.CDP_VerifyAddPaymentFromFineAndPaymentDetalis(CDP.java:198)
	at java.base/jdk.internal.reflect.DirectMethodHandleAccessor.invoke(DirectMethodHandleAccessor.java:104)
	at java.base/java.lang.reflect.Method.invoke(Method.java:577)
	at org.testng.internal.invokers.MethodInvocationHelper.invokeMethod(MethodInvocationHelper.java:135)
	at org.testng.internal.invokers.TestInvoker.invokeMethod(TestInvoker.java:673)
	at org.testng.internal.invokers.TestInvoker.invokeTestMethod(TestInvoker.java:220)
	at org.testng.internal.invokers.MethodRunner.runInSequence(MethodRunner.java:50)
	at org.testng.internal.invokers.TestInvoker$MethodInvocationAgent.invoke(TestInvoker.java:945)
	at org.testng.internal.invokers.TestInvoker.invokeTestMethods(TestInvoker.java:193)
	at org.testng.internal.invokers.TestMethodWorker.invokeTestMethods(TestMethodWorker.java:146)
	at org.testng.internal.invokers.TestMethodWorker.run(TestMethodWorker.java:128)
	at java.base/java.util.concurrent.ThreadPoolExecutor.runWorker(ThreadPoolExecutor.java:1136)
	at java.base/java.util.concurrent.ThreadPoolExecutor$Worker.run(ThreadPoolExecutor.java:635)
	at java.base/java.lang.Thread.run(Thread.java:833)
]]></system-err>
  </testcase>
  <testcase name="CDP_VerifyUserAbletoMakeFineAsWaive" classname="TestCases.CDP" time="4.064">
    <system-out><![CDATA[2024-07-26 00:23:10,919 [info]: Click By JS By.xpath: //button[text()='Add Fine']
2024-07-26 00:23:11,053 [info]: Click By JS By.xpath: //label[@title='Select Fine']//parent::div//parent::div//span[@class='Select-arrow']
2024-07-26 00:23:12,631 [info]: Sendkeys on By.xpath: //input[@name='searchQuery'] with value 24-1860
2024-07-26 00:23:17,889 [info]: Click By JS By.xpath: //a[text()='24-1860']
2024-07-26 00:23:53,477 [info]: Scroll Into View failed.
Test Failed: PerformInspection_ExpandSection2OnContinue
Test Failed: CDP_VerifyOverdueFinePayment
2024-07-26 00:24:24,603 [info]: Scroll Into View failed.
Test Failed: VerifyEsclatedColStatusNotApproved
2024-07-26 00:24:24,788 [info]: Scroll Into View failed.
Test Failed: VerifyEsclatedColStatusSecondaryFilter
Test Failed: AgencySetup_VerifySuccessfulDirectionToCCP
2024-07-26 00:25:07,918 [info]: Scroll Into View By.xpath: //*[@class='app-header__new']
2024-07-26 00:25:08,041 [info]: Click By JS By.xpath: //*[@class='app-header__new']
2024-07-26 00:25:08,247 [info]: Click By JS By.xpath: //label[text()='Code Enforcement Case']
Test Failed: VerifyEsclatedColStatusPendingApprovalFilter
Test Failed: VerifyEsclatedColStatusApprovedandAppliedCaseFilter
Test Failed: VerifyEsclatedColStatusApprovedFilter
Test Failed: CDP_VerifyUserAbletoMakeFineAsVoid
2024-07-26 00:26:14,814 [info]: Clicked on By.xpath: //label[@title='Select Fine']//parent::div//parent::div//span[@class='Select-arrow']
2024-07-26 00:26:14,974 [info]: Clicked on By.xpath: (//div[@class='Select-menu-outer']//div[@role='option'])[1]
2024-07-26 00:26:15,269 [info]: Clicked on By.xpath: //div[@class='add-transaction']//button[text()='Add Fine']
2024-07-26 00:26:16,643 [info]: Click By JS By.xpath: (//img[@class='void-icon'])[1]
2024-07-26 00:26:16,868 [info]: Clicked on By.xpath: //button[text()='Waive']
2024-07-26 00:26:17,122 [info]: Sendkeys on By.xpath: //textarea[@name='reason'] with value M7MF
2024-07-26 00:26:17,231 [info]: Click By JS By.xpath: //button[text()='Waive Fine']
Test Failed: PerformInspection_VerifySection1Label
2024-07-26 00:26:18,593 [info]: GetText fromBy.xpath: ((//div[@class='rt-expander'])[1]//ancestor::div[@role='rowgroup']//div[@role='gridcell'])[4]//button
Test Passed: CDP_VerifyUserAbletoMakeFineAsWaive
]]></system-out>
    <system-err><![CDATA[org.openqa.selenium.TimeoutException: Expected condition failed: waiting for visibility of element located by By.xpath: //button[text()='Cancel'] (tried for 60 second(s) with 1000 milliseconds interval)
Build info: version: '4.11.0', revision: '040bc5406b'
System info: os.name: 'Windows 11', os.arch: 'amd64', os.version: '10.0', java.version: '18.0.2.1'
Driver info: driver.version: unknown
	at org.openqa.selenium.support.ui.FluentWait.timeoutException(FluentWait.java:262)
	at org.openqa.selenium.support.ui.FluentWait.until(FluentWait.java:230)
	at CommonMethods.Helper.waitUntilElementIsVisible(Helper.java:148)
	at CommonMethods.Helper.waitForPresenceandVisiblity(Helper.java:658)
	at POM.AppPreRequisiteUtility.AgencySetup_VerifySuccessfulDirectionToCCP(AppPreRequisiteUtility.java:1385)
	at TestCases.AgencyCreation.AgencySetup_VerifySuccessfulDirectionToCCP(AgencyCreation.java:383)
	at java.base/jdk.internal.reflect.DirectMethodHandleAccessor.invoke(DirectMethodHandleAccessor.java:104)
	at java.base/java.lang.reflect.Method.invoke(Method.java:577)
	at org.testng.internal.invokers.MethodInvocationHelper.invokeMethod(MethodInvocationHelper.java:135)
	at org.testng.internal.invokers.TestInvoker.invokeMethod(TestInvoker.java:673)
	at org.testng.internal.invokers.TestInvoker.invokeTestMethod(TestInvoker.java:220)
	at org.testng.internal.invokers.MethodRunner.runInSequence(MethodRunner.java:50)
	at org.testng.internal.invokers.TestInvoker$MethodInvocationAgent.invoke(TestInvoker.java:945)
	at org.testng.internal.invokers.TestInvoker.invokeTestMethods(TestInvoker.java:193)
	at org.testng.internal.invokers.TestMethodWorker.invokeTestMethods(TestMethodWorker.java:146)
	at org.testng.internal.invokers.TestMethodWorker.run(TestMethodWorker.java:128)
	at java.base/java.util.concurrent.ThreadPoolExecutor.runWorker(ThreadPoolExecutor.java:1136)
	at java.base/java.util.concurrent.ThreadPoolExecutor$Worker.run(ThreadPoolExecutor.java:635)
	at java.base/java.lang.Thread.run(Thread.java:833)
org.openqa.selenium.NoSuchElementException: no such element: Unable to locate element: {"method":"xpath","selector":"//button[text()='Cancel']"}
  (Session info: chrome=115.0.5790.170)
For documentation on this error, please visit: https://www.selenium.dev/documentation/webdriver/troubleshooting/errors#no-such-element-exception
Build info: version: '4.11.0', revision: '040bc5406b'
System info: os.name: 'Windows 11', os.arch: 'amd64', os.version: '10.0', java.version: '18.0.2.1'
Driver info: org.openqa.selenium.chrome.ChromeDriver
Command: [d64c4e8dfb07668baacf27adaf85147e, findElement {using=xpath, value=//button[text()='Cancel']}]
Capabilities {acceptInsecureCerts: false, browserName: chrome, browserVersion: 115.0.5790.170, chrome: {chromedriverVersion: 115.0.5790.170 (cc0d30c2ca5..., userDataDir: C:\Users\SQELAB~1\AppData\L...}, goog:chromeOptions: {debuggerAddress: localhost:51446}, networkConnectionEnabled: false, pageLoadStrategy: normal, platformName: windows, proxy: Proxy(), se:cdp: ws://localhost:51446/devtoo..., se:cdpVersion: 115.0.5790.170, setWindowRect: true, strictFileInteractability: false, timeouts: {implicit: 0, pageLoad: 300000, script: 30000}, unhandledPromptBehavior: dismiss and notify, webauthn:extension:credBlob: true, webauthn:extension:largeBlob: true, webauthn:extension:minPinLength: true, webauthn:extension:prf: true, webauthn:virtualAuthenticators: true}
Session ID: d64c4e8dfb07668baacf27adaf85147e
	at java.base/jdk.internal.reflect.DirectConstructorHandleAccessor.newInstance(DirectConstructorHandleAccessor.java:67)
	at java.base/java.lang.reflect.Constructor.newInstanceWithCaller(Constructor.java:499)
	at java.base/java.lang.reflect.Constructor.newInstance(Constructor.java:483)
	at org.openqa.selenium.remote.codec.w3c.W3CHttpResponseCodec.createException(W3CHttpResponseCodec.java:200)
	at org.openqa.selenium.remote.codec.w3c.W3CHttpResponseCodec.decode(W3CHttpResponseCodec.java:133)
	at org.openqa.selenium.remote.codec.w3c.W3CHttpResponseCodec.decode(W3CHttpResponseCodec.java:52)
	at org.openqa.selenium.remote.HttpCommandExecutor.execute(HttpCommandExecutor.java:191)
	at org.openqa.selenium.remote.service.DriverCommandExecutor.invokeExecute(DriverCommandExecutor.java:196)
	at org.openqa.selenium.remote.service.DriverCommandExecutor.execute(DriverCommandExecutor.java:171)
	at org.openqa.selenium.remote.RemoteWebDriver.execute(RemoteWebDriver.java:518)
	at org.openqa.selenium.remote.ElementLocation$ElementFinder$2.findElement(ElementLocation.java:165)
	at org.openqa.selenium.remote.ElementLocation.findElement(ElementLocation.java:59)
	at org.openqa.selenium.remote.RemoteWebDriver.findElement(RemoteWebDriver.java:355)
	at org.openqa.selenium.remote.RemoteWebDriver.findElement(RemoteWebDriver.java:349)
	at org.openqa.selenium.support.ui.ExpectedConditions$6.apply(ExpectedConditions.java:171)
	at org.openqa.selenium.support.ui.ExpectedConditions$6.apply(ExpectedConditions.java:168)
	at org.openqa.selenium.support.ui.FluentWait.until(FluentWait.java:205)
	at CommonMethods.Helper.waitUntilElementPresent(Helper.java:103)
	at CommonMethods.Helper.waitForPresenceandVisiblity(Helper.java:659)
	at POM.AppPreRequisiteUtility.AgencySetup_VerifySuccessfulDirectionToCCP(AppPreRequisiteUtility.java:1385)
	at TestCases.AgencyCreation.AgencySetup_VerifySuccessfulDirectionToCCP(AgencyCreation.java:383)
	at java.base/jdk.internal.reflect.DirectMethodHandleAccessor.invoke(DirectMethodHandleAccessor.java:104)
	at java.base/java.lang.reflect.Method.invoke(Method.java:577)
	at org.testng.internal.invokers.MethodInvocationHelper.invokeMethod(MethodInvocationHelper.java:135)
	at org.testng.internal.invokers.TestInvoker.invokeMethod(TestInvoker.java:673)
	at org.testng.internal.invokers.TestInvoker.invokeTestMethod(TestInvoker.java:220)
	at org.testng.internal.invokers.MethodRunner.runInSequence(MethodRunner.java:50)
	at org.testng.internal.invokers.TestInvoker$MethodInvocationAgent.invoke(TestInvoker.java:945)
	at org.testng.internal.invokers.TestInvoker.invokeTestMethods(TestInvoker.java:193)
	at org.testng.internal.invokers.TestMethodWorker.invokeTestMethods(TestMethodWorker.java:146)
	at org.testng.internal.invokers.TestMethodWorker.run(TestMethodWorker.java:128)
	at java.base/java.util.concurrent.ThreadPoolExecutor.runWorker(ThreadPoolExecutor.java:1136)
	at java.base/java.util.concurrent.ThreadPoolExecutor$Worker.run(ThreadPoolExecutor.java:635)
	at java.base/java.lang.Thread.run(Thread.java:833)
org.openqa.selenium.NoSuchElementException: no such element: Unable to locate element: {"method":"xpath","selector":"//button[text()='Cancel']"}
  (Session info: chrome=115.0.5790.170)
For documentation on this error, please visit: https://www.selenium.dev/documentation/webdriver/troubleshooting/errors#no-such-element-exception
Build info: version: '4.11.0', revision: '040bc5406b'
System info: os.name: 'Windows 11', os.arch: 'amd64', os.version: '10.0', java.version: '18.0.2.1'
Driver info: org.openqa.selenium.chrome.ChromeDriver
Command: [d64c4e8dfb07668baacf27adaf85147e, findElement {using=xpath, value=//button[text()='Cancel']}]
Capabilities {acceptInsecureCerts: false, browserName: chrome, browserVersion: 115.0.5790.170, chrome: {chromedriverVersion: 115.0.5790.170 (cc0d30c2ca5..., userDataDir: C:\Users\SQELAB~1\AppData\L...}, goog:chromeOptions: {debuggerAddress: localhost:51446}, networkConnectionEnabled: false, pageLoadStrategy: normal, platformName: windows, proxy: Proxy(), se:cdp: ws://localhost:51446/devtoo..., se:cdpVersion: 115.0.5790.170, setWindowRect: true, strictFileInteractability: false, timeouts: {implicit: 0, pageLoad: 300000, script: 30000}, unhandledPromptBehavior: dismiss and notify, webauthn:extension:credBlob: true, webauthn:extension:largeBlob: true, webauthn:extension:minPinLength: true, webauthn:extension:prf: true, webauthn:virtualAuthenticators: true}
Session ID: d64c4e8dfb07668baacf27adaf85147e
	at java.base/jdk.internal.reflect.DirectConstructorHandleAccessor.newInstance(DirectConstructorHandleAccessor.java:67)
	at java.base/java.lang.reflect.Constructor.newInstanceWithCaller(Constructor.java:499)
	at java.base/java.lang.reflect.Constructor.newInstance(Constructor.java:483)
	at org.openqa.selenium.remote.codec.w3c.W3CHttpResponseCodec.createException(W3CHttpResponseCodec.java:200)
	at org.openqa.selenium.remote.codec.w3c.W3CHttpResponseCodec.decode(W3CHttpResponseCodec.java:133)
	at org.openqa.selenium.remote.codec.w3c.W3CHttpResponseCodec.decode(W3CHttpResponseCodec.java:52)
	at org.openqa.selenium.remote.HttpCommandExecutor.execute(HttpCommandExecutor.java:191)
	at org.openqa.selenium.remote.service.DriverCommandExecutor.invokeExecute(DriverCommandExecutor.java:196)
	at org.openqa.selenium.remote.service.DriverCommandExecutor.execute(DriverCommandExecutor.java:171)
	at org.openqa.selenium.remote.RemoteWebDriver.execute(RemoteWebDriver.java:518)
	at org.openqa.selenium.remote.ElementLocation$ElementFinder$2.findElement(ElementLocation.java:165)
	at org.openqa.selenium.remote.ElementLocation.findElement(ElementLocation.java:59)
	at org.openqa.selenium.remote.RemoteWebDriver.findElement(RemoteWebDriver.java:355)
	at org.openqa.selenium.remote.RemoteWebDriver.findElement(RemoteWebDriver.java:349)
	at CommonMethods.Helper.scrollIntoView(Helper.java:467)
	at POM.AppPreRequisiteUtility.AgencySetup_VerifySuccessfulDirectionToCCP(AppPreRequisiteUtility.java:1386)
	at TestCases.AgencyCreation.AgencySetup_VerifySuccessfulDirectionToCCP(AgencyCreation.java:383)
	at java.base/jdk.internal.reflect.DirectMethodHandleAccessor.invoke(DirectMethodHandleAccessor.java:104)
	at java.base/java.lang.reflect.Method.invoke(Method.java:577)
	at org.testng.internal.invokers.MethodInvocationHelper.invokeMethod(MethodInvocationHelper.java:135)
	at org.testng.internal.invokers.TestInvoker.invokeMethod(TestInvoker.java:673)
	at org.testng.internal.invokers.TestInvoker.invokeTestMethod(TestInvoker.java:220)
	at org.testng.internal.invokers.MethodRunner.runInSequence(MethodRunner.java:50)
	at org.testng.internal.invokers.TestInvoker$MethodInvocationAgent.invoke(TestInvoker.java:945)
	at org.testng.internal.invokers.TestInvoker.invokeTestMethods(TestInvoker.java:193)
	at org.testng.internal.invokers.TestMethodWorker.invokeTestMethods(TestMethodWorker.java:146)
	at org.testng.internal.invokers.TestMethodWorker.run(TestMethodWorker.java:128)
	at java.base/java.util.concurrent.ThreadPoolExecutor.runWorker(ThreadPoolExecutor.java:1136)
	at java.base/java.util.concurrent.ThreadPoolExecutor$Worker.run(ThreadPoolExecutor.java:635)
	at java.base/java.lang.Thread.run(Thread.java:833)
org.openqa.selenium.TimeoutException: Expected condition failed: waiting for visibility of element located by By.xpath: (//div[@class='Select-menu-outer']//div[@role='option'])[1] (tried for 60 second(s) with 1000 milliseconds interval)
Build info: version: '4.11.0', revision: '040bc5406b'
System info: os.name: 'Windows 11', os.arch: 'amd64', os.version: '10.0', java.version: '18.0.2.1'
Driver info: driver.version: unknown
	at org.openqa.selenium.support.ui.FluentWait.timeoutException(FluentWait.java:262)
	at org.openqa.selenium.support.ui.FluentWait.until(FluentWait.java:230)
	at CommonMethods.Helper.waitUntilElementIsVisible(Helper.java:148)
	at POM.CDP_Utility.CDP_VerifyOverdueFinePayment(CDP_Utility.java:1073)
	at TestCases.CDP.CDP_VerifyOverdueFinePayment(CDP.java:204)
	at java.base/jdk.internal.reflect.DirectMethodHandleAccessor.invoke(DirectMethodHandleAccessor.java:104)
	at java.base/java.lang.reflect.Method.invoke(Method.java:577)
	at org.testng.internal.invokers.MethodInvocationHelper.invokeMethod(MethodInvocationHelper.java:135)
	at org.testng.internal.invokers.TestInvoker.invokeMethod(TestInvoker.java:673)
	at org.testng.internal.invokers.TestInvoker.invokeTestMethod(TestInvoker.java:220)
	at org.testng.internal.invokers.MethodRunner.runInSequence(MethodRunner.java:50)
	at org.testng.internal.invokers.TestInvoker$MethodInvocationAgent.invoke(TestInvoker.java:945)
	at org.testng.internal.invokers.TestInvoker.invokeTestMethods(TestInvoker.java:193)
	at org.testng.internal.invokers.TestMethodWorker.invokeTestMethods(TestMethodWorker.java:146)
	at org.testng.internal.invokers.TestMethodWorker.run(TestMethodWorker.java:128)
	at java.base/java.util.concurrent.ThreadPoolExecutor.runWorker(ThreadPoolExecutor.java:1136)
	at java.base/java.util.concurrent.ThreadPoolExecutor$Worker.run(ThreadPoolExecutor.java:635)
	at java.base/java.lang.Thread.run(Thread.java:833)
org.openqa.selenium.TimeoutException: Expected condition failed: waiting for visibility of element located by By.xpath: //button[text()='Approve Notice'] (tried for 60 second(s) with 1000 milliseconds interval)
Build info: version: '4.11.0', revision: '040bc5406b'
System info: os.name: 'Windows 11', os.arch: 'amd64', os.version: '10.0', java.version: '18.0.2.1'
Driver info: driver.version: unknown
	at org.openqa.selenium.support.ui.FluentWait.timeoutException(FluentWait.java:262)
	at org.openqa.selenium.support.ui.FluentWait.until(FluentWait.java:230)
	at CommonMethods.Helper.waitUntilElementIsVisible(Helper.java:148)
	at CommonMethods.CECommonMethods.rejectORNotApprovedEsclatedNoticeCDP(CECommonMethods.java:938)
	at POM.CLPUtility.VerifyEsclatedColStatusNotApproved(CLPUtility.java:1107)
	at TestCases.EscalatedNoticesCLP.VerifyEsclatedColStatusNotApproved(EscalatedNoticesCLP.java:65)
	at java.base/jdk.internal.reflect.DirectMethodHandleAccessor.invoke(DirectMethodHandleAccessor.java:104)
	at java.base/java.lang.reflect.Method.invoke(Method.java:577)
	at org.testng.internal.invokers.MethodInvocationHelper.invokeMethod(MethodInvocationHelper.java:135)
	at org.testng.internal.invokers.TestInvoker.invokeMethod(TestInvoker.java:673)
	at org.testng.internal.invokers.TestInvoker.invokeTestMethod(TestInvoker.java:220)
	at org.testng.internal.invokers.MethodRunner.runInSequence(MethodRunner.java:50)
	at org.testng.internal.invokers.TestInvoker$MethodInvocationAgent.invoke(TestInvoker.java:945)
	at org.testng.internal.invokers.TestInvoker.invokeTestMethods(TestInvoker.java:193)
	at org.testng.internal.invokers.TestMethodWorker.invokeTestMethods(TestMethodWorker.java:146)
	at org.testng.internal.invokers.TestMethodWorker.run(TestMethodWorker.java:128)
	at java.base/java.util.concurrent.ThreadPoolExecutor.runWorker(ThreadPoolExecutor.java:1136)
	at java.base/java.util.concurrent.ThreadPoolExecutor$Worker.run(ThreadPoolExecutor.java:635)
	at java.base/java.lang.Thread.run(Thread.java:833)
org.openqa.selenium.NoSuchElementException: no such element: Unable to locate element: {"method":"xpath","selector":"//button[text()='Approve Notice']"}
  (Session info: chrome=115.0.5790.170)
For documentation on this error, please visit: https://www.selenium.dev/documentation/webdriver/troubleshooting/errors#no-such-element-exception
Build info: version: '4.11.0', revision: '040bc5406b'
System info: os.name: 'Windows 11', os.arch: 'amd64', os.version: '10.0', java.version: '18.0.2.1'
Driver info: org.openqa.selenium.chrome.ChromeDriver
Command: [cc25a4e3a88027035c1e9d4297d76c17, findElement {using=xpath, value=//button[text()='Approve Notice']}]
Capabilities {acceptInsecureCerts: false, browserName: chrome, browserVersion: 115.0.5790.170, chrome: {chromedriverVersion: 115.0.5790.170 (cc0d30c2ca5..., userDataDir: C:\Users\SQELAB~1\AppData\L...}, goog:chromeOptions: {debuggerAddress: localhost:64093}, networkConnectionEnabled: false, pageLoadStrategy: normal, platformName: windows, proxy: Proxy(), se:cdp: ws://localhost:64093/devtoo..., se:cdpVersion: 115.0.5790.170, setWindowRect: true, strictFileInteractability: false, timeouts: {implicit: 0, pageLoad: 300000, script: 30000}, unhandledPromptBehavior: dismiss and notify, webauthn:extension:credBlob: true, webauthn:extension:largeBlob: true, webauthn:extension:minPinLength: true, webauthn:extension:prf: true, webauthn:virtualAuthenticators: true}
Session ID: cc25a4e3a88027035c1e9d4297d76c17
	at java.base/jdk.internal.reflect.DirectConstructorHandleAccessor.newInstance(DirectConstructorHandleAccessor.java:67)
	at java.base/java.lang.reflect.Constructor.newInstanceWithCaller(Constructor.java:499)
	at java.base/java.lang.reflect.Constructor.newInstance(Constructor.java:483)
	at org.openqa.selenium.remote.codec.w3c.W3CHttpResponseCodec.createException(W3CHttpResponseCodec.java:200)
	at org.openqa.selenium.remote.codec.w3c.W3CHttpResponseCodec.decode(W3CHttpResponseCodec.java:133)
	at org.openqa.selenium.remote.codec.w3c.W3CHttpResponseCodec.decode(W3CHttpResponseCodec.java:52)
	at org.openqa.selenium.remote.HttpCommandExecutor.execute(HttpCommandExecutor.java:191)
	at org.openqa.selenium.remote.service.DriverCommandExecutor.invokeExecute(DriverCommandExecutor.java:196)
	at org.openqa.selenium.remote.service.DriverCommandExecutor.execute(DriverCommandExecutor.java:171)
	at org.openqa.selenium.remote.RemoteWebDriver.execute(RemoteWebDriver.java:518)
	at org.openqa.selenium.remote.ElementLocation$ElementFinder$2.findElement(ElementLocation.java:165)
	at org.openqa.selenium.remote.ElementLocation.findElement(ElementLocation.java:59)
	at org.openqa.selenium.remote.RemoteWebDriver.findElement(RemoteWebDriver.java:355)
	at org.openqa.selenium.remote.RemoteWebDriver.findElement(RemoteWebDriver.java:349)
	at CommonMethods.Helper.scrollIntoView(Helper.java:467)
	at CommonMethods.CECommonMethods.rejectORNotApprovedEsclatedNoticeCDP(CECommonMethods.java:940)
	at POM.CLPUtility.VerifyEsclatedColStatusNotApproved(CLPUtility.java:1107)
	at TestCases.EscalatedNoticesCLP.VerifyEsclatedColStatusNotApproved(EscalatedNoticesCLP.java:65)
	at java.base/jdk.internal.reflect.DirectMethodHandleAccessor.invoke(DirectMethodHandleAccessor.java:104)
	at java.base/java.lang.reflect.Method.invoke(Method.java:577)
	at org.testng.internal.invokers.MethodInvocationHelper.invokeMethod(MethodInvocationHelper.java:135)
	at org.testng.internal.invokers.TestInvoker.invokeMethod(TestInvoker.java:673)
	at org.testng.internal.invokers.TestInvoker.invokeTestMethod(TestInvoker.java:220)
	at org.testng.internal.invokers.MethodRunner.runInSequence(MethodRunner.java:50)
	at org.testng.internal.invokers.TestInvoker$MethodInvocationAgent.invoke(TestInvoker.java:945)
	at org.testng.internal.invokers.TestInvoker.invokeTestMethods(TestInvoker.java:193)
	at org.testng.internal.invokers.TestMethodWorker.invokeTestMethods(TestMethodWorker.java:146)
	at org.testng.internal.invokers.TestMethodWorker.run(TestMethodWorker.java:128)
	at java.base/java.util.concurrent.ThreadPoolExecutor.runWorker(ThreadPoolExecutor.java:1136)
	at java.base/java.util.concurrent.ThreadPoolExecutor$Worker.run(ThreadPoolExecutor.java:635)
	at java.base/java.lang.Thread.run(Thread.java:833)
org.openqa.selenium.NoSuchElementException: no such element: Unable to locate element: {"method":"xpath","selector":"//a[text()='Clear all filters']"}
  (Session info: chrome=115.0.5790.170)
For documentation on this error, please visit: https://www.selenium.dev/documentation/webdriver/troubleshooting/errors#no-such-element-exception
Build info: version: '4.11.0', revision: '040bc5406b'
System info: os.name: 'Windows 11', os.arch: 'amd64', os.version: '10.0', java.version: '18.0.2.1'
Driver info: org.openqa.selenium.chrome.ChromeDriver
Command: [cc25a4e3a88027035c1e9d4297d76c17, findElement {using=xpath, value=//a[text()='Clear all filters']}]
Capabilities {acceptInsecureCerts: false, browserName: chrome, browserVersion: 115.0.5790.170, chrome: {chromedriverVersion: 115.0.5790.170 (cc0d30c2ca5..., userDataDir: C:\Users\SQELAB~1\AppData\L...}, goog:chromeOptions: {debuggerAddress: localhost:64093}, networkConnectionEnabled: false, pageLoadStrategy: normal, platformName: windows, proxy: Proxy(), se:cdp: ws://localhost:64093/devtoo..., se:cdpVersion: 115.0.5790.170, setWindowRect: true, strictFileInteractability: false, timeouts: {implicit: 0, pageLoad: 300000, script: 30000}, unhandledPromptBehavior: dismiss and notify, webauthn:extension:credBlob: true, webauthn:extension:largeBlob: true, webauthn:extension:minPinLength: true, webauthn:extension:prf: true, webauthn:virtualAuthenticators: true}
Session ID: cc25a4e3a88027035c1e9d4297d76c17
	at java.base/jdk.internal.reflect.DirectConstructorHandleAccessor.newInstance(DirectConstructorHandleAccessor.java:67)
	at java.base/java.lang.reflect.Constructor.newInstanceWithCaller(Constructor.java:499)
	at java.base/java.lang.reflect.Constructor.newInstance(Constructor.java:483)
	at org.openqa.selenium.remote.codec.w3c.W3CHttpResponseCodec.createException(W3CHttpResponseCodec.java:200)
	at org.openqa.selenium.remote.codec.w3c.W3CHttpResponseCodec.decode(W3CHttpResponseCodec.java:133)
	at org.openqa.selenium.remote.codec.w3c.W3CHttpResponseCodec.decode(W3CHttpResponseCodec.java:52)
	at org.openqa.selenium.remote.HttpCommandExecutor.execute(HttpCommandExecutor.java:191)
	at org.openqa.selenium.remote.service.DriverCommandExecutor.invokeExecute(DriverCommandExecutor.java:196)
	at org.openqa.selenium.remote.service.DriverCommandExecutor.execute(DriverCommandExecutor.java:171)
	at org.openqa.selenium.remote.RemoteWebDriver.execute(RemoteWebDriver.java:518)
	at org.openqa.selenium.remote.ElementLocation$ElementFinder$2.findElement(ElementLocation.java:165)
	at org.openqa.selenium.remote.ElementLocation.findElement(ElementLocation.java:59)
	at org.openqa.selenium.remote.RemoteWebDriver.findElement(RemoteWebDriver.java:355)
	at org.openqa.selenium.remote.RemoteWebDriver.findElement(RemoteWebDriver.java:349)
	at CommonMethods.Helper.scrollIntoView(Helper.java:467)
	at POM.CLPUtility.VerifyEsclatedColStatusSecondaryFilter(CLPUtility.java:1131)
	at TestCases.EscalatedNoticesCLP.VerifyEsclatedColStatusSecondaryFilter(EscalatedNoticesCLP.java:72)
	at java.base/jdk.internal.reflect.DirectMethodHandleAccessor.invoke(DirectMethodHandleAccessor.java:104)
	at java.base/java.lang.reflect.Method.invoke(Method.java:577)
	at org.testng.internal.invokers.MethodInvocationHelper.invokeMethod(MethodInvocationHelper.java:135)
	at org.testng.internal.invokers.TestInvoker.invokeMethod(TestInvoker.java:673)
	at org.testng.internal.invokers.TestInvoker.invokeTestMethod(TestInvoker.java:220)
	at org.testng.internal.invokers.MethodRunner.runInSequence(MethodRunner.java:50)
	at org.testng.internal.invokers.TestInvoker$MethodInvocationAgent.invoke(TestInvoker.java:945)
	at org.testng.internal.invokers.TestInvoker.invokeTestMethods(TestInvoker.java:193)
	at org.testng.internal.invokers.TestMethodWorker.invokeTestMethods(TestMethodWorker.java:146)
	at org.testng.internal.invokers.TestMethodWorker.run(TestMethodWorker.java:128)
	at java.base/java.util.concurrent.ThreadPoolExecutor.runWorker(ThreadPoolExecutor.java:1136)
	at java.base/java.util.concurrent.ThreadPoolExecutor$Worker.run(ThreadPoolExecutor.java:635)
	at java.base/java.lang.Thread.run(Thread.java:833)
org.openqa.selenium.TimeoutException: Expected condition failed: waiting for element to be clickable: By.xpath: //button[text()='Cancel'] (tried for 60 second(s) with 1000 milliseconds interval)
Build info: version: '4.11.0', revision: '040bc5406b'
System info: os.name: 'Windows 11', os.arch: 'amd64', os.version: '10.0', java.version: '18.0.2.1'
Driver info: driver.version: unknown
	at org.openqa.selenium.support.ui.FluentWait.timeoutException(FluentWait.java:262)
	at org.openqa.selenium.support.ui.FluentWait.until(FluentWait.java:230)
	at CommonMethods.Helper.waitForElementIsInteractable(Helper.java:199)
	at POM.AppPreRequisiteUtility.AgencySetup_VerifySuccessfulDirectionToCCP(AppPreRequisiteUtility.java:1387)
	at TestCases.AgencyCreation.AgencySetup_VerifySuccessfulDirectionToCCP(AgencyCreation.java:383)
	at java.base/jdk.internal.reflect.DirectMethodHandleAccessor.invoke(DirectMethodHandleAccessor.java:104)
	at java.base/java.lang.reflect.Method.invoke(Method.java:577)
	at org.testng.internal.invokers.MethodInvocationHelper.invokeMethod(MethodInvocationHelper.java:135)
	at org.testng.internal.invokers.TestInvoker.invokeMethod(TestInvoker.java:673)
	at org.testng.internal.invokers.TestInvoker.invokeTestMethod(TestInvoker.java:220)
	at org.testng.internal.invokers.MethodRunner.runInSequence(MethodRunner.java:50)
	at org.testng.internal.invokers.TestInvoker$MethodInvocationAgent.invoke(TestInvoker.java:945)
	at org.testng.internal.invokers.TestInvoker.invokeTestMethods(TestInvoker.java:193)
	at org.testng.internal.invokers.TestMethodWorker.invokeTestMethods(TestMethodWorker.java:146)
	at org.testng.internal.invokers.TestMethodWorker.run(TestMethodWorker.java:128)
	at java.base/java.util.concurrent.ThreadPoolExecutor.runWorker(ThreadPoolExecutor.java:1136)
	at java.base/java.util.concurrent.ThreadPoolExecutor$Worker.run(ThreadPoolExecutor.java:635)
	at java.base/java.lang.Thread.run(Thread.java:833)
org.openqa.selenium.TimeoutException: Expected condition failed: waiting for visibility of element located by By.xpath: //div/h2[text()='Verify Violations']/following-sibling::label (tried for 60 second(s) with 1000 milliseconds interval)
Build info: version: '4.11.0', revision: '040bc5406b'
System info: os.name: 'Windows 11', os.arch: 'amd64', os.version: '10.0', java.version: '18.0.2.1'
Driver info: driver.version: unknown
	at org.openqa.selenium.support.ui.FluentWait.timeoutException(FluentWait.java:262)
	at org.openqa.selenium.support.ui.FluentWait.until(FluentWait.java:230)
	at CommonMethods.Helper.waitUntilElementIsVisible(Helper.java:148)
	at POM.PerformInspectionUtility.PerformInspection_VerifySection1Label(PerformInspectionUtility.java:761)
	at TestCases.PerformInspection.PerformInspection_VerifySection1Label(PerformInspection.java:161)
	at java.base/jdk.internal.reflect.DirectMethodHandleAccessor.invoke(DirectMethodHandleAccessor.java:104)
	at java.base/java.lang.reflect.Method.invoke(Method.java:577)
	at org.testng.internal.invokers.MethodInvocationHelper.invokeMethod(MethodInvocationHelper.java:135)
	at org.testng.internal.invokers.TestInvoker.invokeMethod(TestInvoker.java:673)
	at org.testng.internal.invokers.TestInvoker.invokeTestMethod(TestInvoker.java:220)
	at org.testng.internal.invokers.MethodRunner.runInSequence(MethodRunner.java:50)
	at org.testng.internal.invokers.TestInvoker$MethodInvocationAgent.invoke(TestInvoker.java:945)
	at org.testng.internal.invokers.TestInvoker.invokeTestMethods(TestInvoker.java:193)
	at org.testng.internal.invokers.TestMethodWorker.invokeTestMethods(TestMethodWorker.java:146)
	at org.testng.internal.invokers.TestMethodWorker.run(TestMethodWorker.java:128)
	at java.base/java.util.concurrent.ThreadPoolExecutor.runWorker(ThreadPoolExecutor.java:1136)
	at java.base/java.util.concurrent.ThreadPoolExecutor$Worker.run(ThreadPoolExecutor.java:635)
	at java.base/java.lang.Thread.run(Thread.java:833)
org.openqa.selenium.TimeoutException: Expected condition failed: waiting for visibility of element located by By.xpath: //a[text()='null'] (tried for 60 second(s) with 1000 milliseconds interval)
Build info: version: '4.11.0', revision: '040bc5406b'
System info: os.name: 'Windows 11', os.arch: 'amd64', os.version: '10.0', java.version: '18.0.2.1'
Driver info: driver.version: unknown
	at org.openqa.selenium.support.ui.FluentWait.timeoutException(FluentWait.java:262)
	at org.openqa.selenium.support.ui.FluentWait.until(FluentWait.java:230)
	at CommonMethods.Helper.waitUntilElementIsVisible(Helper.java:148)
	at POM.CDP_Utility.CDP_VerifyUserAbletoMakeFineAsVoid(CDP_Utility.java:1119)
	at TestCases.CDP.CDP_VerifyUserAbletoMakeFineAsVoid(CDP.java:211)
	at java.base/jdk.internal.reflect.DirectMethodHandleAccessor.invoke(DirectMethodHandleAccessor.java:104)
	at java.base/java.lang.reflect.Method.invoke(Method.java:577)
	at org.testng.internal.invokers.MethodInvocationHelper.invokeMethod(MethodInvocationHelper.java:135)
	at org.testng.internal.invokers.TestInvoker.invokeMethod(TestInvoker.java:673)
	at org.testng.internal.invokers.TestInvoker.invokeTestMethod(TestInvoker.java:220)
	at org.testng.internal.invokers.MethodRunner.runInSequence(MethodRunner.java:50)
	at org.testng.internal.invokers.TestInvoker$MethodInvocationAgent.invoke(TestInvoker.java:945)
	at org.testng.internal.invokers.TestInvoker.invokeTestMethods(TestInvoker.java:193)
	at org.testng.internal.invokers.TestMethodWorker.invokeTestMethods(TestMethodWorker.java:146)
	at org.testng.internal.invokers.TestMethodWorker.run(TestMethodWorker.java:128)
	at java.base/java.util.concurrent.ThreadPoolExecutor.runWorker(ThreadPoolExecutor.java:1136)
	at java.base/java.util.concurrent.ThreadPoolExecutor$Worker.run(ThreadPoolExecutor.java:635)
	at java.base/java.lang.Thread.run(Thread.java:833)
org.openqa.selenium.NoSuchElementException: no such element: Unable to locate element: {"method":"xpath","selector":"//div/h2[text()='Verify Violations']/following-sibling::label"}
  (Session info: chrome=115.0.5790.170)
For documentation on this error, please visit: https://www.selenium.dev/documentation/webdriver/troubleshooting/errors#no-such-element-exception
Build info: version: '4.11.0', revision: '040bc5406b'
System info: os.name: 'Windows 11', os.arch: 'amd64', os.version: '10.0', java.version: '18.0.2.1'
Driver info: org.openqa.selenium.chrome.ChromeDriver
Command: [111408be0ccb80cf16b2c4ac8874894e, findElement {using=xpath, value=//div/h2[text()='Verify Violations']/following-sibling::label}]
Capabilities {acceptInsecureCerts: false, browserName: chrome, browserVersion: 115.0.5790.170, chrome: {chromedriverVersion: 115.0.5790.170 (cc0d30c2ca5..., userDataDir: C:\Users\SQELAB~1\AppData\L...}, goog:chromeOptions: {debuggerAddress: localhost:55486}, networkConnectionEnabled: false, pageLoadStrategy: normal, platformName: windows, proxy: Proxy(), se:cdp: ws://localhost:55486/devtoo..., se:cdpVersion: 115.0.5790.170, setWindowRect: true, strictFileInteractability: false, timeouts: {implicit: 0, pageLoad: 300000, script: 30000}, unhandledPromptBehavior: dismiss and notify, webauthn:extension:credBlob: true, webauthn:extension:largeBlob: true, webauthn:extension:minPinLength: true, webauthn:extension:prf: true, webauthn:virtualAuthenticators: true}
Session ID: 111408be0ccb80cf16b2c4ac8874894e
	at java.base/jdk.internal.reflect.DirectConstructorHandleAccessor.newInstance(DirectConstructorHandleAccessor.java:67)
	at java.base/java.lang.reflect.Constructor.newInstanceWithCaller(Constructor.java:499)
	at java.base/java.lang.reflect.Constructor.newInstance(Constructor.java:483)
	at org.openqa.selenium.remote.codec.w3c.W3CHttpResponseCodec.createException(W3CHttpResponseCodec.java:200)
	at org.openqa.selenium.remote.codec.w3c.W3CHttpResponseCodec.decode(W3CHttpResponseCodec.java:133)
	at org.openqa.selenium.remote.codec.w3c.W3CHttpResponseCodec.decode(W3CHttpResponseCodec.java:52)
	at org.openqa.selenium.remote.HttpCommandExecutor.execute(HttpCommandExecutor.java:191)
	at org.openqa.selenium.remote.service.DriverCommandExecutor.invokeExecute(DriverCommandExecutor.java:196)
	at org.openqa.selenium.remote.service.DriverCommandExecutor.execute(DriverCommandExecutor.java:171)
	at org.openqa.selenium.remote.RemoteWebDriver.execute(RemoteWebDriver.java:518)
	at org.openqa.selenium.remote.ElementLocation$ElementFinder$2.findElement(ElementLocation.java:165)
	at org.openqa.selenium.remote.ElementLocation.findElement(ElementLocation.java:59)
	at org.openqa.selenium.remote.RemoteWebDriver.findElement(RemoteWebDriver.java:355)
	at org.openqa.selenium.remote.RemoteWebDriver.findElement(RemoteWebDriver.java:349)
	at org.openqa.selenium.support.ui.ExpectedConditions$6.apply(ExpectedConditions.java:171)
	at org.openqa.selenium.support.ui.ExpectedConditions$6.apply(ExpectedConditions.java:168)
	at org.openqa.selenium.support.ui.FluentWait.until(FluentWait.java:205)
	at CommonMethods.Helper.waitUntilElementPresent(Helper.java:103)
	at POM.PerformInspectionUtility.PerformInspection_VerifySection1Label(PerformInspectionUtility.java:762)
	at TestCases.PerformInspection.PerformInspection_VerifySection1Label(PerformInspection.java:161)
	at java.base/jdk.internal.reflect.DirectMethodHandleAccessor.invoke(DirectMethodHandleAccessor.java:104)
	at java.base/java.lang.reflect.Method.invoke(Method.java:577)
	at org.testng.internal.invokers.MethodInvocationHelper.invokeMethod(MethodInvocationHelper.java:135)
	at org.testng.internal.invokers.TestInvoker.invokeMethod(TestInvoker.java:673)
	at org.testng.internal.invokers.TestInvoker.invokeTestMethod(TestInvoker.java:220)
	at org.testng.internal.invokers.MethodRunner.runInSequence(MethodRunner.java:50)
	at org.testng.internal.invokers.TestInvoker$MethodInvocationAgent.invoke(TestInvoker.java:945)
	at org.testng.internal.invokers.TestInvoker.invokeTestMethods(TestInvoker.java:193)
	at org.testng.internal.invokers.TestMethodWorker.invokeTestMethods(TestMethodWorker.java:146)
	at org.testng.internal.invokers.TestMethodWorker.run(TestMethodWorker.java:128)
	at java.base/java.util.concurrent.ThreadPoolExecutor.runWorker(ThreadPoolExecutor.java:1136)
	at java.base/java.util.concurrent.ThreadPoolExecutor$Worker.run(ThreadPoolExecutor.java:635)
	at java.base/java.lang.Thread.run(Thread.java:833)
org.openqa.selenium.TimeoutException: Expected condition failed: waiting for visibility of element located by By.xpath: //label[@for='escalatedNoticeStatus'] (tried for 60 second(s) with 1000 milliseconds interval)
Build info: version: '4.11.0', revision: '040bc5406b'
System info: os.name: 'Windows 11', os.arch: 'amd64', os.version: '10.0', java.version: '18.0.2.1'
Driver info: driver.version: unknown
	at org.openqa.selenium.support.ui.FluentWait.timeoutException(FluentWait.java:262)
	at org.openqa.selenium.support.ui.FluentWait.until(FluentWait.java:230)
	at CommonMethods.Helper.waitUntilElementIsVisible(Helper.java:148)
	at CommonMethods.CECommonMethods.escaltedNoticeFilterApply(CECommonMethods.java:957)
	at POM.CLPUtility.VerifyEsclatedColStatusPendingApprovalFilter(CLPUtility.java:1153)
	at TestCases.EscalatedNoticesCLP.VerifyEsclatedColStatusPendingApprovalFilter(EscalatedNoticesCLP.java:80)
	at java.base/jdk.internal.reflect.DirectMethodHandleAccessor.invoke(DirectMethodHandleAccessor.java:104)
	at java.base/java.lang.reflect.Method.invoke(Method.java:577)
	at org.testng.internal.invokers.MethodInvocationHelper.invokeMethod(MethodInvocationHelper.java:135)
	at org.testng.internal.invokers.TestInvoker.invokeMethod(TestInvoker.java:673)
	at org.testng.internal.invokers.TestInvoker.invokeTestMethod(TestInvoker.java:220)
	at org.testng.internal.invokers.MethodRunner.runInSequence(MethodRunner.java:50)
	at org.testng.internal.invokers.TestInvoker$MethodInvocationAgent.invoke(TestInvoker.java:945)
	at org.testng.internal.invokers.TestInvoker.invokeTestMethods(TestInvoker.java:193)
	at org.testng.internal.invokers.TestMethodWorker.invokeTestMethods(TestMethodWorker.java:146)
	at org.testng.internal.invokers.TestMethodWorker.run(TestMethodWorker.java:128)
	at java.base/java.util.concurrent.ThreadPoolExecutor.runWorker(ThreadPoolExecutor.java:1136)
	at java.base/java.util.concurrent.ThreadPoolExecutor$Worker.run(ThreadPoolExecutor.java:635)
	at java.base/java.lang.Thread.run(Thread.java:833)
org.openqa.selenium.TimeoutException: Expected condition failed: waiting for element to be clickable: By.xpath: //div[@class='location-tile__inputs-container']//input (tried for 60 second(s) with 1000 milliseconds interval)
Build info: version: '4.11.0', revision: '040bc5406b'
System info: os.name: 'Windows 11', os.arch: 'amd64', os.version: '10.0', java.version: '18.0.2.1'
Driver info: driver.version: unknown
	at org.openqa.selenium.support.ui.FluentWait.timeoutException(FluentWait.java:262)
	at org.openqa.selenium.support.ui.FluentWait.until(FluentWait.java:230)
	at CommonMethods.Helper.waitForElementIsInteractable(Helper.java:199)
	at CommonMethods.CRMCommonMethods.serachLocationCCP(CRMCommonMethods.java:761)
	at CommonMethods.CRMCommonMethods.addLocation(CRMCommonMethods.java:779)
	at POM.AppPreRequisiteUtility.AgencySetup_VerifyCaseCreationWithEntityViolation(AppPreRequisiteUtility.java:1445)
	at TestCases.AgencyCreation.AgencySetup_VerifyCaseCreationWithEntityViolation(AgencyCreation.java:403)
	at java.base/jdk.internal.reflect.DirectMethodHandleAccessor.invoke(DirectMethodHandleAccessor.java:104)
	at java.base/java.lang.reflect.Method.invoke(Method.java:577)
	at org.testng.internal.invokers.MethodInvocationHelper.invokeMethod(MethodInvocationHelper.java:135)
	at org.testng.internal.invokers.TestInvoker.invokeMethod(TestInvoker.java:673)
	at org.testng.internal.invokers.TestInvoker.invokeTestMethod(TestInvoker.java:220)
	at org.testng.internal.invokers.MethodRunner.runInSequence(MethodRunner.java:50)
	at org.testng.internal.invokers.TestInvoker$MethodInvocationAgent.invoke(TestInvoker.java:945)
	at org.testng.internal.invokers.TestInvoker.invokeTestMethods(TestInvoker.java:193)
	at org.testng.internal.invokers.TestMethodWorker.invokeTestMethods(TestMethodWorker.java:146)
	at org.testng.internal.invokers.TestMethodWorker.run(TestMethodWorker.java:128)
	at java.base/java.util.concurrent.ThreadPoolExecutor.runWorker(ThreadPoolExecutor.java:1136)
	at java.base/java.util.concurrent.ThreadPoolExecutor$Worker.run(ThreadPoolExecutor.java:635)
	at java.base/java.lang.Thread.run(Thread.java:833)
org.openqa.selenium.TimeoutException: Expected condition failed: waiting for element to be clickable: By.xpath: //a[text()='null'] (tried for 60 second(s) with 1000 milliseconds interval)
Build info: version: '4.11.0', revision: '040bc5406b'
System info: os.name: 'Windows 11', os.arch: 'amd64', os.version: '10.0', java.version: '18.0.2.1'
Driver info: driver.version: unknown
	at org.openqa.selenium.support.ui.FluentWait.timeoutException(FluentWait.java:262)
	at org.openqa.selenium.support.ui.FluentWait.until(FluentWait.java:230)
	at CommonMethods.Helper.waitForElementIsInteractable(Helper.java:199)
	at POM.CDP_Utility.CDP_VerifyUserAbletoMakeFineAsVoid(CDP_Utility.java:1120)
	at TestCases.CDP.CDP_VerifyUserAbletoMakeFineAsVoid(CDP.java:211)
	at java.base/jdk.internal.reflect.DirectMethodHandleAccessor.invoke(DirectMethodHandleAccessor.java:104)
	at java.base/java.lang.reflect.Method.invoke(Method.java:577)
	at org.testng.internal.invokers.MethodInvocationHelper.invokeMethod(MethodInvocationHelper.java:135)
	at org.testng.internal.invokers.TestInvoker.invokeMethod(TestInvoker.java:673)
	at org.testng.internal.invokers.TestInvoker.invokeTestMethod(TestInvoker.java:220)
	at org.testng.internal.invokers.MethodRunner.runInSequence(MethodRunner.java:50)
	at org.testng.internal.invokers.TestInvoker$MethodInvocationAgent.invoke(TestInvoker.java:945)
	at org.testng.internal.invokers.TestInvoker.invokeTestMethods(TestInvoker.java:193)
	at org.testng.internal.invokers.TestMethodWorker.invokeTestMethods(TestMethodWorker.java:146)
	at org.testng.internal.invokers.TestMethodWorker.run(TestMethodWorker.java:128)
	at java.base/java.util.concurrent.ThreadPoolExecutor.runWorker(ThreadPoolExecutor.java:1136)
	at java.base/java.util.concurrent.ThreadPoolExecutor$Worker.run(ThreadPoolExecutor.java:635)
	at java.base/java.lang.Thread.run(Thread.java:833)
]]></system-err>
  </testcase>
  <testcase name="LoginTest" classname="TestCases.CaseAssignment" time="7.385">
    <system-out><![CDATA[2024-07-26 00:11:59,580 [info]: Scroll Into View By.xpath: //button[text()='Generate Notice']
2024-07-26 00:12:00,012 [info]: Scroll Into View By.xpath: //div[@class='table__pagination-nav-btns']//button[@class='square-btn btn btn-default'][2]
2024-07-26 00:12:01,001 [info]: Scroll Into View By.xpath: //div[@class='table__pagination-nav-btns']//button[@class='square-btn btn btn-default'][2]
2024-07-26 00:12:01,095 [info]: GetText fromBy.xpath: //div[@class='agency-setup-tab__section__header']/h2
2024-07-26 00:12:02,179 [info]: Click By JS By.xpath: //div[@class='table__pagination-nav-btns']//button[@class='square-btn btn btn-default'][2]
2024-07-26 00:12:04,921 [info]: Click By JS By.xpath: //button[text()='Create HTML Notice']
2024-07-26 00:12:06,405 [info]: Clicked on By.xpath: //button[text()='Generate Notice']
2024-07-26 00:12:06,689 [info]: Click By JS By.xpath: //button[text()='FA Document']
hello true 1
Current IST time: 2024-07-26 00:12:07
2024-07-26 00:12:07,605 [info]: Timestamp 2024-07-26 00:12:07
2024-07-26 00:12:07,707 [info]: GetText fromBy.xpath: //div[@class='app-header__user-name']/label
Test Passed: LoginTest
]]></system-out>
  </testcase>
  <testcase name="CaseAssignment_OpenEditAssignmentPopup" classname="TestCases.CaseAssignment" time="16.804">
    <system-out><![CDATA[2024-07-26 00:12:07,804 [info]: Sendkeys on By.xpath: //input[@name='label'] with value HTML FA Document
2024-07-26 00:12:07,884 [info]: Scroll Into View By.xpath: (//button[text()='Continue'])[1]
2024-07-26 00:12:08,605 [info]: Scroll Into View By.xpath: //div[@class='app-header__menu__icon']
2024-07-26 00:12:08,644 [info]: Click By JS By.xpath: (//button[text()='Continue'])[1]
2024-07-26 00:12:08,644 [info]: Click By JS By.xpath: //div[@class='app-header__menu__icon']
2024-07-26 00:12:08,777 [info]: Sendkeys on By.id: idp-discovery-username with value MarkShane123@yopmail.com
2024-07-26 00:12:08,898 [info]: Sendkeys on By.id: idp-discovery-username with value MarkShane123@yopmail.com
2024-07-26 00:12:09,305 [info]: Sendkeys on By.id: idp-discovery-username with value MarkShane123@yopmail.com
2024-07-26 00:12:09,506 [info]: Sendkeys on By.id: idp-discovery-username with value MarkShane123@yopmail.com
2024-07-26 00:12:09,543 [info]: Clicked on By.id: idp-discovery-submit
2024-07-26 00:12:09,826 [info]: Clicked on By.id: idp-discovery-submit
2024-07-26 00:12:09,923 [info]: Clicked on By.id: idp-discovery-submit
2024-07-26 00:12:10,100 [info]: Clicked on By.id: idp-discovery-submit
2024-07-26 00:12:11,123 [info]: Scroll Into View By.xpath: //div[@class='table__pagination-nav-btns']//button[@class='square-btn btn btn-default'][2]
2024-07-26 00:12:12,033 [info]: Scroll Into View By.xpath: //div[@class='table__pagination-nav-btns']//button[@class='square-btn btn btn-default'][2]
2024-07-26 00:12:12,963 [info]: Sendkeys on By.id: tinymce with value {{photos}}{{photos_without_uploaded_by}}{{open_violations_list}}{{open_violations_comma_separated}}{{fines_table}}
2024-07-26 00:12:12,981 [info]: Sendkeys on By.id: okta-signin-password with value Hello@1234
2024-07-26 00:12:12,983 [info]: Sendkeys on By.id: idp-discovery-username with value SupervisorManagerStage@yopmail.com
2024-07-26 00:12:13,021 [info]: Scroll Into View By.xpath: //a[@class='tools-dropdown__tool-img tools-dropdown__tool-img--setup']
2024-07-26 00:12:13,152 [info]: Click By JS By.xpath: //a[@class='tools-dropdown__tool-img tools-dropdown__tool-img--setup']
2024-07-26 00:12:13,171 [info]: Click By JS By.xpath: //button[text()='Create Notice']
2024-07-26 00:12:13,316 [info]: Clicked on By.id: okta-signin-submit
2024-07-26 00:12:13,571 [info]: Sendkeys on By.id: okta-signin-password with value Hello@1234
2024-07-26 00:12:13,779 [info]: Clicked on By.id: idp-discovery-submit
2024-07-26 00:12:13,781 [info]: Clicked on By.xpath: (//button[contains(text(),'HTML')])[1]
2024-07-26 00:12:13,822 [info]: Click By JS By.xpath: //div[@class='table__pagination-nav-btns']//button[@class='square-btn btn btn-default'][2]
2024-07-26 00:12:14,135 [info]: Clicked on By.id: okta-signin-submit
2024-07-26 00:12:14,161 [info]: Sendkeys on By.id: okta-signin-password with value Hello@1234
2024-07-26 00:12:14,204 [info]: Scroll Into View By.xpath: (//button[text()='Continue'])[2]
2024-07-26 00:12:14,377 [info]: Click By JS By.xpath: (//button[text()='Continue'])[2]
2024-07-26 00:12:14,497 [info]: Clicked on By.id: okta-signin-submit
2024-07-26 00:12:14,541 [info]: Sendkeys on By.id: okta-signin-password with value Hello@1234
2024-07-26 00:12:14,767 [info]: Sendkeys on By.id: idp-discovery-username with value SupervisorManagerStage@yopmail.com
2024-07-26 00:12:15,073 [info]: Clicked on By.id: okta-signin-submit
2024-07-26 00:12:15,207 [info]: Clicked on By.id: idp-discovery-submit
2024-07-26 00:12:15,669 [info]: Scroll Into View By.xpath: (//button[text()='Continue'])[3]
2024-07-26 00:12:15,791 [info]: Click By JS By.xpath: (//button[text()='Continue'])[3]
2024-07-26 00:12:16,525 [info]: Scroll Into View By.xpath: //label[text()='Audit Trail']
2024-07-26 00:12:16,645 [info]: Scroll Into View By.xpath: //label[text()='Assignment Rules']
2024-07-26 00:12:16,783 [info]: Click By JS By.xpath: //label[text()='Assignment Rules']
2024-07-26 00:12:16,808 [info]: Sendkeys on By.id: okta-signin-password with value Hello@1234
2024-07-26 00:12:17,234 [info]: Clicked on By.id: okta-signin-submit
2024-07-26 00:12:18,099 [info]: Sendkeys on By.id: okta-signin-password with value Hello@1234
2024-07-26 00:12:18,406 [info]: Clicked on By.id: okta-signin-submit
2024-07-26 00:12:19,460 [info]: Click By JS By.xpath: //div[text()='Case Created']//following::button[1]
2024-07-26 00:12:21,296 [info]: Scroll Into View By.xpath: //div[@class='table__pagination-nav-btns']//button[@class='square-btn btn btn-default'][2]
2024-07-26 00:12:21,406 [info]: Scroll Into View By.xpath: //div[@class='table__pagination-nav-btns']//button[@class='square-btn btn btn-default'][2]
2024-07-26 00:12:21,666 [info]: Click By JS By.xpath: //button[text()='Create HTML Notice']
2024-07-26 00:12:22,414 [info]: Click By JS By.xpath: //div[@class='table__pagination-nav-btns']//button[@class='square-btn btn btn-default'][2]
2024-07-26 00:12:22,950 [info]: Click By JS By.xpath: //button[text()='FA Document']
2024-07-26 00:12:23,505 [info]: Sendkeys on By.xpath: //input[@name='label'] with value HTMLmuniCodeResolutionImg
2024-07-26 00:12:23,950 [info]: Sendkeys on By.id: tinymce with value {{photos}}{{municode_resolution}}
2024-07-26 00:12:24,034 [info]: Click By JS By.xpath: //button[text()='Create Notice']
2024-07-26 00:12:24,512 [info]: GetText fromBy.xpath: //div[@class='full-page-modal__header']/h1
Test Passed: CaseAssignment_OpenEditAssignmentPopup
]]></system-out>
    <system-err><![CDATA[org.openqa.selenium.TimeoutException: Expected condition failed: waiting for visibility of element located by By.id: okta-signin-username (tried for 60 second(s) with 1000 milliseconds interval)
Build info: version: '4.11.0', revision: '040bc5406b'
System info: os.name: 'Windows 11', os.arch: 'amd64', os.version: '10.0', java.version: '18.0.2.1'
Driver info: driver.version: unknown
	at org.openqa.selenium.support.ui.FluentWait.timeoutException(FluentWait.java:262)
	at org.openqa.selenium.support.ui.FluentWait.until(FluentWait.java:230)
	at CommonMethods.Helper.waitUntilElementIsVisible(Helper.java:148)
	at POM.LoginUtility.LoginAgencyUser(LoginUtility.java:1132)
	at POM.LoginUtility.loginSupervisorManager_QAProdStage(LoginUtility.java:1189)
	at POM.CDP_Utility.VerifyRejectNoticeOutsideGroupManager(CDP_Utility.java:1418)
	at TestCases.EscalatedNoticesCDP.EscalatedNoticesCDP_VerifyRejectNoticeOutsideGroupManager(EscalatedNoticesCDP.java:87)
	at java.base/jdk.internal.reflect.DirectMethodHandleAccessor.invoke(DirectMethodHandleAccessor.java:104)
	at java.base/java.lang.reflect.Method.invoke(Method.java:577)
	at org.testng.internal.invokers.MethodInvocationHelper.invokeMethod(MethodInvocationHelper.java:135)
	at org.testng.internal.invokers.TestInvoker.invokeMethod(TestInvoker.java:673)
	at org.testng.internal.invokers.TestInvoker.invokeTestMethod(TestInvoker.java:220)
	at org.testng.internal.invokers.MethodRunner.runInSequence(MethodRunner.java:50)
	at org.testng.internal.invokers.TestInvoker$MethodInvocationAgent.invoke(TestInvoker.java:945)
	at org.testng.internal.invokers.TestInvoker.invokeTestMethods(TestInvoker.java:193)
	at org.testng.internal.invokers.TestMethodWorker.invokeTestMethods(TestMethodWorker.java:146)
	at org.testng.internal.invokers.TestMethodWorker.run(TestMethodWorker.java:128)
	at java.base/java.util.concurrent.ThreadPoolExecutor.runWorker(ThreadPoolExecutor.java:1136)
	at java.base/java.util.concurrent.ThreadPoolExecutor$Worker.run(ThreadPoolExecutor.java:635)
	at java.base/java.lang.Thread.run(Thread.java:833)
org.openqa.selenium.TimeoutException: Expected condition failed: waiting for element to be clickable: By.xpath: //div[@class='multi-choice-buttons']/button[text()='Valid'] (tried for 60 second(s) with 1000 milliseconds interval)
Build info: version: '4.11.0', revision: '040bc5406b'
System info: os.name: 'Windows 11', os.arch: 'amd64', os.version: '10.0', java.version: '18.0.2.1'
Driver info: driver.version: unknown
	at org.openqa.selenium.support.ui.FluentWait.timeoutException(FluentWait.java:262)
	at org.openqa.selenium.support.ui.FluentWait.until(FluentWait.java:230)
	at CommonMethods.Helper.waitForElementIsInteractable(Helper.java:199)
	at POM.PerformInspectionUtility.PerformInspection_VerifySection2Title(PerformInspectionUtility.java:633)
	at TestCases.PerformInspection.PerformInspection_VerifySection2Title(PerformInspection.java:118)
	at java.base/jdk.internal.reflect.DirectMethodHandleAccessor.invoke(DirectMethodHandleAccessor.java:104)
	at java.base/java.lang.reflect.Method.invoke(Method.java:577)
	at org.testng.internal.invokers.MethodInvocationHelper.invokeMethod(MethodInvocationHelper.java:135)
	at org.testng.internal.invokers.TestInvoker.invokeMethod(TestInvoker.java:673)
	at org.testng.internal.invokers.TestInvoker.invokeTestMethod(TestInvoker.java:220)
	at org.testng.internal.invokers.MethodRunner.runInSequence(MethodRunner.java:50)
	at org.testng.internal.invokers.TestInvoker$MethodInvocationAgent.invoke(TestInvoker.java:945)
	at org.testng.internal.invokers.TestInvoker.invokeTestMethods(TestInvoker.java:193)
	at org.testng.internal.invokers.TestMethodWorker.invokeTestMethods(TestMethodWorker.java:146)
	at org.testng.internal.invokers.TestMethodWorker.run(TestMethodWorker.java:128)
	at java.base/java.util.concurrent.ThreadPoolExecutor.runWorker(ThreadPoolExecutor.java:1136)
	at java.base/java.util.concurrent.ThreadPoolExecutor$Worker.run(ThreadPoolExecutor.java:635)
	at java.base/java.lang.Thread.run(Thread.java:833)
]]></system-err>
  </testcase>
  <testcase name="CaseAssignment_EditFieldsOnEditAssignmentPopup" classname="TestCases.CaseAssignment" time="0.096">
    <system-out><![CDATA[Test Passed: CaseAssignment_EditFieldsOnEditAssignmentPopup
]]></system-out>
  </testcase>
  <testcase name="CaseAssignment_NotAbleToUpdateWithoutRule" classname="TestCases.CaseAssignment" time="0.341">
    <system-out><![CDATA[2024-07-26 00:12:24,993 [info]: Scroll Into View By.xpath: //div[@class='sortable-table__body__td']/button[2]
2024-07-26 00:12:25,234 [info]: Scroll Into View By.cssSelector: #header div.app-header__new
2024-07-26 00:12:25,257 [info]: Clicked on By.xpath: //button[text()='Save']
2024-07-26 00:12:25,307 [info]: GetText fromBy.xpath: //div[@class='modal-base__error modal-base__error--show']
Test Passed: CaseAssignment_NotAbleToUpdateWithoutRule
]]></system-out>
  </testcase>
  <testcase name="CaseAssignment_OpenCreateRulepopup" classname="TestCases.CaseAssignment" time="3.151">
    <system-out><![CDATA[2024-07-26 00:12:28,116 [info]: Scroll Into View By.xpath: //a[text()='Cases']
2024-07-26 00:12:28,301 [info]: Click By JS By.xpath: //a[text()='Cases']
2024-07-26 00:12:29,597 [info]: Scroll Into View By.xpath: //div[@class='table__pagination-nav-btns']//button[@class='square-btn btn btn-default'][2]
2024-07-26 00:12:29,772 [info]: Sendkeys on By.xpath: //input[@placeholder='Enter Email'] with value support@comcate.com
2024-07-26 00:12:29,847 [info]: Scroll Into View By.xpath: //div[@class='table__pagination-nav-btns']//button[@class='square-btn btn btn-default'][2]
2024-07-26 00:12:29,997 [info]: Sendkeys on By.xpath: //input[@placeholder='Enter Password'] with value C0de#432!
2024-07-26 00:12:30,379 [info]: Clicked on By.xpath: //button[text()='Login']
2024-07-26 00:12:31,255 [info]: GetText fromBy.xpath: //h1[text()='Create Rule']
Test Passed: CaseAssignment_OpenCreateRulepopup
]]></system-out>
  </testcase>
  <testcase name="CaseAssignment_CreateRuleWithMultipleCriterias" classname="TestCases.CaseAssignment" time="7.322">
    <system-out><![CDATA[2024-07-26 00:12:31,293 [info]: Click By JS By.xpath: //div[@class='table__pagination-nav-btns']//button[@class='square-btn btn btn-default'][2]
case id is 24-1842
2024-07-26 00:12:31,640 [info]: Clicked on By.xpath: //label[@title='Attribute']/following::div[@class='Select-placeholder'][1]
2024-07-26 00:12:31,736 [info]: Scroll Into View By.xpath: //a[text()='Cases']
2024-07-26 00:12:31,882 [info]: Click By JS By.xpath: //a[text()='Cases']
2024-07-26 00:12:31,959 [info]: Clicked on By.xpath: //*[text()='Zip']
2024-07-26 00:12:32,107 [info]: Clicked on By.xpath: //label[@title='Attribute']/following::div[@class='Select-placeholder'][1]
2024-07-26 00:12:32,552 [info]: Clicked on By.xpath: //*[text()='Equals']
2024-07-26 00:12:32,979 [info]: Sendkeys on By.xpath: //span[@class='agencies-listing__search']/input with value 220
2024-07-26 00:12:33,021 [info]: Sendkeys on By.xpath: //input[@name='value'] with value 77590
2024-07-26 00:12:33,223 [info]: Clicked on By.xpath: //a[text()='Add Criteria']
2024-07-26 00:12:33,376 [info]: Clicked on By.xpath: //label[@title='Attribute']/following::div[@class='Select-placeholder'][1]
2024-07-26 00:12:33,676 [info]: Clicked on By.xpath: //*[text()='Block']
2024-07-26 00:12:33,817 [info]: Clicked on By.xpath: //label[@title='Attribute']/following::div[@class='Select-placeholder'][1]
2024-07-26 00:12:34,051 [info]: Clicked on By.xpath: (//*[text()='Equals'])[2]
2024-07-26 00:12:34,340 [info]: Sendkeys on By.xpath: (//input[@name='value'])[2] with value 1
2024-07-26 00:12:34,769 [info]: Click By JS By.xpath: //button[text()='Create HTML Notice']
2024-07-26 00:12:34,935 [info]: Clicked on By.xpath: //label[@for='caseAssignee']/following::label
2024-07-26 00:12:35,365 [info]: Clicked on By.xpath: //div[@class='agencies-listing__agency-actions']/button[3]
2024-07-26 00:12:36,130 [info]: Click By JS By.xpath: //button[text()='FA Document']
2024-07-26 00:12:36,430 [info]: Clicked on By.xpath: //label[@for='caseAssignee']/following::ul/li[1]
2024-07-26 00:12:36,452 [info]: Sendkeys on By.xpath: //input[@name='label'] with value HTML FA 57hEEl
2024-07-26 00:12:36,702 [info]: Clicked on By.xpath: //label[@for='inspectionAssignee']/following::label[text()='Select Option']
2024-07-26 00:12:37,466 [info]: Sendkeys on By.id: tinymce with value {{photos}}{{photos_without_uploaded_by}}{{open_violations_list}}{{open_violations_comma_separated}}{{fines_table}}
2024-07-26 00:12:37,596 [info]: Click By JS By.xpath: //button[text()='Create Notice']
2024-07-26 00:12:37,816 [info]: Sendkeys on By.xpath: //input[@name='searchQuery'] with value 24-1842
2024-07-26 00:12:38,131 [info]: Sendkeys on By.xpath: //div[@class='location-tile__inputs-container']//input with value TEXAS CITY Museum
2024-07-26 00:12:38,181 [info]: Clicked on By.xpath: //label[@for='inspectionAssignee']/following::ul/li[1]
2024-07-26 00:12:38,477 [info]: Cleared value from By.xpath: //input[@name='searchQuery']
2024-07-26 00:12:38,481 [info]: Clicked on By.xpath: //button[text()='Create Rule']
2024-07-26 00:12:38,550 [info]: Scroll Into View By.xpath: //div[@class='table__pagination-nav-btns']//button[@class='square-btn btn btn-default'][2]
Test Passed: CaseAssignment_CreateRuleWithMultipleCriterias
]]></system-out>
  </testcase>
  <testcase name="CaseAssignment_EditAddedRule" classname="TestCases.CaseAssignment" time="2.41">
    <system-out><![CDATA[2024-07-26 00:12:40,720 [info]: Clicked on By.xpath: //li[@id='react-autowhatever-1-section-0-item-0']
2024-07-26 00:12:40,976 [info]: Clicked on By.xpath: //label[@for='caseAssignee']/following::label
2024-07-26 00:12:41,570 [info]: GetText fromBy.xpath: //div[@class='sortable-table__body__td' and text()='Other']
2024-07-26 00:12:41,863 [info]: Click By JS By.xpath: //button[@class='edit-btn space-right btn btn-primary']
2024-07-26 00:12:42,346 [info]: Clicked on By.xpath: //label[@for='caseAssignee']/following::ul/li[2]
2024-07-26 00:12:42,814 [info]: Clicked on By.xpath: //h1[text()='Edit Rule']/following::button[text()='Save']
2024-07-26 00:12:42,872 [info]: GetText fromBy.xpath: //div[@class='sortable-table__body__td'][2]
Test Passed: CaseAssignment_EditAddedRule
]]></system-out>
  </testcase>
  <testcase name="CaseAssignment_DeleteAddedRule" classname="TestCases.CaseAssignment" time="0.733">
    <system-out><![CDATA[2024-07-26 00:12:44,417 [info]: Sendkeys on By.xpath: //input[@name='lastName'] with value MPyxYb
2024-07-26 00:12:44,465 [info]: GetText fromBy.xpath: //span[@class='default-resolve-by-days']
2024-07-26 00:12:44,510 [info]: Click By JS By.xpath: //button[text()='FA Document']
2024-07-26 00:12:44,811 [info]: Sendkeys on By.xpath: //input[@name='label'] with value HTML FA PNA8rb
2024-07-26 00:12:44,907 [info]: Sendkeys on By.xpath: //input[@name='email'] with value standCRMhlCUxHMPyxYb@yopmail.com
2024-07-26 00:12:45,060 [info]: Clicked on By.xpath: //label[text()='Role']/following::span[1]
Test Passed: CaseAssignment_DeleteAddedRule
]]></system-out>
  </testcase>
  <testcase name="CaseAssignment_AssignmentRuleUnderInactiveSection" classname="TestCases.CaseAssignment" time="1.11">
    <system-out><![CDATA[2024-07-26 00:12:59,694 [info]: Click By JS By.xpath: //button[text()='Approve Notice']
2024-07-26 00:13:00,155 [info]: Click By JS By.xpath: (//div[@class='table__pagination-nav-btns']//button)[1]
2024-07-26 00:13:00,478 [info]: Click By JS By.xpath: //button[text()='Active']
2024-07-26 00:13:00,635 [info]: Click By JS By.xpath: //button[text()='Save']
Test Passed: CaseAssignment_AssignmentRuleUnderInactiveSection
]]></system-out>
  </testcase>
  <testcase name="Login" classname="TestCases.EscalatedNoticesCLP" time="0.358">
    <system-out><![CDATA[Current IST time: 2024-07-26 00:12:24
2024-07-26 00:12:24,759 [info]: Timestamp 2024-07-26 00:12:24
2024-07-26 00:12:24,870 [info]: GetText fromBy.xpath: //div[@class='app-header__user-name']/label
Test Passed: Login
]]></system-out>
  </testcase>
  <testcase name="VerifyEsclatedColAndPendingApprovalStatus" classname="TestCases.EscalatedNoticesCLP" time="3.105">
    <system-out><![CDATA[2024-07-26 00:14:42,365 [info]: Scroll Into View By.xpath: //button[text()='Generate Notice']
Test Passed: VerifyEsclatedColAndPendingApprovalStatus
]]></system-out>
  </testcase>
  <testcase name="LoginTest" classname="TestCases.ReportsCRM" time="0.813">
    <system-out><![CDATA[2024-07-26 00:12:25,345 [info]: Click By JS By.cssSelector: #header div.app-header__new
2024-07-26 00:12:25,514 [info]: Click By JS By.xpath: //label[text()='Code Enforcement Case']
2024-07-26 00:12:25,742 [info]: Clicked on By.xpath: //button[text()='Add Rule']
Current IST time: 2024-07-26 00:12:26
2024-07-26 00:12:26,074 [info]: Timestamp 2024-07-26 00:12:26
2024-07-26 00:12:26,120 [info]: GetText fromBy.xpath: //div[@class='app-header__user-name']/label
Test Passed: LoginTest
]]></system-out>
  </testcase>
  <testcase name="Reports_PreRequisite" classname="TestCases.ReportsCRM" time="5.413">
    <system-out><![CDATA[2024-07-26 00:13:35,737 [info]: Clicked on By.xpath: //li[@id='react-autowhatever-1-section-0-item-0']
2024-07-26 00:13:36,412 [info]: Sendkeys on By.xpath: //input[@name='name'] with value Category qvoJK
2024-07-26 00:13:36,554 [info]: Click By JS By.xpath: //div[@class='full-page-modal__header']//following::button[text()='Create Category']
2024-07-26 00:13:36,738 [info]: Clicked on By.xpath: //h4[text()='CRM']/following::button[1]
2024-07-26 00:13:37,012 [info]: Scroll Into View By.xpath: //div/button[text()='Create Case']
2024-07-26 00:13:37,387 [info]: Click By JS By.xpath: //button[text()='Create HTML Notice']
2024-07-26 00:13:37,736 [info]: Clicked on By.xpath: //div/button[text()='Create Case']
2024-07-26 00:13:38,629 [info]: Click By JS By.xpath: //button[text()='FA Document']
2024-07-26 00:13:38,894 [info]: Sendkeys on By.xpath: //input[@name='label'] with value HTML FA VT5eei
2024-07-26 00:13:39,236 [info]: Cleared value from By.xpath: //input[@name='citizenPortalHomeLinkURL']
2024-07-26 00:13:39,441 [info]: Click By JS By.xpath: //div[@class='case-inspection__print-notice']//button[text()='Queue To Print']
2024-07-26 00:13:39,603 [info]: Scroll Into View By.xpath: (//button[text()='Generate Notice'])[3]
2024-07-26 00:13:39,894 [info]: Sendkeys on By.id: tinymce with value {{photos}}{{photos_without_uploaded_by}}{{open_violations_list}}{{open_violations_comma_separated}}{{fines_table}}
2024-07-26 00:13:39,909 [info]: Clicked on By.xpath: //button[text()='Perform Inspection']
2024-07-26 00:13:39,997 [info]: Click By JS By.xpath: //button[text()='Create Notice']
2024-07-26 00:13:40,085 [info]: Scroll Into View By.xpath: //button[text()='Create & Perform Inspection']
2024-07-26 00:13:40,215 [info]: Scroll Into View By.xpath: (//div[@id='case-notes']/div/div/div/div)[2]/div/button
2024-07-26 00:13:40,293 [info]: Clicked on By.xpath: (//button[text()='Generate Notice'])[3]
2024-07-26 00:13:40,478 [info]: Click By JS By.xpath: (//div[@id='case-notes']/div/div/div/div)[2]/div/button
2024-07-26 00:13:40,491 [info]: Clicked on By.xpath: //button[text()='Create & Perform Inspection']
2024-07-26 00:13:40,533 [info]: Sendkeys on By.xpath: //input[@name='citizenPortalHomeLinkURL'] with value https://app-stage.comcate.com/agencies/181/setup
Test Passed: Reports_PreRequisite
]]></system-out>
    <system-err><![CDATA[org.openqa.selenium.TimeoutException: Expected condition failed: waiting for element to no longer be visible: By.xpath: //div[@class='agencies-listing__agency-actions']/button[3] (tried for 60 second(s) with 1000 milliseconds interval)
Build info: version: '4.11.0', revision: '040bc5406b'
System info: os.name: 'Windows 11', os.arch: 'amd64', os.version: '10.0', java.version: '18.0.2.1'
Driver info: driver.version: unknown
	at org.openqa.selenium.support.ui.FluentWait.timeoutException(FluentWait.java:262)
	at org.openqa.selenium.support.ui.FluentWait.until(FluentWait.java:230)
	at CommonMethods.Helper.waitUntilElementInvisibleLocated(Helper.java:237)
	at POM.ReportCRMUtility.Reports_PreRequisite(ReportCRMUtility.java:84)
	at TestCases.ReportsCRM.Reports_PreRequisite(ReportsCRM.java:43)
	at java.base/jdk.internal.reflect.DirectMethodHandleAccessor.invoke(DirectMethodHandleAccessor.java:104)
	at java.base/java.lang.reflect.Method.invoke(Method.java:577)
	at org.testng.internal.invokers.MethodInvocationHelper.invokeMethod(MethodInvocationHelper.java:135)
	at org.testng.internal.invokers.TestInvoker.invokeMethod(TestInvoker.java:673)
	at org.testng.internal.invokers.TestInvoker.invokeTestMethod(TestInvoker.java:220)
	at org.testng.internal.invokers.MethodRunner.runInSequence(MethodRunner.java:50)
	at org.testng.internal.invokers.TestInvoker$MethodInvocationAgent.invoke(TestInvoker.java:945)
	at org.testng.internal.invokers.TestInvoker.invokeTestMethods(TestInvoker.java:193)
	at org.testng.internal.invokers.TestMethodWorker.invokeTestMethods(TestMethodWorker.java:146)
	at org.testng.internal.invokers.TestMethodWorker.run(TestMethodWorker.java:128)
	at java.base/java.util.concurrent.ThreadPoolExecutor.runWorker(ThreadPoolExecutor.java:1136)
	at java.base/java.util.concurrent.ThreadPoolExecutor$Worker.run(ThreadPoolExecutor.java:635)
	at java.base/java.lang.Thread.run(Thread.java:833)
]]></system-err>
  </testcase>
  <testcase name="Reports_VerifyAdditionOfNewReports" classname="TestCases.ReportsCRM" time="4.805">
    <system-out><![CDATA[2024-07-26 00:13:49,955 [info]: GetText fromBy.xpath: (//div[@class='agency-setup-tab__section__header']/h2)[2]
2024-07-26 00:13:50,061 [info]: Sendkeys on By.xpath: //*[@class='field__input row']/textarea with value Approved
2024-07-26 00:13:50,121 [info]: Click By JS By.xpath: //button[text()='Save']
2024-07-26 00:13:50,299 [info]: Clicked on By.xpath: (//button[@class='edit-btn space-right btn btn-primary'])[2]
2024-07-26 00:13:50,304 [info]: Clicked on By.xpath: //a[text()='Manage Notice']
2024-07-26 00:13:54,210 [info]: Clicked on By.xpath: //a[text()='Delete']
2024-07-26 00:13:54,463 [info]: Click By JS By.xpath: //button[text()='Inactive']
2024-07-26 00:13:54,542 [info]: Click By JS By.xpath: //button[text()='Create HTML Notice']
Test Passed: Reports_VerifyAdditionOfNewReports
]]></system-out>
  </testcase>
  <testcase name="Reports_VerifyEditedQSReport" classname="TestCases.ReportsCRM" time="0.252">
    <system-out><![CDATA[Test Passed: Reports_VerifyEditedQSReport
]]></system-out>
  </testcase>
  <testcase name="Reports_VerifyCRMToggleForReports" classname="TestCases.ReportsCRM" time="1.486">
    <system-out><![CDATA[2024-07-26 00:14:15,712 [info]: Click By JS By.xpath: //a[text()='Reports']
2024-07-26 00:14:15,814 [info]: Scroll Into View By.xpath: (//button[text()='Continue'])[1]
2024-07-26 00:14:15,829 [info]: Clicked on By.xpath: //button[text()='Perform Inspection']
2024-07-26 00:14:16,166 [info]: Click By JS By.xpath: (//button[text()='Continue'])[1]
2024-07-26 00:14:16,982 [info]: Scroll Into View By.xpath: //div[@class='case-inspection__print-notice']//button[text()='Do Not Print']
Test Passed: Reports_VerifyCRMToggleForReports
]]></system-out>
  </testcase>
  <testcase name="Reports_VerifyAllCRMReports" classname="TestCases.ReportsCRM" time="7.772">
    <system-out><![CDATA[2024-07-26 00:14:17,754 [info]: Clicked on By.xpath: (//button[contains(text(),'HTML')])[1]
2024-07-26 00:14:17,772 [info]: Clicked on By.xpath: //button[text()='Yes']
2024-07-26 00:14:17,957 [info]: Scroll Into View By.xpath: (//button[text()='Continue'])[2]
2024-07-26 00:14:18,039 [info]: Click By JS By.xpath: (//button[text()='Continue'])[2]
2024-07-26 00:14:18,047 [info]: Click By JS By.xpath: //div[@class='case-inspection__print-notice']//button[text()='Do Not Print']
2024-07-26 00:14:19,265 [info]: Click By JS By.xpath: //button[text()='Complete Inspection & Generate Notice for Approval']
2024-07-26 00:14:19,401 [info]: Scroll Into View By.xpath: (//button[text()='Continue'])[3]
2024-07-26 00:14:19,486 [info]: Click By JS By.xpath: (//button[text()='Continue'])[3]
2024-07-26 00:14:20,124 [info]: Clicked on By.xpath: //button[text()='Valid']
2024-07-26 00:14:20,156 [info]: Scroll Into View By.xpath: //div[@class='footer_actions']/button[text()='Continue']
2024-07-26 00:14:20,595 [info]: Clicked on By.xpath: //div[@class='footer_actions']/button[text()='Continue']
2024-07-26 00:14:20,818 [info]: Click By JS By.xpath: //button[text()='New Notice']
2024-07-26 00:14:21,215 [info]: Scroll Into View By.xpath: //div[@class='app-header__menu__icon']
2024-07-26 00:14:21,241 [info]: Click By JS By.xpath: //div[@class='app-header__menu__icon']
2024-07-26 00:14:21,274 [info]: Scroll Into View By.xpath: //label[text()='Agency Setup']//preceding-sibling::a
2024-07-26 00:14:22,129 [info]: Click By JS By.xpath: //*[@class='multi-choice-buttons']//button[starts-with(text(),'HTML')]
2024-07-26 00:14:22,349 [info]: Clicked on By.xpath: (//button[text()='Continue'])[2]
2024-07-26 00:14:23,467 [info]: Click By JS By.xpath: //label[text()='Agency Setup']//preceding-sibling::a
Current IST time: 2024-07-26 00:14:24
2024-07-26 00:14:24,814 [info]: Timestamp 2024-07-26 00:14:24
Test Passed: Reports_VerifyAllCRMReports
]]></system-out>
  </testcase>
  <testcase name="LoginAgency" classname="TestCases.CreateCRMUser" time="0.153">
    <system-out><![CDATA[Current IST time: 2024-07-26 00:12:26
2024-07-26 00:12:26,230 [info]: Timestamp 2024-07-26 00:12:26
2024-07-26 00:12:26,273 [info]: GetText fromBy.xpath: //div[@class='app-header__user-name']/label
Test Passed: LoginAgency
]]></system-out>
  </testcase>
  <testcase name="CreateCRMUser_CreateStandardUser" classname="TestCases.CreateCRMUser" time="4.161">
    <system-out><![CDATA[2024-07-26 00:13:04,092 [info]: Sendkeys on By.xpath: //*[@class='field__input row']/textarea with value Rejected
2024-07-26 00:13:04,122 [info]: Scroll Into View By.xpath: //button[text()='Save']
2024-07-26 00:13:04,215 [info]: Click By JS By.xpath: //button[text()='Save']
2024-07-26 00:13:04,523 [info]: Click By JS By.xpath: (//div[@class='table__pagination-nav-btns']//button)[1]
2024-07-26 00:13:05,109 [info]: Click By JS By.xpath: (//div[@class='table__pagination-nav-btns']//button)[1]
2024-07-26 00:13:06,152 [info]: Click By JS By.xpath: (//div[@class='table__pagination-nav-btns']//button)[1]
2024-07-26 00:13:06,215 [info]: Clicked on By.xpath: //button[@class='chip__close-button']
2024-07-26 00:13:06,642 [info]: Clicked on By.xpath: //span/label[text()='Property Owner']
2024-07-26 00:13:07,052 [info]: Clicked on By.xpath: //button[text()='Apply']
2024-07-26 00:13:07,122 [info]: Click By JS By.xpath: (//div[@class='table__pagination-nav-btns']//button)[1]
2024-07-26 00:13:07,133 [info]: Click By JS By.xpath: //button[text()='Create HTML Notice']
2024-07-26 00:13:07,149 [info]: Scroll Into View By.xpath: //span[contains(text(),'Attachments')]//following-sibling::button
2024-07-26 00:13:07,404 [info]: Clicked on By.xpath: //button[@class='chip__close-button']
2024-07-26 00:13:07,413 [info]: Click By JS By.xpath: //span[contains(text(),'Attachments')]//following-sibling::button
2024-07-26 00:13:07,704 [info]: Click By JS By.xpath: (//div[@class='table__pagination-nav-btns']//button)[1]
2024-07-26 00:13:07,880 [info]: GetText fromBy.xpath: //div[@class='agency-setup-tab__section__header']/h2
376
376
Test Passed: CreateCRMUser_CreateStandardUser
]]></system-out>
  </testcase>
  <testcase name="CreateCRMUser_CreateProductAdminUser" classname="TestCases.CreateCRMUser" time="13.352">
    <failure message="The following asserts failed:&#10;	expected [true] but found [false]" type="java.lang.AssertionError"><![CDATA[java.lang.AssertionError: 
The following asserts failed:
	expected [true] but found [false]
	at org.testng.asserts.SoftAssert.assertAll(SoftAssert.java:46)
	at org.testng.asserts.SoftAssert.assertAll(SoftAssert.java:30)
	at POM.CreateCRMUserUtility.CreateCRMUser_CreateProductAdminUser(CreateCRMUserUtility.java:283)
	at TestCases.CreateCRMUser.CreateCRMUser_CreateProductAdminUser(CreateCRMUser.java:72)
	at java.base/jdk.internal.reflect.DirectMethodHandleAccessor.invoke(DirectMethodHandleAccessor.java:104)
	at java.base/java.lang.reflect.Method.invoke(Method.java:577)
	at org.testng.internal.invokers.MethodInvocationHelper.invokeMethod(MethodInvocationHelper.java:135)
	at org.testng.internal.invokers.TestInvoker.invokeMethod(TestInvoker.java:673)
	at org.testng.internal.invokers.TestInvoker.invokeTestMethod(TestInvoker.java:220)
	at org.testng.internal.invokers.MethodRunner.runInSequence(MethodRunner.java:50)
	at org.testng.internal.invokers.TestInvoker$MethodInvocationAgent.invoke(TestInvoker.java:945)
	at org.testng.internal.invokers.TestInvoker.invokeTestMethods(TestInvoker.java:193)
	at org.testng.internal.invokers.TestMethodWorker.invokeTestMethods(TestMethodWorker.java:146)
	at org.testng.internal.invokers.TestMethodWorker.run(TestMethodWorker.java:128)
	at java.base/java.util.concurrent.ThreadPoolExecutor.runWorker(ThreadPoolExecutor.java:1136)
	at java.base/java.util.concurrent.ThreadPoolExecutor$Worker.run(ThreadPoolExecutor.java:635)
	at java.base/java.lang.Thread.run(Thread.java:833)
]]></failure>
    <system-out><![CDATA[2024-07-26 00:15:19,072 [info]: GetText fromBy.xpath: (//h2//div)[1]
2024-07-26 00:15:19,272 [info]: Clicked on By.xpath: //input[@placeholder='Find contact by name, email or phone number or start typing to create a new contact']
2024-07-26 00:15:19,464 [info]: Clicked on By.xpath: //span[text()='Create a  new contact']
2024-07-26 00:15:19,906 [info]: Click By JS By.xpath: //*[@name='skipFollowUpInspection']
2024-07-26 00:15:19,954 [info]: Scroll Into View By.xpath: //button[text()='Create Category']
2024-07-26 00:15:20,137 [info]: Click By JS By.xpath: //button[text()='Create Category']
2024-07-26 00:15:20,437 [info]: Clicked on By.xpath: //label[text()='More...']
Test Failed: PerformInspection_OpenCloseCasePopup
2024-07-26 00:15:22,435 [info]: Sendkeys on By.xpath: //input[@name='name'] with value sacBLbFT
2024-07-26 00:15:22,648 [info]: Sendkeys on By.xpath: //input[@name='email'] with value sacBLbFT@yopmail.com
2024-07-26 00:15:22,807 [info]: Scroll Into View By.xpath: //div/button[text()='Create Case']
2024-07-26 00:15:22,848 [info]: Sendkeys on By.xpath: //input[@name='cellPhone'] with value 6009622714
2024-07-26 00:15:23,047 [info]: Clicked on By.xpath: //button[text()='Create Contact']
2024-07-26 00:15:23,148 [info]: Clicked on By.xpath: //div/button[text()='Create Case']
2024-07-26 00:15:24,385 [info]: Click By JS By.xpath: //button[text()='No']
2024-07-26 00:15:24,835 [info]: Sendkeys on By.xpath: //div[@class='location-tile__inputs-container']//input with value TEXAS CITY Museum
2024-07-26 00:15:25,849 [info]: Sendkeys on By.xpath: (//input[@placeholder='Search...'])[2] with value Amandeep
2024-07-26 00:15:26,139 [info]: Sendkeys on By.xpath: //input[@name='name'] with value Category 1hHFW
2024-07-26 00:15:26,240 [info]: Click By JS By.xpath: //div[@class='full-page-modal__header']//following::button[text()='Create Category']
2024-07-26 00:15:26,257 [info]: Clicked on By.xpath: //li[@id='react-autowhatever-1-section-0-item-0']
2024-07-26 00:15:27,396 [info]: Clicked on By.xpath: //span/label[text()='Property Owner']
2024-07-26 00:15:27,593 [info]: Clicked on By.xpath: //button[text()='Apply']
2024-07-26 00:15:29,268 [info]: Clicked on By.xpath: //button[text()='Perform Inspection']
2024-07-26 00:15:29,386 [info]: Scroll Into View By.xpath: //button[text()='Create & Perform Inspection']
2024-07-26 00:15:29,588 [info]: Clicked on By.xpath: //button[text()='Create & Perform Inspection']
2024-07-26 00:15:30,308 [info]: Clicked on By.xpath: //li//b[text()='Amandeep']
2024-07-26 00:15:30,409 [info]: Scroll Into View By.xpath: (//button[text()='Generate Notice'])[2]
2024-07-26 00:15:31,001 [info]: Clicked on By.xpath: (//button[text()='Generate Notice'])[2]
2024-07-26 00:15:32,455 [info]: Scroll Into View By.xpath: //button[text()='Create Category']
2024-07-26 00:15:32,585 [info]: Click By JS By.xpath: //button[text()='Create Category']
2024-07-26 00:15:33,646 [info]: GetText fromBy.xpath: (//h2//div)[1]
2024-07-26 00:15:33,669 [info]: Scroll Into View By.xpath: (//div[@class='abatement-activities__done-cta']//a[text()='View Notice'])[2]
2024-07-26 00:15:33,974 [info]: Clicked on By.xpath: (//div[@class='abatement-activities__done-cta']//a[text()='View Notice'])[2]
2024-07-26 00:15:34,217 [info]: Click By JS By.xpath: //input[@type='checkbox'][@name='Animal']
2024-07-26 00:15:34,544 [info]: Clicked on By.xpath: //label[text()='Violation Type']/following::span[1]
2024-07-26 00:15:34,645 [info]: Clicked on By.xpath: //div/input[@placeholder='Start typing name of violation, article number or issue description']
2024-07-26 00:15:35,426 [info]: GetText fromBy.xpath: //div[@class='agency-setup-tab__section__header']/h2
376
377
Test Failed: CreateCRMUser_CreateProductAdminUser
2024-07-26 00:15:36,316 [info]: Clicked on By.xpath: //a[text()='Delete and Reissue']
]]></system-out>
    <system-err><![CDATA[org.openqa.selenium.TimeoutException: Expected condition failed: waiting for visibility of element located by By.cssSelector: #skip-inspection (tried for 60 second(s) with 1000 milliseconds interval)
Build info: version: '4.11.0', revision: '040bc5406b'
System info: os.name: 'Windows 11', os.arch: 'amd64', os.version: '10.0', java.version: '18.0.2.1'
Driver info: driver.version: unknown
	at org.openqa.selenium.support.ui.FluentWait.timeoutException(FluentWait.java:262)
	at org.openqa.selenium.support.ui.FluentWait.until(FluentWait.java:230)
	at CommonMethods.Helper.waitUntilElementIsVisible(Helper.java:148)
	at POM.CDP_Utility.CDP_VerifyUserAbleGenerateNoticeOutsideofInspection(CDP_Utility.java:671)
	at POM.CDP_Utility.CDP_VerifyUserAbleToDeleteAndReissueNotice(CDP_Utility.java:718)
	at TestCases.CDP.CDP_VerifyUserAbleToDeleteAndReissueNotice(CDP.java:166)
	at java.base/jdk.internal.reflect.DirectMethodHandleAccessor.invoke(DirectMethodHandleAccessor.java:104)
	at java.base/java.lang.reflect.Method.invoke(Method.java:577)
	at org.testng.internal.invokers.MethodInvocationHelper.invokeMethod(MethodInvocationHelper.java:135)
	at org.testng.internal.invokers.TestInvoker.invokeMethod(TestInvoker.java:673)
	at org.testng.internal.invokers.TestInvoker.invokeTestMethod(TestInvoker.java:220)
	at org.testng.internal.invokers.MethodRunner.runInSequence(MethodRunner.java:50)
	at org.testng.internal.invokers.TestInvoker$MethodInvocationAgent.invoke(TestInvoker.java:945)
	at org.testng.internal.invokers.TestInvoker.invokeTestMethods(TestInvoker.java:193)
	at org.testng.internal.invokers.TestMethodWorker.invokeTestMethods(TestMethodWorker.java:146)
	at org.testng.internal.invokers.TestMethodWorker.run(TestMethodWorker.java:128)
	at java.base/java.util.concurrent.ThreadPoolExecutor.runWorker(ThreadPoolExecutor.java:1136)
	at java.base/java.util.concurrent.ThreadPoolExecutor$Worker.run(ThreadPoolExecutor.java:635)
	at java.base/java.lang.Thread.run(Thread.java:833)
org.openqa.selenium.TimeoutException: Expected condition failed: waiting for element to be clickable: By.xpath: //input[@type='checkbox'][@name='Animal'] (tried for 60 second(s) with 1000 milliseconds interval)
Build info: version: '4.11.0', revision: '040bc5406b'
System info: os.name: 'Windows 11', os.arch: 'amd64', os.version: '10.0', java.version: '18.0.2.1'
Driver info: driver.version: unknown
	at org.openqa.selenium.support.ui.FluentWait.timeoutException(FluentWait.java:262)
	at org.openqa.selenium.support.ui.FluentWait.until(FluentWait.java:230)
	at CommonMethods.Helper.waitForElementIsInteractable(Helper.java:199)
	at POM.CLPUtility.CLP_VerifyClearAllFiltersLinkText(CLPUtility.java:579)
	at TestCases.CLP.CLP_VerifyClearAllFiltersLinkText(CLP.java:149)
	at java.base/jdk.internal.reflect.DirectMethodHandleAccessor.invoke(DirectMethodHandleAccessor.java:104)
	at java.base/java.lang.reflect.Method.invoke(Method.java:577)
	at org.testng.internal.invokers.MethodInvocationHelper.invokeMethod(MethodInvocationHelper.java:135)
	at org.testng.internal.invokers.TestInvoker.invokeMethod(TestInvoker.java:673)
	at org.testng.internal.invokers.TestInvoker.invokeTestMethod(TestInvoker.java:220)
	at org.testng.internal.invokers.MethodRunner.runInSequence(MethodRunner.java:50)
	at org.testng.internal.invokers.TestInvoker$MethodInvocationAgent.invoke(TestInvoker.java:945)
	at org.testng.internal.invokers.TestInvoker.invokeTestMethods(TestInvoker.java:193)
	at org.testng.internal.invokers.TestMethodWorker.invokeTestMethods(TestMethodWorker.java:146)
	at org.testng.internal.invokers.TestMethodWorker.run(TestMethodWorker.java:128)
	at java.base/java.util.concurrent.ThreadPoolExecutor.runWorker(ThreadPoolExecutor.java:1136)
	at java.base/java.util.concurrent.ThreadPoolExecutor$Worker.run(ThreadPoolExecutor.java:635)
	at java.base/java.lang.Thread.run(Thread.java:833)
org.openqa.selenium.TimeoutException: Expected condition failed: waiting for visibility of element located by By.xpath: //div[contains(text(),'Prod AdminCRMhlCUxH')][@role='gridcell'] (tried for 60 second(s) with 1000 milliseconds interval)
Build info: version: '4.11.0', revision: '040bc5406b'
System info: os.name: 'Windows 11', os.arch: 'amd64', os.version: '10.0', java.version: '18.0.2.1'
Driver info: driver.version: unknown
	at org.openqa.selenium.support.ui.FluentWait.timeoutException(FluentWait.java:262)
	at org.openqa.selenium.support.ui.FluentWait.until(FluentWait.java:230)
	at CommonMethods.Helper.waitUntilElementIsVisible(Helper.java:148)
	at POM.CreateCRMUserUtility.CreateCRMUser_CreateProductAdminUser(CreateCRMUserUtility.java:274)
	at TestCases.CreateCRMUser.CreateCRMUser_CreateProductAdminUser(CreateCRMUser.java:72)
	at java.base/jdk.internal.reflect.DirectMethodHandleAccessor.invoke(DirectMethodHandleAccessor.java:104)
	at java.base/java.lang.reflect.Method.invoke(Method.java:577)
	at org.testng.internal.invokers.MethodInvocationHelper.invokeMethod(MethodInvocationHelper.java:135)
	at org.testng.internal.invokers.TestInvoker.invokeMethod(TestInvoker.java:673)
	at org.testng.internal.invokers.TestInvoker.invokeTestMethod(TestInvoker.java:220)
	at org.testng.internal.invokers.MethodRunner.runInSequence(MethodRunner.java:50)
	at org.testng.internal.invokers.TestInvoker$MethodInvocationAgent.invoke(TestInvoker.java:945)
	at org.testng.internal.invokers.TestInvoker.invokeTestMethods(TestInvoker.java:193)
	at org.testng.internal.invokers.TestMethodWorker.invokeTestMethods(TestMethodWorker.java:146)
	at org.testng.internal.invokers.TestMethodWorker.run(TestMethodWorker.java:128)
	at java.base/java.util.concurrent.ThreadPoolExecutor.runWorker(ThreadPoolExecutor.java:1136)
	at java.base/java.util.concurrent.ThreadPoolExecutor$Worker.run(ThreadPoolExecutor.java:635)
	at java.base/java.lang.Thread.run(Thread.java:833)
]]></system-err>
  </testcase>
  <testcase name="LoginAgency" classname="TestCases.Categories" time="1.834">
    <system-out><![CDATA[2024-07-26 00:12:26,279 [info]: Switched to Window 6290D1C4030C3AB86B9EEC0FCC1B8D75
2024-07-26 00:12:27,481 [info]: GetText fromBy.xpath: //div[@class='app-header__user-name']/label
Current IST time: 2024-07-26 00:12:27
2024-07-26 00:12:27,964 [info]: Timestamp 2024-07-26 00:12:27
2024-07-26 00:12:28,106 [info]: GetText fromBy.xpath: //div[@class='app-header__user-name']/label
Test Passed: LoginAgency
]]></system-out>
  </testcase>
  <testcase name="Categories_PreRequisite" classname="TestCases.Categories" time="1.882">
    <system-out><![CDATA[2024-07-26 00:12:38,645 [info]: Scroll Into View By.xpath: //div[@class='table__pagination-nav-btns']//button[@class='square-btn btn btn-default'][2]
2024-07-26 00:12:38,676 [info]: GetText fromBy.xpath: //div[@class='sortable-table__body__td'][2]
2024-07-26 00:12:39,491 [info]: Click By JS By.xpath: //div[@class='table__pagination-nav-btns']//button[@class='square-btn btn btn-default'][2]
2024-07-26 00:12:39,509 [info]: Clicked on By.xpath: //div[@class='sortable-table__body__td']/button[1]
2024-07-26 00:12:40,461 [info]: GetText fromBy.xpath: //div[@class='tab-name tab-name--active']
Test Passed: Categories_PreRequisite
]]></system-out>
  </testcase>
  <testcase name="Categories_VerifyDefaultCategory" classname="TestCases.Categories" time="1.469">
    <system-out><![CDATA[2024-07-26 00:12:43,058 [info]: Clicked on By.xpath: //div[@class='sortable-table__body__td']/button[2]
2024-07-26 00:12:43,062 [info]: GetText fromBy.xpath: //div[@class='full-page-modal__header']/h1
2024-07-26 00:12:43,271 [info]: Click By JS By.xpath: //button[text()='Cancel']
2024-07-26 00:12:43,314 [info]: Click By JS By.xpath: //button[text()='Create HTML Notice']
2024-07-26 00:12:43,432 [info]: Sendkeys on By.xpath: //input[@name='searchQuery'] with value 24-1853
2024-07-26 00:12:43,521 [info]: Click By JS By.xpath: //a[text()='24-1842']
2024-07-26 00:12:43,673 [info]: Click By JS By.xpath: //button[text()='Create User']
2024-07-26 00:12:44,204 [info]: Sendkeys on By.xpath: //input[@name='firstName'] with value StandCRMhlCUxH
Test Passed: Categories_VerifyDefaultCategory
]]></system-out>
  </testcase>
  <testcase name="Categories_UpdateDefaultResolutionTime" classname="TestCases.Categories" time="3.629">
    <system-out><![CDATA[2024-07-26 00:12:52,987 [info]: Click By JS By.xpath: (//div[@class='table__pagination-nav-btns']//button)[1]
2024-07-26 00:12:53,040 [info]: Click By JS By.xpath: //button[text()='Save']
2024-07-26 00:12:53,471 [info]: Click By JS By.xpath: //button[text()='Create HTML Notice']
2024-07-26 00:12:53,489 [info]: Click By JS By.xpath: (//div[@class='table__pagination-nav-btns']//button)[1]
2024-07-26 00:12:54,003 [info]: Click By JS By.xpath: (//div[@class='table__pagination-nav-btns']//button)[1]
2024-07-26 00:12:54,322 [info]: Sendkeys on By.xpath: //div/input[@placeholder='Start typing name of violation, article number or issue description'] with value Wa
2024-07-26 00:12:54,446 [info]: Click By JS By.xpath: (//div[@class='table__pagination-nav-btns']//button)[1]
2024-07-26 00:12:54,714 [info]: Click By JS By.xpath: //button[text()='FA Document']
2024-07-26 00:12:54,772 [info]: Clicked on By.xpath: //div[@class='react-autosuggest__suggestion-element']/div
2024-07-26 00:12:54,886 [info]: Click By JS By.xpath: (//div[@class='table__pagination-nav-btns']//button)[1]
2024-07-26 00:12:55,114 [info]: Sendkeys on By.xpath: //input[@name='label'] with value HTML FA 9X5FR8
2024-07-26 00:12:55,309 [info]: Click By JS By.xpath: (//div[@class='table__pagination-nav-btns']//button)[1]
2024-07-26 00:12:55,802 [info]: Click By JS By.xpath: (//div[@class='table__pagination-nav-btns']//button)[1]
2024-07-26 00:12:55,906 [info]: GetText fromBy.xpath: //span[@class='default-resolve-by-days']
Test Passed: Categories_UpdateDefaultResolutionTime
]]></system-out>
  </testcase>
  <testcase name="Categories_OpenCreateACategoryPopup" classname="TestCases.Categories" time="2.748">
    <system-out><![CDATA[2024-07-26 00:13:00,961 [info]: Click By JS By.xpath: (//div[@class='table__pagination-nav-btns']//button)[1]
2024-07-26 00:13:01,057 [info]: Sendkeys on By.xpath: //input[@name='name'] with value JdKkUttD
https://admin-stage.comcate.com/agencies
220
https://app-stage.comcate.com/agencies/220/login
2024-07-26 00:13:01,403 [info]: Sendkeys on By.xpath: //input[@name='email'] with value JdKkUttD@yopmail.com
2024-07-26 00:13:01,707 [info]: Sendkeys on By.xpath: //input[@name='workPhone'] with value 8278556679
2024-07-26 00:13:01,743 [info]: Scroll Into View By.xpath: (//div[@class='full-page-modal__header']//button[2])[2]
2024-07-26 00:13:02,001 [info]: Clicked on By.xpath: (//div[@class='full-page-modal__header']//button[2])[2]
2024-07-26 00:13:02,146 [info]: Click By JS By.xpath: (//div[@class='table__pagination-nav-btns']//button)[1]
2024-07-26 00:13:02,181 [info]: GetText fromBy.xpath: //div[@class='full-page-modal__header']/h1
2024-07-26 00:13:02,221 [info]: Click By JS By.xpath: //div[@class='full-page-modal__header']//following::button[text()='Create Category']
2024-07-26 00:13:02,273 [info]: GetText fromBy.xpath: (//span[@class='field__error'])[1]
Test Passed: Categories_OpenCreateACategoryPopup
]]></system-out>
  </testcase>
  <testcase name="Categories_VerifyResolutionTimeOnCreateCategoryPopup" classname="TestCases.Categories" time="0.04">
    <system-out><![CDATA[ResoTimeOnPopup : 74
Test Passed: Categories_VerifyResolutionTimeOnCreateCategoryPopup
]]></system-out>
  </testcase>
  <testcase name="Categories_AddKeywordsAndCustomFields" classname="TestCases.Categories" time="7.234">
    <system-out><![CDATA[2024-07-26 00:13:08,545 [info]: Click By JS By.xpath: (//div[@class='table__pagination-nav-btns']//button)[1]
2024-07-26 00:13:08,681 [info]: Click By JS By.xpath: //button[text()='FA Document']
2024-07-26 00:13:08,708 [info]: Clicked on By.xpath: //button[@class='chip__close-button']
2024-07-26 00:13:08,930 [info]: Sendkeys on By.xpath: //input[@name='label'] with value HTML FA mNlZQb
2024-07-26 00:13:09,983 [info]: Clicked on By.xpath: //button[@class='chip__close-button']
2024-07-26 00:13:10,123 [info]: Sendkeys on By.id: tinymce with value {{photos}}{{photos_without_uploaded_by}}{{open_violations_list}}{{open_violations_comma_separated}}{{fines_table}}
2024-07-26 00:13:10,154 [info]: Click By JS By.xpath: (//div[@class='table__pagination-nav-btns']//button)[1]
2024-07-26 00:13:10,223 [info]: Click By JS By.xpath: //button[text()='Create Notice']
2024-07-26 00:13:11,223 [info]: Clicked on By.xpath: //button[@class='chip__close-button']
2024-07-26 00:13:12,517 [info]: Clicked on By.xpath: //button[@class='chip__close-button']
2024-07-26 00:13:13,198 [info]: Click By JS By.xpath: (//div[@class='table__pagination-nav-btns']//button)[1]
2024-07-26 00:13:13,449 [info]: Sendkeys on By.id: idp-discovery-username with value MarkShane123@yopmail.com
2024-07-26 00:13:13,608 [info]: Clicked on By.id: idp-discovery-submit
2024-07-26 00:13:13,713 [info]: Clicked on By.xpath: //button[@class='chip__close-button']
2024-07-26 00:13:14,185 [info]: Clicked on By.xpath: //a[text()='Add Field']
2024-07-26 00:13:14,186 [info]: Click By JS By.xpath: (//div[@class='table__pagination-nav-btns']//button)[1]
2024-07-26 00:13:14,569 [info]: Clicked on By.xpath: //div[@class='full-page-modal__header']//following::button[text()='Create Category']
2024-07-26 00:13:14,665 [info]: GetText fromBy.xpath: //div[@class='category-modal__custom-field']//span
2024-07-26 00:13:14,997 [info]: Click By JS By.xpath: (//div[@class='table__pagination-nav-btns']//button)[1]
2024-07-26 00:13:15,107 [info]: Sendkeys on By.xpath: //input[@name='label'] with value TextLabel
Test Passed: Categories_AddKeywordsAndCustomFields
]]></system-out>
  </testcase>
  <testcase name="Categories_VerifyLinkedEmailTemplates" classname="TestCases.Categories" time="3.401">
    <system-out><![CDATA[2024-07-26 00:13:15,587 [info]: Clicked on By.xpath: //span[@class='dropdown__arrow']
2024-07-26 00:13:15,718 [info]: Click By JS By.xpath: //button[text()='Create HTML Notice']
2024-07-26 00:13:16,054 [info]: GetText fromBy.xpath: //div[@class='agency-setup-tab__section__header']/h2
2024-07-26 00:13:16,222 [info]: Scroll Into View By.xpath: //button[text()='Create User']
2024-07-26 00:13:16,291 [info]: Sendkeys on By.id: okta-signin-password with value Hello@1234
2024-07-26 00:13:16,768 [info]: Click By JS By.xpath: //button[text()='Create User']
2024-07-26 00:13:16,818 [info]: Clicked on By.id: okta-signin-submit
2024-07-26 00:13:17,172 [info]: Click By JS By.xpath: //*[@name='skipFollowUpInspection']
2024-07-26 00:13:17,250 [info]: Clicked on By.xpath: //div[@id='templateIds']//label
2024-07-26 00:13:17,312 [info]: Click By JS By.xpath: //button[text()='FA Document']
2024-07-26 00:13:17,351 [info]: Click By JS By.xpath: (//div[@class='table__pagination-nav-btns']//button)[1]
2024-07-26 00:13:17,554 [info]: Clicked on By.xpath: //div[@class='flex-row--center dropdown__actions']/button[1]
2024-07-26 00:13:17,668 [info]: GetText fromBy.xpath: //div[@class='dropdown__selector__selected']/label
2024-07-26 00:13:17,685 [info]: Sendkeys on By.xpath: //input[@name='label'] with value HTML FA IW9WRI
2024-07-26 00:13:17,807 [info]: Clicked on By.xpath: //span[@class='dropdown__arrow']
2024-07-26 00:13:17,987 [info]: Clicked on By.xpath: //label[text()='More...']
2024-07-26 00:13:18,000 [info]: Clicked on By.xpath: //div[@id='templateIds']//label
2024-07-26 00:13:18,086 [info]: GetText fromBy.xpath: //div[@id='templateIds']//label
2024-07-26 00:13:18,217 [info]: Click By JS By.xpath: (//div[@class='table__pagination-nav-btns']//button)[1]
2024-07-26 00:13:18,269 [info]: Scroll Into View By.xpath: //div[@class='flex-row--center dropdown__actions']/button[2]
2024-07-26 00:13:18,347 [info]: Click By JS By.xpath: //div[@class='flex-row--center dropdown__actions']/button[2]
2024-07-26 00:13:18,515 [info]: GetText fromBy.xpath: //div[@class='dropdown__selector__selected']/label
Test Passed: Categories_VerifyLinkedEmailTemplates
]]></system-out>
    <system-err><![CDATA[org.openqa.selenium.TimeoutException: Expected condition failed: waiting for visibility of element located by By.cssSelector: #skip-inspection (tried for 60 second(s) with 1000 milliseconds interval)
Build info: version: '4.11.0', revision: '040bc5406b'
System info: os.name: 'Windows 11', os.arch: 'amd64', os.version: '10.0', java.version: '18.0.2.1'
Driver info: driver.version: unknown
	at org.openqa.selenium.support.ui.FluentWait.timeoutException(FluentWait.java:262)
	at org.openqa.selenium.support.ui.FluentWait.until(FluentWait.java:230)
	at CommonMethods.Helper.waitUntilElementIsVisible(Helper.java:148)
	at POM.CDP_Utility.CDP_VerifyUserAbleGenerateNoticeOutsideofInspection(CDP_Utility.java:671)
	at TestCases.CDP.CDP_VerifyUserAbleGenerateNoticeOutsideofInspection(CDP.java:153)
	at java.base/jdk.internal.reflect.DirectMethodHandleAccessor.invoke(DirectMethodHandleAccessor.java:104)
	at java.base/java.lang.reflect.Method.invoke(Method.java:577)
	at org.testng.internal.invokers.MethodInvocationHelper.invokeMethod(MethodInvocationHelper.java:135)
	at org.testng.internal.invokers.TestInvoker.invokeMethod(TestInvoker.java:673)
	at org.testng.internal.invokers.TestInvoker.invokeTestMethod(TestInvoker.java:220)
	at org.testng.internal.invokers.MethodRunner.runInSequence(MethodRunner.java:50)
	at org.testng.internal.invokers.TestInvoker$MethodInvocationAgent.invoke(TestInvoker.java:945)
	at org.testng.internal.invokers.TestInvoker.invokeTestMethods(TestInvoker.java:193)
	at org.testng.internal.invokers.TestMethodWorker.invokeTestMethods(TestMethodWorker.java:146)
	at org.testng.internal.invokers.TestMethodWorker.run(TestMethodWorker.java:128)
	at java.base/java.util.concurrent.ThreadPoolExecutor.runWorker(ThreadPoolExecutor.java:1136)
	at java.base/java.util.concurrent.ThreadPoolExecutor$Worker.run(ThreadPoolExecutor.java:635)
	at java.base/java.lang.Thread.run(Thread.java:833)
]]></system-err>
  </testcase>
  <testcase name="Categories_VerifyCategoryCreation" classname="TestCases.Categories" time="6.687">
    <system-out><![CDATA[2024-07-26 00:13:20,186 [info]: Click By JS By.xpath: (//div[@class='table__pagination-nav-btns']//button)[1]
2024-07-26 00:13:20,316 [info]: Sendkeys on By.xpath: //input[@name='lastName'] with value MPyxYb
2024-07-26 00:13:21,076 [info]: Click By JS By.xpath: (//div[@class='table__pagination-nav-btns']//button)[1]
2024-07-26 00:13:21,317 [info]: Sendkeys on By.xpath: //input[@name='email'] with value prodadminCRMhlCUxHMPyxYb@yopmail.com
2024-07-26 00:13:21,553 [info]: Clicked on By.xpath: //label[text()='Role']/following::span[1]
2024-07-26 00:13:21,619 [info]: Click By JS By.xpath: (//div[@class='table__pagination-nav-btns']//button)[1]
2024-07-26 00:13:22,001 [info]: Clicked on By.xpath: //*[text()='Product Admin CRM']
2024-07-26 00:13:22,301 [info]: Click By JS By.xpath: (//div[@class='table__pagination-nav-btns']//button)[1]
2024-07-26 00:13:22,466 [info]: Clicked on By.xpath: //label[text()='Add Group']
2024-07-26 00:13:23,017 [info]: Click By JS By.xpath: (//div[@class='table__pagination-nav-btns']//button)[1]
2024-07-26 00:13:23,816 [info]: Sendkeys on By.xpath: (//input[@placeholder='Search...'])[2] with value Amandeep
2024-07-26 00:13:23,883 [info]: Clicked on By.xpath: //label[text()='Admin Group']
2024-07-26 00:13:24,125 [info]: Click By JS By.xpath: (//div[@class='table__pagination-nav-btns']//button)[1]
2024-07-26 00:13:24,389 [info]: Scroll Into View By.xpath: //label[text()='Case Status']/following::span[1]
2024-07-26 00:13:24,462 [info]: Click By JS By.xpath: //label[text()='Case Status']/following::span[1]
2024-07-26 00:13:25,241 [info]: Clicked on By.xpath: //button[text()='Apply']
2024-07-26 00:13:26,611 [info]: GetText fromBy.xpath: (//div[@class='agency-setup-tab__section__header']/h2)[1]
Test Passed: Categories_VerifyCategoryCreation
]]></system-out>
  </testcase>
  <testcase name="Categories_VerifyNoCategoryCreationOnCancel" classname="TestCases.Categories" time="7.546">
    <system-out><![CDATA[2024-07-26 00:13:27,008 [info]: Clicked on By.xpath: //button[text()='Create Category']
2024-07-26 00:13:28,593 [info]: Scroll Into View By.xpath: //span[text()='Closed']
2024-07-26 00:13:28,654 [info]: Clicked on By.xpath: //li//b[text()='Amandeep']
2024-07-26 00:13:28,852 [info]: Scroll Into View By.xpath: (//button[text()='Generate Notice'])[2]
2024-07-26 00:13:29,108 [info]: Sendkeys on By.xpath: //input[@name='name'] with value Category oIrRB
2024-07-26 00:13:29,189 [info]: Click By JS By.xpath: //span[text()='Closed']
2024-07-26 00:13:29,191 [info]: Click By JS By.xpath: //button[text()='Create HTML Notice']
Current IST time: 2024-07-26 00:13:29
2024-07-26 00:13:29,253 [info]: Timestamp 2024-07-26 00:13:29
2024-07-26 00:13:29,287 [info]: Click By JS By.xpath: //span[@class='dropdown__arrow']
2024-07-26 00:13:29,313 [info]: GetText fromBy.xpath: //div[@class='app-header__user-name']/label
2024-07-26 00:13:29,414 [info]: Click By JS By.xpath: //div[@class='user-form__header full-page-modal__header']//button[text()='Create User']
2024-07-26 00:13:30,194 [info]: Clicked on By.xpath: (//button[text()='Generate Notice'])[2]
2024-07-26 00:13:30,430 [info]: Click By JS By.xpath: //button[text()='FA Document']
2024-07-26 00:13:30,470 [info]: Click By JS By.xpath: //div[@id='templateIds']//label
2024-07-26 00:13:30,566 [info]: Scroll Into View By.cssSelector: #header div.app-header__new
2024-07-26 00:13:30,664 [info]: Click By JS By.cssSelector: #header div.app-header__new
2024-07-26 00:13:30,689 [info]: Sendkeys on By.xpath: //input[@name='label'] with value HTML FA btQZ35
2024-07-26 00:13:30,826 [info]: Click By JS By.xpath: //label[text()='Code Enforcement Case']
2024-07-26 00:13:31,914 [info]: Sendkeys on By.id: tinymce with value {{photos}}{{photos_without_uploaded_by}}{{open_violations_list}}{{open_violations_comma_separated}}{{fines_table}}
2024-07-26 00:13:31,926 [info]: Clicked on By.xpath: //button[text()='Add']
2024-07-26 00:13:32,223 [info]: Click By JS By.xpath: //div[@class='flex-row--center dropdown__actions']/button[2]
2024-07-26 00:13:32,238 [info]: Click By JS By.xpath: //button[text()='Create Notice']
2024-07-26 00:13:32,309 [info]: Click By JS By.xpath: //label[text()='Case Status']/following::span[1]
2024-07-26 00:13:32,397 [info]: Click By JS By.xpath: //button[text()='Cancel']
2024-07-26 00:13:34,157 [info]: GetText fromBy.xpath: (//div[@class='agency-setup-tab__section__header']/h2)[1]
Test Passed: Categories_VerifyNoCategoryCreationOnCancel
]]></system-out>
  </testcase>
  <testcase name="Categories_CantCreateCategoryWithExistingName" classname="TestCases.Categories" time="0.402">
    <system-out><![CDATA[2024-07-26 00:13:49,562 [info]: Scroll Into View By.xpath: //a[text()='Manage Notice']
2024-07-26 00:13:49,621 [info]: Clicked on By.xpath: //div[@class='react-autosuggest__suggestion-element']/div
Test Passed: Categories_CantCreateCategoryWithExistingName
]]></system-out>
  </testcase>
  <testcase name="Categories_VerifyUpdatedCategory" classname="TestCases.Categories" time="1.278">
    <system-out><![CDATA[2024-07-26 00:14:10,517 [info]: GetText fromBy.xpath: (//div[@class='agency-setup-tab__section__header']/h2)[2]
Test Passed: Categories_VerifyUpdatedCategory
]]></system-out>
  </testcase>
  <testcase name="Categories_VerifyAccurateCount" classname="TestCases.Categories" time="0.208">
    <system-out><![CDATA[2024-07-26 00:14:10,736 [info]: GetText fromBy.xpath: (//div[@class='agency-setup-tab__section__header']/h2)[1]
Test Passed: Categories_VerifyAccurateCount
]]></system-out>
  </testcase>
  <testcase name="loginAgency" classname="TestCases.ExistingNotice" time="3.777">
    <system-out><![CDATA[2024-07-26 00:14:05,556 [info]: Scroll Into View By.xpath: //button[text()='Generate Notice']
2024-07-26 00:14:06,272 [info]: Scroll Into View By JS [[ChromeDriver: chrome on windows (cc25a4e3a88027035c1e9d4297d76c17)] -> xpath: //*[text()='EscalatedNotice']]
2024-07-26 00:14:07,263 [info]: GetText fromBy.xpath: (//div[@class='agency-setup-tab__section__header']/h2)[1]
2024-07-26 00:14:07,323 [info]: Move to element and Click on [[ChromeDriver: chrome on windows (cc25a4e3a88027035c1e9d4297d76c17)] -> xpath: //*[text()='EscalatedNotice']]
2024-07-26 00:14:07,349 [info]: Scroll Into View By.xpath: (//div[@class='agency-setup-tab__section__header']/h2)[2]
2024-07-26 00:14:07,420 [info]: Click By JS By.xpath: //div[@class='progressive-form active']//button[text()='Continue']
2024-07-26 00:14:08,692 [info]: Scroll Into View By.xpath: //div[@class='progressive-form__footer']//button[text()='Generate Notice']
Test Passed: loginAgency
]]></system-out>
  </testcase>
  <testcase name="existingNotice_OpenConfirmationPopup" classname="TestCases.ExistingNotice" time="0.715">
    <system-out><![CDATA[2024-07-26 00:14:11,362 [info]: Sendkeys on By.id: idp-discovery-username with value MarkShane123@yopmail.com
2024-07-26 00:14:11,485 [info]: GetText fromBy.xpath: //h4[@class='disclaimer-modal__disclaimer-text']
Test Passed: existingNotice_OpenConfirmationPopup
]]></system-out>
  </testcase>
  <testcase name="existingNotice_CloseConfirmationPopup" classname="TestCases.ExistingNotice" time="3.105">
    <system-out><![CDATA[2024-07-26 00:14:13,563 [info]: Clicked on By.xpath: //button[text()='No']
2024-07-26 00:14:13,575 [info]: Move to element and Click on [[ChromeDriver: chrome on windows (cc25a4e3a88027035c1e9d4297d76c17)] -> xpath: //div[@class='progressive-form__footer']//button[text()='Generate Notice']]
2024-07-26 00:14:13,690 [info]: Sendkeys on By.id: okta-signin-password with value Hello@1234
2024-07-26 00:14:13,919 [info]: Clicked on By.id: okta-signin-submit
2024-07-26 00:14:14,529 [info]: Clicked on By.xpath: //button[text()='Generate Notice']
Test Passed: existingNotice_CloseConfirmationPopup
]]></system-out>
  </testcase>
  <testcase name="existingNotice_OpenVerificationInspProgressPopup" classname="TestCases.ExistingNotice" time="6.658">
    <system-out><![CDATA[2024-07-26 00:14:32,770 [info]: Scroll Into View By.xpath: //label[text()='Violation Type']/following::span[1]
2024-07-26 00:14:32,873 [info]: Click By JS By.xpath: //label[text()='Violation Type']/following::span[1]
2024-07-26 00:14:33,492 [info]: Scroll Into View By.xpath: //button[text()='Create Category']
2024-07-26 00:14:33,588 [info]: Click By JS By.xpath: //button[text()='Create Category']
2024-07-26 00:14:34,007 [info]: Scroll Into View By.cssSelector: div.case-details__close-icon img
2024-07-26 00:14:34,353 [info]: Click By JS By.cssSelector: div.case-details__close-icon img
2024-07-26 00:14:34,561 [info]: GetText fromBy.xpath: //textarea[@name='internalComment']
2024-07-26 00:14:34,686 [info]: Cleared value from By.xpath: //textarea[@name='internalComment']
2024-07-26 00:14:35,755 [info]: Sendkeys on By.xpath: //textarea[@name='internalComment'] with value Approved Updated
2024-07-26 00:14:35,857 [info]: Click By JS By.xpath: //button[text()='Save']
2024-07-26 00:14:35,900 [info]: Sendkeys on By.xpath: //div[@class='location-tile__inputs-container']//input with value TEXAS CITY Museum
2024-07-26 00:14:36,155 [info]: Scroll Into View By.xpath: //a[text()='Cases']
2024-07-26 00:14:36,345 [info]: Click By JS By.xpath: //a[text()='Cases']
2024-07-26 00:14:36,881 [info]: Sendkeys on By.xpath: //input[@name='name'] with value Category koWjs
2024-07-26 00:14:36,955 [info]: Click By JS By.xpath: //div[@class='full-page-modal__header']//following::button[text()='Create Category']
2024-07-26 00:14:38,246 [info]: Clicked on By.xpath: //li[@id='react-autowhatever-1-section-0-item-0']
Test Passed: existingNotice_OpenVerificationInspProgressPopup
]]></system-out>
  </testcase>
  <testcase name="existingNotice_ExistingNoticeToggle" classname="TestCases.ExistingNotice" time="17.272">
    <system-out><![CDATA[2024-07-26 00:14:49,754 [info]: Sendkeys on By.xpath: //input[@name='name'] with value Category ZbB4A
2024-07-26 00:14:49,937 [info]: Click By JS By.xpath: //div[@class='full-page-modal__header']//following::button[text()='Create Category']
2024-07-26 00:14:49,993 [info]: Clicked on By.xpath: (//div[@class='progressive-form__footer']//button[@class='square-btn btn btn-primary'])[3]
2024-07-26 00:14:50,281 [info]: Click By JS By.xpath: //*[@class='case-details__close-icon']/img
2024-07-26 00:14:51,342 [info]: Clicked on By.xpath: //div[@class='apply-notice-footer']//button[1]
2024-07-26 00:14:52,380 [info]: Sendkeys on By.xpath: //div/input[@placeholder='Start typing name of violation, article number or issue description'] with value Wa
2024-07-26 00:14:52,763 [info]: Clicked on By.xpath: //div[@class='react-autosuggest__suggestion-element']/div
2024-07-26 00:14:53,667 [info]: Click By JS By.xpath: //*[@class='app-header__user-name']/div
2024-07-26 00:14:53,803 [info]: Clicked on By.xpath: //div[@class='case-inspection__print-notice']//button[text()='Do Not Print']
2024-07-26 00:14:54,208 [info]: Clicked on By.xpath: //div[@class='case-inspection__notice-action-buttons']/button[2]
2024-07-26 00:14:55,855 [info]: Click By JS By.xpath: //label[text()='Logout']
2024-07-26 00:14:55,879 [info]: Scroll Into View By.xpath: //div[@class='contact-tile tile']//input
2024-07-26 00:14:56,157 [info]: Clicked on By.xpath: //div[@class='contact-tile tile']//input
2024-07-26 00:14:56,173 [info]: Scroll Into View By.xpath: //button[text()='Create Category']
2024-07-26 00:14:56,302 [info]: Click By JS By.xpath: //button[text()='Create Category']
2024-07-26 00:14:56,347 [info]: Click By JS By.xpath: //div[@class='contact-tile tile']//div[@class='react-autosuggest__function']
2024-07-26 00:14:56,655 [info]: Sendkeys on By.xpath: //input[@name='name'] with value toXXaxBr
2024-07-26 00:14:56,873 [info]: Sendkeys on By.xpath: //input[@name='email'] with value toXXaxBr@yopmail.com
2024-07-26 00:14:57,104 [info]: Sendkeys on By.xpath: //input[@name='workPhone'] with value 3427660076
2024-07-26 00:14:57,139 [info]: Scroll Into View By.xpath: (//div[@class='full-page-modal__header']//button[2])[2]
2024-07-26 00:14:57,292 [info]: Clicked on By.xpath: (//div[@class='full-page-modal__header']//button[2])[2]
2024-07-26 00:14:58,817 [info]: GetText fromBy.xpath: //h4[text()='Notice created independent of Follow-up inspection']
2024-07-26 00:14:59,092 [info]: Clicked on By.xpath: //button[text()='Perform Inspection']
2024-07-26 00:14:59,643 [info]: Clicked on By.xpath: //span/label[text()='Property Owner']
2024-07-26 00:14:59,862 [info]: Clicked on By.xpath: //button[text()='Apply']
2024-07-26 00:14:59,889 [info]: Scroll Into View By.xpath: //span[contains(text(),'Attachments')]//following-sibling::button
2024-07-26 00:14:59,997 [info]: Click By JS By.xpath: //span[contains(text(),'Attachments')]//following-sibling::button
2024-07-26 00:15:00,487 [info]: Sendkeys on By.xpath: //input[@name='name'] with value Category DYHYx
2024-07-26 00:15:00,590 [info]: Click By JS By.xpath: //div[@class='full-page-modal__header']//following::button[text()='Create Category']
hello true 1
2024-07-26 00:15:01,792 [info]: Clicked on By.xpath: //button[text()='Yes']
2024-07-26 00:15:04,240 [info]: Sendkeys on By.id: idp-discovery-username with value nonsupervisorStage@yopmail.com
2024-07-26 00:15:04,392 [info]: Clicked on By.id: idp-discovery-submit
2024-07-26 00:15:05,232 [info]: Clicked on By.xpath: //button[text()='Non-Compliant']
2024-07-26 00:15:05,265 [info]: Scroll Into View By.xpath: //div[@class='footer_actions']//button[text()='Continue']
2024-07-26 00:15:05,687 [info]: Clicked on By.xpath: //div[@class='footer_actions']//button[text()='Continue']
2024-07-26 00:15:05,794 [info]: Click By JS By.xpath: //button[text()='Existing Notice']
2024-07-26 00:15:06,094 [info]: Sendkeys on By.id: okta-signin-password with value Hello@1234
2024-07-26 00:15:06,326 [info]: Clicked on By.id: okta-signin-submit
2024-07-26 00:15:06,900 [info]: Scroll Into View By.xpath: //button[text()='Create Category']
2024-07-26 00:15:06,992 [info]: Get Attribute value from By.xpath: //button[text()='Existing Notice']
Test Passed: existingNotice_ExistingNoticeToggle
]]></system-out>
  </testcase>
  <testcase name="existingNotice_AppearsUnappliedNotice" classname="TestCases.ExistingNotice" time="2.205">
    <system-out><![CDATA[2024-07-26 00:15:07,037 [info]: Click By JS By.xpath: //button[text()='Create Category']
2024-07-26 00:15:09,076 [info]: Click By JS By.xpath: (//div[@class='multi-choice-buttons']//button[@class='square-btn btn btn-primary'])[2]
2024-07-26 00:15:09,196 [info]: Get Attribute value from By.xpath: (//div[@class='multi-choice-buttons']//button[@class='square-btn btn btn-primary'])[2]
Test Passed: existingNotice_AppearsUnappliedNotice
]]></system-out>
  </testcase>
  <testcase name="existingNotice_OpensViewNoticePopup" classname="TestCases.ExistingNotice" time="2.104">
    <system-out><![CDATA[2024-07-26 00:15:09,454 [info]: Clicked on By.xpath: //button[text()='Add']
2024-07-26 00:15:09,488 [info]: Scroll Into View By.xpath: //span[contains(text(),'Attachments')]//following-sibling::button
2024-07-26 00:15:09,490 [info]: Clicked on By.xpath: //u[text()='Manage Notice']
2024-07-26 00:15:09,650 [info]: Click By JS By.xpath: //span[contains(text(),'Attachments')]//following-sibling::button
2024-07-26 00:15:11,232 [info]: Click By JS By.xpath: //button[text()='No']
2024-07-26 00:15:11,300 [info]: Get Attribute value from By.xpath: //div[@class='preview-form-header']
Test Passed: existingNotice_OpensViewNoticePopup
]]></system-out>
  </testcase>
  <testcase name="existingNotice_CompleteInpandApplyNotice" classname="TestCases.ExistingNotice" time="7.722">
    <system-out><![CDATA[2024-07-26 00:15:11,337 [info]: Scroll Into View By.xpath: (//div[@class='view-notice__footer']//button)[2]
2024-07-26 00:15:11,644 [info]: Clicked on By.xpath: (//div[@class='view-notice__footer']//button)[2]
2024-07-26 00:15:12,000 [info]: Scroll Into View By.xpath: //button[text()='Finish Inspection and Apply']
2024-07-26 00:15:12,331 [info]: Clicked on By.xpath: //button[text()='Finish Inspection and Apply']
2024-07-26 00:15:13,039 [info]: Scroll Into View By.cssSelector: #header div.app-header__new
2024-07-26 00:15:13,162 [info]: Click By JS By.cssSelector: #header div.app-header__new
2024-07-26 00:15:13,591 [info]: Sendkeys on By.xpath: //input[@name='name'] with value Category 6xVWP
2024-07-26 00:15:13,693 [info]: Click By JS By.xpath: //div[@class='full-page-modal__header']//following::button[text()='Create Category']
2024-07-26 00:15:14,296 [info]: Click By JS By.xpath: //label[text()='Code Enforcement Case']
2024-07-26 00:15:14,651 [info]: Clicked on By.xpath: //button[text()='Yes']
2024-07-26 00:15:17,757 [info]: Clicked on By.xpath: //button[text()='Add']
Test Passed: existingNotice_CompleteInpandApplyNotice
]]></system-out>
  </testcase>
  <testcase name="existingNotice_DeleteandReissueNotice" classname="TestCases.ExistingNotice" time="0.139">
    <system-out><![CDATA[2024-07-26 00:15:56,750 [info]: GetText fromBy.xpath: //h4[text()='Notice created independent of Follow-up inspection']
Test Passed: existingNotice_DeleteandReissueNotice
]]></system-out>
  </testcase>
  <testcase name="existingNotice_DeleteNotice" classname="TestCases.ExistingNotice" time="2.631">
    <failure message="The following asserts failed:&#10;	expected [Follow Up Inspection] but found []" type="java.lang.AssertionError"><![CDATA[java.lang.AssertionError: 
The following asserts failed:
	expected [Follow Up Inspection] but found []
	at org.testng.asserts.SoftAssert.assertAll(SoftAssert.java:46)
	at org.testng.asserts.SoftAssert.assertAll(SoftAssert.java:30)
	at POM.ExistingNoticeUtility.existingNotice_DeleteNotice(ExistingNoticeUtility.java:398)
	at TestCases.ExistingNotice.existingNotice_DeleteNotice(ExistingNotice.java:90)
	at java.base/jdk.internal.reflect.DirectMethodHandleAccessor.invoke(DirectMethodHandleAccessor.java:104)
	at java.base/java.lang.reflect.Method.invoke(Method.java:577)
	at org.testng.internal.invokers.MethodInvocationHelper.invokeMethod(MethodInvocationHelper.java:135)
	at org.testng.internal.invokers.TestInvoker.invokeMethod(TestInvoker.java:673)
	at org.testng.internal.invokers.TestInvoker.invokeTestMethod(TestInvoker.java:220)
	at org.testng.internal.invokers.MethodRunner.runInSequence(MethodRunner.java:50)
	at org.testng.internal.invokers.TestInvoker$MethodInvocationAgent.invoke(TestInvoker.java:945)
	at org.testng.internal.invokers.TestInvoker.invokeTestMethods(TestInvoker.java:193)
	at org.testng.internal.invokers.TestMethodWorker.invokeTestMethods(TestMethodWorker.java:146)
	at org.testng.internal.invokers.TestMethodWorker.run(TestMethodWorker.java:128)
	at java.base/java.util.concurrent.ThreadPoolExecutor.runWorker(ThreadPoolExecutor.java:1136)
	at java.base/java.util.concurrent.ThreadPoolExecutor$Worker.run(ThreadPoolExecutor.java:635)
	at java.base/java.lang.Thread.run(Thread.java:833)
]]></failure>
    <system-out><![CDATA[2024-07-26 00:15:56,774 [info]: Scroll Into View By.xpath: //button[text()='Apply Notice']
2024-07-26 00:15:57,386 [info]: Click By JS By.xpath: //a[text()='Clear all filters']
2024-07-26 00:15:57,426 [info]: Clicked on By.xpath: //button[text()='Apply Notice']
2024-07-26 00:15:57,505 [info]: GetText fromBy.xpath: //h1[text()='Follow Up Inspection']
Test Failed: existingNotice_DeleteNotice
2024-07-26 00:15:57,650 [info]: Scroll Into View By.xpath: //div[@class='progressive-form__footer']//button[text()='Generate Notice']
2024-07-26 00:15:57,860 [info]: Move to element and Click on [[ChromeDriver: chrome on windows (e46ac8c7af62fde87989f429a6eca9aa)] -> xpath: //div[@class='progressive-form__footer']//button[text()='Generate Notice']]
2024-07-26 00:15:58,192 [info]: Scroll to the Top.
2024-07-26 00:15:58,268 [info]: Scroll Into View By.xpath: //a[text()='Manage Notice']
2024-07-26 00:15:58,441 [info]: Sendkeys on By.id: okta-signin-password with value Hello@1234
2024-07-26 00:15:58,750 [info]: Clicked on By.id: okta-signin-submit
2024-07-26 00:15:59,190 [info]: Scroll Into View By.xpath: //div[@class='case-inspection__print-notice']//button[text()='Do Not Print']
]]></system-out>
  </testcase>
  <testcase name="loginAgency" classname="TestCases.GenerateNoticeOutOfInspection" time="7.776">
    <system-out><![CDATA[2024-07-26 00:14:24,858 [info]: GetText fromBy.xpath: //div[@class='app-header__user-name']/label
Test Passed: loginAgency
]]></system-out>
  </testcase>
  <testcase name="preRequisite" classname="TestCases.GenerateNoticeOutOfInspection" time="10.168">
    <system-out><![CDATA[2024-07-26 00:15:59,448 [info]: Click By JS By.xpath: //div[@class='case-inspection__print-notice']//button[text()='Do Not Print']
2024-07-26 00:15:59,602 [info]: Click By JS By.xpath: //button[text()='Issue Notice & Complete Inspection']
2024-07-26 00:15:59,698 [info]: Click By JS By.xpath: //button[text()='Yes']
2024-07-26 00:16:00,188 [info]: Clicked on By.xpath: //a[text()='Manage Notice']
2024-07-26 00:16:00,402 [info]: Click By JS By.xpath: //label[text()='Location Required']
2024-07-26 00:16:00,730 [info]: Clicked on By.xpath: //button[text()='Add']
2024-07-26 00:16:00,770 [info]: Scroll Into View By.xpath: //span[contains(text(),'Attachments')]//following-sibling::button
2024-07-26 00:16:00,970 [info]: Click By JS By.xpath: //span[contains(text(),'Attachments')]//following-sibling::button
2024-07-26 00:16:02,392 [info]: Sendkeys on By.xpath: //input[@name='name'] with value Location Required
2024-07-26 00:16:02,486 [info]: Click By JS By.xpath: //div[@class='full-page-modal__header']//following::button[text()='Create Category']
2024-07-26 00:16:02,586 [info]: Clicked on By.xpath: //a[text()='Delete and Reissue']
2024-07-26 00:16:05,609 [info]: Clicked on By.xpath: //button[text()='Yes']
Test Passed: preRequisite
]]></system-out>
    <system-err><![CDATA[Jul 26, 2024 12:15:59 AM org.openqa.selenium.remote.http.WebSocket$Listener onError
WARNING: Connection reset
java.net.SocketException: Connection reset
	at java.base/sun.nio.ch.SocketChannelImpl.throwConnectionReset(SocketChannelImpl.java:394)
	at java.base/sun.nio.ch.SocketChannelImpl.read(SocketChannelImpl.java:426)
	at io.netty.buffer.PooledByteBuf.setBytes(PooledByteBuf.java:256)
	at io.netty.buffer.AbstractByteBuf.writeBytes(AbstractByteBuf.java:1132)
	at io.netty.channel.socket.nio.NioSocketChannel.doReadBytes(NioSocketChannel.java:357)
	at io.netty.channel.nio.AbstractNioByteChannel$NioByteUnsafe.read(AbstractNioByteChannel.java:151)
	at io.netty.channel.nio.NioEventLoop.processSelectedKey(NioEventLoop.java:788)
	at io.netty.channel.nio.NioEventLoop.processSelectedKeysOptimized(NioEventLoop.java:724)
	at io.netty.channel.nio.NioEventLoop.processSelectedKeys(NioEventLoop.java:650)
	at io.netty.channel.nio.NioEventLoop.run(NioEventLoop.java:562)
	at io.netty.util.concurrent.SingleThreadEventExecutor$4.run(SingleThreadEventExecutor.java:997)
	at io.netty.util.internal.ThreadExecutorMap$2.run(ThreadExecutorMap.java:74)
	at io.netty.util.concurrent.FastThreadLocalRunnable.run(FastThreadLocalRunnable.java:30)
	at java.base/java.lang.Thread.run(Thread.java:833)

]]></system-err>
  </testcase>
  <testcase name="verifyGenerateNoticePopUpOpensUp" classname="TestCases.GenerateNoticeOutOfInspection" time="0.503">
    <system-out><![CDATA[2024-07-26 00:16:06,993 [info]: Scroll Into View By.xpath: //button[text()='Generate Notice']
2024-07-26 00:16:07,096 [info]: Click By JS By.xpath: //button[text()='Generate Notice']
2024-07-26 00:16:07,156 [info]: GetText fromBy.xpath: //h1/b
true false
2024-07-26 00:16:07,376 [info]: Scroll Into View By.xpath: (//button[text()='Continue'])[1]
true false
Test Passed: verifyGenerateNoticePopUpOpensUp
]]></system-out>
  </testcase>
  <testcase name="verifyViolationsCannotBeUpdated" classname="TestCases.GenerateNoticeOutOfInspection" time="0.002">
    <system-out><![CDATA[Test Passed: verifyViolationsCannotBeUpdated
]]></system-out>
  </testcase>
  <testcase name="verifyResolutionSectionIsDisplayed" classname="TestCases.GenerateNoticeOutOfInspection" time="0.141">
    <system-out><![CDATA[Test Passed: verifyResolutionSectionIsDisplayed
]]></system-out>
  </testcase>
  <testcase name="verifyUserIsAbleToUpdateResolutionSection" classname="TestCases.GenerateNoticeOutOfInspection" time="2.552">
    <system-out><![CDATA[2024-07-26 00:16:07,609 [info]: GetText fromBy.xpath: //*[@name='resolutionAction']
2024-07-26 00:16:07,630 [info]: Click By JS By.xpath: //*[@name='resolutionAction']
2024-07-26 00:16:08,068 [info]: Click By JS By.xpath: (//button[text()='Continue'])[1]
2024-07-26 00:16:08,930 [info]: GetText fromBy.xpath: //div[@class='app-header__user-name']/label
2024-07-26 00:16:09,396 [info]: Scroll Into View By.xpath: //button[text()='Create Category']
2024-07-26 00:16:09,564 [info]: Clicked on By.xpath: //button[text()='Add']
2024-07-26 00:16:09,564 [info]: Click By JS By.xpath: //button[text()='Create Category']
7
2024-07-26 00:16:10,052 [info]: Click By JS By.xpath: //*[text()='HTML Mandatory Notice']
2024-07-26 00:16:10,077 [info]: Sendkeys on By.xpath: //*[@name='resolutionAction'] with value Resolution action is updated
2024-07-26 00:16:10,117 [info]: GetText fromBy.xpath: //*[@name='resolutionAction']
Test Passed: verifyUserIsAbleToUpdateResolutionSection
]]></system-out>
    <system-err><![CDATA[org.openqa.selenium.NoSuchElementException: no such element: Unable to locate element: {"method":"xpath","selector":"//img[@src='/assets/loading.gif']"}
  (Session info: chrome=115.0.5790.170)
For documentation on this error, please visit: https://www.selenium.dev/documentation/webdriver/troubleshooting/errors#no-such-element-exception
Build info: version: '4.11.0', revision: '040bc5406b'
System info: os.name: 'Windows 11', os.arch: 'amd64', os.version: '10.0', java.version: '18.0.2.1'
Driver info: org.openqa.selenium.chrome.ChromeDriver
Command: [17815f433c2d03edfeea8d0d43538058, findElement {using=xpath, value=//img[@src='/assets/loading.gif']}]
Capabilities {acceptInsecureCerts: false, browserName: chrome, browserVersion: 115.0.5790.170, chrome: {chromedriverVersion: 115.0.5790.170 (cc0d30c2ca5..., userDataDir: C:\Users\SQELAB~1\AppData\L...}, goog:chromeOptions: {debuggerAddress: localhost:62519}, networkConnectionEnabled: false, pageLoadStrategy: normal, platformName: windows, proxy: Proxy(), se:cdp: ws://localhost:62519/devtoo..., se:cdpVersion: 115.0.5790.170, setWindowRect: true, strictFileInteractability: false, timeouts: {implicit: 0, pageLoad: 300000, script: 30000}, unhandledPromptBehavior: dismiss and notify, webauthn:extension:credBlob: true, webauthn:extension:largeBlob: true, webauthn:extension:minPinLength: true, webauthn:extension:prf: true, webauthn:virtualAuthenticators: true}
Session ID: 17815f433c2d03edfeea8d0d43538058
	at java.base/jdk.internal.reflect.DirectConstructorHandleAccessor.newInstance(DirectConstructorHandleAccessor.java:67)
	at java.base/java.lang.reflect.Constructor.newInstanceWithCaller(Constructor.java:499)
	at java.base/java.lang.reflect.Constructor.newInstance(Constructor.java:483)
	at org.openqa.selenium.remote.codec.w3c.W3CHttpResponseCodec.createException(W3CHttpResponseCodec.java:200)
	at org.openqa.selenium.remote.codec.w3c.W3CHttpResponseCodec.decode(W3CHttpResponseCodec.java:133)
	at org.openqa.selenium.remote.codec.w3c.W3CHttpResponseCodec.decode(W3CHttpResponseCodec.java:52)
	at org.openqa.selenium.remote.HttpCommandExecutor.execute(HttpCommandExecutor.java:191)
	at org.openqa.selenium.remote.service.DriverCommandExecutor.invokeExecute(DriverCommandExecutor.java:196)
	at org.openqa.selenium.remote.service.DriverCommandExecutor.execute(DriverCommandExecutor.java:171)
	at org.openqa.selenium.remote.RemoteWebDriver.execute(RemoteWebDriver.java:518)
	at org.openqa.selenium.remote.ElementLocation$ElementFinder$2.findElement(ElementLocation.java:165)
	at org.openqa.selenium.remote.ElementLocation.findElement(ElementLocation.java:59)
	at org.openqa.selenium.remote.RemoteWebDriver.findElement(RemoteWebDriver.java:355)
	at org.openqa.selenium.remote.RemoteWebDriver.findElement(RemoteWebDriver.java:349)
	at CommonMethods.Helper.waitForCurserRunning(Helper.java:289)
	at POM.CDP_Utility.CDP_VerifyUserAbleToDeleteAndReissueNotice(CDP_Utility.java:738)
	at TestCases.CDP.CDP_VerifyUserAbleToDeleteAndReissueNotice(CDP.java:166)
	at java.base/jdk.internal.reflect.DirectMethodHandleAccessor.invoke(DirectMethodHandleAccessor.java:104)
	at java.base/java.lang.reflect.Method.invoke(Method.java:577)
	at org.testng.internal.invokers.MethodInvocationHelper.invokeMethod(MethodInvocationHelper.java:135)
	at org.testng.internal.invokers.TestInvoker.invokeMethod(TestInvoker.java:673)
	at org.testng.internal.invokers.TestInvoker.invokeTestMethod(TestInvoker.java:220)
	at org.testng.internal.invokers.MethodRunner.runInSequence(MethodRunner.java:50)
	at org.testng.internal.invokers.TestInvoker$MethodInvocationAgent.invoke(TestInvoker.java:945)
	at org.testng.internal.invokers.TestInvoker.invokeTestMethods(TestInvoker.java:193)
	at org.testng.internal.invokers.TestMethodWorker.invokeTestMethods(TestMethodWorker.java:146)
	at org.testng.internal.invokers.TestMethodWorker.run(TestMethodWorker.java:128)
	at java.base/java.util.concurrent.ThreadPoolExecutor.runWorker(ThreadPoolExecutor.java:1136)
	at java.base/java.util.concurrent.ThreadPoolExecutor$Worker.run(ThreadPoolExecutor.java:635)
	at java.base/java.lang.Thread.run(Thread.java:833)
]]></system-err>
  </testcase>
  <testcase name="verifyCertifiedMailNoFieldDisplayed" classname="TestCases.GenerateNoticeOutOfInspection" time="0.034">
    <system-out><![CDATA[Test Passed: verifyCertifiedMailNoFieldDisplayed
]]></system-out>
  </testcase>
  <testcase name="verifyUserIsAbleToUpdateCertifiedNumber" classname="TestCases.GenerateNoticeOutOfInspection" time="0.35">
    <system-out><![CDATA[2024-07-26 00:16:10,204 [info]: Scroll Into View By.xpath: (//button[text()='Continue'])[2]
2024-07-26 00:16:10,300 [info]: Click By JS By.xpath: (//button[text()='Continue'])[2]
2024-07-26 00:16:10,443 [info]: Sendkeys on By.xpath: //*[@name='certifiedMailNumber'] with value WKbyKupdated
2024-07-26 00:16:10,501 [info]: Get Attribute value from By.xpath: //*[@name='certifiedMailNumber']
Test Passed: verifyUserIsAbleToUpdateCertifiedNumber
]]></system-out>
  </testcase>
  <testcase name="verifyUserIsAbleToClickContinueBtn" classname="TestCases.GenerateNoticeOutOfInspection" time="0.157">
    <system-out><![CDATA[2024-07-26 00:16:10,526 [info]: Scroll Into View By.xpath: //*[@class='footer_actions']//button[text()='Continue']
2024-07-26 00:16:10,659 [info]: Click By JS By.xpath: //*[@class='footer_actions']//button[text()='Continue']
Test Passed: verifyUserIsAbleToClickContinueBtn
]]></system-out>
  </testcase>
  <testcase name="verifySelectNoticeTypeAndAssociatedFinesSectionDisplayed" classname="TestCases.GenerateNoticeOutOfInspection" time="0.09">
    <system-out><![CDATA[Test Passed: verifySelectNoticeTypeAndAssociatedFinesSectionDisplayed
]]></system-out>
  </testcase>
  <testcase name="verifyOnlyHtmlNoticesDisplayed" classname="TestCases.GenerateNoticeOutOfInspection" time="1.032">
    <system-out><![CDATA[case id is 24-1855
2024-07-26 00:16:11,036 [info]: Scroll Into View By.xpath: //a[text()='Cases']
2024-07-26 00:16:11,184 [info]: Click By JS By.xpath: //a[text()='Cases']
2024-07-26 00:16:11,593 [info]: Scroll Into View By.xpath: (//button[text()='Continue'])[3]
2024-07-26 00:16:11,765 [info]: Click By JS By.xpath: (//button[text()='Continue'])[3]
Test Passed: verifyOnlyHtmlNoticesDisplayed
]]></system-out>
  </testcase>
  <testcase name="verifyUserIsAbleToSelectAnyNotice" classname="TestCases.GenerateNoticeOutOfInspection" time="0.673">
    <system-out><![CDATA[3
Notice is HTML Mandatory Notice
Notice is HTML Flat Fine Notice
Notice is Notice For Violation Fine Linked To Violations
Test Passed: verifyUserIsAbleToSelectAnyNotice
]]></system-out>
  </testcase>
  <testcase name="verifyUserIsAbleToSelectADate" classname="TestCases.GenerateNoticeOutOfInspection" time="1.509">
    <system-out><![CDATA[2024-07-26 00:16:12,647 [info]: Get Attribute value from By.xpath: //*[@class='field__input row']//div[@class='rdt']//*[@name='issuedAt']
2024-07-26 00:16:12,723 [info]: Click By JS By.xpath: (//*[@class='datepicker-image'])[1]
42
2024-07-26 00:16:13,767 [info]: Click By JS By.xpath: //button[text()='No']
2024-07-26 00:16:13,960 [info]: Get Attribute value from By.xpath: //*[@class='field__input row']//div[@class='rdt']//*[@name='issuedAt']
Test Passed: verifyUserIsAbleToSelectADate
]]></system-out>
  </testcase>
  <testcase name="verifyFineAssociatedWithNoticeIsDisplayed" classname="TestCases.GenerateNoticeOutOfInspection" time="0.172">
    <system-out><![CDATA[2024-07-26 00:16:14,016 [info]: Sendkeys on By.xpath: //input[@name='searchQuery'] with value 24-1855
2024-07-26 00:16:14,018 [info]: Click By JS By.xpath: //button[contains(text(),'Mandatory')]
2024-07-26 00:16:14,134 [info]: Get Attribute value from By.xpath: //*[@name='amount']
fine added 100.00
Test Passed: verifyFineAssociatedWithNoticeIsDisplayed
]]></system-out>
  </testcase>
  <testcase name="verifyUserIsAbleToAddNewFine" classname="TestCases.GenerateNoticeOutOfInspection" time="3.756">
    <system-out><![CDATA[2024-07-26 00:16:14,246 [info]: Click By JS By.xpath: //a//*[@class='case-inspection__fine-add-icon']
2024-07-26 00:16:14,653 [info]: Scroll Into View By.xpath: //div/button[text()='Create Case']
2024-07-26 00:16:15,313 [info]: Clicked on By.xpath: //div/button[text()='Create Case']
2024-07-26 00:16:15,547 [info]: Sendkeys on By.xpath: //input[@name='name'] with value Location Not Included
2024-07-26 00:16:15,627 [info]: Click By JS By.xpath: //div[@class='full-page-modal__header']//following::button[text()='Create Category']
2024-07-26 00:16:16,359 [info]: Sendkeys on By.xpath: //input[@name='searchQuery'] with value 7030-0159-0010-000
2024-07-26 00:16:17,177 [info]: Clicked on By.xpath: //button[text()='Perform Inspection']
2024-07-26 00:16:17,390 [info]: Scroll Into View By.xpath: //button[text()='Create & Perform Inspection']
2024-07-26 00:16:17,548 [info]: Move to element and Click on [[ChromeDriver: chrome on windows (e46ac8c7af62fde87989f429a6eca9aa)] -> xpath: //*[text()='Select Option']]
2024-07-26 00:16:17,685 [info]: Clicked on By.xpath: //button[text()='Create & Perform Inspection']
2024-07-26 00:16:17,763 [info]: Move to element and Click on [[ChromeDriver: chrome on windows (e46ac8c7af62fde87989f429a6eca9aa)] -> xpath: //*[@class='Select-menu']/div]
2024-07-26 00:16:17,811 [info]: Click By JS By.xpath: (//*[@class='modal-content']//*[text()='Add Fine'])[2]
Test Passed: verifyUserIsAbleToAddNewFine
]]></system-out>
  </testcase>
  <testcase name="verifyUserIsDirectedToReviewOpenViolationsAndComplyByDates" classname="TestCases.GenerateNoticeOutOfInspection" time="0.378">
    <system-out><![CDATA[2024-07-26 00:16:17,923 [info]: Scroll Into View By.xpath: (//*[@class='progressive-form__footer']/button)[1]
2024-07-26 00:16:18,059 [info]: Click By JS By.xpath: (//*[@class='progressive-form__footer']/button)[1]
Test Passed: verifyUserIsDirectedToReviewOpenViolationsAndComplyByDates
]]></system-out>
  </testcase>
  <testcase name="verifyAutoCalculatedDateAppearsByDefault" classname="TestCases.GenerateNoticeOutOfInspection" time="0.107">
    <system-out><![CDATA[2024-07-26 00:16:18,372 [info]: Get Attribute value from By.xpath: //*[@name='complyByDate']
Test Passed: verifyAutoCalculatedDateAppearsByDefault
]]></system-out>
  </testcase>
  <testcase name="verifyUserIsAbleToUpdateComplyByDate" classname="TestCases.GenerateNoticeOutOfInspection" time="0.26">
    <system-out><![CDATA[2024-07-26 00:16:18,448 [info]: Get Attribute value from By.xpath: //*[@name='complyByDate']
2024-07-26 00:16:18,473 [info]: Scroll Into View By.xpath: //*[@name='complyByDate']
2024-07-26 00:16:18,501 [info]: Click By JS By.xpath: //*[@name='complyByDate']
2024-07-26 00:16:18,635 [info]: Get Attribute value from By.xpath: //*[@name='complyByDate']
Test Passed: verifyUserIsAbleToUpdateComplyByDate
]]></system-out>
  </testcase>
  <testcase name="verifyUserIsDirectedToFollowUpInspectionDatePage" classname="TestCases.GenerateNoticeOutOfInspection" time="0.256">
    <system-out><![CDATA[2024-07-26 00:16:18,663 [info]: Scroll Into View By.xpath: (//*[@class='progressive-form__footer']/button[text()='Continue'])[2]
2024-07-26 00:16:18,814 [info]: Click By JS By.xpath: (//*[@class='progressive-form__footer']/button[text()='Continue'])[2]
Test Passed: verifyUserIsDirectedToFollowUpInspectionDatePage
]]></system-out>
  </testcase>
  <testcase name="verifyUserIsAbleToUpdateFollowUpInspectionDate" classname="TestCases.GenerateNoticeOutOfInspection" time="0.459">
    <system-out><![CDATA[2024-07-26 00:16:18,975 [info]: Click By JS By.xpath: //*[@name='skipFollowUpInspection']
2024-07-26 00:16:19,075 [info]: Get Attribute value from By.xpath: //*[@name='inspectionPlannedDate']
2024-07-26 00:16:19,108 [info]: Click By JS By.xpath: (//*[@class='datepicker-image'])[1]
2024-07-26 00:16:19,291 [info]: Click By JS By.xpath: //a[text()='24-1855']
2024-07-26 00:16:19,350 [info]: Get Attribute value from By.xpath: //*[@name='inspectionPlannedDate']
Test Passed: verifyUserIsAbleToUpdateFollowUpInspectionDate
]]></system-out>
  </testcase>
  <testcase name="verifyUserIsAbleToUpdateFollowUpInspectionAssignee" classname="TestCases.GenerateNoticeOutOfInspection" time="0.122">
    <system-out><![CDATA[2024-07-26 00:16:19,376 [info]: Scroll Into View By.xpath: (//div[@class='multi-choice-buttons'])[2]/button[3]
2024-07-26 00:16:19,406 [info]: Click By JS By.xpath: (//div[@class='multi-choice-buttons'])[2]/button[3]
2024-07-26 00:16:19,471 [info]: Get Attribute value from By.xpath: (//div[@class='multi-choice-buttons'])[2]/button[3]
square-btn btn btn-primary
Test Passed: verifyUserIsAbleToUpdateFollowUpInspectionAssignee
]]></system-out>
  </testcase>
  <testcase name="verifyUserIsDirectedToGenerateNoticePopUpAfterClickingGenerateNoticeBtn" classname="TestCases.GenerateNoticeOutOfInspection" time="1.255">
    <system-out><![CDATA[2024-07-26 00:16:19,500 [info]: Scroll Into View By.xpath: //button[text()='Generate Notice']
2024-07-26 00:16:19,593 [info]: Click By JS By.xpath: (//button[text()='Generate Notice'])[2]
Test Passed: verifyUserIsDirectedToGenerateNoticePopUpAfterClickingGenerateNoticeBtn
]]></system-out>
  </testcase>
  <testcase name="verifyCorrectPreviewOfHtmlNoticeIsDisplayed" classname="TestCases.GenerateNoticeOutOfInspection" time="4.226">
    <system-out><![CDATA[2024-07-26 00:16:21,903 [info]: Scroll Into View By.xpath: //button[text()='Create Category']
2024-07-26 00:16:22,032 [info]: Click By JS By.xpath: //button[text()='Create Category']
Test Passed: verifyCorrectPreviewOfHtmlNoticeIsDisplayed
]]></system-out>
  </testcase>
  <testcase name="verifyPrintToggleBtnIsSelected" classname="TestCases.GenerateNoticeOutOfInspection" time="0.195">
    <system-out><![CDATA[2024-07-26 00:16:25,027 [info]: Scroll Into View By.xpath: //*[@class='multi-choice-buttons']//button[text()='Print']
2024-07-26 00:16:25,148 [info]: Get Attribute value from By.xpath: //*[@class='multi-choice-buttons']//button[text()='Print']
Test Passed: verifyPrintToggleBtnIsSelected
]]></system-out>
  </testcase>
  <testcase name="verifyNoticeCreatedIndeoendentOfFollowUpInspectionSectionIsDisplayed" classname="TestCases.GenerateNoticeOutOfInspection" time="3.047">
    <system-out><![CDATA[2024-07-26 00:16:27,766 [info]: Click By JS By.xpath: //div[@class='footer_actions']/button[2]
2024-07-26 00:16:28,135 [info]: Sendkeys on By.xpath: //input[@name='name'] with value Category GQVIO
2024-07-26 00:16:28,232 [info]: Click By JS By.xpath: //div[@class='full-page-modal__header']//following::button[text()='Create Category']
0
Test Passed: verifyNoticeCreatedIndeoendentOfFollowUpInspectionSectionIsDisplayed
]]></system-out>
  </testcase>
  <testcase name="verifyApplyNoticeBtnIsDisplayed" classname="TestCases.GenerateNoticeOutOfInspection" time="0.031">
    <system-out><![CDATA[Test Passed: verifyApplyNoticeBtnIsDisplayed
]]></system-out>
  </testcase>
  <testcase name="verifyManageNoticeLinkIsDisplayed" classname="TestCases.GenerateNoticeOutOfInspection" time="0.026">
    <system-out><![CDATA[Test Passed: verifyManageNoticeLinkIsDisplayed
]]></system-out>
  </testcase>
  <testcase name="verifyEditNoticeIsDisplayed" classname="TestCases.GenerateNoticeOutOfInspection" time="0.287">
    <system-out><![CDATA[2024-07-26 00:16:29,964 [info]: Click By JS By.xpath: //div[@class='abatement-activities__draft-notice-cta']/a
2024-07-26 00:16:30,179 [info]: Click By JS By.xpath: //*[@class='view-notice__footer']//*[text()='Close']
Test Passed: verifyEditNoticeIsDisplayed
]]></system-out>
  </testcase>
  <testcase name="verifyAdditionalTextDisplayedOnCloseCasePopUp" classname="TestCases.GenerateNoticeOutOfInspection" time="2.194">
    <system-out><![CDATA[2024-07-26 00:16:34,532 [info]: Scroll Into View By.xpath: //button[text()='Create Category']
2024-07-26 00:16:34,682 [info]: Click By JS By.xpath: //button[text()='Create Category']
2024-07-26 00:16:35,408 [info]: Clicked on By.xpath: //a[text()='Clear all filters']
Test Passed: verifyAdditionalTextDisplayedOnCloseCasePopUp
]]></system-out>
  </testcase>
  <testcase name="verifyUnaplliedNoticeAppearsAfterClosingCase" classname="TestCases.GenerateNoticeOutOfInspection" time="0.037">
    <system-out><![CDATA[2024-07-26 00:16:35,879 [info]: Move to element and Click on [[ChromeDriver: chrome on windows (ae7165f3eac5bf8da1a42ffa9e9d3ef0)] -> xpath: //span[@class='Select-arrow']]
Test Passed: verifyUnaplliedNoticeAppearsAfterClosingCase
]]></system-out>
  </testcase>
  <testcase name="verifyApplyNoticeBtnNotDisplayed" classname="TestCases.GenerateNoticeOutOfInspection" time="0.019">
    <system-out><![CDATA[Test Passed: verifyApplyNoticeBtnNotDisplayed
]]></system-out>
  </testcase>
  <testcase name="verifyViewNoticeBtnNotDisplayed" classname="TestCases.GenerateNoticeOutOfInspection" time="0.041">
    <system-out><![CDATA[Test Passed: verifyViewNoticeBtnNotDisplayed
]]></system-out>
  </testcase>
  <testcase name="verifyConfirmationPopUpOpensAfterClickingApplyNoticeBtn" classname="TestCases.GenerateNoticeOutOfInspection" time="6.024">
    <system-out><![CDATA[2024-07-26 00:16:35,968 [info]: Scroll Into View By.xpath: //button[contains(text(),'More')]
2024-07-26 00:16:35,995 [info]: Click By JS By.xpath: //button[contains(text(),'More')]
2024-07-26 00:16:36,167 [info]: Click By JS By.xpath: //ul[@class='dropdown-button__dropdown-wrap']/li
2024-07-26 00:16:36,236 [info]: Click By JS By.xpath: //button[text()='Non-Compliant']
2024-07-26 00:16:36,339 [info]: Click By JS By.xpath: //button[text()='Reopen Case']
2024-07-26 00:16:38,894 [info]: Click By JS By.xpath: //label[text()='Location Required']
2024-07-26 00:16:40,779 [info]: Sendkeys on By.xpath: //input[@name='name'] with value Category 3PFAs
2024-07-26 00:16:40,879 [info]: Click By JS By.xpath: //div[@class='full-page-modal__header']//following::button[text()='Create Category']
2024-07-26 00:16:40,965 [info]: Scroll Into View By JS [[ChromeDriver: chrome on windows (ae7165f3eac5bf8da1a42ffa9e9d3ef0)] -> xpath: //*[text()='EscalatedNotice']]
Outstanding balance is 100.0
2024-07-26 00:16:41,464 [info]: Scroll Into View By.xpath: //button[text()='Apply Notice']
2024-07-26 00:16:41,670 [info]: Click By JS By.xpath: //button[text()='Apply Notice']
2024-07-26 00:16:41,852 [info]: Click By JS By.xpath: //button[text()='Continue']
Test Passed: verifyConfirmationPopUpOpensAfterClickingApplyNoticeBtn
]]></system-out>
  </testcase>
  <testcase name="verifyConfirmationPopIsClosedAFterCancel" classname="TestCases.GenerateNoticeOutOfInspection" time="1.141">
    <system-out><![CDATA[2024-07-26 00:16:42,072 [info]: Click By JS By.xpath: //button[text()='Cancel']
2024-07-26 00:16:42,260 [info]: Move to element and Click on [[ChromeDriver: chrome on windows (ae7165f3eac5bf8da1a42ffa9e9d3ef0)] -> xpath: //*[text()='EscalatedNotice']]
2024-07-26 00:16:42,386 [info]: Click By JS By.xpath: //div[@class='progressive-form active']//button[text()='Continue']
Test Passed: verifyConfirmationPopIsClosedAFterCancel
]]></system-out>
    <system-err><![CDATA[org.openqa.selenium.TimeoutException: Expected condition failed: waiting for visibility of element located by By.xpath: //div[contains(text(),'CE User')] (tried for 60 second(s) with 1000 milliseconds interval)
Build info: version: '4.11.0', revision: '040bc5406b'
System info: os.name: 'Windows 11', os.arch: 'amd64', os.version: '10.0', java.version: '18.0.2.1'
Driver info: driver.version: unknown
	at org.openqa.selenium.support.ui.FluentWait.timeoutException(FluentWait.java:262)
	at org.openqa.selenium.support.ui.FluentWait.until(FluentWait.java:230)
	at CommonMethods.Helper.waitUntilElementIsVisible(Helper.java:148)
	at POM.CreateCRMUserUtility.CreateCRMUser_UpdateCEOnlyUserToCRMOnly(CreateCRMUserUtility.java:393)
	at TestCases.CreateCRMUser.CreateCRMUser_UpdateCEOnlyUserToCRMOnly(CreateCRMUser.java:79)
	at java.base/jdk.internal.reflect.DirectMethodHandleAccessor.invoke(DirectMethodHandleAccessor.java:104)
	at java.base/java.lang.reflect.Method.invoke(Method.java:577)
	at org.testng.internal.invokers.MethodInvocationHelper.invokeMethod(MethodInvocationHelper.java:135)
	at org.testng.internal.invokers.TestInvoker.invokeMethod(TestInvoker.java:673)
	at org.testng.internal.invokers.TestInvoker.invokeTestMethod(TestInvoker.java:220)
	at org.testng.internal.invokers.MethodRunner.runInSequence(MethodRunner.java:50)
	at org.testng.internal.invokers.TestInvoker$MethodInvocationAgent.invoke(TestInvoker.java:945)
	at org.testng.internal.invokers.TestInvoker.invokeTestMethods(TestInvoker.java:193)
	at org.testng.internal.invokers.TestMethodWorker.invokeTestMethods(TestMethodWorker.java:146)
	at org.testng.internal.invokers.TestMethodWorker.run(TestMethodWorker.java:128)
	at java.base/java.util.concurrent.ThreadPoolExecutor.runWorker(ThreadPoolExecutor.java:1136)
	at java.base/java.util.concurrent.ThreadPoolExecutor$Worker.run(ThreadPoolExecutor.java:635)
	at java.base/java.lang.Thread.run(Thread.java:833)
]]></system-err>
  </testcase>
  <testcase name="verifyUserIsAbleToApplyNoticeAfterClickingYes" classname="TestCases.GenerateNoticeOutOfInspection" time="4.626">
    <system-out><![CDATA[2024-07-26 00:16:43,216 [info]: Click By JS By.xpath: //button[text()='Continue']
2024-07-26 00:16:43,318 [info]: Click By JS By.xpath: //button[text()='Yes']
Test Failed: CreateCRMUser_UpdateCEOnlyUserToCRMOnly
2024-07-26 00:16:43,553 [info]: Scroll Into View By.xpath: //div[@class='progressive-form__footer']//button[text()='Generate Notice']
2024-07-26 00:16:46,194 [info]: Move to element and Click on [[ChromeDriver: chrome on windows (ae7165f3eac5bf8da1a42ffa9e9d3ef0)] -> xpath: //div[@class='progressive-form__footer']//button[text()='Generate Notice']]
2024-07-26 00:16:47,096 [info]: Scroll Into View By.xpath: //button[text()='Create Category']
2024-07-26 00:16:47,513 [info]: Click By JS By.xpath: //button[text()='Create Category']
2024-07-26 00:16:49,329 [info]: Scroll Into View By.xpath: //div[@class='case-inspection__print-notice']//button[text()='Do Not Print']
2024-07-26 00:16:49,372 [info]: Click By JS By.xpath: //div[@class='case-inspection__print-notice']//button[text()='Do Not Print']
Test Passed: verifyUserIsAbleToApplyNoticeAfterClickingYes
]]></system-out>
  </testcase>
  <testcase name="verifyOutstandingBalanceIsUpdated" classname="TestCases.GenerateNoticeOutOfInspection" time="0.023">
    <system-out><![CDATA[Outstanding balance is 100.0
Test Passed: verifyOutstandingBalanceIsUpdated
]]></system-out>
  </testcase>
  <testcase name="verifyGenerateNoticeBtnNotDisplayed" classname="TestCases.GenerateNoticeOutOfInspection" time="6.975">
    <system-out><![CDATA[2024-07-26 00:17:35,814 [info]: Click By JS By.xpath: //*[@class='checkbox-holder']//../a
2024-07-26 00:17:41,087 [info]: Click By JS By.xpath: //button[text()='Approve Notice']
2024-07-26 00:17:42,231 [info]: Scroll Into View By.xpath: //button[text()='Reject']
2024-07-26 00:17:42,293 [info]: Click By JS By.xpath: //button[text()='Reject']
Test Passed: verifyGenerateNoticeBtnNotDisplayed
]]></system-out>
  </testcase>
</testsuite>