<?xml version="1.0" encoding="UTF-8"?>
<testsuite xmlns:xsi="http://www.w3.org/2001/XMLSchema-instance" xsi:noNamespaceSchemaLocation="https://maven.apache.org/surefire/maven-surefire-plugin/xsd/surefire-test-report-3.0.xsd" version="3.0" name="TestSuite" time="56.188" tests="4" errors="0" skipped="0" failures="0">
  <properties>
    <property name="sun.desktop" value="windows"/>
    <property name="awt.toolkit" value="sun.awt.windows.WToolkit"/>
    <property name="java.specification.version" value="11"/>
    <property name="webdriver.chrome.driver" value="C:\Users\SQE Labs\.cache\selenium\chromedriver\win64\115.0.5790.102\chromedriver.exe"/>
    <property name="sun.cpu.isalist" value="amd64"/>
    <property name="sun.jnu.encoding" value="Cp1252"/>
    <property name="java.class.path" value="C:\Users\SQE Labs\Desktop\com.Automatiom\target\test-classes;C:\Users\SQE Labs\Desktop\com.Automatiom\target\classes;C:\Users\SQE Labs\.m2\repository\org\seleniumhq\selenium\selenium-java\4.10.0\selenium-java-4.10.0.jar;C:\Users\SQE Labs\.m2\repository\org\seleniumhq\selenium\selenium-api\4.10.0\selenium-api-4.10.0.jar;C:\Users\SQE Labs\.m2\repository\org\seleniumhq\selenium\selenium-chrome-driver\4.10.0\selenium-chrome-driver-4.10.0.jar;C:\Users\SQE Labs\.m2\repository\com\google\auto\service\auto-service-annotations\1.0.1\auto-service-annotations-1.0.1.jar;C:\Users\SQE Labs\.m2\repository\com\google\auto\service\auto-service\1.0.1\auto-service-1.0.1.jar;C:\Users\SQE Labs\.m2\repository\com\google\auto\auto-common\1.2\auto-common-1.2.jar;C:\Users\SQE Labs\.m2\repository\com\google\guava\guava\31.1-jre\guava-31.1-jre.jar;C:\Users\SQE Labs\.m2\repository\com\google\guava\failureaccess\1.0.1\failureaccess-1.0.1.jar;C:\Users\SQE Labs\.m2\repository\com\google\guava\listenablefuture\9999.0-empty-to-avoid-conflict-with-guava\listenablefuture-9999.0-empty-to-avoid-conflict-with-guava.jar;C:\Users\SQE Labs\.m2\repository\com\google\code\findbugs\jsr305\3.0.2\jsr305-3.0.2.jar;C:\Users\SQE Labs\.m2\repository\org\checkerframework\checker-qual\3.12.0\checker-qual-3.12.0.jar;C:\Users\SQE Labs\.m2\repository\com\google\errorprone\error_prone_annotations\2.11.0\error_prone_annotations-2.11.0.jar;C:\Users\SQE Labs\.m2\repository\com\google\j2objc\j2objc-annotations\1.3\j2objc-annotations-1.3.jar;C:\Users\SQE Labs\.m2\repository\org\seleniumhq\selenium\selenium-chromium-driver\4.10.0\selenium-chromium-driver-4.10.0.jar;C:\Users\SQE Labs\.m2\repository\org\seleniumhq\selenium\selenium-json\4.10.0\selenium-json-4.10.0.jar;C:\Users\SQE Labs\.m2\repository\org\seleniumhq\selenium\selenium-manager\4.10.0\selenium-manager-4.10.0.jar;C:\Users\SQE Labs\.m2\repository\org\seleniumhq\selenium\selenium-devtools-v112\4.10.0\selenium-devtools-v112-4.10.0.jar;C:\Users\SQE Labs\.m2\repository\org\seleniumhq\selenium\selenium-devtools-v113\4.10.0\selenium-devtools-v113-4.10.0.jar;C:\Users\SQE Labs\.m2\repository\org\seleniumhq\selenium\selenium-devtools-v114\4.10.0\selenium-devtools-v114-4.10.0.jar;C:\Users\SQE Labs\.m2\repository\org\seleniumhq\selenium\selenium-devtools-v85\4.10.0\selenium-devtools-v85-4.10.0.jar;C:\Users\SQE Labs\.m2\repository\org\seleniumhq\selenium\selenium-edge-driver\4.10.0\selenium-edge-driver-4.10.0.jar;C:\Users\SQE Labs\.m2\repository\org\seleniumhq\selenium\selenium-firefox-driver\4.10.0\selenium-firefox-driver-4.10.0.jar;C:\Users\SQE Labs\.m2\repository\org\seleniumhq\selenium\selenium-http\4.10.0\selenium-http-4.10.0.jar;C:\Users\SQE Labs\.m2\repository\dev\failsafe\failsafe\3.3.1\failsafe-3.3.1.jar;C:\Users\SQE Labs\.m2\repository\org\seleniumhq\selenium\selenium-ie-driver\4.10.0\selenium-ie-driver-4.10.0.jar;C:\Users\SQE Labs\.m2\repository\org\seleniumhq\selenium\selenium-remote-driver\4.10.0\selenium-remote-driver-4.10.0.jar;C:\Users\SQE Labs\.m2\repository\io\netty\netty-buffer\4.1.92.Final\netty-buffer-4.1.92.Final.jar;C:\Users\SQE Labs\.m2\repository\io\netty\netty-codec-http\4.1.92.Final\netty-codec-http-4.1.92.Final.jar;C:\Users\SQE Labs\.m2\repository\io\netty\netty-codec\4.1.92.Final\netty-codec-4.1.92.Final.jar;C:\Users\SQE Labs\.m2\repository\io\netty\netty-handler\4.1.92.Final\netty-handler-4.1.92.Final.jar;C:\Users\SQE Labs\.m2\repository\io\netty\netty-common\4.1.92.Final\netty-common-4.1.92.Final.jar;C:\Users\SQE Labs\.m2\repository\io\netty\netty-transport-classes-epoll\4.1.92.Final\netty-transport-classes-epoll-4.1.92.Final.jar;C:\Users\SQE Labs\.m2\repository\io\netty\netty-transport-classes-kqueue\4.1.92.Final\netty-transport-classes-kqueue-4.1.92.Final.jar;C:\Users\SQE Labs\.m2\repository\io\netty\netty-transport-native-epoll\4.1.92.Final\netty-transport-native-epoll-4.1.92.Final.jar;C:\Users\SQE Labs\.m2\repository\io\netty\netty-transport-native-kqueue\4.1.92.Final\netty-transport-native-kqueue-4.1.92.Final.jar;C:\Users\SQE Labs\.m2\repository\io\netty\netty-transport-native-unix-common\4.1.92.Final\netty-transport-native-unix-common-4.1.92.Final.jar;C:\Users\SQE Labs\.m2\repository\io\netty\netty-transport\4.1.92.Final\netty-transport-4.1.92.Final.jar;C:\Users\SQE Labs\.m2\repository\io\netty\netty-resolver\4.1.92.Final\netty-resolver-4.1.92.Final.jar;C:\Users\SQE Labs\.m2\repository\io\opentelemetry\opentelemetry-api\1.26.0\opentelemetry-api-1.26.0.jar;C:\Users\SQE Labs\.m2\repository\io\opentelemetry\opentelemetry-context\1.26.0\opentelemetry-context-1.26.0.jar;C:\Users\SQE Labs\.m2\repository\io\opentelemetry\opentelemetry-exporter-logging\1.26.0\opentelemetry-exporter-logging-1.26.0.jar;C:\Users\SQE Labs\.m2\repository\io\opentelemetry\opentelemetry-sdk-metrics\1.26.0\opentelemetry-sdk-metrics-1.26.0.jar;C:\Users\SQE Labs\.m2\repository\io\opentelemetry\opentelemetry-extension-incubator\1.26.0-alpha\opentelemetry-extension-incubator-1.26.0-alpha.jar;C:\Users\SQE Labs\.m2\repository\io\opentelemetry\opentelemetry-sdk-logs\1.26.0-alpha\opentelemetry-sdk-logs-1.26.0-alpha.jar;C:\Users\SQE Labs\.m2\repository\io\opentelemetry\opentelemetry-api-logs\1.26.0-alpha\opentelemetry-api-logs-1.26.0-alpha.jar;C:\Users\SQE Labs\.m2\repository\io\opentelemetry\opentelemetry-api-events\1.26.0-alpha\opentelemetry-api-events-1.26.0-alpha.jar;C:\Users\SQE Labs\.m2\repository\io\opentelemetry\opentelemetry-sdk-common\1.26.0\opentelemetry-sdk-common-1.26.0.jar;C:\Users\SQE Labs\.m2\repository\io\opentelemetry\opentelemetry-sdk-extension-autoconfigure-spi\1.26.0\opentelemetry-sdk-extension-autoconfigure-spi-1.26.0.jar;C:\Users\SQE Labs\.m2\repository\io\opentelemetry\opentelemetry-sdk-extension-autoconfigure\1.26.0-alpha\opentelemetry-sdk-extension-autoconfigure-1.26.0-alpha.jar;C:\Users\SQE Labs\.m2\repository\io\opentelemetry\opentelemetry-sdk-trace\1.26.0\opentelemetry-sdk-trace-1.26.0.jar;C:\Users\SQE Labs\.m2\repository\io\opentelemetry\opentelemetry-sdk\1.26.0\opentelemetry-sdk-1.26.0.jar;C:\Users\SQE Labs\.m2\repository\io\opentelemetry\opentelemetry-semconv\1.26.0-alpha\opentelemetry-semconv-1.26.0-alpha.jar;C:\Users\SQE Labs\.m2\repository\net\bytebuddy\byte-buddy\1.14.4\byte-buddy-1.14.4.jar;C:\Users\SQE Labs\.m2\repository\org\apache\commons\commons-exec\1.3\commons-exec-1.3.jar;C:\Users\SQE Labs\.m2\repository\org\asynchttpclient\async-http-client\2.12.3\async-http-client-2.12.3.jar;C:\Users\SQE Labs\.m2\repository\org\asynchttpclient\async-http-client-netty-utils\2.12.3\async-http-client-netty-utils-2.12.3.jar;C:\Users\SQE Labs\.m2\repository\io\netty\netty-codec-socks\4.1.60.Final\netty-codec-socks-4.1.60.Final.jar;C:\Users\SQE Labs\.m2\repository\io\netty\netty-handler-proxy\4.1.60.Final\netty-handler-proxy-4.1.60.Final.jar;C:\Users\SQE Labs\.m2\repository\io\netty\netty-transport-native-epoll\4.1.60.Final\netty-transport-native-epoll-4.1.60.Final-linux-x86_64.jar;C:\Users\SQE Labs\.m2\repository\io\netty\netty-transport-native-kqueue\4.1.60.Final\netty-transport-native-kqueue-4.1.60.Final-osx-x86_64.jar;C:\Users\SQE Labs\.m2\repository\com\typesafe\netty\netty-reactive-streams\2.0.4\netty-reactive-streams-2.0.4.jar;C:\Users\SQE Labs\.m2\repository\com\sun\activation\jakarta.activation\1.2.2\jakarta.activation-1.2.2.jar;C:\Users\SQE Labs\.m2\repository\org\seleniumhq\selenium\selenium-safari-driver\4.10.0\selenium-safari-driver-4.10.0.jar;C:\Users\SQE Labs\.m2\repository\org\seleniumhq\selenium\selenium-support\4.10.0\selenium-support-4.10.0.jar;C:\Users\SQE Labs\.m2\repository\org\testng\testng\7.8.0\testng-7.8.0.jar;C:\Users\SQE Labs\.m2\repository\org\slf4j\slf4j-api\1.7.36\slf4j-api-1.7.36.jar;C:\Users\SQE Labs\.m2\repository\com\beust\jcommander\1.82\jcommander-1.82.jar;C:\Users\SQE Labs\.m2\repository\org\webjars\jquery\3.6.1\jquery-3.6.1.jar;C:\Users\SQE Labs\.m2\repository\io\github\bonigarcia\webdrivermanager\5.4.0\webdrivermanager-5.4.0.jar;C:\Users\SQE Labs\.m2\repository\com\google\code\gson\gson\2.10.1\gson-2.10.1.jar;C:\Users\SQE Labs\.m2\repository\com\github\docker-java\docker-java\3.3.1\docker-java-3.3.1.jar;C:\Users\SQE Labs\.m2\repository\com\github\docker-java\docker-java-core\3.3.1\docker-java-core-3.3.1.jar;C:\Users\SQE Labs\.m2\repository\com\github\docker-java\docker-java-api\3.3.1\docker-java-api-3.3.1.jar;C:\Users\SQE Labs\.m2\repository\org\apache\commons\commons-compress\1.21\commons-compress-1.21.jar;C:\Users\SQE Labs\.m2\repository\org\bouncycastle\bcpkix-jdk15on\1.64\bcpkix-jdk15on-1.64.jar;C:\Users\SQE Labs\.m2\repository\org\slf4j\jcl-over-slf4j\1.7.30\jcl-over-slf4j-1.7.30.jar;C:\Users\SQE Labs\.m2\repository\com\github\docker-java\docker-java-transport-httpclient5\3.3.1\docker-java-transport-httpclient5-3.3.1.jar;C:\Users\SQE Labs\.m2\repository\com\github\docker-java\docker-java-transport\3.3.1\docker-java-transport-3.3.1.jar;C:\Users\SQE Labs\.m2\repository\net\java\dev\jna\jna\5.12.1\jna-5.12.1.jar;C:\Users\SQE Labs\.m2\repository\org\brotli\dec\0.1.2\dec-0.1.2.jar;C:\Users\SQE Labs\.m2\repository\org\apache\commons\commons-lang3\3.12.0\commons-lang3-3.12.0.jar;C:\Users\SQE Labs\.m2\repository\org\apache\httpcomponents\client5\httpclient5\5.2.1\httpclient5-5.2.1.jar;C:\Users\SQE Labs\.m2\repository\org\apache\httpcomponents\core5\httpcore5\5.2\httpcore5-5.2.jar;C:\Users\SQE Labs\.m2\repository\org\apache\httpcomponents\core5\httpcore5-h2\5.2\httpcore5-h2-5.2.jar;C:\Users\SQE Labs\.m2\repository\com\pearson\common\framework\test\V2Automation\1.9.1\V2Automation-1.9.1.jar;C:\Users\SQE Labs\.m2\repository\com\pearson\common\framework\falcon-web\1.9.1\falcon-web-1.9.1.jar;C:\Users\SQE Labs\.m2\repository\com\microsoft\playwright\playwright\1.19.0\playwright-1.19.0.jar;C:\Users\SQE Labs\.m2\repository\org\opentest4j\opentest4j\1.2.0\opentest4j-1.2.0.jar;C:\Users\SQE Labs\.m2\repository\com\microsoft\playwright\driver\1.19.0\driver-1.19.0.jar;C:\Users\SQE Labs\.m2\repository\com\microsoft\playwright\driver-bundle\1.19.0\driver-bundle-1.19.0.jar;C:\Users\SQE Labs\.m2\repository\io\appium\java-client\7.3.0\java-client-7.3.0.jar;C:\Users\SQE Labs\.m2\repository\org\apache\httpcomponents\httpclient\4.5.9\httpclient-4.5.9.jar;C:\Users\SQE Labs\.m2\repository\cglib\cglib\3.2.12\cglib-3.2.12.jar;C:\Users\SQE Labs\.m2\repository\org\ow2\asm\asm\7.1\asm-7.1.jar;C:\Users\SQE Labs\.m2\repository\commons-validator\commons-validator\1.6\commons-validator-1.6.jar;C:\Users\SQE Labs\.m2\repository\commons-digester\commons-digester\1.8.1\commons-digester-1.8.1.jar;C:\Users\SQE Labs\.m2\repository\org\springframework\spring-context\5.1.8.RELEASE\spring-context-5.1.8.RELEASE.jar;C:\Users\SQE Labs\.m2\repository\org\springframework\spring-aop\5.1.8.RELEASE\spring-aop-5.1.8.RELEASE.jar;C:\Users\SQE Labs\.m2\repository\org\springframework\spring-beans\5.1.8.RELEASE\spring-beans-5.1.8.RELEASE.jar;C:\Users\SQE Labs\.m2\repository\org\springframework\spring-core\5.1.8.RELEASE\spring-core-5.1.8.RELEASE.jar;C:\Users\SQE Labs\.m2\repository\org\springframework\spring-jcl\5.1.8.RELEASE\spring-jcl-5.1.8.RELEASE.jar;C:\Users\SQE Labs\.m2\repository\org\springframework\spring-expression\5.1.8.RELEASE\spring-expression-5.1.8.RELEASE.jar;C:\Users\SQE Labs\.m2\repository\org\aspectj\aspectjweaver\1.9.4\aspectjweaver-1.9.4.jar;C:\Users\SQE Labs\.m2\repository\io\netty\netty-all\4.1.70.Final\netty-all-4.1.70.Final.jar;C:\Users\SQE Labs\.m2\repository\io\netty\netty-codec-dns\4.1.70.Final\netty-codec-dns-4.1.70.Final.jar;C:\Users\SQE Labs\.m2\repository\io\netty\netty-codec-haproxy\4.1.70.Final\netty-codec-haproxy-4.1.70.Final.jar;C:\Users\SQE Labs\.m2\repository\io\netty\netty-codec-http2\4.1.70.Final\netty-codec-http2-4.1.70.Final.jar;C:\Users\SQE Labs\.m2\repository\io\netty\netty-codec-memcache\4.1.70.Final\netty-codec-memcache-4.1.70.Final.jar;C:\Users\SQE Labs\.m2\repository\io\netty\netty-codec-mqtt\4.1.70.Final\netty-codec-mqtt-4.1.70.Final.jar;C:\Users\SQE Labs\.m2\repository\io\netty\netty-codec-redis\4.1.70.Final\netty-codec-redis-4.1.70.Final.jar;C:\Users\SQE Labs\.m2\repository\io\netty\netty-codec-smtp\4.1.70.Final\netty-codec-smtp-4.1.70.Final.jar;C:\Users\SQE Labs\.m2\repository\io\netty\netty-codec-stomp\4.1.70.Final\netty-codec-stomp-4.1.70.Final.jar;C:\Users\SQE Labs\.m2\repository\io\netty\netty-codec-xml\4.1.70.Final\netty-codec-xml-4.1.70.Final.jar;C:\Users\SQE Labs\.m2\repository\io\netty\netty-resolver-dns\4.1.70.Final\netty-resolver-dns-4.1.70.Final.jar;C:\Users\SQE Labs\.m2\repository\io\netty\netty-transport-rxtx\4.1.70.Final\netty-transport-rxtx-4.1.70.Final.jar;C:\Users\SQE Labs\.m2\repository\io\netty\netty-transport-sctp\4.1.70.Final\netty-transport-sctp-4.1.70.Final.jar;C:\Users\SQE Labs\.m2\repository\io\netty\netty-transport-udt\4.1.70.Final\netty-transport-udt-4.1.70.Final.jar;C:\Users\SQE Labs\.m2\repository\io\netty\netty-resolver-dns-classes-macos\4.1.70.Final\netty-resolver-dns-classes-macos-4.1.70.Final.jar;C:\Users\SQE Labs\.m2\repository\io\netty\netty-transport-native-epoll\4.1.70.Final\netty-transport-native-epoll-4.1.70.Final-linux-aarch_64.jar;C:\Users\SQE Labs\.m2\repository\io\netty\netty-transport-native-kqueue\4.1.70.Final\netty-transport-native-kqueue-4.1.70.Final-osx-aarch_64.jar;C:\Users\SQE Labs\.m2\repository\io\netty\netty-resolver-dns-native-macos\4.1.70.Final\netty-resolver-dns-native-macos-4.1.70.Final-osx-x86_64.jar;C:\Users\SQE Labs\.m2\repository\io\netty\netty-resolver-dns-native-macos\4.1.70.Final\netty-resolver-dns-native-macos-4.1.70.Final-osx-aarch_64.jar;C:\Users\SQE Labs\.m2\repository\com\paulhammant\ngwebdriver\1.1.5\ngwebdriver-1.1.5.jar;C:\Users\SQE Labs\.m2\repository\com\codeborne\phantomjsdriver\1.4.4\phantomjsdriver-1.4.4.jar;C:\Users\SQE Labs\.m2\repository\org\uncommons\reportng\1.1.4\reportng-1.1.4.jar;C:\Users\SQE Labs\.m2\repository\velocity\velocity\1.4\velocity-1.4.jar;C:\Users\SQE Labs\.m2\repository\velocity\velocity-dep\1.4\velocity-dep-1.4.jar;C:\Users\SQE Labs\.m2\repository\com\github\ua-parser\uap-java\1.5.2\uap-java-1.5.2.jar;C:\Users\SQE Labs\.m2\repository\org\yaml\snakeyaml\1.26\snakeyaml-1.26.jar;C:\Users\SQE Labs\.m2\repository\org\apache\commons\commons-collections4\4.1\commons-collections4-4.1.jar;C:\Users\SQE Labs\.m2\repository\com\google\inject\guice\3.0\guice-3.0.jar;C:\Users\SQE Labs\.m2\repository\javax\inject\javax.inject\1\javax.inject-1.jar;C:\Users\SQE Labs\.m2\repository\aopalliance\aopalliance\1.0\aopalliance-1.0.jar;C:\Users\SQE Labs\.m2\repository\com\amazonaws\aws-java-sdk\1.11.500\aws-java-sdk-1.11.500.jar;C:\Users\SQE Labs\.m2\repository\com\amazonaws\aws-java-sdk-worklink\1.11.500\aws-java-sdk-worklink-1.11.500.jar;C:\Users\SQE Labs\.m2\repository\com\amazonaws\aws-java-sdk-backup\1.11.500\aws-java-sdk-backup-1.11.500.jar;C:\Users\SQE Labs\.m2\repository\com\amazonaws\aws-java-sdk-docdb\1.11.500\aws-java-sdk-docdb-1.11.500.jar;C:\Users\SQE Labs\.m2\repository\com\amazonaws\aws-java-sdk-apigatewayv2\1.11.500\aws-java-sdk-apigatewayv2-1.11.500.jar;C:\Users\SQE Labs\.m2\repository\com\amazonaws\aws-java-sdk-apigatewaymanagementapi\1.11.500\aws-java-sdk-apigatewaymanagementapi-1.11.500.jar;C:\Users\SQE Labs\.m2\repository\com\amazonaws\aws-java-sdk-kafka\1.11.500\aws-java-sdk-kafka-1.11.500.jar;C:\Users\SQE Labs\.m2\repository\com\amazonaws\aws-java-sdk-appmesh\1.11.500\aws-java-sdk-appmesh-1.11.500.jar;C:\Users\SQE Labs\.m2\repository\com\amazonaws\aws-java-sdk-licensemanager\1.11.500\aws-java-sdk-licensemanager-1.11.500.jar;C:\Users\SQE Labs\.m2\repository\com\amazonaws\aws-java-sdk-securityhub\1.11.500\aws-java-sdk-securityhub-1.11.500.jar;C:\Users\SQE Labs\.m2\repository\com\amazonaws\aws-java-sdk-fsx\1.11.500\aws-java-sdk-fsx-1.11.500.jar;C:\Users\SQE Labs\.m2\repository\com\amazonaws\aws-java-sdk-mediaconnect\1.11.500\aws-java-sdk-mediaconnect-1.11.500.jar;C:\Users\SQE Labs\.m2\repository\com\amazonaws\aws-java-sdk-kinesisanalyticsv2\1.11.500\aws-java-sdk-kinesisanalyticsv2-1.11.500.jar;C:\Users\SQE Labs\.m2\repository\com\amazonaws\aws-java-sdk-comprehendmedical\1.11.500\aws-java-sdk-comprehendmedical-1.11.500.jar;C:\Users\SQE Labs\.m2\repository\com\amazonaws\aws-java-sdk-globalaccelerator\1.11.500\aws-java-sdk-globalaccelerator-1.11.500.jar;C:\Users\SQE Labs\.m2\repository\com\amazonaws\aws-java-sdk-transfer\1.11.500\aws-java-sdk-transfer-1.11.500.jar;C:\Users\SQE Labs\.m2\repository\com\amazonaws\aws-java-sdk-datasync\1.11.500\aws-java-sdk-datasync-1.11.500.jar;C:\Users\SQE Labs\.m2\repository\com\amazonaws\aws-java-sdk-robomaker\1.11.500\aws-java-sdk-robomaker-1.11.500.jar;C:\Users\SQE Labs\.m2\repository\com\amazonaws\aws-java-sdk-amplify\1.11.500\aws-java-sdk-amplify-1.11.500.jar;C:\Users\SQE Labs\.m2\repository\com\amazonaws\aws-java-sdk-quicksight\1.11.500\aws-java-sdk-quicksight-1.11.500.jar;C:\Users\SQE Labs\.m2\repository\com\amazonaws\aws-java-sdk-rdsdata\1.11.500\aws-java-sdk-rdsdata-1.11.500.jar;C:\Users\SQE Labs\.m2\repository\com\amazonaws\aws-java-sdk-route53resolver\1.11.500\aws-java-sdk-route53resolver-1.11.500.jar;C:\Users\SQE Labs\.m2\repository\com\amazonaws\aws-java-sdk-ram\1.11.500\aws-java-sdk-ram-1.11.500.jar;C:\Users\SQE Labs\.m2\repository\com\amazonaws\aws-java-sdk-s3control\1.11.500\aws-java-sdk-s3control-1.11.500.jar;C:\Users\SQE Labs\.m2\repository\com\amazonaws\aws-java-sdk-pinpointsmsvoice\1.11.500\aws-java-sdk-pinpointsmsvoice-1.11.500.jar;C:\Users\SQE Labs\.m2\repository\com\amazonaws\aws-java-sdk-pinpointemail\1.11.500\aws-java-sdk-pinpointemail-1.11.500.jar;C:\Users\SQE Labs\.m2\repository\com\amazonaws\aws-java-sdk-chime\1.11.500\aws-java-sdk-chime-1.11.500.jar;C:\Users\SQE Labs\.m2\repository\com\amazonaws\aws-java-sdk-signer\1.11.500\aws-java-sdk-signer-1.11.500.jar;C:\Users\SQE Labs\.m2\repository\com\amazonaws\aws-java-sdk-dlm\1.11.500\aws-java-sdk-dlm-1.11.500.jar;C:\Users\SQE Labs\.m2\repository\com\amazonaws\aws-java-sdk-macie\1.11.500\aws-java-sdk-macie-1.11.500.jar;C:\Users\SQE Labs\.m2\repository\com\amazonaws\aws-java-sdk-eks\1.11.500\aws-java-sdk-eks-1.11.500.jar;C:\Users\SQE Labs\.m2\repository\com\amazonaws\aws-java-sdk-mediatailor\1.11.500\aws-java-sdk-mediatailor-1.11.500.jar;C:\Users\SQE Labs\.m2\repository\com\amazonaws\aws-java-sdk-neptune\1.11.500\aws-java-sdk-neptune-1.11.500.jar;C:\Users\SQE Labs\.m2\repository\com\amazonaws\aws-java-sdk-pi\1.11.500\aws-java-sdk-pi-1.11.500.jar;C:\Users\SQE Labs\.m2\repository\com\amazonaws\aws-java-sdk-iot1clickprojects\1.11.500\aws-java-sdk-iot1clickprojects-1.11.500.jar;C:\Users\SQE Labs\.m2\repository\com\amazonaws\aws-java-sdk-iot1clickdevices\1.11.500\aws-java-sdk-iot1clickdevices-1.11.500.jar;C:\Users\SQE Labs\.m2\repository\com\amazonaws\aws-java-sdk-iotanalytics\1.11.500\aws-java-sdk-iotanalytics-1.11.500.jar;C:\Users\SQE Labs\.m2\repository\com\amazonaws\aws-java-sdk-acmpca\1.11.500\aws-java-sdk-acmpca-1.11.500.jar;C:\Users\SQE Labs\.m2\repository\com\amazonaws\aws-java-sdk-fms\1.11.500\aws-java-sdk-fms-1.11.500.jar;C:\Users\SQE Labs\.m2\repository\com\amazonaws\aws-java-sdk-connect\1.11.500\aws-java-sdk-connect-1.11.500.jar;C:\Users\SQE Labs\.m2\repository\com\amazonaws\aws-java-sdk-transcribe\1.11.500\aws-java-sdk-transcribe-1.11.500.jar;C:\Users\SQE Labs\.m2\repository\com\amazonaws\aws-java-sdk-autoscalingplans\1.11.500\aws-java-sdk-autoscalingplans-1.11.500.jar;C:\Users\SQE Labs\.m2\repository\com\amazonaws\aws-java-sdk-workmail\1.11.500\aws-java-sdk-workmail-1.11.500.jar;C:\Users\SQE Labs\.m2\repository\com\amazonaws\aws-java-sdk-servicediscovery\1.11.500\aws-java-sdk-servicediscovery-1.11.500.jar;C:\Users\SQE Labs\.m2\repository\com\amazonaws\aws-java-sdk-cloud9\1.11.500\aws-java-sdk-cloud9-1.11.500.jar;C:\Users\SQE Labs\.m2\repository\com\amazonaws\aws-java-sdk-serverlessapplicationrepository\1.11.500\aws-java-sdk-serverlessapplicationrepository-1.11.500.jar;C:\Users\SQE Labs\.m2\repository\com\amazonaws\aws-java-sdk-alexaforbusiness\1.11.500\aws-java-sdk-alexaforbusiness-1.11.500.jar;C:\Users\SQE Labs\.m2\repository\com\amazonaws\aws-java-sdk-resourcegroups\1.11.500\aws-java-sdk-resourcegroups-1.11.500.jar;C:\Users\SQE Labs\.m2\repository\com\amazonaws\aws-java-sdk-comprehend\1.11.500\aws-java-sdk-comprehend-1.11.500.jar;C:\Users\SQE Labs\.m2\repository\com\amazonaws\aws-java-sdk-translate\1.11.500\aws-java-sdk-translate-1.11.500.jar;C:\Users\SQE Labs\.m2\repository\com\amazonaws\aws-java-sdk-sagemaker\1.11.500\aws-java-sdk-sagemaker-1.11.500.jar;C:\Users\SQE Labs\.m2\repository\com\amazonaws\aws-java-sdk-iotjobsdataplane\1.11.500\aws-java-sdk-iotjobsdataplane-1.11.500.jar;C:\Users\SQE Labs\.m2\repository\com\amazonaws\aws-java-sdk-sagemakerruntime\1.11.500\aws-java-sdk-sagemakerruntime-1.11.500.jar;C:\Users\SQE Labs\.m2\repository\com\amazonaws\aws-java-sdk-kinesisvideo\1.11.500\aws-java-sdk-kinesisvideo-1.11.500.jar;C:\Users\SQE Labs\.m2\repository\com\amazonaws\aws-java-sdk-appsync\1.11.500\aws-java-sdk-appsync-1.11.500.jar;C:\Users\SQE Labs\.m2\repository\com\amazonaws\aws-java-sdk-guardduty\1.11.500\aws-java-sdk-guardduty-1.11.500.jar;C:\Users\SQE Labs\.m2\repository\com\amazonaws\aws-java-sdk-mq\1.11.500\aws-java-sdk-mq-1.11.500.jar;C:\Users\SQE Labs\.m2\repository\com\amazonaws\aws-java-sdk-mediaconvert\1.11.500\aws-java-sdk-mediaconvert-1.11.500.jar;C:\Users\SQE Labs\.m2\repository\com\amazonaws\aws-java-sdk-mediastore\1.11.500\aws-java-sdk-mediastore-1.11.500.jar;C:\Users\SQE Labs\.m2\repository\com\amazonaws\aws-java-sdk-mediastoredata\1.11.500\aws-java-sdk-mediastoredata-1.11.500.jar;C:\Users\SQE Labs\.m2\repository\com\amazonaws\aws-java-sdk-medialive\1.11.500\aws-java-sdk-medialive-1.11.500.jar;C:\Users\SQE Labs\.m2\repository\com\amazonaws\aws-java-sdk-mediapackage\1.11.500\aws-java-sdk-mediapackage-1.11.500.jar;C:\Users\SQE Labs\.m2\repository\com\amazonaws\aws-java-sdk-costexplorer\1.11.500\aws-java-sdk-costexplorer-1.11.500.jar;C:\Users\SQE Labs\.m2\repository\com\amazonaws\aws-java-sdk-pricing\1.11.500\aws-java-sdk-pricing-1.11.500.jar;C:\Users\SQE Labs\.m2\repository\com\amazonaws\aws-java-sdk-mobile\1.11.500\aws-java-sdk-mobile-1.11.500.jar;C:\Users\SQE Labs\.m2\repository\com\amazonaws\aws-java-sdk-cloudhsmv2\1.11.500\aws-java-sdk-cloudhsmv2-1.11.500.jar;C:\Users\SQE Labs\.m2\repository\com\amazonaws\aws-java-sdk-glue\1.11.500\aws-java-sdk-glue-1.11.500.jar;C:\Users\SQE Labs\.m2\repository\com\amazonaws\aws-java-sdk-migrationhub\1.11.500\aws-java-sdk-migrationhub-1.11.500.jar;C:\Users\SQE Labs\.m2\repository\com\amazonaws\aws-java-sdk-dax\1.11.500\aws-java-sdk-dax-1.11.500.jar;C:\Users\SQE Labs\.m2\repository\com\amazonaws\aws-java-sdk-greengrass\1.11.500\aws-java-sdk-greengrass-1.11.500.jar;C:\Users\SQE Labs\.m2\repository\com\amazonaws\aws-java-sdk-athena\1.11.500\aws-java-sdk-athena-1.11.500.jar;C:\Users\SQE Labs\.m2\repository\com\amazonaws\aws-java-sdk-marketplaceentitlement\1.11.500\aws-java-sdk-marketplaceentitlement-1.11.500.jar;C:\Users\SQE Labs\.m2\repository\com\amazonaws\aws-java-sdk-codestar\1.11.500\aws-java-sdk-codestar-1.11.500.jar;C:\Users\SQE Labs\.m2\repository\com\amazonaws\aws-java-sdk-lexmodelbuilding\1.11.500\aws-java-sdk-lexmodelbuilding-1.11.500.jar;C:\Users\SQE Labs\.m2\repository\com\amazonaws\aws-java-sdk-resourcegroupstaggingapi\1.11.500\aws-java-sdk-resourcegroupstaggingapi-1.11.500.jar;C:\Users\SQE Labs\.m2\repository\com\amazonaws\aws-java-sdk-pinpoint\1.11.500\aws-java-sdk-pinpoint-1.11.500.jar;C:\Users\SQE Labs\.m2\repository\com\amazonaws\aws-java-sdk-xray\1.11.500\aws-java-sdk-xray-1.11.500.jar;C:\Users\SQE Labs\.m2\repository\com\amazonaws\aws-java-sdk-opsworkscm\1.11.500\aws-java-sdk-opsworkscm-1.11.500.jar;C:\Users\SQE Labs\.m2\repository\com\amazonaws\aws-java-sdk-support\1.11.500\aws-java-sdk-support-1.11.500.jar;C:\Users\SQE Labs\.m2\repository\com\amazonaws\aws-java-sdk-simpledb\1.11.500\aws-java-sdk-simpledb-1.11.500.jar;C:\Users\SQE Labs\.m2\repository\com\amazonaws\aws-java-sdk-servicecatalog\1.11.500\aws-java-sdk-servicecatalog-1.11.500.jar;C:\Users\SQE Labs\.m2\repository\com\amazonaws\aws-java-sdk-servermigration\1.11.500\aws-java-sdk-servermigration-1.11.500.jar;C:\Users\SQE Labs\.m2\repository\com\amazonaws\aws-java-sdk-simpleworkflow\1.11.500\aws-java-sdk-simpleworkflow-1.11.500.jar;C:\Users\SQE Labs\.m2\repository\com\amazonaws\aws-java-sdk-storagegateway\1.11.500\aws-java-sdk-storagegateway-1.11.500.jar;C:\Users\SQE Labs\.m2\repository\com\amazonaws\aws-java-sdk-route53\1.11.500\aws-java-sdk-route53-1.11.500.jar;C:\Users\SQE Labs\.m2\repository\com\amazonaws\aws-java-sdk-s3\1.11.500\aws-java-sdk-s3-1.11.500.jar;C:\Users\SQE Labs\.m2\repository\com\amazonaws\aws-java-sdk-importexport\1.11.500\aws-java-sdk-importexport-1.11.500.jar;C:\Users\SQE Labs\.m2\repository\com\amazonaws\aws-java-sdk-sts\1.11.500\aws-java-sdk-sts-1.11.500.jar;C:\Users\SQE Labs\.m2\repository\com\amazonaws\aws-java-sdk-sqs\1.11.500\aws-java-sdk-sqs-1.11.500.jar;C:\Users\SQE Labs\.m2\repository\com\amazonaws\aws-java-sdk-rds\1.11.500\aws-java-sdk-rds-1.11.500.jar;C:\Users\SQE Labs\.m2\repository\com\amazonaws\aws-java-sdk-redshift\1.11.500\aws-java-sdk-redshift-1.11.500.jar;C:\Users\SQE Labs\.m2\repository\com\amazonaws\aws-java-sdk-elasticbeanstalk\1.11.500\aws-java-sdk-elasticbeanstalk-1.11.500.jar;C:\Users\SQE Labs\.m2\repository\com\amazonaws\aws-java-sdk-glacier\1.11.500\aws-java-sdk-glacier-1.11.500.jar;C:\Users\SQE Labs\.m2\repository\com\amazonaws\aws-java-sdk-iam\1.11.500\aws-java-sdk-iam-1.11.500.jar;C:\Users\SQE Labs\.m2\repository\com\amazonaws\aws-java-sdk-datapipeline\1.11.500\aws-java-sdk-datapipeline-1.11.500.jar;C:\Users\SQE Labs\.m2\repository\com\amazonaws\aws-java-sdk-elasticloadbalancing\1.11.500\aws-java-sdk-elasticloadbalancing-1.11.500.jar;C:\Users\SQE Labs\.m2\repository\com\amazonaws\aws-java-sdk-elasticloadbalancingv2\1.11.500\aws-java-sdk-elasticloadbalancingv2-1.11.500.jar;C:\Users\SQE Labs\.m2\repository\com\amazonaws\aws-java-sdk-emr\1.11.500\aws-java-sdk-emr-1.11.500.jar;C:\Users\SQE Labs\.m2\repository\com\amazonaws\aws-java-sdk-elasticache\1.11.500\aws-java-sdk-elasticache-1.11.500.jar;C:\Users\SQE Labs\.m2\repository\com\amazonaws\aws-java-sdk-elastictranscoder\1.11.500\aws-java-sdk-elastictranscoder-1.11.500.jar;C:\Users\SQE Labs\.m2\repository\com\amazonaws\aws-java-sdk-ec2\1.11.500\aws-java-sdk-ec2-1.11.500.jar;C:\Users\SQE Labs\.m2\repository\com\amazonaws\aws-java-sdk-dynamodb\1.11.500\aws-java-sdk-dynamodb-1.11.500.jar;C:\Users\SQE Labs\.m2\repository\com\amazonaws\aws-java-sdk-sns\1.11.500\aws-java-sdk-sns-1.11.500.jar;C:\Users\SQE Labs\.m2\repository\com\amazonaws\aws-java-sdk-budgets\1.11.500\aws-java-sdk-budgets-1.11.500.jar;C:\Users\SQE Labs\.m2\repository\com\amazonaws\aws-java-sdk-cloudtrail\1.11.500\aws-java-sdk-cloudtrail-1.11.500.jar;C:\Users\SQE Labs\.m2\repository\com\amazonaws\aws-java-sdk-cloudwatch\1.11.500\aws-java-sdk-cloudwatch-1.11.500.jar;C:\Users\SQE Labs\.m2\repository\com\amazonaws\aws-java-sdk-logs\1.11.500\aws-java-sdk-logs-1.11.500.jar;C:\Users\SQE Labs\.m2\repository\com\amazonaws\aws-java-sdk-events\1.11.500\aws-java-sdk-events-1.11.500.jar;C:\Users\SQE Labs\.m2\repository\com\amazonaws\aws-java-sdk-cognitoidentity\1.11.500\aws-java-sdk-cognitoidentity-1.11.500.jar;C:\Users\SQE Labs\.m2\repository\com\amazonaws\aws-java-sdk-cognitosync\1.11.500\aws-java-sdk-cognitosync-1.11.500.jar;C:\Users\SQE Labs\.m2\repository\com\amazonaws\aws-java-sdk-directconnect\1.11.500\aws-java-sdk-directconnect-1.11.500.jar;C:\Users\SQE Labs\.m2\repository\com\amazonaws\aws-java-sdk-cloudformation\1.11.500\aws-java-sdk-cloudformation-1.11.500.jar;C:\Users\SQE Labs\.m2\repository\com\amazonaws\aws-java-sdk-cloudfront\1.11.500\aws-java-sdk-cloudfront-1.11.500.jar;C:\Users\SQE Labs\.m2\repository\com\amazonaws\aws-java-sdk-clouddirectory\1.11.500\aws-java-sdk-clouddirectory-1.11.500.jar;C:\Users\SQE Labs\.m2\repository\com\amazonaws\aws-java-sdk-kinesis\1.11.500\aws-java-sdk-kinesis-1.11.500.jar;C:\Users\SQE Labs\.m2\repository\com\amazonaws\aws-java-sdk-opsworks\1.11.500\aws-java-sdk-opsworks-1.11.500.jar;C:\Users\SQE Labs\.m2\repository\com\amazonaws\aws-java-sdk-ses\1.11.500\aws-java-sdk-ses-1.11.500.jar;C:\Users\SQE Labs\.m2\repository\com\amazonaws\aws-java-sdk-autoscaling\1.11.500\aws-java-sdk-autoscaling-1.11.500.jar;C:\Users\SQE Labs\.m2\repository\com\amazonaws\aws-java-sdk-cloudsearch\1.11.500\aws-java-sdk-cloudsearch-1.11.500.jar;C:\Users\SQE Labs\.m2\repository\com\amazonaws\aws-java-sdk-cloudwatchmetrics\1.11.500\aws-java-sdk-cloudwatchmetrics-1.11.500.jar;C:\Users\SQE Labs\.m2\repository\com\amazonaws\aws-java-sdk-codedeploy\1.11.500\aws-java-sdk-codedeploy-1.11.500.jar;C:\Users\SQE Labs\.m2\repository\com\amazonaws\aws-java-sdk-codepipeline\1.11.500\aws-java-sdk-codepipeline-1.11.500.jar;C:\Users\SQE Labs\.m2\repository\com\amazonaws\aws-java-sdk-kms\1.11.500\aws-java-sdk-kms-1.11.500.jar;C:\Users\SQE Labs\.m2\repository\com\amazonaws\aws-java-sdk-config\1.11.500\aws-java-sdk-config-1.11.500.jar;C:\Users\SQE Labs\.m2\repository\com\amazonaws\aws-java-sdk-lambda\1.11.500\aws-java-sdk-lambda-1.11.500.jar;C:\Users\SQE Labs\.m2\repository\com\amazonaws\aws-java-sdk-ecs\1.11.500\aws-java-sdk-ecs-1.11.500.jar;C:\Users\SQE Labs\.m2\repository\com\amazonaws\aws-java-sdk-ecr\1.11.500\aws-java-sdk-ecr-1.11.500.jar;C:\Users\SQE Labs\.m2\repository\com\amazonaws\aws-java-sdk-cloudhsm\1.11.500\aws-java-sdk-cloudhsm-1.11.500.jar;C:\Users\SQE Labs\.m2\repository\com\amazonaws\aws-java-sdk-ssm\1.11.500\aws-java-sdk-ssm-1.11.500.jar;C:\Users\SQE Labs\.m2\repository\com\amazonaws\aws-java-sdk-workspaces\1.11.500\aws-java-sdk-workspaces-1.11.500.jar;C:\Users\SQE Labs\.m2\repository\com\amazonaws\aws-java-sdk-machinelearning\1.11.500\aws-java-sdk-machinelearning-1.11.500.jar;C:\Users\SQE Labs\.m2\repository\com\amazonaws\aws-java-sdk-directory\1.11.500\aws-java-sdk-directory-1.11.500.jar;C:\Users\SQE Labs\.m2\repository\com\amazonaws\aws-java-sdk-efs\1.11.500\aws-java-sdk-efs-1.11.500.jar;C:\Users\SQE Labs\.m2\repository\com\amazonaws\aws-java-sdk-codecommit\1.11.500\aws-java-sdk-codecommit-1.11.500.jar;C:\Users\SQE Labs\.m2\repository\com\amazonaws\aws-java-sdk-devicefarm\1.11.500\aws-java-sdk-devicefarm-1.11.500.jar;C:\Users\SQE Labs\.m2\repository\com\amazonaws\aws-java-sdk-elasticsearch\1.11.500\aws-java-sdk-elasticsearch-1.11.500.jar;C:\Users\SQE Labs\.m2\repository\com\amazonaws\aws-java-sdk-waf\1.11.500\aws-java-sdk-waf-1.11.500.jar;C:\Users\SQE Labs\.m2\repository\com\amazonaws\aws-java-sdk-marketplacecommerceanalytics\1.11.500\aws-java-sdk-marketplacecommerceanalytics-1.11.500.jar;C:\Users\SQE Labs\.m2\repository\com\amazonaws\aws-java-sdk-inspector\1.11.500\aws-java-sdk-inspector-1.11.500.jar;C:\Users\SQE Labs\.m2\repository\com\amazonaws\aws-java-sdk-iot\1.11.500\aws-java-sdk-iot-1.11.500.jar;C:\Users\SQE Labs\.m2\repository\com\amazonaws\aws-java-sdk-api-gateway\1.11.500\aws-java-sdk-api-gateway-1.11.500.jar;C:\Users\SQE Labs\.m2\repository\com\amazonaws\aws-java-sdk-acm\1.11.500\aws-java-sdk-acm-1.11.500.jar;C:\Users\SQE Labs\.m2\repository\com\amazonaws\aws-java-sdk-gamelift\1.11.500\aws-java-sdk-gamelift-1.11.500.jar;C:\Users\SQE Labs\.m2\repository\com\amazonaws\aws-java-sdk-dms\1.11.500\aws-java-sdk-dms-1.11.500.jar;C:\Users\SQE Labs\.m2\repository\com\amazonaws\aws-java-sdk-marketplacemeteringservice\1.11.500\aws-java-sdk-marketplacemeteringservice-1.11.500.jar;C:\Users\SQE Labs\.m2\repository\com\amazonaws\aws-java-sdk-cognitoidp\1.11.500\aws-java-sdk-cognitoidp-1.11.500.jar;C:\Users\SQE Labs\.m2\repository\com\amazonaws\aws-java-sdk-discovery\1.11.500\aws-java-sdk-discovery-1.11.500.jar;C:\Users\SQE Labs\.m2\repository\com\amazonaws\aws-java-sdk-applicationautoscaling\1.11.500\aws-java-sdk-applicationautoscaling-1.11.500.jar;C:\Users\SQE Labs\.m2\repository\com\amazonaws\aws-java-sdk-snowball\1.11.500\aws-java-sdk-snowball-1.11.500.jar;C:\Users\SQE Labs\.m2\repository\com\amazonaws\aws-java-sdk-rekognition\1.11.500\aws-java-sdk-rekognition-1.11.500.jar;C:\Users\SQE Labs\.m2\repository\com\amazonaws\aws-java-sdk-polly\1.11.500\aws-java-sdk-polly-1.11.500.jar;C:\Users\SQE Labs\.m2\repository\com\amazonaws\aws-java-sdk-lightsail\1.11.500\aws-java-sdk-lightsail-1.11.500.jar;C:\Users\SQE Labs\.m2\repository\com\amazonaws\aws-java-sdk-stepfunctions\1.11.500\aws-java-sdk-stepfunctions-1.11.500.jar;C:\Users\SQE Labs\.m2\repository\com\amazonaws\aws-java-sdk-health\1.11.500\aws-java-sdk-health-1.11.500.jar;C:\Users\SQE Labs\.m2\repository\com\amazonaws\aws-java-sdk-costandusagereport\1.11.500\aws-java-sdk-costandusagereport-1.11.500.jar;C:\Users\SQE Labs\.m2\repository\com\amazonaws\aws-java-sdk-codebuild\1.11.500\aws-java-sdk-codebuild-1.11.500.jar;C:\Users\SQE Labs\.m2\repository\com\amazonaws\aws-java-sdk-appstream\1.11.500\aws-java-sdk-appstream-1.11.500.jar;C:\Users\SQE Labs\.m2\repository\com\amazonaws\aws-java-sdk-shield\1.11.500\aws-java-sdk-shield-1.11.500.jar;C:\Users\SQE Labs\.m2\repository\com\amazonaws\aws-java-sdk-batch\1.11.500\aws-java-sdk-batch-1.11.500.jar;C:\Users\SQE Labs\.m2\repository\com\amazonaws\aws-java-sdk-lex\1.11.500\aws-java-sdk-lex-1.11.500.jar;C:\Users\SQE Labs\.m2\repository\com\amazonaws\aws-java-sdk-mechanicalturkrequester\1.11.500\aws-java-sdk-mechanicalturkrequester-1.11.500.jar;C:\Users\SQE Labs\.m2\repository\com\amazonaws\aws-java-sdk-organizations\1.11.500\aws-java-sdk-organizations-1.11.500.jar;C:\Users\SQE Labs\.m2\repository\com\amazonaws\aws-java-sdk-workdocs\1.11.500\aws-java-sdk-workdocs-1.11.500.jar;C:\Users\SQE Labs\.m2\repository\com\amazonaws\aws-java-sdk-core\1.11.500\aws-java-sdk-core-1.11.500.jar;C:\Users\SQE Labs\.m2\repository\software\amazon\ion\ion-java\1.0.2\ion-java-1.0.2.jar;C:\Users\SQE Labs\.m2\repository\com\fasterxml\jackson\dataformat\jackson-dataformat-cbor\2.6.7\jackson-dataformat-cbor-2.6.7.jar;C:\Users\SQE Labs\.m2\repository\com\amazonaws\aws-java-sdk-models\1.11.500\aws-java-sdk-models-1.11.500.jar;C:\Users\SQE Labs\.m2\repository\com\amazonaws\aws-java-sdk-swf-libraries\1.11.22\aws-java-sdk-swf-libraries-1.11.22.jar;C:\Users\SQE Labs\.m2\repository\org\slf4j\log4j-over-slf4j\1.7.32\log4j-over-slf4j-1.7.32.jar;C:\Users\SQE Labs\.m2\repository\org\jdom\jdom2\2.0.6\jdom2-2.0.6.jar;C:\Users\SQE Labs\.m2\repository\jaxen\jaxen\1.1.6\jaxen-1.1.6.jar;C:\Users\SQE Labs\.m2\repository\com\pearson\common\framework\falcon-shared\1.9.1\falcon-shared-1.9.1.jar;C:\Users\SQE Labs\.m2\repository\ru\yandex\qatools\ashot\ashot\1.5.4\ashot-1.5.4.jar;C:\Users\SQE Labs\.m2\repository\org\hamcrest\hamcrest-core\1.3\hamcrest-core-1.3.jar;C:\Users\SQE Labs\.m2\repository\com\pojosontheweb\monte-repack\1.0\monte-repack-1.0.jar;C:\Users\SQE Labs\.m2\repository\javax\media\jai\com.springsource.javax.media.jai.core\1.1.3\com.springsource.javax.media.jai.core-1.1.3.jar;C:\Users\SQE Labs\.m2\repository\javax\media\jai\com.springsource.javax.media.jai.codec\1.1.3\com.springsource.javax.media.jai.codec-1.1.3.jar;C:\Users\SQE Labs\.m2\repository\javax\media\jmf\2.1.1e\jmf-2.1.1e.jar;C:\Users\SQE Labs\.m2\repository\net\sourceforge\jexcelapi\jxl\2.6.12\jxl-2.6.12.jar;C:\Users\SQE Labs\.m2\repository\org\apache\poi\poi\3.13\poi-3.13.jar;C:\Users\SQE Labs\.m2\repository\commons-codec\commons-codec\1.9\commons-codec-1.9.jar;C:\Users\SQE Labs\.m2\repository\org\apache\poi\poi-ooxml\3.13\poi-ooxml-3.13.jar;C:\Users\SQE Labs\.m2\repository\org\apache\poi\poi-ooxml-schemas\3.13\poi-ooxml-schemas-3.13.jar;C:\Users\SQE Labs\.m2\repository\org\apache\xmlbeans\xmlbeans\2.6.0\xmlbeans-2.6.0.jar;C:\Users\SQE Labs\.m2\repository\stax\stax-api\1.0.1\stax-api-1.0.1.jar;C:\Users\SQE Labs\.m2\repository\com\sikulix\sikulixapi\2.0.4\sikulixapi-2.0.4.jar;C:\Users\SQE Labs\.m2\repository\com\sikulix\sikulix2tigervnc\1.1.4\sikulix2tigervnc-1.1.4.jar;C:\Users\SQE Labs\.m2\repository\commons-cli\commons-cli\1.4\commons-cli-1.4.jar;C:\Users\SQE Labs\.m2\repository\net\java\dev\jna\jna-platform\5.4.0\jna-platform-5.4.0.jar;C:\Users\SQE Labs\.m2\repository\net\oneandone\reflections8\reflections8\0.11.6\reflections8-0.11.6.jar;C:\Users\SQE Labs\.m2\repository\org\javassist\javassist\3.22.0-GA\javassist-3.22.0-GA.jar;C:\Users\SQE Labs\.m2\repository\net\sf\jazzy\jazzy-core\0.5.2\jazzy-core-0.5.2.jar;C:\Users\SQE Labs\.m2\repository\org\jsoup\jsoup\1.13.1\jsoup-1.13.1.jar;C:\Users\SQE Labs\.m2\repository\com\googlecode\json-simple\json-simple\1.1.1\json-simple-1.1.1.jar;C:\Users\SQE Labs\.m2\repository\junit\junit\4.10\junit-4.10.jar;C:\Users\SQE Labs\.m2\repository\io\cucumber\cucumber-picocontainer\5.6.0\cucumber-picocontainer-5.6.0.jar;C:\Users\SQE Labs\.m2\repository\io\cucumber\cucumber-core\5.6.0\cucumber-core-5.6.0.jar;C:\Users\SQE Labs\.m2\repository\io\cucumber\cucumber-gherkin\5.6.0\cucumber-gherkin-5.6.0.jar;C:\Users\SQE Labs\.m2\repository\io\cucumber\cucumber-gherkin-vintage\5.6.0\cucumber-gherkin-vintage-5.6.0.jar;C:\Users\SQE Labs\.m2\repository\io\cucumber\tag-expressions\2.0.4\tag-expressions-2.0.4.jar;C:\Users\SQE Labs\.m2\repository\io\cucumber\cucumber-expressions\8.3.1\cucumber-expressions-8.3.1.jar;C:\Users\SQE Labs\.m2\repository\io\cucumber\datatable\3.3.1\datatable-3.3.1.jar;C:\Users\SQE Labs\.m2\repository\io\cucumber\cucumber-plugin\5.6.0\cucumber-plugin-5.6.0.jar;C:\Users\SQE Labs\.m2\repository\io\cucumber\docstring\5.6.0\docstring-5.6.0.jar;C:\Users\SQE Labs\.m2\repository\org\apiguardian\apiguardian-api\1.1.0\apiguardian-api-1.1.0.jar;C:\Users\SQE Labs\.m2\repository\org\picocontainer\picocontainer\2.15\picocontainer-2.15.jar;C:\Users\SQE Labs\.m2\repository\io\cucumber\cucumber-java\5.6.0\cucumber-java-5.6.0.jar;C:\Users\SQE Labs\.m2\repository\io\cucumber\cucumber-junit\5.6.0\cucumber-junit-5.6.0.jar;C:\Users\SQE Labs\.m2\repository\io\cucumber\cucumber-testng\5.6.0\cucumber-testng-5.6.0.jar;C:\Users\SQE Labs\.m2\repository\com\j2html\j2html\1.4.0\j2html-1.4.0.jar;C:\Users\SQE Labs\.m2\repository\net\lightbody\bmp\browsermob-core\2.1.5\browsermob-core-2.1.5.jar;C:\Users\SQE Labs\.m2\repository\net\lightbody\bmp\littleproxy\1.1.0-beta-bmp-17\littleproxy-1.1.0-beta-bmp-17.jar;C:\Users\SQE Labs\.m2\repository\dnsjava\dnsjava\2.1.8\dnsjava-2.1.8.jar;C:\Users\SQE Labs\.m2\repository\com\jcraft\jzlib\1.1.3\jzlib-1.1.3.jar;C:\Users\SQE Labs\.m2\repository\org\bouncycastle\bcprov-jdk15on\1.58\bcprov-jdk15on-1.58.jar;C:\Users\SQE Labs\.m2\repository\net\lightbody\bmp\mitm\2.1.5\mitm-2.1.5.jar;C:\Users\SQE Labs\.m2\repository\com\pearson\common\framework\falcon-api\1.9.1\falcon-api-1.9.1.jar;C:\Users\SQE Labs\.m2\repository\com\fasterxml\jackson\core\jackson-databind\2.13.1\jackson-databind-2.13.1.jar;C:\Users\SQE Labs\.m2\repository\net\serenity-bdd\serenity-cucumber6\2.6.0\serenity-cucumber6-2.6.0.jar;C:\Users\SQE Labs\.m2\repository\net\serenity-bdd\serenity-screenplay\2.6.0\serenity-screenplay-2.6.0.jar;C:\Users\SQE Labs\.m2\repository\net\serenity-bdd\serenity-screenplay-webdriver\2.6.0\serenity-screenplay-webdriver-2.6.0.jar;C:\Users\SQE Labs\.m2\repository\io\cucumber\datatable-matchers\3.4.0\datatable-matchers-3.4.0.jar;C:\Users\SQE Labs\.m2\repository\commons-logging\commons-logging\1.2\commons-logging-1.2.jar;C:\Users\SQE Labs\.m2\repository\org\apache\commons\commons-csv\1.5\commons-csv-1.5.jar;C:\Users\SQE Labs\.m2\repository\net\serenity-bdd\serenity-rest-assured\3.0.5\serenity-rest-assured-3.0.5.jar;C:\Users\SQE Labs\.m2\repository\org\codehaus\groovy\groovy-json\3.0.9\groovy-json-3.0.9.jar;C:\Users\SQE Labs\.m2\repository\org\codehaus\groovy\groovy-xml\3.0.9\groovy-xml-3.0.9.jar;C:\Users\SQE Labs\.m2\repository\org\codehaus\groovy\groovy\3.0.9\groovy-3.0.9.jar;C:\Users\SQE Labs\.m2\repository\net\serenity-bdd\serenity-core\3.0.5\serenity-core-3.0.5.jar;C:\Users\SQE Labs\.m2\repository\net\serenity-bdd\serenity-model\3.0.5\serenity-model-3.0.5.jar;C:\Users\SQE Labs\.m2\repository\org\apache\commons\commons-text\1.9\commons-text-1.9.jar;C:\Users\SQE Labs\.m2\repository\commons-net\commons-net\3.6\commons-net-3.6.jar;C:\Users\SQE Labs\.m2\repository\com\thoughtworks\xstream\xstream\1.4.18\xstream-1.4.18.jar;C:\Users\SQE Labs\.m2\repository\io\github\x-stream\mxparser\1.2.2\mxparser-1.2.2.jar;C:\Users\SQE Labs\.m2\repository\xmlpull\xmlpull\1.1.3.1\xmlpull-1.1.3.1.jar;C:\Users\SQE Labs\.m2\repository\com\typesafe\config\1.3.1\config-1.3.1.jar;C:\Users\SQE Labs\.m2\repository\org\imgscalr\imgscalr-lib\4.2\imgscalr-lib-4.2.jar;C:\Users\SQE Labs\.m2\repository\org\awaitility\awaitility\4.1.0\awaitility-4.1.0.jar;C:\Users\SQE Labs\.m2\repository\org\reflections\reflections\0.10.2\reflections-0.10.2.jar;C:\Users\SQE Labs\.m2\repository\org\asciidoctor\asciidoctorj\2.5.1\asciidoctorj-2.5.1.jar;C:\Users\SQE Labs\.m2\repository\org\asciidoctor\asciidoctorj-api\2.5.1\asciidoctorj-api-2.5.1.jar;C:\Users\SQE Labs\.m2\repository\org\jruby\jruby\9.2.17.0\jruby-9.2.17.0.jar;C:\Users\SQE Labs\.m2\repository\org\jruby\jruby-core\9.2.17.0\jruby-core-9.2.17.0.jar;C:\Users\SQE Labs\.m2\repository\com\github\jnr\jnr-netdb\1.2.0\jnr-netdb-1.2.0.jar;C:\Users\SQE Labs\.m2\repository\com\github\jnr\jnr-enxio\0.32.3\jnr-enxio-0.32.3.jar;C:\Users\SQE Labs\.m2\repository\com\github\jnr\jnr-unixsocket\0.38.5\jnr-unixsocket-0.38.5.jar;C:\Users\SQE Labs\.m2\repository\com\github\jnr\jnr-posix\3.1.4\jnr-posix-3.1.4.jar;C:\Users\SQE Labs\.m2\repository\com\github\jnr\jnr-constants\0.10.1\jnr-constants-0.10.1.jar;C:\Users\SQE Labs\.m2\repository\com\github\jnr\jffi\1.3.1\jffi-1.3.1.jar;C:\Users\SQE Labs\.m2\repository\com\github\jnr\jffi\1.3.1\jffi-1.3.1-native.jar;C:\Users\SQE Labs\.m2\repository\org\jruby\joni\joni\2.1.31\joni-2.1.31.jar;C:\Users\SQE Labs\.m2\repository\org\jruby\jcodings\jcodings\1.0.46\jcodings-1.0.46.jar;C:\Users\SQE Labs\.m2\repository\org\jruby\dirgra\0.3\dirgra-0.3.jar;C:\Users\SQE Labs\.m2\repository\com\headius\invokebinder\1.11\invokebinder-1.11.jar;C:\Users\SQE Labs\.m2\repository\com\headius\options\1.4\options-1.4.jar;C:\Users\SQE Labs\.m2\repository\com\martiansoftware\nailgun-server\0.9.1\nailgun-server-0.9.1.jar;C:\Users\SQE Labs\.m2\repository\com\headius\backport9\1.8\backport9-1.8.jar;C:\Users\SQE Labs\.m2\repository\javax\annotation\javax.annotation-api\1.3.1\javax.annotation-api-1.3.1.jar;C:\Users\SQE Labs\.m2\repository\org\jruby\jruby-stdlib\9.2.17.0\jruby-stdlib-9.2.17.0.jar;C:\Users\SQE Labs\.m2\repository\net\bytebuddy\byte-buddy-agent\1.11.22\byte-buddy-agent-1.11.22.jar;C:\Users\SQE Labs\.m2\repository\org\objenesis\objenesis\3.1\objenesis-3.1.jar;C:\Users\SQE Labs\.m2\repository\net\serenity-bdd\serenity-reports\3.0.5\serenity-reports-3.0.5.jar;C:\Users\SQE Labs\.m2\repository\net\serenity-bdd\serenity-stats\3.0.5\serenity-stats-3.0.5.jar;C:\Users\SQE Labs\.m2\repository\org\jetbrains\kotlin\kotlin-stdlib\1.5.31\kotlin-stdlib-1.5.31.jar;C:\Users\SQE Labs\.m2\repository\org\jetbrains\annotations\13.0\annotations-13.0.jar;C:\Users\SQE Labs\.m2\repository\org\jetbrains\kotlin\kotlin-stdlib-common\1.5.31\kotlin-stdlib-common-1.5.31.jar;C:\Users\SQE Labs\.m2\repository\net\serenity-bdd\serenity-reports-configuration\3.0.5\serenity-reports-configuration-3.0.5.jar;C:\Users\SQE Labs\.m2\repository\com\vladsch\flexmark\flexmark-all\0.34.30\flexmark-all-0.34.30.jar;C:\Users\SQE Labs\.m2\repository\com\vladsch\flexmark\flexmark\0.34.30\flexmark-0.34.30.jar;C:\Users\SQE Labs\.m2\repository\com\vladsch\flexmark\flexmark-ext-abbreviation\0.34.30\flexmark-ext-abbreviation-0.34.30.jar;C:\Users\SQE Labs\.m2\repository\com\vladsch\flexmark\flexmark-ext-admonition\0.34.30\flexmark-ext-admonition-0.34.30.jar;C:\Users\SQE Labs\.m2\repository\com\vladsch\flexmark\flexmark-ext-anchorlink\0.34.30\flexmark-ext-anchorlink-0.34.30.jar;C:\Users\SQE Labs\.m2\repository\com\vladsch\flexmark\flexmark-ext-aside\0.34.30\flexmark-ext-aside-0.34.30.jar;C:\Users\SQE Labs\.m2\repository\com\vladsch\flexmark\flexmark-ext-attributes\0.34.30\flexmark-ext-attributes-0.34.30.jar;C:\Users\SQE Labs\.m2\repository\com\vladsch\flexmark\flexmark-ext-autolink\0.34.30\flexmark-ext-autolink-0.34.30.jar;C:\Users\SQE Labs\.m2\repository\org\nibor\autolink\autolink\0.6.0\autolink-0.6.0.jar;C:\Users\SQE Labs\.m2\repository\com\vladsch\flexmark\flexmark-ext-definition\0.34.30\flexmark-ext-definition-0.34.30.jar;C:\Users\SQE Labs\.m2\repository\com\vladsch\flexmark\flexmark-ext-emoji\0.34.30\flexmark-ext-emoji-0.34.30.jar;C:\Users\SQE Labs\.m2\repository\com\vladsch\flexmark\flexmark-ext-enumerated-reference\0.34.30\flexmark-ext-enumerated-reference-0.34.30.jar;C:\Users\SQE Labs\.m2\repository\com\vladsch\flexmark\flexmark-ext-escaped-character\0.34.30\flexmark-ext-escaped-character-0.34.30.jar;C:\Users\SQE Labs\.m2\repository\com\vladsch\flexmark\flexmark-ext-footnotes\0.34.30\flexmark-ext-footnotes-0.34.30.jar;C:\Users\SQE Labs\.m2\repository\com\vladsch\flexmark\flexmark-ext-gfm-issues\0.34.30\flexmark-ext-gfm-issues-0.34.30.jar;C:\Users\SQE Labs\.m2\repository\com\vladsch\flexmark\flexmark-ext-gfm-strikethrough\0.34.30\flexmark-ext-gfm-strikethrough-0.34.30.jar;C:\Users\SQE Labs\.m2\repository\com\vladsch\flexmark\flexmark-ext-gfm-tables\0.34.30\flexmark-ext-gfm-tables-0.34.30.jar;C:\Users\SQE Labs\.m2\repository\com\vladsch\flexmark\flexmark-ext-gfm-tasklist\0.34.30\flexmark-ext-gfm-tasklist-0.34.30.jar;C:\Users\SQE Labs\.m2\repository\com\vladsch\flexmark\flexmark-ext-gfm-users\0.34.30\flexmark-ext-gfm-users-0.34.30.jar;C:\Users\SQE Labs\.m2\repository\com\vladsch\flexmark\flexmark-ext-gitlab\0.34.30\flexmark-ext-gitlab-0.34.30.jar;C:\Users\SQE Labs\.m2\repository\com\vladsch\flexmark\flexmark-ext-jekyll-front-matter\0.34.30\flexmark-ext-jekyll-front-matter-0.34.30.jar;C:\Users\SQE Labs\.m2\repository\com\vladsch\flexmark\flexmark-ext-jekyll-tag\0.34.30\flexmark-ext-jekyll-tag-0.34.30.jar;C:\Users\SQE Labs\.m2\repository\com\vladsch\flexmark\flexmark-ext-media-tags\0.34.30\flexmark-ext-media-tags-0.34.30.jar;C:\Users\SQE Labs\.m2\repository\com\vladsch\flexmark\flexmark-test-util\0.34.30\flexmark-test-util-0.34.30.jar;C:\Users\SQE Labs\.m2\repository\com\vladsch\flexmark\flexmark-ext-ins\0.34.30\flexmark-ext-ins-0.34.30.jar;C:\Users\SQE Labs\.m2\repository\com\vladsch\flexmark\flexmark-ext-xwiki-macros\0.34.30\flexmark-ext-xwiki-macros-0.34.30.jar;C:\Users\SQE Labs\.m2\repository\com\vladsch\flexmark\flexmark-ext-superscript\0.34.30\flexmark-ext-superscript-0.34.30.jar;C:\Users\SQE Labs\.m2\repository\com\vladsch\flexmark\flexmark-ext-tables\0.34.30\flexmark-ext-tables-0.34.30.jar;C:\Users\SQE Labs\.m2\repository\com\vladsch\flexmark\flexmark-ext-toc\0.34.30\flexmark-ext-toc-0.34.30.jar;C:\Users\SQE Labs\.m2\repository\com\vladsch\flexmark\flexmark-ext-typographic\0.34.30\flexmark-ext-typographic-0.34.30.jar;C:\Users\SQE Labs\.m2\repository\com\vladsch\flexmark\flexmark-ext-wikilink\0.34.30\flexmark-ext-wikilink-0.34.30.jar;C:\Users\SQE Labs\.m2\repository\com\vladsch\flexmark\flexmark-ext-yaml-front-matter\0.34.30\flexmark-ext-yaml-front-matter-0.34.30.jar;C:\Users\SQE Labs\.m2\repository\com\vladsch\flexmark\flexmark-ext-youtube-embedded\0.34.30\flexmark-ext-youtube-embedded-0.34.30.jar;C:\Users\SQE Labs\.m2\repository\com\vladsch\flexmark\flexmark-formatter\0.34.30\flexmark-formatter-0.34.30.jar;C:\Users\SQE Labs\.m2\repository\com\vladsch\flexmark\flexmark-html-parser\0.34.30\flexmark-html-parser-0.34.30.jar;C:\Users\SQE Labs\.m2\repository\com\vladsch\flexmark\flexmark-jira-converter\0.34.30\flexmark-jira-converter-0.34.30.jar;C:\Users\SQE Labs\.m2\repository\com\vladsch\flexmark\flexmark-pdf-converter\0.34.30\flexmark-pdf-converter-0.34.30.jar;C:\Users\SQE Labs\.m2\repository\com\openhtmltopdf\openhtmltopdf-core\0.0.1-RC13\openhtmltopdf-core-0.0.1-RC13.jar;C:\Users\SQE Labs\.m2\repository\com\openhtmltopdf\openhtmltopdf-pdfbox\0.0.1-RC13\openhtmltopdf-pdfbox-0.0.1-RC13.jar;C:\Users\SQE Labs\.m2\repository\org\apache\pdfbox\pdfbox\2.0.8\pdfbox-2.0.8.jar;C:\Users\SQE Labs\.m2\repository\org\apache\pdfbox\fontbox\2.0.8\fontbox-2.0.8.jar;C:\Users\SQE Labs\.m2\repository\org\apache\pdfbox\xmpbox\2.0.8\xmpbox-2.0.8.jar;C:\Users\SQE Labs\.m2\repository\de\rototor\pdfbox\graphics2d\0.12\graphics2d-0.12.jar;C:\Users\SQE Labs\.m2\repository\com\openhtmltopdf\openhtmltopdf-rtl-support\0.0.1-RC13\openhtmltopdf-rtl-support-0.0.1-RC13.jar;C:\Users\SQE Labs\.m2\repository\com\ibm\icu\icu4j\59.1\icu4j-59.1.jar;C:\Users\SQE Labs\.m2\repository\com\openhtmltopdf\openhtmltopdf-jsoup-dom-converter\0.0.1-RC13\openhtmltopdf-jsoup-dom-converter-0.0.1-RC13.jar;C:\Users\SQE Labs\.m2\repository\com\vladsch\flexmark\flexmark-profile-pegdown\0.34.30\flexmark-profile-pegdown-0.34.30.jar;C:\Users\SQE Labs\.m2\repository\com\vladsch\flexmark\flexmark-util\0.34.30\flexmark-util-0.34.30.jar;C:\Users\SQE Labs\.m2\repository\com\vladsch\flexmark\flexmark-youtrack-converter\0.34.30\flexmark-youtrack-converter-0.34.30.jar;C:\Users\SQE Labs\.m2\repository\es\nitaur\markdown\txtmark\0.16\txtmark-0.16.jar;C:\Users\SQE Labs\.m2\repository\net\serenity-bdd\serenity-report-resources\3.0.5\serenity-report-resources-3.0.5.jar;C:\Users\SQE Labs\.m2\repository\org\seleniumhq\selenium\selenium-server\3.141.59\selenium-server-3.141.59.jar;C:\Users\SQE Labs\.m2\repository\org\seleniumhq\selenium\selenium-opera-driver\3.141.59\selenium-opera-driver-3.141.59.jar;C:\Users\SQE Labs\.m2\repository\net\jcip\jcip-annotations\1.0\jcip-annotations-1.0.jar;C:\Users\SQE Labs\.m2\repository\org\seleniumhq\selenium\jetty-repacked\9.4.12.v20180830\jetty-repacked-9.4.12.v20180830.jar;C:\Users\SQE Labs\.m2\repository\com\squareup\okhttp3\okhttp\3.11.0\okhttp-3.11.0.jar;C:\Users\SQE Labs\.m2\repository\com\squareup\okio\okio\1.14.0\okio-1.14.0.jar;C:\Users\SQE Labs\.m2\repository\javax\servlet\javax.servlet-api\3.1.0\javax.servlet-api-3.1.0.jar;C:\Users\SQE Labs\.m2\repository\net\sourceforge\htmlunit\htmlunit\2.47.1\htmlunit-2.47.1.jar;C:\Users\SQE Labs\.m2\repository\xalan\xalan\2.7.2\xalan-2.7.2.jar;C:\Users\SQE Labs\.m2\repository\xalan\serializer\2.7.2\serializer-2.7.2.jar;C:\Users\SQE Labs\.m2\repository\net\sourceforge\htmlunit\htmlunit-core-js\2.47.0\htmlunit-core-js-2.47.0.jar;C:\Users\SQE Labs\.m2\repository\net\sourceforge\htmlunit\neko-htmlunit\2.47.1\neko-htmlunit-2.47.1.jar;C:\Users\SQE Labs\.m2\repository\xerces\xercesImpl\2.12.0\xercesImpl-2.12.0.jar;C:\Users\SQE Labs\.m2\repository\xml-apis\xml-apis\1.4.01\xml-apis-1.4.01.jar;C:\Users\SQE Labs\.m2\repository\net\sourceforge\htmlunit\htmlunit-cssparser\1.7.0\htmlunit-cssparser-1.7.0.jar;C:\Users\SQE Labs\.m2\repository\com\shapesecurity\salvation2\3.0.0\salvation2-3.0.0.jar;C:\Users\SQE Labs\.m2\repository\org\eclipse\jetty\websocket\websocket-client\9.4.36.v20210114\websocket-client-9.4.36.v20210114.jar;C:\Users\SQE Labs\.m2\repository\org\eclipse\jetty\jetty-client\9.4.36.v20210114\jetty-client-9.4.36.v20210114.jar;C:\Users\SQE Labs\.m2\repository\org\eclipse\jetty\jetty-http\9.4.36.v20210114\jetty-http-9.4.36.v20210114.jar;C:\Users\SQE Labs\.m2\repository\org\eclipse\jetty\jetty-util\9.4.36.v20210114\jetty-util-9.4.36.v20210114.jar;C:\Users\SQE Labs\.m2\repository\org\eclipse\jetty\jetty-io\9.4.36.v20210114\jetty-io-9.4.36.v20210114.jar;C:\Users\SQE Labs\.m2\repository\org\eclipse\jetty\websocket\websocket-common\9.4.36.v20210114\websocket-common-9.4.36.v20210114.jar;C:\Users\SQE Labs\.m2\repository\org\eclipse\jetty\websocket\websocket-api\9.4.36.v20210114\websocket-api-9.4.36.v20210114.jar;C:\Users\SQE Labs\.m2\repository\org\seleniumhq\selenium\htmlunit-driver\2.47.1\htmlunit-driver-2.47.1.jar;C:\Users\SQE Labs\.m2\repository\net\sf\opencsv\opencsv\2.0\opencsv-2.0.jar;C:\Users\SQE Labs\.m2\repository\commons-beanutils\commons-beanutils\1.9.4\commons-beanutils-1.9.4.jar;C:\Users\SQE Labs\.m2\repository\commons-collections\commons-collections\3.2.2\commons-collections-3.2.2.jar;C:\Users\SQE Labs\.m2\repository\org\fluentlenium\fluentlenium-core\0.10.2\fluentlenium-core-0.10.2.jar;C:\Users\SQE Labs\.m2\repository\com\jhlabs\filters\2.0.235\filters-2.0.235.jar;C:\Users\SQE Labs\.m2\repository\org\hamcrest\hamcrest\2.2\hamcrest-2.2.jar;C:\Users\SQE Labs\.m2\repository\com\google\jimfs\jimfs\1.1\jimfs-1.1.jar;C:\Users\SQE Labs\.m2\repository\org\mockito\mockito-core\3.3.3\mockito-core-3.3.3.jar;C:\Users\SQE Labs\.m2\repository\org\assertj\assertj-core\3.18.0\assertj-core-3.18.0.jar;C:\Users\SQE Labs\.m2\repository\javax\xml\bind\jaxb-api\2.3.1\jaxb-api-2.3.1.jar;C:\Users\SQE Labs\.m2\repository\javax\activation\javax.activation-api\1.2.0\javax.activation-api-1.2.0.jar;C:\Users\SQE Labs\.m2\repository\com\sun\xml\bind\jaxb-core\2.3.0.1\jaxb-core-2.3.0.1.jar;C:\Users\SQE Labs\.m2\repository\com\sun\xml\bind\jaxb-impl\2.3.3\jaxb-impl-2.3.3.jar;C:\Users\SQE Labs\.m2\repository\jakarta\xml\bind\jakarta.xml.bind-api\2.3.3\jakarta.xml.bind-api-2.3.3.jar;C:\Users\SQE Labs\.m2\repository\javax\activation\activation\1.1.1\activation-1.1.1.jar;C:\Users\SQE Labs\.m2\repository\net\serenity-bdd\serenity-junit\3.0.5\serenity-junit-3.0.5.jar;C:\Users\SQE Labs\.m2\repository\org\slf4j\slf4j-simple\1.7.25\slf4j-simple-1.7.25.jar;C:\Users\SQE Labs\.m2\repository\io\rest-assured\rest-assured\4.4.0\rest-assured-4.4.0.jar;C:\Users\SQE Labs\.m2\repository\org\apache\httpcomponents\httpmime\4.5.13\httpmime-4.5.13.jar;C:\Users\SQE Labs\.m2\repository\org\ccil\cowan\tagsoup\tagsoup\1.2.1\tagsoup-1.2.1.jar;C:\Users\SQE Labs\.m2\repository\io\rest-assured\json-path\4.4.0\json-path-4.4.0.jar;C:\Users\SQE Labs\.m2\repository\io\rest-assured\rest-assured-common\4.4.0\rest-assured-common-4.4.0.jar;C:\Users\SQE Labs\.m2\repository\io\rest-assured\xml-path\4.4.0\xml-path-4.4.0.jar;C:\Users\SQE Labs\.m2\repository\joda-time\joda-time\2.9.9\joda-time-2.9.9.jar;C:\Users\SQE Labs\.m2\repository\commons-lang\commons-lang\2.6\commons-lang-2.6.jar;C:\Users\SQE Labs\.m2\repository\net\minidev\json-smart\2.4.7\json-smart-2.4.7.jar;C:\Users\SQE Labs\.m2\repository\net\minidev\accessors-smart\2.4.7\accessors-smart-2.4.7.jar;C:\Users\SQE Labs\.m2\repository\cc\plural\jsonij\0.2.11\jsonij-0.2.11.jar;C:\Users\SQE Labs\.m2\repository\org\apache\tika\tika-core\1.4\tika-core-1.4.jar;C:\Users\SQE Labs\.m2\repository\org\codehaus\jackson\jackson-mapper-asl\1.9.13\jackson-mapper-asl-1.9.13.jar;C:\Users\SQE Labs\.m2\repository\org\codehaus\jackson\jackson-core-asl\1.9.13\jackson-core-asl-1.9.13.jar;C:\Users\SQE Labs\.m2\repository\commons-httpclient\commons-httpclient\3.1\commons-httpclient-3.1.jar;C:\Users\SQE Labs\.m2\repository\commons-io\commons-io\2.4\commons-io-2.4.jar;C:\Users\SQE Labs\.m2\repository\com\sun\jersey\jersey-client\1.18.1\jersey-client-1.18.1.jar;C:\Users\SQE Labs\.m2\repository\com\sun\jersey\jersey-core\1.18.1\jersey-core-1.18.1.jar;C:\Users\SQE Labs\.m2\repository\com\amazonaws\aws-java-sdk-secretsmanager\1.11.500\aws-java-sdk-secretsmanager-1.11.500.jar;C:\Users\SQE Labs\.m2\repository\com\amazonaws\jmespath-java\1.11.500\jmespath-java-1.11.500.jar;C:\Users\SQE Labs\.m2\repository\com\fasterxml\jackson\core\jackson-core\2.10.3\jackson-core-2.10.3.jar;C:\Users\SQE Labs\.m2\repository\com\deque\axe-selenium\3.0\axe-selenium-3.0.jar;C:\Users\SQE Labs\.m2\repository\org\json\json\20160212\json-20160212.jar;C:\Users\SQE Labs\.m2\repository\com\sendgrid\sendgrid-java\4.4.1\sendgrid-java-4.4.1.jar;C:\Users\SQE Labs\.m2\repository\com\sendgrid\java-http-client\4.1.0\java-http-client-4.1.0.jar;C:\Users\SQE Labs\.m2\repository\org\apache\httpcomponents\httpcore\4.4.4\httpcore-4.4.4.jar;C:\Users\SQE Labs\.m2\repository\com\fasterxml\jackson\core\jackson-annotations\2.9.5\jackson-annotations-2.9.5.jar;C:\Users\SQE Labs\.m2\repository\mysql\mysql-connector-java\5.1.49\mysql-connector-java-5.1.49.jar;C:\Users\SQE Labs\.m2\repository\com\microsoft\sqlserver\mssql-jdbc\8.2.2.jre8\mssql-jdbc-8.2.2.jre8.jar;C:\Users\SQE Labs\.m2\repository\commons-dbutils\commons-dbutils\1.7\commons-dbutils-1.7.jar;C:\Users\SQE Labs\.m2\repository\com\microsoft\azure\azure-storage\8.6.5\azure-storage-8.6.5.jar;C:\Users\SQE Labs\.m2\repository\com\microsoft\azure\azure-keyvault-core\1.0.0\azure-keyvault-core-1.0.0.jar;C:\Users\SQE Labs\.m2\repository\com\aventstack\extentreports\5.0.9\extentreports-5.0.9.jar;C:\Users\SQE Labs\.m2\repository\io\reactivex\rxjava3\rxjava\3.0.4\rxjava-3.0.4.jar;C:\Users\SQE Labs\.m2\repository\org\reactivestreams\reactive-streams\1.0.3\reactive-streams-1.0.3.jar;C:\Users\SQE Labs\.m2\repository\org\freemarker\freemarker\2.3.30\freemarker-2.3.30.jar;C:\Users\SQE Labs\.m2\repository\org\projectlombok\lombok\1.18.12\lombok-1.18.12.jar;"/>
    <property name="java.vm.vendor" value="Oracle Corporation"/>
    <property name="sun.arch.data.model" value="64"/>
    <property name="user.variant" value=""/>
    <property name="java.vendor.url" value="https://openjdk.java.net/"/>
    <property name="user.timezone" value="Asia/Calcutta"/>
    <property name="java.vm.specification.version" value="11"/>
    <property name="os.name" value="Windows 11"/>
    <property name="sun.java.launcher" value="SUN_STANDARD"/>
    <property name="user.country" value="US"/>
    <property name="sun.boot.library.path" value="C:\Program Files\Java\jdk-11.0.15\bin"/>
    <property name="sun.java.command" value="C:\Users\SQE Labs\AppData\Local\Temp\surefire11385026270198737725\surefirebooter-20230801111446463_3.jar C:\Users\SQE Labs\AppData\Local\Temp\surefire11385026270198737725 2023-08-01T11-14-46_297-jvmRun1 surefire-20230801111446463_1tmp surefire_0-20230801111446463_2tmp"/>
    <property name="jdk.debug" value="release"/>
    <property name="surefire.test.class.path" value="C:\Users\SQE Labs\Desktop\com.Automatiom\target\test-classes;C:\Users\SQE Labs\Desktop\com.Automatiom\target\classes;C:\Users\SQE Labs\.m2\repository\org\seleniumhq\selenium\selenium-java\4.10.0\selenium-java-4.10.0.jar;C:\Users\SQE Labs\.m2\repository\org\seleniumhq\selenium\selenium-api\4.10.0\selenium-api-4.10.0.jar;C:\Users\SQE Labs\.m2\repository\org\seleniumhq\selenium\selenium-chrome-driver\4.10.0\selenium-chrome-driver-4.10.0.jar;C:\Users\SQE Labs\.m2\repository\com\google\auto\service\auto-service-annotations\1.0.1\auto-service-annotations-1.0.1.jar;C:\Users\SQE Labs\.m2\repository\com\google\auto\service\auto-service\1.0.1\auto-service-1.0.1.jar;C:\Users\SQE Labs\.m2\repository\com\google\auto\auto-common\1.2\auto-common-1.2.jar;C:\Users\SQE Labs\.m2\repository\com\google\guava\guava\31.1-jre\guava-31.1-jre.jar;C:\Users\SQE Labs\.m2\repository\com\google\guava\failureaccess\1.0.1\failureaccess-1.0.1.jar;C:\Users\SQE Labs\.m2\repository\com\google\guava\listenablefuture\9999.0-empty-to-avoid-conflict-with-guava\listenablefuture-9999.0-empty-to-avoid-conflict-with-guava.jar;C:\Users\SQE Labs\.m2\repository\com\google\code\findbugs\jsr305\3.0.2\jsr305-3.0.2.jar;C:\Users\SQE Labs\.m2\repository\org\checkerframework\checker-qual\3.12.0\checker-qual-3.12.0.jar;C:\Users\SQE Labs\.m2\repository\com\google\errorprone\error_prone_annotations\2.11.0\error_prone_annotations-2.11.0.jar;C:\Users\SQE Labs\.m2\repository\com\google\j2objc\j2objc-annotations\1.3\j2objc-annotations-1.3.jar;C:\Users\SQE Labs\.m2\repository\org\seleniumhq\selenium\selenium-chromium-driver\4.10.0\selenium-chromium-driver-4.10.0.jar;C:\Users\SQE Labs\.m2\repository\org\seleniumhq\selenium\selenium-json\4.10.0\selenium-json-4.10.0.jar;C:\Users\SQE Labs\.m2\repository\org\seleniumhq\selenium\selenium-manager\4.10.0\selenium-manager-4.10.0.jar;C:\Users\SQE Labs\.m2\repository\org\seleniumhq\selenium\selenium-devtools-v112\4.10.0\selenium-devtools-v112-4.10.0.jar;C:\Users\SQE Labs\.m2\repository\org\seleniumhq\selenium\selenium-devtools-v113\4.10.0\selenium-devtools-v113-4.10.0.jar;C:\Users\SQE Labs\.m2\repository\org\seleniumhq\selenium\selenium-devtools-v114\4.10.0\selenium-devtools-v114-4.10.0.jar;C:\Users\SQE Labs\.m2\repository\org\seleniumhq\selenium\selenium-devtools-v85\4.10.0\selenium-devtools-v85-4.10.0.jar;C:\Users\SQE Labs\.m2\repository\org\seleniumhq\selenium\selenium-edge-driver\4.10.0\selenium-edge-driver-4.10.0.jar;C:\Users\SQE Labs\.m2\repository\org\seleniumhq\selenium\selenium-firefox-driver\4.10.0\selenium-firefox-driver-4.10.0.jar;C:\Users\SQE Labs\.m2\repository\org\seleniumhq\selenium\selenium-http\4.10.0\selenium-http-4.10.0.jar;C:\Users\SQE Labs\.m2\repository\dev\failsafe\failsafe\3.3.1\failsafe-3.3.1.jar;C:\Users\SQE Labs\.m2\repository\org\seleniumhq\selenium\selenium-ie-driver\4.10.0\selenium-ie-driver-4.10.0.jar;C:\Users\SQE Labs\.m2\repository\org\seleniumhq\selenium\selenium-remote-driver\4.10.0\selenium-remote-driver-4.10.0.jar;C:\Users\SQE Labs\.m2\repository\io\netty\netty-buffer\4.1.92.Final\netty-buffer-4.1.92.Final.jar;C:\Users\SQE Labs\.m2\repository\io\netty\netty-codec-http\4.1.92.Final\netty-codec-http-4.1.92.Final.jar;C:\Users\SQE Labs\.m2\repository\io\netty\netty-codec\4.1.92.Final\netty-codec-4.1.92.Final.jar;C:\Users\SQE Labs\.m2\repository\io\netty\netty-handler\4.1.92.Final\netty-handler-4.1.92.Final.jar;C:\Users\SQE Labs\.m2\repository\io\netty\netty-common\4.1.92.Final\netty-common-4.1.92.Final.jar;C:\Users\SQE Labs\.m2\repository\io\netty\netty-transport-classes-epoll\4.1.92.Final\netty-transport-classes-epoll-4.1.92.Final.jar;C:\Users\SQE Labs\.m2\repository\io\netty\netty-transport-classes-kqueue\4.1.92.Final\netty-transport-classes-kqueue-4.1.92.Final.jar;C:\Users\SQE Labs\.m2\repository\io\netty\netty-transport-native-epoll\4.1.92.Final\netty-transport-native-epoll-4.1.92.Final.jar;C:\Users\SQE Labs\.m2\repository\io\netty\netty-transport-native-kqueue\4.1.92.Final\netty-transport-native-kqueue-4.1.92.Final.jar;C:\Users\SQE Labs\.m2\repository\io\netty\netty-transport-native-unix-common\4.1.92.Final\netty-transport-native-unix-common-4.1.92.Final.jar;C:\Users\SQE Labs\.m2\repository\io\netty\netty-transport\4.1.92.Final\netty-transport-4.1.92.Final.jar;C:\Users\SQE Labs\.m2\repository\io\netty\netty-resolver\4.1.92.Final\netty-resolver-4.1.92.Final.jar;C:\Users\SQE Labs\.m2\repository\io\opentelemetry\opentelemetry-api\1.26.0\opentelemetry-api-1.26.0.jar;C:\Users\SQE Labs\.m2\repository\io\opentelemetry\opentelemetry-context\1.26.0\opentelemetry-context-1.26.0.jar;C:\Users\SQE Labs\.m2\repository\io\opentelemetry\opentelemetry-exporter-logging\1.26.0\opentelemetry-exporter-logging-1.26.0.jar;C:\Users\SQE Labs\.m2\repository\io\opentelemetry\opentelemetry-sdk-metrics\1.26.0\opentelemetry-sdk-metrics-1.26.0.jar;C:\Users\SQE Labs\.m2\repository\io\opentelemetry\opentelemetry-extension-incubator\1.26.0-alpha\opentelemetry-extension-incubator-1.26.0-alpha.jar;C:\Users\SQE Labs\.m2\repository\io\opentelemetry\opentelemetry-sdk-logs\1.26.0-alpha\opentelemetry-sdk-logs-1.26.0-alpha.jar;C:\Users\SQE Labs\.m2\repository\io\opentelemetry\opentelemetry-api-logs\1.26.0-alpha\opentelemetry-api-logs-1.26.0-alpha.jar;C:\Users\SQE Labs\.m2\repository\io\opentelemetry\opentelemetry-api-events\1.26.0-alpha\opentelemetry-api-events-1.26.0-alpha.jar;C:\Users\SQE Labs\.m2\repository\io\opentelemetry\opentelemetry-sdk-common\1.26.0\opentelemetry-sdk-common-1.26.0.jar;C:\Users\SQE Labs\.m2\repository\io\opentelemetry\opentelemetry-sdk-extension-autoconfigure-spi\1.26.0\opentelemetry-sdk-extension-autoconfigure-spi-1.26.0.jar;C:\Users\SQE Labs\.m2\repository\io\opentelemetry\opentelemetry-sdk-extension-autoconfigure\1.26.0-alpha\opentelemetry-sdk-extension-autoconfigure-1.26.0-alpha.jar;C:\Users\SQE Labs\.m2\repository\io\opentelemetry\opentelemetry-sdk-trace\1.26.0\opentelemetry-sdk-trace-1.26.0.jar;C:\Users\SQE Labs\.m2\repository\io\opentelemetry\opentelemetry-sdk\1.26.0\opentelemetry-sdk-1.26.0.jar;C:\Users\SQE Labs\.m2\repository\io\opentelemetry\opentelemetry-semconv\1.26.0-alpha\opentelemetry-semconv-1.26.0-alpha.jar;C:\Users\SQE Labs\.m2\repository\net\bytebuddy\byte-buddy\1.14.4\byte-buddy-1.14.4.jar;C:\Users\SQE Labs\.m2\repository\org\apache\commons\commons-exec\1.3\commons-exec-1.3.jar;C:\Users\SQE Labs\.m2\repository\org\asynchttpclient\async-http-client\2.12.3\async-http-client-2.12.3.jar;C:\Users\SQE Labs\.m2\repository\org\asynchttpclient\async-http-client-netty-utils\2.12.3\async-http-client-netty-utils-2.12.3.jar;C:\Users\SQE Labs\.m2\repository\io\netty\netty-codec-socks\4.1.60.Final\netty-codec-socks-4.1.60.Final.jar;C:\Users\SQE Labs\.m2\repository\io\netty\netty-handler-proxy\4.1.60.Final\netty-handler-proxy-4.1.60.Final.jar;C:\Users\SQE Labs\.m2\repository\io\netty\netty-transport-native-epoll\4.1.60.Final\netty-transport-native-epoll-4.1.60.Final-linux-x86_64.jar;C:\Users\SQE Labs\.m2\repository\io\netty\netty-transport-native-kqueue\4.1.60.Final\netty-transport-native-kqueue-4.1.60.Final-osx-x86_64.jar;C:\Users\SQE Labs\.m2\repository\com\typesafe\netty\netty-reactive-streams\2.0.4\netty-reactive-streams-2.0.4.jar;C:\Users\SQE Labs\.m2\repository\com\sun\activation\jakarta.activation\1.2.2\jakarta.activation-1.2.2.jar;C:\Users\SQE Labs\.m2\repository\org\seleniumhq\selenium\selenium-safari-driver\4.10.0\selenium-safari-driver-4.10.0.jar;C:\Users\SQE Labs\.m2\repository\org\seleniumhq\selenium\selenium-support\4.10.0\selenium-support-4.10.0.jar;C:\Users\SQE Labs\.m2\repository\org\testng\testng\7.8.0\testng-7.8.0.jar;C:\Users\SQE Labs\.m2\repository\org\slf4j\slf4j-api\1.7.36\slf4j-api-1.7.36.jar;C:\Users\SQE Labs\.m2\repository\com\beust\jcommander\1.82\jcommander-1.82.jar;C:\Users\SQE Labs\.m2\repository\org\webjars\jquery\3.6.1\jquery-3.6.1.jar;C:\Users\SQE Labs\.m2\repository\io\github\bonigarcia\webdrivermanager\5.4.0\webdrivermanager-5.4.0.jar;C:\Users\SQE Labs\.m2\repository\com\google\code\gson\gson\2.10.1\gson-2.10.1.jar;C:\Users\SQE Labs\.m2\repository\com\github\docker-java\docker-java\3.3.1\docker-java-3.3.1.jar;C:\Users\SQE Labs\.m2\repository\com\github\docker-java\docker-java-core\3.3.1\docker-java-core-3.3.1.jar;C:\Users\SQE Labs\.m2\repository\com\github\docker-java\docker-java-api\3.3.1\docker-java-api-3.3.1.jar;C:\Users\SQE Labs\.m2\repository\org\apache\commons\commons-compress\1.21\commons-compress-1.21.jar;C:\Users\SQE Labs\.m2\repository\org\bouncycastle\bcpkix-jdk15on\1.64\bcpkix-jdk15on-1.64.jar;C:\Users\SQE Labs\.m2\repository\org\slf4j\jcl-over-slf4j\1.7.30\jcl-over-slf4j-1.7.30.jar;C:\Users\SQE Labs\.m2\repository\com\github\docker-java\docker-java-transport-httpclient5\3.3.1\docker-java-transport-httpclient5-3.3.1.jar;C:\Users\SQE Labs\.m2\repository\com\github\docker-java\docker-java-transport\3.3.1\docker-java-transport-3.3.1.jar;C:\Users\SQE Labs\.m2\repository\net\java\dev\jna\jna\5.12.1\jna-5.12.1.jar;C:\Users\SQE Labs\.m2\repository\org\brotli\dec\0.1.2\dec-0.1.2.jar;C:\Users\SQE Labs\.m2\repository\org\apache\commons\commons-lang3\3.12.0\commons-lang3-3.12.0.jar;C:\Users\SQE Labs\.m2\repository\org\apache\httpcomponents\client5\httpclient5\5.2.1\httpclient5-5.2.1.jar;C:\Users\SQE Labs\.m2\repository\org\apache\httpcomponents\core5\httpcore5\5.2\httpcore5-5.2.jar;C:\Users\SQE Labs\.m2\repository\org\apache\httpcomponents\core5\httpcore5-h2\5.2\httpcore5-h2-5.2.jar;C:\Users\SQE Labs\.m2\repository\com\pearson\common\framework\test\V2Automation\1.9.1\V2Automation-1.9.1.jar;C:\Users\SQE Labs\.m2\repository\com\pearson\common\framework\falcon-web\1.9.1\falcon-web-1.9.1.jar;C:\Users\SQE Labs\.m2\repository\com\microsoft\playwright\playwright\1.19.0\playwright-1.19.0.jar;C:\Users\SQE Labs\.m2\repository\org\opentest4j\opentest4j\1.2.0\opentest4j-1.2.0.jar;C:\Users\SQE Labs\.m2\repository\com\microsoft\playwright\driver\1.19.0\driver-1.19.0.jar;C:\Users\SQE Labs\.m2\repository\com\microsoft\playwright\driver-bundle\1.19.0\driver-bundle-1.19.0.jar;C:\Users\SQE Labs\.m2\repository\io\appium\java-client\7.3.0\java-client-7.3.0.jar;C:\Users\SQE Labs\.m2\repository\org\apache\httpcomponents\httpclient\4.5.9\httpclient-4.5.9.jar;C:\Users\SQE Labs\.m2\repository\cglib\cglib\3.2.12\cglib-3.2.12.jar;C:\Users\SQE Labs\.m2\repository\org\ow2\asm\asm\7.1\asm-7.1.jar;C:\Users\SQE Labs\.m2\repository\commons-validator\commons-validator\1.6\commons-validator-1.6.jar;C:\Users\SQE Labs\.m2\repository\commons-digester\commons-digester\1.8.1\commons-digester-1.8.1.jar;C:\Users\SQE Labs\.m2\repository\org\springframework\spring-context\5.1.8.RELEASE\spring-context-5.1.8.RELEASE.jar;C:\Users\SQE Labs\.m2\repository\org\springframework\spring-aop\5.1.8.RELEASE\spring-aop-5.1.8.RELEASE.jar;C:\Users\SQE Labs\.m2\repository\org\springframework\spring-beans\5.1.8.RELEASE\spring-beans-5.1.8.RELEASE.jar;C:\Users\SQE Labs\.m2\repository\org\springframework\spring-core\5.1.8.RELEASE\spring-core-5.1.8.RELEASE.jar;C:\Users\SQE Labs\.m2\repository\org\springframework\spring-jcl\5.1.8.RELEASE\spring-jcl-5.1.8.RELEASE.jar;C:\Users\SQE Labs\.m2\repository\org\springframework\spring-expression\5.1.8.RELEASE\spring-expression-5.1.8.RELEASE.jar;C:\Users\SQE Labs\.m2\repository\org\aspectj\aspectjweaver\1.9.4\aspectjweaver-1.9.4.jar;C:\Users\SQE Labs\.m2\repository\io\netty\netty-all\4.1.70.Final\netty-all-4.1.70.Final.jar;C:\Users\SQE Labs\.m2\repository\io\netty\netty-codec-dns\4.1.70.Final\netty-codec-dns-4.1.70.Final.jar;C:\Users\SQE Labs\.m2\repository\io\netty\netty-codec-haproxy\4.1.70.Final\netty-codec-haproxy-4.1.70.Final.jar;C:\Users\SQE Labs\.m2\repository\io\netty\netty-codec-http2\4.1.70.Final\netty-codec-http2-4.1.70.Final.jar;C:\Users\SQE Labs\.m2\repository\io\netty\netty-codec-memcache\4.1.70.Final\netty-codec-memcache-4.1.70.Final.jar;C:\Users\SQE Labs\.m2\repository\io\netty\netty-codec-mqtt\4.1.70.Final\netty-codec-mqtt-4.1.70.Final.jar;C:\Users\SQE Labs\.m2\repository\io\netty\netty-codec-redis\4.1.70.Final\netty-codec-redis-4.1.70.Final.jar;C:\Users\SQE Labs\.m2\repository\io\netty\netty-codec-smtp\4.1.70.Final\netty-codec-smtp-4.1.70.Final.jar;C:\Users\SQE Labs\.m2\repository\io\netty\netty-codec-stomp\4.1.70.Final\netty-codec-stomp-4.1.70.Final.jar;C:\Users\SQE Labs\.m2\repository\io\netty\netty-codec-xml\4.1.70.Final\netty-codec-xml-4.1.70.Final.jar;C:\Users\SQE Labs\.m2\repository\io\netty\netty-resolver-dns\4.1.70.Final\netty-resolver-dns-4.1.70.Final.jar;C:\Users\SQE Labs\.m2\repository\io\netty\netty-transport-rxtx\4.1.70.Final\netty-transport-rxtx-4.1.70.Final.jar;C:\Users\SQE Labs\.m2\repository\io\netty\netty-transport-sctp\4.1.70.Final\netty-transport-sctp-4.1.70.Final.jar;C:\Users\SQE Labs\.m2\repository\io\netty\netty-transport-udt\4.1.70.Final\netty-transport-udt-4.1.70.Final.jar;C:\Users\SQE Labs\.m2\repository\io\netty\netty-resolver-dns-classes-macos\4.1.70.Final\netty-resolver-dns-classes-macos-4.1.70.Final.jar;C:\Users\SQE Labs\.m2\repository\io\netty\netty-transport-native-epoll\4.1.70.Final\netty-transport-native-epoll-4.1.70.Final-linux-aarch_64.jar;C:\Users\SQE Labs\.m2\repository\io\netty\netty-transport-native-kqueue\4.1.70.Final\netty-transport-native-kqueue-4.1.70.Final-osx-aarch_64.jar;C:\Users\SQE Labs\.m2\repository\io\netty\netty-resolver-dns-native-macos\4.1.70.Final\netty-resolver-dns-native-macos-4.1.70.Final-osx-x86_64.jar;C:\Users\SQE Labs\.m2\repository\io\netty\netty-resolver-dns-native-macos\4.1.70.Final\netty-resolver-dns-native-macos-4.1.70.Final-osx-aarch_64.jar;C:\Users\SQE Labs\.m2\repository\com\paulhammant\ngwebdriver\1.1.5\ngwebdriver-1.1.5.jar;C:\Users\SQE Labs\.m2\repository\com\codeborne\phantomjsdriver\1.4.4\phantomjsdriver-1.4.4.jar;C:\Users\SQE Labs\.m2\repository\org\uncommons\reportng\1.1.4\reportng-1.1.4.jar;C:\Users\SQE Labs\.m2\repository\velocity\velocity\1.4\velocity-1.4.jar;C:\Users\SQE Labs\.m2\repository\velocity\velocity-dep\1.4\velocity-dep-1.4.jar;C:\Users\SQE Labs\.m2\repository\com\github\ua-parser\uap-java\1.5.2\uap-java-1.5.2.jar;C:\Users\SQE Labs\.m2\repository\org\yaml\snakeyaml\1.26\snakeyaml-1.26.jar;C:\Users\SQE Labs\.m2\repository\org\apache\commons\commons-collections4\4.1\commons-collections4-4.1.jar;C:\Users\SQE Labs\.m2\repository\com\google\inject\guice\3.0\guice-3.0.jar;C:\Users\SQE Labs\.m2\repository\javax\inject\javax.inject\1\javax.inject-1.jar;C:\Users\SQE Labs\.m2\repository\aopalliance\aopalliance\1.0\aopalliance-1.0.jar;C:\Users\SQE Labs\.m2\repository\com\amazonaws\aws-java-sdk\1.11.500\aws-java-sdk-1.11.500.jar;C:\Users\SQE Labs\.m2\repository\com\amazonaws\aws-java-sdk-worklink\1.11.500\aws-java-sdk-worklink-1.11.500.jar;C:\Users\SQE Labs\.m2\repository\com\amazonaws\aws-java-sdk-backup\1.11.500\aws-java-sdk-backup-1.11.500.jar;C:\Users\SQE Labs\.m2\repository\com\amazonaws\aws-java-sdk-docdb\1.11.500\aws-java-sdk-docdb-1.11.500.jar;C:\Users\SQE Labs\.m2\repository\com\amazonaws\aws-java-sdk-apigatewayv2\1.11.500\aws-java-sdk-apigatewayv2-1.11.500.jar;C:\Users\SQE Labs\.m2\repository\com\amazonaws\aws-java-sdk-apigatewaymanagementapi\1.11.500\aws-java-sdk-apigatewaymanagementapi-1.11.500.jar;C:\Users\SQE Labs\.m2\repository\com\amazonaws\aws-java-sdk-kafka\1.11.500\aws-java-sdk-kafka-1.11.500.jar;C:\Users\SQE Labs\.m2\repository\com\amazonaws\aws-java-sdk-appmesh\1.11.500\aws-java-sdk-appmesh-1.11.500.jar;C:\Users\SQE Labs\.m2\repository\com\amazonaws\aws-java-sdk-licensemanager\1.11.500\aws-java-sdk-licensemanager-1.11.500.jar;C:\Users\SQE Labs\.m2\repository\com\amazonaws\aws-java-sdk-securityhub\1.11.500\aws-java-sdk-securityhub-1.11.500.jar;C:\Users\SQE Labs\.m2\repository\com\amazonaws\aws-java-sdk-fsx\1.11.500\aws-java-sdk-fsx-1.11.500.jar;C:\Users\SQE Labs\.m2\repository\com\amazonaws\aws-java-sdk-mediaconnect\1.11.500\aws-java-sdk-mediaconnect-1.11.500.jar;C:\Users\SQE Labs\.m2\repository\com\amazonaws\aws-java-sdk-kinesisanalyticsv2\1.11.500\aws-java-sdk-kinesisanalyticsv2-1.11.500.jar;C:\Users\SQE Labs\.m2\repository\com\amazonaws\aws-java-sdk-comprehendmedical\1.11.500\aws-java-sdk-comprehendmedical-1.11.500.jar;C:\Users\SQE Labs\.m2\repository\com\amazonaws\aws-java-sdk-globalaccelerator\1.11.500\aws-java-sdk-globalaccelerator-1.11.500.jar;C:\Users\SQE Labs\.m2\repository\com\amazonaws\aws-java-sdk-transfer\1.11.500\aws-java-sdk-transfer-1.11.500.jar;C:\Users\SQE Labs\.m2\repository\com\amazonaws\aws-java-sdk-datasync\1.11.500\aws-java-sdk-datasync-1.11.500.jar;C:\Users\SQE Labs\.m2\repository\com\amazonaws\aws-java-sdk-robomaker\1.11.500\aws-java-sdk-robomaker-1.11.500.jar;C:\Users\SQE Labs\.m2\repository\com\amazonaws\aws-java-sdk-amplify\1.11.500\aws-java-sdk-amplify-1.11.500.jar;C:\Users\SQE Labs\.m2\repository\com\amazonaws\aws-java-sdk-quicksight\1.11.500\aws-java-sdk-quicksight-1.11.500.jar;C:\Users\SQE Labs\.m2\repository\com\amazonaws\aws-java-sdk-rdsdata\1.11.500\aws-java-sdk-rdsdata-1.11.500.jar;C:\Users\SQE Labs\.m2\repository\com\amazonaws\aws-java-sdk-route53resolver\1.11.500\aws-java-sdk-route53resolver-1.11.500.jar;C:\Users\SQE Labs\.m2\repository\com\amazonaws\aws-java-sdk-ram\1.11.500\aws-java-sdk-ram-1.11.500.jar;C:\Users\SQE Labs\.m2\repository\com\amazonaws\aws-java-sdk-s3control\1.11.500\aws-java-sdk-s3control-1.11.500.jar;C:\Users\SQE Labs\.m2\repository\com\amazonaws\aws-java-sdk-pinpointsmsvoice\1.11.500\aws-java-sdk-pinpointsmsvoice-1.11.500.jar;C:\Users\SQE Labs\.m2\repository\com\amazonaws\aws-java-sdk-pinpointemail\1.11.500\aws-java-sdk-pinpointemail-1.11.500.jar;C:\Users\SQE Labs\.m2\repository\com\amazonaws\aws-java-sdk-chime\1.11.500\aws-java-sdk-chime-1.11.500.jar;C:\Users\SQE Labs\.m2\repository\com\amazonaws\aws-java-sdk-signer\1.11.500\aws-java-sdk-signer-1.11.500.jar;C:\Users\SQE Labs\.m2\repository\com\amazonaws\aws-java-sdk-dlm\1.11.500\aws-java-sdk-dlm-1.11.500.jar;C:\Users\SQE Labs\.m2\repository\com\amazonaws\aws-java-sdk-macie\1.11.500\aws-java-sdk-macie-1.11.500.jar;C:\Users\SQE Labs\.m2\repository\com\amazonaws\aws-java-sdk-eks\1.11.500\aws-java-sdk-eks-1.11.500.jar;C:\Users\SQE Labs\.m2\repository\com\amazonaws\aws-java-sdk-mediatailor\1.11.500\aws-java-sdk-mediatailor-1.11.500.jar;C:\Users\SQE Labs\.m2\repository\com\amazonaws\aws-java-sdk-neptune\1.11.500\aws-java-sdk-neptune-1.11.500.jar;C:\Users\SQE Labs\.m2\repository\com\amazonaws\aws-java-sdk-pi\1.11.500\aws-java-sdk-pi-1.11.500.jar;C:\Users\SQE Labs\.m2\repository\com\amazonaws\aws-java-sdk-iot1clickprojects\1.11.500\aws-java-sdk-iot1clickprojects-1.11.500.jar;C:\Users\SQE Labs\.m2\repository\com\amazonaws\aws-java-sdk-iot1clickdevices\1.11.500\aws-java-sdk-iot1clickdevices-1.11.500.jar;C:\Users\SQE Labs\.m2\repository\com\amazonaws\aws-java-sdk-iotanalytics\1.11.500\aws-java-sdk-iotanalytics-1.11.500.jar;C:\Users\SQE Labs\.m2\repository\com\amazonaws\aws-java-sdk-acmpca\1.11.500\aws-java-sdk-acmpca-1.11.500.jar;C:\Users\SQE Labs\.m2\repository\com\amazonaws\aws-java-sdk-fms\1.11.500\aws-java-sdk-fms-1.11.500.jar;C:\Users\SQE Labs\.m2\repository\com\amazonaws\aws-java-sdk-connect\1.11.500\aws-java-sdk-connect-1.11.500.jar;C:\Users\SQE Labs\.m2\repository\com\amazonaws\aws-java-sdk-transcribe\1.11.500\aws-java-sdk-transcribe-1.11.500.jar;C:\Users\SQE Labs\.m2\repository\com\amazonaws\aws-java-sdk-autoscalingplans\1.11.500\aws-java-sdk-autoscalingplans-1.11.500.jar;C:\Users\SQE Labs\.m2\repository\com\amazonaws\aws-java-sdk-workmail\1.11.500\aws-java-sdk-workmail-1.11.500.jar;C:\Users\SQE Labs\.m2\repository\com\amazonaws\aws-java-sdk-servicediscovery\1.11.500\aws-java-sdk-servicediscovery-1.11.500.jar;C:\Users\SQE Labs\.m2\repository\com\amazonaws\aws-java-sdk-cloud9\1.11.500\aws-java-sdk-cloud9-1.11.500.jar;C:\Users\SQE Labs\.m2\repository\com\amazonaws\aws-java-sdk-serverlessapplicationrepository\1.11.500\aws-java-sdk-serverlessapplicationrepository-1.11.500.jar;C:\Users\SQE Labs\.m2\repository\com\amazonaws\aws-java-sdk-alexaforbusiness\1.11.500\aws-java-sdk-alexaforbusiness-1.11.500.jar;C:\Users\SQE Labs\.m2\repository\com\amazonaws\aws-java-sdk-resourcegroups\1.11.500\aws-java-sdk-resourcegroups-1.11.500.jar;C:\Users\SQE Labs\.m2\repository\com\amazonaws\aws-java-sdk-comprehend\1.11.500\aws-java-sdk-comprehend-1.11.500.jar;C:\Users\SQE Labs\.m2\repository\com\amazonaws\aws-java-sdk-translate\1.11.500\aws-java-sdk-translate-1.11.500.jar;C:\Users\SQE Labs\.m2\repository\com\amazonaws\aws-java-sdk-sagemaker\1.11.500\aws-java-sdk-sagemaker-1.11.500.jar;C:\Users\SQE Labs\.m2\repository\com\amazonaws\aws-java-sdk-iotjobsdataplane\1.11.500\aws-java-sdk-iotjobsdataplane-1.11.500.jar;C:\Users\SQE Labs\.m2\repository\com\amazonaws\aws-java-sdk-sagemakerruntime\1.11.500\aws-java-sdk-sagemakerruntime-1.11.500.jar;C:\Users\SQE Labs\.m2\repository\com\amazonaws\aws-java-sdk-kinesisvideo\1.11.500\aws-java-sdk-kinesisvideo-1.11.500.jar;C:\Users\SQE Labs\.m2\repository\com\amazonaws\aws-java-sdk-appsync\1.11.500\aws-java-sdk-appsync-1.11.500.jar;C:\Users\SQE Labs\.m2\repository\com\amazonaws\aws-java-sdk-guardduty\1.11.500\aws-java-sdk-guardduty-1.11.500.jar;C:\Users\SQE Labs\.m2\repository\com\amazonaws\aws-java-sdk-mq\1.11.500\aws-java-sdk-mq-1.11.500.jar;C:\Users\SQE Labs\.m2\repository\com\amazonaws\aws-java-sdk-mediaconvert\1.11.500\aws-java-sdk-mediaconvert-1.11.500.jar;C:\Users\SQE Labs\.m2\repository\com\amazonaws\aws-java-sdk-mediastore\1.11.500\aws-java-sdk-mediastore-1.11.500.jar;C:\Users\SQE Labs\.m2\repository\com\amazonaws\aws-java-sdk-mediastoredata\1.11.500\aws-java-sdk-mediastoredata-1.11.500.jar;C:\Users\SQE Labs\.m2\repository\com\amazonaws\aws-java-sdk-medialive\1.11.500\aws-java-sdk-medialive-1.11.500.jar;C:\Users\SQE Labs\.m2\repository\com\amazonaws\aws-java-sdk-mediapackage\1.11.500\aws-java-sdk-mediapackage-1.11.500.jar;C:\Users\SQE Labs\.m2\repository\com\amazonaws\aws-java-sdk-costexplorer\1.11.500\aws-java-sdk-costexplorer-1.11.500.jar;C:\Users\SQE Labs\.m2\repository\com\amazonaws\aws-java-sdk-pricing\1.11.500\aws-java-sdk-pricing-1.11.500.jar;C:\Users\SQE Labs\.m2\repository\com\amazonaws\aws-java-sdk-mobile\1.11.500\aws-java-sdk-mobile-1.11.500.jar;C:\Users\SQE Labs\.m2\repository\com\amazonaws\aws-java-sdk-cloudhsmv2\1.11.500\aws-java-sdk-cloudhsmv2-1.11.500.jar;C:\Users\SQE Labs\.m2\repository\com\amazonaws\aws-java-sdk-glue\1.11.500\aws-java-sdk-glue-1.11.500.jar;C:\Users\SQE Labs\.m2\repository\com\amazonaws\aws-java-sdk-migrationhub\1.11.500\aws-java-sdk-migrationhub-1.11.500.jar;C:\Users\SQE Labs\.m2\repository\com\amazonaws\aws-java-sdk-dax\1.11.500\aws-java-sdk-dax-1.11.500.jar;C:\Users\SQE Labs\.m2\repository\com\amazonaws\aws-java-sdk-greengrass\1.11.500\aws-java-sdk-greengrass-1.11.500.jar;C:\Users\SQE Labs\.m2\repository\com\amazonaws\aws-java-sdk-athena\1.11.500\aws-java-sdk-athena-1.11.500.jar;C:\Users\SQE Labs\.m2\repository\com\amazonaws\aws-java-sdk-marketplaceentitlement\1.11.500\aws-java-sdk-marketplaceentitlement-1.11.500.jar;C:\Users\SQE Labs\.m2\repository\com\amazonaws\aws-java-sdk-codestar\1.11.500\aws-java-sdk-codestar-1.11.500.jar;C:\Users\SQE Labs\.m2\repository\com\amazonaws\aws-java-sdk-lexmodelbuilding\1.11.500\aws-java-sdk-lexmodelbuilding-1.11.500.jar;C:\Users\SQE Labs\.m2\repository\com\amazonaws\aws-java-sdk-resourcegroupstaggingapi\1.11.500\aws-java-sdk-resourcegroupstaggingapi-1.11.500.jar;C:\Users\SQE Labs\.m2\repository\com\amazonaws\aws-java-sdk-pinpoint\1.11.500\aws-java-sdk-pinpoint-1.11.500.jar;C:\Users\SQE Labs\.m2\repository\com\amazonaws\aws-java-sdk-xray\1.11.500\aws-java-sdk-xray-1.11.500.jar;C:\Users\SQE Labs\.m2\repository\com\amazonaws\aws-java-sdk-opsworkscm\1.11.500\aws-java-sdk-opsworkscm-1.11.500.jar;C:\Users\SQE Labs\.m2\repository\com\amazonaws\aws-java-sdk-support\1.11.500\aws-java-sdk-support-1.11.500.jar;C:\Users\SQE Labs\.m2\repository\com\amazonaws\aws-java-sdk-simpledb\1.11.500\aws-java-sdk-simpledb-1.11.500.jar;C:\Users\SQE Labs\.m2\repository\com\amazonaws\aws-java-sdk-servicecatalog\1.11.500\aws-java-sdk-servicecatalog-1.11.500.jar;C:\Users\SQE Labs\.m2\repository\com\amazonaws\aws-java-sdk-servermigration\1.11.500\aws-java-sdk-servermigration-1.11.500.jar;C:\Users\SQE Labs\.m2\repository\com\amazonaws\aws-java-sdk-simpleworkflow\1.11.500\aws-java-sdk-simpleworkflow-1.11.500.jar;C:\Users\SQE Labs\.m2\repository\com\amazonaws\aws-java-sdk-storagegateway\1.11.500\aws-java-sdk-storagegateway-1.11.500.jar;C:\Users\SQE Labs\.m2\repository\com\amazonaws\aws-java-sdk-route53\1.11.500\aws-java-sdk-route53-1.11.500.jar;C:\Users\SQE Labs\.m2\repository\com\amazonaws\aws-java-sdk-s3\1.11.500\aws-java-sdk-s3-1.11.500.jar;C:\Users\SQE Labs\.m2\repository\com\amazonaws\aws-java-sdk-importexport\1.11.500\aws-java-sdk-importexport-1.11.500.jar;C:\Users\SQE Labs\.m2\repository\com\amazonaws\aws-java-sdk-sts\1.11.500\aws-java-sdk-sts-1.11.500.jar;C:\Users\SQE Labs\.m2\repository\com\amazonaws\aws-java-sdk-sqs\1.11.500\aws-java-sdk-sqs-1.11.500.jar;C:\Users\SQE Labs\.m2\repository\com\amazonaws\aws-java-sdk-rds\1.11.500\aws-java-sdk-rds-1.11.500.jar;C:\Users\SQE Labs\.m2\repository\com\amazonaws\aws-java-sdk-redshift\1.11.500\aws-java-sdk-redshift-1.11.500.jar;C:\Users\SQE Labs\.m2\repository\com\amazonaws\aws-java-sdk-elasticbeanstalk\1.11.500\aws-java-sdk-elasticbeanstalk-1.11.500.jar;C:\Users\SQE Labs\.m2\repository\com\amazonaws\aws-java-sdk-glacier\1.11.500\aws-java-sdk-glacier-1.11.500.jar;C:\Users\SQE Labs\.m2\repository\com\amazonaws\aws-java-sdk-iam\1.11.500\aws-java-sdk-iam-1.11.500.jar;C:\Users\SQE Labs\.m2\repository\com\amazonaws\aws-java-sdk-datapipeline\1.11.500\aws-java-sdk-datapipeline-1.11.500.jar;C:\Users\SQE Labs\.m2\repository\com\amazonaws\aws-java-sdk-elasticloadbalancing\1.11.500\aws-java-sdk-elasticloadbalancing-1.11.500.jar;C:\Users\SQE Labs\.m2\repository\com\amazonaws\aws-java-sdk-elasticloadbalancingv2\1.11.500\aws-java-sdk-elasticloadbalancingv2-1.11.500.jar;C:\Users\SQE Labs\.m2\repository\com\amazonaws\aws-java-sdk-emr\1.11.500\aws-java-sdk-emr-1.11.500.jar;C:\Users\SQE Labs\.m2\repository\com\amazonaws\aws-java-sdk-elasticache\1.11.500\aws-java-sdk-elasticache-1.11.500.jar;C:\Users\SQE Labs\.m2\repository\com\amazonaws\aws-java-sdk-elastictranscoder\1.11.500\aws-java-sdk-elastictranscoder-1.11.500.jar;C:\Users\SQE Labs\.m2\repository\com\amazonaws\aws-java-sdk-ec2\1.11.500\aws-java-sdk-ec2-1.11.500.jar;C:\Users\SQE Labs\.m2\repository\com\amazonaws\aws-java-sdk-dynamodb\1.11.500\aws-java-sdk-dynamodb-1.11.500.jar;C:\Users\SQE Labs\.m2\repository\com\amazonaws\aws-java-sdk-sns\1.11.500\aws-java-sdk-sns-1.11.500.jar;C:\Users\SQE Labs\.m2\repository\com\amazonaws\aws-java-sdk-budgets\1.11.500\aws-java-sdk-budgets-1.11.500.jar;C:\Users\SQE Labs\.m2\repository\com\amazonaws\aws-java-sdk-cloudtrail\1.11.500\aws-java-sdk-cloudtrail-1.11.500.jar;C:\Users\SQE Labs\.m2\repository\com\amazonaws\aws-java-sdk-cloudwatch\1.11.500\aws-java-sdk-cloudwatch-1.11.500.jar;C:\Users\SQE Labs\.m2\repository\com\amazonaws\aws-java-sdk-logs\1.11.500\aws-java-sdk-logs-1.11.500.jar;C:\Users\SQE Labs\.m2\repository\com\amazonaws\aws-java-sdk-events\1.11.500\aws-java-sdk-events-1.11.500.jar;C:\Users\SQE Labs\.m2\repository\com\amazonaws\aws-java-sdk-cognitoidentity\1.11.500\aws-java-sdk-cognitoidentity-1.11.500.jar;C:\Users\SQE Labs\.m2\repository\com\amazonaws\aws-java-sdk-cognitosync\1.11.500\aws-java-sdk-cognitosync-1.11.500.jar;C:\Users\SQE Labs\.m2\repository\com\amazonaws\aws-java-sdk-directconnect\1.11.500\aws-java-sdk-directconnect-1.11.500.jar;C:\Users\SQE Labs\.m2\repository\com\amazonaws\aws-java-sdk-cloudformation\1.11.500\aws-java-sdk-cloudformation-1.11.500.jar;C:\Users\SQE Labs\.m2\repository\com\amazonaws\aws-java-sdk-cloudfront\1.11.500\aws-java-sdk-cloudfront-1.11.500.jar;C:\Users\SQE Labs\.m2\repository\com\amazonaws\aws-java-sdk-clouddirectory\1.11.500\aws-java-sdk-clouddirectory-1.11.500.jar;C:\Users\SQE Labs\.m2\repository\com\amazonaws\aws-java-sdk-kinesis\1.11.500\aws-java-sdk-kinesis-1.11.500.jar;C:\Users\SQE Labs\.m2\repository\com\amazonaws\aws-java-sdk-opsworks\1.11.500\aws-java-sdk-opsworks-1.11.500.jar;C:\Users\SQE Labs\.m2\repository\com\amazonaws\aws-java-sdk-ses\1.11.500\aws-java-sdk-ses-1.11.500.jar;C:\Users\SQE Labs\.m2\repository\com\amazonaws\aws-java-sdk-autoscaling\1.11.500\aws-java-sdk-autoscaling-1.11.500.jar;C:\Users\SQE Labs\.m2\repository\com\amazonaws\aws-java-sdk-cloudsearch\1.11.500\aws-java-sdk-cloudsearch-1.11.500.jar;C:\Users\SQE Labs\.m2\repository\com\amazonaws\aws-java-sdk-cloudwatchmetrics\1.11.500\aws-java-sdk-cloudwatchmetrics-1.11.500.jar;C:\Users\SQE Labs\.m2\repository\com\amazonaws\aws-java-sdk-codedeploy\1.11.500\aws-java-sdk-codedeploy-1.11.500.jar;C:\Users\SQE Labs\.m2\repository\com\amazonaws\aws-java-sdk-codepipeline\1.11.500\aws-java-sdk-codepipeline-1.11.500.jar;C:\Users\SQE Labs\.m2\repository\com\amazonaws\aws-java-sdk-kms\1.11.500\aws-java-sdk-kms-1.11.500.jar;C:\Users\SQE Labs\.m2\repository\com\amazonaws\aws-java-sdk-config\1.11.500\aws-java-sdk-config-1.11.500.jar;C:\Users\SQE Labs\.m2\repository\com\amazonaws\aws-java-sdk-lambda\1.11.500\aws-java-sdk-lambda-1.11.500.jar;C:\Users\SQE Labs\.m2\repository\com\amazonaws\aws-java-sdk-ecs\1.11.500\aws-java-sdk-ecs-1.11.500.jar;C:\Users\SQE Labs\.m2\repository\com\amazonaws\aws-java-sdk-ecr\1.11.500\aws-java-sdk-ecr-1.11.500.jar;C:\Users\SQE Labs\.m2\repository\com\amazonaws\aws-java-sdk-cloudhsm\1.11.500\aws-java-sdk-cloudhsm-1.11.500.jar;C:\Users\SQE Labs\.m2\repository\com\amazonaws\aws-java-sdk-ssm\1.11.500\aws-java-sdk-ssm-1.11.500.jar;C:\Users\SQE Labs\.m2\repository\com\amazonaws\aws-java-sdk-workspaces\1.11.500\aws-java-sdk-workspaces-1.11.500.jar;C:\Users\SQE Labs\.m2\repository\com\amazonaws\aws-java-sdk-machinelearning\1.11.500\aws-java-sdk-machinelearning-1.11.500.jar;C:\Users\SQE Labs\.m2\repository\com\amazonaws\aws-java-sdk-directory\1.11.500\aws-java-sdk-directory-1.11.500.jar;C:\Users\SQE Labs\.m2\repository\com\amazonaws\aws-java-sdk-efs\1.11.500\aws-java-sdk-efs-1.11.500.jar;C:\Users\SQE Labs\.m2\repository\com\amazonaws\aws-java-sdk-codecommit\1.11.500\aws-java-sdk-codecommit-1.11.500.jar;C:\Users\SQE Labs\.m2\repository\com\amazonaws\aws-java-sdk-devicefarm\1.11.500\aws-java-sdk-devicefarm-1.11.500.jar;C:\Users\SQE Labs\.m2\repository\com\amazonaws\aws-java-sdk-elasticsearch\1.11.500\aws-java-sdk-elasticsearch-1.11.500.jar;C:\Users\SQE Labs\.m2\repository\com\amazonaws\aws-java-sdk-waf\1.11.500\aws-java-sdk-waf-1.11.500.jar;C:\Users\SQE Labs\.m2\repository\com\amazonaws\aws-java-sdk-marketplacecommerceanalytics\1.11.500\aws-java-sdk-marketplacecommerceanalytics-1.11.500.jar;C:\Users\SQE Labs\.m2\repository\com\amazonaws\aws-java-sdk-inspector\1.11.500\aws-java-sdk-inspector-1.11.500.jar;C:\Users\SQE Labs\.m2\repository\com\amazonaws\aws-java-sdk-iot\1.11.500\aws-java-sdk-iot-1.11.500.jar;C:\Users\SQE Labs\.m2\repository\com\amazonaws\aws-java-sdk-api-gateway\1.11.500\aws-java-sdk-api-gateway-1.11.500.jar;C:\Users\SQE Labs\.m2\repository\com\amazonaws\aws-java-sdk-acm\1.11.500\aws-java-sdk-acm-1.11.500.jar;C:\Users\SQE Labs\.m2\repository\com\amazonaws\aws-java-sdk-gamelift\1.11.500\aws-java-sdk-gamelift-1.11.500.jar;C:\Users\SQE Labs\.m2\repository\com\amazonaws\aws-java-sdk-dms\1.11.500\aws-java-sdk-dms-1.11.500.jar;C:\Users\SQE Labs\.m2\repository\com\amazonaws\aws-java-sdk-marketplacemeteringservice\1.11.500\aws-java-sdk-marketplacemeteringservice-1.11.500.jar;C:\Users\SQE Labs\.m2\repository\com\amazonaws\aws-java-sdk-cognitoidp\1.11.500\aws-java-sdk-cognitoidp-1.11.500.jar;C:\Users\SQE Labs\.m2\repository\com\amazonaws\aws-java-sdk-discovery\1.11.500\aws-java-sdk-discovery-1.11.500.jar;C:\Users\SQE Labs\.m2\repository\com\amazonaws\aws-java-sdk-applicationautoscaling\1.11.500\aws-java-sdk-applicationautoscaling-1.11.500.jar;C:\Users\SQE Labs\.m2\repository\com\amazonaws\aws-java-sdk-snowball\1.11.500\aws-java-sdk-snowball-1.11.500.jar;C:\Users\SQE Labs\.m2\repository\com\amazonaws\aws-java-sdk-rekognition\1.11.500\aws-java-sdk-rekognition-1.11.500.jar;C:\Users\SQE Labs\.m2\repository\com\amazonaws\aws-java-sdk-polly\1.11.500\aws-java-sdk-polly-1.11.500.jar;C:\Users\SQE Labs\.m2\repository\com\amazonaws\aws-java-sdk-lightsail\1.11.500\aws-java-sdk-lightsail-1.11.500.jar;C:\Users\SQE Labs\.m2\repository\com\amazonaws\aws-java-sdk-stepfunctions\1.11.500\aws-java-sdk-stepfunctions-1.11.500.jar;C:\Users\SQE Labs\.m2\repository\com\amazonaws\aws-java-sdk-health\1.11.500\aws-java-sdk-health-1.11.500.jar;C:\Users\SQE Labs\.m2\repository\com\amazonaws\aws-java-sdk-costandusagereport\1.11.500\aws-java-sdk-costandusagereport-1.11.500.jar;C:\Users\SQE Labs\.m2\repository\com\amazonaws\aws-java-sdk-codebuild\1.11.500\aws-java-sdk-codebuild-1.11.500.jar;C:\Users\SQE Labs\.m2\repository\com\amazonaws\aws-java-sdk-appstream\1.11.500\aws-java-sdk-appstream-1.11.500.jar;C:\Users\SQE Labs\.m2\repository\com\amazonaws\aws-java-sdk-shield\1.11.500\aws-java-sdk-shield-1.11.500.jar;C:\Users\SQE Labs\.m2\repository\com\amazonaws\aws-java-sdk-batch\1.11.500\aws-java-sdk-batch-1.11.500.jar;C:\Users\SQE Labs\.m2\repository\com\amazonaws\aws-java-sdk-lex\1.11.500\aws-java-sdk-lex-1.11.500.jar;C:\Users\SQE Labs\.m2\repository\com\amazonaws\aws-java-sdk-mechanicalturkrequester\1.11.500\aws-java-sdk-mechanicalturkrequester-1.11.500.jar;C:\Users\SQE Labs\.m2\repository\com\amazonaws\aws-java-sdk-organizations\1.11.500\aws-java-sdk-organizations-1.11.500.jar;C:\Users\SQE Labs\.m2\repository\com\amazonaws\aws-java-sdk-workdocs\1.11.500\aws-java-sdk-workdocs-1.11.500.jar;C:\Users\SQE Labs\.m2\repository\com\amazonaws\aws-java-sdk-core\1.11.500\aws-java-sdk-core-1.11.500.jar;C:\Users\SQE Labs\.m2\repository\software\amazon\ion\ion-java\1.0.2\ion-java-1.0.2.jar;C:\Users\SQE Labs\.m2\repository\com\fasterxml\jackson\dataformat\jackson-dataformat-cbor\2.6.7\jackson-dataformat-cbor-2.6.7.jar;C:\Users\SQE Labs\.m2\repository\com\amazonaws\aws-java-sdk-models\1.11.500\aws-java-sdk-models-1.11.500.jar;C:\Users\SQE Labs\.m2\repository\com\amazonaws\aws-java-sdk-swf-libraries\1.11.22\aws-java-sdk-swf-libraries-1.11.22.jar;C:\Users\SQE Labs\.m2\repository\org\slf4j\log4j-over-slf4j\1.7.32\log4j-over-slf4j-1.7.32.jar;C:\Users\SQE Labs\.m2\repository\org\jdom\jdom2\2.0.6\jdom2-2.0.6.jar;C:\Users\SQE Labs\.m2\repository\jaxen\jaxen\1.1.6\jaxen-1.1.6.jar;C:\Users\SQE Labs\.m2\repository\com\pearson\common\framework\falcon-shared\1.9.1\falcon-shared-1.9.1.jar;C:\Users\SQE Labs\.m2\repository\ru\yandex\qatools\ashot\ashot\1.5.4\ashot-1.5.4.jar;C:\Users\SQE Labs\.m2\repository\org\hamcrest\hamcrest-core\1.3\hamcrest-core-1.3.jar;C:\Users\SQE Labs\.m2\repository\com\pojosontheweb\monte-repack\1.0\monte-repack-1.0.jar;C:\Users\SQE Labs\.m2\repository\javax\media\jai\com.springsource.javax.media.jai.core\1.1.3\com.springsource.javax.media.jai.core-1.1.3.jar;C:\Users\SQE Labs\.m2\repository\javax\media\jai\com.springsource.javax.media.jai.codec\1.1.3\com.springsource.javax.media.jai.codec-1.1.3.jar;C:\Users\SQE Labs\.m2\repository\javax\media\jmf\2.1.1e\jmf-2.1.1e.jar;C:\Users\SQE Labs\.m2\repository\net\sourceforge\jexcelapi\jxl\2.6.12\jxl-2.6.12.jar;C:\Users\SQE Labs\.m2\repository\org\apache\poi\poi\3.13\poi-3.13.jar;C:\Users\SQE Labs\.m2\repository\commons-codec\commons-codec\1.9\commons-codec-1.9.jar;C:\Users\SQE Labs\.m2\repository\org\apache\poi\poi-ooxml\3.13\poi-ooxml-3.13.jar;C:\Users\SQE Labs\.m2\repository\org\apache\poi\poi-ooxml-schemas\3.13\poi-ooxml-schemas-3.13.jar;C:\Users\SQE Labs\.m2\repository\org\apache\xmlbeans\xmlbeans\2.6.0\xmlbeans-2.6.0.jar;C:\Users\SQE Labs\.m2\repository\stax\stax-api\1.0.1\stax-api-1.0.1.jar;C:\Users\SQE Labs\.m2\repository\com\sikulix\sikulixapi\2.0.4\sikulixapi-2.0.4.jar;C:\Users\SQE Labs\.m2\repository\com\sikulix\sikulix2tigervnc\1.1.4\sikulix2tigervnc-1.1.4.jar;C:\Users\SQE Labs\.m2\repository\commons-cli\commons-cli\1.4\commons-cli-1.4.jar;C:\Users\SQE Labs\.m2\repository\net\java\dev\jna\jna-platform\5.4.0\jna-platform-5.4.0.jar;C:\Users\SQE Labs\.m2\repository\net\oneandone\reflections8\reflections8\0.11.6\reflections8-0.11.6.jar;C:\Users\SQE Labs\.m2\repository\org\javassist\javassist\3.22.0-GA\javassist-3.22.0-GA.jar;C:\Users\SQE Labs\.m2\repository\net\sf\jazzy\jazzy-core\0.5.2\jazzy-core-0.5.2.jar;C:\Users\SQE Labs\.m2\repository\org\jsoup\jsoup\1.13.1\jsoup-1.13.1.jar;C:\Users\SQE Labs\.m2\repository\com\googlecode\json-simple\json-simple\1.1.1\json-simple-1.1.1.jar;C:\Users\SQE Labs\.m2\repository\junit\junit\4.10\junit-4.10.jar;C:\Users\SQE Labs\.m2\repository\io\cucumber\cucumber-picocontainer\5.6.0\cucumber-picocontainer-5.6.0.jar;C:\Users\SQE Labs\.m2\repository\io\cucumber\cucumber-core\5.6.0\cucumber-core-5.6.0.jar;C:\Users\SQE Labs\.m2\repository\io\cucumber\cucumber-gherkin\5.6.0\cucumber-gherkin-5.6.0.jar;C:\Users\SQE Labs\.m2\repository\io\cucumber\cucumber-gherkin-vintage\5.6.0\cucumber-gherkin-vintage-5.6.0.jar;C:\Users\SQE Labs\.m2\repository\io\cucumber\tag-expressions\2.0.4\tag-expressions-2.0.4.jar;C:\Users\SQE Labs\.m2\repository\io\cucumber\cucumber-expressions\8.3.1\cucumber-expressions-8.3.1.jar;C:\Users\SQE Labs\.m2\repository\io\cucumber\datatable\3.3.1\datatable-3.3.1.jar;C:\Users\SQE Labs\.m2\repository\io\cucumber\cucumber-plugin\5.6.0\cucumber-plugin-5.6.0.jar;C:\Users\SQE Labs\.m2\repository\io\cucumber\docstring\5.6.0\docstring-5.6.0.jar;C:\Users\SQE Labs\.m2\repository\org\apiguardian\apiguardian-api\1.1.0\apiguardian-api-1.1.0.jar;C:\Users\SQE Labs\.m2\repository\org\picocontainer\picocontainer\2.15\picocontainer-2.15.jar;C:\Users\SQE Labs\.m2\repository\io\cucumber\cucumber-java\5.6.0\cucumber-java-5.6.0.jar;C:\Users\SQE Labs\.m2\repository\io\cucumber\cucumber-junit\5.6.0\cucumber-junit-5.6.0.jar;C:\Users\SQE Labs\.m2\repository\io\cucumber\cucumber-testng\5.6.0\cucumber-testng-5.6.0.jar;C:\Users\SQE Labs\.m2\repository\com\j2html\j2html\1.4.0\j2html-1.4.0.jar;C:\Users\SQE Labs\.m2\repository\net\lightbody\bmp\browsermob-core\2.1.5\browsermob-core-2.1.5.jar;C:\Users\SQE Labs\.m2\repository\net\lightbody\bmp\littleproxy\1.1.0-beta-bmp-17\littleproxy-1.1.0-beta-bmp-17.jar;C:\Users\SQE Labs\.m2\repository\dnsjava\dnsjava\2.1.8\dnsjava-2.1.8.jar;C:\Users\SQE Labs\.m2\repository\com\jcraft\jzlib\1.1.3\jzlib-1.1.3.jar;C:\Users\SQE Labs\.m2\repository\org\bouncycastle\bcprov-jdk15on\1.58\bcprov-jdk15on-1.58.jar;C:\Users\SQE Labs\.m2\repository\net\lightbody\bmp\mitm\2.1.5\mitm-2.1.5.jar;C:\Users\SQE Labs\.m2\repository\com\pearson\common\framework\falcon-api\1.9.1\falcon-api-1.9.1.jar;C:\Users\SQE Labs\.m2\repository\com\fasterxml\jackson\core\jackson-databind\2.13.1\jackson-databind-2.13.1.jar;C:\Users\SQE Labs\.m2\repository\net\serenity-bdd\serenity-cucumber6\2.6.0\serenity-cucumber6-2.6.0.jar;C:\Users\SQE Labs\.m2\repository\net\serenity-bdd\serenity-screenplay\2.6.0\serenity-screenplay-2.6.0.jar;C:\Users\SQE Labs\.m2\repository\net\serenity-bdd\serenity-screenplay-webdriver\2.6.0\serenity-screenplay-webdriver-2.6.0.jar;C:\Users\SQE Labs\.m2\repository\io\cucumber\datatable-matchers\3.4.0\datatable-matchers-3.4.0.jar;C:\Users\SQE Labs\.m2\repository\commons-logging\commons-logging\1.2\commons-logging-1.2.jar;C:\Users\SQE Labs\.m2\repository\org\apache\commons\commons-csv\1.5\commons-csv-1.5.jar;C:\Users\SQE Labs\.m2\repository\net\serenity-bdd\serenity-rest-assured\3.0.5\serenity-rest-assured-3.0.5.jar;C:\Users\SQE Labs\.m2\repository\org\codehaus\groovy\groovy-json\3.0.9\groovy-json-3.0.9.jar;C:\Users\SQE Labs\.m2\repository\org\codehaus\groovy\groovy-xml\3.0.9\groovy-xml-3.0.9.jar;C:\Users\SQE Labs\.m2\repository\org\codehaus\groovy\groovy\3.0.9\groovy-3.0.9.jar;C:\Users\SQE Labs\.m2\repository\net\serenity-bdd\serenity-core\3.0.5\serenity-core-3.0.5.jar;C:\Users\SQE Labs\.m2\repository\net\serenity-bdd\serenity-model\3.0.5\serenity-model-3.0.5.jar;C:\Users\SQE Labs\.m2\repository\org\apache\commons\commons-text\1.9\commons-text-1.9.jar;C:\Users\SQE Labs\.m2\repository\commons-net\commons-net\3.6\commons-net-3.6.jar;C:\Users\SQE Labs\.m2\repository\com\thoughtworks\xstream\xstream\1.4.18\xstream-1.4.18.jar;C:\Users\SQE Labs\.m2\repository\io\github\x-stream\mxparser\1.2.2\mxparser-1.2.2.jar;C:\Users\SQE Labs\.m2\repository\xmlpull\xmlpull\1.1.3.1\xmlpull-1.1.3.1.jar;C:\Users\SQE Labs\.m2\repository\com\typesafe\config\1.3.1\config-1.3.1.jar;C:\Users\SQE Labs\.m2\repository\org\imgscalr\imgscalr-lib\4.2\imgscalr-lib-4.2.jar;C:\Users\SQE Labs\.m2\repository\org\awaitility\awaitility\4.1.0\awaitility-4.1.0.jar;C:\Users\SQE Labs\.m2\repository\org\reflections\reflections\0.10.2\reflections-0.10.2.jar;C:\Users\SQE Labs\.m2\repository\org\asciidoctor\asciidoctorj\2.5.1\asciidoctorj-2.5.1.jar;C:\Users\SQE Labs\.m2\repository\org\asciidoctor\asciidoctorj-api\2.5.1\asciidoctorj-api-2.5.1.jar;C:\Users\SQE Labs\.m2\repository\org\jruby\jruby\9.2.17.0\jruby-9.2.17.0.jar;C:\Users\SQE Labs\.m2\repository\org\jruby\jruby-core\9.2.17.0\jruby-core-9.2.17.0.jar;C:\Users\SQE Labs\.m2\repository\com\github\jnr\jnr-netdb\1.2.0\jnr-netdb-1.2.0.jar;C:\Users\SQE Labs\.m2\repository\com\github\jnr\jnr-enxio\0.32.3\jnr-enxio-0.32.3.jar;C:\Users\SQE Labs\.m2\repository\com\github\jnr\jnr-unixsocket\0.38.5\jnr-unixsocket-0.38.5.jar;C:\Users\SQE Labs\.m2\repository\com\github\jnr\jnr-posix\3.1.4\jnr-posix-3.1.4.jar;C:\Users\SQE Labs\.m2\repository\com\github\jnr\jnr-constants\0.10.1\jnr-constants-0.10.1.jar;C:\Users\SQE Labs\.m2\repository\com\github\jnr\jffi\1.3.1\jffi-1.3.1.jar;C:\Users\SQE Labs\.m2\repository\com\github\jnr\jffi\1.3.1\jffi-1.3.1-native.jar;C:\Users\SQE Labs\.m2\repository\org\jruby\joni\joni\2.1.31\joni-2.1.31.jar;C:\Users\SQE Labs\.m2\repository\org\jruby\jcodings\jcodings\1.0.46\jcodings-1.0.46.jar;C:\Users\SQE Labs\.m2\repository\org\jruby\dirgra\0.3\dirgra-0.3.jar;C:\Users\SQE Labs\.m2\repository\com\headius\invokebinder\1.11\invokebinder-1.11.jar;C:\Users\SQE Labs\.m2\repository\com\headius\options\1.4\options-1.4.jar;C:\Users\SQE Labs\.m2\repository\com\martiansoftware\nailgun-server\0.9.1\nailgun-server-0.9.1.jar;C:\Users\SQE Labs\.m2\repository\com\headius\backport9\1.8\backport9-1.8.jar;C:\Users\SQE Labs\.m2\repository\javax\annotation\javax.annotation-api\1.3.1\javax.annotation-api-1.3.1.jar;C:\Users\SQE Labs\.m2\repository\org\jruby\jruby-stdlib\9.2.17.0\jruby-stdlib-9.2.17.0.jar;C:\Users\SQE Labs\.m2\repository\net\bytebuddy\byte-buddy-agent\1.11.22\byte-buddy-agent-1.11.22.jar;C:\Users\SQE Labs\.m2\repository\org\objenesis\objenesis\3.1\objenesis-3.1.jar;C:\Users\SQE Labs\.m2\repository\net\serenity-bdd\serenity-reports\3.0.5\serenity-reports-3.0.5.jar;C:\Users\SQE Labs\.m2\repository\net\serenity-bdd\serenity-stats\3.0.5\serenity-stats-3.0.5.jar;C:\Users\SQE Labs\.m2\repository\org\jetbrains\kotlin\kotlin-stdlib\1.5.31\kotlin-stdlib-1.5.31.jar;C:\Users\SQE Labs\.m2\repository\org\jetbrains\annotations\13.0\annotations-13.0.jar;C:\Users\SQE Labs\.m2\repository\org\jetbrains\kotlin\kotlin-stdlib-common\1.5.31\kotlin-stdlib-common-1.5.31.jar;C:\Users\SQE Labs\.m2\repository\net\serenity-bdd\serenity-reports-configuration\3.0.5\serenity-reports-configuration-3.0.5.jar;C:\Users\SQE Labs\.m2\repository\com\vladsch\flexmark\flexmark-all\0.34.30\flexmark-all-0.34.30.jar;C:\Users\SQE Labs\.m2\repository\com\vladsch\flexmark\flexmark\0.34.30\flexmark-0.34.30.jar;C:\Users\SQE Labs\.m2\repository\com\vladsch\flexmark\flexmark-ext-abbreviation\0.34.30\flexmark-ext-abbreviation-0.34.30.jar;C:\Users\SQE Labs\.m2\repository\com\vladsch\flexmark\flexmark-ext-admonition\0.34.30\flexmark-ext-admonition-0.34.30.jar;C:\Users\SQE Labs\.m2\repository\com\vladsch\flexmark\flexmark-ext-anchorlink\0.34.30\flexmark-ext-anchorlink-0.34.30.jar;C:\Users\SQE Labs\.m2\repository\com\vladsch\flexmark\flexmark-ext-aside\0.34.30\flexmark-ext-aside-0.34.30.jar;C:\Users\SQE Labs\.m2\repository\com\vladsch\flexmark\flexmark-ext-attributes\0.34.30\flexmark-ext-attributes-0.34.30.jar;C:\Users\SQE Labs\.m2\repository\com\vladsch\flexmark\flexmark-ext-autolink\0.34.30\flexmark-ext-autolink-0.34.30.jar;C:\Users\SQE Labs\.m2\repository\org\nibor\autolink\autolink\0.6.0\autolink-0.6.0.jar;C:\Users\SQE Labs\.m2\repository\com\vladsch\flexmark\flexmark-ext-definition\0.34.30\flexmark-ext-definition-0.34.30.jar;C:\Users\SQE Labs\.m2\repository\com\vladsch\flexmark\flexmark-ext-emoji\0.34.30\flexmark-ext-emoji-0.34.30.jar;C:\Users\SQE Labs\.m2\repository\com\vladsch\flexmark\flexmark-ext-enumerated-reference\0.34.30\flexmark-ext-enumerated-reference-0.34.30.jar;C:\Users\SQE Labs\.m2\repository\com\vladsch\flexmark\flexmark-ext-escaped-character\0.34.30\flexmark-ext-escaped-character-0.34.30.jar;C:\Users\SQE Labs\.m2\repository\com\vladsch\flexmark\flexmark-ext-footnotes\0.34.30\flexmark-ext-footnotes-0.34.30.jar;C:\Users\SQE Labs\.m2\repository\com\vladsch\flexmark\flexmark-ext-gfm-issues\0.34.30\flexmark-ext-gfm-issues-0.34.30.jar;C:\Users\SQE Labs\.m2\repository\com\vladsch\flexmark\flexmark-ext-gfm-strikethrough\0.34.30\flexmark-ext-gfm-strikethrough-0.34.30.jar;C:\Users\SQE Labs\.m2\repository\com\vladsch\flexmark\flexmark-ext-gfm-tables\0.34.30\flexmark-ext-gfm-tables-0.34.30.jar;C:\Users\SQE Labs\.m2\repository\com\vladsch\flexmark\flexmark-ext-gfm-tasklist\0.34.30\flexmark-ext-gfm-tasklist-0.34.30.jar;C:\Users\SQE Labs\.m2\repository\com\vladsch\flexmark\flexmark-ext-gfm-users\0.34.30\flexmark-ext-gfm-users-0.34.30.jar;C:\Users\SQE Labs\.m2\repository\com\vladsch\flexmark\flexmark-ext-gitlab\0.34.30\flexmark-ext-gitlab-0.34.30.jar;C:\Users\SQE Labs\.m2\repository\com\vladsch\flexmark\flexmark-ext-jekyll-front-matter\0.34.30\flexmark-ext-jekyll-front-matter-0.34.30.jar;C:\Users\SQE Labs\.m2\repository\com\vladsch\flexmark\flexmark-ext-jekyll-tag\0.34.30\flexmark-ext-jekyll-tag-0.34.30.jar;C:\Users\SQE Labs\.m2\repository\com\vladsch\flexmark\flexmark-ext-media-tags\0.34.30\flexmark-ext-media-tags-0.34.30.jar;C:\Users\SQE Labs\.m2\repository\com\vladsch\flexmark\flexmark-test-util\0.34.30\flexmark-test-util-0.34.30.jar;C:\Users\SQE Labs\.m2\repository\com\vladsch\flexmark\flexmark-ext-ins\0.34.30\flexmark-ext-ins-0.34.30.jar;C:\Users\SQE Labs\.m2\repository\com\vladsch\flexmark\flexmark-ext-xwiki-macros\0.34.30\flexmark-ext-xwiki-macros-0.34.30.jar;C:\Users\SQE Labs\.m2\repository\com\vladsch\flexmark\flexmark-ext-superscript\0.34.30\flexmark-ext-superscript-0.34.30.jar;C:\Users\SQE Labs\.m2\repository\com\vladsch\flexmark\flexmark-ext-tables\0.34.30\flexmark-ext-tables-0.34.30.jar;C:\Users\SQE Labs\.m2\repository\com\vladsch\flexmark\flexmark-ext-toc\0.34.30\flexmark-ext-toc-0.34.30.jar;C:\Users\SQE Labs\.m2\repository\com\vladsch\flexmark\flexmark-ext-typographic\0.34.30\flexmark-ext-typographic-0.34.30.jar;C:\Users\SQE Labs\.m2\repository\com\vladsch\flexmark\flexmark-ext-wikilink\0.34.30\flexmark-ext-wikilink-0.34.30.jar;C:\Users\SQE Labs\.m2\repository\com\vladsch\flexmark\flexmark-ext-yaml-front-matter\0.34.30\flexmark-ext-yaml-front-matter-0.34.30.jar;C:\Users\SQE Labs\.m2\repository\com\vladsch\flexmark\flexmark-ext-youtube-embedded\0.34.30\flexmark-ext-youtube-embedded-0.34.30.jar;C:\Users\SQE Labs\.m2\repository\com\vladsch\flexmark\flexmark-formatter\0.34.30\flexmark-formatter-0.34.30.jar;C:\Users\SQE Labs\.m2\repository\com\vladsch\flexmark\flexmark-html-parser\0.34.30\flexmark-html-parser-0.34.30.jar;C:\Users\SQE Labs\.m2\repository\com\vladsch\flexmark\flexmark-jira-converter\0.34.30\flexmark-jira-converter-0.34.30.jar;C:\Users\SQE Labs\.m2\repository\com\vladsch\flexmark\flexmark-pdf-converter\0.34.30\flexmark-pdf-converter-0.34.30.jar;C:\Users\SQE Labs\.m2\repository\com\openhtmltopdf\openhtmltopdf-core\0.0.1-RC13\openhtmltopdf-core-0.0.1-RC13.jar;C:\Users\SQE Labs\.m2\repository\com\openhtmltopdf\openhtmltopdf-pdfbox\0.0.1-RC13\openhtmltopdf-pdfbox-0.0.1-RC13.jar;C:\Users\SQE Labs\.m2\repository\org\apache\pdfbox\pdfbox\2.0.8\pdfbox-2.0.8.jar;C:\Users\SQE Labs\.m2\repository\org\apache\pdfbox\fontbox\2.0.8\fontbox-2.0.8.jar;C:\Users\SQE Labs\.m2\repository\org\apache\pdfbox\xmpbox\2.0.8\xmpbox-2.0.8.jar;C:\Users\SQE Labs\.m2\repository\de\rototor\pdfbox\graphics2d\0.12\graphics2d-0.12.jar;C:\Users\SQE Labs\.m2\repository\com\openhtmltopdf\openhtmltopdf-rtl-support\0.0.1-RC13\openhtmltopdf-rtl-support-0.0.1-RC13.jar;C:\Users\SQE Labs\.m2\repository\com\ibm\icu\icu4j\59.1\icu4j-59.1.jar;C:\Users\SQE Labs\.m2\repository\com\openhtmltopdf\openhtmltopdf-jsoup-dom-converter\0.0.1-RC13\openhtmltopdf-jsoup-dom-converter-0.0.1-RC13.jar;C:\Users\SQE Labs\.m2\repository\com\vladsch\flexmark\flexmark-profile-pegdown\0.34.30\flexmark-profile-pegdown-0.34.30.jar;C:\Users\SQE Labs\.m2\repository\com\vladsch\flexmark\flexmark-util\0.34.30\flexmark-util-0.34.30.jar;C:\Users\SQE Labs\.m2\repository\com\vladsch\flexmark\flexmark-youtrack-converter\0.34.30\flexmark-youtrack-converter-0.34.30.jar;C:\Users\SQE Labs\.m2\repository\es\nitaur\markdown\txtmark\0.16\txtmark-0.16.jar;C:\Users\SQE Labs\.m2\repository\net\serenity-bdd\serenity-report-resources\3.0.5\serenity-report-resources-3.0.5.jar;C:\Users\SQE Labs\.m2\repository\org\seleniumhq\selenium\selenium-server\3.141.59\selenium-server-3.141.59.jar;C:\Users\SQE Labs\.m2\repository\org\seleniumhq\selenium\selenium-opera-driver\3.141.59\selenium-opera-driver-3.141.59.jar;C:\Users\SQE Labs\.m2\repository\net\jcip\jcip-annotations\1.0\jcip-annotations-1.0.jar;C:\Users\SQE Labs\.m2\repository\org\seleniumhq\selenium\jetty-repacked\9.4.12.v20180830\jetty-repacked-9.4.12.v20180830.jar;C:\Users\SQE Labs\.m2\repository\com\squareup\okhttp3\okhttp\3.11.0\okhttp-3.11.0.jar;C:\Users\SQE Labs\.m2\repository\com\squareup\okio\okio\1.14.0\okio-1.14.0.jar;C:\Users\SQE Labs\.m2\repository\javax\servlet\javax.servlet-api\3.1.0\javax.servlet-api-3.1.0.jar;C:\Users\SQE Labs\.m2\repository\net\sourceforge\htmlunit\htmlunit\2.47.1\htmlunit-2.47.1.jar;C:\Users\SQE Labs\.m2\repository\xalan\xalan\2.7.2\xalan-2.7.2.jar;C:\Users\SQE Labs\.m2\repository\xalan\serializer\2.7.2\serializer-2.7.2.jar;C:\Users\SQE Labs\.m2\repository\net\sourceforge\htmlunit\htmlunit-core-js\2.47.0\htmlunit-core-js-2.47.0.jar;C:\Users\SQE Labs\.m2\repository\net\sourceforge\htmlunit\neko-htmlunit\2.47.1\neko-htmlunit-2.47.1.jar;C:\Users\SQE Labs\.m2\repository\xerces\xercesImpl\2.12.0\xercesImpl-2.12.0.jar;C:\Users\SQE Labs\.m2\repository\xml-apis\xml-apis\1.4.01\xml-apis-1.4.01.jar;C:\Users\SQE Labs\.m2\repository\net\sourceforge\htmlunit\htmlunit-cssparser\1.7.0\htmlunit-cssparser-1.7.0.jar;C:\Users\SQE Labs\.m2\repository\com\shapesecurity\salvation2\3.0.0\salvation2-3.0.0.jar;C:\Users\SQE Labs\.m2\repository\org\eclipse\jetty\websocket\websocket-client\9.4.36.v20210114\websocket-client-9.4.36.v20210114.jar;C:\Users\SQE Labs\.m2\repository\org\eclipse\jetty\jetty-client\9.4.36.v20210114\jetty-client-9.4.36.v20210114.jar;C:\Users\SQE Labs\.m2\repository\org\eclipse\jetty\jetty-http\9.4.36.v20210114\jetty-http-9.4.36.v20210114.jar;C:\Users\SQE Labs\.m2\repository\org\eclipse\jetty\jetty-util\9.4.36.v20210114\jetty-util-9.4.36.v20210114.jar;C:\Users\SQE Labs\.m2\repository\org\eclipse\jetty\jetty-io\9.4.36.v20210114\jetty-io-9.4.36.v20210114.jar;C:\Users\SQE Labs\.m2\repository\org\eclipse\jetty\websocket\websocket-common\9.4.36.v20210114\websocket-common-9.4.36.v20210114.jar;C:\Users\SQE Labs\.m2\repository\org\eclipse\jetty\websocket\websocket-api\9.4.36.v20210114\websocket-api-9.4.36.v20210114.jar;C:\Users\SQE Labs\.m2\repository\org\seleniumhq\selenium\htmlunit-driver\2.47.1\htmlunit-driver-2.47.1.jar;C:\Users\SQE Labs\.m2\repository\net\sf\opencsv\opencsv\2.0\opencsv-2.0.jar;C:\Users\SQE Labs\.m2\repository\commons-beanutils\commons-beanutils\1.9.4\commons-beanutils-1.9.4.jar;C:\Users\SQE Labs\.m2\repository\commons-collections\commons-collections\3.2.2\commons-collections-3.2.2.jar;C:\Users\SQE Labs\.m2\repository\org\fluentlenium\fluentlenium-core\0.10.2\fluentlenium-core-0.10.2.jar;C:\Users\SQE Labs\.m2\repository\com\jhlabs\filters\2.0.235\filters-2.0.235.jar;C:\Users\SQE Labs\.m2\repository\org\hamcrest\hamcrest\2.2\hamcrest-2.2.jar;C:\Users\SQE Labs\.m2\repository\com\google\jimfs\jimfs\1.1\jimfs-1.1.jar;C:\Users\SQE Labs\.m2\repository\org\mockito\mockito-core\3.3.3\mockito-core-3.3.3.jar;C:\Users\SQE Labs\.m2\repository\org\assertj\assertj-core\3.18.0\assertj-core-3.18.0.jar;C:\Users\SQE Labs\.m2\repository\javax\xml\bind\jaxb-api\2.3.1\jaxb-api-2.3.1.jar;C:\Users\SQE Labs\.m2\repository\javax\activation\javax.activation-api\1.2.0\javax.activation-api-1.2.0.jar;C:\Users\SQE Labs\.m2\repository\com\sun\xml\bind\jaxb-core\2.3.0.1\jaxb-core-2.3.0.1.jar;C:\Users\SQE Labs\.m2\repository\com\sun\xml\bind\jaxb-impl\2.3.3\jaxb-impl-2.3.3.jar;C:\Users\SQE Labs\.m2\repository\jakarta\xml\bind\jakarta.xml.bind-api\2.3.3\jakarta.xml.bind-api-2.3.3.jar;C:\Users\SQE Labs\.m2\repository\javax\activation\activation\1.1.1\activation-1.1.1.jar;C:\Users\SQE Labs\.m2\repository\net\serenity-bdd\serenity-junit\3.0.5\serenity-junit-3.0.5.jar;C:\Users\SQE Labs\.m2\repository\org\slf4j\slf4j-simple\1.7.25\slf4j-simple-1.7.25.jar;C:\Users\SQE Labs\.m2\repository\io\rest-assured\rest-assured\4.4.0\rest-assured-4.4.0.jar;C:\Users\SQE Labs\.m2\repository\org\apache\httpcomponents\httpmime\4.5.13\httpmime-4.5.13.jar;C:\Users\SQE Labs\.m2\repository\org\ccil\cowan\tagsoup\tagsoup\1.2.1\tagsoup-1.2.1.jar;C:\Users\SQE Labs\.m2\repository\io\rest-assured\json-path\4.4.0\json-path-4.4.0.jar;C:\Users\SQE Labs\.m2\repository\io\rest-assured\rest-assured-common\4.4.0\rest-assured-common-4.4.0.jar;C:\Users\SQE Labs\.m2\repository\io\rest-assured\xml-path\4.4.0\xml-path-4.4.0.jar;C:\Users\SQE Labs\.m2\repository\joda-time\joda-time\2.9.9\joda-time-2.9.9.jar;C:\Users\SQE Labs\.m2\repository\commons-lang\commons-lang\2.6\commons-lang-2.6.jar;C:\Users\SQE Labs\.m2\repository\net\minidev\json-smart\2.4.7\json-smart-2.4.7.jar;C:\Users\SQE Labs\.m2\repository\net\minidev\accessors-smart\2.4.7\accessors-smart-2.4.7.jar;C:\Users\SQE Labs\.m2\repository\cc\plural\jsonij\0.2.11\jsonij-0.2.11.jar;C:\Users\SQE Labs\.m2\repository\org\apache\tika\tika-core\1.4\tika-core-1.4.jar;C:\Users\SQE Labs\.m2\repository\org\codehaus\jackson\jackson-mapper-asl\1.9.13\jackson-mapper-asl-1.9.13.jar;C:\Users\SQE Labs\.m2\repository\org\codehaus\jackson\jackson-core-asl\1.9.13\jackson-core-asl-1.9.13.jar;C:\Users\SQE Labs\.m2\repository\commons-httpclient\commons-httpclient\3.1\commons-httpclient-3.1.jar;C:\Users\SQE Labs\.m2\repository\commons-io\commons-io\2.4\commons-io-2.4.jar;C:\Users\SQE Labs\.m2\repository\com\sun\jersey\jersey-client\1.18.1\jersey-client-1.18.1.jar;C:\Users\SQE Labs\.m2\repository\com\sun\jersey\jersey-core\1.18.1\jersey-core-1.18.1.jar;C:\Users\SQE Labs\.m2\repository\com\amazonaws\aws-java-sdk-secretsmanager\1.11.500\aws-java-sdk-secretsmanager-1.11.500.jar;C:\Users\SQE Labs\.m2\repository\com\amazonaws\jmespath-java\1.11.500\jmespath-java-1.11.500.jar;C:\Users\SQE Labs\.m2\repository\com\fasterxml\jackson\core\jackson-core\2.10.3\jackson-core-2.10.3.jar;C:\Users\SQE Labs\.m2\repository\com\deque\axe-selenium\3.0\axe-selenium-3.0.jar;C:\Users\SQE Labs\.m2\repository\org\json\json\20160212\json-20160212.jar;C:\Users\SQE Labs\.m2\repository\com\sendgrid\sendgrid-java\4.4.1\sendgrid-java-4.4.1.jar;C:\Users\SQE Labs\.m2\repository\com\sendgrid\java-http-client\4.1.0\java-http-client-4.1.0.jar;C:\Users\SQE Labs\.m2\repository\org\apache\httpcomponents\httpcore\4.4.4\httpcore-4.4.4.jar;C:\Users\SQE Labs\.m2\repository\com\fasterxml\jackson\core\jackson-annotations\2.9.5\jackson-annotations-2.9.5.jar;C:\Users\SQE Labs\.m2\repository\mysql\mysql-connector-java\5.1.49\mysql-connector-java-5.1.49.jar;C:\Users\SQE Labs\.m2\repository\com\microsoft\sqlserver\mssql-jdbc\8.2.2.jre8\mssql-jdbc-8.2.2.jre8.jar;C:\Users\SQE Labs\.m2\repository\commons-dbutils\commons-dbutils\1.7\commons-dbutils-1.7.jar;C:\Users\SQE Labs\.m2\repository\com\microsoft\azure\azure-storage\8.6.5\azure-storage-8.6.5.jar;C:\Users\SQE Labs\.m2\repository\com\microsoft\azure\azure-keyvault-core\1.0.0\azure-keyvault-core-1.0.0.jar;C:\Users\SQE Labs\.m2\repository\com\aventstack\extentreports\5.0.9\extentreports-5.0.9.jar;C:\Users\SQE Labs\.m2\repository\io\reactivex\rxjava3\rxjava\3.0.4\rxjava-3.0.4.jar;C:\Users\SQE Labs\.m2\repository\org\reactivestreams\reactive-streams\1.0.3\reactive-streams-1.0.3.jar;C:\Users\SQE Labs\.m2\repository\org\freemarker\freemarker\2.3.30\freemarker-2.3.30.jar;C:\Users\SQE Labs\.m2\repository\org\projectlombok\lombok\1.18.12\lombok-1.18.12.jar;"/>
    <property name="sun.cpu.endian" value="little"/>
    <property name="user.home" value="C:\Users\SQE Labs"/>
    <property name="user.language" value="en"/>
    <property name="java.specification.vendor" value="Oracle Corporation"/>
    <property name="java.version.date" value="2022-04-19"/>
    <property name="java.home" value="C:\Program Files\Java\jdk-11.0.15"/>
    <property name="file.separator" value="\"/>
    <property name="basedir" value="C:\Users\SQE Labs\Desktop\com.Automatiom"/>
    <property name="java.vm.compressedOopsMode" value="Zero based"/>
    <property name="line.separator" value="&#10;"/>
    <property name="java.specification.name" value="Java Platform API Specification"/>
    <property name="java.vm.specification.vendor" value="Oracle Corporation"/>
    <property name="java.awt.graphicsenv" value="sun.awt.Win32GraphicsEnvironment"/>
    <property name="surefire.real.class.path" value="C:\Users\SQE Labs\AppData\Local\Temp\surefire11385026270198737725\surefirebooter-20230801111446463_3.jar"/>
    <property name="user.script" value=""/>
    <property name="sun.management.compiler" value="HotSpot 64-Bit Tiered Compilers"/>
    <property name="java.runtime.version" value="11.0.15+8-LTS-149"/>
    <property name="user.name" value="SQE Labs"/>
    <property name="path.separator" value=";"/>
    <property name="os.version" value="10.0"/>
    <property name="java.runtime.name" value="Java(TM) SE Runtime Environment"/>
    <property name="file.encoding" value="Cp1252"/>
    <property name="browser" value="chromeheadless"/>
    <property name="java.vm.name" value="Java HotSpot(TM) 64-Bit Server VM"/>
    <property name="java.vendor.version" value="18.9"/>
    <property name="localRepository" value="C:\Users\SQE Labs\.m2\repository"/>
    <property name="java.vendor.url.bug" value="https://bugreport.java.com/bugreport/"/>
    <property name="java.io.tmpdir" value="C:\Users\SQELAB~1\AppData\Local\Temp\"/>
    <property name="java.version" value="11.0.15"/>
    <property name="user.dir" value="C:\Users\SQE Labs\Desktop\com.Automatiom"/>
    <property name="os.arch" value="amd64"/>
    <property name="java.vm.specification.name" value="Java Virtual Machine Specification"/>
    <property name="java.awt.printerjob" value="sun.awt.windows.WPrinterJob"/>
    <property name="sun.os.patch.level" value=""/>
    <property name="java.library.path" value="C:\Program Files\Java\jdk-11.0.15\bin;C:\WINDOWS\Sun\Java\bin;C:\WINDOWS\system32;C:\WINDOWS;C:\Program Files\Common Files\Oracle\Java\javapath;C:\WINDOWS\system32;C:\WINDOWS;C:\WINDOWS\System32\Wbem;C:\WINDOWS\System32\WindowsPowerShell\v1.0\;C:\WINDOWS\System32\OpenSSH\;C:\Program Files\Git\cmd;C:\Program Files\Java\jdk-11.0.15\bin;C:\Program Files\MySQL\MySQL Server 8.0\bin;C:\Program Files\nodejs\;C:\Program Files\nodejs;C:\Program Files\apache-maven-3.9.3\bin;C:\Program Files\MySQL\MySQL Shell 8.0\bin\;C:\Users\SQE Labs\AppData\Local\Microsoft\WindowsApps;;C:\Users\SQE Labs\AppData\Local\Programs\Microsoft VS Code\bin;C:\Users\SQE Labs\AppData\Roaming\npm;."/>
    <property name="java.vendor" value="Oracle Corporation"/>
    <property name="java.vm.info" value="mixed mode"/>
    <property name="java.vm.version" value="11.0.15+8-LTS-149"/>
    <property name="sun.io.unicode.encoding" value="UnicodeLittle"/>
    <property name="java.class.version" value="55.0"/>
  </properties>
  <testcase name="add_watch_to_cart" classname="com.AutomatiomTestCases.buy_watch" time="14.371">
    <system-err><![CDATA[[main] INFO io.github.bonigarcia.wdm.WebDriverManager - Using chromedriver 115.0.5790.102 (resolved driver for Chrome 115)
[main] INFO io.github.bonigarcia.wdm.WebDriverManager - Exporting webdriver.chrome.driver as C:\Users\SQE Labs\.cache\selenium\chromedriver\win64\115.0.5790.102\chromedriver.exe
Aug 01, 2023 11:14:48 AM org.openqa.selenium.remote.service.DriverService$Builder getLogOutput
INFO: Driver logs no longer sent to console by default; https://www.selenium.dev/documentation/webdriver/drivers/service/#setting-log-output
Aug 01, 2023 11:14:49 AM org.openqa.selenium.devtools.CdpVersionFinder findNearestMatch
WARNING: Unable to find an exact match for CDP version 115, so returning the closest version found: 114
]]></system-err>
  </testcase>
  <testcase name="checkout" classname="com.AutomatiomTestCases.buy_watch" time="1.685"/>
  <testcase name="placeOrder" classname="com.AutomatiomTestCases.buy_watch" time="14.473"/>
  <testcase name="verify_placedOrder" classname="com.AutomatiomTestCases.buy_watch" time="5.068"/>
</testsuite>