<?xml version="1.0" encoding="UTF-8"?>
<!-- Generated by org.testng.reporters.JUnitReportReporter -->
<testsuite hostname="ankit-gupta" failures="0" tests="1" name="com.AutomatiomTestCases.verifyLinksTest" time="5.209" errors="0" timestamp="2024-08-02T15:04:40 IST" skipped="0">
  <testcase classname="com.AutomatiomTestCases.verifyLinksTest" name="verify_broken_links" time="5.209"/>
</testsuite> <!-- com.AutomatiomTestCases.verifyLinksTest -->
