<?xml version="1.0" encoding="UTF-8"?>
<!-- Generated by org.testng.reporters.JUnitReportReporter -->
<testsuite hostname="ankit-gupta" failures="0" tests="1" name="base.baseTest" time="11.147" errors="0" timestamp="2023-06-29T00:01:19 IST" skipped="0">
  <testcase classname="base.baseTest" name="driverSetup" time="11.147"/>
  <system-out/>
</testsuite> <!-- base.baseTest -->
