<?xml version="1.0" encoding="UTF-8"?>
<!-- Generated by org.testng.reporters.JUnitReportReporter -->
<testsuite hostname="ankit-gupta" failures="0" tests="2" name="Reports.ExtentReport" time="18.497" errors="0" timestamp="2023-07-29T21:52:40 IST" skipped="0">
  <testcase classname="Reports.ExtentReport" name="goToLoginPage" time="6.446"/>
  <system-out/>
  <testcase classname="Reports.ExtentReport" name="Login" time="12.051"/>
  <system-out/>
</testsuite> <!-- Reports.ExtentReport -->
