<?xml version="1.0" encoding="UTF-8"?>
<!-- Generated by org.testng.reporters.JUnitReportReporter -->
<testsuite hostname="ankit-gupta" failures="0" tests="1" name="com.AutomatiomTestCases.giftcard" time="29.021" errors="0" timestamp="2023-08-01T14:57:44 IST" skipped="0">
  <testcase classname="com.AutomatiomTestCases.giftcard" name="launchDriver" time="29.021"/>
  <system-out/>
</testsuite> <!-- com.AutomatiomTestCases.giftcard -->
