<?xml version="1.0" encoding="UTF-8"?>
<!-- Generated by org.testng.reporters.JUnitReportReporter -->
<testsuite hostname="ankit-gupta" failures="0" tests="1" name="Utilities.checkExcelFunctionalityTest" time="0.634" errors="0" timestamp="2023-08-14T11:18:44 IST" skipped="0">
  <testcase classname="Utilities.checkExcelFunctionalityTest" name="getData" time="0.634"/>
  <system-out/>
</testsuite> <!-- Utilities.checkExcelFunctionalityTest -->
