<?xml version="1.0" encoding="UTF-8"?>
<!-- Generated by org.testng.reporters.JUnitReportReporter -->
<testsuite hostname="ankit-gupta" failures="0" tests="1" name="BaseTest.baseTest" time="13.030" errors="0" timestamp="2023-07-19T22:45:14 IST" skipped="0">
  <testcase classname="BaseTest.baseTest" name="driverSetup" time="13.030"/>
  <system-out/>
</testsuite> <!-- BaseTest.baseTest -->
