<?xml version="1.0" encoding="UTF-8"?>
<!-- Generated by org.testng.reporters.JUnitReportReporter -->
<testsuite hostname="ankit-gupta" failures="0" tests="2" name="com.AutomatiomTestCases.MenClothing" time="26.804" errors="0" timestamp="2023-08-01T11:12:48 IST" skipped="0">
  <testcase classname="com.AutomatiomTestCases.MenClothing" name="shop_men_hoodie" time="8.515"/>
  <testcase classname="com.AutomatiomTestCases.MenClothing" name="delete_all_cart_items" time="18.289"/>
</testsuite> <!-- com.AutomatiomTestCases.MenClothing -->
